0 RSS 4.41361e-13
0.000570066 RSS 2.70967e-10
0.00287407 RSS 4.41361e-13
0.00287407 PDR 1
0.0028741 ip 10.1.1.1 port 49153
1 RSS 2.70967e-10
1.0023 RSS 4.41361e-13
1.0023 ip 10.1.1.1 port 49153
2 RSS 2.70967e-10
2.0023 RSS 4.41361e-13
2.0023 ip 10.1.1.1 port 49153
3 RSS 2.70967e-10
3.0023 RSS 4.41361e-13
3.0023 ip 10.1.1.1 port 49153
4 RSS 2.70967e-10
4.0023 RSS 4.41361e-13
4.0023 ip 10.1.1.1 port 49153
5 RSS 2.70967e-10
5.0023 RSS 4.41361e-13
5.0023 ip 10.1.1.1 port 49153
6 RSS 2.70967e-10
6.0023 RSS 4.41361e-13
6.0023 ip 10.1.1.1 port 49153
7 RSS 2.70967e-10
7.0023 RSS 4.41361e-13
7.0023 PDR 0.875
7.5023 RSS 4.32885e-09
8 RSS 2.70967e-10
8.0023 RSS 4.41361e-13
8.0023 PDR 0.777778
8.5023 RSS 4.32885e-09
9 RSS 2.70967e-10
9.0023 RSS 4.41361e-13
9.0023 PDR 0.7
9.5023 RSS 4.32885e-09
10 RSS 2.70967e-10
10.0023 RSS 4.41361e-13
10.0023 PDR 0.636364
10.5023 RSS 4.32885e-09
11 RSS 2.70967e-10
11.0023 RSS 4.41361e-13
11.0023 PDR 0.583333
11.5023 RSS 4.32885e-09
12 RSS 2.70967e-10
12.0023 RSS 4.41361e-13
12.0023 PDR 0.538462
12.5023 RSS 4.32885e-09
13 RSS 2.70967e-10
13.0023 RSS 4.41361e-13
13.0023 PDR 0.5
13.5023 RSS 4.32885e-09
14 RSS 2.70967e-10
14.0023 RSS 4.41361e-13
14.0023 PDR 0.466667
14.5023 RSS 4.32885e-09
15 RSS 2.70967e-10
15.0023 RSS 4.41361e-13
15.0023 PDR 0.4375
15.5023 RSS 4.32885e-09
16 RSS 2.70967e-10
16.0023 RSS 4.41361e-13
16.0023 PDR 0.411765
16.5023 RSS 4.32885e-09
17 RSS 2.70967e-10
17.0023 RSS 4.41361e-13
17.0023 PDR 0.388889
17.5023 RSS 4.32885e-09
18 RSS 2.70967e-10
18.0023 RSS 4.41361e-13
18.0023 PDR 0.368421
18.5023 RSS 4.32885e-09
19 RSS 2.70967e-10
19.0023 RSS 4.41361e-13
19.0023 PDR 0.35
19.5023 RSS 4.32885e-09
20 RSS 2.70967e-10
20.0023 RSS 4.41361e-13
20.0023 PDR 0.333333
20.5023 RSS 4.32885e-09
21 RSS 2.70967e-10
21.0023 RSS 4.41361e-13
21.0023 PDR 0.318182
21.5023 RSS 4.32885e-09
22 RSS 2.70967e-10
22.0023 RSS 4.41361e-13
22.0023 PDR 0.304348
22.5023 RSS 4.32885e-09
23 RSS 2.70967e-10
23.0023 RSS 4.41361e-13
23.0023 PDR 0.291667
23.5023 RSS 4.32885e-09
24 RSS 2.70967e-10
24.0023 RSS 4.41361e-13
24.0023 PDR 0.28
24.5023 RSS 4.32885e-09
25 RSS 2.70967e-10
25.0023 RSS 4.41361e-13
25.0023 PDR 0.269231
25.5023 RSS 4.32885e-09
26 RSS 2.70967e-10
26.0023 RSS 4.41361e-13
26.0023 PDR 0.259259
26.5023 RSS 4.32885e-09
27 RSS 2.70967e-10
27.0023 RSS 4.41361e-13
27.0023 PDR 0.25
27.5023 RSS 4.32885e-09
28 RSS 2.70967e-10
28.0023 RSS 4.41361e-13
28.0023 PDR 0.241379
28.5023 RSS 4.32885e-09
29 RSS 2.70967e-10
29.0023 RSS 4.41361e-13
29.0023 PDR 0.233333
29.5023 RSS 4.32885e-09
30 RSS 2.70967e-10
30.0023 RSS 4.41361e-13
30.0023 PDR 0.225806
30.5023 RSS 4.32885e-09
31 RSS 2.70967e-10
31.0023 RSS 4.41361e-13
31.0023 PDR 0.21875
31.5023 RSS 4.32885e-09
32 RSS 2.70967e-10
32.0023 RSS 4.41361e-13
32.0023 PDR 0.212121
32.5023 RSS 4.32885e-09
33 RSS 2.70967e-10
33.0023 RSS 4.41361e-13
33.0023 PDR 0.205882
33.5023 RSS 4.32885e-09
34 RSS 2.70967e-10
34.0023 RSS 4.41361e-13
34.0023 PDR 0.2
34.5023 RSS 4.32885e-09
35 RSS 2.70967e-10
35.0023 RSS 4.41361e-13
35.0023 PDR 0.194444
35.5023 RSS 4.32885e-09
36 RSS 2.70967e-10
36.0023 RSS 4.41361e-13
36.0023 PDR 0.189189
36.5023 RSS 4.32885e-09
37 RSS 2.70967e-10
37.0023 RSS 4.41361e-13
37.0023 PDR 0.184211
37.5023 RSS 4.32885e-09
38 RSS 2.70967e-10
38.0023 RSS 4.41361e-13
38.0023 PDR 0.179487
38.5023 RSS 4.32885e-09
39 RSS 2.70967e-10
39.0023 RSS 4.41361e-13
39.0023 PDR 0.175
39.5023 RSS 4.32885e-09
40 RSS 2.70967e-10
40.0023 RSS 4.41361e-13
40.0023 PDR 0.15
40.5023 RSS 4.32885e-09
41 RSS 2.70967e-10
41.0023 RSS 4.41361e-13
41.0023 PDR 0.125
41.5023 RSS 4.32885e-09
42 RSS 2.70967e-10
42.0023 RSS 4.41361e-13
42.0023 PDR 0.1
42.5023 RSS 4.32885e-09
43 RSS 2.70967e-10
43.0023 RSS 4.41361e-13
43.0023 PDR 0.075
43.5023 RSS 4.32885e-09
44 RSS 2.70967e-10
44.0023 RSS 4.41361e-13
44.0023 PDR 0.05
44.5023 RSS 4.32885e-09
45 RSS 2.70967e-10
45.0023 RSS 4.41361e-13
45.0023 PDR 0.025
45.5023 RSS 4.32885e-09
46 RSS 2.70967e-10
46.0023 RSS 4.41361e-13
46.0023 PDR 0
46.5023 RSS 4.32885e-09
47 RSS 2.70967e-10
47.0023 RSS 4.41361e-13
47.5023 RSS 4.32885e-09
48 RSS 2.70967e-10
48.0023 RSS 4.41361e-13
48.5023 RSS 4.32885e-09
49 RSS 2.70967e-10
49.0023 RSS 4.41361e-13
49.5023 RSS 4.32885e-09
50 RSS 2.70967e-10
50.0023 RSS 4.41361e-13
50.5023 RSS 4.32885e-09
51 RSS 2.70967e-10
51.0023 RSS 4.41361e-13
51.5023 RSS 4.32885e-09
52 RSS 2.70967e-10
52.0023 RSS 4.41361e-13
52.5023 RSS 4.32885e-09
53 RSS 2.70967e-10
53.0023 RSS 4.41361e-13
53.5023 RSS 4.32885e-09
54 RSS 2.70967e-10
54.0023 RSS 4.41361e-13
54.5023 RSS 4.32885e-09
55 RSS 2.70967e-10
55.0023 RSS 4.41361e-13
55.5023 RSS 4.32885e-09
56 RSS 2.70967e-10
56.0023 RSS 4.41361e-13
56.5023 RSS 4.32885e-09
57 RSS 2.70967e-10
57.0023 RSS 4.41361e-13
57.5023 RSS 4.32885e-09
58 RSS 2.70967e-10
58.0023 RSS 4.41361e-13
58.5023 RSS 4.32885e-09
59 RSS 2.70967e-10
59.0023 RSS 4.41361e-13
59.5023 RSS 4.32885e-09
