0 RSS 4.41361e-13
0.000570336 RSS 1.10492e-11
0.00287434 RSS 4.45868e-13
0.00287434 PRSS 1.10529e-11
--
Received one packet! Socket: 10.1.1.1 port: 49153 at time = 0.00287434
--
0.102874 RSS 4.41361e-13
1.2 RSS 1.10492e-11
1.2023 RSS 4.45868e-13
--
Received one packet! Socket: 10.1.1.1 port: 49153 at time = 1.2023
--
1.3023 RSS 4.41361e-13
2.3 RSS 1.10492e-11
2.3023 RSS 4.45868e-13
--
Received one packet! Socket: 10.1.1.1 port: 49153 at time = 2.3023
--
2.4023 RSS 4.41361e-13
3.2 RSS 1.10492e-11
3.2023 RSS 4.45868e-13
--
Received one packet! Socket: 10.1.1.1 port: 49153 at time = 3.2023
--
3.3023 RSS 4.41361e-13
4.5 RSS 1.10492e-11
4.5023 RSS 4.45868e-13
--
Received one packet! Socket: 10.1.1.1 port: 49153 at time = 4.5023
--
4.6023 RSS 4.41361e-13
5.3 RSS 1.10492e-11
5.3023 RSS 4.45868e-13
--
Received one packet! Socket: 10.1.1.1 port: 49153 at time = 5.3023
--
5.4023 RSS 4.41361e-13
6.2 RSS 1.10492e-11
6.2023 RSS 4.45868e-13
--
Received one packet! Socket: 10.1.1.1 port: 49153 at time = 6.2023
--
6.3023 RSS 4.41361e-13
7 RSS 1.10492e-11
7.0023 RSS 4.45868e-13
--
Received one packet! Socket: 10.1.1.1 port: 49153 at time = 7.0023
--
7.1023 RSS 4.41361e-13
7.7 RSS 1.10492e-11
7.7023 RSS 4.45868e-13
--
Received one packet! Socket: 10.1.1.1 port: 49153 at time = 7.7023
--
7.8023 RSS 4.41361e-13
8.2 RSS 1.10492e-11
8.2023 RSS 4.45868e-13
--
Received one packet! Socket: 10.1.1.1 port: 49153 at time = 8.2023
--
8.3023 RSS 4.41361e-13
9 RSS 1.10492e-11
9.0023 RSS 4.45868e-13
--
Received one packet! Socket: 10.1.1.1 port: 49153 at time = 9.0023
--
9.1023 RSS 4.41361e-13
9.6 RSS 1.10492e-11
9.6023 RSS 4.45868e-13
--
Received one packet! Socket: 10.1.1.1 port: 49153 at time = 9.6023
--
9.7023 RSS 4.41361e-13
11 RSS 1.10492e-11
11.0023 RSS 4.45868e-13
--
Received one packet! Socket: 10.1.1.1 port: 49153 at time = 11.0023
--
11.1023 RSS 4.41361e-13
12.3 RSS 1.10492e-11
12.3023 RSS 4.45868e-13
--
Received one packet! Socket: 10.1.1.1 port: 49153 at time = 12.3023
--
12.4023 RSS 4.41361e-13
13.7 RSS 1.10492e-11
13.7023 RSS 4.45868e-13
--
Received one packet! Socket: 10.1.1.1 port: 49153 at time = 13.7023
--
13.8023 RSS 4.41361e-13
14.2 RSS 1.10492e-11
14.2023 RSS 4.45868e-13
--
Received one packet! Socket: 10.1.1.1 port: 49153 at time = 14.2023
--
14.3023 RSS 4.41361e-13
15.5 RSS 1.10492e-11
15.5023 RSS 4.45868e-13
--
Received one packet! Socket: 10.1.1.1 port: 49153 at time = 15.5023
--
15.6023 RSS 4.41361e-13
16.5 RSS 1.10492e-11
16.5023 RSS 4.45868e-13
--
Received one packet! Socket: 10.1.1.1 port: 49153 at time = 16.5023
--
16.6023 RSS 4.41361e-13
17.5 RSS 1.10492e-11
17.5023 RSS 4.45868e-13
--
Received one packet! Socket: 10.1.1.1 port: 49153 at time = 17.5023
--
17.6023 RSS 4.41361e-13
18.2 RSS 1.10492e-11
18.2023 RSS 4.45868e-13
--
Received one packet! Socket: 10.1.1.1 port: 49153 at time = 18.2023
--
18.3023 RSS 4.41361e-13
18.8 RSS 1.10492e-11
18.8023 RSS 4.45868e-13
--
Received one packet! Socket: 10.1.1.1 port: 49153 at time = 18.8023
--
18.9023 RSS 4.41361e-13
20 RSS 1.10492e-11
20.0023 RSS 4.45868e-13
--
Received one packet! Socket: 10.1.1.1 port: 49153 at time = 20.0023
--
20.1023 RSS 4.41361e-13
21.4 RSS 1.10492e-11
21.4023 RSS 4.45868e-13
--
Received one packet! Socket: 10.1.1.1 port: 49153 at time = 21.4023
--
21.5023 RSS 4.41361e-13
22.1 RSS 1.10492e-11
22.1023 RSS 4.45868e-13
--
Received one packet! Socket: 10.1.1.1 port: 49153 at time = 22.1023
--
22.2023 RSS 4.41361e-13
23 RSS 1.10492e-11
23.0023 RSS 4.45868e-13
--
Received one packet! Socket: 10.1.1.1 port: 49153 at time = 23.0023
--
23.1023 RSS 4.41361e-13
24.4 RSS 1.10492e-11
24.4023 RSS 4.45868e-13
--
Received one packet! Socket: 10.1.1.1 port: 49153 at time = 24.4023
--
24.5023 RSS 4.41361e-13
25.6 RSS 1.10492e-11
25.6023 RSS 4.45868e-13
--
Received one packet! Socket: 10.1.1.1 port: 49153 at time = 25.6023
--
25.7023 RSS 4.41361e-13
27 RSS 1.10492e-11
27.0023 RSS 4.45868e-13
--
Received one packet! Socket: 10.1.1.1 port: 49153 at time = 27.0023
--
27.1023 RSS 4.41361e-13
27.6 RSS 1.10492e-11
27.6023 RSS 4.45868e-13
--
Received one packet! Socket: 10.1.1.1 port: 49153 at time = 27.6023
--
27.7023 RSS 4.41361e-13
28.2 RSS 1.10492e-11
28.2023 RSS 4.45868e-13
--
Received one packet! Socket: 10.1.1.1 port: 49153 at time = 28.2023
--
28.3023 RSS 4.41361e-13
29.7 RSS 1.10492e-11
29.7023 RSS 4.45868e-13
--
Received one packet! Socket: 10.1.1.1 port: 49153 at time = 29.7023
--
29.8023 RSS 4.41361e-13
31.2 RSS 1.10492e-11
31.2023 RSS 4.45868e-13
--
Received one packet! Socket: 10.1.1.1 port: 49153 at time = 31.2023
--
31.3023 RSS 4.41361e-13
32.5 RSS 1.10492e-11
32.5023 RSS 4.45868e-13
--
Received one packet! Socket: 10.1.1.1 port: 49153 at time = 32.5023
--
32.6023 RSS 4.41361e-13
33.3 RSS 1.10492e-11
33.3023 RSS 4.45868e-13
--
Received one packet! Socket: 10.1.1.1 port: 49153 at time = 33.3023
--
33.4023 RSS 4.41361e-13
33.9 RSS 1.10492e-11
33.9023 RSS 4.45868e-13
--
Received one packet! Socket: 10.1.1.1 port: 49153 at time = 33.9023
--
34.0023 RSS 4.41361e-13
34.9 RSS 1.10492e-11
34.9023 RSS 4.45868e-13
--
Received one packet! Socket: 10.1.1.1 port: 49153 at time = 34.9023
--
35.0023 RSS 4.41361e-13
36 RSS 1.10492e-11
36.0023 RSS 4.45868e-13
--
Received one packet! Socket: 10.1.1.1 port: 49153 at time = 36.0023
--
36.1023 RSS 4.41361e-13
36.8 RSS 1.10492e-11
36.8023 RSS 4.45868e-13
--
Received one packet! Socket: 10.1.1.1 port: 49153 at time = 36.8023
--
36.9023 RSS 4.41361e-13
37.9 RSS 1.10492e-11
37.9023 RSS 4.45868e-13
--
Received one packet! Socket: 10.1.1.1 port: 49153 at time = 37.9023
--
38.0023 RSS 4.41361e-13
39.2 RSS 1.10492e-11
39.2023 RSS 4.45868e-13
--
Received one packet! Socket: 10.1.1.1 port: 49153 at time = 39.2023
--
39.3023 RSS 4.41361e-13
39.8 RSS 1.10492e-11
39.8023 RSS 4.45868e-13
--
Received one packet! Socket: 10.1.1.1 port: 49153 at time = 39.8023
--
39.9023 RSS 4.41361e-13
41.1 RSS 1.10492e-11
41.1023 RSS 4.45868e-13
--
Received one packet! Socket: 10.1.1.1 port: 49153 at time = 41.1023
--
41.2023 RSS 4.41361e-13
42.6 RSS 1.10492e-11
42.6023 RSS 4.45868e-13
--
Received one packet! Socket: 10.1.1.1 port: 49153 at time = 42.6023
--
42.7023 RSS 4.41361e-13
43.1 RSS 1.10492e-11
43.1023 RSS 4.45868e-13
--
Received one packet! Socket: 10.1.1.1 port: 49153 at time = 43.1023
--
43.2023 RSS 4.41361e-13
44.1 RSS 1.10492e-11
44.1023 RSS 4.45868e-13
--
Received one packet! Socket: 10.1.1.1 port: 49153 at time = 44.1023
--
44.2023 RSS 4.41361e-13
45.2 RSS 1.10492e-11
45.2023 RSS 4.45868e-13
--
Received one packet! Socket: 10.1.1.1 port: 49153 at time = 45.2023
--
45.3023 RSS 4.41361e-13
45.7 RSS 1.10492e-11
45.7023 RSS 4.45868e-13
--
Received one packet! Socket: 10.1.1.1 port: 49153 at time = 45.7023
--
45.8023 RSS 4.41361e-13
46.5 RSS 1.10492e-11
46.5023 RSS 4.45868e-13
--
Received one packet! Socket: 10.1.1.1 port: 49153 at time = 46.5023
--
46.6023 RSS 4.41361e-13
48 RSS 1.10492e-11
48.0023 RSS 4.45868e-13
--
Received one packet! Socket: 10.1.1.1 port: 49153 at time = 48.0023
--
48.1023 RSS 4.41361e-13
49 RSS 1.10492e-11
49.0023 RSS 4.45868e-13
--
Received one packet! Socket: 10.1.1.1 port: 49153 at time = 49.0023
--
49.1023 RSS 4.41361e-13
49.8 RSS 1.10492e-11
49.8023 RSS 4.45868e-13
--
Received one packet! Socket: 10.1.1.1 port: 49153 at time = 49.8023
--
49.9023 RSS 4.41361e-13
51.2 RSS 1.10492e-11
51.2023 RSS 4.45868e-13
--
Received one packet! Socket: 10.1.1.1 port: 49153 at time = 51.2023
--
51.3023 RSS 4.41361e-13
52.7 RSS 1.10492e-11
52.7023 RSS 4.45868e-13
--
Received one packet! Socket: 10.1.1.1 port: 49153 at time = 52.7023
--
52.8023 RSS 4.41361e-13
53.3 RSS 1.10492e-11
53.3023 RSS 4.45868e-13
--
Received one packet! Socket: 10.1.1.1 port: 49153 at time = 53.3023
--
53.4023 RSS 4.41361e-13
54.7 RSS 1.10492e-11
54.7023 RSS 4.45868e-13
--
Received one packet! Socket: 10.1.1.1 port: 49153 at time = 54.7023
--
54.8023 RSS 4.41361e-13
55.5 RSS 1.10492e-11
55.5023 RSS 4.45868e-13
--
Received one packet! Socket: 10.1.1.1 port: 49153 at time = 55.5023
--
55.6023 RSS 4.41361e-13
57 RSS 1.10492e-11
57.0023 RSS 4.45868e-13
--
Received one packet! Socket: 10.1.1.1 port: 49153 at time = 57.0023
--
57.1023 RSS 4.41361e-13
58.1 RSS 1.10492e-11
58.1023 RSS 4.45868e-13
--
Received one packet! Socket: 10.1.1.1 port: 49153 at time = 58.1023
--
58.2023 RSS 4.41361e-13
59.6 RSS 1.10492e-11
59.6023 RSS 4.45868e-13
--
Received one packet! Socket: 10.1.1.1 port: 49153 at time = 59.6023
--
59.7023 RSS 4.41361e-13
Actual PDR = 1
Actual RSS = 1.10492e-11
Actual Average Packet RSS = 1.10529e-11
