0 RSS 4.41361e-13
0.000572669 RSS 6.10018e-13
0.00287667 RSS 4.47496e-13
0.00287667 PRSS 6.15062e-13
--
Received one packet! Socket: 10.1.1.1 port: 49153 at time = 0.00287667
--
0.102877 RSS 4.41361e-13
1.1 RSS 6.10018e-13
1.10231 RSS 4.47496e-13
1.20231 RSS 4.41361e-13
2.5 RSS 6.10018e-13
2.50231 RSS 4.47496e-13
--
Received one packet! Socket: 10.1.1.1 port: 49153 at time = 2.50231
--
2.60231 RSS 4.41361e-13
3.8 RSS 6.10018e-13
3.80231 RSS 4.47496e-13
--
Received one packet! Socket: 10.1.1.1 port: 49153 at time = 3.80231
--
3.90231 RSS 4.41361e-13
5.1 RSS 6.10018e-13
5.10231 RSS 4.47496e-13
5.20231 RSS 4.41361e-13
5.7 RSS 6.10018e-13
5.70231 RSS 4.47496e-13
--
Received one packet! Socket: 10.1.1.1 port: 49153 at time = 5.70231
--
5.80231 RSS 4.41361e-13
6.4 RSS 6.10018e-13
6.40231 RSS 4.47496e-13
--
Received one packet! Socket: 10.1.1.1 port: 49153 at time = 6.40231
--
6.50231 RSS 4.41361e-13
7.1 RSS 6.10018e-13
7.10231 RSS 4.47496e-13
7.20231 RSS 4.41361e-13
8.5 RSS 6.10018e-13
8.50231 RSS 4.47496e-13
--
Received one packet! Socket: 10.1.1.1 port: 49153 at time = 8.50231
--
8.60231 RSS 4.41361e-13
9.9 RSS 6.10018e-13
9.90231 RSS 4.47496e-13
--
Received one packet! Socket: 10.1.1.1 port: 49153 at time = 9.90231
--
10.0023 RSS 4.41361e-13
10.8 RSS 6.10018e-13
10.8023 RSS 4.47496e-13
--
Received one packet! Socket: 10.1.1.1 port: 49153 at time = 10.8023
--
10.9023 RSS 4.41361e-13
12.3 RSS 6.10018e-13
12.3023 RSS 4.47496e-13
--
Received one packet! Socket: 10.1.1.1 port: 49153 at time = 12.3023
--
12.4023 RSS 4.41361e-13
13.6 RSS 6.10018e-13
13.6023 RSS 4.47496e-13
--
Received one packet! Socket: 10.1.1.1 port: 49153 at time = 13.6023
--
13.7023 RSS 4.41361e-13
14.9 RSS 6.10018e-13
14.9023 RSS 4.47496e-13
--
Received one packet! Socket: 10.1.1.1 port: 49153 at time = 14.9023
--
15.0023 RSS 4.41361e-13
16.4 RSS 6.10018e-13
16.4023 RSS 4.47496e-13
--
Received one packet! Socket: 10.1.1.1 port: 49153 at time = 16.4023
--
16.5023 RSS 4.41361e-13
17.3 RSS 6.10018e-13
17.3023 RSS 4.47496e-13
--
Received one packet! Socket: 10.1.1.1 port: 49153 at time = 17.3023
--
17.4023 RSS 4.41361e-13
18.1 RSS 6.10018e-13
18.1023 RSS 4.47496e-13
--
Received one packet! Socket: 10.1.1.1 port: 49153 at time = 18.1023
--
18.2023 RSS 4.41361e-13
18.8 RSS 6.10018e-13
18.8023 RSS 4.47496e-13
--
Received one packet! Socket: 10.1.1.1 port: 49153 at time = 18.8023
--
18.9023 RSS 4.41361e-13
20.3 RSS 6.10018e-13
20.3023 RSS 4.47496e-13
--
Received one packet! Socket: 10.1.1.1 port: 49153 at time = 20.3023
--
20.4023 RSS 4.41361e-13
20.9 RSS 6.10018e-13
20.9023 RSS 4.47496e-13
21.0023 RSS 4.41361e-13
22.2 RSS 6.10018e-13
22.2023 RSS 4.47496e-13
--
Received one packet! Socket: 10.1.1.1 port: 49153 at time = 22.2023
--
22.3023 RSS 4.41361e-13
23.1 RSS 6.10018e-13
23.1023 RSS 4.47496e-13
23.2023 RSS 4.41361e-13
24 RSS 6.10018e-13
24.0023 RSS 4.47496e-13
--
Received one packet! Socket: 10.1.1.1 port: 49153 at time = 24.0023
--
24.1023 RSS 4.41361e-13
24.8 RSS 6.10018e-13
24.8023 RSS 4.47496e-13
24.9023 RSS 4.41361e-13
26.1 RSS 6.10018e-13
26.1023 RSS 4.47496e-13
--
Received one packet! Socket: 10.1.1.1 port: 49153 at time = 26.1023
--
26.2023 RSS 4.41361e-13
27.2 RSS 6.10018e-13
27.2023 RSS 4.47496e-13
--
Received one packet! Socket: 10.1.1.1 port: 49153 at time = 27.2023
--
27.3023 RSS 4.41361e-13
27.8 RSS 6.10018e-13
27.8023 RSS 4.47496e-13
--
Received one packet! Socket: 10.1.1.1 port: 49153 at time = 27.8023
--
27.9023 RSS 4.41361e-13
28.9 RSS 6.10018e-13
28.9023 RSS 4.47496e-13
--
Received one packet! Socket: 10.1.1.1 port: 49153 at time = 28.9023
--
29.0023 RSS 4.41361e-13
29.4 RSS 6.10018e-13
29.4023 RSS 4.47496e-13
29.5023 RSS 4.41361e-13
30.2 RSS 6.10018e-13
30.2023 RSS 4.47496e-13
--
Received one packet! Socket: 10.1.1.1 port: 49153 at time = 30.2023
--
30.3023 RSS 4.41361e-13
31.5 RSS 6.10018e-13
31.5023 RSS 4.47496e-13
31.6023 RSS 4.41361e-13
32.6 RSS 6.10018e-13
32.6023 RSS 4.47496e-13
--
Received one packet! Socket: 10.1.1.1 port: 49153 at time = 32.6023
--
32.7023 RSS 4.41361e-13
34.1 RSS 6.10018e-13
34.1023 RSS 4.47496e-13
--
Received one packet! Socket: 10.1.1.1 port: 49153 at time = 34.1023
--
34.2023 RSS 4.41361e-13
35.3 RSS 6.10018e-13
35.3023 RSS 4.47496e-13
--
Received one packet! Socket: 10.1.1.1 port: 49153 at time = 35.3023
--
35.4023 RSS 4.41361e-13
36.1 RSS 6.10018e-13
36.1023 RSS 4.47496e-13
--
Received one packet! Socket: 10.1.1.1 port: 49153 at time = 36.1023
--
36.2023 RSS 4.41361e-13
37.1 RSS 6.10018e-13
37.1023 RSS 4.47496e-13
--
Received one packet! Socket: 10.1.1.1 port: 49153 at time = 37.1023
--
37.2023 RSS 4.41361e-13
38.4 RSS 6.10018e-13
38.4023 RSS 4.47496e-13
--
Received one packet! Socket: 10.1.1.1 port: 49153 at time = 38.4023
--
38.5023 RSS 4.41361e-13
39.2 RSS 6.10018e-13
39.2023 RSS 4.47496e-13
39.3023 RSS 4.41361e-13
40.4 RSS 6.10018e-13
40.4023 RSS 4.47496e-13
--
Received one packet! Socket: 10.1.1.1 port: 49153 at time = 40.4023
--
40.5023 RSS 4.41361e-13
41.3 RSS 6.10018e-13
41.3023 RSS 4.47496e-13
--
Received one packet! Socket: 10.1.1.1 port: 49153 at time = 41.3023
--
41.4023 RSS 4.41361e-13
41.9 RSS 6.10018e-13
41.9023 RSS 4.47496e-13
--
Received one packet! Socket: 10.1.1.1 port: 49153 at time = 41.9023
--
42.0023 RSS 4.41361e-13
43.4 RSS 6.10018e-13
43.4023 RSS 4.47496e-13
--
Received one packet! Socket: 10.1.1.1 port: 49153 at time = 43.4023
--
43.5023 RSS 4.41361e-13
44.1 RSS 6.10018e-13
44.1023 RSS 4.47496e-13
--
Received one packet! Socket: 10.1.1.1 port: 49153 at time = 44.1023
--
44.2023 RSS 4.41361e-13
45.4 RSS 6.10018e-13
45.4023 RSS 4.47496e-13
--
Received one packet! Socket: 10.1.1.1 port: 49153 at time = 45.4023
--
45.5023 RSS 4.41361e-13
46.4 RSS 6.10018e-13
46.4023 RSS 4.47496e-13
--
Received one packet! Socket: 10.1.1.1 port: 49153 at time = 46.4023
--
46.5023 RSS 4.41361e-13
47 RSS 6.10018e-13
47.0023 RSS 4.47496e-13
--
Received one packet! Socket: 10.1.1.1 port: 49153 at time = 47.0023
--
47.1023 RSS 4.41361e-13
48.5 RSS 6.10018e-13
48.5023 RSS 4.47496e-13
--
Received one packet! Socket: 10.1.1.1 port: 49153 at time = 48.5023
--
48.6023 RSS 4.41361e-13
49.8 RSS 6.10018e-13
49.8023 RSS 4.47496e-13
--
Received one packet! Socket: 10.1.1.1 port: 49153 at time = 49.8023
--
49.9023 RSS 4.41361e-13
50.7 RSS 6.10018e-13
50.7023 RSS 4.47496e-13
--
Received one packet! Socket: 10.1.1.1 port: 49153 at time = 50.7023
--
50.8023 RSS 4.41361e-13
52.1 RSS 6.10018e-13
52.1023 RSS 4.47496e-13
--
Received one packet! Socket: 10.1.1.1 port: 49153 at time = 52.1023
--
52.2023 RSS 4.41361e-13
53.6 RSS 6.10018e-13
53.6023 RSS 4.47496e-13
--
Received one packet! Socket: 10.1.1.1 port: 49153 at time = 53.6023
--
53.7023 RSS 4.41361e-13
55.1 RSS 6.10018e-13
55.1023 RSS 4.47496e-13
55.2023 RSS 4.41361e-13
55.7 RSS 6.10018e-13
55.7023 RSS 4.47496e-13
--
Received one packet! Socket: 10.1.1.1 port: 49153 at time = 55.7023
--
55.8023 RSS 4.41361e-13
56.3 RSS 6.10018e-13
56.3023 RSS 4.47496e-13
56.4023 RSS 4.41361e-13
57.1 RSS 6.10018e-13
57.1023 RSS 4.47496e-13
--
Received one packet! Socket: 10.1.1.1 port: 49153 at time = 57.1023
--
57.2023 RSS 4.41361e-13
58.5 RSS 6.10018e-13
58.5023 RSS 4.47496e-13
--
Received one packet! Socket: 10.1.1.1 port: 49153 at time = 58.5023
--
58.6023 RSS 4.41361e-13
59.7 RSS 6.10018e-13
59.7023 RSS 4.47496e-13
59.8023 RSS 4.41361e-13
Actual PDR = 0.775
Actual RSS = 6.10018e-13
Actual Average Packet RSS = 6.15062e-13
