0 RSS 4.41361e-13
0.000571336 RSS 1.11431e-12
0.00287534 RSS 4.46475e-13
0.00287534 PRSS 1.1185e-12
--
Received one packet! Socket: 10.1.1.1 port: 49153 at time = 0.00287534
--
0.102875 RSS 4.41361e-13
1.1 RSS 1.11431e-12
1.10231 RSS 4.46475e-13
--
Received one packet! Socket: 10.1.1.1 port: 49153 at time = 1.10231
--
1.20231 RSS 4.41361e-13
2.4 RSS 1.11431e-12
2.40231 RSS 4.46475e-13
--
Received one packet! Socket: 10.1.1.1 port: 49153 at time = 2.40231
--
2.50231 RSS 4.41361e-13
3.6 RSS 1.11431e-12
3.60231 RSS 4.46475e-13
--
Received one packet! Socket: 10.1.1.1 port: 49153 at time = 3.60231
--
3.70231 RSS 4.41361e-13
4.8 RSS 1.11431e-12
4.80231 RSS 4.46475e-13
--
Received one packet! Socket: 10.1.1.1 port: 49153 at time = 4.80231
--
4.90231 RSS 4.41361e-13
5.8 RSS 1.11431e-12
5.80231 RSS 4.46475e-13
--
Received one packet! Socket: 10.1.1.1 port: 49153 at time = 5.80231
--
5.90231 RSS 4.41361e-13
6.3 RSS 1.11431e-12
6.30231 RSS 4.46475e-13
--
Received one packet! Socket: 10.1.1.1 port: 49153 at time = 6.30231
--
6.40231 RSS 4.41361e-13
6.8 RSS 1.11431e-12
6.80231 RSS 4.46475e-13
--
Received one packet! Socket: 10.1.1.1 port: 49153 at time = 6.80231
--
6.90231 RSS 4.41361e-13
8.2 RSS 1.11431e-12
8.20231 RSS 4.46475e-13
--
Received one packet! Socket: 10.1.1.1 port: 49153 at time = 8.20231
--
8.30231 RSS 4.41361e-13
9.4 RSS 1.11431e-12
9.40231 RSS 4.46475e-13
--
Received one packet! Socket: 10.1.1.1 port: 49153 at time = 9.40231
--
9.50231 RSS 4.41361e-13
9.9 RSS 1.11431e-12
9.90231 RSS 4.46475e-13
--
Received one packet! Socket: 10.1.1.1 port: 49153 at time = 9.90231
--
10.0023 RSS 4.41361e-13
10.4 RSS 1.11431e-12
10.4023 RSS 4.46475e-13
--
Received one packet! Socket: 10.1.1.1 port: 49153 at time = 10.4023
--
10.5023 RSS 4.41361e-13
11 RSS 1.11431e-12
11.0023 RSS 4.46475e-13
--
Received one packet! Socket: 10.1.1.1 port: 49153 at time = 11.0023
--
11.1023 RSS 4.41361e-13
11.7 RSS 1.11431e-12
11.7023 RSS 4.46475e-13
--
Received one packet! Socket: 10.1.1.1 port: 49153 at time = 11.7023
--
11.8023 RSS 4.41361e-13
12.8 RSS 1.11431e-12
12.8023 RSS 4.46475e-13
--
Received one packet! Socket: 10.1.1.1 port: 49153 at time = 12.8023
--
12.9023 RSS 4.41361e-13
13.7 RSS 1.11431e-12
13.7023 RSS 4.46475e-13
--
Received one packet! Socket: 10.1.1.1 port: 49153 at time = 13.7023
--
13.8023 RSS 4.41361e-13
14.4 RSS 1.11431e-12
14.4023 RSS 4.46475e-13
--
Received one packet! Socket: 10.1.1.1 port: 49153 at time = 14.4023
--
14.5023 RSS 4.41361e-13
14.9 RSS 1.11431e-12
14.9023 RSS 4.46475e-13
--
Received one packet! Socket: 10.1.1.1 port: 49153 at time = 14.9023
--
15.0023 RSS 4.41361e-13
16.2 RSS 1.11431e-12
16.2023 RSS 4.46475e-13
--
Received one packet! Socket: 10.1.1.1 port: 49153 at time = 16.2023
--
16.3023 RSS 4.41361e-13
17.6 RSS 1.11431e-12
17.6023 RSS 4.46475e-13
--
Received one packet! Socket: 10.1.1.1 port: 49153 at time = 17.6023
--
17.7023 RSS 4.41361e-13
18.6 RSS 1.11431e-12
18.6023 RSS 4.46475e-13
--
Received one packet! Socket: 10.1.1.1 port: 49153 at time = 18.6023
--
18.7023 RSS 4.41361e-13
19.2 RSS 1.11431e-12
19.2023 RSS 4.46475e-13
--
Received one packet! Socket: 10.1.1.1 port: 49153 at time = 19.2023
--
19.3023 RSS 4.41361e-13
20.3 RSS 1.11431e-12
20.3023 RSS 4.46475e-13
--
Received one packet! Socket: 10.1.1.1 port: 49153 at time = 20.3023
--
20.4023 RSS 4.41361e-13
21.4 RSS 1.11431e-12
21.4023 RSS 4.46475e-13
--
Received one packet! Socket: 10.1.1.1 port: 49153 at time = 21.4023
--
21.5023 RSS 4.41361e-13
22.6 RSS 1.11431e-12
22.6023 RSS 4.46475e-13
--
Received one packet! Socket: 10.1.1.1 port: 49153 at time = 22.6023
--
22.7023 RSS 4.41361e-13
23.5 RSS 1.11431e-12
23.5023 RSS 4.46475e-13
--
Received one packet! Socket: 10.1.1.1 port: 49153 at time = 23.5023
--
23.6023 RSS 4.41361e-13
24.1 RSS 1.11431e-12
24.1023 RSS 4.46475e-13
--
Received one packet! Socket: 10.1.1.1 port: 49153 at time = 24.1023
--
24.2023 RSS 4.41361e-13
24.6 RSS 1.11431e-12
24.6023 RSS 4.46475e-13
--
Received one packet! Socket: 10.1.1.1 port: 49153 at time = 24.6023
--
24.7023 RSS 4.41361e-13
25.5 RSS 1.11431e-12
25.5023 RSS 4.46475e-13
--
Received one packet! Socket: 10.1.1.1 port: 49153 at time = 25.5023
--
25.6023 RSS 4.41361e-13
26.6 RSS 1.11431e-12
26.6023 RSS 4.46475e-13
--
Received one packet! Socket: 10.1.1.1 port: 49153 at time = 26.6023
--
26.7023 RSS 4.41361e-13
27.7 RSS 1.11431e-12
27.7023 RSS 4.46475e-13
--
Received one packet! Socket: 10.1.1.1 port: 49153 at time = 27.7023
--
27.8023 RSS 4.41361e-13
28.5 RSS 1.11431e-12
28.5023 RSS 4.46475e-13
--
Received one packet! Socket: 10.1.1.1 port: 49153 at time = 28.5023
--
28.6023 RSS 4.41361e-13
29.1 RSS 1.11431e-12
29.1023 RSS 4.46475e-13
--
Received one packet! Socket: 10.1.1.1 port: 49153 at time = 29.1023
--
29.2023 RSS 4.41361e-13
29.7 RSS 1.11431e-12
29.7023 RSS 4.46475e-13
--
Received one packet! Socket: 10.1.1.1 port: 49153 at time = 29.7023
--
29.8023 RSS 4.41361e-13
31 RSS 1.11431e-12
31.0023 RSS 4.46475e-13
--
Received one packet! Socket: 10.1.1.1 port: 49153 at time = 31.0023
--
31.1023 RSS 4.41361e-13
32.1 RSS 1.11431e-12
32.1023 RSS 4.46475e-13
--
Received one packet! Socket: 10.1.1.1 port: 49153 at time = 32.1023
--
32.2023 RSS 4.41361e-13
33.3 RSS 1.11431e-12
33.3023 RSS 4.46475e-13
--
Received one packet! Socket: 10.1.1.1 port: 49153 at time = 33.3023
--
33.4023 RSS 4.41361e-13
34.6 RSS 1.11431e-12
34.6023 RSS 4.46475e-13
--
Received one packet! Socket: 10.1.1.1 port: 49153 at time = 34.6023
--
34.7023 RSS 4.41361e-13
35.8 RSS 1.11431e-12
35.8023 RSS 4.46475e-13
--
Received one packet! Socket: 10.1.1.1 port: 49153 at time = 35.8023
--
35.9023 RSS 4.41361e-13
36.6 RSS 1.11431e-12
36.6023 RSS 4.46475e-13
--
Received one packet! Socket: 10.1.1.1 port: 49153 at time = 36.6023
--
36.7023 RSS 4.41361e-13
37.4 RSS 1.11431e-12
37.4023 RSS 4.46475e-13
--
Received one packet! Socket: 10.1.1.1 port: 49153 at time = 37.4023
--
37.5023 RSS 4.41361e-13
38.6 RSS 1.11431e-12
38.6023 RSS 4.46475e-13
--
Received one packet! Socket: 10.1.1.1 port: 49153 at time = 38.6023
--
38.7023 RSS 4.41361e-13
39.2 RSS 1.11431e-12
39.2023 RSS 4.46475e-13
--
Received one packet! Socket: 10.1.1.1 port: 49153 at time = 39.2023
--
39.3023 RSS 4.41361e-13
40.1 RSS 1.11431e-12
40.1023 RSS 4.46475e-13
--
Received one packet! Socket: 10.1.1.1 port: 49153 at time = 40.1023
--
40.2023 RSS 4.41361e-13
41.3 RSS 1.11431e-12
41.3023 RSS 4.46475e-13
--
Received one packet! Socket: 10.1.1.1 port: 49153 at time = 41.3023
--
41.4023 RSS 4.41361e-13
42.4 RSS 1.11431e-12
42.4023 RSS 4.46475e-13
--
Received one packet! Socket: 10.1.1.1 port: 49153 at time = 42.4023
--
42.5023 RSS 4.41361e-13
43.5 RSS 1.11431e-12
43.5023 RSS 4.46475e-13
--
Received one packet! Socket: 10.1.1.1 port: 49153 at time = 43.5023
--
43.6023 RSS 4.41361e-13
45 RSS 1.11431e-12
45.0023 RSS 4.46475e-13
--
Received one packet! Socket: 10.1.1.1 port: 49153 at time = 45.0023
--
45.1023 RSS 4.41361e-13
46.1 RSS 1.11431e-12
46.1023 RSS 4.46475e-13
--
Received one packet! Socket: 10.1.1.1 port: 49153 at time = 46.1023
--
46.2023 RSS 4.41361e-13
46.9 RSS 1.11431e-12
46.9023 RSS 4.46475e-13
--
Received one packet! Socket: 10.1.1.1 port: 49153 at time = 46.9023
--
47.0023 RSS 4.41361e-13
48 RSS 1.11431e-12
48.0023 RSS 4.46475e-13
--
Received one packet! Socket: 10.1.1.1 port: 49153 at time = 48.0023
--
48.1023 RSS 4.41361e-13
48.5 RSS 1.11431e-12
48.5023 RSS 4.46475e-13
--
Received one packet! Socket: 10.1.1.1 port: 49153 at time = 48.5023
--
48.6023 RSS 4.41361e-13
49.2 RSS 1.11431e-12
49.2023 RSS 4.46475e-13
--
Received one packet! Socket: 10.1.1.1 port: 49153 at time = 49.2023
--
49.3023 RSS 4.41361e-13
50.7 RSS 1.11431e-12
50.7023 RSS 4.46475e-13
--
Received one packet! Socket: 10.1.1.1 port: 49153 at time = 50.7023
--
50.8023 RSS 4.41361e-13
51.8 RSS 1.11431e-12
51.8023 RSS 4.46475e-13
--
Received one packet! Socket: 10.1.1.1 port: 49153 at time = 51.8023
--
51.9023 RSS 4.41361e-13
53 RSS 1.11431e-12
53.0023 RSS 4.46475e-13
--
Received one packet! Socket: 10.1.1.1 port: 49153 at time = 53.0023
--
53.1023 RSS 4.41361e-13
53.8 RSS 1.11431e-12
53.8023 RSS 4.46475e-13
--
Received one packet! Socket: 10.1.1.1 port: 49153 at time = 53.8023
--
53.9023 RSS 4.41361e-13
54.8 RSS 1.11431e-12
54.8023 RSS 4.46475e-13
--
Received one packet! Socket: 10.1.1.1 port: 49153 at time = 54.8023
--
54.9023 RSS 4.41361e-13
56 RSS 1.11431e-12
56.0023 RSS 4.46475e-13
--
Received one packet! Socket: 10.1.1.1 port: 49153 at time = 56.0023
--
56.1023 RSS 4.41361e-13
57.2 RSS 1.11431e-12
57.2023 RSS 4.46475e-13
--
Received one packet! Socket: 10.1.1.1 port: 49153 at time = 57.2023
--
57.3023 RSS 4.41361e-13
57.8 RSS 1.11431e-12
57.8023 RSS 4.46475e-13
--
Received one packet! Socket: 10.1.1.1 port: 49153 at time = 57.8023
--
57.9023 RSS 4.41361e-13
58.4 RSS 1.11431e-12
58.4023 RSS 4.46475e-13
--
Received one packet! Socket: 10.1.1.1 port: 49153 at time = 58.4023
--
58.5023 RSS 4.41361e-13
59.7 RSS 1.11431e-12
59.7023 RSS 4.46475e-13
--
Received one packet! Socket: 10.1.1.1 port: 49153 at time = 59.7023
--
59.8023 RSS 4.41361e-13
Actual PDR = 1
Actual RSS = 1.11431e-12
Actual Average Packet RSS = 1.1185e-12
