0 RSS 4.41361e-13
0.000572003 RSS 7.40946e-13
0.002876 RSS 4.46951e-13
0.002876 PRSS 7.45538e-13
--
Received one packet! Socket: 10.1.1.1 port: 49153 at time = 0.002876
--
0.102876 RSS 4.41361e-13
1.2 RSS 7.40946e-13
1.20231 RSS 4.46951e-13
--
Received one packet! Socket: 10.1.1.1 port: 49153 at time = 1.20231
--
1.30231 RSS 4.41361e-13
2.3 RSS 7.40946e-13
2.30231 RSS 4.46951e-13
--
Received one packet! Socket: 10.1.1.1 port: 49153 at time = 2.30231
--
2.40231 RSS 4.41361e-13
2.8 RSS 7.40946e-13
2.80231 RSS 4.46951e-13
--
Received one packet! Socket: 10.1.1.1 port: 49153 at time = 2.80231
--
2.90231 RSS 4.41361e-13
4 RSS 7.40946e-13
4.00231 RSS 4.46951e-13
--
Received one packet! Socket: 10.1.1.1 port: 49153 at time = 4.00231
--
4.10231 RSS 4.41361e-13
4.6 RSS 7.40946e-13
4.60231 RSS 4.46951e-13
--
Received one packet! Socket: 10.1.1.1 port: 49153 at time = 4.60231
--
4.70231 RSS 4.41361e-13
5.1 RSS 7.40946e-13
5.10231 RSS 4.46951e-13
--
Received one packet! Socket: 10.1.1.1 port: 49153 at time = 5.10231
--
5.20231 RSS 4.41361e-13
6.2 RSS 7.40946e-13
6.20231 RSS 4.46951e-13
--
Received one packet! Socket: 10.1.1.1 port: 49153 at time = 6.20231
--
6.30231 RSS 4.41361e-13
6.7 RSS 7.40946e-13
6.70231 RSS 4.46951e-13
--
Received one packet! Socket: 10.1.1.1 port: 49153 at time = 6.70231
--
6.80231 RSS 4.41361e-13
7.9 RSS 7.40946e-13
7.90231 RSS 4.46951e-13
--
Received one packet! Socket: 10.1.1.1 port: 49153 at time = 7.90231
--
8.00231 RSS 4.41361e-13
9.4 RSS 7.40946e-13
9.40231 RSS 4.46951e-13
--
Received one packet! Socket: 10.1.1.1 port: 49153 at time = 9.40231
--
9.50231 RSS 4.41361e-13
10.1 RSS 7.40946e-13
10.1023 RSS 4.46951e-13
--
Received one packet! Socket: 10.1.1.1 port: 49153 at time = 10.1023
--
10.2023 RSS 4.41361e-13
10.8 RSS 7.40946e-13
10.8023 RSS 4.46951e-13
--
Received one packet! Socket: 10.1.1.1 port: 49153 at time = 10.8023
--
10.9023 RSS 4.41361e-13
12.1 RSS 7.40946e-13
12.1023 RSS 4.46951e-13
--
Received one packet! Socket: 10.1.1.1 port: 49153 at time = 12.1023
--
12.2023 RSS 4.41361e-13
13.4 RSS 7.40946e-13
13.4023 RSS 4.46951e-13
--
Received one packet! Socket: 10.1.1.1 port: 49153 at time = 13.4023
--
13.5023 RSS 4.41361e-13
14.7 RSS 7.40946e-13
14.7023 RSS 4.46951e-13
--
Received one packet! Socket: 10.1.1.1 port: 49153 at time = 14.7023
--
14.8023 RSS 4.41361e-13
15.8 RSS 7.40946e-13
15.8023 RSS 4.46951e-13
--
Received one packet! Socket: 10.1.1.1 port: 49153 at time = 15.8023
--
15.9023 RSS 4.41361e-13
17 RSS 7.40946e-13
17.0023 RSS 4.46951e-13
--
Received one packet! Socket: 10.1.1.1 port: 49153 at time = 17.0023
--
17.1023 RSS 4.41361e-13
18.4 RSS 7.40946e-13
18.4023 RSS 4.46951e-13
--
Received one packet! Socket: 10.1.1.1 port: 49153 at time = 18.4023
--
18.5023 RSS 4.41361e-13
19.7 RSS 7.40946e-13
19.7023 RSS 4.46951e-13
--
Received one packet! Socket: 10.1.1.1 port: 49153 at time = 19.7023
--
19.8023 RSS 4.41361e-13
20.6 RSS 7.40946e-13
20.6023 RSS 4.46951e-13
--
Received one packet! Socket: 10.1.1.1 port: 49153 at time = 20.6023
--
20.7023 RSS 4.41361e-13
21.5 RSS 7.40946e-13
21.5023 RSS 4.46951e-13
--
Received one packet! Socket: 10.1.1.1 port: 49153 at time = 21.5023
--
21.6023 RSS 4.41361e-13
22.3 RSS 7.40946e-13
22.3023 RSS 4.46951e-13
--
Received one packet! Socket: 10.1.1.1 port: 49153 at time = 22.3023
--
22.4023 RSS 4.41361e-13
23 RSS 7.40946e-13
23.0023 RSS 4.46951e-13
--
Received one packet! Socket: 10.1.1.1 port: 49153 at time = 23.0023
--
23.1023 RSS 4.41361e-13
24.1 RSS 7.40946e-13
24.1023 RSS 4.46951e-13
--
Received one packet! Socket: 10.1.1.1 port: 49153 at time = 24.1023
--
24.2023 RSS 4.41361e-13
25.3 RSS 7.40946e-13
25.3023 RSS 4.46951e-13
--
Received one packet! Socket: 10.1.1.1 port: 49153 at time = 25.3023
--
25.4023 RSS 4.41361e-13
26.7 RSS 7.40946e-13
26.7023 RSS 4.46951e-13
--
Received one packet! Socket: 10.1.1.1 port: 49153 at time = 26.7023
--
26.8023 RSS 4.41361e-13
28 RSS 7.40946e-13
28.0023 RSS 4.46951e-13
--
Received one packet! Socket: 10.1.1.1 port: 49153 at time = 28.0023
--
28.1023 RSS 4.41361e-13
29.2 RSS 7.40946e-13
29.2023 RSS 4.46951e-13
--
Received one packet! Socket: 10.1.1.1 port: 49153 at time = 29.2023
--
29.3023 RSS 4.41361e-13
30.1 RSS 7.40946e-13
30.1023 RSS 4.46951e-13
--
Received one packet! Socket: 10.1.1.1 port: 49153 at time = 30.1023
--
30.2023 RSS 4.41361e-13
31.5 RSS 7.40946e-13
31.5023 RSS 4.46951e-13
--
Received one packet! Socket: 10.1.1.1 port: 49153 at time = 31.5023
--
31.6023 RSS 4.41361e-13
32.2 RSS 7.40946e-13
32.2023 RSS 4.46951e-13
--
Received one packet! Socket: 10.1.1.1 port: 49153 at time = 32.2023
--
32.3023 RSS 4.41361e-13
32.7 RSS 7.40946e-13
32.7023 RSS 4.46951e-13
--
Received one packet! Socket: 10.1.1.1 port: 49153 at time = 32.7023
--
32.8023 RSS 4.41361e-13
33.4 RSS 7.40946e-13
33.4023 RSS 4.46951e-13
--
Received one packet! Socket: 10.1.1.1 port: 49153 at time = 33.4023
--
33.5023 RSS 4.41361e-13
33.9 RSS 7.40946e-13
33.9023 RSS 4.46951e-13
--
Received one packet! Socket: 10.1.1.1 port: 49153 at time = 33.9023
--
34.0023 RSS 4.41361e-13
34.9 RSS 7.40946e-13
34.9023 RSS 4.46951e-13
--
Received one packet! Socket: 10.1.1.1 port: 49153 at time = 34.9023
--
35.0023 RSS 4.41361e-13
35.5 RSS 7.40946e-13
35.5023 RSS 4.46951e-13
--
Received one packet! Socket: 10.1.1.1 port: 49153 at time = 35.5023
--
35.6023 RSS 4.41361e-13
36.1 RSS 7.40946e-13
36.1023 RSS 4.46951e-13
--
Received one packet! Socket: 10.1.1.1 port: 49153 at time = 36.1023
--
36.2023 RSS 4.41361e-13
37.5 RSS 7.40946e-13
37.5023 RSS 4.46951e-13
--
Received one packet! Socket: 10.1.1.1 port: 49153 at time = 37.5023
--
37.6023 RSS 4.41361e-13
38.2 RSS 7.40946e-13
38.2023 RSS 4.46951e-13
--
Received one packet! Socket: 10.1.1.1 port: 49153 at time = 38.2023
--
38.3023 RSS 4.41361e-13
39.5 RSS 7.40946e-13
39.5023 RSS 4.46951e-13
--
Received one packet! Socket: 10.1.1.1 port: 49153 at time = 39.5023
--
39.6023 RSS 4.41361e-13
40.6 RSS 7.40946e-13
40.6023 RSS 4.46951e-13
--
Received one packet! Socket: 10.1.1.1 port: 49153 at time = 40.6023
--
40.7023 RSS 4.41361e-13
41.3 RSS 7.40946e-13
41.3023 RSS 4.46951e-13
--
Received one packet! Socket: 10.1.1.1 port: 49153 at time = 41.3023
--
41.4023 RSS 4.41361e-13
42.6 RSS 7.40946e-13
42.6023 RSS 4.46951e-13
--
Received one packet! Socket: 10.1.1.1 port: 49153 at time = 42.6023
--
42.7023 RSS 4.41361e-13
43.5 RSS 7.40946e-13
43.5023 RSS 4.46951e-13
--
Received one packet! Socket: 10.1.1.1 port: 49153 at time = 43.5023
--
43.6023 RSS 4.41361e-13
44 RSS 7.40946e-13
44.0023 RSS 4.46951e-13
--
Received one packet! Socket: 10.1.1.1 port: 49153 at time = 44.0023
--
44.1023 RSS 4.41361e-13
44.8 RSS 7.40946e-13
44.8023 RSS 4.46951e-13
--
Received one packet! Socket: 10.1.1.1 port: 49153 at time = 44.8023
--
44.9023 RSS 4.41361e-13
46.3 RSS 7.40946e-13
46.3023 RSS 4.46951e-13
--
Received one packet! Socket: 10.1.1.1 port: 49153 at time = 46.3023
--
46.4023 RSS 4.41361e-13
47.3 RSS 7.40946e-13
47.3023 RSS 4.46951e-13
--
Received one packet! Socket: 10.1.1.1 port: 49153 at time = 47.3023
--
47.4023 RSS 4.41361e-13
48 RSS 7.40946e-13
48.0023 RSS 4.46951e-13
--
Received one packet! Socket: 10.1.1.1 port: 49153 at time = 48.0023
--
48.1023 RSS 4.41361e-13
49 RSS 7.40946e-13
49.0023 RSS 4.46951e-13
--
Received one packet! Socket: 10.1.1.1 port: 49153 at time = 49.0023
--
49.1023 RSS 4.41361e-13
50.4 RSS 7.40946e-13
50.4023 RSS 4.46951e-13
--
Received one packet! Socket: 10.1.1.1 port: 49153 at time = 50.4023
--
50.5023 RSS 4.41361e-13
51.3 RSS 7.40946e-13
51.3023 RSS 4.46951e-13
--
Received one packet! Socket: 10.1.1.1 port: 49153 at time = 51.3023
--
51.4023 RSS 4.41361e-13
52.5 RSS 7.40946e-13
52.5023 RSS 4.46951e-13
--
Received one packet! Socket: 10.1.1.1 port: 49153 at time = 52.5023
--
52.6023 RSS 4.41361e-13
54 RSS 7.40946e-13
54.0023 RSS 4.46951e-13
--
Received one packet! Socket: 10.1.1.1 port: 49153 at time = 54.0023
--
54.1023 RSS 4.41361e-13
55.3 RSS 7.40946e-13
55.3023 RSS 4.46951e-13
--
Received one packet! Socket: 10.1.1.1 port: 49153 at time = 55.3023
--
55.4023 RSS 4.41361e-13
55.9 RSS 7.40946e-13
55.9023 RSS 4.46951e-13
--
Received one packet! Socket: 10.1.1.1 port: 49153 at time = 55.9023
--
56.0023 RSS 4.41361e-13
57.2 RSS 7.40946e-13
57.2023 RSS 4.46951e-13
--
Received one packet! Socket: 10.1.1.1 port: 49153 at time = 57.2023
--
57.3023 RSS 4.41361e-13
58.2 RSS 7.40946e-13
58.2023 RSS 4.46951e-13
--
Received one packet! Socket: 10.1.1.1 port: 49153 at time = 58.2023
--
58.3023 RSS 4.41361e-13
59.3 RSS 7.40946e-13
59.3023 RSS 4.46951e-13
--
Received one packet! Socket: 10.1.1.1 port: 49153 at time = 59.3023
--
59.4023 RSS 4.41361e-13
59.9 RSS 7.40946e-13
59.9023 RSS 4.46951e-13
--
Received one packet! Socket: 10.1.1.1 port: 49153 at time = 59.9023
--
Actual PDR = 1
Actual RSS = 7.40946e-13
Actual Average Packet RSS = 7.45538e-13
