0 RSS 4.41361e-13
0.000570669 RSS 3.11977e-12
0.00287467 RSS 4.46058e-13
0.00287467 PRSS 3.12362e-12
--
Received one packet! Socket: 10.1.1.1 port: 49153 at time = 0.00287467
--
0.102875 RSS 4.41361e-13
0.700001 RSS 3.11977e-12
0.702305 RSS 4.46058e-13
--
Received one packet! Socket: 10.1.1.1 port: 49153 at time = 0.702305
--
0.802305 RSS 4.41361e-13
1.9 RSS 3.11977e-12
1.9023 RSS 4.46058e-13
--
Received one packet! Socket: 10.1.1.1 port: 49153 at time = 1.9023
--
2.0023 RSS 4.41361e-13
3.2 RSS 3.11977e-12
3.2023 RSS 4.46058e-13
--
Received one packet! Socket: 10.1.1.1 port: 49153 at time = 3.2023
--
3.3023 RSS 4.41361e-13
4.3 RSS 3.11977e-12
4.3023 RSS 4.46058e-13
--
Received one packet! Socket: 10.1.1.1 port: 49153 at time = 4.3023
--
4.4023 RSS 4.41361e-13
5 RSS 3.11977e-12
5.0023 RSS 4.46058e-13
--
Received one packet! Socket: 10.1.1.1 port: 49153 at time = 5.0023
--
5.1023 RSS 4.41361e-13
6.3 RSS 3.11977e-12
6.3023 RSS 4.46058e-13
--
Received one packet! Socket: 10.1.1.1 port: 49153 at time = 6.3023
--
6.4023 RSS 4.41361e-13
7.3 RSS 3.11977e-12
7.3023 RSS 4.46058e-13
--
Received one packet! Socket: 10.1.1.1 port: 49153 at time = 7.3023
--
7.4023 RSS 4.41361e-13
8.7 RSS 3.11977e-12
8.7023 RSS 4.46058e-13
--
Received one packet! Socket: 10.1.1.1 port: 49153 at time = 8.7023
--
8.8023 RSS 4.41361e-13
10.1 RSS 3.11977e-12
10.1023 RSS 4.46058e-13
--
Received one packet! Socket: 10.1.1.1 port: 49153 at time = 10.1023
--
10.2023 RSS 4.41361e-13
11.3 RSS 3.11977e-12
11.3023 RSS 4.46058e-13
--
Received one packet! Socket: 10.1.1.1 port: 49153 at time = 11.3023
--
11.4023 RSS 4.41361e-13
12.2 RSS 3.11977e-12
12.2023 RSS 4.46058e-13
--
Received one packet! Socket: 10.1.1.1 port: 49153 at time = 12.2023
--
12.3023 RSS 4.41361e-13
13.1 RSS 3.11977e-12
13.1023 RSS 4.46058e-13
--
Received one packet! Socket: 10.1.1.1 port: 49153 at time = 13.1023
--
13.2023 RSS 4.41361e-13
14.6 RSS 3.11977e-12
14.6023 RSS 4.46058e-13
--
Received one packet! Socket: 10.1.1.1 port: 49153 at time = 14.6023
--
14.7023 RSS 4.41361e-13
16 RSS 3.11977e-12
16.0023 RSS 4.46058e-13
--
Received one packet! Socket: 10.1.1.1 port: 49153 at time = 16.0023
--
16.1023 RSS 4.41361e-13
16.8 RSS 3.11977e-12
16.8023 RSS 4.46058e-13
--
Received one packet! Socket: 10.1.1.1 port: 49153 at time = 16.8023
--
16.9023 RSS 4.41361e-13
17.3 RSS 3.11977e-12
17.3023 RSS 4.46058e-13
--
Received one packet! Socket: 10.1.1.1 port: 49153 at time = 17.3023
--
17.4023 RSS 4.41361e-13
18.8 RSS 3.11977e-12
18.8023 RSS 4.46058e-13
--
Received one packet! Socket: 10.1.1.1 port: 49153 at time = 18.8023
--
18.9023 RSS 4.41361e-13
19.8 RSS 3.11977e-12
19.8023 RSS 4.46058e-13
--
Received one packet! Socket: 10.1.1.1 port: 49153 at time = 19.8023
--
19.9023 RSS 4.41361e-13
21.2 RSS 3.11977e-12
21.2023 RSS 4.46058e-13
--
Received one packet! Socket: 10.1.1.1 port: 49153 at time = 21.2023
--
21.3023 RSS 4.41361e-13
21.8 RSS 3.11977e-12
21.8023 RSS 4.46058e-13
--
Received one packet! Socket: 10.1.1.1 port: 49153 at time = 21.8023
--
21.9023 RSS 4.41361e-13
23.2 RSS 3.11977e-12
23.2023 RSS 4.46058e-13
--
Received one packet! Socket: 10.1.1.1 port: 49153 at time = 23.2023
--
23.3023 RSS 4.41361e-13
23.7 RSS 3.11977e-12
23.7023 RSS 4.46058e-13
--
Received one packet! Socket: 10.1.1.1 port: 49153 at time = 23.7023
--
23.8023 RSS 4.41361e-13
24.2 RSS 3.11977e-12
24.2023 RSS 4.46058e-13
--
Received one packet! Socket: 10.1.1.1 port: 49153 at time = 24.2023
--
24.3023 RSS 4.41361e-13
24.7 RSS 3.11977e-12
24.7023 RSS 4.46058e-13
--
Received one packet! Socket: 10.1.1.1 port: 49153 at time = 24.7023
--
24.8023 RSS 4.41361e-13
25.3 RSS 3.11977e-12
25.3023 RSS 4.46058e-13
--
Received one packet! Socket: 10.1.1.1 port: 49153 at time = 25.3023
--
25.4023 RSS 4.41361e-13
26.2 RSS 3.11977e-12
26.2023 RSS 4.46058e-13
--
Received one packet! Socket: 10.1.1.1 port: 49153 at time = 26.2023
--
26.3023 RSS 4.41361e-13
27.4 RSS 3.11977e-12
27.4023 RSS 4.46058e-13
--
Received one packet! Socket: 10.1.1.1 port: 49153 at time = 27.4023
--
27.5023 RSS 4.41361e-13
28.7 RSS 3.11977e-12
28.7023 RSS 4.46058e-13
--
Received one packet! Socket: 10.1.1.1 port: 49153 at time = 28.7023
--
28.8023 RSS 4.41361e-13
29.3 RSS 3.11977e-12
29.3023 RSS 4.46058e-13
--
Received one packet! Socket: 10.1.1.1 port: 49153 at time = 29.3023
--
29.4023 RSS 4.41361e-13
30 RSS 3.11977e-12
30.0023 RSS 4.46058e-13
--
Received one packet! Socket: 10.1.1.1 port: 49153 at time = 30.0023
--
30.1023 RSS 4.41361e-13
31 RSS 3.11977e-12
31.0023 RSS 4.46058e-13
--
Received one packet! Socket: 10.1.1.1 port: 49153 at time = 31.0023
--
31.1023 RSS 4.41361e-13
31.8 RSS 3.11977e-12
31.8023 RSS 4.46058e-13
--
Received one packet! Socket: 10.1.1.1 port: 49153 at time = 31.8023
--
31.9023 RSS 4.41361e-13
33.3 RSS 3.11977e-12
33.3023 RSS 4.46058e-13
--
Received one packet! Socket: 10.1.1.1 port: 49153 at time = 33.3023
--
33.4023 RSS 4.41361e-13
34 RSS 3.11977e-12
34.0023 RSS 4.46058e-13
--
Received one packet! Socket: 10.1.1.1 port: 49153 at time = 34.0023
--
34.1023 RSS 4.41361e-13
35.2 RSS 3.11977e-12
35.2023 RSS 4.46058e-13
--
Received one packet! Socket: 10.1.1.1 port: 49153 at time = 35.2023
--
35.3023 RSS 4.41361e-13
36.7 RSS 3.11977e-12
36.7023 RSS 4.46058e-13
--
Received one packet! Socket: 10.1.1.1 port: 49153 at time = 36.7023
--
36.8023 RSS 4.41361e-13
38 RSS 3.11977e-12
38.0023 RSS 4.46058e-13
--
Received one packet! Socket: 10.1.1.1 port: 49153 at time = 38.0023
--
38.1023 RSS 4.41361e-13
38.6 RSS 3.11977e-12
38.6023 RSS 4.46058e-13
--
Received one packet! Socket: 10.1.1.1 port: 49153 at time = 38.6023
--
38.7023 RSS 4.41361e-13
39.9 RSS 3.11977e-12
39.9023 RSS 4.46058e-13
--
Received one packet! Socket: 10.1.1.1 port: 49153 at time = 39.9023
--
40.0023 RSS 4.41361e-13
41.1 RSS 3.11977e-12
41.1023 RSS 4.46058e-13
--
Received one packet! Socket: 10.1.1.1 port: 49153 at time = 41.1023
--
41.2023 RSS 4.41361e-13
42.2 RSS 3.11977e-12
42.2023 RSS 4.46058e-13
--
Received one packet! Socket: 10.1.1.1 port: 49153 at time = 42.2023
--
42.3023 RSS 4.41361e-13
43.7 RSS 3.11977e-12
43.7023 RSS 4.46058e-13
--
Received one packet! Socket: 10.1.1.1 port: 49153 at time = 43.7023
--
43.8023 RSS 4.41361e-13
45.1 RSS 3.11977e-12
45.1023 RSS 4.46058e-13
--
Received one packet! Socket: 10.1.1.1 port: 49153 at time = 45.1023
--
45.2023 RSS 4.41361e-13
46.2 RSS 3.11977e-12
46.2023 RSS 4.46058e-13
--
Received one packet! Socket: 10.1.1.1 port: 49153 at time = 46.2023
--
46.3023 RSS 4.41361e-13
47.5 RSS 3.11977e-12
47.5023 RSS 4.46058e-13
--
Received one packet! Socket: 10.1.1.1 port: 49153 at time = 47.5023
--
47.6023 RSS 4.41361e-13
48.2 RSS 3.11977e-12
48.2023 RSS 4.46058e-13
--
Received one packet! Socket: 10.1.1.1 port: 49153 at time = 48.2023
--
48.3023 RSS 4.41361e-13
49.3 RSS 3.11977e-12
49.3023 RSS 4.46058e-13
--
Received one packet! Socket: 10.1.1.1 port: 49153 at time = 49.3023
--
49.4023 RSS 4.41361e-13
50.4 RSS 3.11977e-12
50.4023 RSS 4.46058e-13
--
Received one packet! Socket: 10.1.1.1 port: 49153 at time = 50.4023
--
50.5023 RSS 4.41361e-13
51.6 RSS 3.11977e-12
51.6023 RSS 4.46058e-13
--
Received one packet! Socket: 10.1.1.1 port: 49153 at time = 51.6023
--
51.7023 RSS 4.41361e-13
52.3 RSS 3.11977e-12
52.3023 RSS 4.46058e-13
--
Received one packet! Socket: 10.1.1.1 port: 49153 at time = 52.3023
--
52.4023 RSS 4.41361e-13
53.5 RSS 3.11977e-12
53.5023 RSS 4.46058e-13
--
Received one packet! Socket: 10.1.1.1 port: 49153 at time = 53.5023
--
53.6023 RSS 4.41361e-13
54.4 RSS 3.11977e-12
54.4023 RSS 4.46058e-13
--
Received one packet! Socket: 10.1.1.1 port: 49153 at time = 54.4023
--
54.5023 RSS 4.41361e-13
55.1 RSS 3.11977e-12
55.1023 RSS 4.46058e-13
--
Received one packet! Socket: 10.1.1.1 port: 49153 at time = 55.1023
--
55.2023 RSS 4.41361e-13
56.3 RSS 3.11977e-12
56.3023 RSS 4.46058e-13
--
Received one packet! Socket: 10.1.1.1 port: 49153 at time = 56.3023
--
56.4023 RSS 4.41361e-13
57.2 RSS 3.11977e-12
57.2023 RSS 4.46058e-13
--
Received one packet! Socket: 10.1.1.1 port: 49153 at time = 57.2023
--
57.3023 RSS 4.41361e-13
58 RSS 3.11977e-12
58.0023 RSS 4.46058e-13
--
Received one packet! Socket: 10.1.1.1 port: 49153 at time = 58.0023
--
58.1023 RSS 4.41361e-13
59.4 RSS 3.11977e-12
59.4023 RSS 4.46058e-13
--
Received one packet! Socket: 10.1.1.1 port: 49153 at time = 59.4023
--
59.5023 RSS 4.41361e-13
Actual PDR = 1
Actual RSS = 3.11977e-12
Actual Average Packet RSS = 3.12362e-12
