0 RSS 4.41361e-13
0.000574336 RSS 5.05293e-13
0.00287834 RSS 4.49266e-13
0.00287834 PRSS 5.11804e-13
0.102878 RSS 4.41361e-13
1.5 RSS 5.05293e-13
1.50231 RSS 4.49266e-13
1.60231 RSS 4.41361e-13
2.4 RSS 5.05293e-13
2.40231 RSS 4.49266e-13
2.50231 RSS 4.41361e-13
3.1 RSS 5.05293e-13
3.10231 RSS 4.49266e-13
3.20231 RSS 4.41361e-13
4.6 RSS 5.05293e-13
4.60231 RSS 4.49266e-13
4.70231 RSS 4.41361e-13
5.9 RSS 5.05293e-13
5.90231 RSS 4.49266e-13
6.00231 RSS 4.41361e-13
7.2 RSS 5.05293e-13
7.20231 RSS 4.49266e-13
7.30231 RSS 4.41361e-13
8.3 RSS 5.05293e-13
8.30231 RSS 4.49266e-13
8.40231 RSS 4.41361e-13
8.8 RSS 5.05293e-13
8.80231 RSS 4.49266e-13
8.90231 RSS 4.41361e-13
10.1 RSS 5.05293e-13
10.1023 RSS 4.49266e-13
10.2023 RSS 4.41361e-13
11.1 RSS 5.05293e-13
11.1023 RSS 4.49266e-13
11.2023 RSS 4.41361e-13
11.7 RSS 5.05293e-13
11.7023 RSS 4.49266e-13
11.8023 RSS 4.41361e-13
12.5 RSS 5.05293e-13
12.5023 RSS 4.49266e-13
12.6023 RSS 4.41361e-13
13.4 RSS 5.05293e-13
13.4023 RSS 4.49266e-13
13.5023 RSS 4.41361e-13
14.8 RSS 5.05293e-13
14.8023 RSS 4.49266e-13
14.9023 RSS 4.41361e-13
15.8 RSS 5.05293e-13
15.8023 RSS 4.49266e-13
15.9023 RSS 4.41361e-13
17.1 RSS 5.05293e-13
17.1023 RSS 4.49266e-13
17.2023 RSS 4.41361e-13
18 RSS 5.05293e-13
18.0023 RSS 4.49266e-13
18.1023 RSS 4.41361e-13
18.9 RSS 5.05293e-13
18.9023 RSS 4.49266e-13
19.0023 RSS 4.41361e-13
19.5 RSS 5.05293e-13
19.5023 RSS 4.49266e-13
19.6023 RSS 4.41361e-13
20.8 RSS 5.05293e-13
20.8023 RSS 4.49266e-13
20.9023 RSS 4.41361e-13
22.3 RSS 5.05293e-13
22.3023 RSS 4.49266e-13
22.4023 RSS 4.41361e-13
23.4 RSS 5.05293e-13
23.4023 RSS 4.49266e-13
23.5023 RSS 4.41361e-13
24.4 RSS 5.05293e-13
24.4023 RSS 4.49266e-13
24.5023 RSS 4.41361e-13
25.6 RSS 5.05293e-13
25.6023 RSS 4.49266e-13
25.7023 RSS 4.41361e-13
26.6 RSS 5.05293e-13
26.6023 RSS 4.49266e-13
26.7023 RSS 4.41361e-13
28 RSS 5.05293e-13
28.0023 RSS 4.49266e-13
28.1023 RSS 4.41361e-13
29.1 RSS 5.05293e-13
29.1023 RSS 4.49266e-13
29.2023 RSS 4.41361e-13
30.2 RSS 5.05293e-13
30.2023 RSS 4.49266e-13
30.3023 RSS 4.41361e-13
30.9 RSS 5.05293e-13
30.9023 RSS 4.49266e-13
31.0023 RSS 4.41361e-13
32 RSS 5.05293e-13
32.0023 RSS 4.49266e-13
32.1023 RSS 4.41361e-13
33.5 RSS 5.05293e-13
33.5023 RSS 4.49266e-13
33.6023 RSS 4.41361e-13
35 RSS 5.05293e-13
35.0023 RSS 4.49266e-13
35.1023 RSS 4.41361e-13
36.5 RSS 5.05293e-13
36.5023 RSS 4.49266e-13
36.6023 RSS 4.41361e-13
38 RSS 5.05293e-13
38.0023 RSS 4.49266e-13
38.1023 RSS 4.41361e-13
39.5 RSS 5.05293e-13
39.5023 RSS 4.49266e-13
39.6023 RSS 4.41361e-13
40.5 RSS 5.05293e-13
40.5023 RSS 4.49266e-13
40.6023 RSS 4.41361e-13
41.7 RSS 5.05293e-13
41.7023 RSS 4.49266e-13
41.8023 RSS 4.41361e-13
42.5 RSS 5.05293e-13
42.5023 RSS 4.49266e-13
42.6023 RSS 4.41361e-13
43.5 RSS 5.05293e-13
43.5023 RSS 4.49266e-13
43.6023 RSS 4.41361e-13
44.5 RSS 5.05293e-13
44.5023 RSS 4.49266e-13
44.6023 RSS 4.41361e-13
45.7 RSS 5.05293e-13
45.7023 RSS 4.49266e-13
45.8023 RSS 4.41361e-13
46.9 RSS 5.05293e-13
46.9023 RSS 4.49266e-13
47.0023 RSS 4.41361e-13
48 RSS 5.05293e-13
48.0023 RSS 4.49266e-13
48.1023 RSS 4.41361e-13
48.5 RSS 5.05293e-13
48.5023 RSS 4.49266e-13
48.6023 RSS 4.41361e-13
49.3 RSS 5.05293e-13
49.3023 RSS 4.49266e-13
49.4023 RSS 4.41361e-13
49.8 RSS 5.05293e-13
49.8023 RSS 4.49266e-13
49.9023 RSS 4.41361e-13
51.2 RSS 5.05293e-13
51.2023 RSS 4.49266e-13
51.3023 RSS 4.41361e-13
52.2 RSS 5.05293e-13
52.2023 RSS 4.49266e-13
52.3023 RSS 4.41361e-13
53 RSS 5.05293e-13
53.0023 RSS 4.49266e-13
53.1023 RSS 4.41361e-13
54.3 RSS 5.05293e-13
54.3023 RSS 4.49266e-13
54.4023 RSS 4.41361e-13
55 RSS 5.05293e-13
55.0023 RSS 4.49266e-13
55.1023 RSS 4.41361e-13
55.5 RSS 5.05293e-13
55.5023 RSS 4.49266e-13
55.6023 RSS 4.41361e-13
56.1 RSS 5.05293e-13
56.1023 RSS 4.49266e-13
56.2023 RSS 4.41361e-13
57.1 RSS 5.05293e-13
57.1023 RSS 4.49266e-13
57.2023 RSS 4.41361e-13
58.3 RSS 5.05293e-13
58.3023 RSS 4.49266e-13
58.4023 RSS 4.41361e-13
59.5 RSS 5.05293e-13
59.5023 RSS 4.49266e-13
59.6023 RSS 4.41361e-13
Actual PDR = 0
Actual RSS = 5.05293e-13
Actual Average Packet RSS = 5.11804e-13
