0 RSS 4.41361e-13
0.000574669 RSS 4.96492e-13
0.00287867 RSS 4.49711e-13
0.00287867 PRSS 5.03372e-13
0.102879 RSS 4.41361e-13
0.600005 RSS 4.96492e-13
0.602309 RSS 4.49711e-13
0.702309 RSS 4.41361e-13
2.1 RSS 4.96492e-13
2.10231 RSS 4.49711e-13
2.20231 RSS 4.41361e-13
3.3 RSS 4.96492e-13
3.30231 RSS 4.49711e-13
3.40231 RSS 4.41361e-13
3.9 RSS 4.96492e-13
3.90231 RSS 4.49711e-13
4.00231 RSS 4.41361e-13
5.4 RSS 4.96492e-13
5.40231 RSS 4.49711e-13
5.50231 RSS 4.41361e-13
6.9 RSS 4.96492e-13
6.90231 RSS 4.49711e-13
7.00231 RSS 4.41361e-13
7.9 RSS 4.96492e-13
7.90231 RSS 4.49711e-13
8.00231 RSS 4.41361e-13
9.3 RSS 4.96492e-13
9.30231 RSS 4.49711e-13
9.40231 RSS 4.41361e-13
10.8 RSS 4.96492e-13
10.8023 RSS 4.49711e-13
10.9023 RSS 4.41361e-13
11.9 RSS 4.96492e-13
11.9023 RSS 4.49711e-13
12.0023 RSS 4.41361e-13
13.3 RSS 4.96492e-13
13.3023 RSS 4.49711e-13
13.4023 RSS 4.41361e-13
14.8 RSS 4.96492e-13
14.8023 RSS 4.49711e-13
14.9023 RSS 4.41361e-13
15.5 RSS 4.96492e-13
15.5023 RSS 4.49711e-13
15.6023 RSS 4.41361e-13
16.1 RSS 4.96492e-13
16.1023 RSS 4.49711e-13
16.2023 RSS 4.41361e-13
17 RSS 4.96492e-13
17.0023 RSS 4.49711e-13
17.1023 RSS 4.41361e-13
17.5 RSS 4.96492e-13
17.5023 RSS 4.49711e-13
17.6023 RSS 4.41361e-13
18.3 RSS 4.96492e-13
18.3023 RSS 4.49711e-13
18.4023 RSS 4.41361e-13
19.1 RSS 4.96492e-13
19.1023 RSS 4.49711e-13
19.2023 RSS 4.41361e-13
20.5 RSS 4.96492e-13
20.5023 RSS 4.49711e-13
20.6023 RSS 4.41361e-13
21.4 RSS 4.96492e-13
21.4023 RSS 4.49711e-13
21.5023 RSS 4.41361e-13
22.4 RSS 4.96492e-13
22.4023 RSS 4.49711e-13
22.5023 RSS 4.41361e-13
23.3 RSS 4.96492e-13
23.3023 RSS 4.49711e-13
23.4023 RSS 4.41361e-13
23.8 RSS 4.96492e-13
23.8023 RSS 4.49711e-13
23.9023 RSS 4.41361e-13
24.5 RSS 4.96492e-13
24.5023 RSS 4.49711e-13
24.6023 RSS 4.41361e-13
25.5 RSS 4.96492e-13
25.5023 RSS 4.49711e-13
25.6023 RSS 4.41361e-13
26.3 RSS 4.96492e-13
26.3023 RSS 4.49711e-13
26.4023 RSS 4.41361e-13
27.7 RSS 4.96492e-13
27.7023 RSS 4.49711e-13
27.8023 RSS 4.41361e-13
28.4 RSS 4.96492e-13
28.4023 RSS 4.49711e-13
28.5023 RSS 4.41361e-13
29.2 RSS 4.96492e-13
29.2023 RSS 4.49711e-13
29.3023 RSS 4.41361e-13
29.8 RSS 4.96492e-13
29.8023 RSS 4.49711e-13
29.9023 RSS 4.41361e-13
30.7 RSS 4.96492e-13
30.7023 RSS 4.49711e-13
30.8023 RSS 4.41361e-13
31.6 RSS 4.96492e-13
31.6023 RSS 4.49711e-13
31.7023 RSS 4.41361e-13
32.1 RSS 4.96492e-13
32.1023 RSS 4.49711e-13
32.2023 RSS 4.41361e-13
32.6 RSS 4.96492e-13
32.6023 RSS 4.49711e-13
32.7023 RSS 4.41361e-13
33.5 RSS 4.96492e-13
33.5023 RSS 4.49711e-13
33.6023 RSS 4.41361e-13
34.9 RSS 4.96492e-13
34.9023 RSS 4.49711e-13
35.0023 RSS 4.41361e-13
35.4 RSS 4.96492e-13
35.4023 RSS 4.49711e-13
35.5023 RSS 4.41361e-13
36.6 RSS 4.96492e-13
36.6023 RSS 4.49711e-13
36.7023 RSS 4.41361e-13
37.6 RSS 4.96492e-13
37.6023 RSS 4.49711e-13
37.7023 RSS 4.41361e-13
38.9 RSS 4.96492e-13
38.9023 RSS 4.49711e-13
39.0023 RSS 4.41361e-13
39.4 RSS 4.96492e-13
39.4023 RSS 4.49711e-13
39.5023 RSS 4.41361e-13
40.2 RSS 4.96492e-13
40.2023 RSS 4.49711e-13
40.3023 RSS 4.41361e-13
41.2 RSS 4.96492e-13
41.2023 RSS 4.49711e-13
41.3023 RSS 4.41361e-13
41.9 RSS 4.96492e-13
41.9023 RSS 4.49711e-13
42.0023 RSS 4.41361e-13
42.9 RSS 4.96492e-13
42.9023 RSS 4.49711e-13
43.0023 RSS 4.41361e-13
44.4 RSS 4.96492e-13
44.4023 RSS 4.49711e-13
44.5023 RSS 4.41361e-13
45.1 RSS 4.96492e-13
45.1023 RSS 4.49711e-13
45.2023 RSS 4.41361e-13
46.2 RSS 4.96492e-13
46.2023 RSS 4.49711e-13
46.3023 RSS 4.41361e-13
46.7 RSS 4.96492e-13
46.7023 RSS 4.49711e-13
46.8023 RSS 4.41361e-13
47.2 RSS 4.96492e-13
47.2023 RSS 4.49711e-13
47.3023 RSS 4.41361e-13
47.7 RSS 4.96492e-13
47.7023 RSS 4.49711e-13
47.8023 RSS 4.41361e-13
48.5 RSS 4.96492e-13
48.5023 RSS 4.49711e-13
48.6023 RSS 4.41361e-13
49.3 RSS 4.96492e-13
49.3023 RSS 4.49711e-13
49.4023 RSS 4.41361e-13
50.7 RSS 4.96492e-13
50.7023 RSS 4.49711e-13
50.8023 RSS 4.41361e-13
51.7 RSS 4.96492e-13
51.7023 RSS 4.49711e-13
51.8023 RSS 4.41361e-13
53 RSS 4.96492e-13
53.0023 RSS 4.49711e-13
53.1023 RSS 4.41361e-13
53.6 RSS 4.96492e-13
53.6023 RSS 4.49711e-13
53.7023 RSS 4.41361e-13
54.3 RSS 4.96492e-13
54.3023 RSS 4.49711e-13
54.4023 RSS 4.41361e-13
54.8 RSS 4.96492e-13
54.8023 RSS 4.49711e-13
54.9023 RSS 4.41361e-13
55.5 RSS 4.96492e-13
55.5023 RSS 4.49711e-13
55.6023 RSS 4.41361e-13
56.1 RSS 4.96492e-13
56.1023 RSS 4.49711e-13
56.2023 RSS 4.41361e-13
57 RSS 4.96492e-13
57.0023 RSS 4.49711e-13
57.1023 RSS 4.41361e-13
58 RSS 4.96492e-13
58.0023 RSS 4.49711e-13
58.1023 RSS 4.41361e-13
58.6 RSS 4.96492e-13
58.6023 RSS 4.49711e-13
58.7023 RSS 4.41361e-13
59.4 RSS 4.96492e-13
59.4023 RSS 4.49711e-13
59.5023 RSS 4.41361e-13
Actual PDR = 0
Actual RSS = 4.96492e-13
Actual Average Packet RSS = 5.03372e-13
