0 RSS 4.41361e-13
0.000573669 RSS 5.30629e-13
0.00287767 RSS 4.48476e-13
0.00287767 PRSS 5.36485e-13
0.102878 RSS 4.41361e-13
0.700004 RSS 5.30629e-13
0.702308 RSS 4.48476e-13
0.802308 RSS 4.41361e-13
1.7 RSS 5.30629e-13
1.70231 RSS 4.48476e-13
1.80231 RSS 4.41361e-13
2.7 RSS 5.30629e-13
2.70231 RSS 4.48476e-13
2.80231 RSS 4.41361e-13
4.1 RSS 5.30629e-13
4.10231 RSS 4.48476e-13
4.20231 RSS 4.41361e-13
4.9 RSS 5.30629e-13
4.90231 RSS 4.48476e-13
5.00231 RSS 4.41361e-13
5.7 RSS 5.30629e-13
5.70231 RSS 4.48476e-13
5.80231 RSS 4.41361e-13
6.7 RSS 5.30629e-13
6.70231 RSS 4.48476e-13
6.80231 RSS 4.41361e-13
8.2 RSS 5.30629e-13
8.20231 RSS 4.48476e-13
8.30231 RSS 4.41361e-13
9 RSS 5.30629e-13
9.00231 RSS 4.48476e-13
9.10231 RSS 4.41361e-13
10.5 RSS 5.30629e-13
10.5023 RSS 4.48476e-13
10.6023 RSS 4.41361e-13
11 RSS 5.30629e-13
11.0023 RSS 4.48476e-13
11.1023 RSS 4.41361e-13
12.5 RSS 5.30629e-13
12.5023 RSS 4.48476e-13
12.6023 RSS 4.41361e-13
13.7 RSS 5.30629e-13
13.7023 RSS 4.48476e-13
13.8023 RSS 4.41361e-13
14.9 RSS 5.30629e-13
14.9023 RSS 4.48476e-13
15.0023 RSS 4.41361e-13
16.3 RSS 5.30629e-13
16.3023 RSS 4.48476e-13
16.4023 RSS 4.41361e-13
16.8 RSS 5.30629e-13
16.8023 RSS 4.48476e-13
16.9023 RSS 4.41361e-13
18.2 RSS 5.30629e-13
18.2023 RSS 4.48476e-13
18.3023 RSS 4.41361e-13
18.7 RSS 5.30629e-13
18.7023 RSS 4.48476e-13
18.8023 RSS 4.41361e-13
19.4 RSS 5.30629e-13
19.4023 RSS 4.48476e-13
19.5023 RSS 4.41361e-13
20.1 RSS 5.30629e-13
20.1023 RSS 4.48476e-13
20.2023 RSS 4.41361e-13
21.1 RSS 5.30629e-13
21.1023 RSS 4.48476e-13
21.2023 RSS 4.41361e-13
21.6 RSS 5.30629e-13
21.6023 RSS 4.48476e-13
21.7023 RSS 4.41361e-13
22.6 RSS 5.30629e-13
22.6023 RSS 4.48476e-13
22.7023 RSS 4.41361e-13
23.9 RSS 5.30629e-13
23.9023 RSS 4.48476e-13
24.0023 RSS 4.41361e-13
24.6 RSS 5.30629e-13
24.6023 RSS 4.48476e-13
24.7023 RSS 4.41361e-13
25.9 RSS 5.30629e-13
25.9023 RSS 4.48476e-13
26.0023 RSS 4.41361e-13
27 RSS 5.30629e-13
27.0023 RSS 4.48476e-13
27.1023 RSS 4.41361e-13
27.8 RSS 5.30629e-13
27.8023 RSS 4.48476e-13
27.9023 RSS 4.41361e-13
28.7 RSS 5.30629e-13
28.7023 RSS 4.48476e-13
28.8023 RSS 4.41361e-13
29.6 RSS 5.30629e-13
29.6023 RSS 4.48476e-13
29.7023 RSS 4.41361e-13
30.3 RSS 5.30629e-13
30.3023 RSS 4.48476e-13
30.4023 RSS 4.41361e-13
31.4 RSS 5.30629e-13
31.4023 RSS 4.48476e-13
31.5023 RSS 4.41361e-13
32.6 RSS 5.30629e-13
32.6023 RSS 4.48476e-13
32.7023 RSS 4.41361e-13
33.8 RSS 5.30629e-13
33.8023 RSS 4.48476e-13
33.9023 RSS 4.41361e-13
34.8 RSS 5.30629e-13
34.8023 RSS 4.48476e-13
34.9023 RSS 4.41361e-13
36.3 RSS 5.30629e-13
36.3023 RSS 4.48476e-13
36.4023 RSS 4.41361e-13
37.7 RSS 5.30629e-13
37.7023 RSS 4.48476e-13
37.8023 RSS 4.41361e-13
39.2 RSS 5.30629e-13
39.2023 RSS 4.48476e-13
39.3023 RSS 4.41361e-13
40.5 RSS 5.30629e-13
40.5023 RSS 4.48476e-13
40.6023 RSS 4.41361e-13
42 RSS 5.30629e-13
42.0023 RSS 4.48476e-13
42.1023 RSS 4.41361e-13
43.4 RSS 5.30629e-13
43.4023 RSS 4.48476e-13
43.5023 RSS 4.41361e-13
44.5 RSS 5.30629e-13
44.5023 RSS 4.48476e-13
44.6023 RSS 4.41361e-13
45.9 RSS 5.30629e-13
45.9023 RSS 4.48476e-13
46.0023 RSS 4.41361e-13
46.8 RSS 5.30629e-13
46.8023 RSS 4.48476e-13
46.9023 RSS 4.41361e-13
47.5 RSS 5.30629e-13
47.5023 RSS 4.48476e-13
47.6023 RSS 4.41361e-13
48.7 RSS 5.30629e-13
48.7023 RSS 4.48476e-13
48.8023 RSS 4.41361e-13
49.6 RSS 5.30629e-13
49.6023 RSS 4.48476e-13
49.7023 RSS 4.41361e-13
51.1 RSS 5.30629e-13
51.1023 RSS 4.48476e-13
51.2023 RSS 4.41361e-13
52.1 RSS 5.30629e-13
52.1023 RSS 4.48476e-13
52.2023 RSS 4.41361e-13
53 RSS 5.30629e-13
53.0023 RSS 4.48476e-13
53.1023 RSS 4.41361e-13
54.5 RSS 5.30629e-13
54.5023 RSS 4.48476e-13
54.6023 RSS 4.41361e-13
55.8 RSS 5.30629e-13
55.8023 RSS 4.48476e-13
55.9023 RSS 4.41361e-13
56.5 RSS 5.30629e-13
56.5023 RSS 4.48476e-13
56.6023 RSS 4.41361e-13
57.4 RSS 5.30629e-13
57.4023 RSS 4.48476e-13
57.5023 RSS 4.41361e-13
58.2 RSS 5.30629e-13
58.2023 RSS 4.48476e-13
58.3023 RSS 4.41361e-13
59.1 RSS 5.30629e-13
59.1023 RSS 4.48476e-13
59.2023 RSS 4.41361e-13
59.6 RSS 5.30629e-13
59.6023 RSS 4.48476e-13
59.7023 RSS 4.41361e-13
Actual PDR = 0
Actual RSS = 5.30629e-13
Actual Average Packet RSS = 5.36485e-13
