0 RSS 4.41361e-13
0.000573669 RSS 5.30629e-13
0.00287767 RSS 4.48476e-13
0.00287767 PRSS 5.36485e-13
0.102878 RSS 4.41361e-13
1.3 RSS 5.30629e-13
1.30231 RSS 4.48476e-13
1.40231 RSS 4.41361e-13
2.4 RSS 5.30629e-13
2.40231 RSS 4.48476e-13
2.50231 RSS 4.41361e-13
3.3 RSS 5.30629e-13
3.30231 RSS 4.48476e-13
3.40231 RSS 4.41361e-13
4.1 RSS 5.30629e-13
4.10231 RSS 4.48476e-13
4.20231 RSS 4.41361e-13
5.5 RSS 5.30629e-13
5.50231 RSS 4.48476e-13
5.60231 RSS 4.41361e-13
6.5 RSS 5.30629e-13
6.50231 RSS 4.48476e-13
6.60231 RSS 4.41361e-13
7.1 RSS 5.30629e-13
7.10231 RSS 4.48476e-13
7.20231 RSS 4.41361e-13
8.4 RSS 5.30629e-13
8.40231 RSS 4.48476e-13
8.50231 RSS 4.41361e-13
9.2 RSS 5.30629e-13
9.20231 RSS 4.48476e-13
9.30231 RSS 4.41361e-13
10.2 RSS 5.30629e-13
10.2023 RSS 4.48476e-13
10.3023 RSS 4.41361e-13
11.6 RSS 5.30629e-13
11.6023 RSS 4.48476e-13
11.7023 RSS 4.41361e-13
13.1 RSS 5.30629e-13
13.1023 RSS 4.48476e-13
13.2023 RSS 4.41361e-13
13.7 RSS 5.30629e-13
13.7023 RSS 4.48476e-13
13.8023 RSS 4.41361e-13
15 RSS 5.30629e-13
15.0023 RSS 4.48476e-13
15.1023 RSS 4.41361e-13
16 RSS 5.30629e-13
16.0023 RSS 4.48476e-13
16.1023 RSS 4.41361e-13
16.7 RSS 5.30629e-13
16.7023 RSS 4.48476e-13
16.8023 RSS 4.41361e-13
17.6 RSS 5.30629e-13
17.6023 RSS 4.48476e-13
17.7023 RSS 4.41361e-13
18.3 RSS 5.30629e-13
18.3023 RSS 4.48476e-13
18.4023 RSS 4.41361e-13
19.7 RSS 5.30629e-13
19.7023 RSS 4.48476e-13
19.8023 RSS 4.41361e-13
20.4 RSS 5.30629e-13
20.4023 RSS 4.48476e-13
20.5023 RSS 4.41361e-13
20.9 RSS 5.30629e-13
20.9023 RSS 4.48476e-13
21.0023 RSS 4.41361e-13
21.6 RSS 5.30629e-13
21.6023 RSS 4.48476e-13
21.7023 RSS 4.41361e-13
22.2 RSS 5.30629e-13
22.2023 RSS 4.48476e-13
22.3023 RSS 4.41361e-13
23.7 RSS 5.30629e-13
23.7023 RSS 4.48476e-13
23.8023 RSS 4.41361e-13
24.8 RSS 5.30629e-13
24.8023 RSS 4.48476e-13
24.9023 RSS 4.41361e-13
25.5 RSS 5.30629e-13
25.5023 RSS 4.48476e-13
25.6023 RSS 4.41361e-13
26.8 RSS 5.30629e-13
26.8023 RSS 4.48476e-13
26.9023 RSS 4.41361e-13
28.2 RSS 5.30629e-13
28.2023 RSS 4.48476e-13
28.3023 RSS 4.41361e-13
28.7 RSS 5.30629e-13
28.7023 RSS 4.48476e-13
28.8023 RSS 4.41361e-13
29.8 RSS 5.30629e-13
29.8023 RSS 4.48476e-13
29.9023 RSS 4.41361e-13
31.3 RSS 5.30629e-13
31.3023 RSS 4.48476e-13
31.4023 RSS 4.41361e-13
32.4 RSS 5.30629e-13
32.4023 RSS 4.48476e-13
32.5023 RSS 4.41361e-13
32.9 RSS 5.30629e-13
32.9023 RSS 4.48476e-13
33.0023 RSS 4.41361e-13
33.5 RSS 5.30629e-13
33.5023 RSS 4.48476e-13
33.6023 RSS 4.41361e-13
34.9 RSS 5.30629e-13
34.9023 RSS 4.48476e-13
35.0023 RSS 4.41361e-13
36.3 RSS 5.30629e-13
36.3023 RSS 4.48476e-13
36.4023 RSS 4.41361e-13
37.5 RSS 5.30629e-13
37.5023 RSS 4.48476e-13
37.6023 RSS 4.41361e-13
39 RSS 5.30629e-13
39.0023 RSS 4.48476e-13
39.1023 RSS 4.41361e-13
40.1 RSS 5.30629e-13
40.1023 RSS 4.48476e-13
40.2023 RSS 4.41361e-13
41.4 RSS 5.30629e-13
41.4023 RSS 4.48476e-13
41.5023 RSS 4.41361e-13
42.2 RSS 5.30629e-13
42.2023 RSS 4.48476e-13
42.3023 RSS 4.41361e-13
43 RSS 5.30629e-13
43.0023 RSS 4.48476e-13
43.1023 RSS 4.41361e-13
44 RSS 5.30629e-13
44.0023 RSS 4.48476e-13
44.1023 RSS 4.41361e-13
44.9 RSS 5.30629e-13
44.9023 RSS 4.48476e-13
45.0023 RSS 4.41361e-13
45.4 RSS 5.30629e-13
45.4023 RSS 4.48476e-13
45.5023 RSS 4.41361e-13
45.9 RSS 5.30629e-13
45.9023 RSS 4.48476e-13
46.0023 RSS 4.41361e-13
46.8 RSS 5.30629e-13
46.8023 RSS 4.48476e-13
46.9023 RSS 4.41361e-13
47.5 RSS 5.30629e-13
47.5023 RSS 4.48476e-13
47.6023 RSS 4.41361e-13
48 RSS 5.30629e-13
48.0023 RSS 4.48476e-13
48.1023 RSS 4.41361e-13
48.7 RSS 5.30629e-13
48.7023 RSS 4.48476e-13
48.8023 RSS 4.41361e-13
49.4 RSS 5.30629e-13
49.4023 RSS 4.48476e-13
49.5023 RSS 4.41361e-13
49.9 RSS 5.30629e-13
49.9023 RSS 4.48476e-13
50.0023 RSS 4.41361e-13
50.7 RSS 5.30629e-13
50.7023 RSS 4.48476e-13
50.8023 RSS 4.41361e-13
51.4 RSS 5.30629e-13
51.4023 RSS 4.48476e-13
51.5023 RSS 4.41361e-13
52.8 RSS 5.30629e-13
52.8023 RSS 4.48476e-13
52.9023 RSS 4.41361e-13
54.2 RSS 5.30629e-13
54.2023 RSS 4.48476e-13
54.3023 RSS 4.41361e-13
55.1 RSS 5.30629e-13
55.1023 RSS 4.48476e-13
55.2023 RSS 4.41361e-13
56.2 RSS 5.30629e-13
56.2023 RSS 4.48476e-13
56.3023 RSS 4.41361e-13
57.4 RSS 5.30629e-13
57.4023 RSS 4.48476e-13
57.5023 RSS 4.41361e-13
58.3 RSS 5.30629e-13
58.3023 RSS 4.48476e-13
58.4023 RSS 4.41361e-13
59 RSS 5.30629e-13
59.0023 RSS 4.48476e-13
59.1023 RSS 4.41361e-13
59.9 RSS 5.30629e-13
59.9023 RSS 4.48476e-13
Actual PDR = 0
Actual RSS = 5.30629e-13
Actual Average Packet RSS = 5.36485e-13
