0 RSS 4.41361e-13
0.000574336 RSS 5.05293e-13
0.00287834 RSS 4.49266e-13
0.00287834 PRSS 5.11804e-13
0.102878 RSS 4.41361e-13
1.1 RSS 5.05293e-13
1.10231 RSS 4.49266e-13
1.20231 RSS 4.41361e-13
2.5 RSS 5.05293e-13
2.50231 RSS 4.49266e-13
2.60231 RSS 4.41361e-13
3.2 RSS 5.05293e-13
3.20231 RSS 4.49266e-13
3.30231 RSS 4.41361e-13
3.7 RSS 5.05293e-13
3.70231 RSS 4.49266e-13
3.80231 RSS 4.41361e-13
5.1 RSS 5.05293e-13
5.10231 RSS 4.49266e-13
5.20231 RSS 4.41361e-13
6 RSS 5.05293e-13
6.00231 RSS 4.49266e-13
6.10231 RSS 4.41361e-13
7.1 RSS 5.05293e-13
7.10231 RSS 4.49266e-13
7.20231 RSS 4.41361e-13
8.6 RSS 5.05293e-13
8.60231 RSS 4.49266e-13
8.70231 RSS 4.41361e-13
9.2 RSS 5.05293e-13
9.20231 RSS 4.49266e-13
9.30231 RSS 4.41361e-13
9.9 RSS 5.05293e-13
9.90231 RSS 4.49266e-13
10.0023 RSS 4.41361e-13
11.3 RSS 5.05293e-13
11.3023 RSS 4.49266e-13
11.4023 RSS 4.41361e-13
12.7 RSS 5.05293e-13
12.7023 RSS 4.49266e-13
12.8023 RSS 4.41361e-13
13.9 RSS 5.05293e-13
13.9023 RSS 4.49266e-13
14.0023 RSS 4.41361e-13
15 RSS 5.05293e-13
15.0023 RSS 4.49266e-13
15.1023 RSS 4.41361e-13
16.3 RSS 5.05293e-13
16.3023 RSS 4.49266e-13
16.4023 RSS 4.41361e-13
17 RSS 5.05293e-13
17.0023 RSS 4.49266e-13
17.1023 RSS 4.41361e-13
18.2 RSS 5.05293e-13
18.2023 RSS 4.49266e-13
18.3023 RSS 4.41361e-13
19.5 RSS 5.05293e-13
19.5023 RSS 4.49266e-13
19.6023 RSS 4.41361e-13
20.1 RSS 5.05293e-13
20.1023 RSS 4.49266e-13
20.2023 RSS 4.41361e-13
21.3 RSS 5.05293e-13
21.3023 RSS 4.49266e-13
21.4023 RSS 4.41361e-13
22.3 RSS 5.05293e-13
22.3023 RSS 4.49266e-13
22.4023 RSS 4.41361e-13
23.8 RSS 5.05293e-13
23.8023 RSS 4.49266e-13
23.9023 RSS 4.41361e-13
25.3 RSS 5.05293e-13
25.3023 RSS 4.49266e-13
25.4023 RSS 4.41361e-13
26.1 RSS 5.05293e-13
26.1023 RSS 4.49266e-13
26.2023 RSS 4.41361e-13
27.2 RSS 5.05293e-13
27.2023 RSS 4.49266e-13
27.3023 RSS 4.41361e-13
28.1 RSS 5.05293e-13
28.1023 RSS 4.49266e-13
28.2023 RSS 4.41361e-13
29 RSS 5.05293e-13
29.0023 RSS 4.49266e-13
29.1023 RSS 4.41361e-13
29.8 RSS 5.05293e-13
29.8023 RSS 4.49266e-13
29.9023 RSS 4.41361e-13
31 RSS 5.05293e-13
31.0023 RSS 4.49266e-13
31.1023 RSS 4.41361e-13
32 RSS 5.05293e-13
32.0023 RSS 4.49266e-13
32.1023 RSS 4.41361e-13
32.7 RSS 5.05293e-13
32.7023 RSS 4.49266e-13
32.8023 RSS 4.41361e-13
33.5 RSS 5.05293e-13
33.5023 RSS 4.49266e-13
33.6023 RSS 4.41361e-13
34.1 RSS 5.05293e-13
34.1023 RSS 4.49266e-13
34.2023 RSS 4.41361e-13
35 RSS 5.05293e-13
35.0023 RSS 4.49266e-13
35.1023 RSS 4.41361e-13
35.6 RSS 5.05293e-13
35.6023 RSS 4.49266e-13
35.7023 RSS 4.41361e-13
36.9 RSS 5.05293e-13
36.9023 RSS 4.49266e-13
37.0023 RSS 4.41361e-13
38.1 RSS 5.05293e-13
38.1023 RSS 4.49266e-13
38.2023 RSS 4.41361e-13
39.3 RSS 5.05293e-13
39.3023 RSS 4.49266e-13
39.4023 RSS 4.41361e-13
40.5 RSS 5.05293e-13
40.5023 RSS 4.49266e-13
40.6023 RSS 4.41361e-13
41.8 RSS 5.05293e-13
41.8023 RSS 4.49266e-13
41.9023 RSS 4.41361e-13
43.1 RSS 5.05293e-13
43.1023 RSS 4.49266e-13
43.2023 RSS 4.41361e-13
44.1 RSS 5.05293e-13
44.1023 RSS 4.49266e-13
44.2023 RSS 4.41361e-13
45.1 RSS 5.05293e-13
45.1023 RSS 4.49266e-13
45.2023 RSS 4.41361e-13
45.8 RSS 5.05293e-13
45.8023 RSS 4.49266e-13
45.9023 RSS 4.41361e-13
47.2 RSS 5.05293e-13
47.2023 RSS 4.49266e-13
47.3023 RSS 4.41361e-13
47.9 RSS 5.05293e-13
47.9023 RSS 4.49266e-13
48.0023 RSS 4.41361e-13
48.8 RSS 5.05293e-13
48.8023 RSS 4.49266e-13
48.9023 RSS 4.41361e-13
49.8 RSS 5.05293e-13
49.8023 RSS 4.49266e-13
49.9023 RSS 4.41361e-13
51.1 RSS 5.05293e-13
51.1023 RSS 4.49266e-13
51.2023 RSS 4.41361e-13
52.1 RSS 5.05293e-13
52.1023 RSS 4.49266e-13
52.2023 RSS 4.41361e-13
53.6 RSS 5.05293e-13
53.6023 RSS 4.49266e-13
53.7023 RSS 4.41361e-13
54.3 RSS 5.05293e-13
54.3023 RSS 4.49266e-13
54.4023 RSS 4.41361e-13
55.3 RSS 5.05293e-13
55.3023 RSS 4.49266e-13
55.4023 RSS 4.41361e-13
56.7 RSS 5.05293e-13
56.7023 RSS 4.49266e-13
56.8023 RSS 4.41361e-13
57.7 RSS 5.05293e-13
57.7023 RSS 4.49266e-13
57.8023 RSS 4.41361e-13
59.1 RSS 5.05293e-13
59.1023 RSS 4.49266e-13
59.2023 RSS 4.41361e-13
59.6 RSS 5.05293e-13
59.6023 RSS 4.49266e-13
59.7023 RSS 4.41361e-13
Actual PDR = 0
Actual RSS = 5.05293e-13
Actual Average Packet RSS = 5.11804e-13
