0 RSS 4.41361e-13
0.000571669 RSS 8.72476e-13
0.00287567 RSS 4.46705e-13
0.00287567 PRSS 8.76865e-13
--
Received one packet! Socket: 10.1.1.1 port: 49153 at time = 0.00287567
--
0.102876 RSS 4.41361e-13
0.700002 RSS 8.72476e-13
0.702306 RSS 4.46705e-13
--
Received one packet! Socket: 10.1.1.1 port: 49153 at time = 0.702306
--
0.802306 RSS 4.41361e-13
2.2 RSS 8.72476e-13
2.20231 RSS 4.46705e-13
--
Received one packet! Socket: 10.1.1.1 port: 49153 at time = 2.20231
--
2.30231 RSS 4.41361e-13
3.1 RSS 8.72476e-13
3.10231 RSS 4.46705e-13
--
Received one packet! Socket: 10.1.1.1 port: 49153 at time = 3.10231
--
3.20231 RSS 4.41361e-13
4 RSS 8.72476e-13
4.00231 RSS 4.46705e-13
--
Received one packet! Socket: 10.1.1.1 port: 49153 at time = 4.00231
--
4.10231 RSS 4.41361e-13
4.8 RSS 8.72476e-13
4.80231 RSS 4.46705e-13
--
Received one packet! Socket: 10.1.1.1 port: 49153 at time = 4.80231
--
4.90231 RSS 4.41361e-13
6.3 RSS 8.72476e-13
6.30231 RSS 4.46705e-13
--
Received one packet! Socket: 10.1.1.1 port: 49153 at time = 6.30231
--
6.40231 RSS 4.41361e-13
7.4 RSS 8.72476e-13
7.40231 RSS 4.46705e-13
--
Received one packet! Socket: 10.1.1.1 port: 49153 at time = 7.40231
--
7.50231 RSS 4.41361e-13
8.3 RSS 8.72476e-13
8.30231 RSS 4.46705e-13
--
Received one packet! Socket: 10.1.1.1 port: 49153 at time = 8.30231
--
8.40231 RSS 4.41361e-13
9.5 RSS 8.72476e-13
9.50231 RSS 4.46705e-13
--
Received one packet! Socket: 10.1.1.1 port: 49153 at time = 9.50231
--
9.60231 RSS 4.41361e-13
10.8 RSS 8.72476e-13
10.8023 RSS 4.46705e-13
--
Received one packet! Socket: 10.1.1.1 port: 49153 at time = 10.8023
--
10.9023 RSS 4.41361e-13
11.3 RSS 8.72476e-13
11.3023 RSS 4.46705e-13
--
Received one packet! Socket: 10.1.1.1 port: 49153 at time = 11.3023
--
11.4023 RSS 4.41361e-13
12.6 RSS 8.72476e-13
12.6023 RSS 4.46705e-13
--
Received one packet! Socket: 10.1.1.1 port: 49153 at time = 12.6023
--
12.7023 RSS 4.41361e-13
14 RSS 8.72476e-13
14.0023 RSS 4.46705e-13
--
Received one packet! Socket: 10.1.1.1 port: 49153 at time = 14.0023
--
14.1023 RSS 4.41361e-13
14.5 RSS 8.72476e-13
14.5023 RSS 4.46705e-13
--
Received one packet! Socket: 10.1.1.1 port: 49153 at time = 14.5023
--
14.6023 RSS 4.41361e-13
15.4 RSS 8.72476e-13
15.4023 RSS 4.46705e-13
--
Received one packet! Socket: 10.1.1.1 port: 49153 at time = 15.4023
--
15.5023 RSS 4.41361e-13
16.1 RSS 8.72476e-13
16.1023 RSS 4.46705e-13
--
Received one packet! Socket: 10.1.1.1 port: 49153 at time = 16.1023
--
16.2023 RSS 4.41361e-13
17.4 RSS 8.72476e-13
17.4023 RSS 4.46705e-13
--
Received one packet! Socket: 10.1.1.1 port: 49153 at time = 17.4023
--
17.5023 RSS 4.41361e-13
17.9 RSS 8.72476e-13
17.9023 RSS 4.46705e-13
--
Received one packet! Socket: 10.1.1.1 port: 49153 at time = 17.9023
--
18.0023 RSS 4.41361e-13
18.6 RSS 8.72476e-13
18.6023 RSS 4.46705e-13
--
Received one packet! Socket: 10.1.1.1 port: 49153 at time = 18.6023
--
18.7023 RSS 4.41361e-13
19.5 RSS 8.72476e-13
19.5023 RSS 4.46705e-13
--
Received one packet! Socket: 10.1.1.1 port: 49153 at time = 19.5023
--
19.6023 RSS 4.41361e-13
20.8 RSS 8.72476e-13
20.8023 RSS 4.46705e-13
--
Received one packet! Socket: 10.1.1.1 port: 49153 at time = 20.8023
--
20.9023 RSS 4.41361e-13
22.2 RSS 8.72476e-13
22.2023 RSS 4.46705e-13
--
Received one packet! Socket: 10.1.1.1 port: 49153 at time = 22.2023
--
22.3023 RSS 4.41361e-13
23 RSS 8.72476e-13
23.0023 RSS 4.46705e-13
--
Received one packet! Socket: 10.1.1.1 port: 49153 at time = 23.0023
--
23.1023 RSS 4.41361e-13
23.7 RSS 8.72476e-13
23.7023 RSS 4.46705e-13
--
Received one packet! Socket: 10.1.1.1 port: 49153 at time = 23.7023
--
23.8023 RSS 4.41361e-13
25 RSS 8.72476e-13
25.0023 RSS 4.46705e-13
--
Received one packet! Socket: 10.1.1.1 port: 49153 at time = 25.0023
--
25.1023 RSS 4.41361e-13
25.6 RSS 8.72476e-13
25.6023 RSS 4.46705e-13
--
Received one packet! Socket: 10.1.1.1 port: 49153 at time = 25.6023
--
25.7023 RSS 4.41361e-13
26.2 RSS 8.72476e-13
26.2023 RSS 4.46705e-13
--
Received one packet! Socket: 10.1.1.1 port: 49153 at time = 26.2023
--
26.3023 RSS 4.41361e-13
27.3 RSS 8.72476e-13
27.3023 RSS 4.46705e-13
--
Received one packet! Socket: 10.1.1.1 port: 49153 at time = 27.3023
--
27.4023 RSS 4.41361e-13
28.4 RSS 8.72476e-13
28.4023 RSS 4.46705e-13
--
Received one packet! Socket: 10.1.1.1 port: 49153 at time = 28.4023
--
28.5023 RSS 4.41361e-13
28.9 RSS 8.72476e-13
28.9023 RSS 4.46705e-13
--
Received one packet! Socket: 10.1.1.1 port: 49153 at time = 28.9023
--
29.0023 RSS 4.41361e-13
29.4 RSS 8.72476e-13
29.4023 RSS 4.46705e-13
--
Received one packet! Socket: 10.1.1.1 port: 49153 at time = 29.4023
--
29.5023 RSS 4.41361e-13
30.5 RSS 8.72476e-13
30.5023 RSS 4.46705e-13
--
Received one packet! Socket: 10.1.1.1 port: 49153 at time = 30.5023
--
30.6023 RSS 4.41361e-13
31.8 RSS 8.72476e-13
31.8023 RSS 4.46705e-13
--
Received one packet! Socket: 10.1.1.1 port: 49153 at time = 31.8023
--
31.9023 RSS 4.41361e-13
32.8 RSS 8.72476e-13
32.8023 RSS 4.46705e-13
--
Received one packet! Socket: 10.1.1.1 port: 49153 at time = 32.8023
--
32.9023 RSS 4.41361e-13
34.2 RSS 8.72476e-13
34.2023 RSS 4.46705e-13
--
Received one packet! Socket: 10.1.1.1 port: 49153 at time = 34.2023
--
34.3023 RSS 4.41361e-13
35.6 RSS 8.72476e-13
35.6023 RSS 4.46705e-13
--
Received one packet! Socket: 10.1.1.1 port: 49153 at time = 35.6023
--
35.7023 RSS 4.41361e-13
36.3 RSS 8.72476e-13
36.3023 RSS 4.46705e-13
--
Received one packet! Socket: 10.1.1.1 port: 49153 at time = 36.3023
--
36.4023 RSS 4.41361e-13
37.2 RSS 8.72476e-13
37.2023 RSS 4.46705e-13
--
Received one packet! Socket: 10.1.1.1 port: 49153 at time = 37.2023
--
37.3023 RSS 4.41361e-13
37.9 RSS 8.72476e-13
37.9023 RSS 4.46705e-13
--
Received one packet! Socket: 10.1.1.1 port: 49153 at time = 37.9023
--
38.0023 RSS 4.41361e-13
39.4 RSS 8.72476e-13
39.4023 RSS 4.46705e-13
--
Received one packet! Socket: 10.1.1.1 port: 49153 at time = 39.4023
--
39.5023 RSS 4.41361e-13
39.9 RSS 8.72476e-13
39.9023 RSS 4.46705e-13
--
Received one packet! Socket: 10.1.1.1 port: 49153 at time = 39.9023
--
40.0023 RSS 4.41361e-13
40.4 RSS 8.72476e-13
40.4023 RSS 4.46705e-13
--
Received one packet! Socket: 10.1.1.1 port: 49153 at time = 40.4023
--
40.5023 RSS 4.41361e-13
41.4 RSS 8.72476e-13
41.4023 RSS 4.46705e-13
--
Received one packet! Socket: 10.1.1.1 port: 49153 at time = 41.4023
--
41.5023 RSS 4.41361e-13
42.8 RSS 8.72476e-13
42.8023 RSS 4.46705e-13
--
Received one packet! Socket: 10.1.1.1 port: 49153 at time = 42.8023
--
42.9023 RSS 4.41361e-13
43.3 RSS 8.72476e-13
43.3023 RSS 4.46705e-13
--
Received one packet! Socket: 10.1.1.1 port: 49153 at time = 43.3023
--
43.4023 RSS 4.41361e-13
44.7 RSS 8.72476e-13
44.7023 RSS 4.46705e-13
--
Received one packet! Socket: 10.1.1.1 port: 49153 at time = 44.7023
--
44.8023 RSS 4.41361e-13
45.2 RSS 8.72476e-13
45.2023 RSS 4.46705e-13
--
Received one packet! Socket: 10.1.1.1 port: 49153 at time = 45.2023
--
45.3023 RSS 4.41361e-13
46.4 RSS 8.72476e-13
46.4023 RSS 4.46705e-13
--
Received one packet! Socket: 10.1.1.1 port: 49153 at time = 46.4023
--
46.5023 RSS 4.41361e-13
47.6 RSS 8.72476e-13
47.6023 RSS 4.46705e-13
--
Received one packet! Socket: 10.1.1.1 port: 49153 at time = 47.6023
--
47.7023 RSS 4.41361e-13
48.1 RSS 8.72476e-13
48.1023 RSS 4.46705e-13
--
Received one packet! Socket: 10.1.1.1 port: 49153 at time = 48.1023
--
48.2023 RSS 4.41361e-13
48.6 RSS 8.72476e-13
48.6023 RSS 4.46705e-13
--
Received one packet! Socket: 10.1.1.1 port: 49153 at time = 48.6023
--
48.7023 RSS 4.41361e-13
49.5 RSS 8.72476e-13
49.5023 RSS 4.46705e-13
--
Received one packet! Socket: 10.1.1.1 port: 49153 at time = 49.5023
--
49.6023 RSS 4.41361e-13
50.9 RSS 8.72476e-13
50.9023 RSS 4.46705e-13
--
Received one packet! Socket: 10.1.1.1 port: 49153 at time = 50.9023
--
51.0023 RSS 4.41361e-13
51.7 RSS 8.72476e-13
51.7023 RSS 4.46705e-13
--
Received one packet! Socket: 10.1.1.1 port: 49153 at time = 51.7023
--
51.8023 RSS 4.41361e-13
52.7 RSS 8.72476e-13
52.7023 RSS 4.46705e-13
--
Received one packet! Socket: 10.1.1.1 port: 49153 at time = 52.7023
--
52.8023 RSS 4.41361e-13
53.7 RSS 8.72476e-13
53.7023 RSS 4.46705e-13
--
Received one packet! Socket: 10.1.1.1 port: 49153 at time = 53.7023
--
53.8023 RSS 4.41361e-13
54.7 RSS 8.72476e-13
54.7023 RSS 4.46705e-13
--
Received one packet! Socket: 10.1.1.1 port: 49153 at time = 54.7023
--
54.8023 RSS 4.41361e-13
55.8 RSS 8.72476e-13
55.8023 RSS 4.46705e-13
--
Received one packet! Socket: 10.1.1.1 port: 49153 at time = 55.8023
--
55.9023 RSS 4.41361e-13
56.3 RSS 8.72476e-13
56.3023 RSS 4.46705e-13
--
Received one packet! Socket: 10.1.1.1 port: 49153 at time = 56.3023
--
56.4023 RSS 4.41361e-13
57.7 RSS 8.72476e-13
57.7023 RSS 4.46705e-13
--
Received one packet! Socket: 10.1.1.1 port: 49153 at time = 57.7023
--
57.8023 RSS 4.41361e-13
58.7 RSS 8.72476e-13
58.7023 RSS 4.46705e-13
--
Received one packet! Socket: 10.1.1.1 port: 49153 at time = 58.7023
--
58.8023 RSS 4.41361e-13
59.3 RSS 8.72476e-13
59.3023 RSS 4.46705e-13
--
Received one packet! Socket: 10.1.1.1 port: 49153 at time = 59.3023
--
59.4023 RSS 4.41361e-13
Actual PDR = 1
Actual RSS = 8.72476e-13
Actual Average Packet RSS = 8.76865e-13
