0 RSS 4.41361e-13
0.000574003 RSS 5.16382e-13
0.002878 RSS 4.48855e-13
0.002878 PRSS 5.22553e-13
0.102878 RSS 4.41361e-13
0.700004 RSS 5.16382e-13
0.702308 RSS 4.48855e-13
0.802308 RSS 4.41361e-13
1.5 RSS 5.16382e-13
1.50231 RSS 4.48855e-13
1.60231 RSS 4.41361e-13
2 RSS 5.16382e-13
2.00231 RSS 4.48855e-13
2.10231 RSS 4.41361e-13
3.3 RSS 5.16382e-13
3.30231 RSS 4.48855e-13
3.40231 RSS 4.41361e-13
4.7 RSS 5.16382e-13
4.70231 RSS 4.48855e-13
4.80231 RSS 4.41361e-13
5.6 RSS 5.16382e-13
5.60231 RSS 4.48855e-13
5.70231 RSS 4.41361e-13
6.8 RSS 5.16382e-13
6.80231 RSS 4.48855e-13
6.90231 RSS 4.41361e-13
7.5 RSS 5.16382e-13
7.50231 RSS 4.48855e-13
7.60231 RSS 4.41361e-13
8.9 RSS 5.16382e-13
8.90231 RSS 4.48855e-13
9.00231 RSS 4.41361e-13
9.7 RSS 5.16382e-13
9.70231 RSS 4.48855e-13
9.80231 RSS 4.41361e-13
10.4 RSS 5.16382e-13
10.4023 RSS 4.48855e-13
10.5023 RSS 4.41361e-13
11 RSS 5.16382e-13
11.0023 RSS 4.48855e-13
11.1023 RSS 4.41361e-13
12.2 RSS 5.16382e-13
12.2023 RSS 4.48855e-13
12.3023 RSS 4.41361e-13
13.2 RSS 5.16382e-13
13.2023 RSS 4.48855e-13
13.3023 RSS 4.41361e-13
14.3 RSS 5.16382e-13
14.3023 RSS 4.48855e-13
14.4023 RSS 4.41361e-13
14.9 RSS 5.16382e-13
14.9023 RSS 4.48855e-13
15.0023 RSS 4.41361e-13
15.4 RSS 5.16382e-13
15.4023 RSS 4.48855e-13
15.5023 RSS 4.41361e-13
16.4 RSS 5.16382e-13
16.4023 RSS 4.48855e-13
16.5023 RSS 4.41361e-13
17.6 RSS 5.16382e-13
17.6023 RSS 4.48855e-13
17.7023 RSS 4.41361e-13
18.3 RSS 5.16382e-13
18.3023 RSS 4.48855e-13
18.4023 RSS 4.41361e-13
19 RSS 5.16382e-13
19.0023 RSS 4.48855e-13
19.1023 RSS 4.41361e-13
19.7 RSS 5.16382e-13
19.7023 RSS 4.48855e-13
19.8023 RSS 4.41361e-13
20.9 RSS 5.16382e-13
20.9023 RSS 4.48855e-13
21.0023 RSS 4.41361e-13
21.5 RSS 5.16382e-13
21.5023 RSS 4.48855e-13
21.6023 RSS 4.41361e-13
22.1 RSS 5.16382e-13
22.1023 RSS 4.48855e-13
22.2023 RSS 4.41361e-13
22.7 RSS 5.16382e-13
22.7023 RSS 4.48855e-13
22.8023 RSS 4.41361e-13
24 RSS 5.16382e-13
24.0023 RSS 4.48855e-13
24.1023 RSS 4.41361e-13
25.5 RSS 5.16382e-13
25.5023 RSS 4.48855e-13
25.6023 RSS 4.41361e-13
26.6 RSS 5.16382e-13
26.6023 RSS 4.48855e-13
26.7023 RSS 4.41361e-13
27.9 RSS 5.16382e-13
27.9023 RSS 4.48855e-13
28.0023 RSS 4.41361e-13
28.5 RSS 5.16382e-13
28.5023 RSS 4.48855e-13
28.6023 RSS 4.41361e-13
29.8 RSS 5.16382e-13
29.8023 RSS 4.48855e-13
29.9023 RSS 4.41361e-13
30.3 RSS 5.16382e-13
30.3023 RSS 4.48855e-13
30.4023 RSS 4.41361e-13
30.9 RSS 5.16382e-13
30.9023 RSS 4.48855e-13
31.0023 RSS 4.41361e-13
31.9 RSS 5.16382e-13
31.9023 RSS 4.48855e-13
32.0023 RSS 4.41361e-13
33.3 RSS 5.16382e-13
33.3023 RSS 4.48855e-13
33.4023 RSS 4.41361e-13
34.2 RSS 5.16382e-13
34.2023 RSS 4.48855e-13
34.3023 RSS 4.41361e-13
35.7 RSS 5.16382e-13
35.7023 RSS 4.48855e-13
35.8023 RSS 4.41361e-13
37.1 RSS 5.16382e-13
37.1023 RSS 4.48855e-13
37.2023 RSS 4.41361e-13
37.8 RSS 5.16382e-13
37.8023 RSS 4.48855e-13
37.9023 RSS 4.41361e-13
38.5 RSS 5.16382e-13
38.5023 RSS 4.48855e-13
38.6023 RSS 4.41361e-13
39 RSS 5.16382e-13
39.0023 RSS 4.48855e-13
39.1023 RSS 4.41361e-13
39.8 RSS 5.16382e-13
39.8023 RSS 4.48855e-13
39.9023 RSS 4.41361e-13
41.3 RSS 5.16382e-13
41.3023 RSS 4.48855e-13
41.4023 RSS 4.41361e-13
42.4 RSS 5.16382e-13
42.4023 RSS 4.48855e-13
42.5023 RSS 4.41361e-13
43.6 RSS 5.16382e-13
43.6023 RSS 4.48855e-13
43.7023 RSS 4.41361e-13
45 RSS 5.16382e-13
45.0023 RSS 4.48855e-13
45.1023 RSS 4.41361e-13
45.9 RSS 5.16382e-13
45.9023 RSS 4.48855e-13
46.0023 RSS 4.41361e-13
46.6 RSS 5.16382e-13
46.6023 RSS 4.48855e-13
46.7023 RSS 4.41361e-13
47.4 RSS 5.16382e-13
47.4023 RSS 4.48855e-13
47.5023 RSS 4.41361e-13
48.4 RSS 5.16382e-13
48.4023 RSS 4.48855e-13
48.5023 RSS 4.41361e-13
49.1 RSS 5.16382e-13
49.1023 RSS 4.48855e-13
49.2023 RSS 4.41361e-13
50.2 RSS 5.16382e-13
50.2023 RSS 4.48855e-13
50.3023 RSS 4.41361e-13
50.8 RSS 5.16382e-13
50.8023 RSS 4.48855e-13
50.9023 RSS 4.41361e-13
51.6 RSS 5.16382e-13
51.6023 RSS 4.48855e-13
51.7023 RSS 4.41361e-13
52.6 RSS 5.16382e-13
52.6023 RSS 4.48855e-13
52.7023 RSS 4.41361e-13
53.3 RSS 5.16382e-13
53.3023 RSS 4.48855e-13
53.4023 RSS 4.41361e-13
54.7 RSS 5.16382e-13
54.7023 RSS 4.48855e-13
54.8023 RSS 4.41361e-13
55.6 RSS 5.16382e-13
55.6023 RSS 4.48855e-13
55.7023 RSS 4.41361e-13
56.8 RSS 5.16382e-13
56.8023 RSS 4.48855e-13
56.9023 RSS 4.41361e-13
57.8 RSS 5.16382e-13
57.8023 RSS 4.48855e-13
57.9023 RSS 4.41361e-13
58.6 RSS 5.16382e-13
58.6023 RSS 4.48855e-13
58.7023 RSS 4.41361e-13
59.5 RSS 5.16382e-13
59.5023 RSS 4.48855e-13
59.6023 RSS 4.41361e-13
Actual PDR = 0
Actual RSS = 5.16382e-13
Actual Average Packet RSS = 5.22553e-13
