0 RSS 4.41361e-13
0.000573336 RSS 5.49355e-13
0.00287734 RSS 4.48124e-13
0.00287734 PRSS 5.5492e-13
0.102877 RSS 4.41361e-13
0.500003 RSS 5.49355e-13
0.502307 RSS 4.48124e-13
0.602307 RSS 4.41361e-13
1.1 RSS 5.49355e-13
1.10231 RSS 4.48124e-13
1.20231 RSS 4.41361e-13
1.8 RSS 5.49355e-13
1.80231 RSS 4.48124e-13
1.90231 RSS 4.41361e-13
3.2 RSS 5.49355e-13
3.20231 RSS 4.48124e-13
3.30231 RSS 4.41361e-13
4.6 RSS 5.49355e-13
4.60231 RSS 4.48124e-13
4.70231 RSS 4.41361e-13
5.7 RSS 5.49355e-13
5.70231 RSS 4.48124e-13
5.80231 RSS 4.41361e-13
6.2 RSS 5.49355e-13
6.20231 RSS 4.48124e-13
6.30231 RSS 4.41361e-13
6.7 RSS 5.49355e-13
6.70231 RSS 4.48124e-13
6.80231 RSS 4.41361e-13
8 RSS 5.49355e-13
8.00231 RSS 4.48124e-13
8.10231 RSS 4.41361e-13
8.9 RSS 5.49355e-13
8.90231 RSS 4.48124e-13
9.00231 RSS 4.41361e-13
9.6 RSS 5.49355e-13
9.60231 RSS 4.48124e-13
9.70231 RSS 4.41361e-13
11 RSS 5.49355e-13
11.0023 RSS 4.48124e-13
11.1023 RSS 4.41361e-13
11.7 RSS 5.49355e-13
11.7023 RSS 4.48124e-13
11.8023 RSS 4.41361e-13
13 RSS 5.49355e-13
13.0023 RSS 4.48124e-13
13.1023 RSS 4.41361e-13
13.5 RSS 5.49355e-13
13.5023 RSS 4.48124e-13
13.6023 RSS 4.41361e-13
14.2 RSS 5.49355e-13
14.2023 RSS 4.48124e-13
14.3023 RSS 4.41361e-13
14.8 RSS 5.49355e-13
14.8023 RSS 4.48124e-13
14.9023 RSS 4.41361e-13
16.1 RSS 5.49355e-13
16.1023 RSS 4.48124e-13
16.2023 RSS 4.41361e-13
17.1 RSS 5.49355e-13
17.1023 RSS 4.48124e-13
17.2023 RSS 4.41361e-13
18.3 RSS 5.49355e-13
18.3023 RSS 4.48124e-13
18.4023 RSS 4.41361e-13
19 RSS 5.49355e-13
19.0023 RSS 4.48124e-13
19.1023 RSS 4.41361e-13
19.5 RSS 5.49355e-13
19.5023 RSS 4.48124e-13
19.6023 RSS 4.41361e-13
20.1 RSS 5.49355e-13
20.1023 RSS 4.48124e-13
20.2023 RSS 4.41361e-13
21.2 RSS 5.49355e-13
21.2023 RSS 4.48124e-13
21.3023 RSS 4.41361e-13
22.6 RSS 5.49355e-13
22.6023 RSS 4.48124e-13
22.7023 RSS 4.41361e-13
24 RSS 5.49355e-13
24.0023 RSS 4.48124e-13
24.1023 RSS 4.41361e-13
25.5 RSS 5.49355e-13
25.5023 RSS 4.48124e-13
25.6023 RSS 4.41361e-13
26 RSS 5.49355e-13
26.0023 RSS 4.48124e-13
26.1023 RSS 4.41361e-13
27.1 RSS 5.49355e-13
27.1023 RSS 4.48124e-13
--
Received one packet! Socket: 10.1.1.1 port: 49153 at time = 27.1023
--
27.2023 RSS 4.41361e-13
28.5 RSS 5.49355e-13
28.5023 RSS 4.48124e-13
28.6023 RSS 4.41361e-13
30 RSS 5.49355e-13
30.0023 RSS 4.48124e-13
30.1023 RSS 4.41361e-13
31 RSS 5.49355e-13
31.0023 RSS 4.48124e-13
31.1023 RSS 4.41361e-13
32.3 RSS 5.49355e-13
32.3023 RSS 4.48124e-13
32.4023 RSS 4.41361e-13
33 RSS 5.49355e-13
33.0023 RSS 4.48124e-13
33.1023 RSS 4.41361e-13
33.6 RSS 5.49355e-13
33.6023 RSS 4.48124e-13
33.7023 RSS 4.41361e-13
34.5 RSS 5.49355e-13
34.5023 RSS 4.48124e-13
34.6023 RSS 4.41361e-13
35.6 RSS 5.49355e-13
35.6023 RSS 4.48124e-13
35.7023 RSS 4.41361e-13
36.1 RSS 5.49355e-13
36.1023 RSS 4.48124e-13
36.2023 RSS 4.41361e-13
36.9 RSS 5.49355e-13
36.9023 RSS 4.48124e-13
37.0023 RSS 4.41361e-13
37.7 RSS 5.49355e-13
37.7023 RSS 4.48124e-13
37.8023 RSS 4.41361e-13
38.4 RSS 5.49355e-13
38.4023 RSS 4.48124e-13
38.5023 RSS 4.41361e-13
39.2 RSS 5.49355e-13
39.2023 RSS 4.48124e-13
39.3023 RSS 4.41361e-13
40.7 RSS 5.49355e-13
40.7023 RSS 4.48124e-13
40.8023 RSS 4.41361e-13
41.6 RSS 5.49355e-13
41.6023 RSS 4.48124e-13
41.7023 RSS 4.41361e-13
42.1 RSS 5.49355e-13
42.1023 RSS 4.48124e-13
42.2023 RSS 4.41361e-13
43.6 RSS 5.49355e-13
43.6023 RSS 4.48124e-13
43.7023 RSS 4.41361e-13
44.5 RSS 5.49355e-13
44.5023 RSS 4.48124e-13
44.6023 RSS 4.41361e-13
45 RSS 5.49355e-13
45.0023 RSS 4.48124e-13
45.1023 RSS 4.41361e-13
46 RSS 5.49355e-13
46.0023 RSS 4.48124e-13
46.1023 RSS 4.41361e-13
47.3 RSS 5.49355e-13
47.3023 RSS 4.48124e-13
47.4023 RSS 4.41361e-13
48.5 RSS 5.49355e-13
48.5023 RSS 4.48124e-13
48.6023 RSS 4.41361e-13
49.7 RSS 5.49355e-13
49.7023 RSS 4.48124e-13
49.8023 RSS 4.41361e-13
50.8 RSS 5.49355e-13
50.8023 RSS 4.48124e-13
50.9023 RSS 4.41361e-13
51.9 RSS 5.49355e-13
51.9023 RSS 4.48124e-13
52.0023 RSS 4.41361e-13
52.5 RSS 5.49355e-13
52.5023 RSS 4.48124e-13
52.6023 RSS 4.41361e-13
53.4 RSS 5.49355e-13
53.4023 RSS 4.48124e-13
53.5023 RSS 4.41361e-13
54.3 RSS 5.49355e-13
54.3023 RSS 4.48124e-13
54.4023 RSS 4.41361e-13
54.8 RSS 5.49355e-13
54.8023 RSS 4.48124e-13
54.9023 RSS 4.41361e-13
55.6 RSS 5.49355e-13
55.6023 RSS 4.48124e-13
55.7023 RSS 4.41361e-13
57 RSS 5.49355e-13
57.0023 RSS 4.48124e-13
57.1023 RSS 4.41361e-13
58.2 RSS 5.49355e-13
58.2023 RSS 4.48124e-13
58.3023 RSS 4.41361e-13
58.9 RSS 5.49355e-13
58.9023 RSS 4.48124e-13
59.0023 RSS 4.41361e-13
59.5 RSS 5.49355e-13
59.5023 RSS 4.48124e-13
59.6023 RSS 4.41361e-13
Actual PDR = 0.025
Actual RSS = 5.49355e-13
Actual Average Packet RSS = 5.5492e-13
