0 RSS 4.41361e-13
0.000571003 RSS 1.63572e-12
0.002875 RSS 4.4626e-13
0.002875 PRSS 1.63974e-12
--
Received one packet! Socket: 10.1.1.1 port: 49153 at time = 0.002875
--
0.102875 RSS 4.41361e-13
0.700001 RSS 1.63572e-12
0.702305 RSS 4.4626e-13
--
Received one packet! Socket: 10.1.1.1 port: 49153 at time = 0.702305
--
0.802305 RSS 4.41361e-13
1.4 RSS 1.63572e-12
1.40231 RSS 4.4626e-13
--
Received one packet! Socket: 10.1.1.1 port: 49153 at time = 1.40231
--
1.50231 RSS 4.41361e-13
2 RSS 1.63572e-12
2.0023 RSS 4.4626e-13
--
Received one packet! Socket: 10.1.1.1 port: 49153 at time = 2.0023
--
2.1023 RSS 4.41361e-13
3.3 RSS 1.63572e-12
3.30231 RSS 4.4626e-13
--
Received one packet! Socket: 10.1.1.1 port: 49153 at time = 3.30231
--
3.40231 RSS 4.41361e-13
3.9 RSS 1.63572e-12
3.9023 RSS 4.4626e-13
--
Received one packet! Socket: 10.1.1.1 port: 49153 at time = 3.9023
--
4.0023 RSS 4.41361e-13
5.4 RSS 1.63572e-12
5.4023 RSS 4.4626e-13
--
Received one packet! Socket: 10.1.1.1 port: 49153 at time = 5.4023
--
5.5023 RSS 4.41361e-13
6.5 RSS 1.63572e-12
6.5023 RSS 4.4626e-13
--
Received one packet! Socket: 10.1.1.1 port: 49153 at time = 6.5023
--
6.6023 RSS 4.41361e-13
7.8 RSS 1.63572e-12
7.8023 RSS 4.4626e-13
--
Received one packet! Socket: 10.1.1.1 port: 49153 at time = 7.8023
--
7.9023 RSS 4.41361e-13
9.1 RSS 1.63572e-12
9.1023 RSS 4.4626e-13
--
Received one packet! Socket: 10.1.1.1 port: 49153 at time = 9.1023
--
9.2023 RSS 4.41361e-13
10.1 RSS 1.63572e-12
10.1023 RSS 4.4626e-13
--
Received one packet! Socket: 10.1.1.1 port: 49153 at time = 10.1023
--
10.2023 RSS 4.41361e-13
10.8 RSS 1.63572e-12
10.8023 RSS 4.4626e-13
--
Received one packet! Socket: 10.1.1.1 port: 49153 at time = 10.8023
--
10.9023 RSS 4.41361e-13
11.8 RSS 1.63572e-12
11.8023 RSS 4.4626e-13
--
Received one packet! Socket: 10.1.1.1 port: 49153 at time = 11.8023
--
11.9023 RSS 4.41361e-13
12.9 RSS 1.63572e-12
12.9023 RSS 4.4626e-13
--
Received one packet! Socket: 10.1.1.1 port: 49153 at time = 12.9023
--
13.0023 RSS 4.41361e-13
13.8 RSS 1.63572e-12
13.8023 RSS 4.4626e-13
--
Received one packet! Socket: 10.1.1.1 port: 49153 at time = 13.8023
--
13.9023 RSS 4.41361e-13
15 RSS 1.63572e-12
15.0023 RSS 4.4626e-13
--
Received one packet! Socket: 10.1.1.1 port: 49153 at time = 15.0023
--
15.1023 RSS 4.41361e-13
16 RSS 1.63572e-12
16.0023 RSS 4.4626e-13
--
Received one packet! Socket: 10.1.1.1 port: 49153 at time = 16.0023
--
16.1023 RSS 4.41361e-13
17.1 RSS 1.63572e-12
17.1023 RSS 4.4626e-13
--
Received one packet! Socket: 10.1.1.1 port: 49153 at time = 17.1023
--
17.2023 RSS 4.41361e-13
18.4 RSS 1.63572e-12
18.4023 RSS 4.4626e-13
--
Received one packet! Socket: 10.1.1.1 port: 49153 at time = 18.4023
--
18.5023 RSS 4.41361e-13
19.3 RSS 1.63572e-12
19.3023 RSS 4.4626e-13
--
Received one packet! Socket: 10.1.1.1 port: 49153 at time = 19.3023
--
19.4023 RSS 4.41361e-13
20.1 RSS 1.63572e-12
20.1023 RSS 4.4626e-13
--
Received one packet! Socket: 10.1.1.1 port: 49153 at time = 20.1023
--
20.2023 RSS 4.41361e-13
21.6 RSS 1.63572e-12
21.6023 RSS 4.4626e-13
--
Received one packet! Socket: 10.1.1.1 port: 49153 at time = 21.6023
--
21.7023 RSS 4.41361e-13
23 RSS 1.63572e-12
23.0023 RSS 4.4626e-13
--
Received one packet! Socket: 10.1.1.1 port: 49153 at time = 23.0023
--
23.1023 RSS 4.41361e-13
23.7 RSS 1.63572e-12
23.7023 RSS 4.4626e-13
--
Received one packet! Socket: 10.1.1.1 port: 49153 at time = 23.7023
--
23.8023 RSS 4.41361e-13
24.7 RSS 1.63572e-12
24.7023 RSS 4.4626e-13
--
Received one packet! Socket: 10.1.1.1 port: 49153 at time = 24.7023
--
24.8023 RSS 4.41361e-13
25.8 RSS 1.63572e-12
25.8023 RSS 4.4626e-13
--
Received one packet! Socket: 10.1.1.1 port: 49153 at time = 25.8023
--
25.9023 RSS 4.41361e-13
26.4 RSS 1.63572e-12
26.4023 RSS 4.4626e-13
--
Received one packet! Socket: 10.1.1.1 port: 49153 at time = 26.4023
--
26.5023 RSS 4.41361e-13
27.7 RSS 1.63572e-12
27.7023 RSS 4.4626e-13
--
Received one packet! Socket: 10.1.1.1 port: 49153 at time = 27.7023
--
27.8023 RSS 4.41361e-13
28.2 RSS 1.63572e-12
28.2023 RSS 4.4626e-13
--
Received one packet! Socket: 10.1.1.1 port: 49153 at time = 28.2023
--
28.3023 RSS 4.41361e-13
29.6 RSS 1.63572e-12
29.6023 RSS 4.4626e-13
--
Received one packet! Socket: 10.1.1.1 port: 49153 at time = 29.6023
--
29.7023 RSS 4.41361e-13
30.5 RSS 1.63572e-12
30.5023 RSS 4.4626e-13
--
Received one packet! Socket: 10.1.1.1 port: 49153 at time = 30.5023
--
30.6023 RSS 4.41361e-13
32 RSS 1.63572e-12
32.0023 RSS 4.4626e-13
--
Received one packet! Socket: 10.1.1.1 port: 49153 at time = 32.0023
--
32.1023 RSS 4.41361e-13
33.4 RSS 1.63572e-12
33.4023 RSS 4.4626e-13
--
Received one packet! Socket: 10.1.1.1 port: 49153 at time = 33.4023
--
33.5023 RSS 4.41361e-13
34.4 RSS 1.63572e-12
34.4023 RSS 4.4626e-13
--
Received one packet! Socket: 10.1.1.1 port: 49153 at time = 34.4023
--
34.5023 RSS 4.41361e-13
35.8 RSS 1.63572e-12
35.8023 RSS 4.4626e-13
--
Received one packet! Socket: 10.1.1.1 port: 49153 at time = 35.8023
--
35.9023 RSS 4.41361e-13
36.9 RSS 1.63572e-12
36.9023 RSS 4.4626e-13
--
Received one packet! Socket: 10.1.1.1 port: 49153 at time = 36.9023
--
37.0023 RSS 4.41361e-13
37.8 RSS 1.63572e-12
37.8023 RSS 4.4626e-13
--
Received one packet! Socket: 10.1.1.1 port: 49153 at time = 37.8023
--
37.9023 RSS 4.41361e-13
39 RSS 1.63572e-12
39.0023 RSS 4.4626e-13
--
Received one packet! Socket: 10.1.1.1 port: 49153 at time = 39.0023
--
39.1023 RSS 4.41361e-13
39.7 RSS 1.63572e-12
39.7023 RSS 4.4626e-13
--
Received one packet! Socket: 10.1.1.1 port: 49153 at time = 39.7023
--
39.8023 RSS 4.41361e-13
40.3 RSS 1.63572e-12
40.3023 RSS 4.4626e-13
--
Received one packet! Socket: 10.1.1.1 port: 49153 at time = 40.3023
--
40.4023 RSS 4.41361e-13
41.2 RSS 1.63572e-12
41.2023 RSS 4.4626e-13
--
Received one packet! Socket: 10.1.1.1 port: 49153 at time = 41.2023
--
41.3023 RSS 4.41361e-13
42.2 RSS 1.63572e-12
42.2023 RSS 4.4626e-13
--
Received one packet! Socket: 10.1.1.1 port: 49153 at time = 42.2023
--
42.3023 RSS 4.41361e-13
42.8 RSS 1.63572e-12
42.8023 RSS 4.4626e-13
--
Received one packet! Socket: 10.1.1.1 port: 49153 at time = 42.8023
--
42.9023 RSS 4.41361e-13
44.2 RSS 1.63572e-12
44.2023 RSS 4.4626e-13
--
Received one packet! Socket: 10.1.1.1 port: 49153 at time = 44.2023
--
44.3023 RSS 4.41361e-13
44.7 RSS 1.63572e-12
44.7023 RSS 4.4626e-13
--
Received one packet! Socket: 10.1.1.1 port: 49153 at time = 44.7023
--
44.8023 RSS 4.41361e-13
45.8 RSS 1.63572e-12
45.8023 RSS 4.4626e-13
--
Received one packet! Socket: 10.1.1.1 port: 49153 at time = 45.8023
--
45.9023 RSS 4.41361e-13
46.8 RSS 1.63572e-12
46.8023 RSS 4.4626e-13
--
Received one packet! Socket: 10.1.1.1 port: 49153 at time = 46.8023
--
46.9023 RSS 4.41361e-13
47.8 RSS 1.63572e-12
47.8023 RSS 4.4626e-13
--
Received one packet! Socket: 10.1.1.1 port: 49153 at time = 47.8023
--
47.9023 RSS 4.41361e-13
49.3 RSS 1.63572e-12
49.3023 RSS 4.4626e-13
--
Received one packet! Socket: 10.1.1.1 port: 49153 at time = 49.3023
--
49.4023 RSS 4.41361e-13
49.8 RSS 1.63572e-12
49.8023 RSS 4.4626e-13
--
Received one packet! Socket: 10.1.1.1 port: 49153 at time = 49.8023
--
49.9023 RSS 4.41361e-13
51.3 RSS 1.63572e-12
51.3023 RSS 4.4626e-13
--
Received one packet! Socket: 10.1.1.1 port: 49153 at time = 51.3023
--
51.4023 RSS 4.41361e-13
52 RSS 1.63572e-12
52.0023 RSS 4.4626e-13
--
Received one packet! Socket: 10.1.1.1 port: 49153 at time = 52.0023
--
52.1023 RSS 4.41361e-13
53.4 RSS 1.63572e-12
53.4023 RSS 4.4626e-13
--
Received one packet! Socket: 10.1.1.1 port: 49153 at time = 53.4023
--
53.5023 RSS 4.41361e-13
54.5 RSS 1.63572e-12
54.5023 RSS 4.4626e-13
--
Received one packet! Socket: 10.1.1.1 port: 49153 at time = 54.5023
--
54.6023 RSS 4.41361e-13
55.2 RSS 1.63572e-12
55.2023 RSS 4.4626e-13
--
Received one packet! Socket: 10.1.1.1 port: 49153 at time = 55.2023
--
55.3023 RSS 4.41361e-13
56 RSS 1.63572e-12
56.0023 RSS 4.4626e-13
--
Received one packet! Socket: 10.1.1.1 port: 49153 at time = 56.0023
--
56.1023 RSS 4.41361e-13
56.7 RSS 1.63572e-12
56.7023 RSS 4.4626e-13
--
Received one packet! Socket: 10.1.1.1 port: 49153 at time = 56.7023
--
56.8023 RSS 4.41361e-13
57.6 RSS 1.63572e-12
57.6023 RSS 4.4626e-13
--
Received one packet! Socket: 10.1.1.1 port: 49153 at time = 57.6023
--
57.7023 RSS 4.41361e-13
59 RSS 1.63572e-12
59.0023 RSS 4.4626e-13
--
Received one packet! Socket: 10.1.1.1 port: 49153 at time = 59.0023
--
59.1023 RSS 4.41361e-13
59.7 RSS 1.63572e-12
59.7023 RSS 4.4626e-13
--
Received one packet! Socket: 10.1.1.1 port: 49153 at time = 59.7023
--
59.8023 RSS 4.41361e-13
Actual PDR = 1
Actual RSS = 1.63572e-12
Actual Average Packet RSS = 1.63974e-12
