0 RSS 4.41361e-13
0.000573336 RSS 5.49355e-13
0.00287734 RSS 4.48124e-13
0.00287734 PRSS 5.5492e-13
0.102877 RSS 4.41361e-13
0.800003 RSS 5.49355e-13
0.802307 RSS 4.48124e-13
0.902307 RSS 4.41361e-13
1.5 RSS 5.49355e-13
1.50231 RSS 4.48124e-13
1.60231 RSS 4.41361e-13
2.7 RSS 5.49355e-13
2.70231 RSS 4.48124e-13
2.80231 RSS 4.41361e-13
4.2 RSS 5.49355e-13
4.20231 RSS 4.48124e-13
4.30231 RSS 4.41361e-13
5.1 RSS 5.49355e-13
5.10231 RSS 4.48124e-13
5.20231 RSS 4.41361e-13
5.6 RSS 5.49355e-13
5.60231 RSS 4.48124e-13
5.70231 RSS 4.41361e-13
6.6 RSS 5.49355e-13
6.60231 RSS 4.48124e-13
6.70231 RSS 4.41361e-13
7.7 RSS 5.49355e-13
7.70231 RSS 4.48124e-13
7.80231 RSS 4.41361e-13
9.1 RSS 5.49355e-13
9.10231 RSS 4.48124e-13
9.20231 RSS 4.41361e-13
9.6 RSS 5.49355e-13
9.60231 RSS 4.48124e-13
9.70231 RSS 4.41361e-13
10.6 RSS 5.49355e-13
10.6023 RSS 4.48124e-13
10.7023 RSS 4.41361e-13
11.3 RSS 5.49355e-13
11.3023 RSS 4.48124e-13
11.4023 RSS 4.41361e-13
11.9 RSS 5.49355e-13
11.9023 RSS 4.48124e-13
12.0023 RSS 4.41361e-13
12.4 RSS 5.49355e-13
12.4023 RSS 4.48124e-13
12.5023 RSS 4.41361e-13
13 RSS 5.49355e-13
13.0023 RSS 4.48124e-13
13.1023 RSS 4.41361e-13
14.1 RSS 5.49355e-13
14.1023 RSS 4.48124e-13
14.2023 RSS 4.41361e-13
14.8 RSS 5.49355e-13
14.8023 RSS 4.48124e-13
14.9023 RSS 4.41361e-13
16.3 RSS 5.49355e-13
16.3023 RSS 4.48124e-13
16.4023 RSS 4.41361e-13
17.3 RSS 5.49355e-13
17.3023 RSS 4.48124e-13
17.4023 RSS 4.41361e-13
18.4 RSS 5.49355e-13
18.4023 RSS 4.48124e-13
18.5023 RSS 4.41361e-13
19.3 RSS 5.49355e-13
19.3023 RSS 4.48124e-13
19.4023 RSS 4.41361e-13
20.6 RSS 5.49355e-13
20.6023 RSS 4.48124e-13
20.7023 RSS 4.41361e-13
22 RSS 5.49355e-13
22.0023 RSS 4.48124e-13
22.1023 RSS 4.41361e-13
23 RSS 5.49355e-13
23.0023 RSS 4.48124e-13
23.1023 RSS 4.41361e-13
23.6 RSS 5.49355e-13
23.6023 RSS 4.48124e-13
23.7023 RSS 4.41361e-13
24.7 RSS 5.49355e-13
24.7023 RSS 4.48124e-13
24.8023 RSS 4.41361e-13
25.9 RSS 5.49355e-13
25.9023 RSS 4.48124e-13
26.0023 RSS 4.41361e-13
27.4 RSS 5.49355e-13
27.4023 RSS 4.48124e-13
27.5023 RSS 4.41361e-13
28 RSS 5.49355e-13
28.0023 RSS 4.48124e-13
--
Received one packet! Socket: 10.1.1.1 port: 49153 at time = 28.0023
--
28.1023 RSS 4.41361e-13
28.9 RSS 5.49355e-13
28.9023 RSS 4.48124e-13
29.0023 RSS 4.41361e-13
30.1 RSS 5.49355e-13
30.1023 RSS 4.48124e-13
30.2023 RSS 4.41361e-13
31 RSS 5.49355e-13
31.0023 RSS 4.48124e-13
31.1023 RSS 4.41361e-13
32.2 RSS 5.49355e-13
32.2023 RSS 4.48124e-13
32.3023 RSS 4.41361e-13
32.9 RSS 5.49355e-13
32.9023 RSS 4.48124e-13
33.0023 RSS 4.41361e-13
33.7 RSS 5.49355e-13
33.7023 RSS 4.48124e-13
33.8023 RSS 4.41361e-13
34.2 RSS 5.49355e-13
34.2023 RSS 4.48124e-13
34.3023 RSS 4.41361e-13
34.7 RSS 5.49355e-13
34.7023 RSS 4.48124e-13
34.8023 RSS 4.41361e-13
35.8 RSS 5.49355e-13
35.8023 RSS 4.48124e-13
35.9023 RSS 4.41361e-13
36.7 RSS 5.49355e-13
36.7023 RSS 4.48124e-13
36.8023 RSS 4.41361e-13
38.1 RSS 5.49355e-13
38.1023 RSS 4.48124e-13
38.2023 RSS 4.41361e-13
39.3 RSS 5.49355e-13
39.3023 RSS 4.48124e-13
39.4023 RSS 4.41361e-13
40.6 RSS 5.49355e-13
40.6023 RSS 4.48124e-13
40.7023 RSS 4.41361e-13
42 RSS 5.49355e-13
42.0023 RSS 4.48124e-13
42.1023 RSS 4.41361e-13
43.3 RSS 5.49355e-13
43.3023 RSS 4.48124e-13
43.4023 RSS 4.41361e-13
44.6 RSS 5.49355e-13
44.6023 RSS 4.48124e-13
44.7023 RSS 4.41361e-13
45.1 RSS 5.49355e-13
45.1023 RSS 4.48124e-13
45.2023 RSS 4.41361e-13
45.7 RSS 5.49355e-13
45.7023 RSS 4.48124e-13
45.8023 RSS 4.41361e-13
47.1 RSS 5.49355e-13
47.1023 RSS 4.48124e-13
47.2023 RSS 4.41361e-13
48.6 RSS 5.49355e-13
48.6023 RSS 4.48124e-13
48.7023 RSS 4.41361e-13
49.5 RSS 5.49355e-13
49.5023 RSS 4.48124e-13
49.6023 RSS 4.41361e-13
50.4 RSS 5.49355e-13
50.4023 RSS 4.48124e-13
50.5023 RSS 4.41361e-13
51 RSS 5.49355e-13
51.0023 RSS 4.48124e-13
51.1023 RSS 4.41361e-13
51.6 RSS 5.49355e-13
51.6023 RSS 4.48124e-13
51.7023 RSS 4.41361e-13
52.1 RSS 5.49355e-13
52.1023 RSS 4.48124e-13
52.2023 RSS 4.41361e-13
53.2 RSS 5.49355e-13
53.2023 RSS 4.48124e-13
53.3023 RSS 4.41361e-13
54 RSS 5.49355e-13
54.0023 RSS 4.48124e-13
54.1023 RSS 4.41361e-13
54.9 RSS 5.49355e-13
54.9023 RSS 4.48124e-13
55.0023 RSS 4.41361e-13
55.5 RSS 5.49355e-13
55.5023 RSS 4.48124e-13
55.6023 RSS 4.41361e-13
56 RSS 5.49355e-13
56.0023 RSS 4.48124e-13
56.1023 RSS 4.41361e-13
57 RSS 5.49355e-13
57.0023 RSS 4.48124e-13
57.1023 RSS 4.41361e-13
58 RSS 5.49355e-13
58.0023 RSS 4.48124e-13
58.1023 RSS 4.41361e-13
59 RSS 5.49355e-13
59.0023 RSS 4.48124e-13
59.1023 RSS 4.41361e-13
Actual PDR = 0.025
Actual RSS = 5.49355e-13
Actual Average Packet RSS = 5.5492e-13
