0 RSS 4.41361e-13
0.000571336 RSS 1.11431e-12
0.00287534 RSS 4.46475e-13
0.00287534 PRSS 1.1185e-12
--
Received one packet! Socket: 10.1.1.1 port: 49153 at time = 0.00287534
--
0.102875 RSS 4.41361e-13
0.600001 RSS 1.11431e-12
0.602305 RSS 4.46475e-13
--
Received one packet! Socket: 10.1.1.1 port: 49153 at time = 0.602305
--
0.702305 RSS 4.41361e-13
2.1 RSS 1.11431e-12
2.10231 RSS 4.46475e-13
--
Received one packet! Socket: 10.1.1.1 port: 49153 at time = 2.10231
--
2.20231 RSS 4.41361e-13
3.4 RSS 1.11431e-12
3.40231 RSS 4.46475e-13
--
Received one packet! Socket: 10.1.1.1 port: 49153 at time = 3.40231
--
3.50231 RSS 4.41361e-13
4 RSS 1.11431e-12
4.00231 RSS 4.46475e-13
--
Received one packet! Socket: 10.1.1.1 port: 49153 at time = 4.00231
--
4.10231 RSS 4.41361e-13
5.1 RSS 1.11431e-12
5.10231 RSS 4.46475e-13
--
Received one packet! Socket: 10.1.1.1 port: 49153 at time = 5.10231
--
5.20231 RSS 4.41361e-13
5.8 RSS 1.11431e-12
5.80231 RSS 4.46475e-13
--
Received one packet! Socket: 10.1.1.1 port: 49153 at time = 5.80231
--
5.90231 RSS 4.41361e-13
7 RSS 1.11431e-12
7.00231 RSS 4.46475e-13
--
Received one packet! Socket: 10.1.1.1 port: 49153 at time = 7.00231
--
7.10231 RSS 4.41361e-13
8.4 RSS 1.11431e-12
8.40231 RSS 4.46475e-13
--
Received one packet! Socket: 10.1.1.1 port: 49153 at time = 8.40231
--
8.50231 RSS 4.41361e-13
9.7 RSS 1.11431e-12
9.70231 RSS 4.46475e-13
--
Received one packet! Socket: 10.1.1.1 port: 49153 at time = 9.70231
--
9.80231 RSS 4.41361e-13
10.3 RSS 1.11431e-12
10.3023 RSS 4.46475e-13
--
Received one packet! Socket: 10.1.1.1 port: 49153 at time = 10.3023
--
10.4023 RSS 4.41361e-13
11.5 RSS 1.11431e-12
11.5023 RSS 4.46475e-13
--
Received one packet! Socket: 10.1.1.1 port: 49153 at time = 11.5023
--
11.6023 RSS 4.41361e-13
12.2 RSS 1.11431e-12
12.2023 RSS 4.46475e-13
--
Received one packet! Socket: 10.1.1.1 port: 49153 at time = 12.2023
--
12.3023 RSS 4.41361e-13
13.4 RSS 1.11431e-12
13.4023 RSS 4.46475e-13
--
Received one packet! Socket: 10.1.1.1 port: 49153 at time = 13.4023
--
13.5023 RSS 4.41361e-13
13.9 RSS 1.11431e-12
13.9023 RSS 4.46475e-13
--
Received one packet! Socket: 10.1.1.1 port: 49153 at time = 13.9023
--
14.0023 RSS 4.41361e-13
14.6 RSS 1.11431e-12
14.6023 RSS 4.46475e-13
--
Received one packet! Socket: 10.1.1.1 port: 49153 at time = 14.6023
--
14.7023 RSS 4.41361e-13
15.3 RSS 1.11431e-12
15.3023 RSS 4.46475e-13
--
Received one packet! Socket: 10.1.1.1 port: 49153 at time = 15.3023
--
15.4023 RSS 4.41361e-13
16 RSS 1.11431e-12
16.0023 RSS 4.46475e-13
--
Received one packet! Socket: 10.1.1.1 port: 49153 at time = 16.0023
--
16.1023 RSS 4.41361e-13
16.5 RSS 1.11431e-12
16.5023 RSS 4.46475e-13
--
Received one packet! Socket: 10.1.1.1 port: 49153 at time = 16.5023
--
16.6023 RSS 4.41361e-13
17.1 RSS 1.11431e-12
17.1023 RSS 4.46475e-13
--
Received one packet! Socket: 10.1.1.1 port: 49153 at time = 17.1023
--
17.2023 RSS 4.41361e-13
18.4 RSS 1.11431e-12
18.4023 RSS 4.46475e-13
--
Received one packet! Socket: 10.1.1.1 port: 49153 at time = 18.4023
--
18.5023 RSS 4.41361e-13
19.9 RSS 1.11431e-12
19.9023 RSS 4.46475e-13
--
Received one packet! Socket: 10.1.1.1 port: 49153 at time = 19.9023
--
20.0023 RSS 4.41361e-13
20.8 RSS 1.11431e-12
20.8023 RSS 4.46475e-13
--
Received one packet! Socket: 10.1.1.1 port: 49153 at time = 20.8023
--
20.9023 RSS 4.41361e-13
22.2 RSS 1.11431e-12
22.2023 RSS 4.46475e-13
--
Received one packet! Socket: 10.1.1.1 port: 49153 at time = 22.2023
--
22.3023 RSS 4.41361e-13
23.4 RSS 1.11431e-12
23.4023 RSS 4.46475e-13
--
Received one packet! Socket: 10.1.1.1 port: 49153 at time = 23.4023
--
23.5023 RSS 4.41361e-13
24.3 RSS 1.11431e-12
24.3023 RSS 4.46475e-13
--
Received one packet! Socket: 10.1.1.1 port: 49153 at time = 24.3023
--
24.4023 RSS 4.41361e-13
25.8 RSS 1.11431e-12
25.8023 RSS 4.46475e-13
--
Received one packet! Socket: 10.1.1.1 port: 49153 at time = 25.8023
--
25.9023 RSS 4.41361e-13
26.3 RSS 1.11431e-12
26.3023 RSS 4.46475e-13
--
Received one packet! Socket: 10.1.1.1 port: 49153 at time = 26.3023
--
26.4023 RSS 4.41361e-13
26.9 RSS 1.11431e-12
26.9023 RSS 4.46475e-13
--
Received one packet! Socket: 10.1.1.1 port: 49153 at time = 26.9023
--
27.0023 RSS 4.41361e-13
27.9 RSS 1.11431e-12
27.9023 RSS 4.46475e-13
--
Received one packet! Socket: 10.1.1.1 port: 49153 at time = 27.9023
--
28.0023 RSS 4.41361e-13
29 RSS 1.11431e-12
29.0023 RSS 4.46475e-13
--
Received one packet! Socket: 10.1.1.1 port: 49153 at time = 29.0023
--
29.1023 RSS 4.41361e-13
30.4 RSS 1.11431e-12
30.4023 RSS 4.46475e-13
--
Received one packet! Socket: 10.1.1.1 port: 49153 at time = 30.4023
--
30.5023 RSS 4.41361e-13
31.3 RSS 1.11431e-12
31.3023 RSS 4.46475e-13
--
Received one packet! Socket: 10.1.1.1 port: 49153 at time = 31.3023
--
31.4023 RSS 4.41361e-13
32.1 RSS 1.11431e-12
32.1023 RSS 4.46475e-13
--
Received one packet! Socket: 10.1.1.1 port: 49153 at time = 32.1023
--
32.2023 RSS 4.41361e-13
33.3 RSS 1.11431e-12
33.3023 RSS 4.46475e-13
--
Received one packet! Socket: 10.1.1.1 port: 49153 at time = 33.3023
--
33.4023 RSS 4.41361e-13
34.3 RSS 1.11431e-12
34.3023 RSS 4.46475e-13
--
Received one packet! Socket: 10.1.1.1 port: 49153 at time = 34.3023
--
34.4023 RSS 4.41361e-13
35.7 RSS 1.11431e-12
35.7023 RSS 4.46475e-13
--
Received one packet! Socket: 10.1.1.1 port: 49153 at time = 35.7023
--
35.8023 RSS 4.41361e-13
36.9 RSS 1.11431e-12
36.9023 RSS 4.46475e-13
--
Received one packet! Socket: 10.1.1.1 port: 49153 at time = 36.9023
--
37.0023 RSS 4.41361e-13
38.4 RSS 1.11431e-12
38.4023 RSS 4.46475e-13
--
Received one packet! Socket: 10.1.1.1 port: 49153 at time = 38.4023
--
38.5023 RSS 4.41361e-13
39.7 RSS 1.11431e-12
39.7023 RSS 4.46475e-13
--
Received one packet! Socket: 10.1.1.1 port: 49153 at time = 39.7023
--
39.8023 RSS 4.41361e-13
40.5 RSS 1.11431e-12
40.5023 RSS 4.46475e-13
--
Received one packet! Socket: 10.1.1.1 port: 49153 at time = 40.5023
--
40.6023 RSS 4.41361e-13
41 RSS 1.11431e-12
41.0023 RSS 4.46475e-13
--
Received one packet! Socket: 10.1.1.1 port: 49153 at time = 41.0023
--
41.1023 RSS 4.41361e-13
41.7 RSS 1.11431e-12
41.7023 RSS 4.46475e-13
--
Received one packet! Socket: 10.1.1.1 port: 49153 at time = 41.7023
--
41.8023 RSS 4.41361e-13
42.7 RSS 1.11431e-12
42.7023 RSS 4.46475e-13
--
Received one packet! Socket: 10.1.1.1 port: 49153 at time = 42.7023
--
42.8023 RSS 4.41361e-13
43.8 RSS 1.11431e-12
43.8023 RSS 4.46475e-13
--
Received one packet! Socket: 10.1.1.1 port: 49153 at time = 43.8023
--
43.9023 RSS 4.41361e-13
44.4 RSS 1.11431e-12
44.4023 RSS 4.46475e-13
--
Received one packet! Socket: 10.1.1.1 port: 49153 at time = 44.4023
--
44.5023 RSS 4.41361e-13
45.4 RSS 1.11431e-12
45.4023 RSS 4.46475e-13
--
Received one packet! Socket: 10.1.1.1 port: 49153 at time = 45.4023
--
45.5023 RSS 4.41361e-13
46.7 RSS 1.11431e-12
46.7023 RSS 4.46475e-13
--
Received one packet! Socket: 10.1.1.1 port: 49153 at time = 46.7023
--
46.8023 RSS 4.41361e-13
47.5 RSS 1.11431e-12
47.5023 RSS 4.46475e-13
--
Received one packet! Socket: 10.1.1.1 port: 49153 at time = 47.5023
--
47.6023 RSS 4.41361e-13
48.3 RSS 1.11431e-12
48.3023 RSS 4.46475e-13
--
Received one packet! Socket: 10.1.1.1 port: 49153 at time = 48.3023
--
48.4023 RSS 4.41361e-13
49.8 RSS 1.11431e-12
49.8023 RSS 4.46475e-13
--
Received one packet! Socket: 10.1.1.1 port: 49153 at time = 49.8023
--
49.9023 RSS 4.41361e-13
51.2 RSS 1.11431e-12
51.2023 RSS 4.46475e-13
--
Received one packet! Socket: 10.1.1.1 port: 49153 at time = 51.2023
--
51.3023 RSS 4.41361e-13
51.8 RSS 1.11431e-12
51.8023 RSS 4.46475e-13
--
Received one packet! Socket: 10.1.1.1 port: 49153 at time = 51.8023
--
51.9023 RSS 4.41361e-13
52.6 RSS 1.11431e-12
52.6023 RSS 4.46475e-13
--
Received one packet! Socket: 10.1.1.1 port: 49153 at time = 52.6023
--
52.7023 RSS 4.41361e-13
53.8 RSS 1.11431e-12
53.8023 RSS 4.46475e-13
--
Received one packet! Socket: 10.1.1.1 port: 49153 at time = 53.8023
--
53.9023 RSS 4.41361e-13
55.1 RSS 1.11431e-12
55.1023 RSS 4.46475e-13
--
Received one packet! Socket: 10.1.1.1 port: 49153 at time = 55.1023
--
55.2023 RSS 4.41361e-13
56.1 RSS 1.11431e-12
56.1023 RSS 4.46475e-13
--
Received one packet! Socket: 10.1.1.1 port: 49153 at time = 56.1023
--
56.2023 RSS 4.41361e-13
57 RSS 1.11431e-12
57.0023 RSS 4.46475e-13
--
Received one packet! Socket: 10.1.1.1 port: 49153 at time = 57.0023
--
57.1023 RSS 4.41361e-13
58.4 RSS 1.11431e-12
58.4023 RSS 4.46475e-13
--
Received one packet! Socket: 10.1.1.1 port: 49153 at time = 58.4023
--
58.5023 RSS 4.41361e-13
59.3 RSS 1.11431e-12
59.3023 RSS 4.46475e-13
--
Received one packet! Socket: 10.1.1.1 port: 49153 at time = 59.3023
--
59.4023 RSS 4.41361e-13
Actual PDR = 1
Actual RSS = 1.11431e-12
Actual Average Packet RSS = 1.1185e-12
