0 RSS 4.41361e-13
0.000574003 RSS 5.16382e-13
0.002878 RSS 4.48855e-13
0.002878 PRSS 5.22553e-13
0.102878 RSS 4.41361e-13
0.900004 RSS 5.16382e-13
0.902308 RSS 4.48855e-13
1.00231 RSS 4.41361e-13
2.3 RSS 5.16382e-13
2.30231 RSS 4.48855e-13
2.40231 RSS 4.41361e-13
3.1 RSS 5.16382e-13
3.10231 RSS 4.48855e-13
3.20231 RSS 4.41361e-13
3.8 RSS 5.16382e-13
3.80231 RSS 4.48855e-13
3.90231 RSS 4.41361e-13
5.3 RSS 5.16382e-13
5.30231 RSS 4.48855e-13
5.40231 RSS 4.41361e-13
6.2 RSS 5.16382e-13
6.20231 RSS 4.48855e-13
6.30231 RSS 4.41361e-13
6.8 RSS 5.16382e-13
6.80231 RSS 4.48855e-13
6.90231 RSS 4.41361e-13
8.1 RSS 5.16382e-13
8.10231 RSS 4.48855e-13
8.20231 RSS 4.41361e-13
9.5 RSS 5.16382e-13
9.50231 RSS 4.48855e-13
9.60231 RSS 4.41361e-13
10.9 RSS 5.16382e-13
10.9023 RSS 4.48855e-13
11.0023 RSS 4.41361e-13
11.8 RSS 5.16382e-13
11.8023 RSS 4.48855e-13
11.9023 RSS 4.41361e-13
12.5 RSS 5.16382e-13
12.5023 RSS 4.48855e-13
12.6023 RSS 4.41361e-13
13 RSS 5.16382e-13
13.0023 RSS 4.48855e-13
13.1023 RSS 4.41361e-13
14.3 RSS 5.16382e-13
14.3023 RSS 4.48855e-13
14.4023 RSS 4.41361e-13
15 RSS 5.16382e-13
15.0023 RSS 4.48855e-13
15.1023 RSS 4.41361e-13
16 RSS 5.16382e-13
16.0023 RSS 4.48855e-13
16.1023 RSS 4.41361e-13
17 RSS 5.16382e-13
17.0023 RSS 4.48855e-13
17.1023 RSS 4.41361e-13
18 RSS 5.16382e-13
18.0023 RSS 4.48855e-13
18.1023 RSS 4.41361e-13
18.6 RSS 5.16382e-13
18.6023 RSS 4.48855e-13
18.7023 RSS 4.41361e-13
19.8 RSS 5.16382e-13
19.8023 RSS 4.48855e-13
19.9023 RSS 4.41361e-13
21.2 RSS 5.16382e-13
21.2023 RSS 4.48855e-13
21.3023 RSS 4.41361e-13
21.9 RSS 5.16382e-13
21.9023 RSS 4.48855e-13
22.0023 RSS 4.41361e-13
22.7 RSS 5.16382e-13
22.7023 RSS 4.48855e-13
22.8023 RSS 4.41361e-13
23.5 RSS 5.16382e-13
23.5023 RSS 4.48855e-13
23.6023 RSS 4.41361e-13
24.7 RSS 5.16382e-13
24.7023 RSS 4.48855e-13
24.8023 RSS 4.41361e-13
26.2 RSS 5.16382e-13
26.2023 RSS 4.48855e-13
26.3023 RSS 4.41361e-13
26.8 RSS 5.16382e-13
26.8023 RSS 4.48855e-13
26.9023 RSS 4.41361e-13
27.8 RSS 5.16382e-13
27.8023 RSS 4.48855e-13
27.9023 RSS 4.41361e-13
29.3 RSS 5.16382e-13
29.3023 RSS 4.48855e-13
29.4023 RSS 4.41361e-13
30.5 RSS 5.16382e-13
30.5023 RSS 4.48855e-13
30.6023 RSS 4.41361e-13
31.8 RSS 5.16382e-13
31.8023 RSS 4.48855e-13
31.9023 RSS 4.41361e-13
32.4 RSS 5.16382e-13
32.4023 RSS 4.48855e-13
32.5023 RSS 4.41361e-13
33.3 RSS 5.16382e-13
33.3023 RSS 4.48855e-13
33.4023 RSS 4.41361e-13
33.8 RSS 5.16382e-13
33.8023 RSS 4.48855e-13
33.9023 RSS 4.41361e-13
34.7 RSS 5.16382e-13
34.7023 RSS 4.48855e-13
34.8023 RSS 4.41361e-13
35.3 RSS 5.16382e-13
35.3023 RSS 4.48855e-13
35.4023 RSS 4.41361e-13
36 RSS 5.16382e-13
36.0023 RSS 4.48855e-13
36.1023 RSS 4.41361e-13
36.8 RSS 5.16382e-13
36.8023 RSS 4.48855e-13
36.9023 RSS 4.41361e-13
38.3 RSS 5.16382e-13
38.3023 RSS 4.48855e-13
38.4023 RSS 4.41361e-13
39.7 RSS 5.16382e-13
39.7023 RSS 4.48855e-13
39.8023 RSS 4.41361e-13
40.3 RSS 5.16382e-13
40.3023 RSS 4.48855e-13
40.4023 RSS 4.41361e-13
41.1 RSS 5.16382e-13
41.1023 RSS 4.48855e-13
41.2023 RSS 4.41361e-13
41.6 RSS 5.16382e-13
41.6023 RSS 4.48855e-13
41.7023 RSS 4.41361e-13
42.3 RSS 5.16382e-13
42.3023 RSS 4.48855e-13
42.4023 RSS 4.41361e-13
42.8 RSS 5.16382e-13
42.8023 RSS 4.48855e-13
42.9023 RSS 4.41361e-13
43.5 RSS 5.16382e-13
43.5023 RSS 4.48855e-13
43.6023 RSS 4.41361e-13
44.5 RSS 5.16382e-13
44.5023 RSS 4.48855e-13
44.6023 RSS 4.41361e-13
45.3 RSS 5.16382e-13
45.3023 RSS 4.48855e-13
45.4023 RSS 4.41361e-13
46.4 RSS 5.16382e-13
46.4023 RSS 4.48855e-13
46.5023 RSS 4.41361e-13
47.6 RSS 5.16382e-13
47.6023 RSS 4.48855e-13
47.7023 RSS 4.41361e-13
49 RSS 5.16382e-13
49.0023 RSS 4.48855e-13
49.1023 RSS 4.41361e-13
49.7 RSS 5.16382e-13
49.7023 RSS 4.48855e-13
49.8023 RSS 4.41361e-13
51.1 RSS 5.16382e-13
51.1023 RSS 4.48855e-13
51.2023 RSS 4.41361e-13
52.6 RSS 5.16382e-13
52.6023 RSS 4.48855e-13
52.7023 RSS 4.41361e-13
53.6 RSS 5.16382e-13
53.6023 RSS 4.48855e-13
53.7023 RSS 4.41361e-13
54.4 RSS 5.16382e-13
54.4023 RSS 4.48855e-13
54.5023 RSS 4.41361e-13
55.8 RSS 5.16382e-13
55.8023 RSS 4.48855e-13
55.9023 RSS 4.41361e-13
56.8 RSS 5.16382e-13
56.8023 RSS 4.48855e-13
56.9023 RSS 4.41361e-13
57.9 RSS 5.16382e-13
57.9023 RSS 4.48855e-13
58.0023 RSS 4.41361e-13
59 RSS 5.16382e-13
59.0023 RSS 4.48855e-13
59.1023 RSS 4.41361e-13
Actual PDR = 0
Actual RSS = 5.16382e-13
Actual Average Packet RSS = 5.22553e-13
