0 RSS 4.41361e-13
0.000572003 RSS 7.40946e-13
0.002876 RSS 4.46951e-13
0.002876 PRSS 7.45538e-13
--
Received one packet! Socket: 10.1.1.1 port: 49153 at time = 0.002876
--
0.102876 RSS 4.41361e-13
0.600002 RSS 7.40946e-13
0.602306 RSS 4.46951e-13
--
Received one packet! Socket: 10.1.1.1 port: 49153 at time = 0.602306
--
0.702306 RSS 4.41361e-13
1.3 RSS 7.40946e-13
1.30231 RSS 4.46951e-13
--
Received one packet! Socket: 10.1.1.1 port: 49153 at time = 1.30231
--
1.40231 RSS 4.41361e-13
1.9 RSS 7.40946e-13
1.90231 RSS 4.46951e-13
--
Received one packet! Socket: 10.1.1.1 port: 49153 at time = 1.90231
--
2.00231 RSS 4.41361e-13
3 RSS 7.40946e-13
3.00231 RSS 4.46951e-13
--
Received one packet! Socket: 10.1.1.1 port: 49153 at time = 3.00231
--
3.10231 RSS 4.41361e-13
4.4 RSS 7.40946e-13
4.40231 RSS 4.46951e-13
--
Received one packet! Socket: 10.1.1.1 port: 49153 at time = 4.40231
--
4.50231 RSS 4.41361e-13
5.4 RSS 7.40946e-13
5.40231 RSS 4.46951e-13
--
Received one packet! Socket: 10.1.1.1 port: 49153 at time = 5.40231
--
5.50231 RSS 4.41361e-13
6.1 RSS 7.40946e-13
6.10231 RSS 4.46951e-13
--
Received one packet! Socket: 10.1.1.1 port: 49153 at time = 6.10231
--
6.20231 RSS 4.41361e-13
6.9 RSS 7.40946e-13
6.90231 RSS 4.46951e-13
--
Received one packet! Socket: 10.1.1.1 port: 49153 at time = 6.90231
--
7.00231 RSS 4.41361e-13
7.8 RSS 7.40946e-13
7.80231 RSS 4.46951e-13
--
Received one packet! Socket: 10.1.1.1 port: 49153 at time = 7.80231
--
7.90231 RSS 4.41361e-13
9 RSS 7.40946e-13
9.00231 RSS 4.46951e-13
--
Received one packet! Socket: 10.1.1.1 port: 49153 at time = 9.00231
--
9.10231 RSS 4.41361e-13
10 RSS 7.40946e-13
10.0023 RSS 4.46951e-13
--
Received one packet! Socket: 10.1.1.1 port: 49153 at time = 10.0023
--
10.1023 RSS 4.41361e-13
10.9 RSS 7.40946e-13
10.9023 RSS 4.46951e-13
--
Received one packet! Socket: 10.1.1.1 port: 49153 at time = 10.9023
--
11.0023 RSS 4.41361e-13
12.1 RSS 7.40946e-13
12.1023 RSS 4.46951e-13
--
Received one packet! Socket: 10.1.1.1 port: 49153 at time = 12.1023
--
12.2023 RSS 4.41361e-13
13.6 RSS 7.40946e-13
13.6023 RSS 4.46951e-13
--
Received one packet! Socket: 10.1.1.1 port: 49153 at time = 13.6023
--
13.7023 RSS 4.41361e-13
14.1 RSS 7.40946e-13
14.1023 RSS 4.46951e-13
--
Received one packet! Socket: 10.1.1.1 port: 49153 at time = 14.1023
--
14.2023 RSS 4.41361e-13
14.8 RSS 7.40946e-13
14.8023 RSS 4.46951e-13
--
Received one packet! Socket: 10.1.1.1 port: 49153 at time = 14.8023
--
14.9023 RSS 4.41361e-13
15.6 RSS 7.40946e-13
15.6023 RSS 4.46951e-13
--
Received one packet! Socket: 10.1.1.1 port: 49153 at time = 15.6023
--
15.7023 RSS 4.41361e-13
16.9 RSS 7.40946e-13
16.9023 RSS 4.46951e-13
--
Received one packet! Socket: 10.1.1.1 port: 49153 at time = 16.9023
--
17.0023 RSS 4.41361e-13
17.5 RSS 7.40946e-13
17.5023 RSS 4.46951e-13
--
Received one packet! Socket: 10.1.1.1 port: 49153 at time = 17.5023
--
17.6023 RSS 4.41361e-13
18.3 RSS 7.40946e-13
18.3023 RSS 4.46951e-13
--
Received one packet! Socket: 10.1.1.1 port: 49153 at time = 18.3023
--
18.4023 RSS 4.41361e-13
19.1 RSS 7.40946e-13
19.1023 RSS 4.46951e-13
--
Received one packet! Socket: 10.1.1.1 port: 49153 at time = 19.1023
--
19.2023 RSS 4.41361e-13
19.7 RSS 7.40946e-13
19.7023 RSS 4.46951e-13
--
Received one packet! Socket: 10.1.1.1 port: 49153 at time = 19.7023
--
19.8023 RSS 4.41361e-13
20.5 RSS 7.40946e-13
20.5023 RSS 4.46951e-13
--
Received one packet! Socket: 10.1.1.1 port: 49153 at time = 20.5023
--
20.6023 RSS 4.41361e-13
22 RSS 7.40946e-13
22.0023 RSS 4.46951e-13
--
Received one packet! Socket: 10.1.1.1 port: 49153 at time = 22.0023
--
22.1023 RSS 4.41361e-13
22.7 RSS 7.40946e-13
22.7023 RSS 4.46951e-13
--
Received one packet! Socket: 10.1.1.1 port: 49153 at time = 22.7023
--
22.8023 RSS 4.41361e-13
23.8 RSS 7.40946e-13
23.8023 RSS 4.46951e-13
--
Received one packet! Socket: 10.1.1.1 port: 49153 at time = 23.8023
--
23.9023 RSS 4.41361e-13
24.4 RSS 7.40946e-13
24.4023 RSS 4.46951e-13
--
Received one packet! Socket: 10.1.1.1 port: 49153 at time = 24.4023
--
24.5023 RSS 4.41361e-13
25.7 RSS 7.40946e-13
25.7023 RSS 4.46951e-13
--
Received one packet! Socket: 10.1.1.1 port: 49153 at time = 25.7023
--
25.8023 RSS 4.41361e-13
26.5 RSS 7.40946e-13
26.5023 RSS 4.46951e-13
--
Received one packet! Socket: 10.1.1.1 port: 49153 at time = 26.5023
--
26.6023 RSS 4.41361e-13
27.6 RSS 7.40946e-13
27.6023 RSS 4.46951e-13
--
Received one packet! Socket: 10.1.1.1 port: 49153 at time = 27.6023
--
27.7023 RSS 4.41361e-13
28.9 RSS 7.40946e-13
28.9023 RSS 4.46951e-13
--
Received one packet! Socket: 10.1.1.1 port: 49153 at time = 28.9023
--
29.0023 RSS 4.41361e-13
29.8 RSS 7.40946e-13
29.8023 RSS 4.46951e-13
--
Received one packet! Socket: 10.1.1.1 port: 49153 at time = 29.8023
--
29.9023 RSS 4.41361e-13
30.9 RSS 7.40946e-13
30.9023 RSS 4.46951e-13
--
Received one packet! Socket: 10.1.1.1 port: 49153 at time = 30.9023
--
31.0023 RSS 4.41361e-13
32.1 RSS 7.40946e-13
32.1023 RSS 4.46951e-13
--
Received one packet! Socket: 10.1.1.1 port: 49153 at time = 32.1023
--
32.2023 RSS 4.41361e-13
33.6 RSS 7.40946e-13
33.6023 RSS 4.46951e-13
--
Received one packet! Socket: 10.1.1.1 port: 49153 at time = 33.6023
--
33.7023 RSS 4.41361e-13
34.5 RSS 7.40946e-13
34.5023 RSS 4.46951e-13
--
Received one packet! Socket: 10.1.1.1 port: 49153 at time = 34.5023
--
34.6023 RSS 4.41361e-13
35.2 RSS 7.40946e-13
35.2023 RSS 4.46951e-13
--
Received one packet! Socket: 10.1.1.1 port: 49153 at time = 35.2023
--
35.3023 RSS 4.41361e-13
36.7 RSS 7.40946e-13
36.7023 RSS 4.46951e-13
--
Received one packet! Socket: 10.1.1.1 port: 49153 at time = 36.7023
--
36.8023 RSS 4.41361e-13
37.8 RSS 7.40946e-13
37.8023 RSS 4.46951e-13
--
Received one packet! Socket: 10.1.1.1 port: 49153 at time = 37.8023
--
37.9023 RSS 4.41361e-13
38.7 RSS 7.40946e-13
38.7023 RSS 4.46951e-13
--
Received one packet! Socket: 10.1.1.1 port: 49153 at time = 38.7023
--
38.8023 RSS 4.41361e-13
39.9 RSS 7.40946e-13
39.9023 RSS 4.46951e-13
--
Received one packet! Socket: 10.1.1.1 port: 49153 at time = 39.9023
--
40.0023 RSS 4.41361e-13
41.3 RSS 7.40946e-13
41.3023 RSS 4.46951e-13
--
Received one packet! Socket: 10.1.1.1 port: 49153 at time = 41.3023
--
41.4023 RSS 4.41361e-13
42.6 RSS 7.40946e-13
42.6023 RSS 4.46951e-13
--
Received one packet! Socket: 10.1.1.1 port: 49153 at time = 42.6023
--
42.7023 RSS 4.41361e-13
43.4 RSS 7.40946e-13
43.4023 RSS 4.46951e-13
--
Received one packet! Socket: 10.1.1.1 port: 49153 at time = 43.4023
--
43.5023 RSS 4.41361e-13
44.7 RSS 7.40946e-13
44.7023 RSS 4.46951e-13
--
Received one packet! Socket: 10.1.1.1 port: 49153 at time = 44.7023
--
44.8023 RSS 4.41361e-13
45.8 RSS 7.40946e-13
45.8023 RSS 4.46951e-13
--
Received one packet! Socket: 10.1.1.1 port: 49153 at time = 45.8023
--
45.9023 RSS 4.41361e-13
46.7 RSS 7.40946e-13
46.7023 RSS 4.46951e-13
--
Received one packet! Socket: 10.1.1.1 port: 49153 at time = 46.7023
--
46.8023 RSS 4.41361e-13
47.3 RSS 7.40946e-13
47.3023 RSS 4.46951e-13
--
Received one packet! Socket: 10.1.1.1 port: 49153 at time = 47.3023
--
47.4023 RSS 4.41361e-13
48 RSS 7.40946e-13
48.0023 RSS 4.46951e-13
--
Received one packet! Socket: 10.1.1.1 port: 49153 at time = 48.0023
--
48.1023 RSS 4.41361e-13
49 RSS 7.40946e-13
49.0023 RSS 4.46951e-13
--
Received one packet! Socket: 10.1.1.1 port: 49153 at time = 49.0023
--
49.1023 RSS 4.41361e-13
49.7 RSS 7.40946e-13
49.7023 RSS 4.46951e-13
--
Received one packet! Socket: 10.1.1.1 port: 49153 at time = 49.7023
--
49.8023 RSS 4.41361e-13
50.7 RSS 7.40946e-13
50.7023 RSS 4.46951e-13
--
Received one packet! Socket: 10.1.1.1 port: 49153 at time = 50.7023
--
50.8023 RSS 4.41361e-13
51.8 RSS 7.40946e-13
51.8023 RSS 4.46951e-13
--
Received one packet! Socket: 10.1.1.1 port: 49153 at time = 51.8023
--
51.9023 RSS 4.41361e-13
52.8 RSS 7.40946e-13
52.8023 RSS 4.46951e-13
--
Received one packet! Socket: 10.1.1.1 port: 49153 at time = 52.8023
--
52.9023 RSS 4.41361e-13
53.5 RSS 7.40946e-13
53.5023 RSS 4.46951e-13
--
Received one packet! Socket: 10.1.1.1 port: 49153 at time = 53.5023
--
53.6023 RSS 4.41361e-13
54.6 RSS 7.40946e-13
54.6023 RSS 4.46951e-13
--
Received one packet! Socket: 10.1.1.1 port: 49153 at time = 54.6023
--
54.7023 RSS 4.41361e-13
56 RSS 7.40946e-13
56.0023 RSS 4.46951e-13
--
Received one packet! Socket: 10.1.1.1 port: 49153 at time = 56.0023
--
56.1023 RSS 4.41361e-13
56.8 RSS 7.40946e-13
56.8023 RSS 4.46951e-13
--
Received one packet! Socket: 10.1.1.1 port: 49153 at time = 56.8023
--
56.9023 RSS 4.41361e-13
57.7 RSS 7.40946e-13
57.7023 RSS 4.46951e-13
--
Received one packet! Socket: 10.1.1.1 port: 49153 at time = 57.7023
--
57.8023 RSS 4.41361e-13
58.3 RSS 7.40946e-13
58.3023 RSS 4.46951e-13
--
Received one packet! Socket: 10.1.1.1 port: 49153 at time = 58.3023
--
58.4023 RSS 4.41361e-13
59.6 RSS 7.40946e-13
59.6023 RSS 4.46951e-13
--
Received one packet! Socket: 10.1.1.1 port: 49153 at time = 59.6023
--
59.7023 RSS 4.41361e-13
Actual PDR = 1
Actual RSS = 7.40946e-13
Actual Average Packet RSS = 7.45538e-13
