0 RSS 4.41361e-13
0.000571336 RSS 1.11431e-12
0.00287534 RSS 4.46475e-13
0.00287534 PRSS 1.1185e-12
--
Received one packet! Socket: 10.1.1.1 port: 49153 at time = 0.00287534
--
0.102875 RSS 4.41361e-13
0.600001 RSS 1.11431e-12
0.602305 RSS 4.46475e-13
--
Received one packet! Socket: 10.1.1.1 port: 49153 at time = 0.602305
--
0.702305 RSS 4.41361e-13
1.6 RSS 1.11431e-12
1.60231 RSS 4.46475e-13
--
Received one packet! Socket: 10.1.1.1 port: 49153 at time = 1.60231
--
1.70231 RSS 4.41361e-13
2.4 RSS 1.11431e-12
2.40231 RSS 4.46475e-13
--
Received one packet! Socket: 10.1.1.1 port: 49153 at time = 2.40231
--
2.50231 RSS 4.41361e-13
3.7 RSS 1.11431e-12
3.70231 RSS 4.46475e-13
--
Received one packet! Socket: 10.1.1.1 port: 49153 at time = 3.70231
--
3.80231 RSS 4.41361e-13
5 RSS 1.11431e-12
5.00231 RSS 4.46475e-13
--
Received one packet! Socket: 10.1.1.1 port: 49153 at time = 5.00231
--
5.10231 RSS 4.41361e-13
5.9 RSS 1.11431e-12
5.90231 RSS 4.46475e-13
--
Received one packet! Socket: 10.1.1.1 port: 49153 at time = 5.90231
--
6.00231 RSS 4.41361e-13
6.4 RSS 1.11431e-12
6.40231 RSS 4.46475e-13
--
Received one packet! Socket: 10.1.1.1 port: 49153 at time = 6.40231
--
6.50231 RSS 4.41361e-13
7 RSS 1.11431e-12
7.00231 RSS 4.46475e-13
--
Received one packet! Socket: 10.1.1.1 port: 49153 at time = 7.00231
--
7.10231 RSS 4.41361e-13
8.1 RSS 1.11431e-12
8.10231 RSS 4.46475e-13
--
Received one packet! Socket: 10.1.1.1 port: 49153 at time = 8.10231
--
8.20231 RSS 4.41361e-13
8.9 RSS 1.11431e-12
8.90231 RSS 4.46475e-13
--
Received one packet! Socket: 10.1.1.1 port: 49153 at time = 8.90231
--
9.00231 RSS 4.41361e-13
10.4 RSS 1.11431e-12
10.4023 RSS 4.46475e-13
--
Received one packet! Socket: 10.1.1.1 port: 49153 at time = 10.4023
--
10.5023 RSS 4.41361e-13
11.9 RSS 1.11431e-12
11.9023 RSS 4.46475e-13
--
Received one packet! Socket: 10.1.1.1 port: 49153 at time = 11.9023
--
12.0023 RSS 4.41361e-13
12.9 RSS 1.11431e-12
12.9023 RSS 4.46475e-13
--
Received one packet! Socket: 10.1.1.1 port: 49153 at time = 12.9023
--
13.0023 RSS 4.41361e-13
14.4 RSS 1.11431e-12
14.4023 RSS 4.46475e-13
--
Received one packet! Socket: 10.1.1.1 port: 49153 at time = 14.4023
--
14.5023 RSS 4.41361e-13
15.9 RSS 1.11431e-12
15.9023 RSS 4.46475e-13
--
Received one packet! Socket: 10.1.1.1 port: 49153 at time = 15.9023
--
16.0023 RSS 4.41361e-13
17.4 RSS 1.11431e-12
17.4023 RSS 4.46475e-13
--
Received one packet! Socket: 10.1.1.1 port: 49153 at time = 17.4023
--
17.5023 RSS 4.41361e-13
18.5 RSS 1.11431e-12
18.5023 RSS 4.46475e-13
--
Received one packet! Socket: 10.1.1.1 port: 49153 at time = 18.5023
--
18.6023 RSS 4.41361e-13
19.3 RSS 1.11431e-12
19.3023 RSS 4.46475e-13
--
Received one packet! Socket: 10.1.1.1 port: 49153 at time = 19.3023
--
19.4023 RSS 4.41361e-13
20.5 RSS 1.11431e-12
20.5023 RSS 4.46475e-13
--
Received one packet! Socket: 10.1.1.1 port: 49153 at time = 20.5023
--
20.6023 RSS 4.41361e-13
21.5 RSS 1.11431e-12
21.5023 RSS 4.46475e-13
--
Received one packet! Socket: 10.1.1.1 port: 49153 at time = 21.5023
--
21.6023 RSS 4.41361e-13
22.8 RSS 1.11431e-12
22.8023 RSS 4.46475e-13
--
Received one packet! Socket: 10.1.1.1 port: 49153 at time = 22.8023
--
22.9023 RSS 4.41361e-13
24.3 RSS 1.11431e-12
24.3023 RSS 4.46475e-13
--
Received one packet! Socket: 10.1.1.1 port: 49153 at time = 24.3023
--
24.4023 RSS 4.41361e-13
25.3 RSS 1.11431e-12
25.3023 RSS 4.46475e-13
--
Received one packet! Socket: 10.1.1.1 port: 49153 at time = 25.3023
--
25.4023 RSS 4.41361e-13
25.8 RSS 1.11431e-12
25.8023 RSS 4.46475e-13
--
Received one packet! Socket: 10.1.1.1 port: 49153 at time = 25.8023
--
25.9023 RSS 4.41361e-13
27.3 RSS 1.11431e-12
27.3023 RSS 4.46475e-13
--
Received one packet! Socket: 10.1.1.1 port: 49153 at time = 27.3023
--
27.4023 RSS 4.41361e-13
28.4 RSS 1.11431e-12
28.4023 RSS 4.46475e-13
--
Received one packet! Socket: 10.1.1.1 port: 49153 at time = 28.4023
--
28.5023 RSS 4.41361e-13
28.9 RSS 1.11431e-12
28.9023 RSS 4.46475e-13
--
Received one packet! Socket: 10.1.1.1 port: 49153 at time = 28.9023
--
29.0023 RSS 4.41361e-13
29.4 RSS 1.11431e-12
29.4023 RSS 4.46475e-13
--
Received one packet! Socket: 10.1.1.1 port: 49153 at time = 29.4023
--
29.5023 RSS 4.41361e-13
30.5 RSS 1.11431e-12
30.5023 RSS 4.46475e-13
--
Received one packet! Socket: 10.1.1.1 port: 49153 at time = 30.5023
--
30.6023 RSS 4.41361e-13
31.7 RSS 1.11431e-12
31.7023 RSS 4.46475e-13
--
Received one packet! Socket: 10.1.1.1 port: 49153 at time = 31.7023
--
31.8023 RSS 4.41361e-13
32.5 RSS 1.11431e-12
32.5023 RSS 4.46475e-13
--
Received one packet! Socket: 10.1.1.1 port: 49153 at time = 32.5023
--
32.6023 RSS 4.41361e-13
33.7 RSS 1.11431e-12
33.7023 RSS 4.46475e-13
--
Received one packet! Socket: 10.1.1.1 port: 49153 at time = 33.7023
--
33.8023 RSS 4.41361e-13
35.2 RSS 1.11431e-12
35.2023 RSS 4.46475e-13
--
Received one packet! Socket: 10.1.1.1 port: 49153 at time = 35.2023
--
35.3023 RSS 4.41361e-13
36.1 RSS 1.11431e-12
36.1023 RSS 4.46475e-13
--
Received one packet! Socket: 10.1.1.1 port: 49153 at time = 36.1023
--
36.2023 RSS 4.41361e-13
37.1 RSS 1.11431e-12
37.1023 RSS 4.46475e-13
--
Received one packet! Socket: 10.1.1.1 port: 49153 at time = 37.1023
--
37.2023 RSS 4.41361e-13
38.1 RSS 1.11431e-12
38.1023 RSS 4.46475e-13
--
Received one packet! Socket: 10.1.1.1 port: 49153 at time = 38.1023
--
38.2023 RSS 4.41361e-13
39.2 RSS 1.11431e-12
39.2023 RSS 4.46475e-13
--
Received one packet! Socket: 10.1.1.1 port: 49153 at time = 39.2023
--
39.3023 RSS 4.41361e-13
40 RSS 1.11431e-12
40.0023 RSS 4.46475e-13
--
Received one packet! Socket: 10.1.1.1 port: 49153 at time = 40.0023
--
40.1023 RSS 4.41361e-13
41.1 RSS 1.11431e-12
41.1023 RSS 4.46475e-13
--
Received one packet! Socket: 10.1.1.1 port: 49153 at time = 41.1023
--
41.2023 RSS 4.41361e-13
42.6 RSS 1.11431e-12
42.6023 RSS 4.46475e-13
--
Received one packet! Socket: 10.1.1.1 port: 49153 at time = 42.6023
--
42.7023 RSS 4.41361e-13
43.7 RSS 1.11431e-12
43.7023 RSS 4.46475e-13
--
Received one packet! Socket: 10.1.1.1 port: 49153 at time = 43.7023
--
43.8023 RSS 4.41361e-13
44.5 RSS 1.11431e-12
44.5023 RSS 4.46475e-13
--
Received one packet! Socket: 10.1.1.1 port: 49153 at time = 44.5023
--
44.6023 RSS 4.41361e-13
45.9 RSS 1.11431e-12
45.9023 RSS 4.46475e-13
--
Received one packet! Socket: 10.1.1.1 port: 49153 at time = 45.9023
--
46.0023 RSS 4.41361e-13
47.3 RSS 1.11431e-12
47.3023 RSS 4.46475e-13
--
Received one packet! Socket: 10.1.1.1 port: 49153 at time = 47.3023
--
47.4023 RSS 4.41361e-13
47.8 RSS 1.11431e-12
47.8023 RSS 4.46475e-13
--
Received one packet! Socket: 10.1.1.1 port: 49153 at time = 47.8023
--
47.9023 RSS 4.41361e-13
49.1 RSS 1.11431e-12
49.1023 RSS 4.46475e-13
--
Received one packet! Socket: 10.1.1.1 port: 49153 at time = 49.1023
--
49.2023 RSS 4.41361e-13
50.4 RSS 1.11431e-12
50.4023 RSS 4.46475e-13
--
Received one packet! Socket: 10.1.1.1 port: 49153 at time = 50.4023
--
50.5023 RSS 4.41361e-13
51.5 RSS 1.11431e-12
51.5023 RSS 4.46475e-13
--
Received one packet! Socket: 10.1.1.1 port: 49153 at time = 51.5023
--
51.6023 RSS 4.41361e-13
53 RSS 1.11431e-12
53.0023 RSS 4.46475e-13
--
Received one packet! Socket: 10.1.1.1 port: 49153 at time = 53.0023
--
53.1023 RSS 4.41361e-13
53.8 RSS 1.11431e-12
53.8023 RSS 4.46475e-13
--
Received one packet! Socket: 10.1.1.1 port: 49153 at time = 53.8023
--
53.9023 RSS 4.41361e-13
54.4 RSS 1.11431e-12
54.4023 RSS 4.46475e-13
--
Received one packet! Socket: 10.1.1.1 port: 49153 at time = 54.4023
--
54.5023 RSS 4.41361e-13
55.4 RSS 1.11431e-12
55.4023 RSS 4.46475e-13
--
Received one packet! Socket: 10.1.1.1 port: 49153 at time = 55.4023
--
55.5023 RSS 4.41361e-13
56.1 RSS 1.11431e-12
56.1023 RSS 4.46475e-13
--
Received one packet! Socket: 10.1.1.1 port: 49153 at time = 56.1023
--
56.2023 RSS 4.41361e-13
57.2 RSS 1.11431e-12
57.2023 RSS 4.46475e-13
--
Received one packet! Socket: 10.1.1.1 port: 49153 at time = 57.2023
--
57.3023 RSS 4.41361e-13
58.1 RSS 1.11431e-12
58.1023 RSS 4.46475e-13
--
Received one packet! Socket: 10.1.1.1 port: 49153 at time = 58.1023
--
58.2023 RSS 4.41361e-13
59.6 RSS 1.11431e-12
59.6023 RSS 4.46475e-13
--
Received one packet! Socket: 10.1.1.1 port: 49153 at time = 59.6023
--
59.7023 RSS 4.41361e-13
Actual PDR = 1
Actual RSS = 1.11431e-12
Actual Average Packet RSS = 1.1185e-12
