0 RSS 4.41361e-13
0.000572669 RSS 6.10018e-13
0.00287667 RSS 4.47496e-13
0.00287667 PRSS 6.15062e-13
--
Received one packet! Socket: 10.1.1.1 port: 49153 at time = 0.00287667
--
0.102877 RSS 4.41361e-13
0.500003 RSS 6.10018e-13
0.502307 RSS 4.47496e-13
0.602307 RSS 4.41361e-13
1.2 RSS 6.10018e-13
1.20231 RSS 4.47496e-13
--
Received one packet! Socket: 10.1.1.1 port: 49153 at time = 1.20231
--
1.30231 RSS 4.41361e-13
2.5 RSS 6.10018e-13
2.50231 RSS 4.47496e-13
--
Received one packet! Socket: 10.1.1.1 port: 49153 at time = 2.50231
--
2.60231 RSS 4.41361e-13
3.5 RSS 6.10018e-13
3.50231 RSS 4.47496e-13
3.60231 RSS 4.41361e-13
4.3 RSS 6.10018e-13
4.30231 RSS 4.47496e-13
--
Received one packet! Socket: 10.1.1.1 port: 49153 at time = 4.30231
--
4.40231 RSS 4.41361e-13
5.4 RSS 6.10018e-13
5.40231 RSS 4.47496e-13
--
Received one packet! Socket: 10.1.1.1 port: 49153 at time = 5.40231
--
5.50231 RSS 4.41361e-13
5.9 RSS 6.10018e-13
5.90231 RSS 4.47496e-13
6.00231 RSS 4.41361e-13
7.4 RSS 6.10018e-13
7.40231 RSS 4.47496e-13
--
Received one packet! Socket: 10.1.1.1 port: 49153 at time = 7.40231
--
7.50231 RSS 4.41361e-13
8.4 RSS 6.10018e-13
8.40231 RSS 4.47496e-13
--
Received one packet! Socket: 10.1.1.1 port: 49153 at time = 8.40231
--
8.50231 RSS 4.41361e-13
9.6 RSS 6.10018e-13
9.60231 RSS 4.47496e-13
--
Received one packet! Socket: 10.1.1.1 port: 49153 at time = 9.60231
--
9.70231 RSS 4.41361e-13
10.8 RSS 6.10018e-13
10.8023 RSS 4.47496e-13
--
Received one packet! Socket: 10.1.1.1 port: 49153 at time = 10.8023
--
10.9023 RSS 4.41361e-13
11.3 RSS 6.10018e-13
11.3023 RSS 4.47496e-13
--
Received one packet! Socket: 10.1.1.1 port: 49153 at time = 11.3023
--
11.4023 RSS 4.41361e-13
12.6 RSS 6.10018e-13
12.6023 RSS 4.47496e-13
--
Received one packet! Socket: 10.1.1.1 port: 49153 at time = 12.6023
--
12.7023 RSS 4.41361e-13
13.1 RSS 6.10018e-13
13.1023 RSS 4.47496e-13
--
Received one packet! Socket: 10.1.1.1 port: 49153 at time = 13.1023
--
13.2023 RSS 4.41361e-13
14.4 RSS 6.10018e-13
14.4023 RSS 4.47496e-13
--
Received one packet! Socket: 10.1.1.1 port: 49153 at time = 14.4023
--
14.5023 RSS 4.41361e-13
14.9 RSS 6.10018e-13
14.9023 RSS 4.47496e-13
--
Received one packet! Socket: 10.1.1.1 port: 49153 at time = 14.9023
--
15.0023 RSS 4.41361e-13
16.3 RSS 6.10018e-13
16.3023 RSS 4.47496e-13
--
Received one packet! Socket: 10.1.1.1 port: 49153 at time = 16.3023
--
16.4023 RSS 4.41361e-13
16.9 RSS 6.10018e-13
16.9023 RSS 4.47496e-13
--
Received one packet! Socket: 10.1.1.1 port: 49153 at time = 16.9023
--
17.0023 RSS 4.41361e-13
18 RSS 6.10018e-13
18.0023 RSS 4.47496e-13
18.1023 RSS 4.41361e-13
18.5 RSS 6.10018e-13
18.5023 RSS 4.47496e-13
--
Received one packet! Socket: 10.1.1.1 port: 49153 at time = 18.5023
--
18.6023 RSS 4.41361e-13
19.2 RSS 6.10018e-13
19.2023 RSS 4.47496e-13
19.3023 RSS 4.41361e-13
20 RSS 6.10018e-13
20.0023 RSS 4.47496e-13
--
Received one packet! Socket: 10.1.1.1 port: 49153 at time = 20.0023
--
20.1023 RSS 4.41361e-13
21 RSS 6.10018e-13
21.0023 RSS 4.47496e-13
21.1023 RSS 4.41361e-13
21.5 RSS 6.10018e-13
21.5023 RSS 4.47496e-13
--
Received one packet! Socket: 10.1.1.1 port: 49153 at time = 21.5023
--
21.6023 RSS 4.41361e-13
22.4 RSS 6.10018e-13
22.4023 RSS 4.47496e-13
--
Received one packet! Socket: 10.1.1.1 port: 49153 at time = 22.4023
--
22.5023 RSS 4.41361e-13
22.9 RSS 6.10018e-13
22.9023 RSS 4.47496e-13
--
Received one packet! Socket: 10.1.1.1 port: 49153 at time = 22.9023
--
23.0023 RSS 4.41361e-13
24.3 RSS 6.10018e-13
24.3023 RSS 4.47496e-13
--
Received one packet! Socket: 10.1.1.1 port: 49153 at time = 24.3023
--
24.4023 RSS 4.41361e-13
25.2 RSS 6.10018e-13
25.2023 RSS 4.47496e-13
25.3023 RSS 4.41361e-13
26.7 RSS 6.10018e-13
26.7023 RSS 4.47496e-13
--
Received one packet! Socket: 10.1.1.1 port: 49153 at time = 26.7023
--
26.8023 RSS 4.41361e-13
27.2 RSS 6.10018e-13
27.2023 RSS 4.47496e-13
27.3023 RSS 4.41361e-13
28.7 RSS 6.10018e-13
28.7023 RSS 4.47496e-13
--
Received one packet! Socket: 10.1.1.1 port: 49153 at time = 28.7023
--
28.8023 RSS 4.41361e-13
30 RSS 6.10018e-13
30.0023 RSS 4.47496e-13
--
Received one packet! Socket: 10.1.1.1 port: 49153 at time = 30.0023
--
30.1023 RSS 4.41361e-13
30.7 RSS 6.10018e-13
30.7023 RSS 4.47496e-13
--
Received one packet! Socket: 10.1.1.1 port: 49153 at time = 30.7023
--
30.8023 RSS 4.41361e-13
31.9 RSS 6.10018e-13
31.9023 RSS 4.47496e-13
--
Received one packet! Socket: 10.1.1.1 port: 49153 at time = 31.9023
--
32.0023 RSS 4.41361e-13
32.5 RSS 6.10018e-13
32.5023 RSS 4.47496e-13
--
Received one packet! Socket: 10.1.1.1 port: 49153 at time = 32.5023
--
32.6023 RSS 4.41361e-13
33.5 RSS 6.10018e-13
33.5023 RSS 4.47496e-13
--
Received one packet! Socket: 10.1.1.1 port: 49153 at time = 33.5023
--
33.6023 RSS 4.41361e-13
34 RSS 6.10018e-13
34.0023 RSS 4.47496e-13
34.1023 RSS 4.41361e-13
34.6 RSS 6.10018e-13
34.6023 RSS 4.47496e-13
--
Received one packet! Socket: 10.1.1.1 port: 49153 at time = 34.6023
--
34.7023 RSS 4.41361e-13
35.5 RSS 6.10018e-13
35.5023 RSS 4.47496e-13
--
Received one packet! Socket: 10.1.1.1 port: 49153 at time = 35.5023
--
35.6023 RSS 4.41361e-13
36.5 RSS 6.10018e-13
36.5023 RSS 4.47496e-13
--
Received one packet! Socket: 10.1.1.1 port: 49153 at time = 36.5023
--
36.6023 RSS 4.41361e-13
37.6 RSS 6.10018e-13
37.6023 RSS 4.47496e-13
--
Received one packet! Socket: 10.1.1.1 port: 49153 at time = 37.6023
--
37.7023 RSS 4.41361e-13
39 RSS 6.10018e-13
39.0023 RSS 4.47496e-13
--
Received one packet! Socket: 10.1.1.1 port: 49153 at time = 39.0023
--
39.1023 RSS 4.41361e-13
39.8 RSS 6.10018e-13
39.8023 RSS 4.47496e-13
--
Received one packet! Socket: 10.1.1.1 port: 49153 at time = 39.8023
--
39.9023 RSS 4.41361e-13
40.6 RSS 6.10018e-13
40.6023 RSS 4.47496e-13
--
Received one packet! Socket: 10.1.1.1 port: 49153 at time = 40.6023
--
40.7023 RSS 4.41361e-13
41.8 RSS 6.10018e-13
41.8023 RSS 4.47496e-13
--
Received one packet! Socket: 10.1.1.1 port: 49153 at time = 41.8023
--
41.9023 RSS 4.41361e-13
43.3 RSS 6.10018e-13
43.3023 RSS 4.47496e-13
--
Received one packet! Socket: 10.1.1.1 port: 49153 at time = 43.3023
--
43.4023 RSS 4.41361e-13
43.9 RSS 6.10018e-13
43.9023 RSS 4.47496e-13
--
Received one packet! Socket: 10.1.1.1 port: 49153 at time = 43.9023
--
44.0023 RSS 4.41361e-13
44.9 RSS 6.10018e-13
44.9023 RSS 4.47496e-13
--
Received one packet! Socket: 10.1.1.1 port: 49153 at time = 44.9023
--
45.0023 RSS 4.41361e-13
45.4 RSS 6.10018e-13
45.4023 RSS 4.47496e-13
--
Received one packet! Socket: 10.1.1.1 port: 49153 at time = 45.4023
--
45.5023 RSS 4.41361e-13
46.5 RSS 6.10018e-13
46.5023 RSS 4.47496e-13
--
Received one packet! Socket: 10.1.1.1 port: 49153 at time = 46.5023
--
46.6023 RSS 4.41361e-13
47.3 RSS 6.10018e-13
47.3023 RSS 4.47496e-13
47.4023 RSS 4.41361e-13
47.9 RSS 6.10018e-13
47.9023 RSS 4.47496e-13
--
Received one packet! Socket: 10.1.1.1 port: 49153 at time = 47.9023
--
48.0023 RSS 4.41361e-13
49.3 RSS 6.10018e-13
49.3023 RSS 4.47496e-13
49.4023 RSS 4.41361e-13
50.7 RSS 6.10018e-13
50.7023 RSS 4.47496e-13
--
Received one packet! Socket: 10.1.1.1 port: 49153 at time = 50.7023
--
50.8023 RSS 4.41361e-13
51.3 RSS 6.10018e-13
51.3023 RSS 4.47496e-13
--
Received one packet! Socket: 10.1.1.1 port: 49153 at time = 51.3023
--
51.4023 RSS 4.41361e-13
52 RSS 6.10018e-13
52.0023 RSS 4.47496e-13
52.1023 RSS 4.41361e-13
53.2 RSS 6.10018e-13
53.2023 RSS 4.47496e-13
--
Received one packet! Socket: 10.1.1.1 port: 49153 at time = 53.2023
--
53.3023 RSS 4.41361e-13
54.5 RSS 6.10018e-13
54.5023 RSS 4.47496e-13
--
Received one packet! Socket: 10.1.1.1 port: 49153 at time = 54.5023
--
54.6023 RSS 4.41361e-13
55.4 RSS 6.10018e-13
55.4023 RSS 4.47496e-13
--
Received one packet! Socket: 10.1.1.1 port: 49153 at time = 55.4023
--
55.5023 RSS 4.41361e-13
56.5 RSS 6.10018e-13
56.5023 RSS 4.47496e-13
56.6023 RSS 4.41361e-13
57.8 RSS 6.10018e-13
57.8023 RSS 4.47496e-13
--
Received one packet! Socket: 10.1.1.1 port: 49153 at time = 57.8023
--
57.9023 RSS 4.41361e-13
58.7 RSS 6.10018e-13
58.7023 RSS 4.47496e-13
--
Received one packet! Socket: 10.1.1.1 port: 49153 at time = 58.7023
--
58.8023 RSS 4.41361e-13
59.3 RSS 6.10018e-13
59.3023 RSS 4.47496e-13
--
Received one packet! Socket: 10.1.1.1 port: 49153 at time = 59.3023
--
59.4023 RSS 4.41361e-13
Actual PDR = 0.825
Actual RSS = 6.10018e-13
Actual Average Packet RSS = 6.15062e-13
