0 RSS 4.41361e-13
0.00186476 RSS 1.08254e-09
0.00416876 RSS 4.41361e-13
0.00416876 PRSS 2.35561e-09
--
Received one packet! Socket: 10.1.1.1 port: 49153 at time = 0.00416876
--
0.108262 RSS 1.08254e-09
0.110566 RSS 4.41361e-13
--
Received one packet! Socket: 10.1.1.1 port: 49153 at time = 0.110566
--
0.200796 RSS 1.08254e-09
0.2031 RSS -1.27262e-09
0.2031 PRSS 1.59972e-09
--
Received one packet! Socket: 10.1.1.1 port: 49153 at time = 0.2031
--
0.305698 RSS 1.08254e-09
0.308002 RSS 4.41361e-13
0.308002 PRSS 1.08254e-09
--
Received one packet! Socket: 10.1.1.1 port: 49153 at time = 0.308002
--
0.408002 RSS 1.2735e-09
0.408256 RSS 1.08254e-09
0.41056 RSS 4.41361e-13
0.41056 PRSS 2.35561e-09
--
Received one packet! Socket: 10.1.1.1 port: 49153 at time = 0.41056
--
0.50055 RSS 1.08254e-09
0.502854 RSS 4.41361e-13
--
Received one packet! Socket: 10.1.1.1 port: 49153 at time = 0.502854
--
0.600482 RSS 1.08254e-09
0.602786 RSS 4.41361e-13
--
Received one packet! Socket: 10.1.1.1 port: 49153 at time = 0.602786
--
0.702786 RSS -1.27262e-09
0.705 RSS 1.08254e-09
0.707304 RSS 4.41361e-13
0.707304 PRSS 1.08254e-09
--
Received one packet! Socket: 10.1.1.1 port: 49153 at time = 0.707304
--
0.80541 RSS 1.08254e-09
0.807714 RSS 4.41361e-13
--
Received one packet! Socket: 10.1.1.1 port: 49153 at time = 0.807714
--
0.907062 RSS 1.08254e-09
0.909366 RSS 4.41361e-13
0.909366 PRSS 2.35561e-09
--
Received one packet! Socket: 10.1.1.1 port: 49153 at time = 0.909366
--
1.0066 RSS 1.08254e-09
1.0089 RSS 4.41361e-13
--
Received one packet! Socket: 10.1.1.1 port: 49153 at time = 1.0089
--
1.10426 RSS 1.08254e-09
1.10656 RSS 4.41361e-13
1.10656 PRSS 1.08254e-09
--
Received one packet! Socket: 10.1.1.1 port: 49153 at time = 1.10656
--
1.20311 RSS 1.08254e-09
1.20542 RSS 1.2735e-09
1.20542 PRSS 1.54909e-09
--
Received one packet! Socket: 10.1.1.1 port: 49153 at time = 1.20542
--
1.30948 RSS 1.08254e-09
1.31179 RSS 4.41361e-13
1.31179 PRSS 2.35561e-09
--
Received one packet! Socket: 10.1.1.1 port: 49153 at time = 1.31179
--
1.40528 RSS 1.08254e-09
1.40758 RSS 4.41361e-13
1.40758 PRSS 1.08254e-09
--
Received one packet! Socket: 10.1.1.1 port: 49153 at time = 1.40758
--
1.5025 RSS 1.08254e-09
1.5048 RSS 4.41361e-13
--
Received one packet! Socket: 10.1.1.1 port: 49153 at time = 1.5048
--
1.60623 RSS 1.08254e-09
1.60853 RSS 4.41361e-13
--
Received one packet! Socket: 10.1.1.1 port: 49153 at time = 1.60853
--
1.70161 RSS 1.08254e-09
1.70392 RSS 4.41361e-13
1.70392 PRSS 2.35561e-09
--
Received one packet! Socket: 10.1.1.1 port: 49153 at time = 1.70392
--
1.80095 RSS 1.08254e-09
1.80325 RSS 4.41361e-13
--
Received one packet! Socket: 10.1.1.1 port: 49153 at time = 1.80325
--
1.90206 RSS 1.08254e-09
1.90436 RSS 4.41361e-13
1.90436 PRSS 1.08254e-09
--
Received one packet! Socket: 10.1.1.1 port: 49153 at time = 1.90436
--
2.00405 RSS 1.08254e-09
2.00636 RSS 4.41361e-13
--
Received one packet! Socket: 10.1.1.1 port: 49153 at time = 2.00636
--
2.10382 RSS 1.08254e-09
2.10613 RSS 4.41361e-13
2.10613 PRSS 2.35561e-09
--
Received one packet! Socket: 10.1.1.1 port: 49153 at time = 2.10613
--
2.20129 RSS 1.08254e-09
2.20359 RSS 4.41361e-13
--
Received one packet! Socket: 10.1.1.1 port: 49153 at time = 2.20359
--
2.30057 RSS 1.08254e-09
2.30287 RSS 4.41361e-13
2.30287 PRSS 1.08254e-09
--
Received one packet! Socket: 10.1.1.1 port: 49153 at time = 2.30287
--
2.40976 RSS 1.08254e-09
2.41206 RSS 4.41361e-13
2.41206 PRSS 2.35561e-09
--
Received one packet! Socket: 10.1.1.1 port: 49153 at time = 2.41206
--
2.50716 RSS 1.08254e-09
2.50947 RSS 4.41361e-13
--
Received one packet! Socket: 10.1.1.1 port: 49153 at time = 2.50947
--
2.60269 RSS 1.08254e-09
2.60499 RSS 4.41361e-13
--
Received one packet! Socket: 10.1.1.1 port: 49153 at time = 2.60499
--
2.70212 RSS 1.08254e-09
2.70443 RSS 4.41361e-13
2.70443 PRSS 1.08254e-09
--
Received one packet! Socket: 10.1.1.1 port: 49153 at time = 2.70443
--
2.80865 RSS 1.08254e-09
2.81095 RSS 4.41361e-13
--
Received one packet! Socket: 10.1.1.1 port: 49153 at time = 2.81095
--
2.90732 RSS 1.08254e-09
2.90963 RSS 4.41361e-13
2.90963 PRSS 2.35561e-09
--
Received one packet! Socket: 10.1.1.1 port: 49153 at time = 2.90963
--
3.00302 RSS 1.08254e-09
3.00532 RSS 4.41361e-13
--
Received one packet! Socket: 10.1.1.1 port: 49153 at time = 3.00532
--
3.10214 RSS 1.08254e-09
3.10444 RSS 4.41361e-13
3.10444 PRSS 1.08254e-09
--
Received one packet! Socket: 10.1.1.1 port: 49153 at time = 3.10444
--
3.20444 RSS 1.08254e-09
3.20674 RSS 4.41361e-13
--
Received one packet! Socket: 10.1.1.1 port: 49153 at time = 3.20674
--
3.30674 RSS 1.2735e-09
3.30847 RSS 1.08254e-09
3.31078 RSS 4.41361e-13
3.31078 PRSS 2.35561e-09
--
Received one packet! Socket: 10.1.1.1 port: 49153 at time = 3.31078
--
3.40274 RSS 1.08254e-09
3.40504 RSS 4.41361e-13
--
Received one packet! Socket: 10.1.1.1 port: 49153 at time = 3.40504
--
3.50504 RSS -1.27262e-09
3.50763 RSS 1.08254e-09
3.50994 RSS 4.41361e-13
3.50994 PRSS 1.08254e-09
--
Received one packet! Socket: 10.1.1.1 port: 49153 at time = 3.50994
--
3.60246 RSS 1.08254e-09
3.60476 RSS 4.41361e-13
--
Received one packet! Socket: 10.1.1.1 port: 49153 at time = 3.60476
--
3.7029 RSS 1.08254e-09
3.70521 RSS 4.41361e-13
3.70521 PRSS 2.35561e-09
--
Received one packet! Socket: 10.1.1.1 port: 49153 at time = 3.70521
--
3.80375 RSS 1.08254e-09
3.80606 RSS 4.41361e-13
--
Received one packet! Socket: 10.1.1.1 port: 49153 at time = 3.80606
--
3.90606 RSS -1.27262e-09
3.90823 RSS 1.08254e-09
3.91054 RSS 4.41361e-13
3.91054 PRSS 1.08254e-09
--
Received one packet! Socket: 10.1.1.1 port: 49153 at time = 3.91054
--
4.0017 RSS 1.08254e-09
4.00401 RSS 4.41361e-13
--
Received one packet! Socket: 10.1.1.1 port: 49153 at time = 4.00401
--
4.10401 RSS 1.2735e-09
4.10546 RSS 1.08254e-09
4.10776 RSS 4.41361e-13
4.10776 PRSS 2.35561e-09
--
Received one packet! Socket: 10.1.1.1 port: 49153 at time = 4.10776
--
4.2022 RSS 1.08254e-09
4.2045 RSS 4.41361e-13
--
Received one packet! Socket: 10.1.1.1 port: 49153 at time = 4.2045
--
4.3045 RSS -1.27262e-09
4.30666 RSS 1.08254e-09
4.30897 RSS 4.41361e-13
4.30897 PRSS 1.08254e-09
--
Received one packet! Socket: 10.1.1.1 port: 49153 at time = 4.30897
--
4.40658 RSS 1.08254e-09
4.40889 RSS 1.2735e-09
4.40889 PRSS 1.08346e-09
--
Received one packet! Socket: 10.1.1.1 port: 49153 at time = 4.40889
--
4.50369 RSS 1.08254e-09
4.50599 RSS 4.41361e-13
4.50599 PRSS 2.35561e-09
--
Received one packet! Socket: 10.1.1.1 port: 49153 at time = 4.50599
--
4.60314 RSS 1.08254e-09
4.60544 RSS 4.41361e-13
--
Received one packet! Socket: 10.1.1.1 port: 49153 at time = 4.60544
--
4.70544 RSS -1.27262e-09
4.70735 RSS 1.08254e-09
4.70966 RSS 4.41361e-13
4.70966 PRSS 1.08254e-09
--
Received one packet! Socket: 10.1.1.1 port: 49153 at time = 4.70966
--
4.80374 RSS 1.08254e-09
4.80604 RSS 4.41361e-13
--
Received one packet! Socket: 10.1.1.1 port: 49153 at time = 4.80604
--
4.90355 RSS 1.08254e-09
4.90585 RSS 4.41361e-13
4.90585 PRSS 2.35561e-09
--
Received one packet! Socket: 10.1.1.1 port: 49153 at time = 4.90585
--
5.00608 RSS 1.08254e-09
5.00838 RSS -1.27262e-09
5.00838 PRSS 1.70801e-09
--
Received one packet! Socket: 10.1.1.1 port: 49153 at time = 5.00838
--
5.10463 RSS 1.08254e-09
5.10694 RSS 4.41361e-13
5.10694 PRSS 1.08254e-09
--
Received one packet! Socket: 10.1.1.1 port: 49153 at time = 5.10694
--
5.20609 RSS 1.08254e-09
5.20839 RSS 4.41361e-13
--
Received one packet! Socket: 10.1.1.1 port: 49153 at time = 5.20839
--
5.30551 RSS 1.08254e-09
5.30781 RSS 4.41361e-13
5.30781 PRSS 2.35561e-09
--
Received one packet! Socket: 10.1.1.1 port: 49153 at time = 5.30781
--
5.40293 RSS 1.08254e-09
5.40523 RSS 4.41361e-13
--
Received one packet! Socket: 10.1.1.1 port: 49153 at time = 5.40523
--
5.50523 RSS -1.27262e-09
5.50527 RSS 1.08254e-09
5.50757 RSS 4.41361e-13
5.50757 PRSS 1.08254e-09
--
Received one packet! Socket: 10.1.1.1 port: 49153 at time = 5.50757
--
5.60725 RSS 1.08254e-09
5.60955 RSS 4.41361e-13
--
Received one packet! Socket: 10.1.1.1 port: 49153 at time = 5.60955
--
5.70841 RSS 1.08254e-09
5.71071 RSS 4.41361e-13
5.71071 PRSS 2.35561e-09
--
Received one packet! Socket: 10.1.1.1 port: 49153 at time = 5.71071
--
5.8069 RSS 1.08254e-09
5.8092 RSS 4.41361e-13
--
Received one packet! Socket: 10.1.1.1 port: 49153 at time = 5.8092
--
5.90875 RSS 1.08254e-09
5.91106 RSS 4.41361e-13
5.91106 PRSS 1.08254e-09
--
Received one packet! Socket: 10.1.1.1 port: 49153 at time = 5.91106
--
6.00529 RSS 1.08254e-09
6.00759 RSS 4.41361e-13
--
Received one packet! Socket: 10.1.1.1 port: 49153 at time = 6.00759
--
6.10413 RSS 1.08254e-09
6.10644 RSS 4.41361e-13
6.10644 PRSS 2.35561e-09
--
Received one packet! Socket: 10.1.1.1 port: 49153 at time = 6.10644
--
6.20728 RSS 1.08254e-09
6.20958 RSS 4.41361e-13
--
Received one packet! Socket: 10.1.1.1 port: 49153 at time = 6.20958
--
6.30864 RSS 1.08254e-09
6.31094 RSS 4.41361e-13
6.31094 PRSS 1.08254e-09
--
Received one packet! Socket: 10.1.1.1 port: 49153 at time = 6.31094
--
6.40624 RSS 1.08254e-09
6.40854 RSS 4.41361e-13
--
Received one packet! Socket: 10.1.1.1 port: 49153 at time = 6.40854
--
6.50792 RSS 1.08254e-09
6.51022 RSS 4.41361e-13
6.51022 PRSS 2.35561e-09
--
Received one packet! Socket: 10.1.1.1 port: 49153 at time = 6.51022
--
6.60647 RSS 1.08254e-09
6.60877 RSS 4.41361e-13
--
Received one packet! Socket: 10.1.1.1 port: 49153 at time = 6.60877
--
6.70357 RSS 1.08254e-09
6.70587 RSS 4.41361e-13
6.70587 PRSS 1.08254e-09
--
Received one packet! Socket: 10.1.1.1 port: 49153 at time = 6.70587
--
6.80537 RSS 1.08254e-09
6.80768 RSS 4.41361e-13
--
Received one packet! Socket: 10.1.1.1 port: 49153 at time = 6.80768
--
6.90734 RSS 1.08254e-09
6.90965 RSS 4.41361e-13
6.90965 PRSS 2.35561e-09
--
Received one packet! Socket: 10.1.1.1 port: 49153 at time = 6.90965
--
7.00866 RSS 1.08254e-09
7.01096 RSS 4.41361e-13
--
Received one packet! Socket: 10.1.1.1 port: 49153 at time = 7.01096
--
7.10702 RSS 1.08254e-09
7.10933 RSS 4.41361e-13
7.10933 PRSS 1.08254e-09
--
Received one packet! Socket: 10.1.1.1 port: 49153 at time = 7.10933
--
7.20113 RSS 1.08254e-09
7.20344 RSS 4.41361e-13
--
Received one packet! Socket: 10.1.1.1 port: 49153 at time = 7.20344
--
7.30344 RSS 1.2735e-09
7.30509 RSS 1.08254e-09
7.3074 RSS 4.41361e-13
7.3074 PRSS 2.35561e-09
--
Received one packet! Socket: 10.1.1.1 port: 49153 at time = 7.3074
--
7.40188 RSS 1.08254e-09
7.40418 RSS 4.41361e-13
--
Received one packet! Socket: 10.1.1.1 port: 49153 at time = 7.40418
--
7.50163 RSS 1.08254e-09
7.50393 RSS 4.41361e-13
7.50393 PRSS 1.08254e-09
--
Received one packet! Socket: 10.1.1.1 port: 49153 at time = 7.50393
--
7.6035 RSS 1.08254e-09
7.60581 RSS 4.41361e-13
--
Received one packet! Socket: 10.1.1.1 port: 49153 at time = 7.60581
--
7.70528 RSS 1.08254e-09
7.70758 RSS 4.41361e-13
7.70758 PRSS 2.35561e-09
--
Received one packet! Socket: 10.1.1.1 port: 49153 at time = 7.70758
--
7.80755 RSS 1.08254e-09
7.80985 RSS 4.41361e-13
--
Received one packet! Socket: 10.1.1.1 port: 49153 at time = 7.80985
--
7.90568 RSS 1.08254e-09
7.90798 RSS 4.41361e-13
7.90798 PRSS 1.08254e-09
--
Received one packet! Socket: 10.1.1.1 port: 49153 at time = 7.90798
--
8.00754 RSS 1.08254e-09
8.00984 RSS 4.41361e-13
--
Received one packet! Socket: 10.1.1.1 port: 49153 at time = 8.00984
--
8.10131 RSS 1.08254e-09
8.10361 RSS 4.41361e-13
8.10361 PRSS 2.35561e-09
--
Received one packet! Socket: 10.1.1.1 port: 49153 at time = 8.10361
--
8.20447 RSS 1.08254e-09
8.20677 RSS 4.41361e-13
--
Received one packet! Socket: 10.1.1.1 port: 49153 at time = 8.20677
--
8.30677 RSS -1.27262e-09
8.30823 RSS 1.08254e-09
8.31053 RSS 4.41361e-13
8.31053 PRSS 1.08254e-09
--
Received one packet! Socket: 10.1.1.1 port: 49153 at time = 8.31053
--
8.40345 RSS 1.08254e-09
8.40575 RSS 4.41361e-13
--
Received one packet! Socket: 10.1.1.1 port: 49153 at time = 8.40575
--
8.50575 RSS 1.2735e-09
8.506 RSS 1.08254e-09
8.5083 RSS 4.41361e-13
8.5083 PRSS 2.35561e-09
--
Received one packet! Socket: 10.1.1.1 port: 49153 at time = 8.5083
--
8.60488 RSS 1.08254e-09
8.60718 RSS 4.41361e-13
--
Received one packet! Socket: 10.1.1.1 port: 49153 at time = 8.60718
--
8.70675 RSS 1.08254e-09
8.70905 RSS 4.41361e-13
8.70905 PRSS 1.08254e-09
--
Received one packet! Socket: 10.1.1.1 port: 49153 at time = 8.70905
--
8.80485 RSS 1.08254e-09
8.80715 RSS 4.41361e-13
--
Received one packet! Socket: 10.1.1.1 port: 49153 at time = 8.80715
--
8.90241 RSS 1.08254e-09
8.90471 RSS 4.41361e-13
8.90471 PRSS 2.35561e-09
--
Received one packet! Socket: 10.1.1.1 port: 49153 at time = 8.90471
--
9.00057 RSS 1.08254e-09
9.00287 RSS 4.41361e-13
--
Received one packet! Socket: 10.1.1.1 port: 49153 at time = 9.00287
--
9.10287 RSS -1.27262e-09
9.10628 RSS 1.08254e-09
9.10859 RSS 4.41361e-13
9.10859 PRSS 1.08254e-09
--
Received one packet! Socket: 10.1.1.1 port: 49153 at time = 9.10859
--
9.20999 RSS 1.08254e-09
9.21229 RSS 4.41361e-13
--
Received one packet! Socket: 10.1.1.1 port: 49153 at time = 9.21229
--
9.30066 RSS 1.08254e-09
9.30297 RSS 4.41361e-13
9.30297 PRSS 2.35561e-09
--
Received one packet! Socket: 10.1.1.1 port: 49153 at time = 9.30297
--
9.40462 RSS 1.08254e-09
9.40692 RSS 4.41361e-13
--
Received one packet! Socket: 10.1.1.1 port: 49153 at time = 9.40692
--
9.50692 RSS -1.27262e-09
9.5081 RSS 1.08254e-09
9.5104 RSS 4.41361e-13
9.5104 PRSS 1.08254e-09
--
Received one packet! Socket: 10.1.1.1 port: 49153 at time = 9.5104
--
9.6016 RSS 1.08254e-09
9.6039 RSS 4.41361e-13
--
Received one packet! Socket: 10.1.1.1 port: 49153 at time = 9.6039
--
9.7014 RSS 1.08254e-09
9.7037 RSS 4.41361e-13
9.7037 PRSS 2.35561e-09
--
Received one packet! Socket: 10.1.1.1 port: 49153 at time = 9.7037
--
9.8008 RSS 1.08254e-09
9.80311 RSS 4.41361e-13
--
Received one packet! Socket: 10.1.1.1 port: 49153 at time = 9.80311
--
9.90311 RSS -1.27262e-09
9.90313 RSS 1.08254e-09
9.90543 RSS 4.41361e-13
9.90543 PRSS 1.08254e-09
--
Received one packet! Socket: 10.1.1.1 port: 49153 at time = 9.90543
--
10.0006 RSS 1.08254e-09
10.0029 RSS 4.41361e-13
--
Received one packet! Socket: 10.1.1.1 port: 49153 at time = 10.0029
--
10.1029 RSS 1.2735e-09
10.1049 RSS 1.08254e-09
10.1072 RSS 4.41361e-13
10.1072 PRSS 2.35561e-09
--
Received one packet! Socket: 10.1.1.1 port: 49153 at time = 10.1072
--
10.2012 RSS 1.08254e-09
10.2035 RSS 4.41361e-13
--
Received one packet! Socket: 10.1.1.1 port: 49153 at time = 10.2035
--
10.3035 RSS -1.27262e-09
10.3043 RSS 1.08254e-09
10.3066 RSS 4.41361e-13
10.3066 PRSS 1.08254e-09
--
Received one packet! Socket: 10.1.1.1 port: 49153 at time = 10.3066
--
10.4095 RSS 1.08254e-09
10.4118 RSS 4.41361e-13
--
Received one packet! Socket: 10.1.1.1 port: 49153 at time = 10.4118
--
10.506 RSS 1.08254e-09
10.5083 RSS 4.41361e-13
10.5083 PRSS 2.35561e-09
--
Received one packet! Socket: 10.1.1.1 port: 49153 at time = 10.5083
--
10.6042 RSS 1.08254e-09
10.6065 RSS 4.41361e-13
--
Received one packet! Socket: 10.1.1.1 port: 49153 at time = 10.6065
--
10.7001 RSS 1.08254e-09
10.7024 RSS 4.41361e-13
10.7024 PRSS 1.08254e-09
--
Received one packet! Socket: 10.1.1.1 port: 49153 at time = 10.7024
--
10.802 RSS 1.08254e-09
10.8043 RSS 4.41361e-13
--
Received one packet! Socket: 10.1.1.1 port: 49153 at time = 10.8043
--
10.9009 RSS 1.08254e-09
10.9032 RSS 4.41361e-13
10.9032 PRSS 2.35561e-09
--
Received one packet! Socket: 10.1.1.1 port: 49153 at time = 10.9032
--
11.0083 RSS 1.08254e-09
11.0106 RSS 4.41361e-13
--
Received one packet! Socket: 10.1.1.1 port: 49153 at time = 11.0106
--
11.1048 RSS 1.08254e-09
11.1071 RSS 4.41361e-13
11.1071 PRSS 1.08254e-09
--
Received one packet! Socket: 10.1.1.1 port: 49153 at time = 11.1071
--
11.2067 RSS 1.08254e-09
11.209 RSS 4.41361e-13
--
Received one packet! Socket: 10.1.1.1 port: 49153 at time = 11.209
--
11.309 RSS 1.2735e-09
11.3094 RSS 1.08254e-09
11.3117 RSS 4.41361e-13
11.3117 PRSS 2.35561e-09
--
Received one packet! Socket: 10.1.1.1 port: 49153 at time = 11.3117
--
11.4056 RSS 1.08254e-09
11.4079 RSS 4.41361e-13
--
Received one packet! Socket: 10.1.1.1 port: 49153 at time = 11.4079
--
11.5079 RSS -1.27262e-09
11.5086 RSS 1.08254e-09
11.5109 RSS 4.41361e-13
11.5109 PRSS 1.08254e-09
--
Received one packet! Socket: 10.1.1.1 port: 49153 at time = 11.5109
--
11.6083 RSS 1.08254e-09
11.6106 RSS 4.41361e-13
--
Received one packet! Socket: 10.1.1.1 port: 49153 at time = 11.6106
--
11.7066 RSS 1.08254e-09
11.7089 RSS 4.41361e-13
11.7089 PRSS 2.35561e-09
--
Received one packet! Socket: 10.1.1.1 port: 49153 at time = 11.7089
--
11.8056 RSS 1.08254e-09
11.8079 RSS 4.41361e-13
--
Received one packet! Socket: 10.1.1.1 port: 49153 at time = 11.8079
--
11.9063 RSS 1.08254e-09
11.9086 RSS 4.41361e-13
11.9086 PRSS 1.08254e-09
--
Received one packet! Socket: 10.1.1.1 port: 49153 at time = 11.9086
--
12.0038 RSS 1.08254e-09
12.0061 RSS 4.41361e-13
--
Received one packet! Socket: 10.1.1.1 port: 49153 at time = 12.0061
--
12.1017 RSS 1.08254e-09
12.104 RSS 4.41361e-13
12.104 PRSS 2.35561e-09
--
Received one packet! Socket: 10.1.1.1 port: 49153 at time = 12.104
--
12.2029 RSS 1.08254e-09
12.2052 RSS 4.41361e-13
--
Received one packet! Socket: 10.1.1.1 port: 49153 at time = 12.2052
--
12.3052 RSS -1.27262e-09
12.3065 RSS 1.08254e-09
12.3088 RSS 4.41361e-13
12.3088 PRSS 1.08254e-09
--
Received one packet! Socket: 10.1.1.1 port: 49153 at time = 12.3088
--
12.4028 RSS 1.08254e-09
12.4051 RSS 4.41361e-13
--
Received one packet! Socket: 10.1.1.1 port: 49153 at time = 12.4051
--
12.5051 RSS 1.2735e-09
12.5056 RSS 1.08254e-09
12.5079 RSS 4.41361e-13
12.5079 PRSS 2.35561e-09
--
Received one packet! Socket: 10.1.1.1 port: 49153 at time = 12.5079
--
12.6074 RSS 1.08254e-09
12.6097 RSS 4.41361e-13
--
Received one packet! Socket: 10.1.1.1 port: 49153 at time = 12.6097
--
12.7088 RSS 1.08254e-09
12.7111 RSS 4.41361e-13
12.7111 PRSS 1.08254e-09
--
Received one packet! Socket: 10.1.1.1 port: 49153 at time = 12.7111
--
12.8086 RSS 1.08254e-09
12.8109 RSS 4.41361e-13
--
Received one packet! Socket: 10.1.1.1 port: 49153 at time = 12.8109
--
12.9016 RSS 1.08254e-09
12.9039 RSS 4.41361e-13
12.9039 PRSS 2.35561e-09
--
Received one packet! Socket: 10.1.1.1 port: 49153 at time = 12.9039
--
13.0093 RSS 1.08254e-09
13.0116 RSS 4.41361e-13
--
Received one packet! Socket: 10.1.1.1 port: 49153 at time = 13.0116
--
13.109 RSS 1.08254e-09
13.1113 RSS 4.41361e-13
13.1113 PRSS 1.08254e-09
--
Received one packet! Socket: 10.1.1.1 port: 49153 at time = 13.1113
--
13.2045 RSS 1.08254e-09
13.2068 RSS 4.41361e-13
--
Received one packet! Socket: 10.1.1.1 port: 49153 at time = 13.2068
--
13.3027 RSS 1.08254e-09
13.3051 RSS 4.41361e-13
13.3051 PRSS 2.35561e-09
--
Received one packet! Socket: 10.1.1.1 port: 49153 at time = 13.3051
--
13.4001 RSS 1.08254e-09
13.4024 RSS 4.41361e-13
--
Received one packet! Socket: 10.1.1.1 port: 49153 at time = 13.4024
--
13.5024 RSS -1.27262e-09
13.5048 RSS 1.08254e-09
13.5071 RSS 4.41361e-13
13.5071 PRSS 1.08254e-09
--
Received one packet! Socket: 10.1.1.1 port: 49153 at time = 13.5071
--
13.6046 RSS 1.08254e-09
13.6069 RSS 4.41361e-13
--
Received one packet! Socket: 10.1.1.1 port: 49153 at time = 13.6069
--
13.7065 RSS 1.08254e-09
13.7088 RSS 4.41361e-13
13.7088 PRSS 2.35561e-09
--
Received one packet! Socket: 10.1.1.1 port: 49153 at time = 13.7088
--
13.8031 RSS 1.08254e-09
13.8054 RSS 4.41361e-13
--
Received one packet! Socket: 10.1.1.1 port: 49153 at time = 13.8054
--
13.9054 RSS -1.27262e-09
13.9065 RSS 1.08254e-09
13.9088 RSS 4.41361e-13
13.9088 PRSS 1.08254e-09
--
Received one packet! Socket: 10.1.1.1 port: 49153 at time = 13.9088
--
14.0089 RSS 1.08254e-09
14.0113 RSS 4.41361e-13
--
Received one packet! Socket: 10.1.1.1 port: 49153 at time = 14.0113
--
14.1061 RSS 1.08254e-09
14.1084 RSS 4.41361e-13
14.1084 PRSS 2.35561e-09
--
Received one packet! Socket: 10.1.1.1 port: 49153 at time = 14.1084
--
14.2049 RSS 1.08254e-09
14.2072 RSS 4.41361e-13
--
Received one packet! Socket: 10.1.1.1 port: 49153 at time = 14.2072
--
14.3072 RSS -1.27262e-09
14.3072 RSS 1.08254e-09
14.3095 RSS 4.41361e-13
14.3095 PRSS 1.08254e-09
--
Received one packet! Socket: 10.1.1.1 port: 49153 at time = 14.3095
--
14.4023 RSS 1.08254e-09
14.4046 RSS 4.41361e-13
--
Received one packet! Socket: 10.1.1.1 port: 49153 at time = 14.4046
--
14.5032 RSS 1.08254e-09
14.5055 RSS 4.41361e-13
14.5055 PRSS 2.35561e-09
--
Received one packet! Socket: 10.1.1.1 port: 49153 at time = 14.5055
--
14.6041 RSS 1.08254e-09
14.6064 RSS 4.41361e-13
--
Received one packet! Socket: 10.1.1.1 port: 49153 at time = 14.6064
--
14.7064 RSS -1.27262e-09
14.7075 RSS 1.08254e-09
14.7098 RSS 4.41361e-13
14.7098 PRSS 1.08254e-09
--
Received one packet! Socket: 10.1.1.1 port: 49153 at time = 14.7098
--
14.804 RSS 1.08254e-09
14.8063 RSS 4.41361e-13
--
Received one packet! Socket: 10.1.1.1 port: 49153 at time = 14.8063
--
14.9048 RSS 1.08254e-09
14.9071 RSS 4.41361e-13
14.9071 PRSS 2.35561e-09
--
Received one packet! Socket: 10.1.1.1 port: 49153 at time = 14.9071
--
15.0075 RSS 1.08254e-09
15.0098 RSS 4.41361e-13
--
Received one packet! Socket: 10.1.1.1 port: 49153 at time = 15.0098
--
15.1052 RSS 1.08254e-09
15.1075 RSS 4.41361e-13
15.1075 PRSS 1.08254e-09
--
Received one packet! Socket: 10.1.1.1 port: 49153 at time = 15.1075
--
15.2062 RSS 1.08254e-09
15.2085 RSS 4.41361e-13
--
Received one packet! Socket: 10.1.1.1 port: 49153 at time = 15.2085
--
15.3085 RSS 1.2735e-09
15.3086 RSS 1.08254e-09
15.3109 RSS 4.41361e-13
15.3109 PRSS 2.35561e-09
--
Received one packet! Socket: 10.1.1.1 port: 49153 at time = 15.3109
--
15.4088 RSS 1.08254e-09
15.4111 RSS 4.41361e-13
--
Received one packet! Socket: 10.1.1.1 port: 49153 at time = 15.4111
--
15.5076 RSS 1.08254e-09
15.5099 RSS 4.41361e-13
15.5099 PRSS 1.08254e-09
--
Received one packet! Socket: 10.1.1.1 port: 49153 at time = 15.5099
--
15.6064 RSS 1.08254e-09
15.6087 RSS 4.41361e-13
--
Received one packet! Socket: 10.1.1.1 port: 49153 at time = 15.6087
--
15.7022 RSS 1.08254e-09
15.7045 RSS 4.41361e-13
15.7045 PRSS 2.35561e-09
--
Received one packet! Socket: 10.1.1.1 port: 49153 at time = 15.7045
--
15.8092 RSS 1.08254e-09
15.8115 RSS 4.41361e-13
--
Received one packet! Socket: 10.1.1.1 port: 49153 at time = 15.8115
--
15.9001 RSS 1.08254e-09
15.9024 RSS 4.41361e-13
15.9024 PRSS 1.08254e-09
--
Received one packet! Socket: 10.1.1.1 port: 49153 at time = 15.9024
--
16.0029 RSS 1.08254e-09
16.0052 RSS 4.41361e-13
--
Received one packet! Socket: 10.1.1.1 port: 49153 at time = 16.0052
--
16.1052 RSS 1.2735e-09
16.1091 RSS 1.08254e-09
16.1114 RSS 4.41361e-13
16.1114 PRSS 2.35561e-09
--
Received one packet! Socket: 10.1.1.1 port: 49153 at time = 16.1114
--
16.2025 RSS 1.08254e-09
16.2048 RSS 4.41361e-13
--
Received one packet! Socket: 10.1.1.1 port: 49153 at time = 16.2048
--
16.3048 RSS -1.27262e-09
16.3065 RSS 1.08254e-09
16.3088 RSS 4.41361e-13
16.3088 PRSS 1.08254e-09
--
Received one packet! Socket: 10.1.1.1 port: 49153 at time = 16.3088
--
16.4066 RSS 1.08254e-09
16.4089 RSS 4.41361e-13
--
Received one packet! Socket: 10.1.1.1 port: 49153 at time = 16.4089
--
16.5007 RSS 1.08254e-09
16.503 RSS 4.41361e-13
16.503 PRSS 2.35561e-09
--
Received one packet! Socket: 10.1.1.1 port: 49153 at time = 16.503
--
16.6032 RSS 1.08254e-09
16.6055 RSS 4.41361e-13
--
Received one packet! Socket: 10.1.1.1 port: 49153 at time = 16.6055
--
16.7055 RSS -1.27262e-09
16.709 RSS 1.08254e-09
16.7113 RSS 4.41361e-13
16.7113 PRSS 1.08254e-09
--
Received one packet! Socket: 10.1.1.1 port: 49153 at time = 16.7113
--
16.807 RSS 1.08254e-09
16.8093 RSS 4.41361e-13
--
Received one packet! Socket: 10.1.1.1 port: 49153 at time = 16.8093
--
16.9079 RSS 1.08254e-09
16.9102 RSS 4.41361e-13
16.9102 PRSS 2.35561e-09
--
Received one packet! Socket: 10.1.1.1 port: 49153 at time = 16.9102
--
17.0044 RSS 1.08254e-09
17.0067 RSS 4.41361e-13
--
Received one packet! Socket: 10.1.1.1 port: 49153 at time = 17.0067
--
17.1064 RSS 1.08254e-09
17.1088 RSS 4.41361e-13
17.1088 PRSS 1.08254e-09
--
Received one packet! Socket: 10.1.1.1 port: 49153 at time = 17.1088
--
17.2077 RSS 1.08254e-09
17.21 RSS 4.41361e-13
--
Received one packet! Socket: 10.1.1.1 port: 49153 at time = 17.21
--
17.3085 RSS 1.08254e-09
17.3108 RSS 4.41361e-13
17.3108 PRSS 2.35561e-09
--
Received one packet! Socket: 10.1.1.1 port: 49153 at time = 17.3108
--
17.4051 RSS 1.08254e-09
17.4074 RSS 4.41361e-13
--
Received one packet! Socket: 10.1.1.1 port: 49153 at time = 17.4074
--
17.5074 RSS -1.27262e-09
17.5084 RSS 1.08254e-09
17.5107 RSS 4.41361e-13
17.5107 PRSS 1.08254e-09
--
Received one packet! Socket: 10.1.1.1 port: 49153 at time = 17.5107
--
17.606 RSS 1.08254e-09
17.6083 RSS 4.41361e-13
--
Received one packet! Socket: 10.1.1.1 port: 49153 at time = 17.6083
--
17.7001 RSS 1.08254e-09
17.7024 RSS 4.41361e-13
17.7024 PRSS 2.35561e-09
--
Received one packet! Socket: 10.1.1.1 port: 49153 at time = 17.7024
--
17.8057 RSS 1.08254e-09
17.808 RSS 4.41361e-13
--
Received one packet! Socket: 10.1.1.1 port: 49153 at time = 17.808
--
17.9045 RSS 1.08254e-09
17.9068 RSS 4.41361e-13
17.9068 PRSS 1.08254e-09
--
Received one packet! Socket: 10.1.1.1 port: 49153 at time = 17.9068
--
18.0017 RSS 1.08254e-09
18.004 RSS 4.41361e-13
--
Received one packet! Socket: 10.1.1.1 port: 49153 at time = 18.004
--
18.104 RSS 1.2735e-09
18.1055 RSS 1.08254e-09
18.1078 RSS 4.41361e-13
18.1078 PRSS 2.35561e-09
--
Received one packet! Socket: 10.1.1.1 port: 49153 at time = 18.1078
--
18.2057 RSS 1.08254e-09
18.208 RSS 4.41361e-13
--
Received one packet! Socket: 10.1.1.1 port: 49153 at time = 18.208
--
18.3007 RSS 1.08254e-09
18.303 RSS 4.41361e-13
18.303 PRSS 1.08254e-09
--
Received one packet! Socket: 10.1.1.1 port: 49153 at time = 18.303
--
18.4075 RSS 1.08254e-09
18.4098 RSS 4.41361e-13
--
Received one packet! Socket: 10.1.1.1 port: 49153 at time = 18.4098
--
18.5095 RSS 1.08254e-09
18.5118 RSS 4.41361e-13
18.5118 PRSS 2.35561e-09
--
Received one packet! Socket: 10.1.1.1 port: 49153 at time = 18.5118
--
18.6068 RSS 1.08254e-09
18.6091 RSS 4.41361e-13
--
Received one packet! Socket: 10.1.1.1 port: 49153 at time = 18.6091
--
18.7067 RSS 1.08254e-09
18.709 RSS 4.41361e-13
18.709 PRSS 1.08254e-09
--
Received one packet! Socket: 10.1.1.1 port: 49153 at time = 18.709
--
18.8034 RSS 1.08254e-09
18.8057 RSS 4.41361e-13
--
Received one packet! Socket: 10.1.1.1 port: 49153 at time = 18.8057
--
18.9057 RSS 1.2735e-09
18.9063 RSS 1.08254e-09
18.9086 RSS 4.41361e-13
18.9086 PRSS 2.35561e-09
--
Received one packet! Socket: 10.1.1.1 port: 49153 at time = 18.9086
--
19.0048 RSS 1.08254e-09
19.0071 RSS 4.41361e-13
--
Received one packet! Socket: 10.1.1.1 port: 49153 at time = 19.0071
--
19.1007 RSS 1.08254e-09
19.103 RSS 4.41361e-13
19.103 PRSS 1.08254e-09
--
Received one packet! Socket: 10.1.1.1 port: 49153 at time = 19.103
--
19.2084 RSS 1.08254e-09
19.2107 RSS 4.41361e-13
--
Received one packet! Socket: 10.1.1.1 port: 49153 at time = 19.2107
--
19.3046 RSS 1.08254e-09
19.3069 RSS 4.41361e-13
19.3069 PRSS 2.35561e-09
--
Received one packet! Socket: 10.1.1.1 port: 49153 at time = 19.3069
--
19.4096 RSS 1.08254e-09
19.4119 RSS 4.41361e-13
--
Received one packet! Socket: 10.1.1.1 port: 49153 at time = 19.4119
--
19.5078 RSS 1.08254e-09
19.5101 RSS 4.41361e-13
19.5101 PRSS 1.08254e-09
--
Received one packet! Socket: 10.1.1.1 port: 49153 at time = 19.5101
--
19.6015 RSS 1.08254e-09
19.6038 RSS 4.41361e-13
--
Received one packet! Socket: 10.1.1.1 port: 49153 at time = 19.6038
--
19.7038 RSS 1.2735e-09
19.7048 RSS 1.08254e-09
19.7071 RSS 4.41361e-13
19.7071 PRSS 2.35561e-09
--
Received one packet! Socket: 10.1.1.1 port: 49153 at time = 19.7071
--
19.8014 RSS 1.08254e-09
19.8037 RSS 4.41361e-13
--
Received one packet! Socket: 10.1.1.1 port: 49153 at time = 19.8037
--
19.9037 RSS -1.27262e-09
19.907 RSS 1.08254e-09
19.9093 RSS 4.41361e-13
19.9093 PRSS 1.08254e-09
--
Received one packet! Socket: 10.1.1.1 port: 49153 at time = 19.9093
--
20.0058 RSS 1.08254e-09
20.0081 RSS 4.41361e-13
--
Received one packet! Socket: 10.1.1.1 port: 49153 at time = 20.0081
--
20.1045 RSS 1.08254e-09
20.1068 RSS 4.41361e-13
20.1068 PRSS 2.35561e-09
--
Received one packet! Socket: 10.1.1.1 port: 49153 at time = 20.1068
--
20.2068 RSS 1.08254e-09
20.2091 RSS 4.41361e-13
--
Received one packet! Socket: 10.1.1.1 port: 49153 at time = 20.2091
--
20.3076 RSS 1.08254e-09
20.3099 RSS 4.41361e-13
20.3099 PRSS 1.08254e-09
--
Received one packet! Socket: 10.1.1.1 port: 49153 at time = 20.3099
--
20.4031 RSS 1.08254e-09
20.4054 RSS 4.41361e-13
--
Received one packet! Socket: 10.1.1.1 port: 49153 at time = 20.4054
--
20.5054 RSS 1.2735e-09
20.5087 RSS 1.08254e-09
20.511 RSS 4.41361e-13
20.511 PRSS 2.35561e-09
--
Received one packet! Socket: 10.1.1.1 port: 49153 at time = 20.511
--
20.6084 RSS 1.08254e-09
20.6107 RSS 4.41361e-13
--
Received one packet! Socket: 10.1.1.1 port: 49153 at time = 20.6107
--
20.705 RSS 1.08254e-09
20.7073 RSS 4.41361e-13
20.7073 PRSS 1.08254e-09
--
Received one packet! Socket: 10.1.1.1 port: 49153 at time = 20.7073
--
20.8035 RSS 1.08254e-09
20.8058 RSS 4.41361e-13
--
Received one packet! Socket: 10.1.1.1 port: 49153 at time = 20.8058
--
20.9052 RSS 1.08254e-09
20.9075 RSS 4.41361e-13
20.9075 PRSS 2.35561e-09
--
Received one packet! Socket: 10.1.1.1 port: 49153 at time = 20.9075
--
21.0083 RSS 1.08254e-09
21.0107 RSS 4.41361e-13
--
Received one packet! Socket: 10.1.1.1 port: 49153 at time = 21.0107
--
21.1079 RSS 1.08254e-09
21.1102 RSS 4.41361e-13
21.1102 PRSS 1.08254e-09
--
Received one packet! Socket: 10.1.1.1 port: 49153 at time = 21.1102
--
21.2074 RSS 1.08254e-09
21.2097 RSS 4.41361e-13
--
Received one packet! Socket: 10.1.1.1 port: 49153 at time = 21.2097
--
21.3087 RSS 1.08254e-09
21.311 RSS 4.41361e-13
21.311 PRSS 2.35561e-09
--
Received one packet! Socket: 10.1.1.1 port: 49153 at time = 21.311
--
21.4013 RSS 1.08254e-09
21.4036 RSS 4.41361e-13
--
Received one packet! Socket: 10.1.1.1 port: 49153 at time = 21.4036
--
21.5016 RSS 1.08254e-09
21.5039 RSS 4.41361e-13
21.5039 PRSS 1.08254e-09
--
Received one packet! Socket: 10.1.1.1 port: 49153 at time = 21.5039
--
21.6035 RSS 1.08254e-09
21.6058 RSS 4.41361e-13
--
Received one packet! Socket: 10.1.1.1 port: 49153 at time = 21.6058
--
21.7058 RSS 1.2735e-09
21.7091 RSS 1.08254e-09
21.7114 RSS 4.41361e-13
21.7114 PRSS 2.35561e-09
--
Received one packet! Socket: 10.1.1.1 port: 49153 at time = 21.7114
--
21.8094 RSS 1.08254e-09
21.8118 RSS 4.41361e-13
--
Received one packet! Socket: 10.1.1.1 port: 49153 at time = 21.8118
--
21.9044 RSS 1.08254e-09
21.9067 RSS 4.41361e-13
21.9067 PRSS 1.08254e-09
--
Received one packet! Socket: 10.1.1.1 port: 49153 at time = 21.9067
--
22.0077 RSS 1.08254e-09
22.01 RSS 4.41361e-13
--
Received one packet! Socket: 10.1.1.1 port: 49153 at time = 22.01
--
22.1086 RSS 1.08254e-09
22.1109 RSS 4.41361e-13
22.1109 PRSS 2.35561e-09
--
Received one packet! Socket: 10.1.1.1 port: 49153 at time = 22.1109
--
22.2068 RSS 1.08254e-09
22.2091 RSS 4.41361e-13
--
Received one packet! Socket: 10.1.1.1 port: 49153 at time = 22.2091
--
22.304 RSS 1.08254e-09
22.3063 RSS 4.41361e-13
22.3063 PRSS 1.08254e-09
--
Received one packet! Socket: 10.1.1.1 port: 49153 at time = 22.3063
--
22.4076 RSS 1.08254e-09
22.4099 RSS 4.41361e-13
--
Received one packet! Socket: 10.1.1.1 port: 49153 at time = 22.4099
--
22.5099 RSS 1.08254e-09
22.5122 RSS 4.41361e-13
22.5122 PRSS 2.35561e-09
--
Received one packet! Socket: 10.1.1.1 port: 49153 at time = 22.5122
--
22.6072 RSS 1.08254e-09
22.6095 RSS 4.41361e-13
--
Received one packet! Socket: 10.1.1.1 port: 49153 at time = 22.6095
--
22.7066 RSS 1.08254e-09
22.7089 RSS 4.41361e-13
22.7089 PRSS 1.08254e-09
--
Received one packet! Socket: 10.1.1.1 port: 49153 at time = 22.7089
--
22.8096 RSS 1.08254e-09
22.8119 RSS 4.41361e-13
--
Received one packet! Socket: 10.1.1.1 port: 49153 at time = 22.8119
--
22.9086 RSS 1.08254e-09
22.9109 RSS 4.41361e-13
22.9109 PRSS 2.35561e-09
--
Received one packet! Socket: 10.1.1.1 port: 49153 at time = 22.9109
--
23.0002 RSS 1.08254e-09
23.0025 RSS 4.41361e-13
--
Received one packet! Socket: 10.1.1.1 port: 49153 at time = 23.0025
--
23.1019 RSS 1.08254e-09
23.1042 RSS 4.41361e-13
23.1042 PRSS 1.08254e-09
--
Received one packet! Socket: 10.1.1.1 port: 49153 at time = 23.1042
--
23.2009 RSS 1.08254e-09
23.2032 RSS 4.41361e-13
--
Received one packet! Socket: 10.1.1.1 port: 49153 at time = 23.2032
--
23.3032 RSS 1.2735e-09
23.3034 RSS 1.08254e-09
23.3057 RSS 4.41361e-13
23.3057 PRSS 2.35561e-09
--
Received one packet! Socket: 10.1.1.1 port: 49153 at time = 23.3057
--
23.4063 RSS 1.08254e-09
23.4086 RSS 4.41361e-13
--
Received one packet! Socket: 10.1.1.1 port: 49153 at time = 23.4086
--
23.5048 RSS 1.08254e-09
23.5071 RSS 4.41361e-13
23.5071 PRSS 1.08254e-09
--
Received one packet! Socket: 10.1.1.1 port: 49153 at time = 23.5071
--
23.6094 RSS 1.08254e-09
23.6117 RSS 4.41361e-13
--
Received one packet! Socket: 10.1.1.1 port: 49153 at time = 23.6117
--
23.7025 RSS 1.08254e-09
23.7048 RSS 4.41361e-13
23.7048 PRSS 2.35561e-09
--
Received one packet! Socket: 10.1.1.1 port: 49153 at time = 23.7048
--
23.8081 RSS 1.08254e-09
23.8104 RSS 4.41361e-13
--
Received one packet! Socket: 10.1.1.1 port: 49153 at time = 23.8104
--
23.9071 RSS 1.08254e-09
23.9094 RSS 4.41361e-13
23.9094 PRSS 1.08254e-09
--
Received one packet! Socket: 10.1.1.1 port: 49153 at time = 23.9094
--
24.0012 RSS 1.08254e-09
24.0035 RSS 4.41361e-13
--
Received one packet! Socket: 10.1.1.1 port: 49153 at time = 24.0035
--
24.1035 RSS 1.2735e-09
24.104 RSS 1.08254e-09
24.1063 RSS 4.41361e-13
24.1063 PRSS 2.35561e-09
--
Received one packet! Socket: 10.1.1.1 port: 49153 at time = 24.1063
--
24.2092 RSS 1.08254e-09
24.2115 RSS 4.41361e-13
--
Received one packet! Socket: 10.1.1.1 port: 49153 at time = 24.2115
--
24.3002 RSS 1.08254e-09
24.3025 RSS 4.41361e-13
24.3025 PRSS 1.08254e-09
--
Received one packet! Socket: 10.1.1.1 port: 49153 at time = 24.3025
--
24.4098 RSS 1.08254e-09
24.4121 RSS 4.41361e-13
--
Received one packet! Socket: 10.1.1.1 port: 49153 at time = 24.4121
--
24.5035 RSS 1.08254e-09
24.5058 RSS 4.41361e-13
24.5058 PRSS 2.35561e-09
--
Received one packet! Socket: 10.1.1.1 port: 49153 at time = 24.5058
--
24.6061 RSS 1.08254e-09
24.6084 RSS 4.41361e-13
--
Received one packet! Socket: 10.1.1.1 port: 49153 at time = 24.6084
--
24.708 RSS 1.08254e-09
24.7103 RSS 4.41361e-13
24.7103 PRSS 1.08254e-09
--
Received one packet! Socket: 10.1.1.1 port: 49153 at time = 24.7103
--
24.8053 RSS 1.08254e-09
24.8076 RSS 4.41361e-13
--
Received one packet! Socket: 10.1.1.1 port: 49153 at time = 24.8076
--
24.904 RSS 1.08254e-09
24.9063 RSS 4.41361e-13
24.9063 PRSS 2.35561e-09
--
Received one packet! Socket: 10.1.1.1 port: 49153 at time = 24.9063
--
25.0019 RSS 1.08254e-09
25.0042 RSS 4.41361e-13
--
Received one packet! Socket: 10.1.1.1 port: 49153 at time = 25.0042
--
25.1034 RSS 1.08254e-09
25.1057 RSS 4.41361e-13
25.1057 PRSS 1.08254e-09
--
Received one packet! Socket: 10.1.1.1 port: 49153 at time = 25.1057
--
25.2068 RSS 1.08254e-09
25.2091 RSS 4.41361e-13
--
Received one packet! Socket: 10.1.1.1 port: 49153 at time = 25.2091
--
25.3044 RSS 1.08254e-09
25.3067 RSS 4.41361e-13
25.3067 PRSS 2.35561e-09
--
Received one packet! Socket: 10.1.1.1 port: 49153 at time = 25.3067
--
25.4019 RSS 1.08254e-09
25.4042 RSS 4.41361e-13
--
Received one packet! Socket: 10.1.1.1 port: 49153 at time = 25.4042
--
25.5037 RSS 1.08254e-09
25.506 RSS 4.41361e-13
25.506 PRSS 1.08254e-09
--
Received one packet! Socket: 10.1.1.1 port: 49153 at time = 25.506
--
25.6018 RSS 1.08254e-09
25.6041 RSS 4.41361e-13
--
Received one packet! Socket: 10.1.1.1 port: 49153 at time = 25.6041
--
25.7041 RSS 1.2735e-09
25.71 RSS 1.08254e-09
25.7123 RSS 4.41361e-13
25.7123 PRSS 2.35561e-09
--
Received one packet! Socket: 10.1.1.1 port: 49153 at time = 25.7123
--
25.8053 RSS 1.08254e-09
25.8076 RSS 4.41361e-13
--
Received one packet! Socket: 10.1.1.1 port: 49153 at time = 25.8076
--
25.9073 RSS 1.08254e-09
25.9096 RSS 4.41361e-13
25.9096 PRSS 1.08254e-09
--
Received one packet! Socket: 10.1.1.1 port: 49153 at time = 25.9096
--
26.0058 RSS 1.08254e-09
26.0081 RSS 4.41361e-13
--
Received one packet! Socket: 10.1.1.1 port: 49153 at time = 26.0081
--
26.1027 RSS 1.08254e-09
26.105 RSS 4.41361e-13
26.105 PRSS 2.35561e-09
--
Received one packet! Socket: 10.1.1.1 port: 49153 at time = 26.105
--
26.2093 RSS 1.08254e-09
26.2116 RSS 4.41361e-13
--
Received one packet! Socket: 10.1.1.1 port: 49153 at time = 26.2116
--
26.3092 RSS 1.08254e-09
26.3115 RSS 4.41361e-13
26.3115 PRSS 1.08254e-09
--
Received one packet! Socket: 10.1.1.1 port: 49153 at time = 26.3115
--
26.4065 RSS 1.08254e-09
26.4088 RSS 4.41361e-13
--
Received one packet! Socket: 10.1.1.1 port: 49153 at time = 26.4088
--
26.5048 RSS 1.08254e-09
26.5071 RSS 4.41361e-13
26.5071 PRSS 2.35561e-09
--
Received one packet! Socket: 10.1.1.1 port: 49153 at time = 26.5071
--
26.6091 RSS 1.08254e-09
26.6114 RSS 4.41361e-13
--
Received one packet! Socket: 10.1.1.1 port: 49153 at time = 26.6114
--
26.7057 RSS 1.08254e-09
26.7081 RSS 4.41361e-13
26.7081 PRSS 1.08254e-09
--
Received one packet! Socket: 10.1.1.1 port: 49153 at time = 26.7081
--
26.8013 RSS 1.08254e-09
26.8037 RSS 4.41361e-13
--
Received one packet! Socket: 10.1.1.1 port: 49153 at time = 26.8037
--
26.9003 RSS 1.08254e-09
26.9026 RSS 4.41361e-13
26.9026 PRSS 2.35561e-09
--
Received one packet! Socket: 10.1.1.1 port: 49153 at time = 26.9026
--
27.0097 RSS 1.08254e-09
27.012 RSS 4.41361e-13
--
Received one packet! Socket: 10.1.1.1 port: 49153 at time = 27.012
--
27.1022 RSS 1.08254e-09
27.1045 RSS 4.41361e-13
27.1045 PRSS 1.08254e-09
--
Received one packet! Socket: 10.1.1.1 port: 49153 at time = 27.1045
--
27.2076 RSS 1.08254e-09
27.2099 RSS 4.41361e-13
--
Received one packet! Socket: 10.1.1.1 port: 49153 at time = 27.2099
--
27.3031 RSS 1.08254e-09
27.3054 RSS 4.41361e-13
27.3054 PRSS 2.35561e-09
--
Received one packet! Socket: 10.1.1.1 port: 49153 at time = 27.3054
--
27.4056 RSS 1.08254e-09
27.4079 RSS 4.41361e-13
--
Received one packet! Socket: 10.1.1.1 port: 49153 at time = 27.4079
--
27.5013 RSS 1.08254e-09
27.5036 RSS 4.41361e-13
27.5036 PRSS 1.08254e-09
--
Received one packet! Socket: 10.1.1.1 port: 49153 at time = 27.5036
--
27.6053 RSS 1.08254e-09
27.6076 RSS 4.41361e-13
--
Received one packet! Socket: 10.1.1.1 port: 49153 at time = 27.6076
--
27.7071 RSS 1.08254e-09
27.7094 RSS 4.41361e-13
27.7094 PRSS 2.35561e-09
--
Received one packet! Socket: 10.1.1.1 port: 49153 at time = 27.7094
--
27.8086 RSS 1.08254e-09
27.8109 RSS 4.41361e-13
--
Received one packet! Socket: 10.1.1.1 port: 49153 at time = 27.8109
--
27.9071 RSS 1.08254e-09
27.9094 RSS 4.41361e-13
27.9094 PRSS 1.08254e-09
--
Received one packet! Socket: 10.1.1.1 port: 49153 at time = 27.9094
--
28.0079 RSS 1.08254e-09
28.0102 RSS 4.41361e-13
--
Received one packet! Socket: 10.1.1.1 port: 49153 at time = 28.0102
--
28.1025 RSS 1.08254e-09
28.1048 RSS 4.41361e-13
28.1048 PRSS 2.35561e-09
--
Received one packet! Socket: 10.1.1.1 port: 49153 at time = 28.1048
--
28.2071 RSS 1.08254e-09
28.2094 RSS 4.41361e-13
--
Received one packet! Socket: 10.1.1.1 port: 49153 at time = 28.2094
--
28.3012 RSS 1.08254e-09
28.3035 RSS 4.41361e-13
28.3035 PRSS 1.08254e-09
--
Received one packet! Socket: 10.1.1.1 port: 49153 at time = 28.3035
--
28.407 RSS 1.08254e-09
28.4093 RSS 4.41361e-13
--
Received one packet! Socket: 10.1.1.1 port: 49153 at time = 28.4093
--
28.5068 RSS 1.08254e-09
28.5091 RSS 4.41361e-13
28.5091 PRSS 2.35561e-09
--
Received one packet! Socket: 10.1.1.1 port: 49153 at time = 28.5091
--
28.6001 RSS 1.08254e-09
28.6024 RSS 4.41361e-13
--
Received one packet! Socket: 10.1.1.1 port: 49153 at time = 28.6024
--
28.7024 RSS -1.27262e-09
28.7038 RSS 1.08254e-09
28.7061 RSS 4.41361e-13
28.7061 PRSS 1.08254e-09
--
Received one packet! Socket: 10.1.1.1 port: 49153 at time = 28.7061
--
28.808 RSS 1.08254e-09
28.8103 RSS 4.41361e-13
--
Received one packet! Socket: 10.1.1.1 port: 49153 at time = 28.8103
--
28.9047 RSS 1.08254e-09
28.907 RSS 4.41361e-13
28.907 PRSS 2.35561e-09
--
Received one packet! Socket: 10.1.1.1 port: 49153 at time = 28.907
--
29.0042 RSS 1.08254e-09
29.0065 RSS 4.41361e-13
--
Received one packet! Socket: 10.1.1.1 port: 49153 at time = 29.0065
--
29.1056 RSS 1.08254e-09
29.1079 RSS 4.41361e-13
29.1079 PRSS 1.08254e-09
--
Received one packet! Socket: 10.1.1.1 port: 49153 at time = 29.1079
--
29.2093 RSS 1.08254e-09
29.2116 RSS 4.41361e-13
--
Received one packet! Socket: 10.1.1.1 port: 49153 at time = 29.2116
--
29.3015 RSS 1.08254e-09
29.3038 RSS 4.41361e-13
29.3038 PRSS 2.35561e-09
--
Received one packet! Socket: 10.1.1.1 port: 49153 at time = 29.3038
--
29.408 RSS 1.08254e-09
29.4103 RSS 4.41361e-13
--
Received one packet! Socket: 10.1.1.1 port: 49153 at time = 29.4103
--
29.5012 RSS 1.08254e-09
29.5035 RSS 4.41361e-13
29.5035 PRSS 1.08254e-09
--
Received one packet! Socket: 10.1.1.1 port: 49153 at time = 29.5035
--
29.6003 RSS 1.08254e-09
29.6026 RSS 4.41361e-13
--
Received one packet! Socket: 10.1.1.1 port: 49153 at time = 29.6026
--
29.7007 RSS 1.08254e-09
29.703 RSS 4.41361e-13
29.703 PRSS 2.35561e-09
--
Received one packet! Socket: 10.1.1.1 port: 49153 at time = 29.703
--
29.8086 RSS 1.08254e-09
29.8109 RSS 4.41361e-13
--
Received one packet! Socket: 10.1.1.1 port: 49153 at time = 29.8109
--
29.901 RSS 1.08254e-09
29.9033 RSS 4.41361e-13
29.9033 PRSS 1.08254e-09
--
Received one packet! Socket: 10.1.1.1 port: 49153 at time = 29.9033
--
30.0079 RSS 1.08254e-09
30.0102 RSS 4.41361e-13
--
Received one packet! Socket: 10.1.1.1 port: 49153 at time = 30.0102
--
30.1034 RSS 1.08254e-09
30.1057 RSS 4.41361e-13
30.1057 PRSS 2.35561e-09
--
Received one packet! Socket: 10.1.1.1 port: 49153 at time = 30.1057
--
30.2057 RSS 1.08254e-09
30.208 RSS 4.41361e-13
--
Received one packet! Socket: 10.1.1.1 port: 49153 at time = 30.208
--
30.3073 RSS 1.08254e-09
30.3096 RSS 4.41361e-13
30.3096 PRSS 1.08254e-09
--
Received one packet! Socket: 10.1.1.1 port: 49153 at time = 30.3096
--
30.4027 RSS 1.08254e-09
30.405 RSS 4.41361e-13
--
Received one packet! Socket: 10.1.1.1 port: 49153 at time = 30.405
--
30.505 RSS 1.2735e-09
30.5099 RSS 1.08254e-09
30.5122 RSS 4.41361e-13
30.5122 PRSS 2.35561e-09
--
Received one packet! Socket: 10.1.1.1 port: 49153 at time = 30.5122
--
30.6041 RSS 1.08254e-09
30.6064 RSS 4.41361e-13
--
Received one packet! Socket: 10.1.1.1 port: 49153 at time = 30.6064
--
30.7018 RSS 1.08254e-09
30.7041 RSS 4.41361e-13
30.7041 PRSS 1.08254e-09
--
Received one packet! Socket: 10.1.1.1 port: 49153 at time = 30.7041
--
30.8048 RSS 1.08254e-09
30.8071 RSS 4.41361e-13
--
Received one packet! Socket: 10.1.1.1 port: 49153 at time = 30.8071
--
30.9028 RSS 1.08254e-09
30.9051 RSS 4.41361e-13
30.9051 PRSS 2.35561e-09
--
Received one packet! Socket: 10.1.1.1 port: 49153 at time = 30.9051
--
31.0094 RSS 1.08254e-09
31.0117 RSS 4.41361e-13
--
Received one packet! Socket: 10.1.1.1 port: 49153 at time = 31.0117
--
31.1071 RSS 1.08254e-09
31.1094 RSS 4.41361e-13
31.1094 PRSS 1.08254e-09
--
Received one packet! Socket: 10.1.1.1 port: 49153 at time = 31.1094
--
31.203 RSS 1.08254e-09
31.2053 RSS 4.41361e-13
--
Received one packet! Socket: 10.1.1.1 port: 49153 at time = 31.2053
--
31.3015 RSS 1.08254e-09
31.3038 RSS 4.41361e-13
31.3038 PRSS 2.35561e-09
--
Received one packet! Socket: 10.1.1.1 port: 49153 at time = 31.3038
--
31.4056 RSS 1.08254e-09
31.4079 RSS 4.41361e-13
--
Received one packet! Socket: 10.1.1.1 port: 49153 at time = 31.4079
--
31.5028 RSS 1.08254e-09
31.5051 RSS 4.41361e-13
31.5051 PRSS 1.08254e-09
--
Received one packet! Socket: 10.1.1.1 port: 49153 at time = 31.5051
--
31.6036 RSS 1.08254e-09
31.6059 RSS 4.41361e-13
--
Received one packet! Socket: 10.1.1.1 port: 49153 at time = 31.6059
--
31.7039 RSS 1.08254e-09
31.7062 RSS 4.41361e-13
31.7062 PRSS 2.35561e-09
--
Received one packet! Socket: 10.1.1.1 port: 49153 at time = 31.7062
--
31.8073 RSS 1.08254e-09
31.8096 RSS 4.41361e-13
--
Received one packet! Socket: 10.1.1.1 port: 49153 at time = 31.8096
--
31.9064 RSS 1.08254e-09
31.9087 RSS 4.41361e-13
31.9087 PRSS 1.08254e-09
--
Received one packet! Socket: 10.1.1.1 port: 49153 at time = 31.9087
--
32.0079 RSS 1.08254e-09
32.0102 RSS 4.41361e-13
--
Received one packet! Socket: 10.1.1.1 port: 49153 at time = 32.0102
--
32.1061 RSS 1.08254e-09
32.1084 RSS 4.41361e-13
32.1084 PRSS 2.35561e-09
--
Received one packet! Socket: 10.1.1.1 port: 49153 at time = 32.1084
--
32.2048 RSS 1.08254e-09
32.2071 RSS 4.41361e-13
--
Received one packet! Socket: 10.1.1.1 port: 49153 at time = 32.2071
--
32.3071 RSS -1.27262e-09
32.3074 RSS 1.08254e-09
32.3097 RSS 4.41361e-13
32.3097 PRSS 1.08254e-09
--
Received one packet! Socket: 10.1.1.1 port: 49153 at time = 32.3097
--
32.4064 RSS 1.08254e-09
32.4087 RSS 4.41361e-13
--
Received one packet! Socket: 10.1.1.1 port: 49153 at time = 32.4087
--
32.506 RSS 1.08254e-09
32.5083 RSS 4.41361e-13
32.5083 PRSS 2.35561e-09
--
Received one packet! Socket: 10.1.1.1 port: 49153 at time = 32.5083
--
32.6042 RSS 1.08254e-09
32.6065 RSS 4.41361e-13
--
Received one packet! Socket: 10.1.1.1 port: 49153 at time = 32.6065
--
32.7065 RSS -1.27262e-09
32.7067 RSS 1.08254e-09
32.709 RSS 4.41361e-13
32.709 PRSS 1.08254e-09
--
Received one packet! Socket: 10.1.1.1 port: 49153 at time = 32.709
--
32.8064 RSS 1.08254e-09
32.8087 RSS 4.41361e-13
--
Received one packet! Socket: 10.1.1.1 port: 49153 at time = 32.8087
--
32.9087 RSS 1.2735e-09
32.9096 RSS 1.08254e-09
32.9119 RSS 4.41361e-13
32.9119 PRSS 2.35561e-09
--
Received one packet! Socket: 10.1.1.1 port: 49153 at time = 32.9119
--
33.007 RSS 1.08254e-09
33.0093 RSS 4.41361e-13
--
Received one packet! Socket: 10.1.1.1 port: 49153 at time = 33.0093
--
33.1019 RSS 1.08254e-09
33.1042 RSS 4.41361e-13
33.1042 PRSS 1.08254e-09
--
Received one packet! Socket: 10.1.1.1 port: 49153 at time = 33.1042
--
33.2021 RSS 1.08254e-09
33.2044 RSS 4.41361e-13
--
Received one packet! Socket: 10.1.1.1 port: 49153 at time = 33.2044
--
33.303 RSS 1.08254e-09
33.3053 RSS 4.41361e-13
33.3053 PRSS 2.35561e-09
--
Received one packet! Socket: 10.1.1.1 port: 49153 at time = 33.3053
--
33.4009 RSS 1.08254e-09
33.4033 RSS 4.41361e-13
--
Received one packet! Socket: 10.1.1.1 port: 49153 at time = 33.4033
--
33.5014 RSS 1.08254e-09
33.5037 RSS 4.41361e-13
33.5037 PRSS 1.08254e-09
--
Received one packet! Socket: 10.1.1.1 port: 49153 at time = 33.5037
--
33.6008 RSS 1.08254e-09
33.6031 RSS 4.41361e-13
--
Received one packet! Socket: 10.1.1.1 port: 49153 at time = 33.6031
--
33.7031 RSS 1.2735e-09
33.7091 RSS 1.08254e-09
33.7114 RSS 4.41361e-13
33.7114 PRSS 2.35561e-09
--
Received one packet! Socket: 10.1.1.1 port: 49153 at time = 33.7114
--
33.8079 RSS 1.08254e-09
33.8102 RSS 4.41361e-13
--
Received one packet! Socket: 10.1.1.1 port: 49153 at time = 33.8102
--
33.9063 RSS 1.08254e-09
33.9086 RSS 4.41361e-13
33.9086 PRSS 1.08254e-09
--
Received one packet! Socket: 10.1.1.1 port: 49153 at time = 33.9086
--
34.0077 RSS 1.08254e-09
34.01 RSS 4.41361e-13
--
Received one packet! Socket: 10.1.1.1 port: 49153 at time = 34.01
--
34.1065 RSS 1.08254e-09
34.1088 RSS 4.41361e-13
34.1088 PRSS 2.35561e-09
--
Received one packet! Socket: 10.1.1.1 port: 49153 at time = 34.1088
--
34.2067 RSS 1.08254e-09
34.209 RSS 4.41361e-13
--
Received one packet! Socket: 10.1.1.1 port: 49153 at time = 34.209
--
34.3014 RSS 1.08254e-09
34.3037 RSS 4.41361e-13
34.3037 PRSS 1.08254e-09
--
Received one packet! Socket: 10.1.1.1 port: 49153 at time = 34.3037
--
34.4003 RSS 1.08254e-09
34.4026 RSS 4.41361e-13
--
Received one packet! Socket: 10.1.1.1 port: 49153 at time = 34.4026
--
34.5006 RSS 1.08254e-09
34.5029 RSS 4.41361e-13
34.5029 PRSS 2.35561e-09
--
Received one packet! Socket: 10.1.1.1 port: 49153 at time = 34.5029
--
34.6064 RSS 1.08254e-09
34.6087 RSS 4.41361e-13
--
Received one packet! Socket: 10.1.1.1 port: 49153 at time = 34.6087
--
34.7071 RSS 1.08254e-09
34.7094 RSS 4.41361e-13
34.7094 PRSS 1.08254e-09
--
Received one packet! Socket: 10.1.1.1 port: 49153 at time = 34.7094
--
34.8011 RSS 1.08254e-09
34.8034 RSS 4.41361e-13
--
Received one packet! Socket: 10.1.1.1 port: 49153 at time = 34.8034
--
34.9034 RSS 1.2735e-09
34.9095 RSS 1.08254e-09
34.9118 RSS 4.41361e-13
34.9118 PRSS 2.35561e-09
--
Received one packet! Socket: 10.1.1.1 port: 49153 at time = 34.9118
--
35.0039 RSS 1.08254e-09
35.0062 RSS 4.41361e-13
--
Received one packet! Socket: 10.1.1.1 port: 49153 at time = 35.0062
--
35.1011 RSS 1.08254e-09
35.1034 RSS 4.41361e-13
35.1034 PRSS 1.08254e-09
--
Received one packet! Socket: 10.1.1.1 port: 49153 at time = 35.1034
--
35.2026 RSS 1.08254e-09
35.2049 RSS 4.41361e-13
--
Received one packet! Socket: 10.1.1.1 port: 49153 at time = 35.2049
--
35.3012 RSS 1.08254e-09
35.3035 RSS 4.41361e-13
35.3035 PRSS 2.35561e-09
--
Received one packet! Socket: 10.1.1.1 port: 49153 at time = 35.3035
--
35.4011 RSS 1.08254e-09
35.4035 RSS 4.41361e-13
--
Received one packet! Socket: 10.1.1.1 port: 49153 at time = 35.4035
--
35.5035 RSS -1.27262e-09
35.5072 RSS 1.08254e-09
35.5095 RSS 4.41361e-13
35.5095 PRSS 1.08254e-09
--
Received one packet! Socket: 10.1.1.1 port: 49153 at time = 35.5095
--
35.6067 RSS 1.08254e-09
35.609 RSS 4.41361e-13
--
Received one packet! Socket: 10.1.1.1 port: 49153 at time = 35.609
--
35.7025 RSS 1.08254e-09
35.7048 RSS 4.41361e-13
35.7048 PRSS 2.35561e-09
--
Received one packet! Socket: 10.1.1.1 port: 49153 at time = 35.7048
--
35.8048 RSS 1.08254e-09
35.8071 RSS 4.41361e-13
--
Received one packet! Socket: 10.1.1.1 port: 49153 at time = 35.8071
--
35.9025 RSS 1.08254e-09
35.9048 RSS 4.41361e-13
35.9048 PRSS 1.08254e-09
--
Received one packet! Socket: 10.1.1.1 port: 49153 at time = 35.9048
--
36.0085 RSS 1.08254e-09
36.0108 RSS 4.41361e-13
--
Received one packet! Socket: 10.1.1.1 port: 49153 at time = 36.0108
--
36.1009 RSS 1.08254e-09
36.1032 RSS 4.41361e-13
36.1032 PRSS 2.35561e-09
--
Received one packet! Socket: 10.1.1.1 port: 49153 at time = 36.1032
--
36.2063 RSS 1.08254e-09
36.2086 RSS 4.41361e-13
--
Received one packet! Socket: 10.1.1.1 port: 49153 at time = 36.2086
--
36.3067 RSS 1.08254e-09
36.309 RSS 4.41361e-13
36.309 PRSS 1.08254e-09
--
Received one packet! Socket: 10.1.1.1 port: 49153 at time = 36.309
--
36.4023 RSS 1.08254e-09
36.4046 RSS 4.41361e-13
--
Received one packet! Socket: 10.1.1.1 port: 49153 at time = 36.4046
--
36.5046 RSS 1.2735e-09
36.5051 RSS 1.08254e-09
36.5074 RSS 4.41361e-13
36.5074 PRSS 2.35561e-09
--
Received one packet! Socket: 10.1.1.1 port: 49153 at time = 36.5074
--
36.6038 RSS 1.08254e-09
36.6061 RSS 4.41361e-13
--
Received one packet! Socket: 10.1.1.1 port: 49153 at time = 36.6061
--
36.7001 RSS 1.08254e-09
36.7024 RSS 4.41361e-13
36.7024 PRSS 1.08254e-09
--
Received one packet! Socket: 10.1.1.1 port: 49153 at time = 36.7024
--
36.8094 RSS 1.08254e-09
36.8117 RSS 4.41361e-13
--
Received one packet! Socket: 10.1.1.1 port: 49153 at time = 36.8117
--
36.902 RSS 1.08254e-09
36.9043 RSS 4.41361e-13
36.9043 PRSS 2.35561e-09
--
Received one packet! Socket: 10.1.1.1 port: 49153 at time = 36.9043
--
37.0095 RSS 1.08254e-09
37.0118 RSS 4.41361e-13
--
Received one packet! Socket: 10.1.1.1 port: 49153 at time = 37.0118
--
37.1076 RSS 1.08254e-09
37.1099 RSS 4.41361e-13
37.1099 PRSS 1.08254e-09
--
Received one packet! Socket: 10.1.1.1 port: 49153 at time = 37.1099
--
37.2032 RSS 1.08254e-09
37.2055 RSS 4.41361e-13
--
Received one packet! Socket: 10.1.1.1 port: 49153 at time = 37.2055
--
37.3055 RSS 1.2735e-09
37.3071 RSS 1.08254e-09
37.3094 RSS 4.41361e-13
37.3094 PRSS 2.35561e-09
--
Received one packet! Socket: 10.1.1.1 port: 49153 at time = 37.3094
--
37.4053 RSS 1.08254e-09
37.4076 RSS 4.41361e-13
--
Received one packet! Socket: 10.1.1.1 port: 49153 at time = 37.4076
--
37.5011 RSS 1.08254e-09
37.5034 RSS 4.41361e-13
37.5034 PRSS 1.08254e-09
--
Received one packet! Socket: 10.1.1.1 port: 49153 at time = 37.5034
--
37.6002 RSS 1.08254e-09
37.6025 RSS 4.41361e-13
--
Received one packet! Socket: 10.1.1.1 port: 49153 at time = 37.6025
--
37.7025 RSS 1.2735e-09
37.7095 RSS 1.08254e-09
37.7118 RSS 4.41361e-13
37.7118 PRSS 2.35561e-09
--
Received one packet! Socket: 10.1.1.1 port: 49153 at time = 37.7118
--
37.8062 RSS 1.08254e-09
37.8085 RSS 4.41361e-13
--
Received one packet! Socket: 10.1.1.1 port: 49153 at time = 37.8085
--
37.9057 RSS 1.08254e-09
37.908 RSS 4.41361e-13
37.908 PRSS 1.08254e-09
--
Received one packet! Socket: 10.1.1.1 port: 49153 at time = 37.908
--
38.008 RSS 1.08254e-09
38.0103 RSS 4.41361e-13
--
Received one packet! Socket: 10.1.1.1 port: 49153 at time = 38.0103
--
38.1016 RSS 1.08254e-09
38.1039 RSS 4.41361e-13
38.1039 PRSS 2.35561e-09
--
Received one packet! Socket: 10.1.1.1 port: 49153 at time = 38.1039
--
38.204 RSS 1.08254e-09
38.2063 RSS 4.41361e-13
--
Received one packet! Socket: 10.1.1.1 port: 49153 at time = 38.2063
--
38.3053 RSS 1.08254e-09
38.3076 RSS 4.41361e-13
38.3076 PRSS 1.08254e-09
--
Received one packet! Socket: 10.1.1.1 port: 49153 at time = 38.3076
--
38.4098 RSS 1.08254e-09
38.4121 RSS 4.41361e-13
--
Received one packet! Socket: 10.1.1.1 port: 49153 at time = 38.4121
--
38.5039 RSS 1.08254e-09
38.5062 RSS 4.41361e-13
38.5062 PRSS 2.35561e-09
--
Received one packet! Socket: 10.1.1.1 port: 49153 at time = 38.5062
--
38.6006 RSS 1.08254e-09
38.6029 RSS 4.41361e-13
--
Received one packet! Socket: 10.1.1.1 port: 49153 at time = 38.6029
--
38.7019 RSS 1.08254e-09
38.7042 RSS 4.41361e-13
38.7042 PRSS 1.08254e-09
--
Received one packet! Socket: 10.1.1.1 port: 49153 at time = 38.7042
--
38.8016 RSS 1.08254e-09
38.8039 RSS 4.41361e-13
--
Received one packet! Socket: 10.1.1.1 port: 49153 at time = 38.8039
--
38.9039 RSS 1.2735e-09
38.9052 RSS 1.08254e-09
38.9075 RSS 4.41361e-13
38.9075 PRSS 2.35561e-09
--
Received one packet! Socket: 10.1.1.1 port: 49153 at time = 38.9075
--
39.002 RSS 1.08254e-09
39.0043 RSS 4.41361e-13
--
Received one packet! Socket: 10.1.1.1 port: 49153 at time = 39.0043
--
39.1043 RSS -1.27262e-09
39.1061 RSS 1.08254e-09
39.1084 RSS 4.41361e-13
39.1084 PRSS 1.08254e-09
--
Received one packet! Socket: 10.1.1.1 port: 49153 at time = 39.1084
--
39.2085 RSS 1.08254e-09
39.2108 RSS 4.41361e-13
--
Received one packet! Socket: 10.1.1.1 port: 49153 at time = 39.2108
--
39.3047 RSS 1.08254e-09
39.307 RSS 4.41361e-13
39.307 PRSS 2.35561e-09
--
Received one packet! Socket: 10.1.1.1 port: 49153 at time = 39.307
--
39.4 RSS 1.08254e-09
39.4024 RSS 4.41361e-13
--
Received one packet! Socket: 10.1.1.1 port: 49153 at time = 39.4024
--
39.502 RSS 1.08254e-09
39.5043 RSS 4.41361e-13
39.5043 PRSS 1.08254e-09
--
Received one packet! Socket: 10.1.1.1 port: 49153 at time = 39.5043
--
39.6057 RSS 1.08254e-09
39.608 RSS 4.41361e-13
--
Received one packet! Socket: 10.1.1.1 port: 49153 at time = 39.608
--
39.708 RSS 1.2735e-09
39.7087 RSS 1.08254e-09
39.711 RSS 4.41361e-13
39.711 PRSS 2.35561e-09
--
Received one packet! Socket: 10.1.1.1 port: 49153 at time = 39.711
--
39.8002 RSS 1.08254e-09
39.8025 RSS 4.41361e-13
--
Received one packet! Socket: 10.1.1.1 port: 49153 at time = 39.8025
--
39.9025 RSS -1.27262e-09
39.9033 RSS 1.08254e-09
39.9056 RSS 4.41361e-13
39.9056 PRSS 1.08254e-09
--
Received one packet! Socket: 10.1.1.1 port: 49153 at time = 39.9056
--
40.0088 RSS 1.08254e-09
40.0111 RSS 4.41361e-13
--
Received one packet! Socket: 10.1.1.1 port: 49153 at time = 40.0111
--
40.1001 RSS 1.08254e-09
40.1024 RSS 4.41361e-13
40.1024 PRSS 2.35561e-09
--
Received one packet! Socket: 10.1.1.1 port: 49153 at time = 40.1024
--
40.2064 RSS 1.08254e-09
40.2087 RSS 4.41361e-13
--
Received one packet! Socket: 10.1.1.1 port: 49153 at time = 40.2087
--
40.3041 RSS 1.08254e-09
40.3064 RSS 4.41361e-13
40.3064 PRSS 1.08254e-09
--
Received one packet! Socket: 10.1.1.1 port: 49153 at time = 40.3064
--
40.4046 RSS 1.08254e-09
40.4069 RSS 4.41361e-13
--
Received one packet! Socket: 10.1.1.1 port: 49153 at time = 40.4069
--
40.5019 RSS 1.08254e-09
40.5042 RSS 4.41361e-13
40.5042 PRSS 2.35561e-09
--
Received one packet! Socket: 10.1.1.1 port: 49153 at time = 40.5042
--
40.6006 RSS 1.08254e-09
40.6029 RSS 4.41361e-13
--
Received one packet! Socket: 10.1.1.1 port: 49153 at time = 40.6029
--
40.7029 RSS -1.27262e-09
40.7031 RSS 1.08254e-09
40.7054 RSS 4.41361e-13
40.7054 PRSS 1.08254e-09
--
Received one packet! Socket: 10.1.1.1 port: 49153 at time = 40.7054
--
40.8084 RSS 1.08254e-09
40.8107 RSS 4.41361e-13
--
Received one packet! Socket: 10.1.1.1 port: 49153 at time = 40.8107
--
40.9006 RSS 1.08254e-09
40.9029 RSS 4.41361e-13
40.9029 PRSS 2.35561e-09
--
Received one packet! Socket: 10.1.1.1 port: 49153 at time = 40.9029
--
41.0097 RSS 1.08254e-09
41.012 RSS 4.41361e-13
--
Received one packet! Socket: 10.1.1.1 port: 49153 at time = 41.012
--
41.1042 RSS 1.08254e-09
41.1065 RSS 4.41361e-13
41.1065 PRSS 1.08254e-09
--
Received one packet! Socket: 10.1.1.1 port: 49153 at time = 41.1065
--
41.2071 RSS 1.08254e-09
41.2094 RSS 4.41361e-13
--
Received one packet! Socket: 10.1.1.1 port: 49153 at time = 41.2094
--
41.3031 RSS 1.08254e-09
41.3054 RSS 4.41361e-13
41.3054 PRSS 2.35561e-09
--
Received one packet! Socket: 10.1.1.1 port: 49153 at time = 41.3054
--
41.4073 RSS 1.08254e-09
41.4096 RSS 4.41361e-13
--
Received one packet! Socket: 10.1.1.1 port: 49153 at time = 41.4096
--
41.5096 RSS -1.27262e-09
41.5096 RSS 1.08254e-09
41.5119 RSS 4.41361e-13
41.5119 PRSS 1.08254e-09
--
Received one packet! Socket: 10.1.1.1 port: 49153 at time = 41.5119
--
41.6021 RSS 1.08254e-09
41.6044 RSS 4.41361e-13
--
Received one packet! Socket: 10.1.1.1 port: 49153 at time = 41.6044
--
41.7044 RSS 1.2735e-09
41.7071 RSS 1.08254e-09
41.7094 RSS 4.41361e-13
41.7094 PRSS 2.35561e-09
--
Received one packet! Socket: 10.1.1.1 port: 49153 at time = 41.7094
--
41.8023 RSS 1.08254e-09
41.8046 RSS 4.41361e-13
--
Received one packet! Socket: 10.1.1.1 port: 49153 at time = 41.8046
--
41.9021 RSS 1.08254e-09
41.9044 RSS 4.41361e-13
41.9044 PRSS 1.08254e-09
--
Received one packet! Socket: 10.1.1.1 port: 49153 at time = 41.9044
--
42.0077 RSS 1.08254e-09
42.01 RSS 4.41361e-13
--
Received one packet! Socket: 10.1.1.1 port: 49153 at time = 42.01
--
42.1062 RSS 1.08254e-09
42.1085 RSS 4.41361e-13
42.1085 PRSS 2.35561e-09
--
Received one packet! Socket: 10.1.1.1 port: 49153 at time = 42.1085
--
42.2068 RSS 1.08254e-09
42.2091 RSS 4.41361e-13
--
Received one packet! Socket: 10.1.1.1 port: 49153 at time = 42.2091
--
42.3091 RSS -1.27262e-09
42.3095 RSS 1.08254e-09
42.3118 RSS 4.41361e-13
42.3118 PRSS 1.08254e-09
--
Received one packet! Socket: 10.1.1.1 port: 49153 at time = 42.3118
--
42.4087 RSS 1.08254e-09
42.411 RSS 4.41361e-13
--
Received one packet! Socket: 10.1.1.1 port: 49153 at time = 42.411
--
42.5033 RSS 1.08254e-09
42.5056 RSS 4.41361e-13
42.5056 PRSS 2.35561e-09
--
Received one packet! Socket: 10.1.1.1 port: 49153 at time = 42.5056
--
42.608 RSS 1.08254e-09
42.6103 RSS 4.41361e-13
--
Received one packet! Socket: 10.1.1.1 port: 49153 at time = 42.6103
--
42.7075 RSS 1.08254e-09
42.7098 RSS 4.41361e-13
42.7098 PRSS 1.08254e-09
--
Received one packet! Socket: 10.1.1.1 port: 49153 at time = 42.7098
--
42.8058 RSS 1.08254e-09
42.8082 RSS 4.41361e-13
--
Received one packet! Socket: 10.1.1.1 port: 49153 at time = 42.8082
--
42.9082 RSS 1.2735e-09
42.9085 RSS 1.08254e-09
42.9108 RSS 4.41361e-13
42.9108 PRSS 2.35561e-09
--
Received one packet! Socket: 10.1.1.1 port: 49153 at time = 42.9108
--
43.0089 RSS 1.08254e-09
43.0112 RSS 4.41361e-13
--
Received one packet! Socket: 10.1.1.1 port: 49153 at time = 43.0112
--
43.1031 RSS 1.08254e-09
43.1054 RSS 4.41361e-13
43.1054 PRSS 1.08254e-09
--
Received one packet! Socket: 10.1.1.1 port: 49153 at time = 43.1054
--
43.2093 RSS 1.08254e-09
43.2116 RSS 4.41361e-13
--
Received one packet! Socket: 10.1.1.1 port: 49153 at time = 43.2116
--
43.31 RSS 1.08254e-09
43.3123 RSS 4.41361e-13
43.3123 PRSS 2.35561e-09
--
Received one packet! Socket: 10.1.1.1 port: 49153 at time = 43.3123
--
43.4095 RSS 1.08254e-09
43.4118 RSS 4.41361e-13
--
Received one packet! Socket: 10.1.1.1 port: 49153 at time = 43.4118
--
43.5023 RSS 1.08254e-09
43.5046 RSS 4.41361e-13
43.5046 PRSS 1.08254e-09
--
Received one packet! Socket: 10.1.1.1 port: 49153 at time = 43.5046
--
43.6058 RSS 1.08254e-09
43.6081 RSS 4.41361e-13
--
Received one packet! Socket: 10.1.1.1 port: 49153 at time = 43.6081
--
43.707 RSS 1.08254e-09
43.7094 RSS 4.41361e-13
43.7094 PRSS 2.35561e-09
--
Received one packet! Socket: 10.1.1.1 port: 49153 at time = 43.7094
--
43.8092 RSS 1.08254e-09
43.8115 RSS 4.41361e-13
--
Received one packet! Socket: 10.1.1.1 port: 49153 at time = 43.8115
--
43.9081 RSS 1.08254e-09
43.9104 RSS 4.41361e-13
43.9104 PRSS 1.08254e-09
--
Received one packet! Socket: 10.1.1.1 port: 49153 at time = 43.9104
--
44.0088 RSS 1.08254e-09
44.0111 RSS 4.41361e-13
--
Received one packet! Socket: 10.1.1.1 port: 49153 at time = 44.0111
--
44.107 RSS 1.08254e-09
44.1093 RSS 4.41361e-13
44.1093 PRSS 2.35561e-09
--
Received one packet! Socket: 10.1.1.1 port: 49153 at time = 44.1093
--
44.2096 RSS 1.08254e-09
44.2119 RSS 4.41361e-13
--
Received one packet! Socket: 10.1.1.1 port: 49153 at time = 44.2119
--
44.3047 RSS 1.08254e-09
44.307 RSS 4.41361e-13
44.307 PRSS 1.08254e-09
--
Received one packet! Socket: 10.1.1.1 port: 49153 at time = 44.307
--
44.4034 RSS 1.08254e-09
44.4057 RSS 4.41361e-13
--
Received one packet! Socket: 10.1.1.1 port: 49153 at time = 44.4057
--
44.5033 RSS 1.08254e-09
44.5056 RSS 4.41361e-13
44.5056 PRSS 2.35561e-09
--
Received one packet! Socket: 10.1.1.1 port: 49153 at time = 44.5056
--
44.6083 RSS 1.08254e-09
44.6106 RSS 4.41361e-13
--
Received one packet! Socket: 10.1.1.1 port: 49153 at time = 44.6106
--
44.7023 RSS 1.08254e-09
44.7046 RSS 4.41361e-13
44.7046 PRSS 1.08254e-09
--
Received one packet! Socket: 10.1.1.1 port: 49153 at time = 44.7046
--
44.8098 RSS 1.08254e-09
44.8121 RSS 4.41361e-13
--
Received one packet! Socket: 10.1.1.1 port: 49153 at time = 44.8121
--
44.9024 RSS 1.08254e-09
44.9047 RSS 4.41361e-13
44.9047 PRSS 2.35561e-09
--
Received one packet! Socket: 10.1.1.1 port: 49153 at time = 44.9047
--
45.0031 RSS 1.08254e-09
45.0054 RSS 4.41361e-13
--
Received one packet! Socket: 10.1.1.1 port: 49153 at time = 45.0054
--
45.1009 RSS 1.08254e-09
45.1032 RSS 4.41361e-13
45.1032 PRSS 1.08254e-09
--
Received one packet! Socket: 10.1.1.1 port: 49153 at time = 45.1032
--
45.2059 RSS 1.08254e-09
45.2082 RSS 4.41361e-13
--
Received one packet! Socket: 10.1.1.1 port: 49153 at time = 45.2082
--
45.3014 RSS 1.08254e-09
45.3037 RSS 4.41361e-13
45.3037 PRSS 2.35561e-09
--
Received one packet! Socket: 10.1.1.1 port: 49153 at time = 45.3037
--
45.4047 RSS 1.08254e-09
45.407 RSS 4.41361e-13
--
Received one packet! Socket: 10.1.1.1 port: 49153 at time = 45.407
--
45.507 RSS -1.27262e-09
45.5091 RSS 1.08254e-09
45.5114 RSS 4.41361e-13
45.5114 PRSS 1.08254e-09
--
Received one packet! Socket: 10.1.1.1 port: 49153 at time = 45.5114
--
45.6088 RSS 1.08254e-09
45.6111 RSS 4.41361e-13
--
Received one packet! Socket: 10.1.1.1 port: 49153 at time = 45.6111
--
45.7021 RSS 1.08254e-09
45.7044 RSS 4.41361e-13
45.7044 PRSS 2.35561e-09
--
Received one packet! Socket: 10.1.1.1 port: 49153 at time = 45.7044
--
45.808 RSS 1.08254e-09
45.8104 RSS 4.41361e-13
--
Received one packet! Socket: 10.1.1.1 port: 49153 at time = 45.8104
--
45.9004 RSS 1.08254e-09
45.9027 RSS 4.41361e-13
45.9027 PRSS 1.08254e-09
--
Received one packet! Socket: 10.1.1.1 port: 49153 at time = 45.9027
--
46.0096 RSS 1.08254e-09
46.0119 RSS 4.41361e-13
--
Received one packet! Socket: 10.1.1.1 port: 49153 at time = 46.0119
--
46.1078 RSS 1.08254e-09
46.1101 RSS 4.41361e-13
46.1101 PRSS 2.35561e-09
--
Received one packet! Socket: 10.1.1.1 port: 49153 at time = 46.1101
--
46.203 RSS 1.08254e-09
46.2053 RSS 4.41361e-13
--
Received one packet! Socket: 10.1.1.1 port: 49153 at time = 46.2053
--
46.3053 RSS -1.27262e-09
46.3085 RSS 1.08254e-09
46.3108 RSS 4.41361e-13
46.3108 PRSS 1.08254e-09
--
Received one packet! Socket: 10.1.1.1 port: 49153 at time = 46.3108
--
46.4029 RSS 1.08254e-09
46.4052 RSS 4.41361e-13
--
Received one packet! Socket: 10.1.1.1 port: 49153 at time = 46.4052
--
46.5052 RSS 1.2735e-09
46.5096 RSS 1.08254e-09
46.5119 RSS 4.41361e-13
46.5119 PRSS 2.35561e-09
--
Received one packet! Socket: 10.1.1.1 port: 49153 at time = 46.5119
--
46.6074 RSS 1.08254e-09
46.6097 RSS 4.41361e-13
--
Received one packet! Socket: 10.1.1.1 port: 49153 at time = 46.6097
--
46.7053 RSS 1.08254e-09
46.7076 RSS 4.41361e-13
46.7076 PRSS 1.08254e-09
--
Received one packet! Socket: 10.1.1.1 port: 49153 at time = 46.7076
--
46.8074 RSS 1.08254e-09
46.8097 RSS 4.41361e-13
--
Received one packet! Socket: 10.1.1.1 port: 49153 at time = 46.8097
--
46.9057 RSS 1.08254e-09
46.908 RSS 4.41361e-13
46.908 PRSS 2.35561e-09
--
Received one packet! Socket: 10.1.1.1 port: 49153 at time = 46.908
--
47.0065 RSS 1.08254e-09
47.0088 RSS 4.41361e-13
--
Received one packet! Socket: 10.1.1.1 port: 49153 at time = 47.0088
--
47.1064 RSS 1.08254e-09
47.1087 RSS 4.41361e-13
47.1087 PRSS 1.08254e-09
--
Received one packet! Socket: 10.1.1.1 port: 49153 at time = 47.1087
--
47.2006 RSS 1.08254e-09
47.2029 RSS 4.41361e-13
--
Received one packet! Socket: 10.1.1.1 port: 49153 at time = 47.2029
--
47.3029 RSS 1.2735e-09
47.3047 RSS 1.08254e-09
47.307 RSS 4.41361e-13
47.307 PRSS 2.35561e-09
--
Received one packet! Socket: 10.1.1.1 port: 49153 at time = 47.307
--
47.4021 RSS 1.08254e-09
47.4044 RSS 4.41361e-13
--
Received one packet! Socket: 10.1.1.1 port: 49153 at time = 47.4044
--
47.5029 RSS 1.08254e-09
47.5052 RSS 4.41361e-13
47.5052 PRSS 1.08254e-09
--
Received one packet! Socket: 10.1.1.1 port: 49153 at time = 47.5052
--
47.6078 RSS 1.08254e-09
47.6101 RSS 4.41361e-13
--
Received one packet! Socket: 10.1.1.1 port: 49153 at time = 47.6101
--
47.7049 RSS 1.08254e-09
47.7072 RSS 4.41361e-13
47.7072 PRSS 2.35561e-09
--
Received one packet! Socket: 10.1.1.1 port: 49153 at time = 47.7072
--
47.808 RSS 1.08254e-09
47.8103 RSS 4.41361e-13
--
Received one packet! Socket: 10.1.1.1 port: 49153 at time = 47.8103
--
47.9025 RSS 1.08254e-09
47.9048 RSS 4.41361e-13
47.9048 PRSS 1.08254e-09
--
Received one packet! Socket: 10.1.1.1 port: 49153 at time = 47.9048
--
48.0049 RSS 1.08254e-09
48.0072 RSS 4.41361e-13
--
Received one packet! Socket: 10.1.1.1 port: 49153 at time = 48.0072
--
48.1067 RSS 1.08254e-09
48.109 RSS 4.41361e-13
48.109 PRSS 2.35561e-09
--
Received one packet! Socket: 10.1.1.1 port: 49153 at time = 48.109
--
48.2013 RSS 1.08254e-09
48.2036 RSS 4.41361e-13
--
Received one packet! Socket: 10.1.1.1 port: 49153 at time = 48.2036
--
48.3036 RSS -1.27262e-09
48.3051 RSS 1.08254e-09
48.3074 RSS 4.41361e-13
48.3074 PRSS 1.08254e-09
--
Received one packet! Socket: 10.1.1.1 port: 49153 at time = 48.3074
--
48.4089 RSS 1.08254e-09
48.4112 RSS 4.41361e-13
--
Received one packet! Socket: 10.1.1.1 port: 49153 at time = 48.4112
--
48.509 RSS 1.08254e-09
48.5113 RSS 4.41361e-13
48.5113 PRSS 2.35561e-09
--
Received one packet! Socket: 10.1.1.1 port: 49153 at time = 48.5113
--
48.6021 RSS 1.08254e-09
48.6044 RSS 4.41361e-13
--
Received one packet! Socket: 10.1.1.1 port: 49153 at time = 48.6044
--
48.7044 RSS -1.27262e-09
48.7096 RSS 1.08254e-09
48.7119 RSS 4.41361e-13
48.7119 PRSS 1.08254e-09
--
Received one packet! Socket: 10.1.1.1 port: 49153 at time = 48.7119
--
48.8037 RSS 1.08254e-09
48.806 RSS 4.41361e-13
--
Received one packet! Socket: 10.1.1.1 port: 49153 at time = 48.806
--
48.903 RSS 1.08254e-09
48.9053 RSS 4.41361e-13
48.9053 PRSS 2.35561e-09
--
Received one packet! Socket: 10.1.1.1 port: 49153 at time = 48.9053
--
49.0091 RSS 1.08254e-09
49.0114 RSS 4.41361e-13
--
Received one packet! Socket: 10.1.1.1 port: 49153 at time = 49.0114
--
49.1094 RSS 1.08254e-09
49.1117 RSS 4.41361e-13
49.1117 PRSS 1.08254e-09
--
Received one packet! Socket: 10.1.1.1 port: 49153 at time = 49.1117
--
49.2055 RSS 1.08254e-09
49.2078 RSS 4.41361e-13
--
Received one packet! Socket: 10.1.1.1 port: 49153 at time = 49.2078
--
49.302 RSS 1.08254e-09
49.3043 RSS 4.41361e-13
49.3043 PRSS 2.35561e-09
--
Received one packet! Socket: 10.1.1.1 port: 49153 at time = 49.3043
--
49.4053 RSS 1.08254e-09
49.4076 RSS 4.41361e-13
--
Received one packet! Socket: 10.1.1.1 port: 49153 at time = 49.4076
--
49.5045 RSS 1.08254e-09
49.5068 RSS 4.41361e-13
49.5068 PRSS 1.08254e-09
--
Received one packet! Socket: 10.1.1.1 port: 49153 at time = 49.5068
--
49.6051 RSS 1.08254e-09
49.6074 RSS 4.41361e-13
--
Received one packet! Socket: 10.1.1.1 port: 49153 at time = 49.6074
--
49.7048 RSS 1.08254e-09
49.7071 RSS 4.41361e-13
49.7071 PRSS 2.35561e-09
--
Received one packet! Socket: 10.1.1.1 port: 49153 at time = 49.7071
--
49.8007 RSS 1.08254e-09
49.803 RSS 4.41361e-13
--
Received one packet! Socket: 10.1.1.1 port: 49153 at time = 49.803
--
49.903 RSS -1.27262e-09
49.9044 RSS 1.08254e-09
49.9067 RSS 4.41361e-13
49.9067 PRSS 1.08254e-09
--
Received one packet! Socket: 10.1.1.1 port: 49153 at time = 49.9067
--
50.0094 RSS 1.08254e-09
50.0117 RSS 4.41361e-13
--
Received one packet! Socket: 10.1.1.1 port: 49153 at time = 50.0117
--
50.1034 RSS 1.08254e-09
50.1057 RSS 4.41361e-13
50.1057 PRSS 2.35561e-09
--
Received one packet! Socket: 10.1.1.1 port: 49153 at time = 50.1057
--
50.2042 RSS 1.08254e-09
50.2065 RSS 4.41361e-13
--
Received one packet! Socket: 10.1.1.1 port: 49153 at time = 50.2065
--
50.3065 RSS -1.27262e-09
50.3081 RSS 1.08254e-09
50.3104 RSS 4.41361e-13
50.3104 PRSS 1.08254e-09
--
Received one packet! Socket: 10.1.1.1 port: 49153 at time = 50.3104
--
50.4009 RSS 1.08254e-09
50.4032 RSS 4.41361e-13
--
Received one packet! Socket: 10.1.1.1 port: 49153 at time = 50.4032
--
50.5032 RSS 1.2735e-09
50.5064 RSS 1.08254e-09
50.5087 RSS 4.41361e-13
50.5087 PRSS 2.35561e-09
--
Received one packet! Socket: 10.1.1.1 port: 49153 at time = 50.5087
--
50.6008 RSS 1.08254e-09
50.6031 RSS 4.41361e-13
--
Received one packet! Socket: 10.1.1.1 port: 49153 at time = 50.6031
--
50.7007 RSS 1.08254e-09
50.703 RSS 4.41361e-13
50.703 PRSS 1.08254e-09
--
Received one packet! Socket: 10.1.1.1 port: 49153 at time = 50.703
--
50.8068 RSS 1.08254e-09
50.8091 RSS 4.41361e-13
--
Received one packet! Socket: 10.1.1.1 port: 49153 at time = 50.8091
--
50.9079 RSS 1.08254e-09
50.9102 RSS 4.41361e-13
50.9102 PRSS 2.35561e-09
--
Received one packet! Socket: 10.1.1.1 port: 49153 at time = 50.9102
--
51.0056 RSS 1.08254e-09
51.0079 RSS 4.41361e-13
--
Received one packet! Socket: 10.1.1.1 port: 49153 at time = 51.0079
--
51.1049 RSS 1.08254e-09
51.1072 RSS 4.41361e-13
51.1072 PRSS 1.08254e-09
--
Received one packet! Socket: 10.1.1.1 port: 49153 at time = 51.1072
--
51.2026 RSS 1.08254e-09
51.205 RSS 4.41361e-13
--
Received one packet! Socket: 10.1.1.1 port: 49153 at time = 51.205
--
51.3042 RSS 1.08254e-09
51.3065 RSS 4.41361e-13
51.3065 PRSS 2.35561e-09
--
Received one packet! Socket: 10.1.1.1 port: 49153 at time = 51.3065
--
51.4052 RSS 1.08254e-09
51.4075 RSS 4.41361e-13
--
Received one packet! Socket: 10.1.1.1 port: 49153 at time = 51.4075
--
51.5006 RSS 1.08254e-09
51.5029 RSS 4.41361e-13
51.5029 PRSS 1.08254e-09
--
Received one packet! Socket: 10.1.1.1 port: 49153 at time = 51.5029
--
51.6002 RSS 1.08254e-09
51.6025 RSS 4.41361e-13
--
Received one packet! Socket: 10.1.1.1 port: 49153 at time = 51.6025
--
51.7025 RSS 1.2735e-09
51.7069 RSS 1.08254e-09
51.7092 RSS 4.41361e-13
51.7092 PRSS 2.35561e-09
--
Received one packet! Socket: 10.1.1.1 port: 49153 at time = 51.7092
--
51.8053 RSS 1.08254e-09
51.8076 RSS 4.41361e-13
--
Received one packet! Socket: 10.1.1.1 port: 49153 at time = 51.8076
--
51.901 RSS 1.08254e-09
51.9033 RSS 4.41361e-13
51.9033 PRSS 1.08254e-09
--
Received one packet! Socket: 10.1.1.1 port: 49153 at time = 51.9033
--
52.0077 RSS 1.08254e-09
52.01 RSS 4.41361e-13
--
Received one packet! Socket: 10.1.1.1 port: 49153 at time = 52.01
--
52.1042 RSS 1.08254e-09
52.1065 RSS 4.41361e-13
52.1065 PRSS 2.35561e-09
--
Received one packet! Socket: 10.1.1.1 port: 49153 at time = 52.1065
--
52.206 RSS 1.08254e-09
52.2083 RSS 4.41361e-13
--
Received one packet! Socket: 10.1.1.1 port: 49153 at time = 52.2083
--
52.3071 RSS 1.08254e-09
52.3094 RSS 4.41361e-13
52.3094 PRSS 1.08254e-09
--
Received one packet! Socket: 10.1.1.1 port: 49153 at time = 52.3094
--
52.4091 RSS 1.08254e-09
52.4114 RSS 4.41361e-13
--
Received one packet! Socket: 10.1.1.1 port: 49153 at time = 52.4114
--
52.5028 RSS 1.08254e-09
52.5051 RSS 4.41361e-13
52.5051 PRSS 2.35561e-09
--
Received one packet! Socket: 10.1.1.1 port: 49153 at time = 52.5051
--
52.608 RSS 1.08254e-09
52.6103 RSS 4.41361e-13
--
Received one packet! Socket: 10.1.1.1 port: 49153 at time = 52.6103
--
52.7079 RSS 1.08254e-09
52.7103 RSS 4.41361e-13
52.7103 PRSS 1.08254e-09
--
Received one packet! Socket: 10.1.1.1 port: 49153 at time = 52.7103
--
52.8085 RSS 1.08254e-09
52.8108 RSS 4.41361e-13
--
Received one packet! Socket: 10.1.1.1 port: 49153 at time = 52.8108
--
52.9072 RSS 1.08254e-09
52.9095 RSS 4.41361e-13
52.9095 PRSS 2.35561e-09
--
Received one packet! Socket: 10.1.1.1 port: 49153 at time = 52.9095
--
53.0058 RSS 1.08254e-09
53.0081 RSS 4.41361e-13
--
Received one packet! Socket: 10.1.1.1 port: 49153 at time = 53.0081
--
53.1023 RSS 1.08254e-09
53.1046 RSS 4.41361e-13
53.1046 PRSS 1.08254e-09
--
Received one packet! Socket: 10.1.1.1 port: 49153 at time = 53.1046
--
53.2029 RSS 1.08254e-09
53.2052 RSS 4.41361e-13
--
Received one packet! Socket: 10.1.1.1 port: 49153 at time = 53.2052
--
53.3052 RSS 1.2735e-09
53.3086 RSS 1.08254e-09
53.3109 RSS 4.41361e-13
53.3109 PRSS 2.35561e-09
--
Received one packet! Socket: 10.1.1.1 port: 49153 at time = 53.3109
--
53.4099 RSS 1.08254e-09
53.4122 RSS 4.41361e-13
--
Received one packet! Socket: 10.1.1.1 port: 49153 at time = 53.4122
--
53.5012 RSS 1.08254e-09
53.5035 RSS -1.27262e-09
53.5035 PRSS 1.41715e-09
--
Received one packet! Socket: 10.1.1.1 port: 49153 at time = 53.5035
--
53.6074 RSS 1.08254e-09
53.6097 RSS 4.41361e-13
53.6097 PRSS 1.08254e-09
--
Received one packet! Socket: 10.1.1.1 port: 49153 at time = 53.6097
--
53.7017 RSS 1.08254e-09
53.704 RSS 1.2735e-09
53.704 PRSS 1.71142e-09
--
Received one packet! Socket: 10.1.1.1 port: 49153 at time = 53.704
--
53.8033 RSS 1.08254e-09
53.8056 RSS 4.41361e-13
53.8056 PRSS 2.35561e-09
--
Received one packet! Socket: 10.1.1.1 port: 49153 at time = 53.8056
--
53.9023 RSS 1.08254e-09
53.9046 RSS -1.27262e-09
53.9046 PRSS 1.52117e-09
--
Received one packet! Socket: 10.1.1.1 port: 49153 at time = 53.9046
--
54.0098 RSS 1.08254e-09
54.0121 RSS 4.41361e-13
54.0121 PRSS 1.08254e-09
--
Received one packet! Socket: 10.1.1.1 port: 49153 at time = 54.0121
--
54.1018 RSS 1.08254e-09
54.1041 RSS 1.2735e-09
54.1041 PRSS 1.79021e-09
--
Received one packet! Socket: 10.1.1.1 port: 49153 at time = 54.1041
--
54.2039 RSS 1.08254e-09
54.2062 RSS 4.41361e-13
54.2062 PRSS 2.35561e-09
--
Received one packet! Socket: 10.1.1.1 port: 49153 at time = 54.2062
--
54.3062 RSS -1.27262e-09
54.3076 RSS 1.08254e-09
54.31 RSS 4.41361e-13
54.31 PRSS 1.08254e-09
--
Received one packet! Socket: 10.1.1.1 port: 49153 at time = 54.31
--
54.4055 RSS 1.08254e-09
54.4078 RSS 4.41361e-13
--
Received one packet! Socket: 10.1.1.1 port: 49153 at time = 54.4078
--
54.5078 RSS 1.2735e-09
54.5096 RSS 1.08254e-09
54.5119 RSS 4.41361e-13
54.5119 PRSS 2.35561e-09
--
Received one packet! Socket: 10.1.1.1 port: 49153 at time = 54.5119
--
54.6099 RSS 1.08254e-09
54.6122 RSS 4.41361e-13
--
Received one packet! Socket: 10.1.1.1 port: 49153 at time = 54.6122
--
54.7026 RSS 1.08254e-09
54.7049 RSS 4.41361e-13
54.7049 PRSS 1.08254e-09
--
Received one packet! Socket: 10.1.1.1 port: 49153 at time = 54.7049
--
54.8053 RSS 1.08254e-09
54.8076 RSS 4.41361e-13
--
Received one packet! Socket: 10.1.1.1 port: 49153 at time = 54.8076
--
54.9023 RSS 1.08254e-09
54.9046 RSS 4.41361e-13
54.9046 PRSS 2.35561e-09
--
Received one packet! Socket: 10.1.1.1 port: 49153 at time = 54.9046
--
55.0011 RSS 1.08254e-09
55.0034 RSS 4.41361e-13
--
Received one packet! Socket: 10.1.1.1 port: 49153 at time = 55.0034
--
55.1034 RSS -1.27262e-09
55.1039 RSS 1.08254e-09
55.1063 RSS 4.41361e-13
55.1063 PRSS 1.08254e-09
--
Received one packet! Socket: 10.1.1.1 port: 49153 at time = 55.1063
--
55.2086 RSS 1.08254e-09
55.2109 RSS 4.41361e-13
--
Received one packet! Socket: 10.1.1.1 port: 49153 at time = 55.2109
--
55.3065 RSS 1.08254e-09
55.3088 RSS 4.41361e-13
55.3088 PRSS 2.35561e-09
--
Received one packet! Socket: 10.1.1.1 port: 49153 at time = 55.3088
--
55.4094 RSS 1.08254e-09
55.4117 RSS 4.41361e-13
--
Received one packet! Socket: 10.1.1.1 port: 49153 at time = 55.4117
--
55.5091 RSS 1.08254e-09
55.5114 RSS 4.41361e-13
55.5114 PRSS 1.08254e-09
--
Received one packet! Socket: 10.1.1.1 port: 49153 at time = 55.5114
--
55.6067 RSS 1.08254e-09
55.609 RSS 4.41361e-13
--
Received one packet! Socket: 10.1.1.1 port: 49153 at time = 55.609
--
55.7085 RSS 1.08254e-09
55.7108 RSS 4.41361e-13
55.7108 PRSS 2.35561e-09
--
Received one packet! Socket: 10.1.1.1 port: 49153 at time = 55.7108
--
55.8073 RSS 1.08254e-09
55.8096 RSS 4.41361e-13
--
Received one packet! Socket: 10.1.1.1 port: 49153 at time = 55.8096
--
55.9056 RSS 1.08254e-09
55.9079 RSS -1.27262e-09
55.9079 PRSS 1.23727e-09
--
Received one packet! Socket: 10.1.1.1 port: 49153 at time = 55.9079
--
56.0037 RSS 1.08254e-09
56.006 RSS 4.41361e-13
56.006 PRSS 1.08254e-09
--
Received one packet! Socket: 10.1.1.1 port: 49153 at time = 56.006
--
56.106 RSS 1.2735e-09
56.1085 RSS 1.08254e-09
56.1108 RSS 4.41361e-13
56.1108 PRSS 2.35561e-09
--
Received one packet! Socket: 10.1.1.1 port: 49153 at time = 56.1108
--
56.2074 RSS 1.08254e-09
56.2097 RSS 4.41361e-13
--
Received one packet! Socket: 10.1.1.1 port: 49153 at time = 56.2097
--
56.3035 RSS 1.08254e-09
56.3058 RSS -1.27262e-09
56.3058 PRSS 2.00202e-09
--
Received one packet! Socket: 10.1.1.1 port: 49153 at time = 56.3058
--
56.4042 RSS 1.08254e-09
56.4065 RSS 4.41361e-13
56.4065 PRSS 1.08254e-09
--
Received one packet! Socket: 10.1.1.1 port: 49153 at time = 56.4065
--
56.5065 RSS 1.2735e-09
56.5067 RSS 1.08254e-09
56.509 RSS 4.41361e-13
56.509 PRSS 2.35561e-09
--
Received one packet! Socket: 10.1.1.1 port: 49153 at time = 56.509
--
56.6029 RSS 1.08254e-09
56.6052 RSS 4.41361e-13
--
Received one packet! Socket: 10.1.1.1 port: 49153 at time = 56.6052
--
56.702 RSS 1.08254e-09
56.7043 RSS 4.41361e-13
56.7043 PRSS 1.08254e-09
--
Received one packet! Socket: 10.1.1.1 port: 49153 at time = 56.7043
--
56.8059 RSS 1.08254e-09
56.8082 RSS 4.41361e-13
--
Received one packet! Socket: 10.1.1.1 port: 49153 at time = 56.8082
--
56.9082 RSS 1.2735e-09
56.9091 RSS 1.08254e-09
56.9114 RSS 4.41361e-13
56.9114 PRSS 2.35561e-09
--
Received one packet! Socket: 10.1.1.1 port: 49153 at time = 56.9114
--
57.0082 RSS 1.08254e-09
57.0105 RSS 4.41361e-13
--
Received one packet! Socket: 10.1.1.1 port: 49153 at time = 57.0105
--
57.1044 RSS 1.08254e-09
57.1067 RSS 4.41361e-13
57.1067 PRSS 1.08254e-09
--
Received one packet! Socket: 10.1.1.1 port: 49153 at time = 57.1067
--
57.2037 RSS 1.08254e-09
57.206 RSS 4.41361e-13
--
Received one packet! Socket: 10.1.1.1 port: 49153 at time = 57.206
--
57.3031 RSS 1.08254e-09
57.3054 RSS 4.41361e-13
57.3054 PRSS 2.35561e-09
--
Received one packet! Socket: 10.1.1.1 port: 49153 at time = 57.3054
--
57.4016 RSS 1.08254e-09
57.4039 RSS 4.41361e-13
--
Received one packet! Socket: 10.1.1.1 port: 49153 at time = 57.4039
--
57.5039 RSS -1.27262e-09
57.5078 RSS 1.08254e-09
57.5101 RSS 4.41361e-13
57.5101 PRSS 1.08254e-09
--
Received one packet! Socket: 10.1.1.1 port: 49153 at time = 57.5101
--
57.6066 RSS 1.08254e-09
57.6089 RSS 4.41361e-13
--
Received one packet! Socket: 10.1.1.1 port: 49153 at time = 57.6089
--
57.7073 RSS 1.08254e-09
57.7096 RSS 4.41361e-13
--
Received one packet! Socket: 10.1.1.1 port: 49153 at time = 57.7096
--
57.8086 RSS 1.08254e-09
57.811 RSS 4.41361e-13
57.811 PRSS 2.35561e-09
--
Received one packet! Socket: 10.1.1.1 port: 49153 at time = 57.811
--
57.9055 RSS 1.08254e-09
57.9078 RSS 4.41361e-13
--
Received one packet! Socket: 10.1.1.1 port: 49153 at time = 57.9078
--
58.0041 RSS 1.08254e-09
58.0064 RSS 4.41361e-13
58.0064 PRSS 1.08254e-09
--
Received one packet! Socket: 10.1.1.1 port: 49153 at time = 58.0064
--
58.1091 RSS 1.08254e-09
58.1114 RSS 4.41361e-13
58.1114 PRSS 2.35561e-09
--
Received one packet! Socket: 10.1.1.1 port: 49153 at time = 58.1114
--
58.2069 RSS 1.08254e-09
58.2092 RSS 4.41361e-13
--
Received one packet! Socket: 10.1.1.1 port: 49153 at time = 58.2092
--
58.303 RSS 1.08254e-09
58.3053 RSS 4.41361e-13
--
Received one packet! Socket: 10.1.1.1 port: 49153 at time = 58.3053
--
58.4053 RSS -1.27262e-09
58.4066 RSS 1.08254e-09
58.4089 RSS 4.41361e-13
58.4089 PRSS 1.08254e-09
--
Received one packet! Socket: 10.1.1.1 port: 49153 at time = 58.4089
--
58.5075 RSS 1.08254e-09
58.5098 RSS 4.41361e-13
58.5098 PRSS 2.35561e-09
--
Received one packet! Socket: 10.1.1.1 port: 49153 at time = 58.5098
--
58.6065 RSS 1.08254e-09
58.6088 RSS 4.41361e-13
--
Received one packet! Socket: 10.1.1.1 port: 49153 at time = 58.6088
--
58.7013 RSS 1.08254e-09
58.7036 RSS -1.27262e-09
58.7036 PRSS 1.47182e-09
--
Received one packet! Socket: 10.1.1.1 port: 49153 at time = 58.7036
--
58.8068 RSS 1.08254e-09
58.8091 RSS 4.41361e-13
58.8091 PRSS 1.08254e-09
--
Received one packet! Socket: 10.1.1.1 port: 49153 at time = 58.8091
--
58.9046 RSS 1.08254e-09
58.907 RSS 4.41361e-13
--
Received one packet! Socket: 10.1.1.1 port: 49153 at time = 58.907
--
59.007 RSS 1.2735e-09
59.0096 RSS 1.08254e-09
59.0119 RSS 4.41361e-13
59.0119 PRSS 2.35561e-09
--
Received one packet! Socket: 10.1.1.1 port: 49153 at time = 59.0119
--
59.1077 RSS 1.08254e-09
59.11 RSS -1.27262e-09
59.11 PRSS 1.86218e-09
--
Received one packet! Socket: 10.1.1.1 port: 49153 at time = 59.11
--
59.2019 RSS 1.08254e-09
59.2042 RSS 4.41361e-13
59.2042 PRSS 1.08254e-09
--
Received one packet! Socket: 10.1.1.1 port: 49153 at time = 59.2042
--
59.3016 RSS 1.08254e-09
59.3039 RSS 4.41361e-13
--
Received one packet! Socket: 10.1.1.1 port: 49153 at time = 59.3039
--
59.4019 RSS 1.08254e-09
59.4042 RSS 4.41361e-13
59.4042 PRSS 2.35561e-09
--
Received one packet! Socket: 10.1.1.1 port: 49153 at time = 59.4042
--
59.5075 RSS 1.08254e-09
59.5098 RSS 4.41361e-13
59.5098 PRSS 1.08254e-09
--
Received one packet! Socket: 10.1.1.1 port: 49153 at time = 59.5098
--
59.6015 RSS 1.08254e-09
59.6038 RSS 4.41361e-13
--
Received one packet! Socket: 10.1.1.1 port: 49153 at time = 59.6038
--
59.7038 RSS 1.2735e-09
59.7056 RSS 1.08254e-09
59.7079 RSS 4.41361e-13
59.7079 PRSS 2.35561e-09
--
Received one packet! Socket: 10.1.1.1 port: 49153 at time = 59.7079
--
59.8012 RSS 1.08254e-09
59.8035 RSS 4.41361e-13
--
Received one packet! Socket: 10.1.1.1 port: 49153 at time = 59.8035
--
59.9013 RSS 1.08254e-09
59.9036 RSS 4.41361e-13
--
Received one packet! Socket: 10.1.1.1 port: 49153 at time = 59.9036
--
Actual PDR = 1
Actual RSS = 1.2735e-09
Actual Average Packet RSS = 2.35561e-09
