0 RSS 4.41361e-13
0.00186476 RSS 1.08254e-09
0.00416876 RSS 4.41361e-13
0.00416876 PRSS 2.16465e-09
--
Received one packet! Socket: 10.1.1.1 port: 49153 at time = 0.00416876
--
0.204169 RSS -1.08166e-09
0.207967 RSS 1.08254e-09
0.210271 RSS 4.41361e-13
0.210271 PRSS 1.08254e-09
--
Received one packet! Socket: 10.1.1.1 port: 49153 at time = 0.210271
--
0.212779 RSS 1.08254e-09
0.215083 RSS 4.41361e-13
--
Received one packet! Socket: 10.1.1.1 port: 49153 at time = 0.215083
--
0.305698 RSS 1.08254e-09
0.308002 RSS 4.41361e-13
--
Received one packet! Socket: 10.1.1.1 port: 49153 at time = 0.308002
--
0.408002 RSS 1.08254e-09
0.41056 RSS 4.41361e-13
0.41056 PRSS 2.16465e-09
--
Received one packet! Socket: 10.1.1.1 port: 49153 at time = 0.41056
--
0.607012 RSS 1.08254e-09
0.609316 RSS 4.41361e-13
0.609316 PRSS 1.08254e-09
--
Received one packet! Socket: 10.1.1.1 port: 49153 at time = 0.609316
--
0.609358 RSS 1.08254e-09
0.611662 RSS 4.41361e-13
--
Received one packet! Socket: 10.1.1.1 port: 49153 at time = 0.611662
--
0.705 RSS 1.08254e-09
0.707304 RSS 4.41361e-13
--
Received one packet! Socket: 10.1.1.1 port: 49153 at time = 0.707304
--
0.80541 RSS 1.08254e-09
0.807714 RSS 4.41361e-13
--
Received one packet! Socket: 10.1.1.1 port: 49153 at time = 0.807714
--
0.907714 RSS 1.08254e-09
1.01773 RSS 4.41361e-13
--
Received one packet! Socket: 10.1.1.1 port: 49153 at time = 1.01773
--
1.01783 RSS 1.08254e-09
1.02014 RSS 4.41361e-13
--
Received one packet! Socket: 10.1.1.1 port: 49153 at time = 1.02014
--
1.10426 RSS 1.08254e-09
1.10656 RSS 4.41361e-13
--
Received one packet! Socket: 10.1.1.1 port: 49153 at time = 1.10656
--
1.20311 RSS 1.08254e-09
1.20542 PRSS 1.47911e-09
--
Received one packet! Socket: 10.1.1.1 port: 49153 at time = 1.20542
--
1.40542 RSS 4.41361e-13
1.41267 RSS 1.08254e-09
1.41497 PRSS 1.57184e-09
--
Received one packet! Socket: 10.1.1.1 port: 49153 at time = 1.41497
--
1.5048 RSS 4.41361e-13
1.5048 PRSS 1.08254e-09
--
Received one packet! Socket: 10.1.1.1 port: 49153 at time = 1.5048
--
1.60623 RSS 1.08254e-09
1.60853 RSS 4.41361e-13
--
Received one packet! Socket: 10.1.1.1 port: 49153 at time = 1.60853
--
1.70853 RSS 1.08254e-09
1.81117 RSS 4.41361e-13
1.81117 PRSS 1.23148e-09
--
Received one packet! Socket: 10.1.1.1 port: 49153 at time = 1.81117
--
1.90206 RSS 1.08254e-09
1.90436 RSS 4.41361e-13
1.90436 PRSS 1.08254e-09
--
Received one packet! Socket: 10.1.1.1 port: 49153 at time = 1.90436
--
2.00405 RSS 1.08254e-09
2.00636 RSS 4.41361e-13
--
Received one packet! Socket: 10.1.1.1 port: 49153 at time = 2.00636
--
2.10636 RSS 1.08254e-09
2.21719 PRSS 2.16465e-09
--
Received one packet! Socket: 10.1.1.1 port: 49153 at time = 2.21719
--
2.30287 RSS 4.41361e-13
2.30287 PRSS 1.08254e-09
--
Received one packet! Socket: 10.1.1.1 port: 49153 at time = 2.30287
--
2.40976 RSS 1.08254e-09
2.41206 RSS 4.41361e-13
2.41206 PRSS 2.16465e-09
--
Received one packet! Socket: 10.1.1.1 port: 49153 at time = 2.41206
--
2.6113 RSS 1.08254e-09
2.6136 PRSS 1.26393e-09
--
Received one packet! Socket: 10.1.1.1 port: 49153 at time = 2.6136
--
2.70443 RSS 4.41361e-13
2.70443 PRSS 1.08254e-09
--
Received one packet! Socket: 10.1.1.1 port: 49153 at time = 2.70443
--
2.80865 RSS 1.08254e-09
2.81095 RSS 4.41361e-13
--
Received one packet! Socket: 10.1.1.1 port: 49153 at time = 2.81095
--
2.91095 RSS 1.08254e-09
3.01593 PRSS 1.34975e-09
--
Received one packet! Socket: 10.1.1.1 port: 49153 at time = 3.01593
--
3.10444 RSS 4.41361e-13
3.10444 PRSS 1.08254e-09
--
Received one packet! Socket: 10.1.1.1 port: 49153 at time = 3.10444
--
3.20444 RSS 1.08254e-09
3.20674 RSS 4.41361e-13
--
Received one packet! Socket: 10.1.1.1 port: 49153 at time = 3.20674
--
3.30674 RSS 1.08254e-09
3.41839 RSS 4.41361e-13
--
Received one packet! Socket: 10.1.1.1 port: 49153 at time = 3.41839
--
3.41912 RSS 1.08254e-09
3.42142 RSS 4.41361e-13
--
Received one packet! Socket: 10.1.1.1 port: 49153 at time = 3.42142
--
3.50763 RSS 1.08254e-09
3.50994 RSS 4.41361e-13
--
Received one packet! Socket: 10.1.1.1 port: 49153 at time = 3.50994
--
3.60246 RSS 1.08254e-09
3.60476 RSS 4.41361e-13
--
Received one packet! Socket: 10.1.1.1 port: 49153 at time = 3.60476
--
3.70476 RSS 1.08254e-09
3.81715 RSS 4.41361e-13
--
Received one packet! Socket: 10.1.1.1 port: 49153 at time = 3.81715
--
3.81815 RSS 1.08254e-09
3.82045 RSS 4.41361e-13
--
Received one packet! Socket: 10.1.1.1 port: 49153 at time = 3.82045
--
3.90823 RSS 1.08254e-09
3.91054 RSS 4.41361e-13
--
Received one packet! Socket: 10.1.1.1 port: 49153 at time = 3.91054
--
4.0017 RSS 1.08254e-09
4.00401 RSS 4.41361e-13
--
Received one packet! Socket: 10.1.1.1 port: 49153 at time = 4.00401
--
4.10401 RSS 1.08254e-09
4.22348 PRSS 1.89245e-09
--
Received one packet! Socket: 10.1.1.1 port: 49153 at time = 4.22348
--
4.30897 RSS 4.41361e-13
4.30897 PRSS 1.08254e-09
--
Received one packet! Socket: 10.1.1.1 port: 49153 at time = 4.30897
--
4.40658 RSS 1.08254e-09
4.40889 PRSS 1.08333e-09
--
Received one packet! Socket: 10.1.1.1 port: 49153 at time = 4.40889
--
4.6204 PRSS 1.11986e-09
--
Received one packet! Socket: 10.1.1.1 port: 49153 at time = 4.6204
--
4.70966 RSS 4.41361e-13
4.70966 PRSS 1.08254e-09
--
Received one packet! Socket: 10.1.1.1 port: 49153 at time = 4.70966
--
4.80374 RSS 1.08254e-09
4.80604 RSS 4.41361e-13
--
Received one packet! Socket: 10.1.1.1 port: 49153 at time = 4.80604
--
4.90604 RSS 1.08254e-09
5.01798 RSS 4.41361e-13
--
Received one packet! Socket: 10.1.1.1 port: 49153 at time = 5.01798
--
5.02092 RSS 1.08254e-09
5.02323 RSS 4.41361e-13
--
Received one packet! Socket: 10.1.1.1 port: 49153 at time = 5.02323
--
5.10463 RSS 1.08254e-09
5.10694 RSS 4.41361e-13
--
Received one packet! Socket: 10.1.1.1 port: 49153 at time = 5.10694
--
5.20609 RSS 1.08254e-09
5.20839 RSS 4.41361e-13
--
Received one packet! Socket: 10.1.1.1 port: 49153 at time = 5.20839
--
5.30839 RSS 1.08254e-09
5.42556 PRSS 2.08914e-09
--
Received one packet! Socket: 10.1.1.1 port: 49153 at time = 5.42556
--
5.50757 RSS 4.41361e-13
5.50757 PRSS 1.08254e-09
--
Received one packet! Socket: 10.1.1.1 port: 49153 at time = 5.50757
--
5.60725 RSS 1.08254e-09
5.60955 RSS 4.41361e-13
--
Received one packet! Socket: 10.1.1.1 port: 49153 at time = 5.60955
--
5.70955 RSS 1.08254e-09
5.82495 PRSS 1.6532e-09
--
Received one packet! Socket: 10.1.1.1 port: 49153 at time = 5.82495
--
5.91106 RSS 4.41361e-13
5.91106 PRSS 1.08254e-09
--
Received one packet! Socket: 10.1.1.1 port: 49153 at time = 5.91106
--
6.00529 RSS 1.08254e-09
6.00759 RSS 4.41361e-13
--
Received one packet! Socket: 10.1.1.1 port: 49153 at time = 6.00759
--
6.10759 RSS 1.08254e-09
6.21906 RSS -1.08166e-09
6.21906 PRSS 1.34966e-09
--
Received one packet! Socket: 10.1.1.1 port: 49153 at time = 6.21906
--
6.2226 RSS 1.08254e-09
6.2249 RSS 4.41361e-13
6.2249 PRSS 1.08254e-09
--
Received one packet! Socket: 10.1.1.1 port: 49153 at time = 6.2249
--
6.30864 RSS 1.08254e-09
6.31094 RSS 4.41361e-13
--
Received one packet! Socket: 10.1.1.1 port: 49153 at time = 6.31094
--
6.40624 RSS 1.08254e-09
6.40854 RSS 4.41361e-13
--
Received one packet! Socket: 10.1.1.1 port: 49153 at time = 6.40854
--
6.50854 RSS 1.08254e-09
6.62128 PRSS 1.73248e-09
--
Received one packet! Socket: 10.1.1.1 port: 49153 at time = 6.62128
--
6.70587 RSS 4.41361e-13
6.70587 PRSS 1.08254e-09
--
Received one packet! Socket: 10.1.1.1 port: 49153 at time = 6.70587
--
6.80537 RSS 1.08254e-09
6.80768 RSS 4.41361e-13
--
Received one packet! Socket: 10.1.1.1 port: 49153 at time = 6.80768
--
6.90768 RSS 1.08254e-09
7.02092 RSS 4.41361e-13
--
Received one packet! Socket: 10.1.1.1 port: 49153 at time = 7.02092
--
7.02277 RSS 1.08254e-09
7.02507 RSS 4.41361e-13
--
Received one packet! Socket: 10.1.1.1 port: 49153 at time = 7.02507
--
7.10702 RSS 1.08254e-09
7.10933 RSS 4.41361e-13
--
Received one packet! Socket: 10.1.1.1 port: 49153 at time = 7.10933
--
7.20113 RSS 1.08254e-09
7.20344 RSS 4.41361e-13
--
Received one packet! Socket: 10.1.1.1 port: 49153 at time = 7.20344
--
7.30344 RSS 1.08254e-09
7.41939 PRSS 3.0876e-09
--
Received one packet! Socket: 10.1.1.1 port: 49153 at time = 7.41939
--
7.50393 RSS 4.41361e-13
7.50393 PRSS 1.08254e-09
--
Received one packet! Socket: 10.1.1.1 port: 49153 at time = 7.50393
--
7.6035 RSS 1.08254e-09
7.60581 RSS 4.41361e-13
--
Received one packet! Socket: 10.1.1.1 port: 49153 at time = 7.60581
--
7.70581 RSS 1.08254e-09
7.82682 RSS 4.41361e-13
--
Received one packet! Socket: 10.1.1.1 port: 49153 at time = 7.82682
--
7.82955 RSS 1.08254e-09
7.83186 RSS 4.41361e-13
--
Received one packet! Socket: 10.1.1.1 port: 49153 at time = 7.83186
--
7.90568 RSS 1.08254e-09
7.90798 RSS 4.41361e-13
--
Received one packet! Socket: 10.1.1.1 port: 49153 at time = 7.90798
--
8.00754 RSS 1.08254e-09
8.00984 RSS 4.41361e-13
--
Received one packet! Socket: 10.1.1.1 port: 49153 at time = 8.00984
--
8.10984 RSS 1.08254e-09
8.22488 RSS 4.41361e-13
--
Received one packet! Socket: 10.1.1.1 port: 49153 at time = 8.22488
--
8.22837 RSS 1.08254e-09
8.23067 RSS 4.41361e-13
--
Received one packet! Socket: 10.1.1.1 port: 49153 at time = 8.23067
--
8.30823 RSS 1.08254e-09
8.31053 RSS 4.41361e-13
--
Received one packet! Socket: 10.1.1.1 port: 49153 at time = 8.31053
--
8.40345 RSS 1.08254e-09
8.40575 RSS 4.41361e-13
--
Received one packet! Socket: 10.1.1.1 port: 49153 at time = 8.40575
--
8.50575 RSS 1.08254e-09
8.62911 PRSS 1.31905e-09
--
Received one packet! Socket: 10.1.1.1 port: 49153 at time = 8.62911
--
8.70905 RSS 4.41361e-13
8.70905 PRSS 1.08254e-09
--
Received one packet! Socket: 10.1.1.1 port: 49153 at time = 8.70905
--
8.80485 RSS 1.08254e-09
8.80715 RSS 4.41361e-13
--
Received one packet! Socket: 10.1.1.1 port: 49153 at time = 8.80715
--
8.90715 RSS 1.08254e-09
9.02599 PRSS 1.71742e-09
--
Received one packet! Socket: 10.1.1.1 port: 49153 at time = 9.02599
--
9.10859 RSS 4.41361e-13
9.10859 PRSS 1.08254e-09
--
Received one packet! Socket: 10.1.1.1 port: 49153 at time = 9.10859
--
9.20999 RSS 1.08254e-09
9.21229 RSS 4.41361e-13
--
Received one packet! Socket: 10.1.1.1 port: 49153 at time = 9.21229
--
9.31229 RSS 1.08254e-09
9.4266 RSS -1.08166e-09
9.4266 PRSS 1.12663e-09
--
Received one packet! Socket: 10.1.1.1 port: 49153 at time = 9.4266
--
9.43115 RSS 1.08254e-09
9.43345 RSS 4.41361e-13
9.43345 PRSS 1.08254e-09
--
Received one packet! Socket: 10.1.1.1 port: 49153 at time = 9.43345
--
9.5081 RSS 1.08254e-09
9.5104 RSS 4.41361e-13
--
Received one packet! Socket: 10.1.1.1 port: 49153 at time = 9.5104
--
9.6016 RSS 1.08254e-09
9.6039 RSS 4.41361e-13
--
Received one packet! Socket: 10.1.1.1 port: 49153 at time = 9.6039
--
9.7039 RSS 1.08254e-09
9.82575 PRSS 1.12589e-09
--
Received one packet! Socket: 10.1.1.1 port: 49153 at time = 9.82575
--
9.90543 RSS 4.41361e-13
9.90543 PRSS 1.08254e-09
--
Received one packet! Socket: 10.1.1.1 port: 49153 at time = 9.90543
--
10.0006 RSS 1.08254e-09
10.0029 RSS 4.41361e-13
--
Received one packet! Socket: 10.1.1.1 port: 49153 at time = 10.0029
--
10.1029 RSS 1.08254e-09
10.2261 RSS 4.41361e-13
10.2261 PRSS 2.85218e-09
--
Received one packet! Socket: 10.1.1.1 port: 49153 at time = 10.2261
--
10.3043 RSS 1.08254e-09
10.3066 RSS 4.41361e-13
10.3066 PRSS 1.08254e-09
--
Received one packet! Socket: 10.1.1.1 port: 49153 at time = 10.3066
--
10.4095 RSS 1.08254e-09
10.4118 RSS 4.41361e-13
--
Received one packet! Socket: 10.1.1.1 port: 49153 at time = 10.4118
--
10.5118 RSS 1.08254e-09
10.6292 PRSS 1.85635e-09
--
Received one packet! Socket: 10.1.1.1 port: 49153 at time = 10.6292
--
10.7024 RSS 4.41361e-13
10.7024 PRSS 1.08254e-09
--
Received one packet! Socket: 10.1.1.1 port: 49153 at time = 10.7024
--
10.802 RSS 1.08254e-09
10.8043 RSS 4.41361e-13
--
Received one packet! Socket: 10.1.1.1 port: 49153 at time = 10.8043
--
10.9043 RSS 1.08254e-09
11.0217 RSS 4.41361e-13
11.0217 PRSS 2.16465e-09
--
Received one packet! Socket: 10.1.1.1 port: 49153 at time = 11.0217
--
11.0292 RSS 1.08254e-09
11.0315 RSS 4.41361e-13
11.0315 PRSS 1.08254e-09
--
Received one packet! Socket: 10.1.1.1 port: 49153 at time = 11.0315
--
11.1048 RSS 1.08254e-09
11.1071 RSS 4.41361e-13
--
Received one packet! Socket: 10.1.1.1 port: 49153 at time = 11.1071
--
11.2067 RSS 1.08254e-09
11.209 RSS 4.41361e-13
--
Received one packet! Socket: 10.1.1.1 port: 49153 at time = 11.209
--
11.309 RSS 1.08254e-09
11.4339 PRSS 1.51561e-09
--
Received one packet! Socket: 10.1.1.1 port: 49153 at time = 11.4339
--
11.5109 RSS 4.41361e-13
11.5109 PRSS 1.08254e-09
--
Received one packet! Socket: 10.1.1.1 port: 49153 at time = 11.5109
--
11.6083 RSS 1.08254e-09
11.6106 RSS 4.41361e-13
--
Received one packet! Socket: 10.1.1.1 port: 49153 at time = 11.6106
--
11.7106 RSS 1.08254e-09
11.8341 PRSS 1.55771e-09
--
Received one packet! Socket: 10.1.1.1 port: 49153 at time = 11.8341
--
11.9086 RSS 4.41361e-13
11.9086 PRSS 1.08254e-09
--
Received one packet! Socket: 10.1.1.1 port: 49153 at time = 11.9086
--
12.0038 RSS 1.08254e-09
12.0061 RSS 4.41361e-13
--
Received one packet! Socket: 10.1.1.1 port: 49153 at time = 12.0061
--
12.1061 RSS 1.08254e-09
12.2332 RSS 4.41361e-13
--
Received one packet! Socket: 10.1.1.1 port: 49153 at time = 12.2332
--
12.2348 RSS 1.08254e-09
12.2371 RSS 4.41361e-13
--
Received one packet! Socket: 10.1.1.1 port: 49153 at time = 12.2371
--
12.3065 RSS 1.08254e-09
12.3088 RSS 4.41361e-13
--
Received one packet! Socket: 10.1.1.1 port: 49153 at time = 12.3088
--
12.4028 RSS 1.08254e-09
12.4051 RSS 4.41361e-13
--
Received one packet! Socket: 10.1.1.1 port: 49153 at time = 12.4051
--
12.5051 RSS 1.08254e-09
12.6309 RSS 4.41361e-13
--
Received one packet! Socket: 10.1.1.1 port: 49153 at time = 12.6309
--
12.6331 RSS 1.08254e-09
12.6354 RSS 4.41361e-13
--
Received one packet! Socket: 10.1.1.1 port: 49153 at time = 12.6354
--
12.7088 RSS 1.08254e-09
12.7111 RSS 4.41361e-13
--
Received one packet! Socket: 10.1.1.1 port: 49153 at time = 12.7111
--
12.8086 RSS 1.08254e-09
12.8109 RSS 4.41361e-13
--
Received one packet! Socket: 10.1.1.1 port: 49153 at time = 12.8109
--
12.9109 RSS 1.08254e-09
13.0328 RSS 4.41361e-13
--
Received one packet! Socket: 10.1.1.1 port: 49153 at time = 13.0328
--
13.0406 RSS 1.08254e-09
13.0429 RSS 4.41361e-13
--
Received one packet! Socket: 10.1.1.1 port: 49153 at time = 13.0429
--
13.109 RSS 1.08254e-09
13.1113 RSS 4.41361e-13
--
Received one packet! Socket: 10.1.1.1 port: 49153 at time = 13.1113
--
13.2045 RSS 1.08254e-09
13.2068 RSS 4.41361e-13
--
Received one packet! Socket: 10.1.1.1 port: 49153 at time = 13.2068
--
13.3068 RSS 1.08254e-09
13.4296 PRSS 2.0956e-09
--
Received one packet! Socket: 10.1.1.1 port: 49153 at time = 13.4296
--
13.5071 RSS 4.41361e-13
13.5071 PRSS 1.08254e-09
--
Received one packet! Socket: 10.1.1.1 port: 49153 at time = 13.5071
--
13.6046 RSS 1.08254e-09
13.6069 RSS 4.41361e-13
--
Received one packet! Socket: 10.1.1.1 port: 49153 at time = 13.6069
--
13.7069 RSS 1.08254e-09
13.8313 RSS 4.41361e-13
13.8313 PRSS 1.89156e-09
--
Received one packet! Socket: 10.1.1.1 port: 49153 at time = 13.8313
--
13.9065 RSS 1.08254e-09
13.9088 RSS 4.41361e-13
13.9088 PRSS 1.08254e-09
--
Received one packet! Socket: 10.1.1.1 port: 49153 at time = 13.9088
--
14.0089 RSS 1.08254e-09
14.0113 RSS 4.41361e-13
--
Received one packet! Socket: 10.1.1.1 port: 49153 at time = 14.0113
--
14.1113 RSS 1.08254e-09
14.2325 RSS 4.41361e-13
14.2325 PRSS 1.85842e-09
--
Received one packet! Socket: 10.1.1.1 port: 49153 at time = 14.2325
--
14.3072 RSS 1.08254e-09
14.3095 RSS 4.41361e-13
14.3095 PRSS 1.08254e-09
--
Received one packet! Socket: 10.1.1.1 port: 49153 at time = 14.3095
--
14.4023 RSS 1.08254e-09
14.4046 RSS 4.41361e-13
--
Received one packet! Socket: 10.1.1.1 port: 49153 at time = 14.4046
--
14.5046 RSS 1.08254e-09
14.6307 RSS -1.08166e-09
14.6307 PRSS 1.23323e-09
--
Received one packet! Socket: 10.1.1.1 port: 49153 at time = 14.6307
--
14.6322 RSS 1.08254e-09
14.6345 RSS 4.41361e-13
14.6345 PRSS 1.08254e-09
--
Received one packet! Socket: 10.1.1.1 port: 49153 at time = 14.6345
--
14.7075 RSS 1.08254e-09
14.7098 RSS 4.41361e-13
--
Received one packet! Socket: 10.1.1.1 port: 49153 at time = 14.7098
--
14.804 RSS 1.08254e-09
14.8063 RSS 4.41361e-13
--
Received one packet! Socket: 10.1.1.1 port: 49153 at time = 14.8063
--
14.9063 RSS 1.08254e-09
15.0407 RSS 4.41361e-13
--
Received one packet! Socket: 10.1.1.1 port: 49153 at time = 15.0407
--
15.0437 RSS 1.08254e-09
15.046 RSS 4.41361e-13
--
Received one packet! Socket: 10.1.1.1 port: 49153 at time = 15.046
--
15.1052 RSS 1.08254e-09
15.1075 RSS 4.41361e-13
--
Received one packet! Socket: 10.1.1.1 port: 49153 at time = 15.1075
--
15.2062 RSS 1.08254e-09
15.2085 RSS 4.41361e-13
--
Received one packet! Socket: 10.1.1.1 port: 49153 at time = 15.2085
--
15.3085 RSS 1.08254e-09
15.4452 RSS 4.41361e-13
--
Received one packet! Socket: 10.1.1.1 port: 49153 at time = 15.4452
--
15.4457 RSS 1.08254e-09
15.448 RSS 4.41361e-13
--
Received one packet! Socket: 10.1.1.1 port: 49153 at time = 15.448
--
15.5076 RSS 1.08254e-09
15.5099 RSS 4.41361e-13
--
Received one packet! Socket: 10.1.1.1 port: 49153 at time = 15.5099
--
15.6064 RSS 1.08254e-09
15.6087 RSS 4.41361e-13
--
Received one packet! Socket: 10.1.1.1 port: 49153 at time = 15.6087
--
15.7087 RSS 1.08254e-09
15.8309 RSS 4.41361e-13
--
Received one packet! Socket: 10.1.1.1 port: 49153 at time = 15.8309
--
15.8384 RSS 1.08254e-09
15.8407 RSS 4.41361e-13
--
Received one packet! Socket: 10.1.1.1 port: 49153 at time = 15.8407
--
15.9001 RSS 1.08254e-09
15.9024 RSS 4.41361e-13
--
Received one packet! Socket: 10.1.1.1 port: 49153 at time = 15.9024
--
16.0029 RSS 1.08254e-09
16.0052 RSS 4.41361e-13
--
Received one packet! Socket: 10.1.1.1 port: 49153 at time = 16.0052
--
16.1052 RSS 1.08254e-09
16.2394 RSS 4.41361e-13
--
Received one packet! Socket: 10.1.1.1 port: 49153 at time = 16.2394
--
16.2409 RSS 1.08254e-09
16.2432 RSS 4.41361e-13
--
Received one packet! Socket: 10.1.1.1 port: 49153 at time = 16.2432
--
16.3065 RSS 1.08254e-09
16.3088 RSS 4.41361e-13
--
Received one packet! Socket: 10.1.1.1 port: 49153 at time = 16.3088
--
16.4066 RSS 1.08254e-09
16.4089 RSS 4.41361e-13
--
Received one packet! Socket: 10.1.1.1 port: 49153 at time = 16.4089
--
16.5089 RSS 1.08254e-09
16.6306 RSS -1.08166e-09
16.6306 PRSS 2.15728e-09
--
Received one packet! Socket: 10.1.1.1 port: 49153 at time = 16.6306
--
16.6333 RSS 1.08254e-09
16.6356 RSS 4.41361e-13
16.6356 PRSS 1.08254e-09
--
Received one packet! Socket: 10.1.1.1 port: 49153 at time = 16.6356
--
16.709 RSS 1.08254e-09
16.7113 RSS 4.41361e-13
--
Received one packet! Socket: 10.1.1.1 port: 49153 at time = 16.7113
--
16.807 RSS 1.08254e-09
16.8093 RSS 4.41361e-13
--
Received one packet! Socket: 10.1.1.1 port: 49153 at time = 16.8093
--
16.9093 RSS 1.08254e-09
17.0449 PRSS 1.67936e-09
--
Received one packet! Socket: 10.1.1.1 port: 49153 at time = 17.0449
--
17.1088 RSS 4.41361e-13
17.1088 PRSS 1.08254e-09
--
Received one packet! Socket: 10.1.1.1 port: 49153 at time = 17.1088
--
17.2077 RSS 1.08254e-09
17.21 RSS 4.41361e-13
--
Received one packet! Socket: 10.1.1.1 port: 49153 at time = 17.21
--
17.31 RSS 1.08254e-09
17.4425 PRSS 1.7877e-09
--
Received one packet! Socket: 10.1.1.1 port: 49153 at time = 17.4425
--
17.5107 RSS 4.41361e-13
17.5107 PRSS 1.08254e-09
--
Received one packet! Socket: 10.1.1.1 port: 49153 at time = 17.5107
--
17.606 RSS 1.08254e-09
17.6083 RSS 4.41361e-13
--
Received one packet! Socket: 10.1.1.1 port: 49153 at time = 17.6083
--
17.7083 RSS 1.08254e-09
17.8394 RSS -1.08166e-09
17.8394 PRSS 1.35238e-09
--
Received one packet! Socket: 10.1.1.1 port: 49153 at time = 17.8394
--
17.8456 RSS 1.08254e-09
17.8479 RSS 4.41361e-13
17.8479 PRSS 1.08254e-09
--
Received one packet! Socket: 10.1.1.1 port: 49153 at time = 17.8479
--
17.9045 RSS 1.08254e-09
17.9068 RSS 4.41361e-13
--
Received one packet! Socket: 10.1.1.1 port: 49153 at time = 17.9068
--
18.0017 RSS 1.08254e-09
18.004 RSS 4.41361e-13
--
Received one packet! Socket: 10.1.1.1 port: 49153 at time = 18.004
--
18.104 RSS 1.08254e-09
18.248 RSS 4.41361e-13
--
Received one packet! Socket: 10.1.1.1 port: 49153 at time = 18.248
--
18.2484 RSS 1.08254e-09
18.2507 RSS 4.41361e-13
--
Received one packet! Socket: 10.1.1.1 port: 49153 at time = 18.2507
--
18.3007 RSS 1.08254e-09
18.303 RSS 4.41361e-13
--
Received one packet! Socket: 10.1.1.1 port: 49153 at time = 18.303
--
18.4075 RSS 1.08254e-09
18.4098 RSS 4.41361e-13
--
Received one packet! Socket: 10.1.1.1 port: 49153 at time = 18.4098
--
18.5098 RSS 1.08254e-09
18.6507 PRSS 2.13107e-09
--
Received one packet! Socket: 10.1.1.1 port: 49153 at time = 18.6507
--
18.709 RSS 4.41361e-13
18.709 PRSS 1.08254e-09
--
Received one packet! Socket: 10.1.1.1 port: 49153 at time = 18.709
--
18.8034 RSS 1.08254e-09
18.8057 RSS 4.41361e-13
--
Received one packet! Socket: 10.1.1.1 port: 49153 at time = 18.8057
--
18.9057 RSS 1.08254e-09
19.0461 PRSS 1.73105e-09
--
Received one packet! Socket: 10.1.1.1 port: 49153 at time = 19.0461
--
19.103 RSS 4.41361e-13
19.103 PRSS 1.08254e-09
--
Received one packet! Socket: 10.1.1.1 port: 49153 at time = 19.103
--
19.2084 RSS 1.08254e-09
19.2107 RSS 4.41361e-13
--
Received one packet! Socket: 10.1.1.1 port: 49153 at time = 19.2107
--
19.3107 RSS 1.08254e-09
19.4394 RSS 4.41361e-13
--
Received one packet! Socket: 10.1.1.1 port: 49153 at time = 19.4394
--
19.4446 RSS 1.08254e-09
19.4469 RSS 4.41361e-13
--
Received one packet! Socket: 10.1.1.1 port: 49153 at time = 19.4469
--
19.5078 RSS 1.08254e-09
19.5101 RSS 4.41361e-13
--
Received one packet! Socket: 10.1.1.1 port: 49153 at time = 19.5101
--
19.6015 RSS 1.08254e-09
19.6038 RSS 4.41361e-13
--
Received one packet! Socket: 10.1.1.1 port: 49153 at time = 19.6038
--
19.7038 RSS 1.08254e-09
19.8445 PRSS 2.00147e-09
--
Received one packet! Socket: 10.1.1.1 port: 49153 at time = 19.8445
--
19.9093 RSS 4.41361e-13
19.9093 PRSS 1.08254e-09
--
Received one packet! Socket: 10.1.1.1 port: 49153 at time = 19.9093
--
20.0058 RSS 1.08254e-09
20.0081 RSS 4.41361e-13
--
Received one packet! Socket: 10.1.1.1 port: 49153 at time = 20.0081
--
20.1081 RSS 1.08254e-09
20.243 RSS 4.41361e-13
--
Received one packet! Socket: 10.1.1.1 port: 49153 at time = 20.243
--
20.2457 RSS 1.08254e-09
20.248 RSS 4.41361e-13
--
Received one packet! Socket: 10.1.1.1 port: 49153 at time = 20.248
--
20.3076 RSS 1.08254e-09
20.3099 RSS 4.41361e-13
--
Received one packet! Socket: 10.1.1.1 port: 49153 at time = 20.3099
--
20.4031 RSS 1.08254e-09
20.4054 RSS 4.41361e-13
--
Received one packet! Socket: 10.1.1.1 port: 49153 at time = 20.4054
--
20.5054 RSS 1.08254e-09
20.6462 PRSS 1.17445e-09
--
Received one packet! Socket: 10.1.1.1 port: 49153 at time = 20.6462
--
20.7073 RSS 4.41361e-13
20.7073 PRSS 1.08254e-09
--
Received one packet! Socket: 10.1.1.1 port: 49153 at time = 20.7073
--
20.8035 RSS 1.08254e-09
20.8058 RSS 4.41361e-13
--
Received one packet! Socket: 10.1.1.1 port: 49153 at time = 20.8058
--
20.9058 RSS 1.08254e-09
21.0476 RSS 4.41361e-13
--
Received one packet! Socket: 10.1.1.1 port: 49153 at time = 21.0476
--
21.0513 RSS 1.08254e-09
21.0536 RSS 4.41361e-13
--
Received one packet! Socket: 10.1.1.1 port: 49153 at time = 21.0536
--
21.1079 RSS 1.08254e-09
21.1102 RSS 4.41361e-13
--
Received one packet! Socket: 10.1.1.1 port: 49153 at time = 21.1102
--
21.2074 RSS 1.08254e-09
21.2097 RSS 4.41361e-13
--
Received one packet! Socket: 10.1.1.1 port: 49153 at time = 21.2097
--
21.3097 RSS 1.08254e-09
21.447 RSS 4.41361e-13
--
Received one packet! Socket: 10.1.1.1 port: 49153 at time = 21.447
--
21.4491 RSS 1.08254e-09
21.4514 RSS 4.41361e-13
--
Received one packet! Socket: 10.1.1.1 port: 49153 at time = 21.4514
--
21.5016 RSS 1.08254e-09
21.5039 RSS 4.41361e-13
--
Received one packet! Socket: 10.1.1.1 port: 49153 at time = 21.5039
--
21.6035 RSS 1.08254e-09
21.6058 RSS 4.41361e-13
--
Received one packet! Socket: 10.1.1.1 port: 49153 at time = 21.6058
--
21.7058 RSS 1.08254e-09
21.8537 RSS 4.41361e-13
--
Received one packet! Socket: 10.1.1.1 port: 49153 at time = 21.8537
--
21.8543 RSS 1.08254e-09
21.8566 RSS 4.41361e-13
--
Received one packet! Socket: 10.1.1.1 port: 49153 at time = 21.8566
--
21.9044 RSS 1.08254e-09
21.9067 RSS 4.41361e-13
--
Received one packet! Socket: 10.1.1.1 port: 49153 at time = 21.9067
--
22.0077 RSS 1.08254e-09
22.01 RSS 4.41361e-13
--
Received one packet! Socket: 10.1.1.1 port: 49153 at time = 22.01
--
22.11 RSS 1.08254e-09
22.2498 PRSS 1.81416e-09
--
Received one packet! Socket: 10.1.1.1 port: 49153 at time = 22.2498
--
22.3063 RSS 4.41361e-13
22.3063 PRSS 1.08254e-09
--
Received one packet! Socket: 10.1.1.1 port: 49153 at time = 22.3063
--
22.4076 RSS 1.08254e-09
22.4099 RSS 4.41361e-13
--
Received one packet! Socket: 10.1.1.1 port: 49153 at time = 22.4099
--
22.5099 RSS 1.08254e-09
22.6536 PRSS 2.11357e-09
--
Received one packet! Socket: 10.1.1.1 port: 49153 at time = 22.6536
--
22.7089 RSS 4.41361e-13
22.7089 PRSS 1.08254e-09
--
Received one packet! Socket: 10.1.1.1 port: 49153 at time = 22.7089
--
22.8096 RSS 1.08254e-09
22.8119 RSS 4.41361e-13
--
Received one packet! Socket: 10.1.1.1 port: 49153 at time = 22.8119
--
22.9119 RSS 1.08254e-09
23.053 RSS 4.41361e-13
--
Received one packet! Socket: 10.1.1.1 port: 49153 at time = 23.053
--
23.0564 RSS 1.08254e-09
23.0587 RSS 4.41361e-13
--
Received one packet! Socket: 10.1.1.1 port: 49153 at time = 23.0587
--
23.1019 RSS 1.08254e-09
23.1042 RSS 4.41361e-13
--
Received one packet! Socket: 10.1.1.1 port: 49153 at time = 23.1042
--
23.2009 RSS 1.08254e-09
23.2032 RSS 4.41361e-13
--
Received one packet! Socket: 10.1.1.1 port: 49153 at time = 23.2032
--
23.3032 RSS 1.08254e-09
23.4533 RSS 4.41361e-13
--
Received one packet! Socket: 10.1.1.1 port: 49153 at time = 23.4533
--
23.4564 RSS 1.08254e-09
23.4587 RSS 4.41361e-13
--
Received one packet! Socket: 10.1.1.1 port: 49153 at time = 23.4587
--
23.5048 RSS 1.08254e-09
23.5071 RSS 4.41361e-13
--
Received one packet! Socket: 10.1.1.1 port: 49153 at time = 23.5071
--
23.6094 RSS 1.08254e-09
23.6117 RSS 4.41361e-13
--
Received one packet! Socket: 10.1.1.1 port: 49153 at time = 23.6117
--
23.7117 RSS 1.08254e-09
23.8455 RSS 4.41361e-13
23.8455 PRSS 2.16465e-09
--
Received one packet! Socket: 10.1.1.1 port: 49153 at time = 23.8455
--
23.8514 RSS 1.08254e-09
23.8537 RSS 4.41361e-13
23.8537 PRSS 1.08254e-09
--
Received one packet! Socket: 10.1.1.1 port: 49153 at time = 23.8537
--
23.9071 RSS 1.08254e-09
23.9094 RSS 4.41361e-13
--
Received one packet! Socket: 10.1.1.1 port: 49153 at time = 23.9094
--
24.0012 RSS 1.08254e-09
24.0035 RSS 4.41361e-13
--
Received one packet! Socket: 10.1.1.1 port: 49153 at time = 24.0035
--
24.1035 RSS 1.08254e-09
24.2523 RSS 4.41361e-13
--
Received one packet! Socket: 10.1.1.1 port: 49153 at time = 24.2523
--
24.2578 RSS 1.08254e-09
24.2601 RSS 4.41361e-13
--
Received one packet! Socket: 10.1.1.1 port: 49153 at time = 24.2601
--
24.3002 RSS 1.08254e-09
24.3025 RSS 4.41361e-13
--
Received one packet! Socket: 10.1.1.1 port: 49153 at time = 24.3025
--
24.4098 RSS 1.08254e-09
24.4121 RSS 4.41361e-13
--
Received one packet! Socket: 10.1.1.1 port: 49153 at time = 24.4121
--
24.5121 RSS 1.08254e-09
24.6494 RSS -1.08166e-09
24.6494 PRSS 1.35191e-09
--
Received one packet! Socket: 10.1.1.1 port: 49153 at time = 24.6494
--
24.6524 RSS 1.08254e-09
24.6547 RSS 4.41361e-13
24.6547 PRSS 1.08254e-09
--
Received one packet! Socket: 10.1.1.1 port: 49153 at time = 24.6547
--
24.708 RSS 1.08254e-09
24.7103 RSS 4.41361e-13
--
Received one packet! Socket: 10.1.1.1 port: 49153 at time = 24.7103
--
24.8053 RSS 1.08254e-09
24.8076 RSS 4.41361e-13
--
Received one packet! Socket: 10.1.1.1 port: 49153 at time = 24.8076
--
24.9076 RSS 1.08254e-09
25.0499 PRSS 2.92583e-09
--
Received one packet! Socket: 10.1.1.1 port: 49153 at time = 25.0499
--
25.1057 RSS 4.41361e-13
25.1057 PRSS 1.08254e-09
--
Received one packet! Socket: 10.1.1.1 port: 49153 at time = 25.1057
--
25.2068 RSS 1.08254e-09
25.2091 RSS 4.41361e-13
--
Received one packet! Socket: 10.1.1.1 port: 49153 at time = 25.2091
--
25.3091 RSS 1.08254e-09
25.4503 PRSS 2.12139e-09
--
Received one packet! Socket: 10.1.1.1 port: 49153 at time = 25.4503
--
25.506 RSS 4.41361e-13
25.506 PRSS 1.08254e-09
--
Received one packet! Socket: 10.1.1.1 port: 49153 at time = 25.506
--
25.6018 RSS 1.08254e-09
25.6041 RSS 4.41361e-13
--
Received one packet! Socket: 10.1.1.1 port: 49153 at time = 25.6041
--
25.7041 RSS 1.08254e-09
25.8607 PRSS 1.21304e-09
--
Received one packet! Socket: 10.1.1.1 port: 49153 at time = 25.8607
--
25.9096 RSS 4.41361e-13
25.9096 PRSS 1.08254e-09
--
Received one packet! Socket: 10.1.1.1 port: 49153 at time = 25.9096
--
26.0058 RSS 1.08254e-09
26.0081 RSS 4.41361e-13
--
Received one packet! Socket: 10.1.1.1 port: 49153 at time = 26.0081
--
26.1081 RSS 1.08254e-09
26.2492 RSS -1.08166e-09
26.2492 PRSS 2.09743e-09
--
Received one packet! Socket: 10.1.1.1 port: 49153 at time = 26.2492
--
26.2565 RSS 1.08254e-09
26.2588 RSS 4.41361e-13
26.2588 PRSS 1.08254e-09
--
Received one packet! Socket: 10.1.1.1 port: 49153 at time = 26.2588
--
26.3092 RSS 1.08254e-09
26.3115 RSS 4.41361e-13
--
Received one packet! Socket: 10.1.1.1 port: 49153 at time = 26.3115
--
26.4065 RSS 1.08254e-09
26.4088 RSS 4.41361e-13
--
Received one packet! Socket: 10.1.1.1 port: 49153 at time = 26.4088
--
26.5088 RSS 1.08254e-09
26.6577 RSS 4.41361e-13
--
Received one packet! Socket: 10.1.1.1 port: 49153 at time = 26.6577
--
26.6625 RSS 1.08254e-09
26.6648 RSS 4.41361e-13
--
Received one packet! Socket: 10.1.1.1 port: 49153 at time = 26.6648
--
26.7057 RSS 1.08254e-09
26.7081 RSS 4.41361e-13
--
Received one packet! Socket: 10.1.1.1 port: 49153 at time = 26.7081
--
26.8013 RSS 1.08254e-09
26.8037 RSS 4.41361e-13
--
Received one packet! Socket: 10.1.1.1 port: 49153 at time = 26.8037
--
26.9037 RSS 1.08254e-09
27.0467 RSS 4.41361e-13
27.0467 PRSS 2.16465e-09
--
Received one packet! Socket: 10.1.1.1 port: 49153 at time = 27.0467
--
27.0562 RSS 1.08254e-09
27.0585 RSS 4.41361e-13
27.0585 PRSS 1.08254e-09
--
Received one packet! Socket: 10.1.1.1 port: 49153 at time = 27.0585
--
27.1022 RSS 1.08254e-09
27.1045 RSS 4.41361e-13
--
Received one packet! Socket: 10.1.1.1 port: 49153 at time = 27.1045
--
27.2076 RSS 1.08254e-09
27.2099 RSS 4.41361e-13
--
Received one packet! Socket: 10.1.1.1 port: 49153 at time = 27.2099
--
27.3099 RSS 1.08254e-09
27.451 RSS 4.41361e-13
27.451 PRSS 2.16465e-09
--
Received one packet! Socket: 10.1.1.1 port: 49153 at time = 27.451
--
27.454 RSS 1.08254e-09
27.4563 RSS -1.08166e-09
27.4563 PRSS 1.30393e-09
--
Received one packet! Socket: 10.1.1.1 port: 49153 at time = 27.4563
--
27.5013 RSS 1.08254e-09
27.5036 RSS 4.41361e-13
27.5036 PRSS 1.08254e-09
--
Received one packet! Socket: 10.1.1.1 port: 49153 at time = 27.5036
--
27.6053 RSS 1.08254e-09
27.6076 RSS 4.41361e-13
--
Received one packet! Socket: 10.1.1.1 port: 49153 at time = 27.6076
--
27.7076 RSS 1.08254e-09
27.8619 RSS 4.41361e-13
--
Received one packet! Socket: 10.1.1.1 port: 49153 at time = 27.8619
--
27.8637 RSS 1.08254e-09
27.866 RSS 4.41361e-13
--
Received one packet! Socket: 10.1.1.1 port: 49153 at time = 27.866
--
27.9071 RSS 1.08254e-09
27.9094 RSS 4.41361e-13
--
Received one packet! Socket: 10.1.1.1 port: 49153 at time = 27.9094
--
28.0079 RSS 1.08254e-09
28.0102 RSS 4.41361e-13
--
Received one packet! Socket: 10.1.1.1 port: 49153 at time = 28.0102
--
28.1102 RSS 1.08254e-09
28.2602 RSS 4.41361e-13
--
Received one packet! Socket: 10.1.1.1 port: 49153 at time = 28.2602
--
28.265 RSS 1.08254e-09
28.2673 RSS 4.41361e-13
--
Received one packet! Socket: 10.1.1.1 port: 49153 at time = 28.2673
--
28.3012 RSS 1.08254e-09
28.3035 RSS 4.41361e-13
--
Received one packet! Socket: 10.1.1.1 port: 49153 at time = 28.3035
--
28.407 RSS 1.08254e-09
28.4093 RSS 4.41361e-13
--
Received one packet! Socket: 10.1.1.1 port: 49153 at time = 28.4093
--
28.5093 RSS 1.08254e-09
28.662 RSS 4.41361e-13
--
Received one packet! Socket: 10.1.1.1 port: 49153 at time = 28.662
--
28.6637 RSS 1.08254e-09
28.666 RSS 4.41361e-13
--
Received one packet! Socket: 10.1.1.1 port: 49153 at time = 28.666
--
28.7038 RSS 1.08254e-09
28.7061 RSS 4.41361e-13
--
Received one packet! Socket: 10.1.1.1 port: 49153 at time = 28.7061
--
28.808 RSS 1.08254e-09
28.8103 RSS 4.41361e-13
--
Received one packet! Socket: 10.1.1.1 port: 49153 at time = 28.8103
--
28.9103 RSS 1.08254e-09
29.06 RSS 4.41361e-13
--
Received one packet! Socket: 10.1.1.1 port: 49153 at time = 29.06
--
29.06 RSS 1.08254e-09
29.0623 RSS 4.41361e-13
--
Received one packet! Socket: 10.1.1.1 port: 49153 at time = 29.0623
--
29.1056 RSS 1.08254e-09
29.1079 RSS 4.41361e-13
--
Received one packet! Socket: 10.1.1.1 port: 49153 at time = 29.1079
--
29.2093 RSS 1.08254e-09
29.2116 RSS 4.41361e-13
--
Received one packet! Socket: 10.1.1.1 port: 49153 at time = 29.2116
--
29.3116 RSS 1.08254e-09
29.4563 RSS 4.41361e-13
--
Received one packet! Socket: 10.1.1.1 port: 49153 at time = 29.4563
--
29.4633 RSS 1.08254e-09
29.4656 RSS 4.41361e-13
--
Received one packet! Socket: 10.1.1.1 port: 49153 at time = 29.4656
--
29.5012 RSS 1.08254e-09
29.5035 RSS 4.41361e-13
--
Received one packet! Socket: 10.1.1.1 port: 49153 at time = 29.5035
--
29.6003 RSS 1.08254e-09
29.6026 RSS 4.41361e-13
--
Received one packet! Socket: 10.1.1.1 port: 49153 at time = 29.6026
--
29.7026 RSS 1.08254e-09
29.8607 RSS 4.41361e-13
--
Received one packet! Socket: 10.1.1.1 port: 49153 at time = 29.8607
--
29.8692 RSS 1.08254e-09
29.8715 RSS 4.41361e-13
--
Received one packet! Socket: 10.1.1.1 port: 49153 at time = 29.8715
--
29.901 RSS 1.08254e-09
29.9033 RSS 4.41361e-13
--
Received one packet! Socket: 10.1.1.1 port: 49153 at time = 29.9033
--
30.0079 RSS 1.08254e-09
30.0102 RSS 4.41361e-13
--
Received one packet! Socket: 10.1.1.1 port: 49153 at time = 30.0102
--
30.1102 RSS 1.08254e-09
30.2637 RSS 4.41361e-13
--
Received one packet! Socket: 10.1.1.1 port: 49153 at time = 30.2637
--
30.2661 RSS 1.08254e-09
30.2684 RSS 4.41361e-13
--
Received one packet! Socket: 10.1.1.1 port: 49153 at time = 30.2684
--
30.3073 RSS 1.08254e-09
30.3096 RSS 4.41361e-13
--
Received one packet! Socket: 10.1.1.1 port: 49153 at time = 30.3096
--
30.4027 RSS 1.08254e-09
30.405 RSS 4.41361e-13
--
Received one packet! Socket: 10.1.1.1 port: 49153 at time = 30.405
--
30.505 RSS 1.08254e-09
30.6659 RSS 4.41361e-13
--
Received one packet! Socket: 10.1.1.1 port: 49153 at time = 30.6659
--
30.667 RSS 1.08254e-09
30.6693 RSS 4.41361e-13
--
Received one packet! Socket: 10.1.1.1 port: 49153 at time = 30.6693
--
30.7018 RSS 1.08254e-09
30.7041 RSS 4.41361e-13
--
Received one packet! Socket: 10.1.1.1 port: 49153 at time = 30.7041
--
30.8048 RSS 1.08254e-09
30.8071 RSS 4.41361e-13
--
Received one packet! Socket: 10.1.1.1 port: 49153 at time = 30.8071
--
30.9071 RSS 1.08254e-09
31.0631 RSS 4.41361e-13
--
Received one packet! Socket: 10.1.1.1 port: 49153 at time = 31.0631
--
31.0701 RSS 1.08254e-09
31.0724 RSS 4.41361e-13
--
Received one packet! Socket: 10.1.1.1 port: 49153 at time = 31.0724
--
31.1071 RSS 1.08254e-09
31.1094 RSS 4.41361e-13
--
Received one packet! Socket: 10.1.1.1 port: 49153 at time = 31.1094
--
31.203 RSS 1.08254e-09
31.2053 RSS 4.41361e-13
--
Received one packet! Socket: 10.1.1.1 port: 49153 at time = 31.2053
--
31.3053 RSS 1.08254e-09
31.4632 RSS 4.41361e-13
--
Received one packet! Socket: 10.1.1.1 port: 49153 at time = 31.4632
--
31.4677 RSS 1.08254e-09
31.47 RSS 4.41361e-13
--
Received one packet! Socket: 10.1.1.1 port: 49153 at time = 31.47
--
31.5028 RSS 1.08254e-09
31.5051 RSS 4.41361e-13
--
Received one packet! Socket: 10.1.1.1 port: 49153 at time = 31.5051
--
31.6036 RSS 1.08254e-09
31.6059 RSS 4.41361e-13
--
Received one packet! Socket: 10.1.1.1 port: 49153 at time = 31.6059
--
31.7059 RSS 1.08254e-09
31.8617 RSS 4.41361e-13
31.8617 PRSS 2.16465e-09
--
Received one packet! Socket: 10.1.1.1 port: 49153 at time = 31.8617
--
31.8653 RSS 1.08254e-09
31.8676 RSS 4.41361e-13
31.8676 PRSS 1.08254e-09
--
Received one packet! Socket: 10.1.1.1 port: 49153 at time = 31.8676
--
31.9064 RSS 1.08254e-09
31.9087 RSS 4.41361e-13
--
Received one packet! Socket: 10.1.1.1 port: 49153 at time = 31.9087
--
32.0079 RSS 1.08254e-09
32.0102 RSS 4.41361e-13
--
Received one packet! Socket: 10.1.1.1 port: 49153 at time = 32.0102
--
32.1102 RSS 1.08254e-09
32.2682 PRSS 1.67228e-09
--
Received one packet! Socket: 10.1.1.1 port: 49153 at time = 32.2682
--
32.3097 RSS 4.41361e-13
32.3097 PRSS 1.08254e-09
--
Received one packet! Socket: 10.1.1.1 port: 49153 at time = 32.3097
--
32.4064 RSS 1.08254e-09
32.4087 RSS 4.41361e-13
--
Received one packet! Socket: 10.1.1.1 port: 49153 at time = 32.4087
--
32.5087 RSS 1.08254e-09
32.6685 PRSS 1.91846e-09
--
Received one packet! Socket: 10.1.1.1 port: 49153 at time = 32.6685
--
32.709 RSS 4.41361e-13
32.709 PRSS 1.08254e-09
--
Received one packet! Socket: 10.1.1.1 port: 49153 at time = 32.709
--
32.8064 RSS 1.08254e-09
32.8087 RSS 4.41361e-13
--
Received one packet! Socket: 10.1.1.1 port: 49153 at time = 32.8087
--
32.9087 RSS 1.08254e-09
33.078 PRSS 2.16465e-09
--
Received one packet! Socket: 10.1.1.1 port: 49153 at time = 33.078
--
33.1042 RSS 4.41361e-13
33.1042 PRSS 1.08254e-09
--
Received one packet! Socket: 10.1.1.1 port: 49153 at time = 33.1042
--
33.2021 RSS 1.08254e-09
33.2044 RSS 4.41361e-13
--
Received one packet! Socket: 10.1.1.1 port: 49153 at time = 33.2044
--
33.3044 RSS 1.08254e-09
33.4667 RSS 4.41361e-13
33.4667 PRSS 2.90125e-09
--
Received one packet! Socket: 10.1.1.1 port: 49153 at time = 33.4667
--
33.5014 RSS 1.08254e-09
33.5037 RSS 4.41361e-13
33.5037 PRSS 1.08254e-09
--
Received one packet! Socket: 10.1.1.1 port: 49153 at time = 33.5037
--
33.6008 RSS 1.08254e-09
33.6031 RSS 4.41361e-13
--
Received one packet! Socket: 10.1.1.1 port: 49153 at time = 33.6031
--
33.7031 RSS 1.08254e-09
33.8772 PRSS 1.43063e-09
--
Received one packet! Socket: 10.1.1.1 port: 49153 at time = 33.8772
--
33.9086 RSS 4.41361e-13
33.9086 PRSS 1.08254e-09
--
Received one packet! Socket: 10.1.1.1 port: 49153 at time = 33.9086
--
34.0077 RSS 1.08254e-09
34.01 RSS 4.41361e-13
--
Received one packet! Socket: 10.1.1.1 port: 49153 at time = 34.01
--
34.11 RSS 1.08254e-09
34.2722 RSS 4.41361e-13
--
Received one packet! Socket: 10.1.1.1 port: 49153 at time = 34.2722
--
34.2729 RSS 1.08254e-09
34.2752 RSS 4.41361e-13
--
Received one packet! Socket: 10.1.1.1 port: 49153 at time = 34.2752
--
34.3014 RSS 1.08254e-09
34.3037 RSS 4.41361e-13
--
Received one packet! Socket: 10.1.1.1 port: 49153 at time = 34.3037
--
34.4003 RSS 1.08254e-09
34.4026 RSS 4.41361e-13
--
Received one packet! Socket: 10.1.1.1 port: 49153 at time = 34.4026
--
34.5026 RSS 1.08254e-09
34.6626 RSS 4.41361e-13
34.6626 PRSS 2.16465e-09
--
Received one packet! Socket: 10.1.1.1 port: 49153 at time = 34.6626
--
34.6691 RSS 1.08254e-09
34.6714 RSS 4.41361e-13
34.6714 PRSS 1.08254e-09
--
Received one packet! Socket: 10.1.1.1 port: 49153 at time = 34.6714
--
34.7071 RSS 1.08254e-09
34.7094 RSS 4.41361e-13
--
Received one packet! Socket: 10.1.1.1 port: 49153 at time = 34.7094
--
34.8011 RSS 1.08254e-09
34.8034 RSS 4.41361e-13
--
Received one packet! Socket: 10.1.1.1 port: 49153 at time = 34.8034
--
34.9034 RSS 1.08254e-09
35.0718 RSS 4.41361e-13
--
Received one packet! Socket: 10.1.1.1 port: 49153 at time = 35.0718
--
35.0723 RSS 1.08254e-09
35.0746 RSS 4.41361e-13
--
Received one packet! Socket: 10.1.1.1 port: 49153 at time = 35.0746
--
35.1011 RSS 1.08254e-09
35.1034 RSS 4.41361e-13
--
Received one packet! Socket: 10.1.1.1 port: 49153 at time = 35.1034
--
35.2026 RSS 1.08254e-09
35.2049 RSS 4.41361e-13
--
Received one packet! Socket: 10.1.1.1 port: 49153 at time = 35.2049
--
35.3049 RSS 1.08254e-09
35.4678 RSS 4.41361e-13
--
Received one packet! Socket: 10.1.1.1 port: 49153 at time = 35.4678
--
35.4684 RSS 1.08254e-09
35.4707 RSS 4.41361e-13
--
Received one packet! Socket: 10.1.1.1 port: 49153 at time = 35.4707
--
35.5072 RSS 1.08254e-09
35.5095 RSS 4.41361e-13
--
Received one packet! Socket: 10.1.1.1 port: 49153 at time = 35.5095
--
35.6067 RSS 1.08254e-09
35.609 RSS 4.41361e-13
--
Received one packet! Socket: 10.1.1.1 port: 49153 at time = 35.609
--
35.709 RSS 1.08254e-09
35.8675 RSS 4.41361e-13
35.8675 PRSS 2.16465e-09
--
Received one packet! Socket: 10.1.1.1 port: 49153 at time = 35.8675
--
35.8705 RSS 1.08254e-09
35.8728 RSS 4.41361e-13
35.8728 PRSS 1.08254e-09
--
Received one packet! Socket: 10.1.1.1 port: 49153 at time = 35.8728
--
35.9025 RSS 1.08254e-09
35.9048 RSS 4.41361e-13
--
Received one packet! Socket: 10.1.1.1 port: 49153 at time = 35.9048
--
36.0085 RSS 1.08254e-09
36.0108 RSS 4.41361e-13
--
Received one packet! Socket: 10.1.1.1 port: 49153 at time = 36.0108
--
36.1108 RSS 1.08254e-09
36.2681 RSS 4.41361e-13
--
Received one packet! Socket: 10.1.1.1 port: 49153 at time = 36.2681
--
36.2738 RSS 1.08254e-09
36.2761 RSS 4.41361e-13
--
Received one packet! Socket: 10.1.1.1 port: 49153 at time = 36.2761
--
36.3067 RSS 1.08254e-09
36.309 RSS 4.41361e-13
--
Received one packet! Socket: 10.1.1.1 port: 49153 at time = 36.309
--
36.4023 RSS 1.08254e-09
36.4046 RSS 4.41361e-13
--
Received one packet! Socket: 10.1.1.1 port: 49153 at time = 36.4046
--
36.5046 RSS 1.08254e-09
36.677 PRSS 1.57667e-09
--
Received one packet! Socket: 10.1.1.1 port: 49153 at time = 36.677
--
36.7024 RSS 4.41361e-13
36.7024 PRSS 1.08254e-09
--
Received one packet! Socket: 10.1.1.1 port: 49153 at time = 36.7024
--
36.8094 RSS 1.08254e-09
36.8117 RSS 4.41361e-13
--
Received one packet! Socket: 10.1.1.1 port: 49153 at time = 36.8117
--
36.9117 RSS 1.08254e-09
37.0756 RSS 4.41361e-13
--
Received one packet! Socket: 10.1.1.1 port: 49153 at time = 37.0756
--
37.0833 RSS 1.08254e-09
37.0856 RSS 4.41361e-13
--
Received one packet! Socket: 10.1.1.1 port: 49153 at time = 37.0856
--
37.1076 RSS 1.08254e-09
37.1099 RSS 4.41361e-13
--
Received one packet! Socket: 10.1.1.1 port: 49153 at time = 37.1099
--
37.2032 RSS 1.08254e-09
37.2055 RSS 4.41361e-13
--
Received one packet! Socket: 10.1.1.1 port: 49153 at time = 37.2055
--
37.3055 RSS 1.08254e-09
37.4835 PRSS 1.80664e-09
--
Received one packet! Socket: 10.1.1.1 port: 49153 at time = 37.4835
--
37.5034 RSS 4.41361e-13
37.5034 PRSS 1.08254e-09
--
Received one packet! Socket: 10.1.1.1 port: 49153 at time = 37.5034
--
37.6002 RSS 1.08254e-09
37.6025 RSS 4.41361e-13
--
Received one packet! Socket: 10.1.1.1 port: 49153 at time = 37.6025
--
37.7025 RSS 1.08254e-09
37.8819 PRSS 2.03537e-09
--
Received one packet! Socket: 10.1.1.1 port: 49153 at time = 37.8819
--
37.908 RSS 4.41361e-13
37.908 PRSS 1.08254e-09
--
Received one packet! Socket: 10.1.1.1 port: 49153 at time = 37.908
--
38.008 RSS 1.08254e-09
38.0103 RSS 4.41361e-13
--
Received one packet! Socket: 10.1.1.1 port: 49153 at time = 38.0103
--
38.1103 RSS 1.08254e-09
38.2765 RSS 4.41361e-13
--
Received one packet! Socket: 10.1.1.1 port: 49153 at time = 38.2765
--
38.2795 RSS 1.08254e-09
38.2818 RSS 4.41361e-13
--
Received one packet! Socket: 10.1.1.1 port: 49153 at time = 38.2818
--
38.3053 RSS 1.08254e-09
38.3076 RSS 4.41361e-13
--
Received one packet! Socket: 10.1.1.1 port: 49153 at time = 38.3076
--
38.4098 RSS 1.08254e-09
38.4121 RSS 4.41361e-13
--
Received one packet! Socket: 10.1.1.1 port: 49153 at time = 38.4121
--
38.5121 RSS 1.08254e-09
38.68 PRSS 1.90183e-09
--
Received one packet! Socket: 10.1.1.1 port: 49153 at time = 38.68
--
38.7042 RSS 4.41361e-13
38.7042 PRSS 1.08254e-09
--
Received one packet! Socket: 10.1.1.1 port: 49153 at time = 38.7042
--
38.8016 RSS 1.08254e-09
38.8039 RSS 4.41361e-13
--
Received one packet! Socket: 10.1.1.1 port: 49153 at time = 38.8039
--
38.9039 RSS 1.08254e-09
39.0837 PRSS 1.93602e-09
--
Received one packet! Socket: 10.1.1.1 port: 49153 at time = 39.0837
--
39.1084 RSS 4.41361e-13
39.1084 PRSS 1.08254e-09
--
Received one packet! Socket: 10.1.1.1 port: 49153 at time = 39.1084
--
39.2085 RSS 1.08254e-09
39.2108 RSS 4.41361e-13
--
Received one packet! Socket: 10.1.1.1 port: 49153 at time = 39.2108
--
39.3108 RSS 1.08254e-09
39.4809 PRSS 1.37854e-09
--
Received one packet! Socket: 10.1.1.1 port: 49153 at time = 39.4809
--
39.5043 RSS 4.41361e-13
39.5043 PRSS 1.08254e-09
--
Received one packet! Socket: 10.1.1.1 port: 49153 at time = 39.5043
--
39.6057 RSS 1.08254e-09
39.608 RSS 4.41361e-13
--
Received one packet! Socket: 10.1.1.1 port: 49153 at time = 39.608
--
39.708 RSS 1.08254e-09
39.8788 RSS 4.41361e-13
--
Received one packet! Socket: 10.1.1.1 port: 49153 at time = 39.8788
--
39.8822 RSS 1.08254e-09
39.8845 RSS 4.41361e-13
--
Received one packet! Socket: 10.1.1.1 port: 49153 at time = 39.8845
--
39.9033 RSS 1.08254e-09
39.9056 RSS 4.41361e-13
--
Received one packet! Socket: 10.1.1.1 port: 49153 at time = 39.9056
--
40.0088 RSS 1.08254e-09
40.0111 RSS 4.41361e-13
--
Received one packet! Socket: 10.1.1.1 port: 49153 at time = 40.0111
--
40.1111 RSS 1.08254e-09
40.2779 RSS 4.41361e-13
--
Received one packet! Socket: 10.1.1.1 port: 49153 at time = 40.2779
--
40.2844 RSS 1.08254e-09
40.2867 RSS 4.41361e-13
--
Received one packet! Socket: 10.1.1.1 port: 49153 at time = 40.2867
--
40.3041 RSS 1.08254e-09
40.3064 RSS 4.41361e-13
--
Received one packet! Socket: 10.1.1.1 port: 49153 at time = 40.3064
--
40.4046 RSS 1.08254e-09
40.4069 RSS 4.41361e-13
--
Received one packet! Socket: 10.1.1.1 port: 49153 at time = 40.4069
--
40.5069 RSS 1.08254e-09
40.6806 PRSS 1.4465e-09
--
Received one packet! Socket: 10.1.1.1 port: 49153 at time = 40.6806
--
40.7054 RSS 4.41361e-13
40.7054 PRSS 1.08254e-09
--
Received one packet! Socket: 10.1.1.1 port: 49153 at time = 40.7054
--
40.8084 RSS 1.08254e-09
40.8107 RSS 4.41361e-13
--
Received one packet! Socket: 10.1.1.1 port: 49153 at time = 40.8107
--
40.9107 RSS 1.08254e-09
41.0835 RSS 4.41361e-13
--
Received one packet! Socket: 10.1.1.1 port: 49153 at time = 41.0835
--
41.0931 RSS 1.08254e-09
41.0954 RSS 4.41361e-13
--
Received one packet! Socket: 10.1.1.1 port: 49153 at time = 41.0954
--
41.1042 RSS 1.08254e-09
41.1065 RSS 4.41361e-13
--
Received one packet! Socket: 10.1.1.1 port: 49153 at time = 41.1065
--
41.2071 RSS 1.08254e-09
41.2094 RSS 4.41361e-13
--
Received one packet! Socket: 10.1.1.1 port: 49153 at time = 41.2094
--
41.3094 RSS 1.08254e-09
41.488 RSS 4.41361e-13
--
Received one packet! Socket: 10.1.1.1 port: 49153 at time = 41.488
--
41.4928 RSS 1.08254e-09
41.4951 RSS 4.41361e-13
--
Received one packet! Socket: 10.1.1.1 port: 49153 at time = 41.4951
--
41.5096 RSS 1.08254e-09
41.5119 RSS 4.41361e-13
--
Received one packet! Socket: 10.1.1.1 port: 49153 at time = 41.5119
--
41.6021 RSS 1.08254e-09
41.6044 RSS 4.41361e-13
--
Received one packet! Socket: 10.1.1.1 port: 49153 at time = 41.6044
--
41.7044 RSS 1.08254e-09
41.8882 PRSS 1.28542e-09
--
Received one packet! Socket: 10.1.1.1 port: 49153 at time = 41.8882
--
41.9044 RSS 4.41361e-13
41.9044 PRSS 1.08254e-09
--
Received one packet! Socket: 10.1.1.1 port: 49153 at time = 41.9044
--
42.0077 RSS 1.08254e-09
42.01 RSS 4.41361e-13
--
Received one packet! Socket: 10.1.1.1 port: 49153 at time = 42.01
--
42.11 RSS 1.08254e-09
42.2877 RSS 4.41361e-13
--
Received one packet! Socket: 10.1.1.1 port: 49153 at time = 42.2877
--
42.2888 RSS 1.08254e-09
42.2911 RSS 4.41361e-13
--
Received one packet! Socket: 10.1.1.1 port: 49153 at time = 42.2911
--
42.3095 RSS 1.08254e-09
42.3118 RSS 4.41361e-13
--
Received one packet! Socket: 10.1.1.1 port: 49153 at time = 42.3118
--
42.4087 RSS 1.08254e-09
42.411 RSS 4.41361e-13
--
Received one packet! Socket: 10.1.1.1 port: 49153 at time = 42.411
--
42.511 RSS 1.08254e-09
42.6876 RSS 4.41361e-13
--
Received one packet! Socket: 10.1.1.1 port: 49153 at time = 42.6876
--
42.6925 RSS 1.08254e-09
42.6948 RSS 4.41361e-13
--
Received one packet! Socket: 10.1.1.1 port: 49153 at time = 42.6948
--
42.7075 RSS 1.08254e-09
42.7098 RSS 4.41361e-13
--
Received one packet! Socket: 10.1.1.1 port: 49153 at time = 42.7098
--
42.8058 RSS 1.08254e-09
42.8082 RSS 4.41361e-13
--
Received one packet! Socket: 10.1.1.1 port: 49153 at time = 42.8082
--
42.9082 RSS 1.08254e-09
43.0882 RSS 4.41361e-13
--
Received one packet! Socket: 10.1.1.1 port: 49153 at time = 43.0882
--
43.0888 RSS 1.08254e-09
43.0911 RSS 4.41361e-13
--
Received one packet! Socket: 10.1.1.1 port: 49153 at time = 43.0911
--
43.1031 RSS 1.08254e-09
43.1054 RSS 4.41361e-13
--
Received one packet! Socket: 10.1.1.1 port: 49153 at time = 43.1054
--
43.2093 RSS 1.08254e-09
43.2116 RSS 4.41361e-13
--
Received one packet! Socket: 10.1.1.1 port: 49153 at time = 43.2116
--
43.3116 RSS 1.08254e-09
43.4971 PRSS 1.08947e-09
--
Received one packet! Socket: 10.1.1.1 port: 49153 at time = 43.4971
--
43.5046 RSS 4.41361e-13
43.5046 PRSS 1.08254e-09
--
Received one packet! Socket: 10.1.1.1 port: 49153 at time = 43.5046
--
43.6058 RSS 1.08254e-09
43.6081 RSS 4.41361e-13
--
Received one packet! Socket: 10.1.1.1 port: 49153 at time = 43.6081
--
43.7081 RSS 1.08254e-09
43.888 RSS 4.41361e-13
--
Received one packet! Socket: 10.1.1.1 port: 49153 at time = 43.888
--
43.8908 RSS 1.08254e-09
43.8931 RSS 4.41361e-13
--
Received one packet! Socket: 10.1.1.1 port: 49153 at time = 43.8931
--
43.9081 RSS 1.08254e-09
43.9104 RSS 4.41361e-13
--
Received one packet! Socket: 10.1.1.1 port: 49153 at time = 43.9104
--
44.0088 RSS 1.08254e-09
44.0111 RSS 4.41361e-13
--
Received one packet! Socket: 10.1.1.1 port: 49153 at time = 44.0111
--
44.1111 RSS 1.08254e-09
44.2899 RSS 4.41361e-13
--
Received one packet! Socket: 10.1.1.1 port: 49153 at time = 44.2899
--
44.2929 RSS 1.08254e-09
44.2952 RSS 4.41361e-13
--
Received one packet! Socket: 10.1.1.1 port: 49153 at time = 44.2952
--
44.3047 RSS 1.08254e-09
44.307 RSS 4.41361e-13
--
Received one packet! Socket: 10.1.1.1 port: 49153 at time = 44.307
--
44.4034 RSS 1.08254e-09
44.4057 RSS 4.41361e-13
--
Received one packet! Socket: 10.1.1.1 port: 49153 at time = 44.4057
--
44.5057 RSS 1.08254e-09
44.6871 RSS -1.08166e-09
44.6871 PRSS 1.17252e-09
--
Received one packet! Socket: 10.1.1.1 port: 49153 at time = 44.6871
--
44.6922 RSS 1.08254e-09
44.6945 RSS 4.41361e-13
44.6945 PRSS 1.08254e-09
--
Received one packet! Socket: 10.1.1.1 port: 49153 at time = 44.6945
--
44.7023 RSS 1.08254e-09
44.7046 RSS 4.41361e-13
--
Received one packet! Socket: 10.1.1.1 port: 49153 at time = 44.7046
--
44.8098 RSS 1.08254e-09
44.8121 RSS 4.41361e-13
--
Received one packet! Socket: 10.1.1.1 port: 49153 at time = 44.8121
--
44.9121 RSS 1.08254e-09
45.0866 RSS 4.41361e-13
45.0866 PRSS 2.16465e-09
--
Received one packet! Socket: 10.1.1.1 port: 49153 at time = 45.0866
--
45.088 RSS 1.08254e-09
45.0903 RSS -1.08166e-09
45.0903 PRSS 1.12283e-09
--
Received one packet! Socket: 10.1.1.1 port: 49153 at time = 45.0903
--
45.1009 RSS 1.08254e-09
45.1032 RSS 4.41361e-13
45.1032 PRSS 1.08254e-09
--
Received one packet! Socket: 10.1.1.1 port: 49153 at time = 45.1032
--
45.2059 RSS 1.08254e-09
45.2082 RSS 4.41361e-13
--
Received one packet! Socket: 10.1.1.1 port: 49153 at time = 45.2082
--
45.3082 RSS 1.08254e-09
45.4834 RSS 4.41361e-13
45.4834 PRSS 2.16465e-09
--
Received one packet! Socket: 10.1.1.1 port: 49153 at time = 45.4834
--
45.4868 RSS 1.08254e-09
45.4891 RSS -1.08166e-09
45.4891 PRSS 1.91671e-09
--
Received one packet! Socket: 10.1.1.1 port: 49153 at time = 45.4891
--
45.5091 RSS 1.08254e-09
45.5114 RSS 4.41361e-13
45.5114 PRSS 1.08254e-09
--
Received one packet! Socket: 10.1.1.1 port: 49153 at time = 45.5114
--
45.6088 RSS 1.08254e-09
45.6111 RSS 4.41361e-13
--
Received one packet! Socket: 10.1.1.1 port: 49153 at time = 45.6111
--
45.7111 RSS 1.08254e-09
45.8925 RSS 4.41361e-13
--
Received one packet! Socket: 10.1.1.1 port: 49153 at time = 45.8925
--
45.899 RSS 1.08254e-09
45.9013 PRSS 1.54625e-09
--
Received one packet! Socket: 10.1.1.1 port: 49153 at time = 45.9013
--
46.0013 RSS 4.41361e-13
46.0096 RSS 1.08254e-09
46.0119 RSS 4.41361e-13
46.0119 PRSS 1.08254e-09
--
Received one packet! Socket: 10.1.1.1 port: 49153 at time = 46.0119
--
46.1119 RSS 1.08254e-09
46.2897 PRSS 1.14784e-09
--
Received one packet! Socket: 10.1.1.1 port: 49153 at time = 46.2897
--
46.3108 RSS 4.41361e-13
46.3108 PRSS 1.08254e-09
--
Received one packet! Socket: 10.1.1.1 port: 49153 at time = 46.3108
--
46.4029 RSS 1.08254e-09
46.4052 RSS 4.41361e-13
--
Received one packet! Socket: 10.1.1.1 port: 49153 at time = 46.4052
--
46.5052 RSS 1.08254e-09
46.7015 PRSS 1.8666e-09
--
Received one packet! Socket: 10.1.1.1 port: 49153 at time = 46.7015
--
46.7076 RSS 4.41361e-13
46.7076 PRSS 1.08254e-09
--
Received one packet! Socket: 10.1.1.1 port: 49153 at time = 46.7076
--
46.8074 RSS 1.08254e-09
46.8097 RSS 4.41361e-13
--
Received one packet! Socket: 10.1.1.1 port: 49153 at time = 46.8097
--
46.9097 RSS 1.08254e-09
47.095 RSS 4.41361e-13
--
Received one packet! Socket: 10.1.1.1 port: 49153 at time = 47.095
--
47.0962 RSS 1.08254e-09
47.0985 RSS 4.41361e-13
--
Received one packet! Socket: 10.1.1.1 port: 49153 at time = 47.0985
--
47.1064 RSS 1.08254e-09
47.1087 RSS 4.41361e-13
--
Received one packet! Socket: 10.1.1.1 port: 49153 at time = 47.1087
--
47.2006 RSS 1.08254e-09
47.2029 RSS 4.41361e-13
--
Received one packet! Socket: 10.1.1.1 port: 49153 at time = 47.2029
--
47.3029 RSS 1.08254e-09
47.4978 PRSS 2.16465e-09
--
Received one packet! Socket: 10.1.1.1 port: 49153 at time = 47.4978
--
47.5052 RSS 4.41361e-13
47.5052 PRSS 1.08254e-09
--
Received one packet! Socket: 10.1.1.1 port: 49153 at time = 47.5052
--
47.6078 RSS 1.08254e-09
47.6101 RSS 4.41361e-13
--
Received one packet! Socket: 10.1.1.1 port: 49153 at time = 47.6101
--
47.7101 RSS 1.08254e-09
47.8919 RSS 4.41361e-13
--
Received one packet! Socket: 10.1.1.1 port: 49153 at time = 47.8919
--
47.8955 RSS 1.08254e-09
47.8978 RSS 4.41361e-13
--
Received one packet! Socket: 10.1.1.1 port: 49153 at time = 47.8978
--
47.9025 RSS 1.08254e-09
47.9048 RSS 4.41361e-13
--
Received one packet! Socket: 10.1.1.1 port: 49153 at time = 47.9048
--
48.0049 RSS 1.08254e-09
48.0072 RSS 4.41361e-13
--
Received one packet! Socket: 10.1.1.1 port: 49153 at time = 48.0072
--
48.1072 RSS 1.08254e-09
48.2917 RSS 4.41361e-13
48.2917 PRSS 2.16465e-09
--
Received one packet! Socket: 10.1.1.1 port: 49153 at time = 48.2917
--
48.2921 RSS 1.08254e-09
48.2944 RSS -1.08166e-09
48.2944 PRSS 1.08254e-09
--
Received one packet! Socket: 10.1.1.1 port: 49153 at time = 48.2944
--
48.3051 RSS 1.08254e-09
48.3074 RSS 4.41361e-13
--
Received one packet! Socket: 10.1.1.1 port: 49153 at time = 48.3074
--
48.4089 RSS 1.08254e-09
48.4112 RSS 4.41361e-13
--
Received one packet! Socket: 10.1.1.1 port: 49153 at time = 48.4112
--
48.5112 RSS 1.08254e-09
48.6922 RSS 4.41361e-13
--
Received one packet! Socket: 10.1.1.1 port: 49153 at time = 48.6922
--
48.6943 RSS 1.08254e-09
48.6966 RSS 4.41361e-13
--
Received one packet! Socket: 10.1.1.1 port: 49153 at time = 48.6966
--
48.7096 RSS 1.08254e-09
48.7119 RSS 4.41361e-13
--
Received one packet! Socket: 10.1.1.1 port: 49153 at time = 48.7119
--
48.8037 RSS 1.08254e-09
48.806 RSS 4.41361e-13
--
Received one packet! Socket: 10.1.1.1 port: 49153 at time = 48.806
--
48.906 RSS 1.08254e-09
49.0935 RSS 4.41361e-13
--
Received one packet! Socket: 10.1.1.1 port: 49153 at time = 49.0935
--
49.1 RSS 1.08254e-09
49.1023 RSS 4.41361e-13
--
Received one packet! Socket: 10.1.1.1 port: 49153 at time = 49.1023
--
49.1094 RSS 1.08254e-09
49.1117 RSS 4.41361e-13
--
Received one packet! Socket: 10.1.1.1 port: 49153 at time = 49.1117
--
49.2055 RSS 1.08254e-09
49.2078 RSS 4.41361e-13
--
Received one packet! Socket: 10.1.1.1 port: 49153 at time = 49.2078
--
49.3078 RSS 1.08254e-09
49.4953 RSS 4.41361e-13
--
Received one packet! Socket: 10.1.1.1 port: 49153 at time = 49.4953
--
49.4992 RSS 1.08254e-09
49.5015 RSS 4.41361e-13
--
Received one packet! Socket: 10.1.1.1 port: 49153 at time = 49.5015
--
49.5045 RSS 1.08254e-09
49.5068 RSS 4.41361e-13
--
Received one packet! Socket: 10.1.1.1 port: 49153 at time = 49.5068
--
49.6051 RSS 1.08254e-09
49.6074 RSS 4.41361e-13
--
Received one packet! Socket: 10.1.1.1 port: 49153 at time = 49.6074
--
49.7074 RSS 1.08254e-09
49.8978 PRSS 1.51287e-09
--
Received one packet! Socket: 10.1.1.1 port: 49153 at time = 49.8978
--
49.9067 RSS 4.41361e-13
49.9067 PRSS 1.08254e-09
--
Received one packet! Socket: 10.1.1.1 port: 49153 at time = 49.9067
--
50.0094 RSS 1.08254e-09
50.0117 RSS 4.41361e-13
--
Received one packet! Socket: 10.1.1.1 port: 49153 at time = 50.0117
--
50.1117 RSS 1.08254e-09
50.2968 RSS -1.08166e-09
50.2968 PRSS 1.42552e-09
--
Received one packet! Socket: 10.1.1.1 port: 49153 at time = 50.2968
--
50.298 RSS 1.08254e-09
50.3003 RSS 4.41361e-13
50.3003 PRSS 1.08254e-09
--
Received one packet! Socket: 10.1.1.1 port: 49153 at time = 50.3003
--
50.3081 RSS 1.08254e-09
50.3104 RSS 4.41361e-13
--
Received one packet! Socket: 10.1.1.1 port: 49153 at time = 50.3104
--
50.4009 RSS 1.08254e-09
50.4032 RSS 4.41361e-13
--
Received one packet! Socket: 10.1.1.1 port: 49153 at time = 50.4032
--
50.5032 RSS 1.08254e-09
50.6999 RSS 4.41361e-13
--
Received one packet! Socket: 10.1.1.1 port: 49153 at time = 50.6999
--
50.7006 RSS 1.08254e-09
50.7029 PRSS 2.16465e-09
--
Received one packet! Socket: 10.1.1.1 port: 49153 at time = 50.7029
--
50.8029 RSS 4.41361e-13
50.8068 RSS 1.08254e-09
50.8091 RSS 4.41361e-13
50.8091 PRSS 1.08254e-09
--
Received one packet! Socket: 10.1.1.1 port: 49153 at time = 50.8091
--
50.9091 RSS 1.08254e-09
51.1082 PRSS 2.06192e-09
--
Received one packet! Socket: 10.1.1.1 port: 49153 at time = 51.1082
--
51.1108 RSS -1.08166e-09
51.1108 PRSS 1.08254e-09
--
Received one packet! Socket: 10.1.1.1 port: 49153 at time = 51.1108
--
51.2026 RSS 1.08254e-09
51.205 RSS 4.41361e-13
--
Received one packet! Socket: 10.1.1.1 port: 49153 at time = 51.205
--
51.305 RSS 1.08254e-09
51.5022 PRSS 1.26672e-09
--
Received one packet! Socket: 10.1.1.1 port: 49153 at time = 51.5022
--
51.506 RSS -1.08166e-09
51.506 PRSS 1.24633e-09
--
Received one packet! Socket: 10.1.1.1 port: 49153 at time = 51.506
--
51.6002 RSS 1.08254e-09
51.6025 RSS 4.41361e-13
51.6025 PRSS 1.08254e-09
--
Received one packet! Socket: 10.1.1.1 port: 49153 at time = 51.6025
--
51.7025 RSS 1.08254e-09
51.9025 RSS 2.16465e-09
51.9025 PRSS 2.30441e-09
--
Received one packet! Socket: 10.1.1.1 port: 49153 at time = 51.9025
--
52.0025 RSS 4.41361e-13
52.0077 RSS 1.08254e-09
52.01 RSS 4.41361e-13
52.01 PRSS 1.08254e-09
--
Received one packet! Socket: 10.1.1.1 port: 49153 at time = 52.01
--
52.1042 RSS 1.08254e-09
52.1065 RSS 4.41361e-13
52.1065 PRSS 2.16465e-09
--
Received one packet! Socket: 10.1.1.1 port: 49153 at time = 52.1065
--
52.3065 RSS -1.08166e-09
52.3077 RSS 1.08254e-09
52.31 RSS 4.41361e-13
52.31 PRSS 1.08254e-09
--
Received one packet! Socket: 10.1.1.1 port: 49153 at time = 52.31
--
52.3114 RSS 1.08254e-09
52.3137 RSS 4.41361e-13
--
Received one packet! Socket: 10.1.1.1 port: 49153 at time = 52.3137
--
52.4091 RSS 1.08254e-09
52.4114 RSS 4.41361e-13
--
Received one packet! Socket: 10.1.1.1 port: 49153 at time = 52.4114
--
52.5114 RSS 1.08254e-09
52.7034 RSS 4.41361e-13
--
Received one packet! Socket: 10.1.1.1 port: 49153 at time = 52.7034
--
52.7087 RSS 1.08254e-09
52.711 RSS 4.41361e-13
--
Received one packet! Socket: 10.1.1.1 port: 49153 at time = 52.711
--
52.7113 RSS 1.08254e-09
52.7136 RSS 4.41361e-13
--
Received one packet! Socket: 10.1.1.1 port: 49153 at time = 52.7136
--
52.8085 RSS 1.08254e-09
52.8108 RSS 4.41361e-13
--
Received one packet! Socket: 10.1.1.1 port: 49153 at time = 52.8108
--
52.9108 RSS 1.08254e-09
53.1033 RSS 2.16465e-09
53.1033 PRSS 2.15103e-09
--
Received one packet! Socket: 10.1.1.1 port: 49153 at time = 53.1033
--
53.2029 RSS 1.08254e-09
53.2052 RSS 4.41361e-13
53.2052 PRSS 1.08254e-09
--
Received one packet! Socket: 10.1.1.1 port: 49153 at time = 53.2052
--
53.3052 RSS 1.08254e-09
53.506 PRSS 1.20466e-09
--
Received one packet! Socket: 10.1.1.1 port: 49153 at time = 53.506
--
53.5117 RSS 4.41361e-13
53.5117 PRSS 1.08254e-09
--
Received one packet! Socket: 10.1.1.1 port: 49153 at time = 53.5117
--
53.6074 RSS 1.08254e-09
53.6097 RSS 4.41361e-13
--
Received one packet! Socket: 10.1.1.1 port: 49153 at time = 53.6097
--
53.7097 RSS 1.08254e-09
53.9002 RSS 4.41361e-13
53.9002 PRSS 2.16465e-09
--
Received one packet! Socket: 10.1.1.1 port: 49153 at time = 53.9002
--
53.9023 RSS 1.08254e-09
53.9046 RSS 4.41361e-13
53.9046 PRSS 1.87891e-09
--
Received one packet! Socket: 10.1.1.1 port: 49153 at time = 53.9046
--
54.0046 RSS -1.08166e-09
54.0098 RSS 1.08254e-09
54.0121 RSS 4.41361e-13
54.0121 PRSS 1.08254e-09
--
Received one packet! Socket: 10.1.1.1 port: 49153 at time = 54.0121
--
54.1121 RSS 1.08254e-09
54.3033 RSS -1.08166e-09
54.3033 PRSS 2.03966e-09
--
Received one packet! Socket: 10.1.1.1 port: 49153 at time = 54.3033
--
54.3056 RSS 1.08254e-09
54.3079 RSS 4.41361e-13
54.3079 PRSS 1.08254e-09
--
Received one packet! Socket: 10.1.1.1 port: 49153 at time = 54.3079
--
54.3123 RSS 1.08254e-09
54.3146 RSS 4.41361e-13
--
Received one packet! Socket: 10.1.1.1 port: 49153 at time = 54.3146
--
54.4055 RSS 1.08254e-09
54.4078 RSS 4.41361e-13
--
Received one packet! Socket: 10.1.1.1 port: 49153 at time = 54.4078
--
54.5078 RSS 1.08254e-09
54.71 PRSS 1.45087e-09
--
Received one packet! Socket: 10.1.1.1 port: 49153 at time = 54.71
--
54.7146 RSS 4.41361e-13
54.7146 PRSS 1.08254e-09
--
Received one packet! Socket: 10.1.1.1 port: 49153 at time = 54.7146
--
54.8053 RSS 1.08254e-09
54.8076 RSS 4.41361e-13
--
Received one packet! Socket: 10.1.1.1 port: 49153 at time = 54.8076
--
54.9023 RSS 1.08254e-09
54.9046 RSS 4.41361e-13
54.9046 PRSS 2.16465e-09
--
Received one packet! Socket: 10.1.1.1 port: 49153 at time = 54.9046
--
55.1042 RSS 1.08254e-09
55.1065 RSS 4.41361e-13
55.1065 PRSS 1.08254e-09
--
Received one packet! Socket: 10.1.1.1 port: 49153 at time = 55.1065
--
55.1099 RSS 1.08254e-09
55.1122 RSS 4.41361e-13
--
Received one packet! Socket: 10.1.1.1 port: 49153 at time = 55.1122
--
55.2086 RSS 1.08254e-09
55.2109 RSS 4.41361e-13
--
Received one packet! Socket: 10.1.1.1 port: 49153 at time = 55.2109
--
55.3065 RSS 1.08254e-09
55.3088 RSS 4.41361e-13
55.3088 PRSS 2.16465e-09
--
Received one packet! Socket: 10.1.1.1 port: 49153 at time = 55.3088
--
55.5088 RSS -1.08166e-09
55.5131 RSS 1.08254e-09
55.5154 PRSS 1.13942e-09
--
Received one packet! Socket: 10.1.1.1 port: 49153 at time = 55.5154
--
55.609 RSS 4.41361e-13
55.609 PRSS 1.08254e-09
--
Received one packet! Socket: 10.1.1.1 port: 49153 at time = 55.609
--
55.709 RSS 1.08254e-09
55.9092 RSS 2.16465e-09
55.9092 PRSS 1.55069e-09
--
Received one packet! Socket: 10.1.1.1 port: 49153 at time = 55.9092
--
56.0037 RSS 1.08254e-09
56.006 RSS 4.41361e-13
56.006 PRSS 1.08254e-09
--
Received one packet! Socket: 10.1.1.1 port: 49153 at time = 56.006
--
56.106 RSS 1.08254e-09
56.1108 RSS 4.41361e-13
56.1108 PRSS 2.16465e-09
--
Received one packet! Socket: 10.1.1.1 port: 49153 at time = 56.1108
--
56.3072 RSS 1.08254e-09
56.3095 PRSS 1.72263e-09
--
Received one packet! Socket: 10.1.1.1 port: 49153 at time = 56.3095
--
56.4065 RSS 4.41361e-13
56.4065 PRSS 1.08254e-09
--
Received one packet! Socket: 10.1.1.1 port: 49153 at time = 56.4065
--
56.5065 RSS 1.08254e-09
56.509 RSS 4.41361e-13
56.509 PRSS 2.16465e-09
--
Received one packet! Socket: 10.1.1.1 port: 49153 at time = 56.509
--
56.709 RSS -1.08166e-09
56.7107 RSS 1.08254e-09
56.713 PRSS 1.29025e-09
--
Received one packet! Socket: 10.1.1.1 port: 49153 at time = 56.713
--
56.8082 RSS 4.41361e-13
56.8082 PRSS 1.08254e-09
--
Received one packet! Socket: 10.1.1.1 port: 49153 at time = 56.8082
--
56.9082 RSS 1.08254e-09
56.9114 RSS 4.41361e-13
56.9114 PRSS 2.16465e-09
--
Received one packet! Socket: 10.1.1.1 port: 49153 at time = 56.9114
--
57.1083 RSS 1.08254e-09
57.1106 PRSS 1.61066e-09
--
Received one packet! Socket: 10.1.1.1 port: 49153 at time = 57.1106
--
57.206 RSS 4.41361e-13
57.206 PRSS 1.08254e-09
--
Received one packet! Socket: 10.1.1.1 port: 49153 at time = 57.206
--
57.3031 RSS 1.08254e-09
57.3054 RSS 4.41361e-13
57.3054 PRSS 2.16465e-09
--
Received one packet! Socket: 10.1.1.1 port: 49153 at time = 57.3054
--
57.5038 RSS 1.08254e-09
57.5061 RSS 4.41361e-13
57.5061 PRSS 1.08254e-09
--
Received one packet! Socket: 10.1.1.1 port: 49153 at time = 57.5061
--
57.5129 RSS 1.08254e-09
57.5152 RSS 4.41361e-13
--
Received one packet! Socket: 10.1.1.1 port: 49153 at time = 57.5152
--
57.6066 RSS 1.08254e-09
57.6089 RSS 4.41361e-13
--
Received one packet! Socket: 10.1.1.1 port: 49153 at time = 57.6089
--
57.7073 RSS 1.08254e-09
57.7096 RSS 4.41361e-13
--
Received one packet! Socket: 10.1.1.1 port: 49153 at time = 57.7096
--
57.8096 RSS 1.08254e-09
57.9205 PRSS 1.84297e-09
--
Received one packet! Socket: 10.1.1.1 port: 49153 at time = 57.9205
--
58.0064 RSS 4.41361e-13
58.0064 PRSS 1.08254e-09
--
Received one packet! Socket: 10.1.1.1 port: 49153 at time = 58.0064
--
58.1091 RSS 1.08254e-09
58.1114 RSS 4.41361e-13
58.1114 PRSS 2.16465e-09
--
Received one packet! Socket: 10.1.1.1 port: 49153 at time = 58.1114
--
58.3114 RSS -1.08166e-09
58.312 RSS 1.08254e-09
58.3143 PRSS 1.63378e-09
--
Received one packet! Socket: 10.1.1.1 port: 49153 at time = 58.3143
--
58.4089 RSS 4.41361e-13
58.4089 PRSS 1.08254e-09
--
Received one packet! Socket: 10.1.1.1 port: 49153 at time = 58.4089
--
58.5075 RSS 1.08254e-09
58.5098 RSS 4.41361e-13
58.5098 PRSS 2.16465e-09
--
Received one packet! Socket: 10.1.1.1 port: 49153 at time = 58.5098
--
58.7073 RSS 1.08254e-09
58.7096 RSS 4.41361e-13
58.7096 PRSS 1.08254e-09
--
Received one packet! Socket: 10.1.1.1 port: 49153 at time = 58.7096
--
58.7096 RSS 1.08254e-09
58.7119 RSS 4.41361e-13
--
Received one packet! Socket: 10.1.1.1 port: 49153 at time = 58.7119
--
58.8068 RSS 1.08254e-09
58.8091 RSS 4.41361e-13
--
Received one packet! Socket: 10.1.1.1 port: 49153 at time = 58.8091
--
58.9046 RSS 1.08254e-09
58.907 RSS 4.41361e-13
--
Received one packet! Socket: 10.1.1.1 port: 49153 at time = 58.907
--
59.007 RSS 1.08254e-09
59.1198 PRSS 1.78229e-09
--
Received one packet! Socket: 10.1.1.1 port: 49153 at time = 59.1198
--
59.2042 RSS 4.41361e-13
59.2042 PRSS 1.08254e-09
--
Received one packet! Socket: 10.1.1.1 port: 49153 at time = 59.2042
--
59.3016 RSS 1.08254e-09
59.3039 RSS 4.41361e-13
--
Received one packet! Socket: 10.1.1.1 port: 49153 at time = 59.3039
--
59.4039 RSS 1.08254e-09
59.5078 RSS 4.41361e-13
--
Received one packet! Socket: 10.1.1.1 port: 49153 at time = 59.5078
--
59.5135 RSS 1.08254e-09
59.5159 RSS 4.41361e-13
--
Received one packet! Socket: 10.1.1.1 port: 49153 at time = 59.5159
--
59.6015 RSS 1.08254e-09
59.6038 RSS 4.41361e-13
--
Received one packet! Socket: 10.1.1.1 port: 49153 at time = 59.6038
--
59.7038 RSS 1.08254e-09
59.7079 RSS 4.41361e-13
59.7079 PRSS 2.16465e-09
--
Received one packet! Socket: 10.1.1.1 port: 49153 at time = 59.7079
--
59.9079 RSS -1.08166e-09
59.912 RSS 1.08254e-09
59.9143 RSS 4.41361e-13
59.9143 PRSS 1.08254e-09
--
Received one packet! Socket: 10.1.1.1 port: 49153 at time = 59.9143
--
59.9147 RSS 1.08254e-09
59.917 RSS 4.41361e-13
--
Received one packet! Socket: 10.1.1.1 port: 49153 at time = 59.917
--
Actual PDR = 1
Actual RSS = 2.16465e-09
Actual Average Packet RSS = 3.0876e-09
