0 RSS 4.41361e-13
0.00186476 RSS 1.08254e-09
0.00416876 RSS 4.41361e-13
0.00416876 PRSS 2.16465e-09
--
Received one packet! Socket: 10.1.1.1 port: 49153 at time = 0.00416876
--
0.204169 RSS -1.08166e-09
0.504169 RSS 1.08254e-09
0.704169 RSS 4.41361e-13
0.904169 RSS 1.08254e-09
1.0103 RSS 4.41361e-13
1.0103 PRSS 1.08254e-09
--
Received one packet! Socket: 10.1.1.1 port: 49153 at time = 1.0103
--
1.3103 RSS 1.08254e-09
1.5103 RSS 4.41361e-13
1.6103 RSS 1.08254e-09
1.8103 RSS 4.41361e-13
2.00055 RSS 1.08254e-09
2.00285 RSS 4.41361e-13
--
Received one packet! Socket: 10.1.1.1 port: 49153 at time = 2.00285
--
2.10285 RSS 1.08254e-09
2.30285 RSS 4.41361e-13
2.50285 RSS 1.08254e-09
2.70285 RSS 4.41361e-13
2.90285 RSS 1.08254e-09
3.01906 RSS 4.41361e-13
--
Received one packet! Socket: 10.1.1.1 port: 49153 at time = 3.01906
--
4.00706 RSS 1.08254e-09
4.00937 RSS 4.41361e-13
--
Received one packet! Socket: 10.1.1.1 port: 49153 at time = 4.00937
--
5.00116 RSS 1.08254e-09
5.00346 RSS 4.41361e-13
--
Received one packet! Socket: 10.1.1.1 port: 49153 at time = 5.00346
--
6.0066 RSS 1.08254e-09
6.0089 RSS 4.41361e-13
--
Received one packet! Socket: 10.1.1.1 port: 49153 at time = 6.0089
--
7.00154 RSS 1.08254e-09
7.00384 RSS 4.41361e-13
--
Received one packet! Socket: 10.1.1.1 port: 49153 at time = 7.00384
--
8.00426 RSS 1.08254e-09
8.00656 RSS 4.41361e-13
--
Received one packet! Socket: 10.1.1.1 port: 49153 at time = 8.00656
--
9.00274 RSS 1.08254e-09
9.00504 RSS 4.41361e-13
--
Received one packet! Socket: 10.1.1.1 port: 49153 at time = 9.00504
--
10.0031 RSS 1.08254e-09
10.0054 RSS 4.41361e-13
--
Received one packet! Socket: 10.1.1.1 port: 49153 at time = 10.0054
--
11.0059 RSS 1.08254e-09
11.0082 RSS 4.41361e-13
--
Received one packet! Socket: 10.1.1.1 port: 49153 at time = 11.0082
--
12.002 RSS 1.08254e-09
12.0043 RSS 4.41361e-13
--
Received one packet! Socket: 10.1.1.1 port: 49153 at time = 12.0043
--
13.0023 RSS 1.08254e-09
13.0046 RSS 4.41361e-13
--
Received one packet! Socket: 10.1.1.1 port: 49153 at time = 13.0046
--
14.0095 RSS 1.08254e-09
14.0118 RSS 4.41361e-13
--
Received one packet! Socket: 10.1.1.1 port: 49153 at time = 14.0118
--
15.0039 RSS 1.08254e-09
15.0062 RSS 4.41361e-13
--
Received one packet! Socket: 10.1.1.1 port: 49153 at time = 15.0062
--
16.0053 RSS 1.08254e-09
16.0076 RSS 4.41361e-13
--
Received one packet! Socket: 10.1.1.1 port: 49153 at time = 16.0076
--
17.0014 RSS 1.08254e-09
17.0037 RSS 4.41361e-13
--
Received one packet! Socket: 10.1.1.1 port: 49153 at time = 17.0037
--
18.0025 RSS 1.08254e-09
18.0048 RSS 4.41361e-13
--
Received one packet! Socket: 10.1.1.1 port: 49153 at time = 18.0048
--
19.0069 RSS 1.08254e-09
19.0092 RSS 4.41361e-13
--
Received one packet! Socket: 10.1.1.1 port: 49153 at time = 19.0092
--
20.0062 RSS 1.08254e-09
20.0085 RSS 4.41361e-13
--
Received one packet! Socket: 10.1.1.1 port: 49153 at time = 20.0085
--
21.0051 RSS 1.08254e-09
21.0074 RSS 4.41361e-13
--
Received one packet! Socket: 10.1.1.1 port: 49153 at time = 21.0074
--
21.1074 RSS 1.08254e-09
21.3074 RSS 4.41361e-13
21.5074 RSS 1.08254e-09
21.7074 RSS 4.41361e-13
21.9074 RSS 1.08254e-09
22.0429 RSS 4.41361e-13
22.0429 PRSS 2.16465e-09
--
Received one packet! Socket: 10.1.1.1 port: 49153 at time = 22.0429
--
22.1429 RSS -1.08166e-09
22.2429 RSS 1.08254e-09
22.4429 RSS 4.41361e-13
22.7429 RSS 1.08254e-09
22.9429 RSS 4.41361e-13
23.0038 RSS 1.08254e-09
23.0061 RSS 4.41361e-13
23.0061 PRSS 1.08254e-09
--
Received one packet! Socket: 10.1.1.1 port: 49153 at time = 23.0061
--
23.1061 RSS 1.08254e-09
23.3061 RSS 4.41361e-13
23.5061 RSS 1.08254e-09
23.7061 RSS 4.41361e-13
23.9061 RSS 1.08254e-09
24.0547 RSS 4.41361e-13
--
Received one packet! Socket: 10.1.1.1 port: 49153 at time = 24.0547
--
24.2547 RSS 1.08254e-09
24.4547 RSS 4.41361e-13
24.6547 RSS 1.08254e-09
24.8547 RSS 4.41361e-13
25.0021 RSS 1.08254e-09
25.0044 RSS 4.41361e-13
--
Received one packet! Socket: 10.1.1.1 port: 49153 at time = 25.0044
--
25.1044 RSS 1.08254e-09
25.3044 RSS 4.41361e-13
25.5044 RSS 1.08254e-09
25.7044 RSS 4.41361e-13
25.9044 RSS 1.08254e-09
26.0548 RSS 4.41361e-13
--
Received one packet! Socket: 10.1.1.1 port: 49153 at time = 26.0548
--
26.2548 RSS 1.08254e-09
26.4548 RSS 4.41361e-13
26.6548 RSS 1.08254e-09
26.8548 RSS 4.41361e-13
27.0057 RSS 1.08254e-09
27.008 RSS 4.41361e-13
--
Received one packet! Socket: 10.1.1.1 port: 49153 at time = 27.008
--
27.108 RSS 1.08254e-09
27.308 RSS 4.41361e-13
27.508 RSS 1.08254e-09
27.708 RSS 4.41361e-13
27.908 RSS 1.08254e-09
28.0582 RSS 4.41361e-13
--
Received one packet! Socket: 10.1.1.1 port: 49153 at time = 28.0582
--
28.2582 RSS 1.08254e-09
28.4582 RSS 4.41361e-13
28.6582 RSS 1.08254e-09
28.8582 RSS 4.41361e-13
29.0038 RSS 1.08254e-09
29.0061 RSS 4.41361e-13
--
Received one packet! Socket: 10.1.1.1 port: 49153 at time = 29.0061
--
29.1061 RSS 1.08254e-09
29.3061 RSS 4.41361e-13
29.5061 RSS 1.08254e-09
29.7061 RSS 4.41361e-13
29.9061 RSS 1.08254e-09
30.0677 RSS 4.41361e-13
--
Received one packet! Socket: 10.1.1.1 port: 49153 at time = 30.0677
--
30.2677 RSS 1.08254e-09
30.4677 RSS 4.41361e-13
30.6677 RSS 1.08254e-09
30.8677 RSS 4.41361e-13
31.0066 RSS 1.08254e-09
31.0089 RSS 4.41361e-13
--
Received one packet! Socket: 10.1.1.1 port: 49153 at time = 31.0089
--
31.1089 RSS 1.08254e-09
31.3089 RSS 4.41361e-13
31.5089 RSS 1.08254e-09
31.7089 RSS 4.41361e-13
31.9089 RSS 1.08254e-09
32.0667 RSS 4.41361e-13
--
Received one packet! Socket: 10.1.1.1 port: 49153 at time = 32.0667
--
32.2667 RSS 1.08254e-09
32.4667 RSS 4.41361e-13
32.6667 RSS 1.08254e-09
32.8667 RSS 4.41361e-13
33.0035 RSS 1.08254e-09
33.0059 RSS 4.41361e-13
--
Received one packet! Socket: 10.1.1.1 port: 49153 at time = 33.0059
--
33.1059 RSS 1.08254e-09
33.3059 RSS 4.41361e-13
33.5059 RSS 1.08254e-09
33.7059 RSS 4.41361e-13
33.9059 RSS 1.08254e-09
34.0766 RSS 4.41361e-13
--
Received one packet! Socket: 10.1.1.1 port: 49153 at time = 34.0766
--
34.2766 RSS 1.08254e-09
34.4766 RSS 4.41361e-13
34.6766 RSS 1.08254e-09
34.8766 RSS 4.41361e-13
35.0053 RSS 1.08254e-09
35.0076 RSS 4.41361e-13
--
Received one packet! Socket: 10.1.1.1 port: 49153 at time = 35.0076
--
35.1076 RSS 1.08254e-09
35.3076 RSS 4.41361e-13
35.5076 RSS 1.08254e-09
35.7076 RSS 4.41361e-13
35.9076 RSS 1.08254e-09
36.0793 RSS 4.41361e-13
--
Received one packet! Socket: 10.1.1.1 port: 49153 at time = 36.0793
--
36.2793 RSS 1.08254e-09
36.4793 RSS 4.41361e-13
36.6793 RSS 1.08254e-09
36.8793 RSS 4.41361e-13
37.0036 RSS 1.08254e-09
37.0059 RSS 4.41361e-13
--
Received one packet! Socket: 10.1.1.1 port: 49153 at time = 37.0059
--
37.1059 RSS 1.08254e-09
37.3059 RSS 4.41361e-13
37.5059 RSS 1.08254e-09
37.7059 RSS 4.41361e-13
37.9059 RSS 1.08254e-09
38.0838 RSS 4.41361e-13
--
Received one packet! Socket: 10.1.1.1 port: 49153 at time = 38.0838
--
38.2838 RSS 1.08254e-09
38.4838 RSS 4.41361e-13
38.6838 RSS 1.08254e-09
38.8838 RSS 4.41361e-13
39.0065 RSS 1.08254e-09
39.0088 RSS 4.41361e-13
--
Received one packet! Socket: 10.1.1.1 port: 49153 at time = 39.0088
--
39.1088 RSS 1.08254e-09
39.3088 RSS 4.41361e-13
39.5088 RSS 1.08254e-09
39.7088 RSS 4.41361e-13
39.9088 RSS 1.08254e-09
40.0817 RSS 4.41361e-13
--
Received one packet! Socket: 10.1.1.1 port: 49153 at time = 40.0817
--
40.2817 RSS 1.08254e-09
40.4817 RSS 4.41361e-13
40.6817 RSS 1.08254e-09
40.8817 RSS 4.41361e-13
41.0011 RSS 1.08254e-09
41.0034 RSS 4.41361e-13
--
Received one packet! Socket: 10.1.1.1 port: 49153 at time = 41.0034
--
41.1034 RSS 1.08254e-09
41.3034 RSS 4.41361e-13
41.5034 RSS 1.08254e-09
41.7034 RSS 4.41361e-13
41.9034 RSS 1.08254e-09
42.0804 RSS -1.08166e-09
42.0804 PRSS 1.30312e-09
--
Received one packet! Socket: 10.1.1.1 port: 49153 at time = 42.0804
--
42.2804 RSS 1.08254e-09
42.4804 RSS 4.41361e-13
42.7804 RSS 1.08254e-09
42.9804 RSS 4.41361e-13
43.0053 RSS 1.08254e-09
43.0076 RSS 4.41361e-13
43.0076 PRSS 1.08254e-09
--
Received one packet! Socket: 10.1.1.1 port: 49153 at time = 43.0076
--
43.1076 RSS 1.08254e-09
43.3076 RSS 4.41361e-13
43.5076 RSS 1.08254e-09
43.7076 RSS 4.41361e-13
43.9076 RSS 1.08254e-09
44.0953 RSS 4.41361e-13
--
Received one packet! Socket: 10.1.1.1 port: 49153 at time = 44.0953
--
44.2953 RSS 1.08254e-09
44.4953 RSS 4.41361e-13
44.6953 RSS 1.08254e-09
44.8953 RSS 4.41361e-13
45.0082 RSS 1.08254e-09
45.0105 RSS 4.41361e-13
--
Received one packet! Socket: 10.1.1.1 port: 49153 at time = 45.0105
--
45.1105 RSS 1.08254e-09
45.3105 RSS 4.41361e-13
45.5105 RSS 1.08254e-09
45.7105 RSS 4.41361e-13
45.9105 RSS 1.08254e-09
46.0936 RSS 4.41361e-13
--
Received one packet! Socket: 10.1.1.1 port: 49153 at time = 46.0936
--
46.2936 RSS 1.08254e-09
46.4936 RSS 4.41361e-13
46.6936 RSS 1.08254e-09
46.8936 RSS 4.41361e-13
47.0066 RSS 1.08254e-09
47.0089 RSS 4.41361e-13
--
Received one packet! Socket: 10.1.1.1 port: 49153 at time = 47.0089
--
47.1089 RSS 1.08254e-09
47.3089 RSS 4.41361e-13
47.5089 RSS 1.08254e-09
47.7089 RSS 4.41361e-13
47.9089 RSS 1.08254e-09
48.1028 RSS 4.41361e-13
--
Received one packet! Socket: 10.1.1.1 port: 49153 at time = 48.1028
--
48.3028 RSS 1.08254e-09
48.5028 RSS 4.41361e-13
48.7028 RSS 1.08254e-09
48.9028 RSS 4.41361e-13
49.0046 RSS 1.08254e-09
49.0069 RSS 4.41361e-13
--
Received one packet! Socket: 10.1.1.1 port: 49153 at time = 49.0069
--
49.1069 RSS 1.08254e-09
49.3069 RSS 4.41361e-13
49.5069 RSS 1.08254e-09
49.7069 RSS 4.41361e-13
49.9069 RSS 1.08254e-09
50.0983 RSS 4.41361e-13
--
Received one packet! Socket: 10.1.1.1 port: 49153 at time = 50.0983
--
50.2983 RSS 1.08254e-09
50.4983 RSS 4.41361e-13
50.6983 RSS 1.08254e-09
50.8983 RSS 4.41361e-13
51.0006 RSS 1.08254e-09
51.0029 RSS 4.41361e-13
--
Received one packet! Socket: 10.1.1.1 port: 49153 at time = 51.0029
--
51.1029 RSS 1.08254e-09
51.3029 RSS 4.41361e-13
51.5029 RSS 1.08254e-09
51.7029 RSS 4.41361e-13
51.9029 RSS 1.08254e-09
52.0985 RSS 4.41361e-13
--
Received one packet! Socket: 10.1.1.1 port: 49153 at time = 52.0985
--
52.3985 RSS 1.08254e-09
52.5985 RSS 4.41361e-13
52.7985 RSS 1.08254e-09
52.9985 RSS 4.41361e-13
53.006 RSS 1.08254e-09
53.0083 RSS 4.41361e-13
--
Received one packet! Socket: 10.1.1.1 port: 49153 at time = 53.0083
--
53.1083 RSS 1.08254e-09
53.3083 RSS 4.41361e-13
53.5083 RSS 1.08254e-09
53.7083 RSS 4.41361e-13
53.9083 RSS 1.08254e-09
54.0996 RSS 4.41361e-13
54.0996 PRSS 2.16465e-09
--
Received one packet! Socket: 10.1.1.1 port: 49153 at time = 54.0996
--
54.1996 RSS -1.08166e-09
54.3996 RSS 1.08254e-09
54.5996 RSS 4.41361e-13
54.6996 RSS 1.08254e-09
54.8996 RSS 4.41361e-13
55.0048 RSS 1.08254e-09
55.0071 RSS 4.41361e-13
55.0071 PRSS 1.08254e-09
--
Received one packet! Socket: 10.1.1.1 port: 49153 at time = 55.0071
--
55.1071 RSS 1.08254e-09
55.3071 RSS 4.41361e-13
55.5071 RSS 1.08254e-09
55.7071 RSS 4.41361e-13
55.9071 RSS 1.08254e-09
56.1071 RSS 4.41361e-13
56.1129 RSS 1.08254e-09
56.1152 RSS 4.41361e-13
--
Received one packet! Socket: 10.1.1.1 port: 49153 at time = 56.1152
--
56.3152 RSS 1.08254e-09
56.5152 RSS 4.41361e-13
56.7152 RSS 1.08254e-09
56.9152 RSS 4.41361e-13
57.0058 RSS 1.08254e-09
57.0081 RSS 4.41361e-13
--
Received one packet! Socket: 10.1.1.1 port: 49153 at time = 57.0081
--
57.1081 RSS 1.08254e-09
57.3081 RSS 4.41361e-13
57.5081 RSS 1.08254e-09
57.7081 RSS 4.41361e-13
57.9081 RSS 1.08254e-09
58.1081 RSS 4.41361e-13
58.1113 RSS 1.08254e-09
58.1136 RSS 4.41361e-13
--
Received one packet! Socket: 10.1.1.1 port: 49153 at time = 58.1136
--
58.3136 RSS 1.08254e-09
58.5136 RSS 4.41361e-13
58.7136 RSS 1.08254e-09
58.9136 RSS 4.41361e-13
59.0029 RSS 1.08254e-09
59.0052 RSS 4.41361e-13
--
Received one packet! Socket: 10.1.1.1 port: 49153 at time = 59.0052
--
59.2052 RSS 1.08254e-09
59.4052 RSS 4.41361e-13
59.6052 RSS 1.08254e-09
59.8052 RSS 4.41361e-13
Actual PDR = 1
Actual RSS = 1.08254e-09
Actual Average Packet RSS = 2.16465e-09
