0 RSS 4.41361e-13
0.000570033 RSS 1.08254e-09
0.00287403 RSS 4.41361e-13
0.00287403 PRSS 1.94823e-09
--
Received one packet! Socket: 10.1.1.1 port: 49153 at time = 0.00287403
--
0.102874 RSS 8.66123e-10
1 RSS 1.08254e-09
1.0023 RSS 4.41361e-13
--
Received one packet! Socket: 10.1.1.1 port: 49153 at time = 1.0023
--
1.1023 RSS 8.66123e-10
2 RSS 1.08254e-09
2.0023 RSS 4.41361e-13
--
Received one packet! Socket: 10.1.1.1 port: 49153 at time = 2.0023
--
2.1023 RSS 8.66123e-10
3 RSS 1.08254e-09
3.0023 RSS 4.41361e-13
3.0023 PRSS 1.94823e-09
--
Received one packet! Socket: 10.1.1.1 port: 49153 at time = 3.0023
--
3.1023 RSS 8.66123e-10
4 RSS 1.08254e-09
4.0023 RSS 4.41361e-13
4.0023 PRSS 1.94823e-09
--
Received one packet! Socket: 10.1.1.1 port: 49153 at time = 4.0023
--
4.1023 RSS 8.66123e-10
5 RSS 1.08254e-09
5.0023 RSS 4.41361e-13
--
Received one packet! Socket: 10.1.1.1 port: 49153 at time = 5.0023
--
5.1023 RSS 8.66123e-10
6 RSS 1.08254e-09
6.0023 RSS 4.41361e-13
6.0023 PRSS 1.94823e-09
--
Received one packet! Socket: 10.1.1.1 port: 49153 at time = 6.0023
--
6.1023 RSS 8.66123e-10
7 RSS 1.08254e-09
7.0023 RSS 4.41361e-13
7.0023 PRSS 1.94823e-09
--
Received one packet! Socket: 10.1.1.1 port: 49153 at time = 7.0023
--
7.1023 RSS 8.66123e-10
8 RSS 1.08254e-09
8.0023 RSS 4.41361e-13
8.0023 PRSS 1.94823e-09
--
Received one packet! Socket: 10.1.1.1 port: 49153 at time = 8.0023
--
8.1023 RSS 8.66123e-10
9 RSS 1.08254e-09
9.0023 RSS 4.41361e-13
9.0023 PRSS 1.94823e-09
--
Received one packet! Socket: 10.1.1.1 port: 49153 at time = 9.0023
--
9.1023 RSS 8.66123e-10
10 RSS 1.08254e-09
10.0023 RSS 4.41361e-13
--
Received one packet! Socket: 10.1.1.1 port: 49153 at time = 10.0023
--
10.1023 RSS 8.66123e-10
11 RSS 1.08254e-09
11.0023 RSS 4.41361e-13
11.0023 PRSS 1.94823e-09
--
Received one packet! Socket: 10.1.1.1 port: 49153 at time = 11.0023
--
11.1023 RSS 8.66123e-10
12 RSS 1.08254e-09
12.0023 RSS 4.41361e-13
12.0023 PRSS 1.94823e-09
--
Received one packet! Socket: 10.1.1.1 port: 49153 at time = 12.0023
--
12.1023 RSS 8.66123e-10
13 RSS 1.08254e-09
13.0023 RSS 4.41361e-13
13.0023 PRSS 1.94823e-09
--
Received one packet! Socket: 10.1.1.1 port: 49153 at time = 13.0023
--
13.1023 RSS 8.66123e-10
14 RSS 1.08254e-09
14.0023 RSS 4.41361e-13
14.0023 PRSS 1.94823e-09
--
Received one packet! Socket: 10.1.1.1 port: 49153 at time = 14.0023
--
14.1023 RSS 8.66123e-10
15 RSS 1.08254e-09
15.0023 RSS 4.41361e-13
--
Received one packet! Socket: 10.1.1.1 port: 49153 at time = 15.0023
--
15.1023 RSS 8.66123e-10
16 RSS 1.08254e-09
16.0023 RSS 4.41361e-13
--
Received one packet! Socket: 10.1.1.1 port: 49153 at time = 16.0023
--
16.1023 RSS 8.66123e-10
17 RSS 1.08254e-09
17.0023 RSS 4.41361e-13
--
Received one packet! Socket: 10.1.1.1 port: 49153 at time = 17.0023
--
17.1023 RSS 8.66123e-10
18 RSS 1.08254e-09
18.0023 RSS 4.41361e-13
18.0023 PRSS 1.94823e-09
--
Received one packet! Socket: 10.1.1.1 port: 49153 at time = 18.0023
--
18.1023 RSS 8.66123e-10
19 RSS 1.08254e-09
19.0023 RSS 4.41361e-13
19.0023 PRSS 1.94823e-09
--
Received one packet! Socket: 10.1.1.1 port: 49153 at time = 19.0023
--
19.1023 RSS 8.66123e-10
20 RSS 1.08254e-09
20.0023 RSS 4.41361e-13
--
Received one packet! Socket: 10.1.1.1 port: 49153 at time = 20.0023
--
20.1023 RSS 8.66123e-10
21 RSS 1.08254e-09
21.0023 RSS 4.41361e-13
21.0023 PRSS 1.94823e-09
--
Received one packet! Socket: 10.1.1.1 port: 49153 at time = 21.0023
--
21.1023 RSS 8.66123e-10
22 RSS 1.08254e-09
22.0023 RSS 4.41361e-13
22.0023 PRSS 1.94823e-09
--
Received one packet! Socket: 10.1.1.1 port: 49153 at time = 22.0023
--
22.1023 RSS 8.66123e-10
23 RSS 1.08254e-09
23.0023 RSS 4.41361e-13
--
Received one packet! Socket: 10.1.1.1 port: 49153 at time = 23.0023
--
23.1023 RSS 8.66123e-10
24 RSS 1.08254e-09
24.0023 RSS 4.41361e-13
--
Received one packet! Socket: 10.1.1.1 port: 49153 at time = 24.0023
--
24.1023 RSS 8.66123e-10
25 RSS 1.08254e-09
25.0023 RSS 4.41361e-13
--
Received one packet! Socket: 10.1.1.1 port: 49153 at time = 25.0023
--
25.1023 RSS 8.66123e-10
26 RSS 1.08254e-09
26.0023 RSS 4.41361e-13
26.0023 PRSS 1.94823e-09
--
Received one packet! Socket: 10.1.1.1 port: 49153 at time = 26.0023
--
26.1023 RSS 8.66123e-10
27 RSS 1.08254e-09
27.0023 RSS 4.41361e-13
27.0023 PRSS 1.94823e-09
--
Received one packet! Socket: 10.1.1.1 port: 49153 at time = 27.0023
--
27.1023 RSS 8.66123e-10
28 RSS 1.08254e-09
28.0023 RSS 4.41361e-13
28.0023 PRSS 1.94823e-09
--
Received one packet! Socket: 10.1.1.1 port: 49153 at time = 28.0023
--
28.1023 RSS 8.66123e-10
29 RSS 1.08254e-09
29.0023 RSS 4.41361e-13
29.0023 PRSS 1.94823e-09
--
Received one packet! Socket: 10.1.1.1 port: 49153 at time = 29.0023
--
29.1023 RSS 8.66123e-10
30 RSS 1.08254e-09
30.0023 RSS 4.41361e-13
--
Received one packet! Socket: 10.1.1.1 port: 49153 at time = 30.0023
--
30.1023 RSS 8.66123e-10
31 RSS 1.08254e-09
31.0023 RSS 4.41361e-13
31.0023 PRSS 1.94823e-09
--
Received one packet! Socket: 10.1.1.1 port: 49153 at time = 31.0023
--
31.1023 RSS 8.66123e-10
32 RSS 1.08254e-09
32.0023 RSS 4.41361e-13
32.0023 PRSS 1.94823e-09
--
Received one packet! Socket: 10.1.1.1 port: 49153 at time = 32.0023
--
32.1023 RSS 8.66123e-10
33 RSS 1.08254e-09
33.0023 RSS 4.41361e-13
33.0023 PRSS 1.94823e-09
--
Received one packet! Socket: 10.1.1.1 port: 49153 at time = 33.0023
--
33.1023 RSS 8.66123e-10
34 RSS 1.08254e-09
34.0023 RSS 4.41361e-13
34.0023 PRSS 1.94823e-09
--
Received one packet! Socket: 10.1.1.1 port: 49153 at time = 34.0023
--
34.1023 RSS 8.66123e-10
35 RSS 1.08254e-09
35.0023 RSS 4.41361e-13
--
Received one packet! Socket: 10.1.1.1 port: 49153 at time = 35.0023
--
35.1023 RSS 8.66123e-10
36 RSS 1.08254e-09
36.0023 RSS 4.41361e-13
36.0023 PRSS 1.94823e-09
--
Received one packet! Socket: 10.1.1.1 port: 49153 at time = 36.0023
--
36.1023 RSS 8.66123e-10
37 RSS 1.08254e-09
37.0023 RSS 4.41361e-13
37.0023 PRSS 1.94823e-09
--
Received one packet! Socket: 10.1.1.1 port: 49153 at time = 37.0023
--
37.1023 RSS 8.66123e-10
38 RSS 1.08254e-09
38.0023 RSS 4.41361e-13
--
Received one packet! Socket: 10.1.1.1 port: 49153 at time = 38.0023
--
38.1023 RSS 8.66123e-10
39 RSS 1.08254e-09
39.0023 RSS 4.41361e-13
--
Received one packet! Socket: 10.1.1.1 port: 49153 at time = 39.0023
--
39.1023 RSS 8.66123e-10
40 RSS 1.08254e-09
40.0023 RSS 4.41361e-13
--
Received one packet! Socket: 10.1.1.1 port: 49153 at time = 40.0023
--
40.1023 RSS 8.66123e-10
41 RSS 1.08254e-09
41.0023 RSS 4.41361e-13
41.0023 PRSS 1.94823e-09
--
Received one packet! Socket: 10.1.1.1 port: 49153 at time = 41.0023
--
41.1023 RSS 8.66123e-10
42 RSS 1.08254e-09
42.0023 RSS 4.41361e-13
42.0023 PRSS 1.94823e-09
--
Received one packet! Socket: 10.1.1.1 port: 49153 at time = 42.0023
--
42.1023 RSS 8.66123e-10
43 RSS 1.08254e-09
43.0023 RSS 4.41361e-13
43.0023 PRSS 1.94823e-09
--
Received one packet! Socket: 10.1.1.1 port: 49153 at time = 43.0023
--
43.1023 RSS 8.66123e-10
44 RSS 1.08254e-09
44.0023 RSS 4.41361e-13
--
Received one packet! Socket: 10.1.1.1 port: 49153 at time = 44.0023
--
44.1023 RSS 8.66123e-10
45 RSS 1.08254e-09
45.0023 RSS 4.41361e-13
45.0023 PRSS 1.94823e-09
--
Received one packet! Socket: 10.1.1.1 port: 49153 at time = 45.0023
--
45.1023 RSS 8.66123e-10
46 RSS 1.08254e-09
46.0023 RSS 4.41361e-13
46.0023 PRSS 1.94823e-09
--
Received one packet! Socket: 10.1.1.1 port: 49153 at time = 46.0023
--
46.1023 RSS 8.66123e-10
47 RSS 1.08254e-09
47.0023 RSS 4.41361e-13
47.0023 PRSS 1.94823e-09
--
Received one packet! Socket: 10.1.1.1 port: 49153 at time = 47.0023
--
47.1023 RSS 8.66123e-10
48 RSS 1.08254e-09
48.0023 RSS 4.41361e-13
--
Received one packet! Socket: 10.1.1.1 port: 49153 at time = 48.0023
--
48.1023 RSS 8.66123e-10
49 RSS 1.08254e-09
49.0023 RSS 4.41361e-13
--
Received one packet! Socket: 10.1.1.1 port: 49153 at time = 49.0023
--
49.1023 RSS 8.66123e-10
50 RSS 1.08254e-09
50.0023 RSS 4.41361e-13
--
Received one packet! Socket: 10.1.1.1 port: 49153 at time = 50.0023
--
50.1023 RSS 8.66123e-10
51 RSS 1.08254e-09
51.0023 RSS 4.41361e-13
51.0023 PRSS 1.94823e-09
--
Received one packet! Socket: 10.1.1.1 port: 49153 at time = 51.0023
--
51.1023 RSS 8.66123e-10
52 RSS 1.08254e-09
52.0023 RSS 4.41361e-13
52.0023 PRSS 1.94823e-09
--
Received one packet! Socket: 10.1.1.1 port: 49153 at time = 52.0023
--
52.1023 RSS 8.66123e-10
53 RSS 1.08254e-09
53.0023 RSS 4.41361e-13
--
Received one packet! Socket: 10.1.1.1 port: 49153 at time = 53.0023
--
53.1023 RSS 8.66123e-10
54 RSS 1.08254e-09
54.0023 RSS 4.41361e-13
54.0023 PRSS 1.94823e-09
--
Received one packet! Socket: 10.1.1.1 port: 49153 at time = 54.0023
--
54.1023 RSS 8.66123e-10
55 RSS 1.08254e-09
55.0023 RSS 4.41361e-13
55.0023 PRSS 1.94823e-09
--
Received one packet! Socket: 10.1.1.1 port: 49153 at time = 55.0023
--
55.1023 RSS 8.66123e-10
56 RSS 1.08254e-09
56.0023 RSS 4.41361e-13
--
Received one packet! Socket: 10.1.1.1 port: 49153 at time = 56.0023
--
56.1023 RSS 8.66123e-10
57 RSS 1.08254e-09
57.0023 RSS 4.41361e-13
--
Received one packet! Socket: 10.1.1.1 port: 49153 at time = 57.0023
--
57.1023 RSS 8.66123e-10
58 RSS 1.08254e-09
58.0023 RSS 4.41361e-13
--
Received one packet! Socket: 10.1.1.1 port: 49153 at time = 58.0023
--
58.1023 RSS 8.66123e-10
59 RSS 1.08254e-09
59.0023 RSS 4.41361e-13
--
Received one packet! Socket: 10.1.1.1 port: 49153 at time = 59.0023
--
59.1023 RSS 8.66123e-10
Actual PDR = 1
Actual RSS = 1.08254e-09
Actual Average Packet RSS = 1.94823e-09
