0 RSS 4.41361e-13
0.00121738 RSS 1.08254e-09
0.00352138 RSS 4.41361e-13
0.00352138 PRSS 7.09422e-09
0.102164 RSS 1.08254e-09
0.104468 RSS 4.41361e-13
0.202825 RSS 1.08254e-09
0.205129 RSS -6.01124e-09
0.205129 PRSS 5.12756e-09
0.30248 RSS 1.08254e-09
0.304784 RSS 4.41361e-13
0.304784 PRSS 8.64125e-09
0.403958 RSS 1.08254e-09
0.406262 RSS 4.41361e-13
0.406262 PRSS 7.09422e-09
0.500655 RSS 1.08254e-09
0.502959 RSS 4.41361e-13
0.502959 PRSS 1.09149e-08
0.600699 RSS 1.08254e-09
0.603003 RSS -6.01124e-09
0.603003 PRSS 7.98162e-09
0.703003 RSS 6.01212e-09
0.704718 RSS 1.08254e-09
0.707022 RSS -1.20229e-08
0.707022 PRSS 6.53272e-09
0.804654 RSS 1.08254e-09
0.806958 RSS 6.01212e-09
0.806958 PRSS 1.31059e-08
0.902031 RSS 1.08254e-09
0.904335 RSS 4.41361e-13
0.904335 PRSS 7.09422e-09
1.00126 RSS 1.08254e-09
1.00357 RSS -6.01124e-09
1.10286 RSS 1.08254e-09
1.10516 RSS 6.01212e-09
1.10516 PRSS 1.77523e-09
1.20389 RSS 1.08254e-09
1.20619 RSS 4.41361e-13
1.20619 PRSS 7.01706e-09
1.30394 RSS 1.08254e-09
1.30625 RSS 4.41361e-13
1.30625 PRSS 1.08254e-09
--
Received one packet! Socket: 10.1.1.1 port: 49153 at time = 1.30625
--
1.40331 RSS 1.08254e-09
1.40562 RSS 4.41361e-13
1.40562 PRSS 9.74642e-09
1.50011 RSS 1.08254e-09
1.50242 RSS 4.41361e-13
1.50242 PRSS 7.09422e-09
1.60242 RSS 6.01212e-09
1.60288 RSS 1.08254e-09
1.60518 RSS -6.01124e-09
1.60518 PRSS 9.7731e-09
1.70267 RSS 1.08254e-09
1.70498 RSS 4.41361e-13
1.70498 PRSS 7.09422e-09
1.80467 RSS 1.08254e-09
1.80697 RSS -6.01124e-09
1.80697 PRSS 8.55831e-09
1.90238 RSS 1.08254e-09
1.90469 RSS 4.41361e-13
1.90469 PRSS 1.81382e-09
2.00251 RSS 1.08254e-09
2.00482 RSS 6.01212e-09
2.00482 PRSS 5.6361e-09
2.10255 RSS 1.08254e-09
2.10486 RSS 6.01212e-09
2.10486 PRSS 1.2288e-08
2.20072 RSS 1.08254e-09
2.20302 RSS -6.01124e-09
2.20302 PRSS 9.93136e-09
2.30302 RSS -6.01124e-09
2.30453 RSS 1.08254e-09
2.30684 RSS 4.41361e-13
2.30684 PRSS 7.09422e-09
2.40261 RSS 1.08254e-09
2.40491 RSS -6.01124e-09
2.40491 PRSS 7.14239e-09
2.50096 RSS 1.08254e-09
2.50326 RSS 4.41361e-13
2.50326 PRSS 7.09422e-09
2.60309 RSS 1.08254e-09
2.60539 RSS 4.41361e-13
2.60539 PRSS 1.31059e-08
2.70459 RSS 1.08254e-09
2.70689 RSS 4.41361e-13
2.70689 PRSS 7.09422e-09
2.80235 RSS 1.08254e-09
2.80465 RSS -6.01124e-09
2.80465 PRSS 8.65737e-09
2.90327 RSS 1.08254e-09
2.90557 RSS -6.01124e-09
2.90557 PRSS 5.61863e-09
3.00104 RSS 1.08254e-09
3.00334 RSS 4.41361e-13
3.00334 PRSS 1.57936e-09
3.10334 RSS 4.41361e-13
3.10405 RSS 1.08254e-09
3.10636 RSS 4.41361e-13
3.10636 PRSS 5.26193e-09
3.20052 RSS 1.08254e-09
3.20282 RSS -6.01124e-09
3.20282 PRSS 8.27474e-09
3.30061 RSS 1.08254e-09
3.30292 RSS -6.01124e-09
3.30292 PRSS 9.40205e-09
3.40197 RSS 1.08254e-09
3.40428 RSS -6.01124e-09
3.40428 PRSS 1.30932e-08
3.50296 RSS 1.08254e-09
3.50527 RSS -6.01124e-09
3.50527 PRSS 7.09422e-09
3.60331 RSS 1.08254e-09
3.60562 RSS 4.41361e-13
3.70236 RSS 1.08254e-09
3.70467 RSS -6.01124e-09
3.70467 PRSS 4.31927e-09
3.80431 RSS 1.08254e-09
3.80662 RSS 4.41361e-13
3.80662 PRSS 7.09422e-09
3.9011 RSS 1.08254e-09
3.9034 RSS 6.01212e-09
3.9034 PRSS 1.16e-08
4.00062 RSS 1.08254e-09
4.00292 RSS 6.01212e-09
4.00292 PRSS 4.65089e-09
4.10292 RSS 6.01212e-09
4.10363 RSS 1.08254e-09
4.10593 RSS -6.01124e-09
4.10593 PRSS 8.27565e-09
4.20114 RSS 1.08254e-09
4.20345 RSS 6.01212e-09
4.20345 PRSS 1.07487e-08
4.30345 RSS 4.41361e-13
4.30477 RSS 1.08254e-09
4.30707 RSS 4.41361e-13
4.30707 PRSS 1.08254e-09
--
Received one packet! Socket: 10.1.1.1 port: 49153 at time = 4.30707
--
4.40414 RSS 1.08254e-09
4.40644 RSS -6.01124e-09
4.40644 PRSS 8.06454e-09
4.50033 RSS 1.08254e-09
4.50263 RSS -6.01124e-09
4.50263 PRSS 4.23348e-09
4.60263 RSS -6.01124e-09
4.60469 RSS 1.08254e-09
4.60699 RSS 4.41361e-13
4.60699 PRSS 7.09422e-09
4.70185 RSS 1.08254e-09
4.70415 RSS 4.41361e-13
4.8004 RSS 1.08254e-09
4.80271 RSS 4.41361e-13
4.90105 RSS 1.08254e-09
4.90335 RSS -6.01124e-09
4.90335 PRSS 5.63167e-09
5.00335 RSS 4.41361e-13
5.00393 RSS 1.08254e-09
5.00623 RSS -6.01124e-09
5.00623 PRSS 6.67711e-09
5.1022 RSS 1.08254e-09
5.10451 RSS 4.41361e-13
5.10451 PRSS 7.09422e-09
5.20268 RSS 1.08254e-09
5.20498 RSS 6.01212e-09
5.20498 PRSS 1.0804e-08
5.30234 RSS 1.08254e-09
5.30465 RSS 6.01212e-09
5.30465 PRSS 7.69971e-09
5.40384 RSS 1.08254e-09
5.40614 RSS 6.01212e-09
5.40614 PRSS 9.16487e-09
5.50349 RSS 1.08254e-09
5.50579 RSS 6.01212e-09
5.50579 PRSS 1.21419e-08
5.60275 RSS 1.08254e-09
5.60505 RSS 4.41361e-13
5.60505 PRSS 5.25862e-09
5.70456 RSS 1.08254e-09
5.70687 RSS -1.20229e-08
5.70687 PRSS 5.8647e-09
5.80046 RSS 1.08254e-09
5.80276 RSS 4.41361e-13
5.80276 PRSS 5.51755e-09
5.90276 RSS 4.41361e-13
5.90489 RSS 1.08254e-09
5.90719 RSS 6.01212e-09
5.90719 PRSS 1.69251e-09
6.00457 RSS 1.08254e-09
6.00688 RSS -6.01124e-09
6.00688 PRSS 1.17297e-08
6.1034 RSS 1.08254e-09
6.1057 RSS 4.41361e-13
6.1057 PRSS 7.09422e-09
6.20374 RSS 1.08254e-09
6.20604 RSS -6.01124e-09
6.20604 PRSS 6.36274e-09
6.30411 RSS 1.08254e-09
6.30641 RSS 4.41361e-13
6.30641 PRSS 1.31059e-08
6.40045 RSS 1.08254e-09
6.40275 RSS 4.41361e-13
6.40275 PRSS 7.09422e-09
6.50275 RSS 4.41361e-13
6.50398 RSS 1.08254e-09
6.50628 RSS 6.01212e-09
6.50628 PRSS 5.18844e-09
6.60263 RSS 1.08254e-09
6.60493 RSS 1.20238e-08
6.60493 PRSS 4.17079e-09
6.7024 RSS 1.08254e-09
6.7047 RSS 6.01212e-09
6.7047 PRSS 7.09422e-09
6.80112 RSS 1.08254e-09
6.80342 RSS -6.01124e-09
6.80342 PRSS 2.48959e-09
6.90019 RSS 1.08254e-09
6.9025 RSS 6.01212e-09
6.9025 PRSS 7.97554e-09
7.0025 RSS 4.41361e-13
7.00471 RSS 1.08254e-09
7.00701 RSS 4.41361e-13
7.00701 PRSS 7.09422e-09
7.10145 RSS 1.08254e-09
7.10375 RSS 4.41361e-13
7.20078 RSS 1.08254e-09
7.20309 RSS 4.41361e-13
7.30309 RSS 6.01212e-09
7.30375 RSS 1.08254e-09
7.30605 RSS 4.41361e-13
7.40434 RSS 1.08254e-09
7.40664 RSS 6.01212e-09
7.40664 PRSS 1.14311e-08
7.50097 RSS 1.08254e-09
7.50327 RSS -6.01124e-09
7.50327 PRSS 6.73666e-09
7.60327 RSS 6.01212e-09
7.60471 RSS 1.08254e-09
7.60702 RSS -6.01124e-09
7.60702 PRSS 8.2514e-09
7.70307 RSS 1.08254e-09
7.70538 RSS 6.01212e-09
7.70538 PRSS 7.09422e-09
7.80353 RSS 1.08254e-09
7.80583 RSS 4.41361e-13
7.80583 PRSS 1.05546e-08
7.90349 RSS 1.08254e-09
7.90579 RSS 4.41361e-13
7.90579 PRSS 1.08254e-09
--
Received one packet! Socket: 10.1.1.1 port: 49153 at time = 7.90579
--
8.0025 RSS 1.08254e-09
8.0048 RSS 4.41361e-13
--
Received one packet! Socket: 10.1.1.1 port: 49153 at time = 8.0048
--
8.10047 RSS 1.08254e-09
8.10278 RSS 4.41361e-13
8.10278 PRSS 9.41326e-09
8.20058 RSS 1.08254e-09
8.20289 RSS 4.41361e-13
8.20289 PRSS 3.92235e-09
8.30154 RSS 1.08254e-09
8.30384 RSS -6.01124e-09
8.30384 PRSS 4.75213e-09
8.4038 RSS 1.08254e-09
8.40611 RSS 4.41361e-13
8.40611 PRSS 7.70863e-09
8.50352 RSS 1.08254e-09
8.50582 RSS 4.41361e-13
8.50582 PRSS 7.09422e-09
8.60402 RSS 1.08254e-09
8.60632 RSS -6.01124e-09
8.60632 PRSS 1.08254e-09
--
Received one packet! Socket: 10.1.1.1 port: 49153 at time = 8.60632
--
8.70099 RSS 1.08254e-09
8.70329 RSS 4.41361e-13
8.70329 PRSS 7.09422e-09
8.8008 RSS 1.08254e-09
8.80311 RSS -6.01124e-09
8.80311 PRSS 1.25111e-08
8.90055 RSS 1.08254e-09
8.90285 RSS -6.01124e-09
8.90285 PRSS 8.47772e-09
9.00189 RSS 1.08254e-09
9.0042 RSS -1.20229e-08
9.0042 PRSS 4.34653e-09
9.10186 RSS 1.08254e-09
9.10416 RSS 4.41361e-13
9.10416 PRSS 1.08254e-09
--
Received one packet! Socket: 10.1.1.1 port: 49153 at time = 9.10416
--
9.20366 RSS 1.08254e-09
9.20597 RSS 4.41361e-13
9.20597 PRSS 7.09422e-09
9.30213 RSS 1.08254e-09
9.30443 RSS 4.41361e-13
9.30443 PRSS 6.84518e-09
9.40075 RSS 1.08254e-09
9.40306 RSS 6.01212e-09
9.40306 PRSS 4.02786e-09
9.50292 RSS 1.08254e-09
9.50523 RSS 4.41361e-13
9.50523 PRSS 1.31059e-08
9.60468 RSS 1.08254e-09
9.60698 RSS 6.01212e-09
9.60698 PRSS 1.07127e-08
9.70345 RSS 1.08254e-09
9.70575 RSS 4.41361e-13
9.70575 PRSS 5.59208e-09
9.80207 RSS 1.08254e-09
9.80437 RSS -6.01124e-09
9.80437 PRSS 6.2042e-09
9.90437 RSS 6.01212e-09
9.90468 RSS 1.08254e-09
9.90698 RSS 4.41361e-13
9.90698 PRSS 7.09422e-09
10.0049 RSS 1.08254e-09
10.0072 RSS 4.41361e-13
10.1028 RSS 1.08254e-09
10.1051 RSS 4.41361e-13
10.2045 RSS 1.08254e-09
10.2068 RSS -6.01124e-09
10.2068 PRSS 5.94809e-09
10.3028 RSS 1.08254e-09
10.3051 RSS 6.01212e-09
10.3051 PRSS 1.1497e-09
--
Received one packet! Socket: 10.1.1.1 port: 49153 at time = 10.3051
--
10.4002 RSS 1.08254e-09
10.4025 RSS 4.41361e-13
10.4025 PRSS 7.09422e-09
10.5014 RSS 1.08254e-09
10.5037 RSS 4.41361e-13
10.6008 RSS 1.08254e-09
10.6031 RSS 4.41361e-13
10.7014 RSS 1.08254e-09
10.7037 RSS 6.01212e-09
10.7037 PRSS 8.33251e-09
10.8014 RSS 1.08254e-09
10.8037 RSS 4.41361e-13
10.8037 PRSS 1.27481e-08
10.9011 RSS 1.08254e-09
10.9034 RSS 6.01212e-09
10.9034 PRSS 4.64407e-09
11.0029 RSS 1.08254e-09
11.0052 RSS 6.01212e-09
11.0052 PRSS 1.27352e-08
11.1001 RSS 1.08254e-09
11.1024 RSS -6.01124e-09
11.1024 PRSS 3.25053e-09
11.2005 RSS 1.08254e-09
11.2028 RSS 4.41361e-13
11.2028 PRSS 1.31059e-08
11.3028 RSS 4.41361e-13
11.3035 RSS 1.08254e-09
11.3059 RSS 6.01212e-09
11.3059 PRSS 4.96191e-09
11.4018 RSS 1.08254e-09
11.4041 RSS -6.01124e-09
11.4041 PRSS 6.86025e-09
11.5041 RSS 4.41361e-13
11.5047 RSS 1.08254e-09
11.507 RSS -6.01124e-09
11.507 PRSS 3.17285e-09
11.6046 RSS 1.08254e-09
11.6069 RSS -6.01124e-09
11.6069 PRSS 2.62055e-09
11.7023 RSS 1.08254e-09
11.7046 RSS 6.01212e-09
11.7046 PRSS 1.15577e-08
11.8028 RSS 1.08254e-09
11.8051 RSS -6.01124e-09
11.8051 PRSS 5.68485e-09
11.9034 RSS 1.08254e-09
11.9058 RSS 6.01212e-09
11.9058 PRSS 7.45901e-09
12.0035 RSS 1.08254e-09
12.0058 RSS -6.01124e-09
12.0058 PRSS 2.97545e-09
12.1037 RSS 1.08254e-09
12.106 RSS 4.41361e-13
12.106 PRSS 8.674e-09
12.2039 RSS 1.08254e-09
12.2062 RSS 4.41361e-13
12.2062 PRSS 7.09422e-09
12.3037 RSS 1.08254e-09
12.306 RSS 4.41361e-13
12.4045 RSS 1.08254e-09
12.4068 RSS 4.41361e-13
12.4068 PRSS 1.08254e-09
--
Received one packet! Socket: 10.1.1.1 port: 49153 at time = 12.4068
--
12.5041 RSS 1.08254e-09
12.5064 RSS 6.01212e-09
12.5064 PRSS 7.08235e-09
12.604 RSS 1.08254e-09
12.6063 RSS -6.01124e-09
12.6063 PRSS 6.8795e-09
12.7005 RSS 1.08254e-09
12.7028 RSS 6.01212e-09
12.7028 PRSS 3.93534e-09
12.8014 RSS 1.08254e-09
12.8037 RSS 4.41361e-13
12.8037 PRSS 7.09422e-09
12.9023 RSS 1.08254e-09
12.9046 RSS 4.41361e-13
13.0037 RSS 1.08254e-09
13.006 RSS -6.01124e-09
13.006 PRSS 9.32511e-09
13.1003 RSS 1.08254e-09
13.1026 RSS 6.01212e-09
13.1026 PRSS 2.56213e-09
13.2024 RSS 1.08254e-09
13.2047 RSS 4.41361e-13
13.2047 PRSS 7.09422e-09
13.3024 RSS 1.08254e-09
13.3047 RSS 6.01212e-09
13.3047 PRSS 9.2824e-09
13.4038 RSS 1.08254e-09
13.4061 RSS 4.41361e-13
13.4061 PRSS 7.09422e-09
13.5023 RSS 1.08254e-09
13.5046 RSS 4.41361e-13
13.6032 RSS 1.08254e-09
13.6055 RSS 6.01212e-09
13.6055 PRSS 7.70436e-09
13.7014 RSS 1.08254e-09
13.7037 RSS -6.01124e-09
13.7037 PRSS 3.47185e-09
13.8027 RSS 1.08254e-09
13.805 RSS 4.41361e-13
13.805 PRSS 1.31059e-08
13.9013 RSS 1.08254e-09
13.9036 RSS 4.41361e-13
13.9036 PRSS 6.64338e-09
14.0021 RSS 1.08254e-09
14.0044 RSS 6.01212e-09
14.0044 PRSS 7.48846e-09
14.1019 RSS 1.08254e-09
14.1042 RSS 4.41361e-13
14.1042 PRSS 1.08254e-09
--
Received one packet! Socket: 10.1.1.1 port: 49153 at time = 14.1042
--
14.2021 RSS 1.08254e-09
14.2044 RSS 4.41361e-13
14.2044 PRSS 5.85831e-09
14.3044 RSS 6.01212e-09
14.3049 RSS 1.08254e-09
14.3072 RSS 6.01212e-09
14.3072 PRSS 9.29338e-09
14.4034 RSS 1.08254e-09
14.4057 RSS -6.01124e-09
14.4057 PRSS 3.02632e-09
14.5015 RSS 1.08254e-09
14.5038 RSS 4.41361e-13
14.5038 PRSS 7.09422e-09
14.6031 RSS 1.08254e-09
14.6054 RSS 6.01212e-09
14.7007 RSS 1.08254e-09
14.703 RSS 6.01212e-09
14.703 PRSS 2.47216e-09
14.803 RSS 6.01212e-09
14.8036 RSS 1.08254e-09
14.8059 RSS 4.41361e-13
14.8059 PRSS 6.60469e-09
14.9034 RSS 1.08254e-09
14.9057 RSS 4.41361e-13
14.9057 PRSS 7.09422e-09
15.0042 RSS 1.08254e-09
15.0065 RSS 6.01212e-09
15.0065 PRSS 8.13323e-09
15.1036 RSS 1.08254e-09
15.1059 RSS -6.01124e-09
15.1059 PRSS 4.12211e-09
15.2046 RSS 1.08254e-09
15.2069 RSS 6.01212e-09
15.2069 PRSS 3.64826e-09
15.3035 RSS 1.08254e-09
15.3058 RSS 6.01212e-09
15.3058 PRSS 5.51899e-09
15.4037 RSS 1.08254e-09
15.406 RSS 6.01212e-09
15.406 PRSS 7.02935e-09
15.504 RSS 1.08254e-09
15.5063 RSS 4.41361e-13
15.5063 PRSS 1.08254e-09
--
Received one packet! Socket: 10.1.1.1 port: 49153 at time = 15.5063
--
15.6036 RSS 1.08254e-09
15.6059 RSS 6.01212e-09
15.6059 PRSS 1.17597e-08
15.7042 RSS 1.08254e-09
15.7065 RSS 4.41361e-13
15.7065 PRSS 7.09422e-09
15.8001 RSS 1.08254e-09
15.8024 RSS 4.41361e-13
15.9011 RSS 1.08254e-09
15.9034 RSS 4.41361e-13
16.0019 RSS 1.08254e-09
16.0042 RSS -6.01124e-09
16.0042 PRSS 1.3421e-09
16.1002 RSS 1.08254e-09
16.1025 RSS 6.01212e-09
16.1025 PRSS 1.22371e-08
16.2025 RSS -6.01124e-09
16.2033 RSS 1.08254e-09
16.2056 RSS 4.41361e-13
16.2056 PRSS 7.09422e-09
16.3013 RSS 1.08254e-09
16.3036 RSS 4.41361e-13
16.4036 RSS 6.01212e-09
16.4043 RSS 1.08254e-09
16.4066 RSS 6.01212e-09
16.4066 PRSS 4.63535e-09
16.5014 RSS 1.08254e-09
16.5037 RSS 4.41361e-13
16.5037 PRSS 7.09422e-09
16.6034 RSS 1.08254e-09
16.6057 RSS 4.41361e-13
16.6057 PRSS 6.48412e-09
16.7005 RSS 1.08254e-09
16.7028 RSS 4.41361e-13
16.7028 PRSS 6.72078e-09
16.8002 RSS 1.08254e-09
16.8025 RSS 6.01212e-09
16.8025 PRSS 9.09539e-09
16.9025 RSS -6.01124e-09
16.9027 RSS 1.08254e-09
16.905 RSS 6.01212e-09
16.905 PRSS 5.40243e-09
17.0049 RSS 1.08254e-09
17.0072 RSS -6.01124e-09
17.0072 PRSS 3.03202e-09
17.1005 RSS 1.08254e-09
17.1028 RSS 4.41361e-13
17.1028 PRSS 1.02715e-08
17.2028 RSS 4.41361e-13
17.2047 RSS 1.08254e-09
17.207 RSS 4.41361e-13
17.207 PRSS 7.09422e-09
17.3036 RSS 1.08254e-09
17.3059 RSS 4.41361e-13
17.4037 RSS 1.08254e-09
17.406 RSS -6.01124e-09
17.406 PRSS 6.52327e-09
17.5012 RSS 1.08254e-09
17.5035 RSS 6.01212e-09
17.5035 PRSS 7.7464e-09
17.6002 RSS 1.08254e-09
17.6025 RSS 4.41361e-13
17.6025 PRSS 7.09422e-09
17.7025 RSS 6.01212e-09
17.7044 RSS 1.08254e-09
17.7067 RSS -6.01124e-09
17.7067 PRSS 5.9239e-09
17.802 RSS 1.08254e-09
17.8043 RSS 6.01212e-09
17.8043 PRSS 4.67253e-09
17.9023 RSS 1.08254e-09
17.9046 RSS 4.41361e-13
17.9046 PRSS 7.09422e-09
18.0046 RSS 6.01212e-09
18.005 RSS 1.08254e-09
18.0073 RSS -1.20229e-08
18.0073 PRSS 4.39017e-09
18.1043 RSS 1.08254e-09
18.1066 RSS 4.41361e-13
18.1066 PRSS 7.09422e-09
18.2032 RSS 1.08254e-09
18.2055 RSS -6.01124e-09
18.2055 PRSS 3.12785e-09
18.3017 RSS 1.08254e-09
18.304 RSS -6.01124e-09
18.304 PRSS 1.26695e-09
18.4039 RSS 1.08254e-09
18.4062 RSS 4.41361e-13
18.4062 PRSS 7.09422e-09
18.5005 RSS 1.08254e-09
18.5028 RSS 4.41361e-13
18.5028 PRSS 4.3319e-09
18.6004 RSS 1.08254e-09
18.6027 RSS 4.41361e-13
18.6027 PRSS 7.09422e-09
18.7015 RSS 1.08254e-09
18.7038 RSS 4.41361e-13
18.7038 PRSS 2.00457e-09
18.8028 RSS 1.08254e-09
18.8051 RSS 6.01212e-09
18.8051 PRSS 1.79855e-09
18.9031 RSS 1.08254e-09
18.9054 RSS 4.41361e-13
18.9054 PRSS 7.09422e-09
19.0027 RSS 1.08254e-09
19.005 RSS 4.41361e-13
19.005 PRSS 8.62059e-09
19.1001 RSS 1.08254e-09
19.1024 RSS 4.41361e-13
19.1024 PRSS 7.75775e-09
19.2024 RSS 6.01212e-09
19.2034 RSS 1.08254e-09
19.2057 RSS 6.01212e-09
19.2057 PRSS 9.79724e-09
19.3022 RSS 1.08254e-09
19.3045 RSS 4.41361e-13
19.3045 PRSS 7.09422e-09
19.4041 RSS 1.08254e-09
19.4064 RSS 4.41361e-13
19.5012 RSS 1.08254e-09
19.5035 RSS 4.41361e-13
19.6035 RSS 4.41361e-13
19.6039 RSS 1.08254e-09
19.6062 RSS 4.41361e-13
19.7031 RSS 1.08254e-09
19.7054 RSS -6.01124e-09
19.7054 PRSS 4.06882e-09
19.8047 RSS 1.08254e-09
19.807 RSS 4.41361e-13
19.807 PRSS 1.04763e-08
19.9034 RSS 1.08254e-09
19.9057 RSS -6.01124e-09
19.9057 PRSS 8.62018e-09
20.0023 RSS 1.08254e-09
20.0046 RSS -6.01124e-09
20.0046 PRSS 1.03616e-08
20.1034 RSS 1.08254e-09
20.1058 RSS 4.41361e-13
20.1058 PRSS 1.22401e-08
20.2036 RSS 1.08254e-09
20.2059 RSS 4.41361e-13
20.2059 PRSS 1.08254e-09
--
Received one packet! Socket: 10.1.1.1 port: 49153 at time = 20.2059
--
20.3043 RSS 1.08254e-09
20.3066 RSS 6.01212e-09
20.3066 PRSS 8.85185e-09
20.4025 RSS 1.08254e-09
20.4048 RSS -6.01124e-09
20.4048 PRSS 1.08113e-08
20.5006 RSS 1.08254e-09
20.5029 RSS -6.01124e-09
20.5029 PRSS 1.17797e-08
20.6001 RSS 1.08254e-09
20.6025 RSS 4.41361e-13
20.6025 PRSS 1.24434e-08
20.7017 RSS 1.08254e-09
20.704 RSS 4.41361e-13
20.704 PRSS 1.33208e-09
20.8016 RSS 1.08254e-09
20.8039 RSS 4.41361e-13
20.8039 PRSS 7.09422e-09
20.9031 RSS 1.08254e-09
20.9054 RSS 4.41361e-13
20.9054 PRSS 8.54208e-09
21.0008 RSS 1.08254e-09
21.0032 RSS 4.41361e-13
21.0032 PRSS 7.09422e-09
21.1032 RSS 6.01212e-09
21.1048 RSS 1.08254e-09
21.1071 RSS 4.41361e-13
21.2022 RSS 1.08254e-09
21.2045 RSS 6.01212e-09
21.2045 PRSS 5.25241e-09
21.3045 RSS 6.01212e-09
21.3046 RSS 1.08254e-09
21.3069 RSS 4.41361e-13
21.3069 PRSS 7.09422e-09
21.402 RSS 1.08254e-09
21.4043 RSS -6.01124e-09
21.4043 PRSS 3.75091e-09
21.5041 RSS 1.08254e-09
21.5064 RSS -6.01124e-09
21.5064 PRSS 5.18669e-09
21.6014 RSS 1.08254e-09
21.6037 RSS 4.41361e-13
21.6037 PRSS 7.09422e-09
21.701 RSS 1.08254e-09
21.7033 RSS 6.01212e-09
21.7033 PRSS 6.88777e-09
21.8009 RSS 1.08254e-09
21.8032 RSS -6.01124e-09
21.8032 PRSS 3.26558e-09
21.9029 RSS 1.08254e-09
21.9052 RSS 4.41361e-13
21.9052 PRSS 7.09422e-09
22.0039 RSS 1.08254e-09
22.0062 RSS -6.01124e-09
22.0062 PRSS 2.55952e-09
22.1039 RSS 1.08254e-09
22.1062 RSS 4.41361e-13
22.1062 PRSS 7.09422e-09
22.2026 RSS 1.08254e-09
22.2049 RSS 4.41361e-13
22.3039 RSS 1.08254e-09
22.3062 RSS 4.41361e-13
22.4048 RSS 1.08254e-09
22.4071 RSS 4.41361e-13
22.4071 PRSS 1.08254e-09
--
Received one packet! Socket: 10.1.1.1 port: 49153 at time = 22.4071
--
22.5027 RSS 1.08254e-09
22.505 RSS -6.01124e-09
22.505 PRSS 7.73397e-09
22.6035 RSS 1.08254e-09
22.6058 RSS 4.41361e-13
22.6058 PRSS 7.09422e-09
22.7025 RSS 1.08254e-09
22.7048 RSS 6.01212e-09
22.7048 PRSS 3.9666e-09
22.8007 RSS 1.08254e-09
22.803 RSS 4.41361e-13
22.803 PRSS 9.02661e-09
22.9001 RSS 1.08254e-09
22.9024 RSS 6.01212e-09
22.9024 PRSS 6.84246e-09
23.0024 RSS -6.01124e-09
23.0045 RSS 1.08254e-09
23.0068 RSS 6.01212e-09
23.0068 PRSS 8.87683e-09
23.1047 RSS 1.08254e-09
23.107 RSS -6.01124e-09
23.107 PRSS 4.72452e-09
23.2002 RSS 1.08254e-09
23.2025 RSS 6.01212e-09
23.2025 PRSS 3.94883e-09
23.3022 RSS 1.08254e-09
23.3045 RSS -6.01124e-09
23.3045 PRSS 4.9809e-09
23.4042 RSS 1.08254e-09
23.4065 RSS 4.41361e-13
23.4065 PRSS 9.34693e-09
23.5014 RSS 1.08254e-09
23.5037 RSS 4.41361e-13
23.5037 PRSS 1.31059e-08
23.6021 RSS 1.08254e-09
23.6044 RSS -6.01124e-09
23.6044 PRSS 5.33224e-09
23.7027 RSS 1.08254e-09
23.7051 RSS -6.01124e-09
23.7051 PRSS 8.61683e-09
23.8009 RSS 1.08254e-09
23.8032 RSS 4.41361e-13
23.8032 PRSS 5.81885e-09
23.9004 RSS 1.08254e-09
23.9027 RSS 6.01212e-09
23.9027 PRSS 1.7039e-09
--
Received one packet! Socket: 10.1.1.1 port: 49153 at time = 23.9027
--
24.0027 RSS 4.41361e-13
24.0033 RSS 1.08254e-09
24.0056 RSS 6.01212e-09
24.0056 PRSS 2.96736e-09
24.103 RSS 1.08254e-09
24.1053 RSS -6.01124e-09
24.1053 PRSS 9.46102e-09
24.2035 RSS 1.08254e-09
24.2058 RSS 6.01212e-09
24.2058 PRSS 7.38445e-09
24.3039 RSS 1.08254e-09
24.3062 RSS 4.41361e-13
24.3062 PRSS 1.31059e-08
24.4027 RSS 1.08254e-09
24.405 RSS 6.01212e-09
24.405 PRSS 9.80796e-09
24.5007 RSS 1.08254e-09
24.503 RSS 6.01212e-09
24.503 PRSS 9.86851e-09
24.6016 RSS 1.08254e-09
24.6039 RSS 4.41361e-13
24.6039 PRSS 3.26752e-09
24.701 RSS 1.08254e-09
24.7033 RSS 4.41361e-13
24.7033 PRSS 7.09422e-09
24.8033 RSS 6.01212e-09
24.8034 RSS 1.08254e-09
24.8057 RSS 4.41361e-13
24.8057 PRSS 3.76345e-09
24.9027 RSS 1.08254e-09
24.905 RSS 6.01212e-09
24.905 PRSS 6.73897e-09
25.0035 RSS 1.08254e-09
25.0058 RSS -6.01124e-09
25.0058 PRSS 6.02998e-09
25.1004 RSS 1.08254e-09
25.1027 RSS 6.01212e-09
25.1027 PRSS 8.88981e-09
25.2001 RSS 1.08254e-09
25.2024 RSS 6.01212e-09
25.2024 PRSS 7.09422e-09
25.3024 RSS 4.41361e-13
25.3026 RSS 1.08254e-09
25.3049 RSS 6.01212e-09
25.3049 PRSS 3.25818e-09
25.4008 RSS 1.08254e-09
25.4031 RSS 4.41361e-13
25.4031 PRSS 1.31059e-08
25.5031 RSS 6.01212e-09
25.5033 RSS 1.08254e-09
25.5056 RSS 6.01212e-09
25.5056 PRSS 7.178e-09
25.6039 RSS 1.08254e-09
25.6062 RSS 4.41361e-13
25.6062 PRSS 5.97739e-09
25.7041 RSS 1.08254e-09
25.7064 RSS 4.41361e-13
25.7064 PRSS 7.09422e-09
25.8039 RSS 1.08254e-09
25.8062 RSS 4.41361e-13
25.9041 RSS 1.08254e-09
25.9064 RSS -6.01124e-09
25.9064 PRSS 3.23442e-09
26.0017 RSS 1.08254e-09
26.004 RSS 4.41361e-13
26.004 PRSS 1.08254e-09
--
Received one packet! Socket: 10.1.1.1 port: 49153 at time = 26.004
--
26.1005 RSS 1.08254e-09
26.1028 RSS 6.01212e-09
26.1028 PRSS 8.11805e-09
26.2028 RSS 6.01212e-09
26.2042 RSS 1.08254e-09
26.2065 RSS 4.41361e-13
26.2065 PRSS 1.08254e-09
--
Received one packet! Socket: 10.1.1.1 port: 49153 at time = 26.2065
--
26.3001 RSS 1.08254e-09
26.3024 RSS 4.41361e-13
26.3024 PRSS 7.09422e-09
26.4 RSS 1.08254e-09
26.4023 RSS 4.41361e-13
26.502 RSS 1.08254e-09
26.5043 RSS 4.41361e-13
26.5043 PRSS 9.29072e-09
26.6021 RSS 1.08254e-09
26.6044 RSS -6.01124e-09
26.6044 PRSS 8.70327e-09
26.7026 RSS 1.08254e-09
26.7049 RSS 6.01212e-09
26.7049 PRSS 7.55491e-09
26.8002 RSS 1.08254e-09
26.8025 RSS 6.01212e-09
26.8025 PRSS 5.90748e-09
26.9025 RSS 4.41361e-13
26.9043 RSS 1.08254e-09
26.9066 RSS 4.41361e-13
26.9066 PRSS 7.09422e-09
27.0017 RSS 1.08254e-09
27.004 RSS -1.20229e-08
27.004 PRSS 7.00631e-09
27.1011 RSS 1.08254e-09
27.1034 RSS 6.01212e-09
27.1034 PRSS 9.02648e-09
27.2024 RSS 1.08254e-09
27.2047 RSS 4.41361e-13
27.2047 PRSS 8.67139e-09
27.3012 RSS 1.08254e-09
27.3035 RSS -6.01124e-09
27.3035 PRSS 8.42947e-09
27.4009 RSS 1.08254e-09
27.4032 RSS 4.41361e-13
27.4032 PRSS 7.09422e-09
27.5007 RSS 1.08254e-09
27.503 RSS 6.01212e-09
27.503 PRSS 7.186e-09
27.6003 RSS 1.08254e-09
27.6026 RSS 4.41361e-13
27.6026 PRSS 7.09422e-09
27.7026 RSS 6.01212e-09
27.7045 RSS 1.08254e-09
27.7068 RSS 4.41361e-13
27.8028 RSS 1.08254e-09
27.8051 RSS 4.41361e-13
27.903 RSS 1.08254e-09
27.9053 RSS 4.41361e-13
28.0012 RSS 1.08254e-09
28.0035 RSS -6.01124e-09
28.0035 PRSS 6.35755e-09
28.1035 RSS 6.01212e-09
28.1037 RSS 1.08254e-09
28.106 RSS -6.01124e-09
28.106 PRSS 3.83401e-09
28.2011 RSS 1.08254e-09
28.2034 RSS -6.01124e-09
28.2034 PRSS 6.95739e-09
28.3021 RSS 1.08254e-09
28.3044 RSS 6.01212e-09
28.3044 PRSS 5.6954e-09
28.4012 RSS 1.08254e-09
28.4035 RSS 6.01212e-09
28.4035 PRSS 1.13257e-08
28.5017 RSS 1.08254e-09
28.5041 RSS 4.41361e-13
28.5041 PRSS 7.09422e-09
28.601 RSS 1.08254e-09
28.6033 RSS 4.41361e-13
28.7022 RSS 1.08254e-09
28.7046 RSS 4.41361e-13
28.7046 PRSS 1.08254e-09
--
Received one packet! Socket: 10.1.1.1 port: 49153 at time = 28.7046
--
28.8041 RSS 1.08254e-09
28.8064 RSS -6.01124e-09
28.8064 PRSS 4.97939e-09
28.9004 RSS 1.08254e-09
28.9027 RSS 6.01212e-09
28.9027 PRSS 5.82189e-09
29.0027 RSS 6.01212e-09
29.0035 RSS 1.08254e-09
29.0058 RSS 4.41361e-13
29.0058 PRSS 7.09422e-09
29.1033 RSS 1.08254e-09
29.1056 RSS 4.41361e-13
29.1056 PRSS 3.67759e-09
29.2016 RSS 1.08254e-09
29.2039 RSS 4.41361e-13
29.2039 PRSS 3.01387e-09
29.3039 RSS 4.41361e-13
29.3046 RSS 1.08254e-09
29.3069 RSS 4.41361e-13
29.3069 PRSS 7.0483e-09
29.4001 RSS 1.08254e-09
29.4024 RSS 6.01212e-09
29.4024 PRSS 6.14139e-09
29.5024 RSS -6.01124e-09
29.5035 RSS 1.08254e-09
29.5058 RSS 6.01212e-09
29.5058 PRSS 3.8595e-09
29.6025 RSS 1.08254e-09
29.6048 RSS -6.01124e-09
29.6048 PRSS 1.05198e-08
29.703 RSS 1.08254e-09
29.7053 RSS -6.01124e-09
29.7053 PRSS 4.74059e-09
29.8036 RSS 1.08254e-09
29.8059 RSS -6.01124e-09
29.8059 PRSS 1.03961e-08
29.902 RSS 1.08254e-09
29.9043 RSS -6.01124e-09
29.9043 PRSS 7.62622e-09
30.0037 RSS 1.08254e-09
30.006 RSS 6.01212e-09
30.006 PRSS 8.32948e-09
30.1027 RSS 1.08254e-09
30.105 RSS 6.01212e-09
30.105 PRSS 7.09422e-09
30.2016 RSS 1.08254e-09
30.2039 RSS 4.41361e-13
30.2039 PRSS 8.58492e-09
30.3039 RSS 6.01212e-09
30.304 RSS 1.08254e-09
30.3063 RSS 4.41361e-13
30.3063 PRSS 7.09422e-09
30.4021 RSS 1.08254e-09
30.4044 RSS 6.01212e-09
30.4044 PRSS 4.7135e-09
30.5024 RSS 1.08254e-09
30.5047 RSS -6.01124e-09
30.5047 PRSS 7.1326e-09
30.6036 RSS 1.08254e-09
30.6059 RSS 4.41361e-13
30.6059 PRSS 7.09422e-09
30.7002 RSS 1.08254e-09
30.7025 RSS -6.01124e-09
30.7025 PRSS 2.44493e-09
30.8013 RSS 1.08254e-09
30.8036 RSS -6.01124e-09
30.8036 PRSS 9.73693e-09
30.9021 RSS 1.08254e-09
30.9044 RSS 4.41361e-13
30.9044 PRSS 7.09422e-09
31.0044 RSS 6.01212e-09
31.0046 RSS 1.08254e-09
31.0069 RSS 4.41361e-13
31.1006 RSS 1.08254e-09
31.1029 RSS 6.01212e-09
31.1029 PRSS 1.13138e-08
31.2014 RSS 1.08254e-09
31.2037 RSS 4.41361e-13
31.2037 PRSS 9.56782e-09
31.3037 RSS 4.41361e-13
31.3049 RSS 1.08254e-09
31.3072 RSS 4.41361e-13
31.3072 PRSS 5.15263e-09
31.4021 RSS 1.08254e-09
31.4044 RSS 4.41361e-13
31.4044 PRSS 7.09422e-09
31.5035 RSS 1.08254e-09
31.5058 RSS 6.01212e-09
31.5058 PRSS 4.56135e-09
31.6015 RSS 1.08254e-09
31.6038 RSS 4.41361e-13
31.6038 PRSS 7.09422e-09
31.7006 RSS 1.08254e-09
31.7029 RSS -6.01124e-09
31.7029 PRSS 1.03947e-08
31.8027 RSS 1.08254e-09
31.805 RSS 4.41361e-13
31.805 PRSS 7.09422e-09
31.9033 RSS 1.08254e-09
31.9056 RSS -1.20229e-08
31.9056 PRSS 8.40375e-09
32.0001 RSS 1.08254e-09
32.0024 RSS 4.41361e-13
32.0024 PRSS 1.08254e-09
--
Received one packet! Socket: 10.1.1.1 port: 49153 at time = 32.0024
--
32.1024 RSS 6.01212e-09
32.104 RSS 1.08254e-09
32.1063 RSS -6.01124e-09
32.1063 PRSS 7.09422e-09
32.2002 RSS 1.08254e-09
32.2025 RSS 4.41361e-13
32.3025 RSS 6.01212e-09
32.3044 RSS 1.08254e-09
32.3067 RSS 6.01212e-09
32.3067 PRSS 1.18221e-08
32.4045 RSS 1.08254e-09
32.4068 RSS 4.41361e-13
32.4068 PRSS 1.0753e-08
32.5037 RSS 1.08254e-09
32.506 RSS 6.01212e-09
32.506 PRSS 3.52865e-09
32.6037 RSS 1.08254e-09
32.606 RSS 6.01212e-09
32.606 PRSS 2.53888e-09
32.7047 RSS 1.08254e-09
32.707 RSS -6.01124e-09
32.707 PRSS 5.87153e-09
32.8028 RSS 1.08254e-09
32.8051 RSS 6.01212e-09
32.8051 PRSS 1.10086e-08
32.9041 RSS 1.08254e-09
32.9064 RSS 6.01212e-09
32.9064 PRSS 1.01638e-08
33.0005 RSS 1.08254e-09
33.0028 RSS 4.41361e-13
33.0028 PRSS 1.10758e-08
33.1017 RSS 1.08254e-09
33.104 RSS -6.01124e-09
33.104 PRSS 1.03315e-08
33.2017 RSS 1.08254e-09
33.204 RSS 1.20238e-08
33.204 PRSS 9.33051e-09
33.304 RSS 4.41361e-13
33.3046 RSS 1.08254e-09
33.3069 RSS 6.01212e-09
33.3069 PRSS 3.89029e-09
33.4039 RSS 1.08254e-09
33.4062 RSS 6.01212e-09
33.4062 PRSS 7.09422e-09
33.5045 RSS 1.08254e-09
33.5068 RSS -6.01124e-09
33.5068 PRSS 2.52941e-09
33.6038 RSS 1.08254e-09
33.6061 RSS 4.41361e-13
33.6061 PRSS 7.09422e-09
33.704 RSS 1.08254e-09
33.7063 RSS -6.01124e-09
33.7063 PRSS 8.74281e-09
33.8039 RSS 1.08254e-09
33.8062 RSS 4.41361e-13
33.8062 PRSS 7.09422e-09
33.9017 RSS 1.08254e-09
33.904 RSS 4.41361e-13
33.904 PRSS 7.10015e-09
34.0004 RSS 1.08254e-09
34.0027 RSS 6.01212e-09
34.0027 PRSS 2.63786e-09
34.1027 RSS 6.01212e-09
34.1045 RSS 1.08254e-09
34.1068 RSS 4.41361e-13
34.1068 PRSS 7.72124e-09
34.205 RSS 1.08254e-09
34.2073 RSS -6.01124e-09
34.2073 PRSS 1.08254e-09
--
Received one packet! Socket: 10.1.1.1 port: 49153 at time = 34.2073
--
34.3049 RSS 1.08254e-09
34.3072 RSS 6.01212e-09
34.3072 PRSS 2.73359e-09
34.4029 RSS 1.08254e-09
34.4052 RSS -6.01124e-09
34.4052 PRSS 3.16197e-09
34.5022 RSS 1.08254e-09
34.5045 RSS 6.01212e-09
34.5045 PRSS 1.99457e-09
--
Received one packet! Socket: 10.1.1.1 port: 49153 at time = 34.5045
--
34.6003 RSS 1.08254e-09
34.6026 RSS -6.01124e-09
34.6026 PRSS 1.33921e-09
34.7026 RSS 6.01212e-09
34.7027 RSS 1.08254e-09
34.705 RSS 6.01212e-09
34.705 PRSS 8.24316e-09
34.8013 RSS 1.08254e-09
34.8036 RSS 6.01212e-09
34.8036 PRSS 6.75435e-09
34.9036 RSS 6.01212e-09
34.9036 RSS 1.08254e-09
34.9059 RSS 4.41361e-13
34.9059 PRSS 8.46113e-09
35.0027 RSS 1.08254e-09
35.0051 RSS -6.01124e-09
35.0051 PRSS 7.79203e-09
35.1021 RSS 1.08254e-09
35.1044 RSS 6.01212e-09
35.1044 PRSS 6.24203e-09
35.2039 RSS 1.08254e-09
35.2063 RSS 4.41361e-13
35.2063 PRSS 7.09422e-09
35.3023 RSS 1.08254e-09
35.3046 RSS -6.01124e-09
35.3046 PRSS 1.03065e-08
35.4008 RSS 1.08254e-09
35.4031 RSS 4.41361e-13
35.4031 PRSS 1.08254e-09
--
Received one packet! Socket: 10.1.1.1 port: 49153 at time = 35.4031
--
35.5011 RSS 1.08254e-09
35.5034 RSS -6.01124e-09
35.5034 PRSS 5.82072e-09
35.6034 RSS 6.01212e-09
35.6036 RSS 1.08254e-09
35.6059 RSS -6.01124e-09
35.6059 PRSS 6.58515e-09
35.7049 RSS 1.08254e-09
35.7072 RSS 4.41361e-13
35.7072 PRSS 7.09422e-09
35.8001 RSS 1.08254e-09
35.8024 RSS -6.01124e-09
35.8024 PRSS 1.08254e-09
--
Received one packet! Socket: 10.1.1.1 port: 49153 at time = 35.8024
--
35.9024 RSS 6.01212e-09
35.9048 RSS 1.08254e-09
35.9071 RSS -6.01124e-09
35.9071 PRSS 6.1559e-09
36.0025 RSS 1.08254e-09
36.0048 RSS 6.01212e-09
36.0048 PRSS 4.19212e-09
36.1009 RSS 1.08254e-09
36.1032 RSS 4.41361e-13
36.1032 PRSS 1.31059e-08
36.2013 RSS 1.08254e-09
36.2036 RSS -6.01124e-09
36.2036 PRSS 1.17466e-08
36.3036 RSS 6.01212e-09
36.3036 RSS 1.08254e-09
36.3059 RSS 4.41361e-13
36.3059 PRSS 7.09422e-09
36.4009 RSS 1.08254e-09
36.4032 RSS 4.41361e-13
36.4032 PRSS 3.94956e-09
36.5023 RSS 1.08254e-09
36.5046 RSS 6.01212e-09
36.5046 PRSS 2.63494e-09
36.6031 RSS 1.08254e-09
36.6054 RSS 4.41361e-13
36.6054 PRSS 7.09422e-09
36.7039 RSS 1.08254e-09
36.7062 RSS -6.01124e-09
36.7062 PRSS 1.65099e-09
36.8005 RSS 1.08254e-09
36.8028 RSS 6.01212e-09
36.8028 PRSS 7.09422e-09
36.9008 RSS 1.08254e-09
36.9031 RSS -6.01124e-09
36.9031 PRSS 1.25938e-08
37.0022 RSS 1.08254e-09
37.0045 RSS 6.01212e-09
37.0045 PRSS 5.39269e-09
37.1004 RSS 1.08254e-09
37.1027 RSS 4.41361e-13
37.1027 PRSS 7.09422e-09
37.2022 RSS 1.08254e-09
37.2045 RSS -6.01124e-09
37.2045 PRSS 1.16232e-08
37.3032 RSS 1.08254e-09
37.3055 RSS 6.01212e-09
37.3055 PRSS 6.7442e-09
37.4034 RSS 1.08254e-09
37.4057 RSS -6.01124e-09
37.4057 PRSS 3.4238e-09
37.5026 RSS 1.08254e-09
37.5049 RSS -6.01124e-09
37.5049 PRSS 2.71457e-09
37.6003 RSS 1.08254e-09
37.6026 RSS -6.01124e-09
37.6026 PRSS 3.14742e-09
37.7001 RSS 1.08254e-09
37.7024 RSS 4.41361e-13
37.7024 PRSS 1.16329e-08
37.8024 RSS 6.01212e-09
37.8038 RSS 1.08254e-09
37.8061 RSS 6.01212e-09
37.8061 PRSS 1.04382e-08
37.9049 RSS 1.08254e-09
37.9072 RSS 6.01212e-09
37.9072 PRSS 3.08312e-09
38.0012 RSS 1.08254e-09
38.0035 RSS 4.41361e-13
38.0035 PRSS 1.31059e-08
38.1016 RSS 1.08254e-09
38.1039 RSS 4.41361e-13
38.1039 PRSS 4.44151e-09
38.2033 RSS 1.08254e-09
38.2056 RSS 4.41361e-13
38.2056 PRSS 3.45743e-09
38.3036 RSS 1.08254e-09
38.3059 RSS -6.01124e-09
38.3059 PRSS 2.79936e-09
38.4019 RSS 1.08254e-09
38.4042 RSS 6.01212e-09
38.4042 PRSS 1.91024e-09
38.5021 RSS 1.08254e-09
38.5044 RSS 4.41361e-13
38.5044 PRSS 7.09422e-09
38.6031 RSS 1.08254e-09
38.6054 RSS 4.41361e-13
38.7048 RSS 1.08254e-09
38.7071 RSS 4.41361e-13
38.803 RSS 1.08254e-09
38.8053 RSS 4.41361e-13
38.9011 RSS 1.08254e-09
38.9034 RSS -6.01124e-09
38.9034 PRSS 9.04639e-09
39.0028 RSS 1.08254e-09
39.0051 RSS 4.41361e-13
39.0051 PRSS 9.09733e-09
39.1037 RSS 1.08254e-09
39.106 RSS 4.41361e-13
39.106 PRSS 7.09422e-09
39.2009 RSS 1.08254e-09
39.2033 RSS 4.41361e-13
39.2033 PRSS 1.08254e-09
--
Received one packet! Socket: 10.1.1.1 port: 49153 at time = 39.2033
--
39.3022 RSS 1.08254e-09
39.3045 RSS 4.41361e-13
39.3045 PRSS 8.98277e-09
39.4041 RSS 1.08254e-09
39.4064 RSS 6.01212e-09
39.4064 PRSS 5.06185e-09
39.5014 RSS 1.08254e-09
39.5037 RSS 4.41361e-13
39.5037 PRSS 7.09422e-09
39.6014 RSS 1.08254e-09
39.6037 RSS -6.01124e-09
39.6037 PRSS 1.16964e-09
--
Received one packet! Socket: 10.1.1.1 port: 49153 at time = 39.6037
--
39.7025 RSS 1.08254e-09
39.7048 RSS 4.41361e-13
39.7048 PRSS 7.4649e-09
39.8034 RSS 1.08254e-09
39.8057 RSS -6.01124e-09
39.8057 PRSS 7.11491e-09
39.9006 RSS 1.08254e-09
39.9029 RSS 6.01212e-09
39.9029 PRSS 1.04893e-08
40.0029 RSS 6.01212e-09
40.0046 RSS 1.08254e-09
40.0069 RSS 4.41361e-13
40.0069 PRSS 7.09422e-09
40.104 RSS 1.08254e-09
40.1063 RSS 6.01212e-09
40.2046 RSS 1.08254e-09
40.2069 RSS 4.41361e-13
40.3001 RSS 1.08254e-09
40.3024 RSS 4.41361e-13
40.4024 RSS 4.41361e-13
40.4036 RSS 1.08254e-09
40.4059 RSS 6.01212e-09
40.4059 PRSS 1.05391e-08
40.5013 RSS 1.08254e-09
40.5036 RSS 4.41361e-13
40.5036 PRSS 7.09422e-09
40.6036 RSS 6.01212e-09
40.6038 RSS 1.08254e-09
40.6061 RSS -6.01124e-09
40.6061 PRSS 1.00085e-08
40.7033 RSS 1.08254e-09
40.7056 RSS 6.01212e-09
40.7056 PRSS 7.09422e-09
40.8038 RSS 1.08254e-09
40.8061 RSS 4.41361e-13
40.902 RSS 1.08254e-09
40.9043 RSS -6.01124e-09
41.0002 RSS 1.08254e-09
41.0025 RSS -6.01124e-09
41.0025 PRSS 6.74295e-09
41.101 RSS 1.08254e-09
41.1033 RSS 4.41361e-13
41.1033 PRSS 8.36119e-09
41.2017 RSS 1.08254e-09
41.204 RSS -6.01124e-09
41.204 PRSS 7.86505e-09
41.3031 RSS 1.08254e-09
41.3054 RSS 6.01212e-09
41.3054 PRSS 1.22096e-08
41.4035 RSS 1.08254e-09
41.4058 RSS 6.01212e-09
41.4058 PRSS 7.09422e-09
41.502 RSS 1.08254e-09
41.5043 RSS 4.41361e-13
41.601 RSS 1.08254e-09
41.6033 RSS 4.41361e-13
41.7029 RSS 1.08254e-09
41.7052 RSS 4.41361e-13
41.7052 PRSS 6.43653e-09
41.802 RSS 1.08254e-09
41.8043 RSS 4.41361e-13
41.8043 PRSS 1.31059e-08
41.9043 RSS 4.41361e-13
41.9045 RSS 1.08254e-09
41.9068 RSS -6.01124e-09
41.9068 PRSS 5.62108e-09
42.0001 RSS 1.08254e-09
42.0024 RSS 4.41361e-13
42.0024 PRSS 1.08254e-09
--
Received one packet! Socket: 10.1.1.1 port: 49153 at time = 42.0024
--
42.1024 RSS 6.01212e-09
42.1045 RSS 1.08254e-09
42.1068 RSS -6.01124e-09
42.1068 PRSS 7.49126e-09
42.2008 RSS 1.08254e-09
42.2031 RSS 4.41361e-13
42.2031 PRSS 7.09422e-09
42.3013 RSS 1.08254e-09
42.3036 RSS 4.41361e-13
42.4036 RSS 4.41361e-13
42.4044 RSS 1.08254e-09
42.4067 RSS 6.01212e-09
42.4067 PRSS 4.67235e-09
42.5014 RSS 1.08254e-09
42.5037 RSS 4.41361e-13
42.5037 PRSS 7.09422e-09
42.602 RSS 1.08254e-09
42.6043 RSS 6.01212e-09
42.6043 PRSS 1.00041e-08
42.7027 RSS 1.08254e-09
42.705 RSS -6.01124e-09
42.705 PRSS 7.09422e-09
42.8029 RSS 1.08254e-09
42.8052 RSS -6.01124e-09
42.8052 PRSS 9.78077e-09
42.901 RSS 1.08254e-09
42.9033 RSS -6.01124e-09
42.9033 PRSS 7.09422e-09
43.002 RSS 1.08254e-09
43.0043 RSS 4.41361e-13
43.0043 PRSS 1.08254e-09
--
Received one packet! Socket: 10.1.1.1 port: 49153 at time = 43.0043
--
43.1037 RSS 1.08254e-09
43.106 RSS 4.41361e-13
43.106 PRSS 8.05732e-09
43.2019 RSS 1.08254e-09
43.2042 RSS 4.41361e-13
43.2042 PRSS 7.09422e-09
43.3042 RSS 6.01212e-09
43.3048 RSS 1.08254e-09
43.3071 RSS 6.01212e-09
43.3071 PRSS 7.80547e-09
43.4029 RSS 1.08254e-09
43.4052 RSS -6.01124e-09
43.4052 PRSS 8.24026e-09
43.503 RSS 1.08254e-09
43.5053 RSS 4.41361e-13
43.5053 PRSS 7.09422e-09
43.6015 RSS 1.08254e-09
43.6038 RSS -1.20229e-08
43.6038 PRSS 6.47009e-09
43.7026 RSS 1.08254e-09
43.7049 RSS 4.41361e-13
43.7049 PRSS 3.19894e-09
43.801 RSS 1.08254e-09
43.8033 RSS 4.41361e-13
43.8033 PRSS 1.31059e-08
43.901 RSS 1.08254e-09
43.9033 RSS 6.01212e-09
43.9033 PRSS 3.02722e-09
44.0033 RSS -6.01124e-09
44.0047 RSS 1.08254e-09
44.007 RSS 6.01212e-09
44.007 PRSS 4.46793e-09
44.1016 RSS 1.08254e-09
44.1039 RSS 4.41361e-13
44.1039 PRSS 3.20855e-09
44.2039 RSS 6.01212e-09
44.2039 RSS 1.08254e-09
44.2062 RSS 4.41361e-13
44.2062 PRSS 7.09422e-09
44.301 RSS 1.08254e-09
44.3033 RSS 4.41361e-13
44.403 RSS 1.08254e-09
44.4053 RSS 6.01212e-09
44.4053 PRSS 9.58641e-09
44.5007 RSS 1.08254e-09
44.503 RSS 6.01212e-09
44.503 PRSS 1.20516e-08
44.6012 RSS 1.08254e-09
44.6035 RSS 4.41361e-13
44.6035 PRSS 9.14666e-09
44.7035 RSS 6.01212e-09
44.705 RSS 1.08254e-09
44.7073 RSS -6.01124e-09
44.7073 PRSS 4.83835e-09
44.8032 RSS 1.08254e-09
44.8055 RSS 6.01212e-09
44.8055 PRSS 3.45348e-09
44.901 RSS 1.08254e-09
44.9033 RSS 6.01212e-09
44.9033 PRSS 1.05681e-08
45.0033 RSS -6.01124e-09
45.0038 RSS 1.08254e-09
45.0061 RSS 6.01212e-09
45.0061 PRSS 7.60282e-09
45.1024 RSS 1.08254e-09
45.1047 RSS 4.41361e-13
45.1047 PRSS 4.21747e-09
45.2002 RSS 1.08254e-09
45.2025 RSS 6.01212e-09
45.2025 PRSS 7.09422e-09
45.3025 RSS -6.01124e-09
45.3047 RSS 1.08254e-09
45.307 RSS 6.01212e-09
45.307 PRSS 9.95312e-09
45.4047 RSS 1.08254e-09
45.407 RSS -6.01124e-09
45.407 PRSS 1.88839e-09
45.5039 RSS 1.08254e-09
45.5062 RSS 4.41361e-13
45.5062 PRSS 7.09422e-09
45.604 RSS 1.08254e-09
45.6063 RSS 4.41361e-13
45.7 RSS 1.08254e-09
45.7023 RSS 4.41361e-13
45.7023 PRSS 2.86444e-09
45.8023 RSS 6.01212e-09
45.8025 RSS 1.08254e-09
45.8048 RSS 4.41361e-13
45.8048 PRSS 7.09422e-09
45.902 RSS 1.08254e-09
45.9043 RSS -6.01124e-09
45.9043 PRSS 9.74039e-09
46.0043 RSS 6.01212e-09
46.0045 RSS 1.08254e-09
46.0068 RSS -6.01124e-09
46.0068 PRSS 6.705e-09
46.1016 RSS 1.08254e-09
46.1039 RSS 4.41361e-13
46.1039 PRSS 5.16018e-09
46.2039 RSS 4.41361e-13
46.2043 RSS 1.08254e-09
46.2066 RSS 4.41361e-13
46.2066 PRSS 8.94298e-09
46.3017 RSS 1.08254e-09
46.304 RSS 4.41361e-13
46.304 PRSS 7.09422e-09
46.4014 RSS 1.08254e-09
46.4037 RSS 6.01212e-09
46.4037 PRSS 1.26602e-08
46.5031 RSS 1.08254e-09
46.5054 RSS 4.41361e-13
46.5054 PRSS 7.09422e-09
46.6014 RSS 1.08254e-09
46.6037 RSS 4.41361e-13
46.7037 RSS 6.01212e-09
46.7049 RSS 1.08254e-09
46.7072 RSS -6.01124e-09
46.7072 PRSS 7.25811e-09
46.8005 RSS 1.08254e-09
46.8028 RSS 4.41361e-13
46.8028 PRSS 9.92668e-09
46.9017 RSS 1.08254e-09
46.904 RSS -6.01124e-09
46.904 PRSS 1.25834e-08
47.004 RSS 6.01212e-09
47.0045 RSS 1.08254e-09
47.0068 RSS -6.01124e-09
47.0068 PRSS 4.35591e-09
47.1031 RSS 1.08254e-09
47.1054 RSS 4.41361e-13
47.1054 PRSS 7.09422e-09
47.203 RSS 1.08254e-09
47.2053 RSS 6.01212e-09
47.3047 RSS 1.08254e-09
47.307 RSS -6.01124e-09
47.307 PRSS 2.53225e-09
47.4049 RSS 1.08254e-09
47.4072 RSS 6.01212e-09
47.4072 PRSS 1.17334e-08
47.5031 RSS 1.08254e-09
47.5054 RSS 4.41361e-13
47.5054 PRSS 7.19389e-09
47.601 RSS 1.08254e-09
47.6033 RSS 4.41361e-13
47.6033 PRSS 1.00769e-08
47.7015 RSS 1.08254e-09
47.7038 RSS 4.41361e-13
47.7038 PRSS 7.09422e-09
47.8012 RSS 1.08254e-09
47.8035 RSS 4.41361e-13
47.8035 PRSS 7.82737e-09
47.9003 RSS 1.08254e-09
47.9026 RSS 4.41361e-13
47.9026 PRSS 7.09422e-09
48.0026 RSS -6.01124e-09
48.0046 RSS 1.08254e-09
48.0069 RSS 1.20238e-08
48.0069 PRSS 6.99411e-09
48.1008 RSS 1.08254e-09
48.1031 RSS -6.01124e-09
48.1031 PRSS 1.67301e-09
--
Received one packet! Socket: 10.1.1.1 port: 49153 at time = 48.1031
--
48.2028 RSS 1.08254e-09
48.2051 RSS 6.01212e-09
48.2051 PRSS 1.08617e-08
48.3028 RSS 1.08254e-09
48.3051 RSS -6.01124e-09
48.3051 PRSS 1.16992e-08
48.4023 RSS 1.08254e-09
48.4046 RSS -6.01124e-09
48.4046 PRSS 1.02744e-08
48.5024 RSS 1.08254e-09
48.5047 RSS -6.01124e-09
48.5047 PRSS 5.59463e-09
48.6006 RSS 1.08254e-09
48.6029 RSS -6.01124e-09
48.6029 PRSS 7.50701e-09
48.7029 RSS 6.01212e-09
48.7039 RSS 1.08254e-09
48.7062 RSS -6.01124e-09
48.7062 PRSS 7.12681e-09
48.8036 RSS 1.08254e-09
48.8059 RSS -6.01124e-09
48.8059 PRSS 7.98783e-09
48.901 RSS 1.08254e-09
48.9033 RSS 6.01212e-09
48.9033 PRSS 5.51626e-09
49.0007 RSS 1.08254e-09
49.003 RSS 4.41361e-13
49.003 PRSS 7.09422e-09
49.103 RSS 6.01212e-09
49.1046 RSS 1.08254e-09
49.1069 RSS 4.41361e-13
49.201 RSS 1.08254e-09
49.2033 RSS 6.01212e-09
49.2033 PRSS 5.72876e-09
49.3033 RSS 6.01212e-09
49.3034 RSS 1.08254e-09
49.3057 RSS 4.41361e-13
49.3057 PRSS 7.09422e-09
49.4025 RSS 1.08254e-09
49.4048 RSS 4.41361e-13
49.4048 PRSS 5.63129e-09
49.5024 RSS 1.08254e-09
49.5047 RSS 6.01212e-09
49.5047 PRSS 1.24959e-08
49.6036 RSS 1.08254e-09
49.6059 RSS 4.41361e-13
49.6059 PRSS 7.09422e-09
49.7024 RSS 1.08254e-09
49.7047 RSS 4.41361e-13
49.8017 RSS 1.08254e-09
49.804 RSS 4.41361e-13
49.804 PRSS 7.41071e-09
49.9006 RSS 1.08254e-09
49.9029 RSS 6.01212e-09
49.9029 PRSS 7.30115e-09
50.0022 RSS 1.08254e-09
50.0045 RSS 4.41361e-13
50.0045 PRSS 7.09422e-09
50.1045 RSS 4.41361e-13
50.1046 RSS 1.08254e-09
50.1069 RSS 6.01212e-09
50.1069 PRSS 3.3343e-09
50.2013 RSS 1.08254e-09
50.2036 RSS 4.41361e-13
50.2036 PRSS 5.8409e-09
50.3036 RSS 4.41361e-13
50.3041 RSS 1.08254e-09
50.3064 RSS 4.41361e-13
50.3064 PRSS 7.09422e-09
50.4045 RSS 1.08254e-09
50.4068 RSS -6.01124e-09
50.4068 PRSS 2.60444e-09
50.5036 RSS 1.08254e-09
50.5059 RSS 6.01212e-09
50.5059 PRSS 1.28923e-08
50.6029 RSS 1.08254e-09
50.6052 RSS 6.01212e-09
50.6052 PRSS 4.81867e-09
50.7007 RSS 1.08254e-09
50.703 RSS -6.01124e-09
50.703 PRSS 6.60911e-09
50.802 RSS 1.08254e-09
50.8043 RSS 4.41361e-13
50.8043 PRSS 7.0017e-09
50.9016 RSS 1.08254e-09
50.9039 RSS 6.01212e-09
50.9039 PRSS 1.0616e-08
51.0015 RSS 1.08254e-09
51.0038 RSS 4.41361e-13
51.0038 PRSS 7.09422e-09
51.1003 RSS 1.08254e-09
51.1026 RSS 4.41361e-13
51.1026 PRSS 8.58018e-09
51.2 RSS 1.08254e-09
51.2024 RSS 4.41361e-13
51.2024 PRSS 7.09422e-09
51.3012 RSS 1.08254e-09
51.3035 RSS 4.41361e-13
51.4015 RSS 1.08254e-09
51.4038 RSS 4.41361e-13
51.4038 PRSS 1.05023e-08
51.5009 RSS 1.08254e-09
51.5032 RSS -6.01124e-09
51.5032 PRSS 1.08254e-09
--
Received one packet! Socket: 10.1.1.1 port: 49153 at time = 51.5032
--
51.6032 RSS 4.41361e-13
51.6044 RSS 1.08254e-09
51.6067 RSS 6.01212e-09
51.6067 PRSS 4.19381e-09
51.7025 RSS 1.08254e-09
51.7048 RSS 4.41361e-13
51.7048 PRSS 5.18078e-09
51.8028 RSS 1.08254e-09
51.8051 RSS 4.41361e-13
51.8051 PRSS 7.09422e-09
51.9011 RSS 1.08254e-09
51.9034 RSS 4.41361e-13
52.0025 RSS 1.08254e-09
52.0048 RSS 4.41361e-13
52.1017 RSS 1.08254e-09
52.104 RSS -6.01124e-09
52.104 PRSS 3.42366e-09
52.204 RSS -6.01124e-09
52.2049 RSS 1.08254e-09
52.2072 RSS 6.01212e-09
52.2072 PRSS 6.38e-09
52.3032 RSS 1.08254e-09
52.3055 RSS -6.01124e-09
52.3055 PRSS 5.15008e-09
52.4013 RSS 1.08254e-09
52.4036 RSS -6.01124e-09
52.4036 PRSS 1.01855e-08
52.5018 RSS 1.08254e-09
52.5041 RSS -6.01124e-09
52.5041 PRSS 5.7119e-09
52.6024 RSS 1.08254e-09
52.6047 RSS 6.01212e-09
52.6047 PRSS 4.83773e-09
52.703 RSS 1.08254e-09
52.7053 RSS 4.41361e-13
52.7053 PRSS 7.09422e-09
52.8021 RSS 1.08254e-09
52.8044 RSS 4.41361e-13
52.8044 PRSS 3.4754e-09
52.9006 RSS 1.08254e-09
52.9029 RSS 6.01212e-09
52.9029 PRSS 1.02719e-08
53.0029 RSS 4.41361e-13
53.0037 RSS 1.08254e-09
53.006 RSS 6.01212e-09
53.006 PRSS 7.97638e-09
53.1005 RSS 1.08254e-09
53.1028 RSS 4.41361e-13
53.1028 PRSS 9.3024e-09
53.2028 RSS 6.01212e-09
53.2044 RSS 1.08254e-09
53.2067 RSS -6.01124e-09
53.2067 PRSS 1.60575e-09
53.3007 RSS 1.08254e-09
53.303 RSS -6.01124e-09
53.303 PRSS 4.74764e-09
53.403 RSS 6.01212e-09
53.4048 RSS 1.08254e-09
53.4071 RSS 4.41361e-13
53.4071 PRSS 7.09422e-09
53.5042 RSS 1.08254e-09
53.5065 RSS 6.01212e-09
53.5065 PRSS 4.68035e-09
53.6003 RSS 1.08254e-09
53.6026 RSS 6.01212e-09
53.6026 PRSS 8.80959e-09
53.7026 RSS 6.01212e-09
53.7041 RSS 1.08254e-09
53.7064 RSS -6.01124e-09
53.7064 PRSS 1.03636e-08
53.8021 RSS 1.08254e-09
53.8044 RSS -6.01124e-09
53.8044 PRSS 9.89362e-09
53.902 RSS 1.08254e-09
53.9043 RSS 1.20238e-08
53.9043 PRSS 5.28071e-09
54.0043 RSS -6.01124e-09
54.0048 RSS 1.08254e-09
54.0071 RSS 6.01212e-09
54.0071 PRSS 6.60148e-09
54.1028 RSS 1.08254e-09
54.1051 RSS 6.01212e-09
54.1051 PRSS 5.11286e-09
54.2027 RSS 1.08254e-09
54.205 RSS 4.41361e-13
54.205 PRSS 7.09422e-09
54.3006 RSS 1.08254e-09
54.3029 RSS 4.41361e-13
54.3029 PRSS 8.69959e-09
54.4028 RSS 1.08254e-09
54.4051 RSS 6.01212e-09
54.4051 PRSS 1.18035e-08
54.5033 RSS 1.08254e-09
54.5056 RSS 4.41361e-13
54.5056 PRSS 2.25846e-09
54.6026 RSS 1.08254e-09
54.605 RSS 4.41361e-13
54.605 PRSS 9.13045e-09
54.7045 RSS 1.08254e-09
54.7068 RSS 4.41361e-13
54.7068 PRSS 1.31059e-08
54.8025 RSS 1.08254e-09
54.8048 RSS 4.41361e-13
54.8048 PRSS 1.08254e-09
--
Received one packet! Socket: 10.1.1.1 port: 49153 at time = 54.8048
--
54.9024 RSS 1.08254e-09
54.9047 RSS 6.01212e-09
54.9047 PRSS 6.07038e-09
55.0001 RSS 1.08254e-09
55.0024 RSS 6.01212e-09
55.0024 PRSS 7.09422e-09
55.1024 RSS 6.01212e-09
55.1029 RSS 1.08254e-09
55.1052 RSS 6.01212e-09
55.1052 PRSS 1.25776e-08
55.2013 RSS 1.08254e-09
55.2036 RSS 4.41361e-13
55.2036 PRSS 7.09422e-09
55.3014 RSS 1.08254e-09
55.3037 RSS 4.41361e-13
55.3037 PRSS 4.95402e-09
55.4001 RSS 1.08254e-09
55.4024 RSS 6.01212e-09
55.4024 PRSS 6.10756e-09
55.5024 RSS 6.01212e-09
55.5034 RSS 1.08254e-09
55.5057 RSS 4.41361e-13
55.5057 PRSS 7.09422e-09
55.6022 RSS 1.08254e-09
55.6045 RSS 4.41361e-13
55.6045 PRSS 1.08254e-09
--
Received one packet! Socket: 10.1.1.1 port: 49153 at time = 55.6045
--
55.7039 RSS 1.08254e-09
55.7062 RSS 6.01212e-09
55.7062 PRSS 5.92932e-09
55.8018 RSS 1.08254e-09
55.8041 RSS -6.01124e-09
55.8041 PRSS 1.11371e-08
55.9041 RSS 4.41361e-13
55.9041 RSS 1.08254e-09
55.9064 RSS 6.01212e-09
55.9064 PRSS 2.37717e-09
--
Received one packet! Socket: 10.1.1.1 port: 49153 at time = 55.9064
--
56.0045 RSS 1.08254e-09
56.0068 RSS -6.01124e-09
56.0068 PRSS 8.62545e-09
56.1026 RSS 1.08254e-09
56.1049 RSS -6.01124e-09
56.1049 PRSS 7.7559e-09
56.2029 RSS 1.08254e-09
56.2052 RSS 4.41361e-13
56.2052 PRSS 7.09422e-09
56.3021 RSS 1.08254e-09
56.3044 RSS 4.41361e-13
56.4027 RSS 1.08254e-09
56.405 RSS -6.01124e-09
56.5018 RSS 1.08254e-09
56.5041 RSS -6.01124e-09
56.5041 PRSS 1.26663e-08
56.6027 RSS 1.08254e-09
56.605 RSS 4.41361e-13
56.605 PRSS 7.09422e-09
56.7045 RSS 1.08254e-09
56.7068 RSS 4.41361e-13
56.7068 PRSS 4.55222e-09
56.803 RSS 1.08254e-09
56.8053 RSS 6.01212e-09
56.8053 PRSS 4.43859e-09
56.9001 RSS 1.08254e-09
56.9024 RSS -6.01124e-09
56.9024 PRSS 6.59709e-09
57.0009 RSS 1.08254e-09
57.0032 RSS 4.41361e-13
57.0032 PRSS 7.81838e-09
57.102 RSS 1.08254e-09
57.1043 RSS 4.41361e-13
57.1043 PRSS 7.29398e-09
57.2039 RSS 1.08254e-09
57.2062 RSS 4.41361e-13
57.2062 PRSS 7.09422e-09
57.3002 RSS 1.08254e-09
57.3025 RSS 4.41361e-13
57.3025 PRSS 1.31059e-08
57.4013 RSS 1.08254e-09
57.4036 RSS 6.01212e-09
57.4036 PRSS 6.78208e-09
57.5004 RSS 1.08254e-09
57.5027 RSS 6.01212e-09
57.5027 PRSS 1.08046e-08
57.6027 RSS 4.41361e-13
57.6033 RSS 1.08254e-09
57.6056 RSS 4.41361e-13
57.6056 PRSS 7.09422e-09
57.7014 RSS 1.08254e-09
57.7037 RSS 6.01212e-09
57.7037 PRSS 3.90989e-09
57.8034 RSS 1.08254e-09
57.8057 RSS -6.01124e-09
57.8057 PRSS 4.08129e-09
57.9047 RSS 1.08254e-09
57.907 RSS -6.01124e-09
57.907 PRSS 8.86824e-09
58.0017 RSS 1.08254e-09
58.004 RSS 4.41361e-13
58.004 PRSS 1.08254e-09
--
Received one packet! Socket: 10.1.1.1 port: 49153 at time = 58.004
--
58.1036 RSS 1.08254e-09
58.1059 RSS 4.41361e-13
58.1059 PRSS 8.85263e-09
58.2033 RSS 1.08254e-09
58.2056 RSS -6.01124e-09
58.2056 PRSS 3.78262e-09
58.3008 RSS 1.08254e-09
58.3031 RSS 4.41361e-13
58.3031 PRSS 7.09422e-09
58.4031 RSS 4.41361e-13
58.4038 RSS 1.08254e-09
58.4061 RSS 6.01212e-09
58.4061 PRSS 5.40093e-09
58.5 RSS 1.08254e-09
58.5023 RSS 4.41361e-13
58.5023 PRSS 1.38379e-09
--
Received one packet! Socket: 10.1.1.1 port: 49153 at time = 58.5023
--
58.6009 RSS 1.08254e-09
58.6032 RSS -6.01124e-09
58.6032 PRSS 7.49087e-09
58.7032 RSS 6.01212e-09
58.7037 RSS 1.08254e-09
58.706 RSS -6.01124e-09
58.706 PRSS 7.09422e-09
58.8018 RSS 1.08254e-09
58.8041 RSS 4.41361e-13
58.8041 PRSS 1.08254e-09
--
Received one packet! Socket: 10.1.1.1 port: 49153 at time = 58.8041
--
58.9015 RSS 1.08254e-09
58.9038 RSS 4.41361e-13
58.9038 PRSS 7.09422e-09
59.0025 RSS 1.08254e-09
59.0048 RSS 6.01212e-09
59.0048 PRSS 4.74722e-09
59.1044 RSS 1.08254e-09
59.1067 RSS 4.41361e-13
59.1067 PRSS 7.09422e-09
59.2032 RSS 1.08254e-09
59.2055 RSS -6.01124e-09
59.2055 PRSS 6.31431e-09
59.3006 RSS 1.08254e-09
59.3029 RSS 4.41361e-13
59.3029 PRSS 7.09422e-09
59.4029 RSS 6.01212e-09
59.4029 RSS 1.08254e-09
59.4052 RSS 4.41361e-13
59.4052 PRSS 7.06624e-09
59.5 RSS 1.08254e-09
59.5023 RSS 4.41361e-13
59.5023 PRSS 7.09422e-09
59.6022 RSS 1.08254e-09
59.6045 RSS 4.41361e-13
59.6045 PRSS 4.62354e-09
59.7024 RSS 1.08254e-09
59.7047 RSS 1.20238e-08
59.7047 PRSS 1.2212e-08
59.8025 RSS 1.08254e-09
59.8048 RSS 4.41361e-13
59.8048 PRSS 1.08254e-09
--
Received one packet! Socket: 10.1.1.1 port: 49153 at time = 59.8048
--
59.9048 RSS 6.01212e-09
59.905 RSS 1.08254e-09
59.9073 RSS 4.41361e-13
59.9073 PRSS 7.09422e-09
Actual PDR = 0.1
Actual RSS = 1.20238e-08
Actual Average Packet RSS = 1.31059e-08
