0 RSS 4.41361e-13
0.00270739 RSS 1.08254e-09
0.00501139 RSS 4.41361e-13
0.00501139 PRSS 5.24448e-09
0.105011 RSS -4.16149e-09
1.00413 RSS 1.08254e-09
1.00644 RSS 4.41361e-13
1.10644 RSS -4.16149e-09
2.00285 RSS 1.08254e-09
2.00515 RSS 4.41361e-13
2.00515 PRSS 1.08254e-09
--
Received one packet! Socket: 10.1.1.1 port: 49153 at time = 2.00515
--
2.10515 RSS 4.41361e-13
3.00281 RSS 1.08254e-09
3.00512 RSS 4.41361e-13
--
Received one packet! Socket: 10.1.1.1 port: 49153 at time = 3.00512
--
3.10512 RSS 4.41361e-13
4.00024 RSS 1.08254e-09
4.00255 RSS 4.41361e-13
--
Received one packet! Socket: 10.1.1.1 port: 49153 at time = 4.00255
--
4.10255 RSS 4.41361e-13
5.0027 RSS 1.08254e-09
5.00501 RSS 4.41361e-13
--
Received one packet! Socket: 10.1.1.1 port: 49153 at time = 5.00501
--
5.10501 RSS 4.41361e-13
6.00353 RSS 1.08254e-09
6.00584 RSS 4.41361e-13
6.00584 PRSS 5.24448e-09
6.10584 RSS -4.16149e-09
7.00213 RSS 1.08254e-09
7.00443 RSS 4.41361e-13
7.00443 PRSS 1.08254e-09
--
Received one packet! Socket: 10.1.1.1 port: 49153 at time = 7.00443
--
7.10443 RSS 4.41361e-13
8.00098 RSS 1.08254e-09
8.00328 RSS 4.41361e-13
--
Received one packet! Socket: 10.1.1.1 port: 49153 at time = 8.00328
--
8.10328 RSS 4.41361e-13
9.00264 RSS 1.08254e-09
9.00494 RSS 4.16237e-09
9.00494 PRSS 1.60561e-09
--
Received one packet! Socket: 10.1.1.1 port: 49153 at time = 9.00494
--
9.10494 RSS 4.41361e-13
10.0031 RSS 1.08254e-09
10.0054 RSS 4.41361e-13
10.0054 PRSS 1.08254e-09
--
Received one packet! Socket: 10.1.1.1 port: 49153 at time = 10.0054
--
10.1054 RSS 4.41361e-13
11.0008 RSS 1.08254e-09
11.0031 RSS 4.41361e-13
--
Received one packet! Socket: 10.1.1.1 port: 49153 at time = 11.0031
--
11.1031 RSS 4.41361e-13
12.001 RSS 1.08254e-09
12.0033 RSS 4.16237e-09
12.0033 PRSS 5.21367e-09
12.1033 RSS 4.41361e-13
13.0039 RSS 1.08254e-09
13.0062 RSS 4.41361e-13
13.0062 PRSS 1.08254e-09
--
Received one packet! Socket: 10.1.1.1 port: 49153 at time = 13.0062
--
13.1062 RSS 4.41361e-13
14.0006 RSS 1.08254e-09
14.0029 RSS 4.41361e-13
--
Received one packet! Socket: 10.1.1.1 port: 49153 at time = 14.0029
--
14.1029 RSS 4.41361e-13
15.0049 RSS 1.08254e-09
15.0072 RSS 4.16237e-09
15.0072 PRSS 3.44009e-09
15.1072 RSS 4.41361e-13
16.0036 RSS 1.08254e-09
16.0059 RSS 4.41361e-13
16.0059 PRSS 1.08254e-09
--
Received one packet! Socket: 10.1.1.1 port: 49153 at time = 16.0059
--
16.1059 RSS 4.41361e-13
17.0011 RSS 1.08254e-09
17.0034 RSS 4.41361e-13
--
Received one packet! Socket: 10.1.1.1 port: 49153 at time = 17.0034
--
17.1034 RSS 4.41361e-13
18.0018 RSS 1.08254e-09
18.0041 RSS 4.41361e-13
--
Received one packet! Socket: 10.1.1.1 port: 49153 at time = 18.0041
--
18.1041 RSS 4.41361e-13
19.0015 RSS 1.08254e-09
19.0038 RSS 4.41361e-13
--
Received one packet! Socket: 10.1.1.1 port: 49153 at time = 19.0038
--
19.1038 RSS 4.41361e-13
20.0022 RSS 1.08254e-09
20.0045 RSS 4.41361e-13
--
Received one packet! Socket: 10.1.1.1 port: 49153 at time = 20.0045
--
20.1045 RSS 4.41361e-13
21.0042 RSS 1.08254e-09
21.0065 RSS 4.41361e-13
--
Received one packet! Socket: 10.1.1.1 port: 49153 at time = 21.0065
--
21.1065 RSS 4.41361e-13
22.0038 RSS 1.08254e-09
22.0061 RSS 4.16237e-09
22.0061 PRSS 1.30455e-09
22.1061 RSS 4.41361e-13
23.0033 RSS 1.08254e-09
23.0056 RSS 4.41361e-13
23.0056 PRSS 1.08254e-09
--
Received one packet! Socket: 10.1.1.1 port: 49153 at time = 23.0056
--
23.1056 RSS 4.41361e-13
24.0019 RSS 1.08254e-09
24.0042 RSS 4.16237e-09
24.0042 PRSS 2.15828e-09
--
Received one packet! Socket: 10.1.1.1 port: 49153 at time = 24.0042
--
24.1042 RSS 4.41361e-13
25.0009 RSS 1.08254e-09
25.0032 RSS 4.41361e-13
25.0032 PRSS 1.08254e-09
--
Received one packet! Socket: 10.1.1.1 port: 49153 at time = 25.0032
--
25.1032 RSS 4.41361e-13
26.0027 RSS 1.08254e-09
26.005 RSS 4.41361e-13
--
Received one packet! Socket: 10.1.1.1 port: 49153 at time = 26.005
--
26.105 RSS 4.41361e-13
27.0033 RSS 1.08254e-09
27.0056 RSS 4.41361e-13
--
Received one packet! Socket: 10.1.1.1 port: 49153 at time = 27.0056
--
27.1056 RSS 4.41361e-13
28.0038 RSS 1.08254e-09
28.0061 RSS 4.16237e-09
28.0061 PRSS 2.10312e-09
28.1061 RSS 4.41361e-13
29.0016 RSS 1.08254e-09
29.0039 RSS 4.16237e-09
29.0039 PRSS 1.67016e-09
--
Received one packet! Socket: 10.1.1.1 port: 49153 at time = 29.0039
--
29.1039 RSS 4.41361e-13
30.0019 RSS 1.08254e-09
30.0042 RSS 4.16237e-09
30.0042 PRSS 3.52776e-09
30.1042 RSS 4.41361e-13
31.0018 RSS 1.08254e-09
31.0041 RSS 4.41361e-13
31.0041 PRSS 1.08254e-09
--
Received one packet! Socket: 10.1.1.1 port: 49153 at time = 31.0041
--
31.1041 RSS 4.41361e-13
32.0023 RSS 1.08254e-09
32.0046 RSS 4.41361e-13
--
Received one packet! Socket: 10.1.1.1 port: 49153 at time = 32.0046
--
32.1046 RSS 4.41361e-13
33.005 RSS 1.08254e-09
33.0073 RSS 4.16237e-09
33.0073 PRSS 2.50161e-09
33.1073 RSS 4.41361e-13
34.0015 RSS 1.08254e-09
34.0038 RSS 4.41361e-13
34.0038 PRSS 1.08254e-09
--
Received one packet! Socket: 10.1.1.1 port: 49153 at time = 34.0038
--
34.1038 RSS 4.41361e-13
35.0036 RSS 1.08254e-09
35.0059 RSS 4.41361e-13
--
Received one packet! Socket: 10.1.1.1 port: 49153 at time = 35.0059
--
35.1059 RSS 4.41361e-13
36.0042 RSS 1.08254e-09
36.0065 RSS 4.41361e-13
--
Received one packet! Socket: 10.1.1.1 port: 49153 at time = 36.0065
--
36.1065 RSS 4.41361e-13
37.0044 RSS 1.08254e-09
37.0067 RSS 4.41361e-13
37.0067 PRSS 5.24448e-09
37.1067 RSS -4.16149e-09
38.0018 RSS 1.08254e-09
38.0041 RSS 4.41361e-13
38.0041 PRSS 1.08254e-09
--
Received one packet! Socket: 10.1.1.1 port: 49153 at time = 38.0041
--
38.1041 RSS 4.41361e-13
39.0036 RSS 1.08254e-09
39.0059 RSS 4.41361e-13
--
Received one packet! Socket: 10.1.1.1 port: 49153 at time = 39.0059
--
39.1059 RSS 4.41361e-13
40.0031 RSS 1.08254e-09
40.0054 RSS 4.41361e-13
--
Received one packet! Socket: 10.1.1.1 port: 49153 at time = 40.0054
--
40.1054 RSS 4.41361e-13
41.004 RSS 1.08254e-09
41.0063 RSS 4.41361e-13
--
Received one packet! Socket: 10.1.1.1 port: 49153 at time = 41.0063
--
41.1063 RSS 4.41361e-13
42.0018 RSS 1.08254e-09
42.0041 RSS 4.41361e-13
--
Received one packet! Socket: 10.1.1.1 port: 49153 at time = 42.0041
--
42.1041 RSS 4.41361e-13
43.0005 RSS 1.08254e-09
43.0028 RSS 4.41361e-13
--
Received one packet! Socket: 10.1.1.1 port: 49153 at time = 43.0028
--
43.1028 RSS 4.41361e-13
44.0043 RSS 1.08254e-09
44.0066 RSS 4.41361e-13
--
Received one packet! Socket: 10.1.1.1 port: 49153 at time = 44.0066
--
44.1066 RSS 4.41361e-13
45.0006 RSS 1.08254e-09
45.0029 RSS 4.41361e-13
--
Received one packet! Socket: 10.1.1.1 port: 49153 at time = 45.0029
--
45.1029 RSS 4.41361e-13
46.0025 RSS 1.08254e-09
46.0049 RSS 4.41361e-13
--
Received one packet! Socket: 10.1.1.1 port: 49153 at time = 46.0049
--
46.1049 RSS 4.41361e-13
47.0008 RSS 1.08254e-09
47.0031 RSS 4.41361e-13
--
Received one packet! Socket: 10.1.1.1 port: 49153 at time = 47.0031
--
47.1031 RSS 4.41361e-13
48.0034 RSS 1.08254e-09
48.0057 RSS 4.16237e-09
48.0057 PRSS 2.8941e-09
48.1057 RSS 4.41361e-13
49.0038 RSS 1.08254e-09
49.0061 RSS 4.16237e-09
49.0061 PRSS 3.25342e-09
49.1061 RSS 4.41361e-13
50.0038 RSS 1.08254e-09
50.0061 RSS 4.41361e-13
50.0061 PRSS 1.08254e-09
--
Received one packet! Socket: 10.1.1.1 port: 49153 at time = 50.0061
--
50.1061 RSS 4.41361e-13
51.0007 RSS 1.08254e-09
51.003 RSS 4.41361e-13
--
Received one packet! Socket: 10.1.1.1 port: 49153 at time = 51.003
--
51.103 RSS 4.41361e-13
52.003 RSS 4.16237e-09
52.0041 RSS 1.08254e-09
52.0064 RSS 4.41361e-13
52.0064 PRSS 5.24448e-09
52.1064 RSS -4.16149e-09
53.0036 RSS 1.08254e-09
53.0059 RSS 4.41361e-13
53.1059 RSS -4.16149e-09
54.0024 RSS 1.08254e-09
54.0047 RSS 4.16237e-09
54.0047 PRSS 1.44925e-09
54.1047 RSS 4.41361e-13
55.0024 RSS 1.08254e-09
55.0047 RSS 4.41361e-13
55.0047 PRSS 1.08254e-09
--
Received one packet! Socket: 10.1.1.1 port: 49153 at time = 55.0047
--
55.1047 RSS 4.41361e-13
56.0012 RSS 1.08254e-09
56.0035 RSS 4.41361e-13
--
Received one packet! Socket: 10.1.1.1 port: 49153 at time = 56.0035
--
56.1035 RSS 4.41361e-13
57.0031 RSS 1.08254e-09
57.0054 RSS 4.41361e-13
--
Received one packet! Socket: 10.1.1.1 port: 49153 at time = 57.0054
--
57.1054 RSS 4.41361e-13
58.0044 RSS 1.08254e-09
58.0067 RSS 4.41361e-13
--
Received one packet! Socket: 10.1.1.1 port: 49153 at time = 58.0067
--
58.1067 RSS 4.41361e-13
59.0023 RSS 1.08254e-09
59.0046 RSS 4.41361e-13
--
Received one packet! Socket: 10.1.1.1 port: 49153 at time = 59.0046
--
59.1046 RSS 4.41361e-13
Actual PDR = 0.75
Actual RSS = 4.16237e-09
Actual Average Packet RSS = 5.24448e-09
