0 RSS 4.41361e-13
0.00270739 RSS 1.08254e-09
0.00501139 RSS 4.41361e-13
0.00501139 PRSS 2.67387e-09
--
Received one packet! Socket: 10.1.1.1 port: 49153 at time = 0.00501139
--
0.105011 RSS -1.59089e-09
1.00413 RSS 1.08254e-09
1.00644 RSS 4.41361e-13
--
Received one packet! Socket: 10.1.1.1 port: 49153 at time = 1.00644
--
1.10644 RSS -1.59089e-09
2.00285 RSS 1.08254e-09
2.00515 RSS 4.41361e-13
2.00515 PRSS 1.08254e-09
--
Received one packet! Socket: 10.1.1.1 port: 49153 at time = 2.00515
--
3.00281 RSS 1.08254e-09
3.00512 RSS 4.41361e-13
--
Received one packet! Socket: 10.1.1.1 port: 49153 at time = 3.00512
--
4.00024 RSS 1.08254e-09
4.00255 RSS 4.41361e-13
--
Received one packet! Socket: 10.1.1.1 port: 49153 at time = 4.00255
--
5.0027 RSS 1.08254e-09
5.00501 RSS 4.41361e-13
--
Received one packet! Socket: 10.1.1.1 port: 49153 at time = 5.00501
--
6.00353 RSS 1.08254e-09
6.00584 RSS 4.41361e-13
6.00584 PRSS 2.67387e-09
--
Received one packet! Socket: 10.1.1.1 port: 49153 at time = 6.00584
--
6.10584 RSS -1.59089e-09
7.00213 RSS 1.08254e-09
7.00443 RSS 4.41361e-13
7.00443 PRSS 1.08254e-09
--
Received one packet! Socket: 10.1.1.1 port: 49153 at time = 7.00443
--
8.00098 RSS 1.08254e-09
8.00328 RSS 4.41361e-13
--
Received one packet! Socket: 10.1.1.1 port: 49153 at time = 8.00328
--
9.00264 RSS 1.08254e-09
9.00494 RSS 1.59177e-09
9.00494 PRSS 1.28254e-09
--
Received one packet! Socket: 10.1.1.1 port: 49153 at time = 9.00494
--
9.10494 RSS 4.41361e-13
10.0031 RSS 1.08254e-09
10.0054 RSS 4.41361e-13
10.0054 PRSS 1.08254e-09
--
Received one packet! Socket: 10.1.1.1 port: 49153 at time = 10.0054
--
11.0008 RSS 1.08254e-09
11.0031 RSS 4.41361e-13
--
Received one packet! Socket: 10.1.1.1 port: 49153 at time = 11.0031
--
12.001 RSS 1.08254e-09
12.0033 RSS 1.59177e-09
12.0033 PRSS 2.66209e-09
--
Received one packet! Socket: 10.1.1.1 port: 49153 at time = 12.0033
--
12.1033 RSS 4.41361e-13
13.0039 RSS 1.08254e-09
13.0062 RSS 4.41361e-13
13.0062 PRSS 1.08254e-09
--
Received one packet! Socket: 10.1.1.1 port: 49153 at time = 13.0062
--
14.0006 RSS 1.08254e-09
14.0029 RSS 4.41361e-13
--
Received one packet! Socket: 10.1.1.1 port: 49153 at time = 14.0029
--
15.0049 RSS 1.08254e-09
15.0072 RSS 1.59177e-09
15.0072 PRSS 1.98396e-09
--
Received one packet! Socket: 10.1.1.1 port: 49153 at time = 15.0072
--
15.1072 RSS 4.41361e-13
16.0036 RSS 1.08254e-09
16.0059 RSS 4.41361e-13
16.0059 PRSS 1.08254e-09
--
Received one packet! Socket: 10.1.1.1 port: 49153 at time = 16.0059
--
17.0011 RSS 1.08254e-09
17.0034 RSS 4.41361e-13
--
Received one packet! Socket: 10.1.1.1 port: 49153 at time = 17.0034
--
18.0018 RSS 1.08254e-09
18.0041 RSS 4.41361e-13
--
Received one packet! Socket: 10.1.1.1 port: 49153 at time = 18.0041
--
19.0015 RSS 1.08254e-09
19.0038 RSS 4.41361e-13
--
Received one packet! Socket: 10.1.1.1 port: 49153 at time = 19.0038
--
20.0022 RSS 1.08254e-09
20.0045 RSS 4.41361e-13
--
Received one packet! Socket: 10.1.1.1 port: 49153 at time = 20.0045
--
21.0042 RSS 1.08254e-09
21.0065 RSS 4.41361e-13
--
Received one packet! Socket: 10.1.1.1 port: 49153 at time = 21.0065
--
22.0038 RSS 1.08254e-09
22.0061 RSS 1.59177e-09
22.0061 PRSS 1.16743e-09
--
Received one packet! Socket: 10.1.1.1 port: 49153 at time = 22.0061
--
22.1061 RSS 4.41361e-13
23.0033 RSS 1.08254e-09
23.0056 RSS 4.41361e-13
23.0056 PRSS 1.08254e-09
--
Received one packet! Socket: 10.1.1.1 port: 49153 at time = 23.0056
--
24.0019 RSS 1.08254e-09
24.0042 RSS 1.59177e-09
24.0042 PRSS 1.49386e-09
--
Received one packet! Socket: 10.1.1.1 port: 49153 at time = 24.0042
--
24.1042 RSS 4.41361e-13
25.0009 RSS 1.08254e-09
25.0032 RSS 4.41361e-13
25.0032 PRSS 1.08254e-09
--
Received one packet! Socket: 10.1.1.1 port: 49153 at time = 25.0032
--
26.0027 RSS 1.08254e-09
26.005 RSS 4.41361e-13
--
Received one packet! Socket: 10.1.1.1 port: 49153 at time = 26.005
--
27.0033 RSS 1.08254e-09
27.0056 RSS 4.41361e-13
--
Received one packet! Socket: 10.1.1.1 port: 49153 at time = 27.0056
--
28.0038 RSS 1.08254e-09
28.0061 RSS 1.59177e-09
28.0061 PRSS 1.47276e-09
--
Received one packet! Socket: 10.1.1.1 port: 49153 at time = 28.0061
--
28.1061 RSS 4.41361e-13
29.0016 RSS 1.08254e-09
29.0039 RSS 1.59177e-09
29.0039 PRSS 1.30722e-09
--
Received one packet! Socket: 10.1.1.1 port: 49153 at time = 29.0039
--
29.1039 RSS 4.41361e-13
30.0019 RSS 1.08254e-09
30.0042 RSS 1.59177e-09
30.0042 PRSS 2.01748e-09
--
Received one packet! Socket: 10.1.1.1 port: 49153 at time = 30.0042
--
30.1042 RSS 4.41361e-13
31.0018 RSS 1.08254e-09
31.0041 RSS 4.41361e-13
31.0041 PRSS 1.08254e-09
--
Received one packet! Socket: 10.1.1.1 port: 49153 at time = 31.0041
--
32.0023 RSS 1.08254e-09
32.0046 RSS 4.41361e-13
--
Received one packet! Socket: 10.1.1.1 port: 49153 at time = 32.0046
--
33.005 RSS 1.08254e-09
33.0073 RSS 1.59177e-09
33.0073 PRSS 1.62513e-09
--
Received one packet! Socket: 10.1.1.1 port: 49153 at time = 33.0073
--
33.1073 RSS 4.41361e-13
34.0015 RSS 1.08254e-09
34.0038 RSS 4.41361e-13
34.0038 PRSS 1.08254e-09
--
Received one packet! Socket: 10.1.1.1 port: 49153 at time = 34.0038
--
35.0036 RSS 1.08254e-09
35.0059 RSS 4.41361e-13
--
Received one packet! Socket: 10.1.1.1 port: 49153 at time = 35.0059
--
36.0042 RSS 1.08254e-09
36.0065 RSS 4.41361e-13
--
Received one packet! Socket: 10.1.1.1 port: 49153 at time = 36.0065
--
37.0044 RSS 1.08254e-09
37.0067 RSS 4.41361e-13
37.0067 PRSS 2.67387e-09
--
Received one packet! Socket: 10.1.1.1 port: 49153 at time = 37.0067
--
37.1067 RSS -1.59089e-09
38.0018 RSS 1.08254e-09
38.0041 RSS 4.41361e-13
38.0041 PRSS 1.08254e-09
--
Received one packet! Socket: 10.1.1.1 port: 49153 at time = 38.0041
--
39.0036 RSS 1.08254e-09
39.0059 RSS 4.41361e-13
--
Received one packet! Socket: 10.1.1.1 port: 49153 at time = 39.0059
--
40.0031 RSS 1.08254e-09
40.0054 RSS 4.41361e-13
--
Received one packet! Socket: 10.1.1.1 port: 49153 at time = 40.0054
--
41.004 RSS 1.08254e-09
41.0063 RSS 4.41361e-13
--
Received one packet! Socket: 10.1.1.1 port: 49153 at time = 41.0063
--
42.0018 RSS 1.08254e-09
42.0041 RSS 4.41361e-13
--
Received one packet! Socket: 10.1.1.1 port: 49153 at time = 42.0041
--
43.0005 RSS 1.08254e-09
43.0028 RSS 4.41361e-13
--
Received one packet! Socket: 10.1.1.1 port: 49153 at time = 43.0028
--
44.0043 RSS 1.08254e-09
44.0066 RSS 4.41361e-13
--
Received one packet! Socket: 10.1.1.1 port: 49153 at time = 44.0066
--
45.0006 RSS 1.08254e-09
45.0029 RSS 4.41361e-13
--
Received one packet! Socket: 10.1.1.1 port: 49153 at time = 45.0029
--
46.0025 RSS 1.08254e-09
46.0049 RSS 4.41361e-13
--
Received one packet! Socket: 10.1.1.1 port: 49153 at time = 46.0049
--
47.0008 RSS 1.08254e-09
47.0031 RSS 4.41361e-13
--
Received one packet! Socket: 10.1.1.1 port: 49153 at time = 47.0031
--
48.0034 RSS 1.08254e-09
48.0057 RSS 1.59177e-09
48.0057 PRSS 1.7752e-09
--
Received one packet! Socket: 10.1.1.1 port: 49153 at time = 48.0057
--
48.1057 RSS 4.41361e-13
49.0038 RSS 1.08254e-09
49.0061 RSS 1.59177e-09
49.0061 PRSS 1.91259e-09
--
Received one packet! Socket: 10.1.1.1 port: 49153 at time = 49.0061
--
49.1061 RSS 4.41361e-13
50.0038 RSS 1.08254e-09
50.0061 RSS 4.41361e-13
50.0061 PRSS 1.08254e-09
--
Received one packet! Socket: 10.1.1.1 port: 49153 at time = 50.0061
--
51.0007 RSS 1.08254e-09
51.003 RSS 4.41361e-13
--
Received one packet! Socket: 10.1.1.1 port: 49153 at time = 51.003
--
52.003 RSS 1.59177e-09
52.0041 RSS 1.08254e-09
52.0064 RSS 4.41361e-13
52.0064 PRSS 2.67387e-09
--
Received one packet! Socket: 10.1.1.1 port: 49153 at time = 52.0064
--
52.1064 RSS -1.59089e-09
53.0036 RSS 1.08254e-09
53.0059 RSS 4.41361e-13
--
Received one packet! Socket: 10.1.1.1 port: 49153 at time = 53.0059
--
53.1059 RSS -1.59089e-09
54.0024 RSS 1.08254e-09
54.0047 RSS 1.59177e-09
54.0047 PRSS 1.22276e-09
--
Received one packet! Socket: 10.1.1.1 port: 49153 at time = 54.0047
--
54.1047 RSS 4.41361e-13
55.0024 RSS 1.08254e-09
55.0047 RSS 4.41361e-13
55.0047 PRSS 1.08254e-09
--
Received one packet! Socket: 10.1.1.1 port: 49153 at time = 55.0047
--
56.0012 RSS 1.08254e-09
56.0035 RSS 4.41361e-13
--
Received one packet! Socket: 10.1.1.1 port: 49153 at time = 56.0035
--
57.0031 RSS 1.08254e-09
57.0054 RSS 4.41361e-13
--
Received one packet! Socket: 10.1.1.1 port: 49153 at time = 57.0054
--
58.0044 RSS 1.08254e-09
58.0067 RSS 4.41361e-13
--
Received one packet! Socket: 10.1.1.1 port: 49153 at time = 58.0067
--
59.0023 RSS 1.08254e-09
59.0046 RSS 4.41361e-13
--
Received one packet! Socket: 10.1.1.1 port: 49153 at time = 59.0046
--
Actual PDR = 1
Actual RSS = 1.59177e-09
Actual Average Packet RSS = 2.67387e-09
