0 RSS 4.41361e-13
0.00270739 RSS 1.08254e-09
0.00501139 RSS 4.41361e-13
0.00501139 PRSS 7.09422e-09
0.104131 RSS 1.08254e-09
0.106435 RSS 4.41361e-13
0.202849 RSS 1.08254e-09
0.205153 RSS 4.41361e-13
0.205153 PRSS 1.08254e-09
--
Received one packet! Socket: 10.1.1.1 port: 49153 at time = 0.205153
--
0.302812 RSS 1.08254e-09
0.305116 RSS 4.41361e-13
--
Received one packet! Socket: 10.1.1.1 port: 49153 at time = 0.305116
--
0.400241 RSS 1.08254e-09
0.402545 RSS 4.41361e-13
--
Received one packet! Socket: 10.1.1.1 port: 49153 at time = 0.402545
--
0.502545 RSS 4.41361e-13
0.502705 RSS 1.08254e-09
0.505009 RSS 4.41361e-13
--
Received one packet! Socket: 10.1.1.1 port: 49153 at time = 0.505009
--
0.603531 RSS 1.08254e-09
0.605835 RSS 4.41361e-13
0.605835 PRSS 7.09422e-09
0.702129 RSS 1.08254e-09
0.704433 RSS 4.41361e-13
0.704433 PRSS 1.08254e-09
--
Received one packet! Socket: 10.1.1.1 port: 49153 at time = 0.704433
--
0.800978 RSS 1.08254e-09
0.803282 RSS 4.41361e-13
--
Received one packet! Socket: 10.1.1.1 port: 49153 at time = 0.803282
--
0.90264 RSS 1.08254e-09
0.904944 RSS 6.01212e-09
0.904944 PRSS 1.83809e-09
1.00311 RSS 1.08254e-09
1.00542 RSS 4.41361e-13
1.00542 PRSS 1.08254e-09
--
Received one packet! Socket: 10.1.1.1 port: 49153 at time = 1.00542
--
1.10081 RSS 1.08254e-09
1.10311 RSS 4.41361e-13
--
Received one packet! Socket: 10.1.1.1 port: 49153 at time = 1.10311
--
1.20103 RSS 1.08254e-09
1.20333 RSS 6.01212e-09
1.20333 PRSS 7.04972e-09
1.30333 RSS 4.41361e-13
1.30388 RSS 1.08254e-09
1.30618 RSS 4.41361e-13
1.30618 PRSS 1.08254e-09
--
Received one packet! Socket: 10.1.1.1 port: 49153 at time = 1.30618
--
1.40064 RSS 1.08254e-09
1.40295 RSS 4.41361e-13
--
Received one packet! Socket: 10.1.1.1 port: 49153 at time = 1.40295
--
1.50295 RSS 4.41361e-13
1.50488 RSS 1.08254e-09
1.50718 RSS 6.01212e-09
1.50718 PRSS 4.48789e-09
1.60358 RSS 1.08254e-09
1.60588 RSS 4.41361e-13
1.60588 PRSS 1.08254e-09
--
Received one packet! Socket: 10.1.1.1 port: 49153 at time = 1.60588
--
1.70106 RSS 1.08254e-09
1.70337 RSS 4.41361e-13
--
Received one packet! Socket: 10.1.1.1 port: 49153 at time = 1.70337
--
1.80179 RSS 1.08254e-09
1.8041 RSS 4.41361e-13
--
Received one packet! Socket: 10.1.1.1 port: 49153 at time = 1.8041
--
1.90151 RSS 1.08254e-09
1.90381 RSS 4.41361e-13
--
Received one packet! Socket: 10.1.1.1 port: 49153 at time = 1.90381
--
2.00222 RSS 1.08254e-09
2.00452 RSS 4.41361e-13
--
Received one packet! Socket: 10.1.1.1 port: 49153 at time = 2.00452
--
2.10424 RSS 1.08254e-09
2.10654 RSS 4.41361e-13
--
Received one packet! Socket: 10.1.1.1 port: 49153 at time = 2.10654
--
2.20382 RSS 1.08254e-09
2.20612 RSS 6.01212e-09
2.20612 PRSS 1.40321e-09
2.30326 RSS 1.08254e-09
2.30556 RSS 4.41361e-13
2.30556 PRSS 1.08254e-09
--
Received one packet! Socket: 10.1.1.1 port: 49153 at time = 2.30556
--
2.40188 RSS 1.08254e-09
2.40418 RSS 6.01212e-09
2.40418 PRSS 2.63639e-09
2.50085 RSS 1.08254e-09
2.50316 RSS 4.41361e-13
2.50316 PRSS 1.08254e-09
--
Received one packet! Socket: 10.1.1.1 port: 49153 at time = 2.50316
--
2.60273 RSS 1.08254e-09
2.60503 RSS 4.41361e-13
--
Received one packet! Socket: 10.1.1.1 port: 49153 at time = 2.60503
--
2.70333 RSS 1.08254e-09
2.70564 RSS 4.41361e-13
--
Received one packet! Socket: 10.1.1.1 port: 49153 at time = 2.70564
--
2.80375 RSS 1.08254e-09
2.80606 RSS 6.01212e-09
2.80606 PRSS 2.55671e-09
2.90157 RSS 1.08254e-09
2.90387 RSS 6.01212e-09
2.90387 PRSS 1.93132e-09
--
Received one packet! Socket: 10.1.1.1 port: 49153 at time = 2.90387
--
3.00187 RSS 1.08254e-09
3.00417 RSS 6.01212e-09
3.00417 PRSS 4.61452e-09
3.10177 RSS 1.08254e-09
3.10408 RSS 4.41361e-13
3.10408 PRSS 1.08254e-09
--
Received one packet! Socket: 10.1.1.1 port: 49153 at time = 3.10408
--
3.20232 RSS 1.08254e-09
3.20462 RSS 4.41361e-13
--
Received one packet! Socket: 10.1.1.1 port: 49153 at time = 3.20462
--
3.30462 RSS 4.41361e-13
3.30498 RSS 1.08254e-09
3.30728 RSS 6.01212e-09
3.30728 PRSS 3.13231e-09
3.40146 RSS 1.08254e-09
3.40377 RSS 4.41361e-13
3.40377 PRSS 1.08254e-09
--
Received one packet! Socket: 10.1.1.1 port: 49153 at time = 3.40377
--
3.50362 RSS 1.08254e-09
3.50593 RSS 4.41361e-13
--
Received one packet! Socket: 10.1.1.1 port: 49153 at time = 3.50593
--
3.6042 RSS 1.08254e-09
3.60651 RSS 4.41361e-13
--
Received one packet! Socket: 10.1.1.1 port: 49153 at time = 3.60651
--
3.70438 RSS 1.08254e-09
3.70668 RSS 4.41361e-13
3.70668 PRSS 7.09422e-09
3.80178 RSS 1.08254e-09
3.80408 RSS 4.41361e-13
3.80408 PRSS 1.08254e-09
--
Received one packet! Socket: 10.1.1.1 port: 49153 at time = 3.80408
--
3.90364 RSS 1.08254e-09
3.90594 RSS 4.41361e-13
--
Received one packet! Socket: 10.1.1.1 port: 49153 at time = 3.90594
--
4.00312 RSS 1.08254e-09
4.00542 RSS 4.41361e-13
--
Received one packet! Socket: 10.1.1.1 port: 49153 at time = 4.00542
--
4.10396 RSS 1.08254e-09
4.10626 RSS 4.41361e-13
--
Received one packet! Socket: 10.1.1.1 port: 49153 at time = 4.10626
--
4.20178 RSS 1.08254e-09
4.20409 RSS 4.41361e-13
--
Received one packet! Socket: 10.1.1.1 port: 49153 at time = 4.20409
--
4.30054 RSS 1.08254e-09
4.30285 RSS 4.41361e-13
--
Received one packet! Socket: 10.1.1.1 port: 49153 at time = 4.30285
--
4.40285 RSS 4.41361e-13
4.40433 RSS 1.08254e-09
4.40663 RSS 4.41361e-13
--
Received one packet! Socket: 10.1.1.1 port: 49153 at time = 4.40663
--
4.50057 RSS 1.08254e-09
4.50287 RSS 4.41361e-13
--
Received one packet! Socket: 10.1.1.1 port: 49153 at time = 4.50287
--
4.60255 RSS 1.08254e-09
4.60485 RSS 4.41361e-13
--
Received one packet! Socket: 10.1.1.1 port: 49153 at time = 4.60485
--
4.70081 RSS 1.08254e-09
4.70312 RSS 4.41361e-13
--
Received one packet! Socket: 10.1.1.1 port: 49153 at time = 4.70312
--
4.80312 RSS 4.41361e-13
4.80336 RSS 1.08254e-09
4.80566 RSS 6.01212e-09
4.80566 PRSS 3.69924e-09
4.90377 RSS 1.08254e-09
4.90608 RSS 6.01212e-09
4.90608 PRSS 4.21826e-09
5.00377 RSS 1.08254e-09
5.00607 RSS 4.41361e-13
5.00607 PRSS 1.08254e-09
--
Received one packet! Socket: 10.1.1.1 port: 49153 at time = 5.00607
--
5.10066 RSS 1.08254e-09
5.10296 RSS 4.41361e-13
--
Received one packet! Socket: 10.1.1.1 port: 49153 at time = 5.10296
--
5.20296 RSS 6.01212e-09
5.20411 RSS 1.08254e-09
5.20642 RSS 4.41361e-13
5.20642 PRSS 7.09422e-09
5.30364 RSS 1.08254e-09
5.30594 RSS 4.41361e-13
5.40244 RSS 1.08254e-09
5.40474 RSS 6.01212e-09
5.40474 PRSS 1.61223e-09
5.50242 RSS 1.08254e-09
5.50473 RSS 4.41361e-13
5.50473 PRSS 1.08254e-09
--
Received one packet! Socket: 10.1.1.1 port: 49153 at time = 5.50473
--
5.6012 RSS 1.08254e-09
5.60351 RSS 4.41361e-13
--
Received one packet! Socket: 10.1.1.1 port: 49153 at time = 5.60351
--
5.70314 RSS 1.08254e-09
5.70545 RSS 4.41361e-13
--
Received one packet! Socket: 10.1.1.1 port: 49153 at time = 5.70545
--
5.80436 RSS 1.08254e-09
5.80667 RSS 4.41361e-13
--
Received one packet! Socket: 10.1.1.1 port: 49153 at time = 5.80667
--
5.90231 RSS 1.08254e-09
5.90461 RSS 4.41361e-13
--
Received one packet! Socket: 10.1.1.1 port: 49153 at time = 5.90461
--
6.0008 RSS 1.08254e-09
6.0031 RSS 4.41361e-13
--
Received one packet! Socket: 10.1.1.1 port: 49153 at time = 6.0031
--
6.1007 RSS 1.08254e-09
6.103 RSS 4.41361e-13
--
Received one packet! Socket: 10.1.1.1 port: 49153 at time = 6.103
--
6.20156 RSS 1.08254e-09
6.20387 RSS 4.41361e-13
--
Received one packet! Socket: 10.1.1.1 port: 49153 at time = 6.20387
--
6.30173 RSS 1.08254e-09
6.30404 RSS 4.41361e-13
--
Received one packet! Socket: 10.1.1.1 port: 49153 at time = 6.30404
--
6.40059 RSS 1.08254e-09
6.40289 RSS 4.41361e-13
--
Received one packet! Socket: 10.1.1.1 port: 49153 at time = 6.40289
--
6.50289 RSS 4.41361e-13
6.50477 RSS 1.08254e-09
6.50707 RSS 4.41361e-13
--
Received one packet! Socket: 10.1.1.1 port: 49153 at time = 6.50707
--
6.60302 RSS 1.08254e-09
6.60532 RSS 6.01212e-09
6.60532 PRSS 6.32711e-09
6.70007 RSS 1.08254e-09
6.70237 RSS 4.41361e-13
6.70237 PRSS 1.08254e-09
--
Received one packet! Socket: 10.1.1.1 port: 49153 at time = 6.70237
--
6.80021 RSS 1.08254e-09
6.80251 RSS 4.41361e-13
--
Received one packet! Socket: 10.1.1.1 port: 49153 at time = 6.80251
--
6.90251 RSS 4.41361e-13
6.90415 RSS 1.08254e-09
6.90645 RSS 4.41361e-13
--
Received one packet! Socket: 10.1.1.1 port: 49153 at time = 6.90645
--
7.00335 RSS 1.08254e-09
7.00566 RSS 4.41361e-13
--
Received one packet! Socket: 10.1.1.1 port: 49153 at time = 7.00566
--
7.10472 RSS 1.08254e-09
7.10702 RSS 6.01212e-09
7.10702 PRSS 7.09422e-09
7.20431 RSS 1.08254e-09
7.20661 RSS 4.41361e-13
7.20661 PRSS 1.08254e-09
--
Received one packet! Socket: 10.1.1.1 port: 49153 at time = 7.20661
--
7.30288 RSS 1.08254e-09
7.30518 RSS 6.01212e-09
7.30518 PRSS 2.16466e-09
7.4028 RSS 1.08254e-09
7.40511 RSS 6.01212e-09
7.40511 PRSS 6.68745e-09
7.50189 RSS 1.08254e-09
7.50419 RSS 4.41361e-13
7.50419 PRSS 1.08254e-09
--
Received one packet! Socket: 10.1.1.1 port: 49153 at time = 7.50419
--
7.60084 RSS 1.08254e-09
7.60314 RSS 4.41361e-13
--
Received one packet! Socket: 10.1.1.1 port: 49153 at time = 7.60314
--
7.70314 RSS 4.41361e-13
7.70325 RSS 1.08254e-09
7.70556 RSS 4.41361e-13
--
Received one packet! Socket: 10.1.1.1 port: 49153 at time = 7.70556
--
7.80076 RSS 1.08254e-09
7.80306 RSS 4.41361e-13
--
Received one packet! Socket: 10.1.1.1 port: 49153 at time = 7.80306
--
7.90306 RSS 4.41361e-13
7.90368 RSS 1.08254e-09
7.90598 RSS 4.41361e-13
--
Received one packet! Socket: 10.1.1.1 port: 49153 at time = 7.90598
--
8.00429 RSS 1.08254e-09
8.00659 RSS 4.41361e-13
8.00659 PRSS 7.09422e-09
8.10079 RSS 1.08254e-09
8.1031 RSS 4.41361e-13
8.1031 PRSS 1.08254e-09
--
Received one packet! Socket: 10.1.1.1 port: 49153 at time = 8.1031
--
8.2031 RSS 6.01212e-09
8.20451 RSS 1.08254e-09
8.20682 RSS 4.41361e-13
8.20682 PRSS 7.09422e-09
8.30114 RSS 1.08254e-09
8.30344 RSS 4.41361e-13
8.30344 PRSS 1.08254e-09
--
Received one packet! Socket: 10.1.1.1 port: 49153 at time = 8.30344
--
8.40004 RSS 1.08254e-09
8.40234 RSS 4.41361e-13
--
Received one packet! Socket: 10.1.1.1 port: 49153 at time = 8.40234
--
8.50228 RSS 1.08254e-09
8.50459 RSS 4.41361e-13
--
Received one packet! Socket: 10.1.1.1 port: 49153 at time = 8.50459
--
8.60323 RSS 1.08254e-09
8.60553 RSS 4.41361e-13
--
Received one packet! Socket: 10.1.1.1 port: 49153 at time = 8.60553
--
8.70326 RSS 1.08254e-09
8.70556 RSS 6.01212e-09
8.70556 PRSS 5.79553e-09
8.80026 RSS 1.08254e-09
8.80256 RSS 4.41361e-13
8.80256 PRSS 1.08254e-09
--
Received one packet! Socket: 10.1.1.1 port: 49153 at time = 8.80256
--
8.90243 RSS 1.08254e-09
8.90474 RSS 4.41361e-13
--
Received one packet! Socket: 10.1.1.1 port: 49153 at time = 8.90474
--
9.00113 RSS 1.08254e-09
9.00343 RSS 4.41361e-13
--
Received one packet! Socket: 10.1.1.1 port: 49153 at time = 9.00343
--
9.10161 RSS 1.08254e-09
9.10391 RSS 4.41361e-13
--
Received one packet! Socket: 10.1.1.1 port: 49153 at time = 9.10391
--
9.20375 RSS 1.08254e-09
9.20606 RSS 4.41361e-13
--
Received one packet! Socket: 10.1.1.1 port: 49153 at time = 9.20606
--
9.30455 RSS 1.08254e-09
9.30686 RSS 6.01212e-09
9.30686 PRSS 4.65782e-09
9.40373 RSS 1.08254e-09
9.40603 RSS 6.01212e-09
9.40603 PRSS 5.25517e-09
9.5031 RSS 1.08254e-09
9.50541 RSS 4.41361e-13
9.50541 PRSS 1.08254e-09
--
Received one packet! Socket: 10.1.1.1 port: 49153 at time = 9.50541
--
9.6043 RSS 1.08254e-09
9.6066 RSS 4.41361e-13
9.6066 PRSS 7.09422e-09
9.7038 RSS 1.08254e-09
9.7061 RSS 6.01212e-09
9.7061 PRSS 6.5871e-09
9.80031 RSS 1.08254e-09
9.80261 RSS 4.41361e-13
9.80261 PRSS 1.08254e-09
--
Received one packet! Socket: 10.1.1.1 port: 49153 at time = 9.80261
--
9.90261 RSS 4.41361e-13
9.90459 RSS 1.08254e-09
9.90689 RSS 6.01212e-09
9.90689 PRSS 5.63275e-09
10.0015 RSS 1.08254e-09
10.0038 RSS 4.41361e-13
10.0038 PRSS 1.08254e-09
--
Received one packet! Socket: 10.1.1.1 port: 49153 at time = 10.0038
--
10.1038 RSS 4.41361e-13
10.1045 RSS 1.08254e-09
10.1068 RSS 4.41361e-13
10.1068 PRSS 7.09422e-09
10.2032 RSS 1.08254e-09
10.2055 RSS 4.41361e-13
10.2055 PRSS 1.08254e-09
--
Received one packet! Socket: 10.1.1.1 port: 49153 at time = 10.2055
--
10.3003 RSS 1.08254e-09
10.3026 RSS 4.41361e-13
--
Received one packet! Socket: 10.1.1.1 port: 49153 at time = 10.3026
--
10.4016 RSS 1.08254e-09
10.4039 RSS 6.01212e-09
10.4039 PRSS 5.46248e-09
10.5035 RSS 1.08254e-09
10.5058 RSS 4.41361e-13
10.5058 PRSS 1.08254e-09
--
Received one packet! Socket: 10.1.1.1 port: 49153 at time = 10.5058
--
10.604 RSS 1.08254e-09
10.6063 RSS 4.41361e-13
--
Received one packet! Socket: 10.1.1.1 port: 49153 at time = 10.6063
--
10.7032 RSS 1.08254e-09
10.7055 RSS 4.41361e-13
--
Received one packet! Socket: 10.1.1.1 port: 49153 at time = 10.7055
--
10.802 RSS 1.08254e-09
10.8043 RSS 4.41361e-13
--
Received one packet! Socket: 10.1.1.1 port: 49153 at time = 10.8043
--
10.9026 RSS 1.08254e-09
10.9049 RSS 6.01212e-09
10.9049 PRSS 4.8005e-09
11.003 RSS 1.08254e-09
11.0053 RSS 4.41361e-13
11.0053 PRSS 1.08254e-09
--
Received one packet! Socket: 10.1.1.1 port: 49153 at time = 11.0053
--
11.1001 RSS 1.08254e-09
11.1024 RSS 4.41361e-13
--
Received one packet! Socket: 10.1.1.1 port: 49153 at time = 11.1024
--
11.2022 RSS 1.08254e-09
11.2045 RSS 4.41361e-13
--
Received one packet! Socket: 10.1.1.1 port: 49153 at time = 11.2045
--
11.3045 RSS 4.41361e-13
11.3049 RSS 1.08254e-09
11.3072 RSS 6.01212e-09
11.3072 PRSS 2.04123e-09
11.4029 RSS 1.08254e-09
11.4052 RSS 4.41361e-13
11.4052 PRSS 1.08254e-09
--
Received one packet! Socket: 10.1.1.1 port: 49153 at time = 11.4052
--
11.5038 RSS 1.08254e-09
11.5061 RSS 4.41361e-13
11.5061 PRSS 7.09422e-09
11.6047 RSS 1.08254e-09
11.607 RSS 6.01212e-09
11.607 PRSS 6.50335e-09
11.7033 RSS 1.08254e-09
11.7056 RSS 4.41361e-13
11.7056 PRSS 1.08254e-09
--
Received one packet! Socket: 10.1.1.1 port: 49153 at time = 11.7056
--
11.8028 RSS 1.08254e-09
11.8051 RSS 6.01212e-09
11.8051 PRSS 5.95542e-09
11.9024 RSS 1.08254e-09
11.9047 RSS 4.41361e-13
11.9047 PRSS 1.08254e-09
--
Received one packet! Socket: 10.1.1.1 port: 49153 at time = 11.9047
--
12.0042 RSS 1.08254e-09
12.0065 RSS 4.41361e-13
12.0065 PRSS 7.09422e-09
12.1023 RSS 1.08254e-09
12.1046 RSS 4.41361e-13
12.2039 RSS 1.08254e-09
12.2062 RSS 6.01212e-09
12.2062 PRSS 1.68467e-09
12.3024 RSS 1.08254e-09
12.3047 RSS 4.41361e-13
12.3047 PRSS 1.08254e-09
--
Received one packet! Socket: 10.1.1.1 port: 49153 at time = 12.3047
--
12.4007 RSS 1.08254e-09
12.403 RSS 4.41361e-13
--
Received one packet! Socket: 10.1.1.1 port: 49153 at time = 12.403
--
12.5029 RSS 1.08254e-09
12.5052 RSS 6.01212e-09
12.5052 PRSS 4.52996e-09
12.6022 RSS 1.08254e-09
12.6046 RSS 4.41361e-13
12.6046 PRSS 1.08254e-09
--
Received one packet! Socket: 10.1.1.1 port: 49153 at time = 12.6046
--
12.7038 RSS 1.08254e-09
12.7061 RSS 6.01212e-09
12.7061 PRSS 3.98433e-09
12.8003 RSS 1.08254e-09
12.8026 RSS 4.41361e-13
12.8026 PRSS 1.08254e-09
--
Received one packet! Socket: 10.1.1.1 port: 49153 at time = 12.8026
--
12.9026 RSS 4.41361e-13
12.9042 RSS 1.08254e-09
12.9065 RSS 6.01212e-09
12.9065 PRSS 3.04043e-09
13.0017 RSS 1.08254e-09
13.004 RSS 4.41361e-13
13.004 PRSS 1.08254e-09
--
Received one packet! Socket: 10.1.1.1 port: 49153 at time = 13.004
--
13.1026 RSS 1.08254e-09
13.1049 RSS 6.01212e-09
13.1049 PRSS 6.04122e-09
13.2039 RSS 1.08254e-09
13.2062 RSS 4.41361e-13
13.2062 PRSS 1.08254e-09
--
Received one packet! Socket: 10.1.1.1 port: 49153 at time = 13.2062
--
13.302 RSS 1.08254e-09
13.3043 RSS 6.01212e-09
13.3043 PRSS 4.4314e-09
13.4007 RSS 1.08254e-09
13.403 RSS 4.41361e-13
13.403 PRSS 1.08254e-09
--
Received one packet! Socket: 10.1.1.1 port: 49153 at time = 13.403
--
13.5018 RSS 1.08254e-09
13.5041 RSS 4.41361e-13
--
Received one packet! Socket: 10.1.1.1 port: 49153 at time = 13.5041
--
13.6041 RSS 6.01212e-09
13.6046 RSS 1.08254e-09
13.6069 RSS 4.41361e-13
13.6069 PRSS 7.09422e-09
13.7022 RSS 1.08254e-09
13.7045 RSS 6.01212e-09
13.7045 PRSS 4.71254e-09
13.8007 RSS 1.08254e-09
13.803 RSS 4.41361e-13
13.803 PRSS 1.08254e-09
--
Received one packet! Socket: 10.1.1.1 port: 49153 at time = 13.803
--
13.903 RSS 4.41361e-13
13.9034 RSS 1.08254e-09
13.9057 RSS 4.41361e-13
--
Received one packet! Socket: 10.1.1.1 port: 49153 at time = 13.9057
--
14.0038 RSS 1.08254e-09
14.0061 RSS 6.01212e-09
14.0061 PRSS 5.17214e-09
14.1049 RSS 1.08254e-09
14.1072 RSS 6.01212e-09
14.1072 PRSS 6.82506e-09
14.2033 RSS 1.08254e-09
14.2056 RSS 4.41361e-13
14.2056 PRSS 1.08254e-09
--
Received one packet! Socket: 10.1.1.1 port: 49153 at time = 14.2056
--
14.3046 RSS 1.08254e-09
14.3069 RSS 4.41361e-13
14.3069 PRSS 7.09422e-09
14.4001 RSS 1.08254e-09
14.4024 RSS 4.41361e-13
14.4024 PRSS 1.08254e-09
--
Received one packet! Socket: 10.1.1.1 port: 49153 at time = 14.4024
--
14.5004 RSS 1.08254e-09
14.5027 RSS 4.41361e-13
--
Received one packet! Socket: 10.1.1.1 port: 49153 at time = 14.5027
--
14.6017 RSS 1.08254e-09
14.604 RSS 6.01212e-09
14.604 PRSS 1.86252e-09
14.7024 RSS 1.08254e-09
14.7047 RSS 4.41361e-13
14.7047 PRSS 1.08254e-09
--
Received one packet! Socket: 10.1.1.1 port: 49153 at time = 14.7047
--
14.8004 RSS 1.08254e-09
14.8027 RSS 4.41361e-13
--
Received one packet! Socket: 10.1.1.1 port: 49153 at time = 14.8027
--
14.9027 RSS 6.01212e-09
14.904 RSS 1.08254e-09
14.9063 RSS 4.41361e-13
14.9063 PRSS 7.09422e-09
15.0006 RSS 1.08254e-09
15.0029 RSS 4.41361e-13
15.0029 PRSS 1.08254e-09
--
Received one packet! Socket: 10.1.1.1 port: 49153 at time = 15.0029
--
15.102 RSS 1.08254e-09
15.1043 RSS 4.41361e-13
--
Received one packet! Socket: 10.1.1.1 port: 49153 at time = 15.1043
--
15.2001 RSS 1.08254e-09
15.2024 RSS 4.41361e-13
--
Received one packet! Socket: 10.1.1.1 port: 49153 at time = 15.2024
--
15.3015 RSS 1.08254e-09
15.3038 RSS 4.41361e-13
--
Received one packet! Socket: 10.1.1.1 port: 49153 at time = 15.3038
--
15.4031 RSS 1.08254e-09
15.4054 RSS 6.01212e-09
15.4054 PRSS 5.46295e-09
15.5026 RSS 1.08254e-09
15.5049 RSS 4.41361e-13
15.5049 PRSS 1.08254e-09
--
Received one packet! Socket: 10.1.1.1 port: 49153 at time = 15.5049
--
15.602 RSS 1.08254e-09
15.6043 RSS 4.41361e-13
--
Received one packet! Socket: 10.1.1.1 port: 49153 at time = 15.6043
--
15.7017 RSS 1.08254e-09
15.704 RSS 4.41361e-13
--
Received one packet! Socket: 10.1.1.1 port: 49153 at time = 15.704
--
15.801 RSS 1.08254e-09
15.8033 RSS 4.41361e-13
--
Received one packet! Socket: 10.1.1.1 port: 49153 at time = 15.8033
--
15.901 RSS 1.08254e-09
15.9033 RSS 4.41361e-13
--
Received one packet! Socket: 10.1.1.1 port: 49153 at time = 15.9033
--
16.0009 RSS 1.08254e-09
16.0032 RSS 4.41361e-13
--
Received one packet! Socket: 10.1.1.1 port: 49153 at time = 16.0032
--
16.1032 RSS 4.41361e-13
16.105 RSS 1.08254e-09
16.1073 RSS 4.41361e-13
--
Received one packet! Socket: 10.1.1.1 port: 49153 at time = 16.1073
--
16.2036 RSS 1.08254e-09
16.206 RSS 6.01212e-09
16.206 PRSS 1.77162e-09
16.3008 RSS 1.08254e-09
16.3031 RSS 4.41361e-13
16.3031 PRSS 1.08254e-09
--
Received one packet! Socket: 10.1.1.1 port: 49153 at time = 16.3031
--
16.4031 RSS 4.41361e-13
16.4046 RSS 1.08254e-09
16.4069 RSS 4.41361e-13
--
Received one packet! Socket: 10.1.1.1 port: 49153 at time = 16.4069
--
16.5033 RSS 1.08254e-09
16.5056 RSS 6.01212e-09
16.5056 PRSS 6.24212e-09
16.6024 RSS 1.08254e-09
16.6047 RSS 4.41361e-13
16.6047 PRSS 1.08254e-09
--
Received one packet! Socket: 10.1.1.1 port: 49153 at time = 16.6047
--
16.7029 RSS 1.08254e-09
16.7052 RSS 4.41361e-13
16.7052 PRSS 7.09422e-09
16.8 RSS 1.08254e-09
16.8023 RSS 4.41361e-13
16.8023 PRSS 1.08254e-09
--
Received one packet! Socket: 10.1.1.1 port: 49153 at time = 16.8023
--
16.9023 RSS 4.41361e-13
16.9048 RSS 1.08254e-09
16.9071 RSS 4.41361e-13
--
Received one packet! Socket: 10.1.1.1 port: 49153 at time = 16.9071
--
17.0038 RSS 1.08254e-09
17.0061 RSS 4.41361e-13
--
Received one packet! Socket: 10.1.1.1 port: 49153 at time = 17.0061
--
17.1015 RSS 1.08254e-09
17.1038 RSS 4.41361e-13
17.1038 PRSS 7.09422e-09
17.2006 RSS 1.08254e-09
17.203 RSS 4.41361e-13
17.203 PRSS 1.08254e-09
--
Received one packet! Socket: 10.1.1.1 port: 49153 at time = 17.203
--
17.303 RSS 4.41361e-13
17.3036 RSS 1.08254e-09
17.3059 RSS 6.01212e-09
17.3059 PRSS 2.45705e-09
17.4043 RSS 1.08254e-09
17.4066 RSS 4.41361e-13
17.4066 PRSS 7.09422e-09
17.504 RSS 1.08254e-09
17.5063 RSS 6.01212e-09
17.5063 PRSS 2.47529e-09
17.6012 RSS 1.08254e-09
17.6035 RSS 4.41361e-13
17.6035 PRSS 1.08254e-09
--
Received one packet! Socket: 10.1.1.1 port: 49153 at time = 17.6035
--
17.7006 RSS 1.08254e-09
17.7029 RSS 4.41361e-13
--
Received one packet! Socket: 10.1.1.1 port: 49153 at time = 17.7029
--
17.8029 RSS 4.41361e-13
17.8049 RSS 1.08254e-09
17.8072 RSS 6.01212e-09
17.8072 PRSS 4.96029e-09
17.9 RSS 1.08254e-09
17.9023 RSS 4.41361e-13
17.9023 PRSS 1.08254e-09
--
Received one packet! Socket: 10.1.1.1 port: 49153 at time = 17.9023
--
18.0023 RSS 4.41361e-13
18.004 RSS 1.08254e-09
18.0063 RSS 4.41361e-13
--
Received one packet! Socket: 10.1.1.1 port: 49153 at time = 18.0063
--
18.1024 RSS 1.08254e-09
18.1047 RSS 4.41361e-13
--
Received one packet! Socket: 10.1.1.1 port: 49153 at time = 18.1047
--
18.2028 RSS 1.08254e-09
18.2051 RSS 4.41361e-13
--
Received one packet! Socket: 10.1.1.1 port: 49153 at time = 18.2051
--
18.302 RSS 1.08254e-09
18.3043 RSS 4.41361e-13
--
Received one packet! Socket: 10.1.1.1 port: 49153 at time = 18.3043
--
18.404 RSS 1.08254e-09
18.4063 RSS 6.01212e-09
18.4063 PRSS 1.42421e-09
18.5001 RSS 1.08254e-09
18.5024 RSS 4.41361e-13
18.5024 PRSS 1.08254e-09
--
Received one packet! Socket: 10.1.1.1 port: 49153 at time = 18.5024
--
18.6003 RSS 1.08254e-09
18.6026 RSS 4.41361e-13
--
Received one packet! Socket: 10.1.1.1 port: 49153 at time = 18.6026
--
18.7005 RSS 1.08254e-09
18.7028 RSS 4.41361e-13
--
Received one packet! Socket: 10.1.1.1 port: 49153 at time = 18.7028
--
18.8028 RSS 4.41361e-13
18.8037 RSS 1.08254e-09
18.806 RSS 4.41361e-13
--
Received one packet! Socket: 10.1.1.1 port: 49153 at time = 18.806
--
18.9028 RSS 1.08254e-09
18.9051 RSS 4.41361e-13
--
Received one packet! Socket: 10.1.1.1 port: 49153 at time = 18.9051
--
19.0013 RSS 1.08254e-09
19.0036 RSS 4.41361e-13
--
Received one packet! Socket: 10.1.1.1 port: 49153 at time = 19.0036
--
19.1036 RSS 4.41361e-13
19.1049 RSS 1.08254e-09
19.1072 RSS 6.01212e-09
19.1072 PRSS 7.09422e-09
19.2009 RSS 1.08254e-09
19.2032 RSS 4.41361e-13
19.2032 PRSS 1.08254e-09
--
Received one packet! Socket: 10.1.1.1 port: 49153 at time = 19.2032
--
19.3031 RSS 1.08254e-09
19.3054 RSS 4.41361e-13
--
Received one packet! Socket: 10.1.1.1 port: 49153 at time = 19.3054
--
19.4047 RSS 1.08254e-09
19.407 RSS 4.41361e-13
--
Received one packet! Socket: 10.1.1.1 port: 49153 at time = 19.407
--
19.5015 RSS 1.08254e-09
19.5038 RSS 4.41361e-13
--
Received one packet! Socket: 10.1.1.1 port: 49153 at time = 19.5038
--
19.6008 RSS 1.08254e-09
19.6031 RSS 4.41361e-13
--
Received one packet! Socket: 10.1.1.1 port: 49153 at time = 19.6031
--
19.7014 RSS 1.08254e-09
19.7037 RSS 6.01212e-09
19.7037 PRSS 1.44016e-09
19.801 RSS 1.08254e-09
19.8033 RSS 4.41361e-13
19.8033 PRSS 1.08254e-09
--
Received one packet! Socket: 10.1.1.1 port: 49153 at time = 19.8033
--
19.9033 RSS 6.01212e-09
19.9036 RSS 1.08254e-09
19.9059 RSS 4.41361e-13
19.9059 PRSS 7.09422e-09
20.004 RSS 1.08254e-09
20.0063 RSS 4.41361e-13
20.1031 RSS 1.08254e-09
20.1054 RSS 6.01212e-09
20.1054 PRSS 2.14124e-09
20.2037 RSS 1.08254e-09
20.206 RSS 4.41361e-13
20.206 PRSS 1.08254e-09
--
Received one packet! Socket: 10.1.1.1 port: 49153 at time = 20.206
--
20.3025 RSS 1.08254e-09
20.3048 RSS 4.41361e-13
--
Received one packet! Socket: 10.1.1.1 port: 49153 at time = 20.3048
--
20.4021 RSS 1.08254e-09
20.4044 RSS 4.41361e-13
--
Received one packet! Socket: 10.1.1.1 port: 49153 at time = 20.4044
--
20.5032 RSS 1.08254e-09
20.5055 RSS 6.01212e-09
20.5055 PRSS 3.80092e-09
20.6048 RSS 1.08254e-09
20.6071 RSS 6.01212e-09
20.6071 PRSS 5.50415e-09
20.7009 RSS 1.08254e-09
20.7033 RSS 6.01212e-09
20.7033 PRSS 6.45918e-09
20.8022 RSS 1.08254e-09
20.8045 RSS 4.41361e-13
20.8045 PRSS 1.08254e-09
--
Received one packet! Socket: 10.1.1.1 port: 49153 at time = 20.8045
--
20.9005 RSS 1.08254e-09
20.9028 RSS 4.41361e-13
--
Received one packet! Socket: 10.1.1.1 port: 49153 at time = 20.9028
--
21.0004 RSS 1.08254e-09
21.0027 RSS 6.01212e-09
21.0027 PRSS 5.06512e-09
21.1027 RSS 4.41361e-13
21.1046 RSS 1.08254e-09
21.1069 RSS 6.01212e-09
21.1069 PRSS 2.18726e-09
21.2031 RSS 1.08254e-09
21.2054 RSS 4.41361e-13
21.2054 PRSS 1.08254e-09
--
Received one packet! Socket: 10.1.1.1 port: 49153 at time = 21.2054
--
21.3026 RSS 1.08254e-09
21.3049 RSS 6.01212e-09
21.3049 PRSS 6.71692e-09
21.4034 RSS 1.08254e-09
21.4057 RSS 4.41361e-13
21.4057 PRSS 7.09422e-09
21.5002 RSS 1.08254e-09
21.5025 RSS 4.41361e-13
21.5025 PRSS 1.08254e-09
--
Received one packet! Socket: 10.1.1.1 port: 49153 at time = 21.5025
--
21.6003 RSS 1.08254e-09
21.6026 RSS 4.41361e-13
--
Received one packet! Socket: 10.1.1.1 port: 49153 at time = 21.6026
--
21.7026 RSS 4.41361e-13
21.7035 RSS 1.08254e-09
21.7058 RSS 6.01212e-09
21.7058 PRSS 7.09422e-09
21.8016 RSS 1.08254e-09
21.8039 RSS 4.41361e-13
21.8039 PRSS 1.08254e-09
--
Received one packet! Socket: 10.1.1.1 port: 49153 at time = 21.8039
--
21.9019 RSS 1.08254e-09
21.9042 RSS 4.41361e-13
--
Received one packet! Socket: 10.1.1.1 port: 49153 at time = 21.9042
--
22.0013 RSS 1.08254e-09
22.0036 RSS 6.01212e-09
22.0036 PRSS 1.61721e-09
--
Received one packet! Socket: 10.1.1.1 port: 49153 at time = 22.0036
--
22.1006 RSS 1.08254e-09
22.1029 RSS 4.41361e-13
22.1029 PRSS 1.08254e-09
--
Received one packet! Socket: 10.1.1.1 port: 49153 at time = 22.1029
--
22.2029 RSS 4.41361e-13
22.2036 RSS 1.08254e-09
22.2059 RSS 4.41361e-13
--
Received one packet! Socket: 10.1.1.1 port: 49153 at time = 22.2059
--
22.3007 RSS 1.08254e-09
22.303 RSS 4.41361e-13
--
Received one packet! Socket: 10.1.1.1 port: 49153 at time = 22.303
--
22.4024 RSS 1.08254e-09
22.4047 RSS 4.41361e-13
--
Received one packet! Socket: 10.1.1.1 port: 49153 at time = 22.4047
--
22.5042 RSS 1.08254e-09
22.5065 RSS 4.41361e-13
22.5065 PRSS 7.09422e-09
22.6005 RSS 1.08254e-09
22.6028 RSS 4.41361e-13
22.6028 PRSS 1.08254e-09
--
Received one packet! Socket: 10.1.1.1 port: 49153 at time = 22.6028
--
22.7028 RSS 4.41361e-13
22.7034 RSS 1.08254e-09
22.7057 RSS 6.01212e-09
22.7057 PRSS 5.42711e-09
22.8031 RSS 1.08254e-09
22.8054 RSS 6.01212e-09
22.8054 PRSS 7.09422e-09
22.9019 RSS 1.08254e-09
22.9042 RSS 4.41361e-13
22.9042 PRSS 1.08254e-09
--
Received one packet! Socket: 10.1.1.1 port: 49153 at time = 22.9042
--
23.0042 RSS 6.01212e-09
23.0047 RSS 1.08254e-09
23.007 RSS 4.41361e-13
23.007 PRSS 7.09422e-09
23.101 RSS 1.08254e-09
23.1033 RSS 4.41361e-13
23.1033 PRSS 1.08254e-09
--
Received one packet! Socket: 10.1.1.1 port: 49153 at time = 23.1033
--
23.2033 RSS 4.41361e-13
23.2038 RSS 1.08254e-09
23.2061 RSS 6.01212e-09
23.2061 PRSS 4.9997e-09
23.3045 RSS 1.08254e-09
23.3068 RSS 4.41361e-13
23.3068 PRSS 1.08254e-09
--
Received one packet! Socket: 10.1.1.1 port: 49153 at time = 23.3068
--
23.4027 RSS 1.08254e-09
23.405 RSS 4.41361e-13
--
Received one packet! Socket: 10.1.1.1 port: 49153 at time = 23.405
--
23.5001 RSS 1.08254e-09
23.5024 RSS 4.41361e-13
--
Received one packet! Socket: 10.1.1.1 port: 49153 at time = 23.5024
--
23.6024 RSS 4.41361e-13
23.6048 RSS 1.08254e-09
23.6071 RSS 6.01212e-09
23.6071 PRSS 5.71458e-09
23.7029 RSS 1.08254e-09
23.7052 RSS 4.41361e-13
23.7052 PRSS 1.08254e-09
--
Received one packet! Socket: 10.1.1.1 port: 49153 at time = 23.7052
--
23.8027 RSS 1.08254e-09
23.805 RSS 4.41361e-13
--
Received one packet! Socket: 10.1.1.1 port: 49153 at time = 23.805
--
23.902 RSS 1.08254e-09
23.9043 RSS 4.41361e-13
--
Received one packet! Socket: 10.1.1.1 port: 49153 at time = 23.9043
--
24.0043 RSS 6.01212e-09
24.0049 RSS 1.08254e-09
24.0072 RSS 4.41361e-13
24.0072 PRSS 7.09422e-09
24.102 RSS 1.08254e-09
24.1043 RSS 4.41361e-13
24.1043 PRSS 1.08254e-09
--
Received one packet! Socket: 10.1.1.1 port: 49153 at time = 24.1043
--
24.201 RSS 1.08254e-09
24.2033 RSS 4.41361e-13
--
Received one packet! Socket: 10.1.1.1 port: 49153 at time = 24.2033
--
24.3033 RSS 4.41361e-13
24.3041 RSS 1.08254e-09
24.3064 RSS 4.41361e-13
--
Received one packet! Socket: 10.1.1.1 port: 49153 at time = 24.3064
--
24.401 RSS 1.08254e-09
24.4033 RSS 4.41361e-13
--
Received one packet! Socket: 10.1.1.1 port: 49153 at time = 24.4033
--
24.5033 RSS 4.41361e-13
24.5042 RSS 1.08254e-09
24.5065 RSS 4.41361e-13
--
Received one packet! Socket: 10.1.1.1 port: 49153 at time = 24.5065
--
24.6023 RSS 1.08254e-09
24.6046 RSS 4.41361e-13
--
Received one packet! Socket: 10.1.1.1 port: 49153 at time = 24.6046
--
24.701 RSS 1.08254e-09
24.7033 RSS 4.41361e-13
--
Received one packet! Socket: 10.1.1.1 port: 49153 at time = 24.7033
--
24.8015 RSS 1.08254e-09
24.8038 RSS 4.41361e-13
--
Received one packet! Socket: 10.1.1.1 port: 49153 at time = 24.8038
--
24.9001 RSS 1.08254e-09
24.9024 RSS 4.41361e-13
--
Received one packet! Socket: 10.1.1.1 port: 49153 at time = 24.9024
--
25.0024 RSS 4.41361e-13
25.0044 RSS 1.08254e-09
25.0067 RSS 6.01212e-09
25.0067 PRSS 4.24811e-09
25.1 RSS 1.08254e-09
25.1024 RSS 4.41361e-13
25.1024 PRSS 1.08254e-09
--
Received one packet! Socket: 10.1.1.1 port: 49153 at time = 25.1024
--
25.2021 RSS 1.08254e-09
25.2044 RSS 6.01212e-09
25.2044 PRSS 1.85282e-09
25.3022 RSS 1.08254e-09
25.3045 RSS 4.41361e-13
25.3045 PRSS 1.08254e-09
--
Received one packet! Socket: 10.1.1.1 port: 49153 at time = 25.3045
--
25.4003 RSS 1.08254e-09
25.4026 RSS 4.41361e-13
--
Received one packet! Socket: 10.1.1.1 port: 49153 at time = 25.4026
--
25.5026 RSS 4.41361e-13
25.5042 RSS 1.08254e-09
25.5065 RSS 6.01212e-09
25.5065 PRSS 7.09422e-09
25.6003 RSS 1.08254e-09
25.6026 RSS 4.41361e-13
25.6026 PRSS 1.08254e-09
--
Received one packet! Socket: 10.1.1.1 port: 49153 at time = 25.6026
--
25.7021 RSS 1.08254e-09
25.7044 RSS 4.41361e-13
--
Received one packet! Socket: 10.1.1.1 port: 49153 at time = 25.7044
--
25.8043 RSS 1.08254e-09
25.8066 RSS 4.41361e-13
--
Received one packet! Socket: 10.1.1.1 port: 49153 at time = 25.8066
--
25.9036 RSS 1.08254e-09
25.9059 RSS 4.41361e-13
25.9059 PRSS 7.09422e-09
26.0011 RSS 1.08254e-09
26.0034 RSS 4.41361e-13
26.0034 PRSS 1.08254e-09
--
Received one packet! Socket: 10.1.1.1 port: 49153 at time = 26.0034
--
26.1034 RSS 4.41361e-13
26.1035 RSS 1.08254e-09
26.1059 RSS 4.41361e-13
--
Received one packet! Socket: 10.1.1.1 port: 49153 at time = 26.1059
--
26.2011 RSS 1.08254e-09
26.2034 RSS 4.41361e-13
--
Received one packet! Socket: 10.1.1.1 port: 49153 at time = 26.2034
--
26.3023 RSS 1.08254e-09
26.3046 RSS 4.41361e-13
--
Received one packet! Socket: 10.1.1.1 port: 49153 at time = 26.3046
--
26.4034 RSS 1.08254e-09
26.4057 RSS 6.01212e-09
26.4057 PRSS 6.75312e-09
26.5044 RSS 1.08254e-09
26.5067 RSS 6.01212e-09
26.5067 PRSS 1.99003e-09
26.6017 RSS 1.08254e-09
26.604 RSS 4.41361e-13
26.604 PRSS 1.08254e-09
--
Received one packet! Socket: 10.1.1.1 port: 49153 at time = 26.604
--
26.7038 RSS 1.08254e-09
26.7061 RSS 6.01212e-09
26.7061 PRSS 2.85539e-09
26.8009 RSS 1.08254e-09
26.8032 RSS 4.41361e-13
26.8032 PRSS 1.08254e-09
--
Received one packet! Socket: 10.1.1.1 port: 49153 at time = 26.8032
--
26.9032 RSS 4.41361e-13
26.9045 RSS 1.08254e-09
26.9068 RSS 6.01212e-09
26.9068 PRSS 4.32739e-09
27.0046 RSS 1.08254e-09
27.0069 RSS 4.41361e-13
27.0069 PRSS 7.09422e-09
27.105 RSS 1.08254e-09
27.1073 RSS -6.01124e-09
27.1073 PRSS 7.05639e-09
27.2012 RSS 1.08254e-09
27.2035 RSS 4.41361e-13
27.2035 PRSS 1.08254e-09
--
Received one packet! Socket: 10.1.1.1 port: 49153 at time = 27.2035
--
27.301 RSS 1.08254e-09
27.3033 RSS 4.41361e-13
--
Received one packet! Socket: 10.1.1.1 port: 49153 at time = 27.3033
--
27.4033 RSS 4.41361e-13
27.4046 RSS 1.08254e-09
27.4069 RSS 4.41361e-13
27.4069 PRSS 7.09422e-09
27.5044 RSS 1.08254e-09
27.5067 RSS 4.41361e-13
27.6035 RSS 1.08254e-09
27.6058 RSS 4.41361e-13
27.6058 PRSS 1.08254e-09
--
Received one packet! Socket: 10.1.1.1 port: 49153 at time = 27.6058
--
27.7024 RSS 1.08254e-09
27.7047 RSS 6.01212e-09
27.7047 PRSS 4.15913e-09
27.8019 RSS 1.08254e-09
27.8042 RSS 4.41361e-13
27.8042 PRSS 1.08254e-09
--
Received one packet! Socket: 10.1.1.1 port: 49153 at time = 27.8042
--
27.9041 RSS 1.08254e-09
27.9064 RSS 4.41361e-13
--
Received one packet! Socket: 10.1.1.1 port: 49153 at time = 27.9064
--
28.0049 RSS 1.08254e-09
28.0072 RSS 6.01212e-09
28.0072 PRSS 6.22107e-09
28.1012 RSS 1.08254e-09
28.1035 RSS 4.41361e-13
28.1035 PRSS 1.08254e-09
--
Received one packet! Socket: 10.1.1.1 port: 49153 at time = 28.1035
--
28.2004 RSS 1.08254e-09
28.2028 RSS 4.41361e-13
--
Received one packet! Socket: 10.1.1.1 port: 49153 at time = 28.2028
--
28.3001 RSS 1.08254e-09
28.3024 RSS 4.41361e-13
--
Received one packet! Socket: 10.1.1.1 port: 49153 at time = 28.3024
--
28.4023 RSS 1.08254e-09
28.4047 RSS 6.01212e-09
28.4047 PRSS 3.52137e-09
28.5044 RSS 1.08254e-09
28.5067 RSS 6.01212e-09
28.5067 PRSS 5.57308e-09
28.601 RSS 1.08254e-09
28.6033 RSS 6.01212e-09
28.6033 PRSS 2.79019e-09
28.7002 RSS 1.08254e-09
28.7025 RSS 4.41361e-13
28.7025 PRSS 1.08254e-09
--
Received one packet! Socket: 10.1.1.1 port: 49153 at time = 28.7025
--
28.8007 RSS 1.08254e-09
28.803 RSS 4.41361e-13
--
Received one packet! Socket: 10.1.1.1 port: 49153 at time = 28.803
--
28.9015 RSS 1.08254e-09
28.9038 RSS 6.01212e-09
28.9038 PRSS 3.54687e-09
29.0015 RSS 1.08254e-09
29.0038 RSS 4.41361e-13
29.0038 PRSS 1.08254e-09
--
Received one packet! Socket: 10.1.1.1 port: 49153 at time = 29.0038
--
29.1038 RSS 6.01212e-09
29.1048 RSS 1.08254e-09
29.1071 RSS 4.41361e-13
29.1071 PRSS 7.09422e-09
29.2026 RSS 1.08254e-09
29.2049 RSS 6.01212e-09
29.2049 PRSS 6.9027e-09
29.3024 RSS 1.08254e-09
29.3047 RSS 4.41361e-13
29.3047 PRSS 1.08254e-09
--
Received one packet! Socket: 10.1.1.1 port: 49153 at time = 29.3047
--
29.4033 RSS 1.08254e-09
29.4056 RSS 4.41361e-13
--
Received one packet! Socket: 10.1.1.1 port: 49153 at time = 29.4056
--
29.5003 RSS 1.08254e-09
29.5026 RSS 4.41361e-13
--
Received one packet! Socket: 10.1.1.1 port: 49153 at time = 29.5026
--
29.6023 RSS 1.08254e-09
29.6046 RSS 4.41361e-13
--
Received one packet! Socket: 10.1.1.1 port: 49153 at time = 29.6046
--
29.7015 RSS 1.08254e-09
29.7038 RSS 4.41361e-13
--
Received one packet! Socket: 10.1.1.1 port: 49153 at time = 29.7038
--
29.8004 RSS 1.08254e-09
29.8027 RSS 4.41361e-13
--
Received one packet! Socket: 10.1.1.1 port: 49153 at time = 29.8027
--
29.9027 RSS 4.41361e-13
29.904 RSS 1.08254e-09
29.9063 RSS 4.41361e-13
29.9063 PRSS 7.09422e-09
30.0024 RSS 1.08254e-09
30.0047 RSS 4.41361e-13
30.0047 PRSS 1.08254e-09
--
Received one packet! Socket: 10.1.1.1 port: 49153 at time = 30.0047
--
30.1034 RSS 1.08254e-09
30.1057 RSS 4.41361e-13
--
Received one packet! Socket: 10.1.1.1 port: 49153 at time = 30.1057
--
30.2025 RSS 1.08254e-09
30.2048 RSS 6.01212e-09
30.2048 PRSS 6.1546e-09
30.3003 RSS 1.08254e-09
30.3026 RSS 6.01212e-09
30.3026 PRSS 6.17807e-09
30.401 RSS 1.08254e-09
30.4033 RSS 4.41361e-13
30.4033 PRSS 1.08254e-09
--
Received one packet! Socket: 10.1.1.1 port: 49153 at time = 30.4033
--
30.5018 RSS 1.08254e-09
30.5042 RSS 4.41361e-13
30.5042 PRSS 7.09422e-09
30.6015 RSS 1.08254e-09
30.6038 RSS 6.01212e-09
30.6038 PRSS 1.14465e-09
--
Received one packet! Socket: 10.1.1.1 port: 49153 at time = 30.6038
--
30.7038 RSS 4.41361e-13
30.7047 RSS 1.08254e-09
30.707 RSS 6.01212e-09
30.707 PRSS 2.62054e-09
30.8021 RSS 1.08254e-09
30.8044 RSS 4.41361e-13
30.8044 PRSS 1.08254e-09
--
Received one packet! Socket: 10.1.1.1 port: 49153 at time = 30.8044
--
30.9027 RSS 1.08254e-09
30.905 RSS 4.41361e-13
30.905 PRSS 7.09422e-09
31.0026 RSS 1.08254e-09
31.0049 RSS 6.01212e-09
31.1024 RSS 1.08254e-09
31.1047 RSS 4.41361e-13
31.1047 PRSS 1.08254e-09
--
Received one packet! Socket: 10.1.1.1 port: 49153 at time = 31.1047
--
31.2022 RSS 1.08254e-09
31.2045 RSS 4.41361e-13
--
Received one packet! Socket: 10.1.1.1 port: 49153 at time = 31.2045
--
31.3018 RSS 1.08254e-09
31.3041 RSS 4.41361e-13
--
Received one packet! Socket: 10.1.1.1 port: 49153 at time = 31.3041
--
31.4021 RSS 1.08254e-09
31.4044 RSS 6.01212e-09
31.4044 PRSS 4.56857e-09
31.5004 RSS 1.08254e-09
31.5028 RSS 4.41361e-13
31.5028 PRSS 1.08254e-09
--
Received one packet! Socket: 10.1.1.1 port: 49153 at time = 31.5028
--
31.6028 RSS 4.41361e-13
31.6032 RSS 1.08254e-09
31.6055 RSS 4.41361e-13
--
Received one packet! Socket: 10.1.1.1 port: 49153 at time = 31.6055
--
31.7004 RSS 1.08254e-09
31.7027 RSS 4.41361e-13
--
Received one packet! Socket: 10.1.1.1 port: 49153 at time = 31.7027
--
31.8027 RSS 4.41361e-13
31.8045 RSS 1.08254e-09
31.8068 RSS 4.41361e-13
--
Received one packet! Socket: 10.1.1.1 port: 49153 at time = 31.8068
--
31.9028 RSS 1.08254e-09
31.9051 RSS 4.41361e-13
--
Received one packet! Socket: 10.1.1.1 port: 49153 at time = 31.9051
--
32.0013 RSS 1.08254e-09
32.0036 RSS 4.41361e-13
--
Received one packet! Socket: 10.1.1.1 port: 49153 at time = 32.0036
--
32.1021 RSS 1.08254e-09
32.1044 RSS 6.01212e-09
32.1044 PRSS 2.48655e-09
32.2003 RSS 1.08254e-09
32.2026 RSS 4.41361e-13
32.2026 PRSS 1.08254e-09
--
Received one packet! Socket: 10.1.1.1 port: 49153 at time = 32.2026
--
32.3015 RSS 1.08254e-09
32.3038 RSS 4.41361e-13
--
Received one packet! Socket: 10.1.1.1 port: 49153 at time = 32.3038
--
32.4027 RSS 1.08254e-09
32.405 RSS 4.41361e-13
32.405 PRSS 7.09422e-09
32.5039 RSS 1.08254e-09
32.5062 RSS 4.41361e-13
32.6021 RSS 1.08254e-09
32.6044 RSS 4.41361e-13
32.6044 PRSS 1.08254e-09
--
Received one packet! Socket: 10.1.1.1 port: 49153 at time = 32.6044
--
32.7035 RSS 1.08254e-09
32.7058 RSS 6.01212e-09
32.7058 PRSS 2.72015e-09
32.803 RSS 1.08254e-09
32.8053 RSS 6.01212e-09
32.8053 PRSS 2.10744e-09
32.904 RSS 1.08254e-09
32.9063 RSS 4.41361e-13
32.9063 PRSS 7.09422e-09
33.0042 RSS 1.08254e-09
33.0065 RSS -6.01124e-09
33.0065 PRSS 6.85991e-09
33.1036 RSS 1.08254e-09
33.1059 RSS 4.41361e-13
33.1059 PRSS 1.08254e-09
--
Received one packet! Socket: 10.1.1.1 port: 49153 at time = 33.1059
--
33.2012 RSS 1.08254e-09
33.2035 RSS 4.41361e-13
--
Received one packet! Socket: 10.1.1.1 port: 49153 at time = 33.2035
--
33.3015 RSS 1.08254e-09
33.3039 RSS 4.41361e-13
--
Received one packet! Socket: 10.1.1.1 port: 49153 at time = 33.3039
--
33.4039 RSS 4.41361e-13
33.4049 RSS 1.08254e-09
33.4072 RSS 6.01212e-09
33.4072 PRSS 2.26383e-09
33.5037 RSS 1.08254e-09
33.506 RSS 4.41361e-13
33.506 PRSS 1.08254e-09
--
Received one packet! Socket: 10.1.1.1 port: 49153 at time = 33.506
--
33.6009 RSS 1.08254e-09
33.6032 RSS 4.41361e-13
--
Received one packet! Socket: 10.1.1.1 port: 49153 at time = 33.6032
--
33.7011 RSS 1.08254e-09
33.7034 RSS 4.41361e-13
--
Received one packet! Socket: 10.1.1.1 port: 49153 at time = 33.7034
--
33.8021 RSS 1.08254e-09
33.8044 RSS 4.41361e-13
--
Received one packet! Socket: 10.1.1.1 port: 49153 at time = 33.8044
--
33.9019 RSS 1.08254e-09
33.9043 RSS 4.41361e-13
--
Received one packet! Socket: 10.1.1.1 port: 49153 at time = 33.9043
--
34.0028 RSS 1.08254e-09
34.0051 RSS 4.41361e-13
--
Received one packet! Socket: 10.1.1.1 port: 49153 at time = 34.0051
--
34.1048 RSS 1.08254e-09
34.1071 RSS 4.41361e-13
--
Received one packet! Socket: 10.1.1.1 port: 49153 at time = 34.1071
--
34.2013 RSS 1.08254e-09
34.2036 RSS 4.41361e-13
--
Received one packet! Socket: 10.1.1.1 port: 49153 at time = 34.2036
--
34.3031 RSS 1.08254e-09
34.3054 RSS 6.01212e-09
34.3054 PRSS 3.31539e-09
34.4005 RSS 1.08254e-09
34.4028 RSS 4.41361e-13
34.4028 PRSS 1.08254e-09
--
Received one packet! Socket: 10.1.1.1 port: 49153 at time = 34.4028
--
34.5028 RSS 4.41361e-13
34.5043 RSS 1.08254e-09
34.5066 RSS 6.01212e-09
34.5066 PRSS 7.09422e-09
34.6032 RSS 1.08254e-09
34.6055 RSS 4.41361e-13
34.6055 PRSS 1.08254e-09
--
Received one packet! Socket: 10.1.1.1 port: 49153 at time = 34.6055
--
34.7045 RSS 1.08254e-09
34.7068 RSS -6.01124e-09
34.7068 PRSS 4.91151e-09
34.8005 RSS 1.08254e-09
34.8028 RSS 4.41361e-13
34.8028 PRSS 1.08254e-09
--
Received one packet! Socket: 10.1.1.1 port: 49153 at time = 34.8028
--
34.9028 RSS 4.41361e-13
34.9036 RSS 1.08254e-09
34.9059 RSS 4.41361e-13
--
Received one packet! Socket: 10.1.1.1 port: 49153 at time = 34.9059
--
35.0019 RSS 1.08254e-09
35.0042 RSS 4.41361e-13
--
Received one packet! Socket: 10.1.1.1 port: 49153 at time = 35.0042
--
35.1042 RSS 4.41361e-13
35.1042 RSS 1.08254e-09
35.1066 RSS 6.01212e-09
35.1066 PRSS 3.09361e-09
35.2018 RSS 1.08254e-09
35.2041 RSS 4.41361e-13
35.2041 PRSS 1.08254e-09
--
Received one packet! Socket: 10.1.1.1 port: 49153 at time = 35.2041
--
35.3041 RSS 4.41361e-13
35.3048 RSS 1.08254e-09
35.3071 RSS 4.41361e-13
35.3071 PRSS 7.09422e-09
35.4014 RSS 1.08254e-09
35.4037 RSS 4.41361e-13
35.4037 PRSS 1.08254e-09
--
Received one packet! Socket: 10.1.1.1 port: 49153 at time = 35.4037
--
35.503 RSS 1.08254e-09
35.5053 RSS 6.01212e-09
35.5053 PRSS 4.24508e-09
35.6045 RSS 1.08254e-09
35.6069 RSS 4.41361e-13
35.6069 PRSS 1.08254e-09
--
Received one packet! Socket: 10.1.1.1 port: 49153 at time = 35.6069
--
35.7022 RSS 1.08254e-09
35.7045 RSS 4.41361e-13
--
Received one packet! Socket: 10.1.1.1 port: 49153 at time = 35.7045
--
35.801 RSS 1.08254e-09
35.8033 RSS 4.41361e-13
--
Received one packet! Socket: 10.1.1.1 port: 49153 at time = 35.8033
--
35.9008 RSS 1.08254e-09
35.9031 RSS 4.41361e-13
--
Received one packet! Socket: 10.1.1.1 port: 49153 at time = 35.9031
--
36.0031 RSS 4.41361e-13
36.0033 RSS 1.08254e-09
36.0056 RSS 6.01212e-09
36.0056 PRSS 2.17812e-09
36.1048 RSS 1.08254e-09
36.1071 RSS 4.41361e-13
36.1071 PRSS 1.08254e-09
--
Received one packet! Socket: 10.1.1.1 port: 49153 at time = 36.1071
--
36.2027 RSS 1.08254e-09
36.205 RSS 4.41361e-13
--
Received one packet! Socket: 10.1.1.1 port: 49153 at time = 36.205
--
36.3045 RSS 1.08254e-09
36.3068 RSS 6.01212e-09
36.3068 PRSS 2.32816e-09
36.4034 RSS 1.08254e-09
36.4057 RSS 4.41361e-13
36.4057 PRSS 1.08254e-09
--
Received one packet! Socket: 10.1.1.1 port: 49153 at time = 36.4057
--
36.5033 RSS 1.08254e-09
36.5056 RSS 6.01212e-09
36.5056 PRSS 2.46432e-09
36.6007 RSS 1.08254e-09
36.603 RSS 4.41361e-13
36.603 PRSS 1.08254e-09
--
Received one packet! Socket: 10.1.1.1 port: 49153 at time = 36.603
--
36.7006 RSS 1.08254e-09
36.7029 RSS 4.41361e-13
--
Received one packet! Socket: 10.1.1.1 port: 49153 at time = 36.7029
--
36.8023 RSS 1.08254e-09
36.8046 RSS 4.41361e-13
--
Received one packet! Socket: 10.1.1.1 port: 49153 at time = 36.8046
--
36.9046 RSS 4.41361e-13
36.9048 RSS 1.08254e-09
36.9071 RSS 4.41361e-13
--
Received one packet! Socket: 10.1.1.1 port: 49153 at time = 36.9071
--
37.0009 RSS 1.08254e-09
37.0033 RSS 4.41361e-13
--
Received one packet! Socket: 10.1.1.1 port: 49153 at time = 37.0033
--
37.1003 RSS 1.08254e-09
37.1026 RSS 4.41361e-13
--
Received one packet! Socket: 10.1.1.1 port: 49153 at time = 37.1026
--
37.2026 RSS 6.01212e-09
37.2037 RSS 1.08254e-09
37.206 RSS 4.41361e-13
37.206 PRSS 7.09422e-09
37.3028 RSS 1.08254e-09
37.3051 RSS 4.41361e-13
37.4006 RSS 1.08254e-09
37.4029 RSS 4.41361e-13
37.4029 PRSS 1.08254e-09
--
Received one packet! Socket: 10.1.1.1 port: 49153 at time = 37.4029
--
37.5024 RSS 1.08254e-09
37.5047 RSS 4.41361e-13
--
Received one packet! Socket: 10.1.1.1 port: 49153 at time = 37.5047
--
37.6014 RSS 1.08254e-09
37.6037 RSS 4.41361e-13
--
Received one packet! Socket: 10.1.1.1 port: 49153 at time = 37.6037
--
37.7037 RSS 4.41361e-13
37.7042 RSS 1.08254e-09
37.7066 RSS 6.01212e-09
37.7066 PRSS 5.05764e-09
37.8048 RSS 1.08254e-09
37.8071 RSS 4.41361e-13
37.8071 PRSS 1.08254e-09
--
Received one packet! Socket: 10.1.1.1 port: 49153 at time = 37.8071
--
37.9049 RSS 1.08254e-09
37.9072 RSS 4.41361e-13
37.9072 PRSS 7.09422e-09
38.0048 RSS 1.08254e-09
38.0071 RSS 4.41361e-13
38.1 RSS 1.08254e-09
38.1023 RSS 4.41361e-13
38.1023 PRSS 1.08254e-09
--
Received one packet! Socket: 10.1.1.1 port: 49153 at time = 38.1023
--
38.2023 RSS 4.41361e-13
38.2023 RSS 1.08254e-09
38.2046 RSS 4.41361e-13
--
Received one packet! Socket: 10.1.1.1 port: 49153 at time = 38.2046
--
38.3032 RSS 1.08254e-09
38.3055 RSS 4.41361e-13
38.3055 PRSS 7.09422e-09
38.4011 RSS 1.08254e-09
38.4034 RSS 6.01212e-09
38.4034 PRSS 4.11672e-09
38.5034 RSS 4.41361e-13
38.5043 RSS 1.08254e-09
38.5066 RSS 4.41361e-13
38.5066 PRSS 7.09422e-09
38.6004 RSS 1.08254e-09
38.6027 RSS 4.41361e-13
38.6027 PRSS 1.08254e-09
--
Received one packet! Socket: 10.1.1.1 port: 49153 at time = 38.6027
--
38.7 RSS 1.08254e-09
38.7023 RSS 4.41361e-13
--
Received one packet! Socket: 10.1.1.1 port: 49153 at time = 38.7023
--
38.8023 RSS 4.41361e-13
38.8049 RSS 1.08254e-09
38.8072 RSS 4.41361e-13
38.8072 PRSS 7.09422e-09
38.9022 RSS 1.08254e-09
38.9045 RSS 6.01212e-09
38.9045 PRSS 4.92307e-09
39.004 RSS 1.08254e-09
39.0063 RSS 6.01212e-09
39.0063 PRSS 3.24014e-09
39.1003 RSS 1.08254e-09
39.1026 RSS 4.41361e-13
39.1026 PRSS 1.08254e-09
--
Received one packet! Socket: 10.1.1.1 port: 49153 at time = 39.1026
--
39.2025 RSS 1.08254e-09
39.2048 RSS 4.41361e-13
--
Received one packet! Socket: 10.1.1.1 port: 49153 at time = 39.2048
--
39.3045 RSS 1.08254e-09
39.3068 RSS 4.41361e-13
--
Received one packet! Socket: 10.1.1.1 port: 49153 at time = 39.3068
--
39.4039 RSS 1.08254e-09
39.4062 RSS 4.41361e-13
--
Received one packet! Socket: 10.1.1.1 port: 49153 at time = 39.4062
--
39.5046 RSS 1.08254e-09
39.5069 RSS 4.41361e-13
39.5069 PRSS 7.09422e-09
39.6004 RSS 1.08254e-09
39.6027 RSS 6.01212e-09
39.6027 PRSS 1.85204e-09
39.7027 RSS 4.41361e-13
39.7042 RSS 1.08254e-09
39.7065 RSS 6.01212e-09
39.7065 PRSS 5.85522e-09
39.8021 RSS 1.08254e-09
39.8044 RSS 4.41361e-13
39.8044 PRSS 1.08254e-09
--
Received one packet! Socket: 10.1.1.1 port: 49153 at time = 39.8044
--
39.9007 RSS 1.08254e-09
39.903 RSS 4.41361e-13
--
Received one packet! Socket: 10.1.1.1 port: 49153 at time = 39.903
--
40 RSS 1.08254e-09
40.0023 RSS 4.41361e-13
--
Received one packet! Socket: 10.1.1.1 port: 49153 at time = 40.0023
--
40.1023 RSS 4.41361e-13
40.1034 RSS 1.08254e-09
40.1057 RSS 4.41361e-13
--
Received one packet! Socket: 10.1.1.1 port: 49153 at time = 40.1057
--
40.201 RSS 1.08254e-09
40.2033 RSS 4.41361e-13
--
Received one packet! Socket: 10.1.1.1 port: 49153 at time = 40.2033
--
40.3031 RSS 1.08254e-09
40.3054 RSS 6.01212e-09
40.3054 PRSS 2.32933e-09
40.4014 RSS 1.08254e-09
40.4037 RSS 4.41361e-13
40.4037 PRSS 1.08254e-09
--
Received one packet! Socket: 10.1.1.1 port: 49153 at time = 40.4037
--
40.5015 RSS 1.08254e-09
40.5038 RSS 4.41361e-13
--
Received one packet! Socket: 10.1.1.1 port: 49153 at time = 40.5038
--
40.6003 RSS 1.08254e-09
40.6026 RSS 4.41361e-13
--
Received one packet! Socket: 10.1.1.1 port: 49153 at time = 40.6026
--
40.7023 RSS 1.08254e-09
40.7046 RSS 4.41361e-13
40.7046 PRSS 7.09422e-09
40.8046 RSS -6.01124e-09
40.8047 RSS 1.08254e-09
40.807 RSS 6.01212e-09
40.807 PRSS 5.34887e-09
40.9049 RSS 1.08254e-09
40.9072 RSS 4.41361e-13
40.9072 PRSS 7.09422e-09
41.0016 RSS 1.08254e-09
41.0039 RSS 4.41361e-13
41.0039 PRSS 1.08254e-09
--
Received one packet! Socket: 10.1.1.1 port: 49153 at time = 41.0039
--
41.1009 RSS 1.08254e-09
41.1032 RSS 4.41361e-13
--
Received one packet! Socket: 10.1.1.1 port: 49153 at time = 41.1032
--
41.2024 RSS 1.08254e-09
41.2047 RSS 6.01212e-09
41.2047 PRSS 7.09422e-09
41.3037 RSS 1.08254e-09
41.306 RSS 4.41361e-13
41.306 PRSS 1.08254e-09
--
Received one packet! Socket: 10.1.1.1 port: 49153 at time = 41.306
--
41.4019 RSS 1.08254e-09
41.4042 RSS 4.41361e-13
--
Received one packet! Socket: 10.1.1.1 port: 49153 at time = 41.4042
--
41.5035 RSS 1.08254e-09
41.5058 RSS 4.41361e-13
--
Received one packet! Socket: 10.1.1.1 port: 49153 at time = 41.5058
--
41.6039 RSS 1.08254e-09
41.6062 RSS 4.41361e-13
41.6062 PRSS 7.09422e-09
41.7013 RSS 1.08254e-09
41.7036 RSS 6.01212e-09
41.7036 PRSS 3.95285e-09
41.8036 RSS 4.41361e-13
41.8038 RSS 1.08254e-09
41.8061 RSS 4.41361e-13
41.8061 PRSS 1.08254e-09
--
Received one packet! Socket: 10.1.1.1 port: 49153 at time = 41.8061
--
41.9032 RSS 1.08254e-09
41.9055 RSS 4.41361e-13
--
Received one packet! Socket: 10.1.1.1 port: 49153 at time = 41.9055
--
42.0046 RSS 1.08254e-09
42.0069 RSS 4.41361e-13
42.0069 PRSS 7.09422e-09
42.1016 RSS 1.08254e-09
42.1039 RSS 4.41361e-13
42.1039 PRSS 1.08254e-09
--
Received one packet! Socket: 10.1.1.1 port: 49153 at time = 42.1039
--
42.2004 RSS 1.08254e-09
42.2027 RSS 6.01212e-09
42.2027 PRSS 4.80119e-09
42.3027 RSS 4.41361e-13
42.3042 RSS 1.08254e-09
42.3066 RSS 4.41361e-13
42.3066 PRSS 1.08254e-09
--
Received one packet! Socket: 10.1.1.1 port: 49153 at time = 42.3066
--
42.4021 RSS 1.08254e-09
42.4044 RSS 4.41361e-13
--
Received one packet! Socket: 10.1.1.1 port: 49153 at time = 42.4044
--
42.5043 RSS 1.08254e-09
42.5066 RSS 6.01212e-09
42.5066 PRSS 4.88243e-09
42.6037 RSS 1.08254e-09
42.606 RSS 4.41361e-13
42.606 PRSS 7.09422e-09
42.7048 RSS 1.08254e-09
42.7071 RSS 6.01212e-09
42.805 RSS 1.08254e-09
42.8073 RSS 4.41361e-13
42.9019 RSS 1.08254e-09
42.9042 RSS 4.41361e-13
42.9042 PRSS 1.08254e-09
--
Received one packet! Socket: 10.1.1.1 port: 49153 at time = 42.9042
--
43.0005 RSS 1.08254e-09
43.0028 RSS 4.41361e-13
--
Received one packet! Socket: 10.1.1.1 port: 49153 at time = 43.0028
--
43.1007 RSS 1.08254e-09
43.103 RSS 4.41361e-13
--
Received one packet! Socket: 10.1.1.1 port: 49153 at time = 43.103
--
43.203 RSS 4.41361e-13
43.2031 RSS 1.08254e-09
43.2054 RSS 6.01212e-09
43.2054 PRSS 2.29719e-09
43.3045 RSS 1.08254e-09
43.3068 RSS -6.01124e-09
43.3068 PRSS 5.68476e-09
43.4023 RSS 1.08254e-09
43.4046 RSS 4.41361e-13
43.4046 PRSS 1.08254e-09
--
Received one packet! Socket: 10.1.1.1 port: 49153 at time = 43.4046
--
43.5042 RSS 1.08254e-09
43.5065 RSS 4.41361e-13
43.5065 PRSS 7.09422e-09
43.6048 RSS 1.08254e-09
43.6071 RSS 6.01212e-09
43.6071 PRSS 3.83658e-09
43.7018 RSS 1.08254e-09
43.7041 RSS 6.01212e-09
43.7041 PRSS 2.11962e-09
43.8004 RSS 1.08254e-09
43.8027 RSS 4.41361e-13
43.8027 PRSS 1.08254e-09
--
Received one packet! Socket: 10.1.1.1 port: 49153 at time = 43.8027
--
43.9027 RSS 4.41361e-13
43.9036 RSS 1.08254e-09
43.9059 RSS 4.41361e-13
43.9059 PRSS 7.09422e-09
44.0031 RSS 1.08254e-09
44.0054 RSS 6.01212e-09
44.0054 PRSS 2.16892e-09
44.1043 RSS 1.08254e-09
44.1066 RSS 4.41361e-13
44.1066 PRSS 7.09422e-09
44.2047 RSS 1.08254e-09
44.207 RSS 4.41361e-13
44.207 PRSS 1.08254e-09
--
Received one packet! Socket: 10.1.1.1 port: 49153 at time = 44.207
--
44.3007 RSS 1.08254e-09
44.303 RSS 4.41361e-13
--
Received one packet! Socket: 10.1.1.1 port: 49153 at time = 44.303
--
44.403 RSS 4.41361e-13
44.4039 RSS 1.08254e-09
44.4062 RSS 4.41361e-13
--
Received one packet! Socket: 10.1.1.1 port: 49153 at time = 44.4062
--
44.5045 RSS 1.08254e-09
44.5068 RSS 6.01212e-09
44.5068 PRSS 6.54865e-09
44.6041 RSS 1.08254e-09
44.6064 RSS 4.41361e-13
44.6064 PRSS 7.09422e-09
44.7036 RSS 1.08254e-09
44.7059 RSS 4.41361e-13
44.7059 PRSS 1.08254e-09
--
Received one packet! Socket: 10.1.1.1 port: 49153 at time = 44.7059
--
44.8021 RSS 1.08254e-09
44.8044 RSS 6.01212e-09
44.8044 PRSS 6.63251e-09
44.9012 RSS 1.08254e-09
44.9035 RSS 4.41361e-13
44.9035 PRSS 1.08254e-09
--
Received one packet! Socket: 10.1.1.1 port: 49153 at time = 44.9035
--
45.002 RSS 1.08254e-09
45.0043 RSS 6.01212e-09
45.0043 PRSS 2.14749e-09
45.1018 RSS 1.08254e-09
45.1041 RSS 4.41361e-13
45.1041 PRSS 1.08254e-09
--
Received one packet! Socket: 10.1.1.1 port: 49153 at time = 45.1041
--
45.2004 RSS 1.08254e-09
45.2027 RSS 4.41361e-13
--
Received one packet! Socket: 10.1.1.1 port: 49153 at time = 45.2027
--
45.3006 RSS 1.08254e-09
45.3029 RSS 4.41361e-13
--
Received one packet! Socket: 10.1.1.1 port: 49153 at time = 45.3029
--
45.4018 RSS 1.08254e-09
45.4041 RSS 4.41361e-13
--
Received one packet! Socket: 10.1.1.1 port: 49153 at time = 45.4041
--
45.5034 RSS 1.08254e-09
45.5057 RSS 4.41361e-13
45.5057 PRSS 7.09422e-09
45.6003 RSS 1.08254e-09
45.6026 RSS 6.01212e-09
45.6026 PRSS 1.32948e-09
45.7019 RSS 1.08254e-09
45.7042 RSS 6.01212e-09
45.7042 PRSS 2.77529e-09
45.8028 RSS 1.08254e-09
45.8051 RSS 4.41361e-13
45.8051 PRSS 1.08254e-09
--
Received one packet! Socket: 10.1.1.1 port: 49153 at time = 45.8051
--
45.9019 RSS 1.08254e-09
45.9042 RSS 4.41361e-13
--
Received one packet! Socket: 10.1.1.1 port: 49153 at time = 45.9042
--
46.0002 RSS 1.08254e-09
46.0025 RSS 4.41361e-13
--
Received one packet! Socket: 10.1.1.1 port: 49153 at time = 46.0025
--
46.1025 RSS 4.41361e-13
46.103 RSS 1.08254e-09
46.1053 RSS 4.41361e-13
--
Received one packet! Socket: 10.1.1.1 port: 49153 at time = 46.1053
--
46.2013 RSS 1.08254e-09
46.2036 RSS 4.41361e-13
--
Received one packet! Socket: 10.1.1.1 port: 49153 at time = 46.2036
--
46.301 RSS 1.08254e-09
46.3033 RSS 4.41361e-13
--
Received one packet! Socket: 10.1.1.1 port: 49153 at time = 46.3033
--
46.4033 RSS 4.41361e-13
46.4039 RSS 1.08254e-09
46.4062 RSS 4.41361e-13
46.4062 PRSS 7.09422e-09
46.5002 RSS 1.08254e-09
46.5025 RSS 4.41361e-13
46.5025 PRSS 1.08254e-09
--
Received one packet! Socket: 10.1.1.1 port: 49153 at time = 46.5025
--
46.6025 RSS 4.41361e-13
46.6047 RSS 1.08254e-09
46.607 RSS 4.41361e-13
46.607 PRSS 7.09422e-09
46.7 RSS 1.08254e-09
46.7023 RSS 4.41361e-13
46.7023 PRSS 1.08254e-09
--
Received one packet! Socket: 10.1.1.1 port: 49153 at time = 46.7023
--
46.8023 RSS 4.41361e-13
46.8029 RSS 1.08254e-09
46.8052 RSS 4.41361e-13
--
Received one packet! Socket: 10.1.1.1 port: 49153 at time = 46.8052
--
46.9012 RSS 1.08254e-09
46.9035 RSS 4.41361e-13
--
Received one packet! Socket: 10.1.1.1 port: 49153 at time = 46.9035
--
47.0019 RSS 1.08254e-09
47.0042 RSS 4.41361e-13
--
Received one packet! Socket: 10.1.1.1 port: 49153 at time = 47.0042
--
47.102 RSS 1.08254e-09
47.1043 RSS 4.41361e-13
--
Received one packet! Socket: 10.1.1.1 port: 49153 at time = 47.1043
--
47.2032 RSS 1.08254e-09
47.2055 RSS 4.41361e-13
--
Received one packet! Socket: 10.1.1.1 port: 49153 at time = 47.2055
--
47.301 RSS 1.08254e-09
47.3033 RSS 4.41361e-13
--
Received one packet! Socket: 10.1.1.1 port: 49153 at time = 47.3033
--
47.4024 RSS 1.08254e-09
47.4047 RSS 4.41361e-13
47.4047 PRSS 7.09422e-09
47.5042 RSS 1.08254e-09
47.5066 RSS 4.41361e-13
47.6036 RSS 1.08254e-09
47.606 RSS 6.01212e-09
47.606 PRSS 2.38807e-09
47.705 RSS 1.08254e-09
47.7073 RSS 4.41361e-13
47.7073 PRSS 7.09422e-09
47.8018 RSS 1.08254e-09
47.8041 RSS 6.01212e-09
47.8041 PRSS 1.50357e-09
47.9017 RSS 1.08254e-09
47.904 RSS 4.41361e-13
47.904 PRSS 1.08254e-09
--
Received one packet! Socket: 10.1.1.1 port: 49153 at time = 47.904
--
48.0037 RSS 1.08254e-09
48.006 RSS 4.41361e-13
--
Received one packet! Socket: 10.1.1.1 port: 49153 at time = 48.006
--
48.1048 RSS 1.08254e-09
48.1071 RSS 4.41361e-13
48.1071 PRSS 7.09422e-09
48.201 RSS 1.08254e-09
48.2033 RSS 4.41361e-13
48.2033 PRSS 1.08254e-09
--
Received one packet! Socket: 10.1.1.1 port: 49153 at time = 48.2033
--
48.3014 RSS 1.08254e-09
48.3037 RSS 4.41361e-13
--
Received one packet! Socket: 10.1.1.1 port: 49153 at time = 48.3037
--
48.4024 RSS 1.08254e-09
48.4047 RSS 4.41361e-13
--
Received one packet! Socket: 10.1.1.1 port: 49153 at time = 48.4047
--
48.5009 RSS 1.08254e-09
48.5032 RSS 4.41361e-13
--
Received one packet! Socket: 10.1.1.1 port: 49153 at time = 48.5032
--
48.6014 RSS 1.08254e-09
48.6037 RSS 4.41361e-13
--
Received one packet! Socket: 10.1.1.1 port: 49153 at time = 48.6037
--
48.7019 RSS 1.08254e-09
48.7042 RSS 4.41361e-13
--
Received one packet! Socket: 10.1.1.1 port: 49153 at time = 48.7042
--
48.8014 RSS 1.08254e-09
48.8037 RSS 6.01212e-09
48.8037 PRSS 5.49083e-09
48.9016 RSS 1.08254e-09
48.9039 RSS 6.01212e-09
48.9039 PRSS 2.23355e-09
49.0006 RSS 1.08254e-09
49.0029 RSS 4.41361e-13
49.0029 PRSS 1.08254e-09
--
Received one packet! Socket: 10.1.1.1 port: 49153 at time = 49.0029
--
49.102 RSS 1.08254e-09
49.1043 RSS 4.41361e-13
--
Received one packet! Socket: 10.1.1.1 port: 49153 at time = 49.1043
--
49.2011 RSS 1.08254e-09
49.2034 RSS 4.41361e-13
--
Received one packet! Socket: 10.1.1.1 port: 49153 at time = 49.2034
--
49.3024 RSS 1.08254e-09
49.3048 RSS 4.41361e-13
--
Received one packet! Socket: 10.1.1.1 port: 49153 at time = 49.3048
--
49.4023 RSS 1.08254e-09
49.4046 RSS 6.01212e-09
49.4046 PRSS 2.47681e-09
49.5043 RSS 1.08254e-09
49.5066 RSS 6.01212e-09
49.5066 PRSS 1.92469e-09
49.6007 RSS 1.08254e-09
49.603 RSS 4.41361e-13
49.603 PRSS 1.08254e-09
--
Received one packet! Socket: 10.1.1.1 port: 49153 at time = 49.603
--
49.7003 RSS 1.08254e-09
49.7026 RSS 4.41361e-13
--
Received one packet! Socket: 10.1.1.1 port: 49153 at time = 49.7026
--
49.8026 RSS 4.41361e-13
49.8039 RSS 1.08254e-09
49.8062 RSS 4.41361e-13
49.8062 PRSS 7.09422e-09
49.9016 RSS 1.08254e-09
49.9039 RSS 4.41361e-13
49.9039 PRSS 1.08254e-09
--
Received one packet! Socket: 10.1.1.1 port: 49153 at time = 49.9039
--
50.0039 RSS 4.41361e-13
50.0045 RSS 1.08254e-09
50.0068 RSS 6.01212e-09
50.0068 PRSS 3.4423e-09
50.1028 RSS 1.08254e-09
50.1051 RSS 6.01212e-09
50.1051 PRSS 3.03075e-09
50.2039 RSS 1.08254e-09
50.2062 RSS 4.41361e-13
50.2062 PRSS 1.08254e-09
--
Received one packet! Socket: 10.1.1.1 port: 49153 at time = 50.2062
--
50.3034 RSS 1.08254e-09
50.3057 RSS 4.41361e-13
--
Received one packet! Socket: 10.1.1.1 port: 49153 at time = 50.3057
--
50.4 RSS 1.08254e-09
50.4023 RSS 4.41361e-13
--
Received one packet! Socket: 10.1.1.1 port: 49153 at time = 50.4023
--
50.5017 RSS 1.08254e-09
50.504 RSS 4.41361e-13
--
Received one packet! Socket: 10.1.1.1 port: 49153 at time = 50.504
--
50.6 RSS 1.08254e-09
50.6024 RSS 4.41361e-13
--
Received one packet! Socket: 10.1.1.1 port: 49153 at time = 50.6024
--
50.7024 RSS 4.41361e-13
50.7039 RSS 1.08254e-09
50.7062 RSS 6.01212e-09
50.7062 PRSS 6.20453e-09
50.8033 RSS 1.08254e-09
50.8056 RSS 4.41361e-13
50.8056 PRSS 1.08254e-09
--
Received one packet! Socket: 10.1.1.1 port: 49153 at time = 50.8056
--
50.9037 RSS 1.08254e-09
50.906 RSS 4.41361e-13
--
Received one packet! Socket: 10.1.1.1 port: 49153 at time = 50.906
--
51.0009 RSS 1.08254e-09
51.0032 RSS 4.41361e-13
--
Received one packet! Socket: 10.1.1.1 port: 49153 at time = 51.0032
--
51.1011 RSS 1.08254e-09
51.1034 RSS 6.01212e-09
51.1034 PRSS 6.71326e-09
51.2027 RSS 1.08254e-09
51.205 RSS 4.41361e-13
51.205 PRSS 1.08254e-09
--
Received one packet! Socket: 10.1.1.1 port: 49153 at time = 51.205
--
51.3012 RSS 1.08254e-09
51.3035 RSS 4.41361e-13
--
Received one packet! Socket: 10.1.1.1 port: 49153 at time = 51.3035
--
51.4013 RSS 1.08254e-09
51.4036 RSS 4.41361e-13
--
Received one packet! Socket: 10.1.1.1 port: 49153 at time = 51.4036
--
51.5029 RSS 1.08254e-09
51.5052 RSS 6.01212e-09
51.5052 PRSS 5.69962e-09
51.6023 RSS 1.08254e-09
51.6046 RSS 6.01212e-09
51.6046 PRSS 4.81351e-09
51.7022 RSS 1.08254e-09
51.7045 RSS 4.41361e-13
51.7045 PRSS 1.08254e-09
--
Received one packet! Socket: 10.1.1.1 port: 49153 at time = 51.7045
--
51.8021 RSS 1.08254e-09
51.8044 RSS 4.41361e-13
--
Received one packet! Socket: 10.1.1.1 port: 49153 at time = 51.8044
--
51.9032 RSS 1.08254e-09
51.9055 RSS 4.41361e-13
51.9055 PRSS 7.09422e-09
52.0002 RSS 1.08254e-09
52.0025 RSS 4.41361e-13
52.0025 PRSS 1.08254e-09
--
Received one packet! Socket: 10.1.1.1 port: 49153 at time = 52.0025
--
52.1025 RSS 4.41361e-13
52.105 RSS 1.08254e-09
52.1073 RSS 6.01212e-09
52.1073 PRSS 2.03662e-09
52.2009 RSS 1.08254e-09
52.2032 RSS 4.41361e-13
52.2032 PRSS 1.08254e-09
--
Received one packet! Socket: 10.1.1.1 port: 49153 at time = 52.2032
--
52.3032 RSS 4.41361e-13
52.3033 RSS 1.08254e-09
52.3056 RSS 4.41361e-13
--
Received one packet! Socket: 10.1.1.1 port: 49153 at time = 52.3056
--
52.4002 RSS 1.08254e-09
52.4025 RSS 4.41361e-13
--
Received one packet! Socket: 10.1.1.1 port: 49153 at time = 52.4025
--
52.5025 RSS 4.41361e-13
52.5028 RSS 1.08254e-09
52.5051 RSS 4.41361e-13
--
Received one packet! Socket: 10.1.1.1 port: 49153 at time = 52.5051
--
52.6016 RSS 1.08254e-09
52.6039 RSS 4.41361e-13
--
Received one packet! Socket: 10.1.1.1 port: 49153 at time = 52.6039
--
52.7027 RSS 1.08254e-09
52.705 RSS 4.41361e-13
--
Received one packet! Socket: 10.1.1.1 port: 49153 at time = 52.705
--
52.8038 RSS 1.08254e-09
52.8061 RSS 6.01212e-09
52.8061 PRSS 1.2368e-09
--
Received one packet! Socket: 10.1.1.1 port: 49153 at time = 52.8061
--
52.9047 RSS 1.08254e-09
52.907 RSS 6.01212e-09
52.907 PRSS 2.35467e-09
53.0047 RSS 1.08254e-09
53.007 RSS 6.01212e-09
53.007 PRSS 3.78039e-09
53.1007 RSS 1.08254e-09
53.103 RSS 4.41361e-13
53.103 PRSS 1.08254e-09
--
Received one packet! Socket: 10.1.1.1 port: 49153 at time = 53.103
--
53.2002 RSS 1.08254e-09
53.2026 RSS 4.41361e-13
--
Received one packet! Socket: 10.1.1.1 port: 49153 at time = 53.2026
--
53.3026 RSS 4.41361e-13
53.3041 RSS 1.08254e-09
53.3064 RSS 6.01212e-09
53.3064 PRSS 1.16721e-09
--
Received one packet! Socket: 10.1.1.1 port: 49153 at time = 53.3064
--
53.4031 RSS 1.08254e-09
53.4054 RSS 4.41361e-13
53.4054 PRSS 1.08254e-09
--
Received one packet! Socket: 10.1.1.1 port: 49153 at time = 53.4054
--
53.5 RSS 1.08254e-09
53.5023 RSS 4.41361e-13
--
Received one packet! Socket: 10.1.1.1 port: 49153 at time = 53.5023
--
53.6015 RSS 1.08254e-09
53.6038 RSS 4.41361e-13
--
Received one packet! Socket: 10.1.1.1 port: 49153 at time = 53.6038
--
53.7023 RSS 1.08254e-09
53.7046 RSS 4.41361e-13
--
Received one packet! Socket: 10.1.1.1 port: 49153 at time = 53.7046
--
53.8046 RSS 1.08254e-09
53.8069 RSS 4.41361e-13
--
Received one packet! Socket: 10.1.1.1 port: 49153 at time = 53.8069
--
53.9035 RSS 1.08254e-09
53.9058 RSS 6.01212e-09
53.9058 PRSS 2.83256e-09
54.0014 RSS 1.08254e-09
54.0037 RSS 4.41361e-13
54.0037 PRSS 1.08254e-09
--
Received one packet! Socket: 10.1.1.1 port: 49153 at time = 54.0037
--
54.1037 RSS 4.41361e-13
54.1037 RSS 1.08254e-09
54.106 RSS 6.01212e-09
54.106 PRSS 5.81072e-09
54.2002 RSS 1.08254e-09
54.2025 RSS 4.41361e-13
54.2025 PRSS 1.08254e-09
--
Received one packet! Socket: 10.1.1.1 port: 49153 at time = 54.2025
--
54.3003 RSS 1.08254e-09
54.3026 RSS 4.41361e-13
--
Received one packet! Socket: 10.1.1.1 port: 49153 at time = 54.3026
--
54.4026 RSS 4.41361e-13
54.4046 RSS 1.08254e-09
54.4069 RSS 6.01212e-09
54.4069 PRSS 2.67192e-09
54.5013 RSS 1.08254e-09
54.5036 RSS 4.41361e-13
54.5036 PRSS 1.08254e-09
--
Received one packet! Socket: 10.1.1.1 port: 49153 at time = 54.5036
--
54.6004 RSS 1.08254e-09
54.6027 RSS 4.41361e-13
--
Received one packet! Socket: 10.1.1.1 port: 49153 at time = 54.6027
--
54.7023 RSS 1.08254e-09
54.7046 RSS 4.41361e-13
--
Received one packet! Socket: 10.1.1.1 port: 49153 at time = 54.7046
--
54.8014 RSS 1.08254e-09
54.8037 RSS 6.01212e-09
54.8037 PRSS 5.72434e-09
54.9033 RSS 1.08254e-09
54.9056 RSS 6.01212e-09
54.9056 PRSS 3.67987e-09
55.0037 RSS 1.08254e-09
55.006 RSS 4.41361e-13
55.006 PRSS 7.09422e-09
55.1043 RSS 1.08254e-09
55.1066 RSS 6.01212e-09
55.1066 PRSS 3.45535e-09
55.2011 RSS 1.08254e-09
55.2034 RSS 4.41361e-13
55.2034 PRSS 1.08254e-09
--
Received one packet! Socket: 10.1.1.1 port: 49153 at time = 55.2034
--
55.3032 RSS 1.08254e-09
55.3055 RSS 6.01212e-09
55.3055 PRSS 7.03309e-09
55.4012 RSS 1.08254e-09
55.4035 RSS 4.41361e-13
55.4035 PRSS 1.08254e-09
--
Received one packet! Socket: 10.1.1.1 port: 49153 at time = 55.4035
--
55.5018 RSS 1.08254e-09
55.5041 RSS 4.41361e-13
--
Received one packet! Socket: 10.1.1.1 port: 49153 at time = 55.5041
--
55.6001 RSS 1.08254e-09
55.6024 RSS 4.41361e-13
--
Received one packet! Socket: 10.1.1.1 port: 49153 at time = 55.6024
--
55.7024 RSS 4.41361e-13
55.7049 RSS 1.08254e-09
55.7072 RSS 4.41361e-13
55.7072 PRSS 7.09422e-09
55.8038 RSS 1.08254e-09
55.8061 RSS 4.41361e-13
55.9002 RSS 1.08254e-09
55.9025 RSS 4.41361e-13
55.9025 PRSS 1.08254e-09
--
Received one packet! Socket: 10.1.1.1 port: 49153 at time = 55.9025
--
56.0025 RSS 4.41361e-13
56.0045 RSS 1.08254e-09
56.0068 RSS 4.41361e-13
56.0068 PRSS 7.09422e-09
56.1006 RSS 1.08254e-09
56.1029 RSS 4.41361e-13
56.1029 PRSS 1.08254e-09
--
Received one packet! Socket: 10.1.1.1 port: 49153 at time = 56.1029
--
56.2026 RSS 1.08254e-09
56.2049 RSS 4.41361e-13
--
Received one packet! Socket: 10.1.1.1 port: 49153 at time = 56.2049
--
56.3025 RSS 1.08254e-09
56.3048 RSS 4.41361e-13
--
Received one packet! Socket: 10.1.1.1 port: 49153 at time = 56.3048
--
56.4022 RSS 1.08254e-09
56.4045 RSS 4.41361e-13
--
Received one packet! Socket: 10.1.1.1 port: 49153 at time = 56.4045
--
56.5004 RSS 1.08254e-09
56.5027 RSS 6.01212e-09
56.5027 PRSS 1.6797e-09
56.6019 RSS 1.08254e-09
56.6042 RSS 4.41361e-13
56.6042 PRSS 1.08254e-09
--
Received one packet! Socket: 10.1.1.1 port: 49153 at time = 56.6042
--
56.7018 RSS 1.08254e-09
56.7041 RSS 4.41361e-13
--
Received one packet! Socket: 10.1.1.1 port: 49153 at time = 56.7041
--
56.8041 RSS 4.41361e-13
56.8048 RSS 1.08254e-09
56.8071 RSS 6.01212e-09
56.8071 PRSS 4.14837e-09
56.9046 RSS 1.08254e-09
56.9069 RSS 6.01212e-09
56.9069 PRSS 3.77593e-09
57.0029 RSS 1.08254e-09
57.0053 RSS 6.01212e-09
57.0053 PRSS 2.45647e-09
57.1004 RSS 1.08254e-09
57.1027 RSS 4.41361e-13
57.1027 PRSS 1.08254e-09
--
Received one packet! Socket: 10.1.1.1 port: 49153 at time = 57.1027
--
57.2027 RSS 4.41361e-13
57.203 RSS 1.08254e-09
57.2053 RSS 4.41361e-13
--
Received one packet! Socket: 10.1.1.1 port: 49153 at time = 57.2053
--
57.3002 RSS 1.08254e-09
57.3025 RSS 4.41361e-13
--
Received one packet! Socket: 10.1.1.1 port: 49153 at time = 57.3025
--
57.4025 RSS 4.41361e-13
57.4047 RSS 1.08254e-09
57.407 RSS 4.41361e-13
--
Received one packet! Socket: 10.1.1.1 port: 49153 at time = 57.407
--
57.5019 RSS 1.08254e-09
57.5042 RSS 6.01212e-09
57.5042 PRSS 1.596e-09
57.6002 RSS 1.08254e-09
57.6025 RSS 4.41361e-13
57.6025 PRSS 1.08254e-09
--
Received one packet! Socket: 10.1.1.1 port: 49153 at time = 57.6025
--
57.7012 RSS 1.08254e-09
57.7035 RSS 4.41361e-13
--
Received one packet! Socket: 10.1.1.1 port: 49153 at time = 57.7035
--
57.8009 RSS 1.08254e-09
57.8032 RSS 4.41361e-13
--
Received one packet! Socket: 10.1.1.1 port: 49153 at time = 57.8032
--
57.9007 RSS 1.08254e-09
57.903 RSS 4.41361e-13
--
Received one packet! Socket: 10.1.1.1 port: 49153 at time = 57.903
--
58.003 RSS 4.41361e-13
58.0044 RSS 1.08254e-09
58.0067 RSS 6.01212e-09
58.0067 PRSS 7.09422e-09
58.1043 RSS 1.08254e-09
58.1066 RSS 4.41361e-13
58.1066 PRSS 1.08254e-09
--
Received one packet! Socket: 10.1.1.1 port: 49153 at time = 58.1066
--
58.203 RSS 1.08254e-09
58.2053 RSS 4.41361e-13
--
Received one packet! Socket: 10.1.1.1 port: 49153 at time = 58.2053
--
58.3019 RSS 1.08254e-09
58.3042 RSS 6.01212e-09
58.3042 PRSS 6.80902e-09
58.402 RSS 1.08254e-09
58.4043 RSS 6.01212e-09
58.4043 PRSS 2.91367e-09
58.5026 RSS 1.08254e-09
58.5049 RSS 6.01212e-09
58.5049 PRSS 3.8002e-09
58.6025 RSS 1.08254e-09
58.6048 RSS 4.41361e-13
58.6048 PRSS 7.09422e-09
58.7025 RSS 1.08254e-09
58.7048 RSS 4.41361e-13
58.7048 PRSS 1.08254e-09
--
Received one packet! Socket: 10.1.1.1 port: 49153 at time = 58.7048
--
58.8005 RSS 1.08254e-09
58.8028 RSS 4.41361e-13
--
Received one packet! Socket: 10.1.1.1 port: 49153 at time = 58.8028
--
58.9002 RSS 1.08254e-09
58.9025 RSS 4.41361e-13
--
Received one packet! Socket: 10.1.1.1 port: 49153 at time = 58.9025
--
59.0017 RSS 1.08254e-09
59.004 RSS 4.41361e-13
--
Received one packet! Socket: 10.1.1.1 port: 49153 at time = 59.004
--
59.1019 RSS 1.08254e-09
59.1042 RSS 4.41361e-13
--
Received one packet! Socket: 10.1.1.1 port: 49153 at time = 59.1042
--
59.2011 RSS 1.08254e-09
59.2034 RSS 4.41361e-13
--
Received one packet! Socket: 10.1.1.1 port: 49153 at time = 59.2034
--
59.3005 RSS 1.08254e-09
59.3028 RSS 4.41361e-13
--
Received one packet! Socket: 10.1.1.1 port: 49153 at time = 59.3028
--
59.4021 RSS 1.08254e-09
59.4044 RSS 6.01212e-09
59.4044 PRSS 4.21478e-09
59.5023 RSS 1.08254e-09
59.5046 RSS 6.01212e-09
59.5046 PRSS 5.56994e-09
59.6022 RSS 1.08254e-09
59.6045 RSS 6.01212e-09
59.6045 PRSS 5.1314e-09
59.7003 RSS 1.08254e-09
59.7026 RSS 4.41361e-13
59.7026 PRSS 1.08254e-09
--
Received one packet! Socket: 10.1.1.1 port: 49153 at time = 59.7026
--
59.8026 RSS 4.41361e-13
59.8049 RSS 1.08254e-09
59.8072 RSS 6.01212e-09
59.8072 PRSS 3.92808e-09
59.9007 RSS 1.08254e-09
59.903 RSS 4.41361e-13
59.903 PRSS 1.08254e-09
--
Received one packet! Socket: 10.1.1.1 port: 49153 at time = 59.903
--
Actual PDR = 0.625
Actual RSS = 6.01212e-09
Actual Average Packet RSS = 7.09422e-09
