0 RSS 4.41361e-13
0.1 RSS 1.08254e-09
0.203066 RSS 4.41361e-13
0.203066 PRSS 1.08254e-09
--
Received one packet! Socket: 10.1.1.1 port: 49153 at time = 0.203066
--
0.403066 RSS 1.08254e-09
0.603066 RSS 4.41361e-13
0.803066 RSS 1.08254e-09
1.00352 RSS 4.41361e-13
--
Received one packet! Socket: 10.1.1.1 port: 49153 at time = 1.00352
--
1.20352 RSS 1.08254e-09
1.40352 RSS 4.41361e-13
1.60352 RSS 1.08254e-09
1.80352 RSS 4.41361e-13
2 RSS 1.08254e-09
2.0023 RSS 4.41361e-13
--
Received one packet! Socket: 10.1.1.1 port: 49153 at time = 2.0023
--
2.1023 RSS 1.08254e-09
2.3023 RSS 4.41361e-13
2.5023 RSS 1.08254e-09
2.7023 RSS 4.41361e-13
2.9023 RSS 1.08254e-09
3.00594 RSS 4.41361e-13
--
Received one packet! Socket: 10.1.1.1 port: 49153 at time = 3.00594
--
3.20594 RSS 1.08254e-09
3.40594 RSS 4.41361e-13
3.60594 RSS 1.08254e-09
3.80594 RSS 4.41361e-13
4 RSS 1.08254e-09
4.0023 RSS 4.41361e-13
--
Received one packet! Socket: 10.1.1.1 port: 49153 at time = 4.0023
--
4.1023 RSS 1.08254e-09
4.3023 RSS 4.41361e-13
4.5023 RSS 1.08254e-09
4.7023 RSS 4.41361e-13
4.9023 RSS 1.08254e-09
5.01047 RSS 4.41361e-13
--
Received one packet! Socket: 10.1.1.1 port: 49153 at time = 5.01047
--
5.21047 RSS 1.08254e-09
5.41047 RSS 4.41361e-13
5.61047 RSS 1.08254e-09
5.81047 RSS 4.41361e-13
6 RSS 1.08254e-09
6.0023 RSS 4.41361e-13
--
Received one packet! Socket: 10.1.1.1 port: 49153 at time = 6.0023
--
6.1023 RSS 1.08254e-09
6.3023 RSS 4.41361e-13
6.5023 RSS 1.08254e-09
6.7023 RSS 4.41361e-13
6.9023 RSS 1.08254e-09
7.0131 RSS 4.41361e-13
--
Received one packet! Socket: 10.1.1.1 port: 49153 at time = 7.0131
--
7.2131 RSS 1.08254e-09
7.4131 RSS 4.41361e-13
7.6131 RSS 1.08254e-09
7.8131 RSS 4.41361e-13
8 RSS 1.08254e-09
8.0023 RSS 4.41361e-13
--
Received one packet! Socket: 10.1.1.1 port: 49153 at time = 8.0023
--
8.1023 RSS 1.08254e-09
8.3023 RSS 4.41361e-13
8.5023 RSS 1.08254e-09
8.7023 RSS 4.41361e-13
8.9023 RSS 1.08254e-09
9.01698 RSS 4.41361e-13
--
Received one packet! Socket: 10.1.1.1 port: 49153 at time = 9.01698
--
9.21698 RSS 1.08254e-09
9.41698 RSS 4.41361e-13
9.61698 RSS 1.08254e-09
9.81698 RSS 4.41361e-13
10 RSS 1.08254e-09
10.0023 RSS 4.41361e-13
--
Received one packet! Socket: 10.1.1.1 port: 49153 at time = 10.0023
--
10.1023 RSS 1.08254e-09
10.3023 RSS 4.41361e-13
10.5023 RSS 1.08254e-09
10.7023 RSS 4.41361e-13
10.9023 RSS 1.08254e-09
11.0209 RSS 4.41361e-13
--
Received one packet! Socket: 10.1.1.1 port: 49153 at time = 11.0209
--
11.2209 RSS 1.08254e-09
11.4209 RSS 4.41361e-13
11.6209 RSS 1.08254e-09
11.8209 RSS 4.41361e-13
12 RSS 1.08254e-09
12.0023 RSS 4.41361e-13
--
Received one packet! Socket: 10.1.1.1 port: 49153 at time = 12.0023
--
12.1023 RSS 1.08254e-09
12.3023 RSS 4.41361e-13
12.5023 RSS 1.08254e-09
12.7023 RSS 4.41361e-13
12.9023 RSS 1.08254e-09
13.0237 RSS 4.41361e-13
--
Received one packet! Socket: 10.1.1.1 port: 49153 at time = 13.0237
--
13.2237 RSS 1.08254e-09
13.4237 RSS 4.41361e-13
13.6237 RSS 1.08254e-09
13.8237 RSS 4.41361e-13
14 RSS 1.08254e-09
14.0023 RSS 4.41361e-13
--
Received one packet! Socket: 10.1.1.1 port: 49153 at time = 14.0023
--
14.1023 RSS 1.08254e-09
14.3023 RSS 4.41361e-13
14.5023 RSS 1.08254e-09
14.7023 RSS 4.41361e-13
14.9023 RSS 1.08254e-09
15.0269 RSS 4.41361e-13
--
Received one packet! Socket: 10.1.1.1 port: 49153 at time = 15.0269
--
15.2269 RSS 1.08254e-09
15.4269 RSS 4.41361e-13
15.6269 RSS 1.08254e-09
15.8269 RSS 4.41361e-13
16 RSS 1.08254e-09
16.0023 RSS 4.41361e-13
--
Received one packet! Socket: 10.1.1.1 port: 49153 at time = 16.0023
--
16.1023 RSS 1.08254e-09
16.3023 RSS 4.41361e-13
16.5023 RSS 1.08254e-09
16.7023 RSS 4.41361e-13
16.9023 RSS 1.08254e-09
17.0301 RSS 4.41361e-13
--
Received one packet! Socket: 10.1.1.1 port: 49153 at time = 17.0301
--
17.2301 RSS 1.08254e-09
17.4301 RSS 4.41361e-13
17.6301 RSS 1.08254e-09
17.8301 RSS 4.41361e-13
18 RSS 1.08254e-09
18.0023 RSS 4.41361e-13
--
Received one packet! Socket: 10.1.1.1 port: 49153 at time = 18.0023
--
18.1023 RSS 1.08254e-09
18.3023 RSS 4.41361e-13
18.5023 RSS 1.08254e-09
18.7023 RSS 4.41361e-13
18.9023 RSS 1.08254e-09
19.0329 RSS 4.41361e-13
--
Received one packet! Socket: 10.1.1.1 port: 49153 at time = 19.0329
--
19.2329 RSS 1.08254e-09
19.4329 RSS 4.41361e-13
19.6329 RSS 1.08254e-09
19.8329 RSS 4.41361e-13
20 RSS 1.08254e-09
20.0023 RSS 4.41361e-13
--
Received one packet! Socket: 10.1.1.1 port: 49153 at time = 20.0023
--
20.1023 RSS 1.08254e-09
20.3023 RSS 4.41361e-13
20.5023 RSS 1.08254e-09
20.7023 RSS 4.41361e-13
20.9023 RSS 1.08254e-09
21.0356 RSS 4.41361e-13
--
Received one packet! Socket: 10.1.1.1 port: 49153 at time = 21.0356
--
21.2356 RSS 1.08254e-09
21.4356 RSS 4.41361e-13
21.6356 RSS 1.08254e-09
21.8356 RSS 4.41361e-13
22 RSS 1.08254e-09
22.0023 RSS 4.41361e-13
--
Received one packet! Socket: 10.1.1.1 port: 49153 at time = 22.0023
--
22.1023 RSS 1.08254e-09
22.3023 RSS 4.41361e-13
22.5023 RSS 1.08254e-09
22.7023 RSS 4.41361e-13
22.9023 RSS 1.08254e-09
23.0392 RSS 4.41361e-13
--
Received one packet! Socket: 10.1.1.1 port: 49153 at time = 23.0392
--
23.2392 RSS 1.08254e-09
23.4392 RSS 4.41361e-13
23.6392 RSS 1.08254e-09
23.8392 RSS 4.41361e-13
24 RSS 1.08254e-09
24.0023 RSS 4.41361e-13
--
Received one packet! Socket: 10.1.1.1 port: 49153 at time = 24.0023
--
24.1023 RSS 1.08254e-09
24.3023 RSS 4.41361e-13
24.5023 RSS 1.08254e-09
24.7023 RSS 4.41361e-13
24.9023 RSS 1.08254e-09
25.0433 RSS 4.41361e-13
--
Received one packet! Socket: 10.1.1.1 port: 49153 at time = 25.0433
--
25.2433 RSS 1.08254e-09
25.4433 RSS 4.41361e-13
25.6433 RSS 1.08254e-09
25.8433 RSS 4.41361e-13
26 RSS 1.08254e-09
26.0023 RSS 4.41361e-13
--
Received one packet! Socket: 10.1.1.1 port: 49153 at time = 26.0023
--
26.1023 RSS 1.08254e-09
26.3023 RSS 4.41361e-13
26.5023 RSS 1.08254e-09
26.7023 RSS 4.41361e-13
26.9023 RSS 1.08254e-09
27.0465 RSS 4.41361e-13
--
Received one packet! Socket: 10.1.1.1 port: 49153 at time = 27.0465
--
27.2465 RSS 1.08254e-09
27.4465 RSS 4.41361e-13
27.6465 RSS 1.08254e-09
27.8465 RSS 4.41361e-13
28 RSS 1.08254e-09
28.0023 RSS 4.41361e-13
--
Received one packet! Socket: 10.1.1.1 port: 49153 at time = 28.0023
--
28.1023 RSS 1.08254e-09
28.3023 RSS 4.41361e-13
28.5023 RSS 1.08254e-09
28.7023 RSS 4.41361e-13
28.9023 RSS 1.08254e-09
29.0507 RSS 4.41361e-13
--
Received one packet! Socket: 10.1.1.1 port: 49153 at time = 29.0507
--
29.2507 RSS 1.08254e-09
29.4507 RSS 4.41361e-13
29.6507 RSS 1.08254e-09
29.8507 RSS 4.41361e-13
30 RSS 1.08254e-09
30.0023 RSS 4.41361e-13
--
Received one packet! Socket: 10.1.1.1 port: 49153 at time = 30.0023
--
30.1023 RSS 1.08254e-09
30.3023 RSS 4.41361e-13
30.5023 RSS 1.08254e-09
30.7023 RSS 4.41361e-13
30.9023 RSS 1.08254e-09
31.0543 RSS 4.41361e-13
--
Received one packet! Socket: 10.1.1.1 port: 49153 at time = 31.0543
--
31.2543 RSS 1.08254e-09
31.4543 RSS 4.41361e-13
31.6543 RSS 1.08254e-09
31.8543 RSS 4.41361e-13
32 RSS 1.08254e-09
32.0023 RSS 4.41361e-13
--
Received one packet! Socket: 10.1.1.1 port: 49153 at time = 32.0023
--
32.1023 RSS 1.08254e-09
32.3023 RSS 4.41361e-13
32.5023 RSS 1.08254e-09
32.7023 RSS 4.41361e-13
32.9023 RSS 1.08254e-09
33.0575 RSS 4.41361e-13
--
Received one packet! Socket: 10.1.1.1 port: 49153 at time = 33.0575
--
33.2575 RSS 1.08254e-09
33.4575 RSS 4.41361e-13
33.6575 RSS 1.08254e-09
33.8575 RSS 4.41361e-13
34 RSS 1.08254e-09
34.0023 RSS 4.41361e-13
--
Received one packet! Socket: 10.1.1.1 port: 49153 at time = 34.0023
--
34.1023 RSS 1.08254e-09
34.3023 RSS 4.41361e-13
34.5023 RSS 1.08254e-09
34.7023 RSS 4.41361e-13
34.9023 RSS 1.08254e-09
35.0615 RSS 4.41361e-13
--
Received one packet! Socket: 10.1.1.1 port: 49153 at time = 35.0615
--
35.2615 RSS 1.08254e-09
35.4615 RSS 4.41361e-13
35.6615 RSS 1.08254e-09
35.8615 RSS 4.41361e-13
36 RSS 1.08254e-09
36.0023 RSS 4.41361e-13
--
Received one packet! Socket: 10.1.1.1 port: 49153 at time = 36.0023
--
36.1023 RSS 1.08254e-09
36.3023 RSS 4.41361e-13
36.5023 RSS 1.08254e-09
36.7023 RSS 4.41361e-13
36.9023 RSS 1.08254e-09
37.0656 RSS 4.41361e-13
--
Received one packet! Socket: 10.1.1.1 port: 49153 at time = 37.0656
--
37.2656 RSS 1.08254e-09
37.4656 RSS 4.41361e-13
37.6656 RSS 1.08254e-09
37.8656 RSS 4.41361e-13
38 RSS 1.08254e-09
38.0023 RSS 4.41361e-13
--
Received one packet! Socket: 10.1.1.1 port: 49153 at time = 38.0023
--
38.1023 RSS 1.08254e-09
38.3023 RSS 4.41361e-13
38.5023 RSS 1.08254e-09
38.7023 RSS 4.41361e-13
38.9023 RSS 1.08254e-09
39.0694 RSS 4.41361e-13
--
Received one packet! Socket: 10.1.1.1 port: 49153 at time = 39.0694
--
39.2694 RSS 1.08254e-09
39.4694 RSS 4.41361e-13
39.6694 RSS 1.08254e-09
39.8694 RSS 4.41361e-13
40 RSS 1.08254e-09
40.0023 RSS 4.41361e-13
--
Received one packet! Socket: 10.1.1.1 port: 49153 at time = 40.0023
--
40.1023 RSS 1.08254e-09
40.3023 RSS 4.41361e-13
40.5023 RSS 1.08254e-09
40.7023 RSS 4.41361e-13
40.9023 RSS 1.08254e-09
41.0724 RSS 4.41361e-13
--
Received one packet! Socket: 10.1.1.1 port: 49153 at time = 41.0724
--
41.2724 RSS 1.08254e-09
41.4724 RSS 4.41361e-13
41.6724 RSS 1.08254e-09
41.8724 RSS 4.41361e-13
42 RSS 1.08254e-09
42.0023 RSS 4.41361e-13
--
Received one packet! Socket: 10.1.1.1 port: 49153 at time = 42.0023
--
42.1023 RSS 1.08254e-09
42.3023 RSS 4.41361e-13
42.5023 RSS 1.08254e-09
42.7023 RSS 4.41361e-13
42.9023 RSS 1.08254e-09
43.0763 RSS 4.41361e-13
--
Received one packet! Socket: 10.1.1.1 port: 49153 at time = 43.0763
--
43.2763 RSS 1.08254e-09
43.4763 RSS 4.41361e-13
43.6763 RSS 1.08254e-09
43.8763 RSS 4.41361e-13
44 RSS 1.08254e-09
44.0023 RSS 4.41361e-13
--
Received one packet! Socket: 10.1.1.1 port: 49153 at time = 44.0023
--
44.1023 RSS 1.08254e-09
44.3023 RSS 4.41361e-13
44.5023 RSS 1.08254e-09
44.7023 RSS 4.41361e-13
44.9023 RSS 1.08254e-09
45.0811 RSS 4.41361e-13
--
Received one packet! Socket: 10.1.1.1 port: 49153 at time = 45.0811
--
45.2811 RSS 1.08254e-09
45.4811 RSS 4.41361e-13
45.6811 RSS 1.08254e-09
45.8811 RSS 4.41361e-13
46 RSS 1.08254e-09
46.0023 RSS 4.41361e-13
--
Received one packet! Socket: 10.1.1.1 port: 49153 at time = 46.0023
--
46.1023 RSS 1.08254e-09
46.3023 RSS 4.41361e-13
46.5023 RSS 1.08254e-09
46.7023 RSS 4.41361e-13
46.9023 RSS 1.08254e-09
47.0845 RSS 4.41361e-13
--
Received one packet! Socket: 10.1.1.1 port: 49153 at time = 47.0845
--
47.2845 RSS 1.08254e-09
47.4845 RSS 4.41361e-13
47.6845 RSS 1.08254e-09
47.8845 RSS 4.41361e-13
48 RSS 1.08254e-09
48.0023 RSS 4.41361e-13
--
Received one packet! Socket: 10.1.1.1 port: 49153 at time = 48.0023
--
48.1023 RSS 1.08254e-09
48.3023 RSS 4.41361e-13
48.5023 RSS 1.08254e-09
48.7023 RSS 4.41361e-13
48.9023 RSS 1.08254e-09
49.0876 RSS 4.41361e-13
--
Received one packet! Socket: 10.1.1.1 port: 49153 at time = 49.0876
--
49.2876 RSS 1.08254e-09
49.4876 RSS 4.41361e-13
49.6876 RSS 1.08254e-09
49.8876 RSS 4.41361e-13
50 RSS 1.08254e-09
50.0023 RSS 4.41361e-13
--
Received one packet! Socket: 10.1.1.1 port: 49153 at time = 50.0023
--
50.1023 RSS 1.08254e-09
50.3023 RSS 4.41361e-13
50.5023 RSS 1.08254e-09
50.7023 RSS 4.41361e-13
50.9023 RSS 1.08254e-09
51.0904 RSS 4.41361e-13
--
Received one packet! Socket: 10.1.1.1 port: 49153 at time = 51.0904
--
51.2904 RSS 1.08254e-09
51.4904 RSS 4.41361e-13
51.6904 RSS 1.08254e-09
51.8904 RSS 4.41361e-13
52 RSS 1.08254e-09
52.0023 RSS 4.41361e-13
--
Received one packet! Socket: 10.1.1.1 port: 49153 at time = 52.0023
--
52.1023 RSS 1.08254e-09
52.3023 RSS 4.41361e-13
52.5023 RSS 1.08254e-09
52.7023 RSS 4.41361e-13
52.9023 RSS 1.08254e-09
53.0941 RSS 4.41361e-13
--
Received one packet! Socket: 10.1.1.1 port: 49153 at time = 53.0941
--
53.2941 RSS 1.08254e-09
53.4941 RSS 4.41361e-13
53.6941 RSS 1.08254e-09
53.8941 RSS 4.41361e-13
54 RSS 1.08254e-09
54.0023 RSS 4.41361e-13
--
Received one packet! Socket: 10.1.1.1 port: 49153 at time = 54.0023
--
54.1023 RSS 1.08254e-09
54.3023 RSS 4.41361e-13
54.5023 RSS 1.08254e-09
54.7023 RSS 4.41361e-13
54.9023 RSS 1.08254e-09
55.0981 RSS 4.41361e-13
--
Received one packet! Socket: 10.1.1.1 port: 49153 at time = 55.0981
--
55.2981 RSS 1.08254e-09
55.4981 RSS 4.41361e-13
55.6981 RSS 1.08254e-09
55.8981 RSS 4.41361e-13
56 RSS 1.08254e-09
56.0023 RSS 4.41361e-13
--
Received one packet! Socket: 10.1.1.1 port: 49153 at time = 56.0023
--
56.1023 RSS 1.08254e-09
56.3023 RSS 4.41361e-13
56.5023 RSS 1.08254e-09
56.7023 RSS 4.41361e-13
56.9023 RSS 1.08254e-09
57.1022 RSS 4.41361e-13
--
Received one packet! Socket: 10.1.1.1 port: 49153 at time = 57.1022
--
57.3022 RSS 1.08254e-09
57.5022 RSS 4.41361e-13
57.7022 RSS 1.08254e-09
57.9022 RSS 4.41361e-13
58 RSS 1.08254e-09
58.0023 RSS 4.41361e-13
--
Received one packet! Socket: 10.1.1.1 port: 49153 at time = 58.0023
--
58.1023 RSS 1.08254e-09
58.4023 RSS 4.41361e-13
58.6023 RSS 1.08254e-09
58.8023 RSS 4.41361e-13
59.0023 RSS 1.08254e-09
59.1062 RSS 4.41361e-13
--
Received one packet! Socket: 10.1.1.1 port: 49153 at time = 59.1062
--
59.3062 RSS 1.08254e-09
59.5062 RSS 4.41361e-13
59.7062 RSS 1.08254e-09
59.9062 RSS 4.41361e-13
Actual PDR = 1
Actual RSS = 1.08254e-09
Actual Average Packet RSS = 1.08254e-09
