0 RSS 4.41361e-13
0.1 RSS 1.08254e-09
0.203066 RSS 4.41361e-13
0.203066 PRSS 1.08254e-09
--
Received one packet! Socket: 10.1.1.1 port: 49153 at time = 0.203066
--
0.203496 RSS 1.08254e-09
0.2058 RSS 4.41361e-13
--
Received one packet! Socket: 10.1.1.1 port: 49153 at time = 0.2058
--
0.20615 RSS 1.08254e-09
0.208454 RSS 4.41361e-13
--
Received one packet! Socket: 10.1.1.1 port: 49153 at time = 0.208454
--
0.3 RSS 1.08254e-09
0.302304 RSS 4.41361e-13
--
Received one packet! Socket: 10.1.1.1 port: 49153 at time = 0.302304
--
0.4 RSS 1.08254e-09
0.402304 PRSS 1.92644e-09
--
Received one packet! Socket: 10.1.1.1 port: 49153 at time = 0.402304
--
0.603666 RSS 4.41361e-13
0.603666 PRSS 1.08254e-09
--
Received one packet! Socket: 10.1.1.1 port: 49153 at time = 0.603666
--
0.603776 RSS 1.08254e-09
0.60608 RSS 4.41361e-13
--
Received one packet! Socket: 10.1.1.1 port: 49153 at time = 0.60608
--
0.7 RSS 1.08254e-09
0.702304 RSS 4.41361e-13
--
Received one packet! Socket: 10.1.1.1 port: 49153 at time = 0.702304
--
0.8 RSS 1.08254e-09
0.802304 PRSS 1.74884e-09
--
Received one packet! Socket: 10.1.1.1 port: 49153 at time = 0.802304
--
1.00392 RSS 4.41361e-13
1.00392 PRSS 1.08254e-09
--
Received one packet! Socket: 10.1.1.1 port: 49153 at time = 1.00392
--
1.00449 RSS 1.08254e-09
1.00679 RSS 4.41361e-13
--
Received one packet! Socket: 10.1.1.1 port: 49153 at time = 1.00679
--
1.1 RSS 1.08254e-09
1.1023 RSS 4.41361e-13
--
Received one packet! Socket: 10.1.1.1 port: 49153 at time = 1.1023
--
1.2 RSS 1.08254e-09
1.2023 PRSS 1.58779e-09
--
Received one packet! Socket: 10.1.1.1 port: 49153 at time = 1.2023
--
1.40436 RSS 4.41361e-13
1.40436 PRSS 1.08254e-09
--
Received one packet! Socket: 10.1.1.1 port: 49153 at time = 1.40436
--
1.40493 RSS 1.08254e-09
1.40724 RSS 4.41361e-13
--
Received one packet! Socket: 10.1.1.1 port: 49153 at time = 1.40724
--
1.5 RSS 1.08254e-09
1.5023 RSS 4.41361e-13
--
Received one packet! Socket: 10.1.1.1 port: 49153 at time = 1.5023
--
1.6 RSS 1.08254e-09
1.6023 PRSS 1.45886e-09
--
Received one packet! Socket: 10.1.1.1 port: 49153 at time = 1.6023
--
1.80412 RSS 4.41361e-13
1.80412 PRSS 1.08254e-09
--
Received one packet! Socket: 10.1.1.1 port: 49153 at time = 1.80412
--
1.80449 RSS 1.08254e-09
1.80679 RSS 4.41361e-13
--
Received one packet! Socket: 10.1.1.1 port: 49153 at time = 1.80679
--
1.9 RSS 1.08254e-09
1.9023 RSS 4.41361e-13
--
Received one packet! Socket: 10.1.1.1 port: 49153 at time = 1.9023
--
2 RSS 1.08254e-09
2.0023 RSS 4.41361e-13
--
Received one packet! Socket: 10.1.1.1 port: 49153 at time = 2.0023
--
2.1023 RSS 1.08254e-09
2.20516 RSS 4.41361e-13
--
Received one packet! Socket: 10.1.1.1 port: 49153 at time = 2.20516
--
2.20543 RSS 1.08254e-09
2.20773 RSS 4.41361e-13
--
Received one packet! Socket: 10.1.1.1 port: 49153 at time = 2.20773
--
2.3 RSS 1.08254e-09
2.3023 RSS 4.41361e-13
--
Received one packet! Socket: 10.1.1.1 port: 49153 at time = 2.3023
--
2.4 RSS 1.08254e-09
2.4023 RSS 4.41361e-13
--
Received one packet! Socket: 10.1.1.1 port: 49153 at time = 2.4023
--
2.5023 RSS 1.08254e-09
2.60567 RSS 4.41361e-13
--
Received one packet! Socket: 10.1.1.1 port: 49153 at time = 2.60567
--
2.6059 RSS 1.08254e-09
2.6082 RSS 4.41361e-13
--
Received one packet! Socket: 10.1.1.1 port: 49153 at time = 2.6082
--
2.7 RSS 1.08254e-09
2.7023 RSS 4.41361e-13
--
Received one packet! Socket: 10.1.1.1 port: 49153 at time = 2.7023
--
2.8 RSS 1.08254e-09
2.8023 RSS 4.41361e-13
--
Received one packet! Socket: 10.1.1.1 port: 49153 at time = 2.8023
--
2.9023 RSS 1.08254e-09
3.00594 RSS 4.41361e-13
--
Received one packet! Socket: 10.1.1.1 port: 49153 at time = 3.00594
--
3.00617 RSS 1.08254e-09
3.00847 RSS 4.41361e-13
--
Received one packet! Socket: 10.1.1.1 port: 49153 at time = 3.00847
--
3.1 RSS 1.08254e-09
3.1023 RSS 4.41361e-13
--
Received one packet! Socket: 10.1.1.1 port: 49153 at time = 3.1023
--
3.2 RSS 1.08254e-09
3.2023 RSS 4.41361e-13
--
Received one packet! Socket: 10.1.1.1 port: 49153 at time = 3.2023
--
3.3023 RSS 1.08254e-09
3.40649 RSS 4.41361e-13
--
Received one packet! Socket: 10.1.1.1 port: 49153 at time = 3.40649
--
3.4069 RSS 1.08254e-09
3.4092 RSS 4.41361e-13
--
Received one packet! Socket: 10.1.1.1 port: 49153 at time = 3.4092
--
3.5 RSS 1.08254e-09
3.5023 RSS 4.41361e-13
--
Received one packet! Socket: 10.1.1.1 port: 49153 at time = 3.5023
--
3.6 RSS 1.08254e-09
3.6023 RSS 4.41361e-13
--
Received one packet! Socket: 10.1.1.1 port: 49153 at time = 3.6023
--
3.7023 RSS 1.08254e-09
3.80725 RSS 4.41361e-13
--
Received one packet! Socket: 10.1.1.1 port: 49153 at time = 3.80725
--
3.8074 RSS 1.08254e-09
3.80971 RSS 4.41361e-13
--
Received one packet! Socket: 10.1.1.1 port: 49153 at time = 3.80971
--
3.9 RSS 1.08254e-09
3.9023 RSS 4.41361e-13
--
Received one packet! Socket: 10.1.1.1 port: 49153 at time = 3.9023
--
4 RSS 1.08254e-09
4.0023 RSS 4.41361e-13
--
Received one packet! Socket: 10.1.1.1 port: 49153 at time = 4.0023
--
4.1023 RSS 1.08254e-09
4.20834 RSS 4.41361e-13
--
Received one packet! Socket: 10.1.1.1 port: 49153 at time = 4.20834
--
4.20861 RSS 1.08254e-09
4.21091 RSS 4.41361e-13
--
Received one packet! Socket: 10.1.1.1 port: 49153 at time = 4.21091
--
4.3 RSS 1.08254e-09
4.3023 RSS 4.41361e-13
--
Received one packet! Socket: 10.1.1.1 port: 49153 at time = 4.3023
--
4.4 RSS 1.08254e-09
4.4023 RSS 4.41361e-13
--
Received one packet! Socket: 10.1.1.1 port: 49153 at time = 4.4023
--
4.5023 RSS 1.08254e-09
4.60935 RSS 4.41361e-13
--
Received one packet! Socket: 10.1.1.1 port: 49153 at time = 4.60935
--
4.60982 RSS 1.08254e-09
4.61213 RSS 4.41361e-13
--
Received one packet! Socket: 10.1.1.1 port: 49153 at time = 4.61213
--
4.7 RSS 1.08254e-09
4.7023 RSS 4.41361e-13
--
Received one packet! Socket: 10.1.1.1 port: 49153 at time = 4.7023
--
4.8 RSS 1.08254e-09
4.8023 RSS 4.41361e-13
--
Received one packet! Socket: 10.1.1.1 port: 49153 at time = 4.8023
--
4.9023 RSS 1.08254e-09
5.01047 RSS 4.41361e-13
--
Received one packet! Socket: 10.1.1.1 port: 49153 at time = 5.01047
--
5.01088 RSS 1.08254e-09
5.01318 RSS 4.41361e-13
--
Received one packet! Socket: 10.1.1.1 port: 49153 at time = 5.01318
--
5.1 RSS 1.08254e-09
5.1023 RSS 4.41361e-13
--
Received one packet! Socket: 10.1.1.1 port: 49153 at time = 5.1023
--
5.2 RSS 1.08254e-09
5.2023 RSS 4.41361e-13
--
Received one packet! Socket: 10.1.1.1 port: 49153 at time = 5.2023
--
5.3023 RSS 1.08254e-09
5.41122 RSS 4.41361e-13
--
Received one packet! Socket: 10.1.1.1 port: 49153 at time = 5.41122
--
5.41179 RSS 1.08254e-09
5.41409 RSS 4.41361e-13
--
Received one packet! Socket: 10.1.1.1 port: 49153 at time = 5.41409
--
5.5 RSS 1.08254e-09
5.5023 RSS 4.41361e-13
--
Received one packet! Socket: 10.1.1.1 port: 49153 at time = 5.5023
--
5.6 RSS 1.08254e-09
5.6023 RSS 4.41361e-13
--
Received one packet! Socket: 10.1.1.1 port: 49153 at time = 5.6023
--
5.7023 RSS 1.08254e-09
5.81164 RSS 4.41361e-13
--
Received one packet! Socket: 10.1.1.1 port: 49153 at time = 5.81164
--
5.81201 RSS 1.08254e-09
5.81432 RSS 4.41361e-13
--
Received one packet! Socket: 10.1.1.1 port: 49153 at time = 5.81432
--
5.9 RSS 1.08254e-09
5.9023 RSS 4.41361e-13
--
Received one packet! Socket: 10.1.1.1 port: 49153 at time = 5.9023
--
6 RSS 1.08254e-09
6.0023 RSS 4.41361e-13
--
Received one packet! Socket: 10.1.1.1 port: 49153 at time = 6.0023
--
6.1023 RSS 1.08254e-09
6.21189 RSS 4.41361e-13
--
Received one packet! Socket: 10.1.1.1 port: 49153 at time = 6.21189
--
6.21228 RSS 1.08254e-09
6.21458 RSS 4.41361e-13
--
Received one packet! Socket: 10.1.1.1 port: 49153 at time = 6.21458
--
6.3 RSS 1.08254e-09
6.3023 RSS 4.41361e-13
--
Received one packet! Socket: 10.1.1.1 port: 49153 at time = 6.3023
--
6.4 RSS 1.08254e-09
6.4023 RSS 4.41361e-13
--
Received one packet! Socket: 10.1.1.1 port: 49153 at time = 6.4023
--
6.5023 RSS 1.08254e-09
6.61286 RSS 4.41361e-13
--
Received one packet! Socket: 10.1.1.1 port: 49153 at time = 6.61286
--
6.61301 RSS 1.08254e-09
6.61531 RSS 4.41361e-13
--
Received one packet! Socket: 10.1.1.1 port: 49153 at time = 6.61531
--
6.7 RSS 1.08254e-09
6.7023 RSS 4.41361e-13
--
Received one packet! Socket: 10.1.1.1 port: 49153 at time = 6.7023
--
6.8 RSS 1.08254e-09
6.8023 RSS 4.41361e-13
--
Received one packet! Socket: 10.1.1.1 port: 49153 at time = 6.8023
--
6.9023 RSS 1.08254e-09
7.0131 RSS 4.41361e-13
--
Received one packet! Socket: 10.1.1.1 port: 49153 at time = 7.0131
--
7.01363 RSS 1.08254e-09
7.01593 RSS 4.41361e-13
--
Received one packet! Socket: 10.1.1.1 port: 49153 at time = 7.01593
--
7.1 RSS 1.08254e-09
7.1023 RSS 4.41361e-13
--
Received one packet! Socket: 10.1.1.1 port: 49153 at time = 7.1023
--
7.2 RSS 1.08254e-09
7.2023 RSS 4.41361e-13
--
Received one packet! Socket: 10.1.1.1 port: 49153 at time = 7.2023
--
7.3023 RSS 1.08254e-09
7.41419 RSS 4.41361e-13
--
Received one packet! Socket: 10.1.1.1 port: 49153 at time = 7.41419
--
7.41464 RSS 1.08254e-09
7.41695 RSS 4.41361e-13
--
Received one packet! Socket: 10.1.1.1 port: 49153 at time = 7.41695
--
7.5 RSS 1.08254e-09
7.5023 RSS 4.41361e-13
--
Received one packet! Socket: 10.1.1.1 port: 49153 at time = 7.5023
--
7.6 RSS 1.08254e-09
7.6023 RSS 4.41361e-13
--
Received one packet! Socket: 10.1.1.1 port: 49153 at time = 7.6023
--
7.7023 RSS 1.08254e-09
7.81489 RSS 4.41361e-13
--
Received one packet! Socket: 10.1.1.1 port: 49153 at time = 7.81489
--
7.81536 RSS 1.08254e-09
7.81766 RSS 4.41361e-13
--
Received one packet! Socket: 10.1.1.1 port: 49153 at time = 7.81766
--
7.9 RSS 1.08254e-09
7.9023 RSS 4.41361e-13
--
Received one packet! Socket: 10.1.1.1 port: 49153 at time = 7.9023
--
8 RSS 1.08254e-09
8.0023 RSS 4.41361e-13
--
Received one packet! Socket: 10.1.1.1 port: 49153 at time = 8.0023
--
8.1023 RSS 1.08254e-09
8.21568 RSS 4.41361e-13
--
Received one packet! Socket: 10.1.1.1 port: 49153 at time = 8.21568
--
8.21601 RSS 1.08254e-09
8.21832 RSS 4.41361e-13
--
Received one packet! Socket: 10.1.1.1 port: 49153 at time = 8.21832
--
8.3 RSS 1.08254e-09
8.3023 RSS 4.41361e-13
--
Received one packet! Socket: 10.1.1.1 port: 49153 at time = 8.3023
--
8.4 RSS 1.08254e-09
8.4023 RSS 4.41361e-13
--
Received one packet! Socket: 10.1.1.1 port: 49153 at time = 8.4023
--
8.5023 RSS 1.08254e-09
8.61642 RSS 4.41361e-13
--
Received one packet! Socket: 10.1.1.1 port: 49153 at time = 8.61642
--
8.61707 RSS 1.08254e-09
8.61937 RSS 4.41361e-13
--
Received one packet! Socket: 10.1.1.1 port: 49153 at time = 8.61937
--
8.7 RSS 1.08254e-09
8.7023 RSS 4.41361e-13
--
Received one packet! Socket: 10.1.1.1 port: 49153 at time = 8.7023
--
8.8 RSS 1.08254e-09
8.8023 RSS 4.41361e-13
--
Received one packet! Socket: 10.1.1.1 port: 49153 at time = 8.8023
--
8.9023 RSS 1.08254e-09
9.01698 RSS 4.41361e-13
--
Received one packet! Socket: 10.1.1.1 port: 49153 at time = 9.01698
--
9.01755 RSS 1.08254e-09
9.01985 RSS 4.41361e-13
--
Received one packet! Socket: 10.1.1.1 port: 49153 at time = 9.01985
--
9.1 RSS 1.08254e-09
9.1023 RSS 4.41361e-13
--
Received one packet! Socket: 10.1.1.1 port: 49153 at time = 9.1023
--
9.2 RSS 1.08254e-09
9.2023 RSS 4.41361e-13
--
Received one packet! Socket: 10.1.1.1 port: 49153 at time = 9.2023
--
9.3023 RSS 1.08254e-09
9.41785 RSS 4.41361e-13
--
Received one packet! Socket: 10.1.1.1 port: 49153 at time = 9.41785
--
9.41844 RSS 1.08254e-09
9.42075 RSS 4.41361e-13
--
Received one packet! Socket: 10.1.1.1 port: 49153 at time = 9.42075
--
9.5 RSS 1.08254e-09
9.5023 RSS 4.41361e-13
--
Received one packet! Socket: 10.1.1.1 port: 49153 at time = 9.5023
--
9.6 RSS 1.08254e-09
9.6023 RSS 4.41361e-13
--
Received one packet! Socket: 10.1.1.1 port: 49153 at time = 9.6023
--
9.7023 RSS 1.08254e-09
9.81889 RSS 4.41361e-13
--
Received one packet! Socket: 10.1.1.1 port: 49153 at time = 9.81889
--
9.8194 RSS 1.08254e-09
9.82171 RSS 4.41361e-13
--
Received one packet! Socket: 10.1.1.1 port: 49153 at time = 9.82171
--
9.9 RSS 1.08254e-09
9.9023 RSS 4.41361e-13
--
Received one packet! Socket: 10.1.1.1 port: 49153 at time = 9.9023
--
10 RSS 1.08254e-09
10.0023 RSS 4.41361e-13
--
Received one packet! Socket: 10.1.1.1 port: 49153 at time = 10.0023
--
10.1023 RSS 1.08254e-09
10.2198 RSS 4.41361e-13
--
Received one packet! Socket: 10.1.1.1 port: 49153 at time = 10.2198
--
10.2204 RSS 1.08254e-09
10.2227 RSS 4.41361e-13
--
Received one packet! Socket: 10.1.1.1 port: 49153 at time = 10.2227
--
10.3 RSS 1.08254e-09
10.3023 RSS 4.41361e-13
--
Received one packet! Socket: 10.1.1.1 port: 49153 at time = 10.3023
--
10.4 RSS 1.08254e-09
10.4023 RSS 4.41361e-13
--
Received one packet! Socket: 10.1.1.1 port: 49153 at time = 10.4023
--
10.5023 RSS 1.08254e-09
10.6201 RSS 4.41361e-13
--
Received one packet! Socket: 10.1.1.1 port: 49153 at time = 10.6201
--
10.6204 RSS 1.08254e-09
10.6227 RSS 4.41361e-13
--
Received one packet! Socket: 10.1.1.1 port: 49153 at time = 10.6227
--
10.7 RSS 1.08254e-09
10.7023 RSS 4.41361e-13
--
Received one packet! Socket: 10.1.1.1 port: 49153 at time = 10.7023
--
10.8 RSS 1.08254e-09
10.8023 RSS 4.41361e-13
--
Received one packet! Socket: 10.1.1.1 port: 49153 at time = 10.8023
--
10.9023 RSS 1.08254e-09
11.0209 RSS 4.41361e-13
--
Received one packet! Socket: 10.1.1.1 port: 49153 at time = 11.0209
--
11.0211 RSS 1.08254e-09
11.0234 RSS 4.41361e-13
--
Received one packet! Socket: 10.1.1.1 port: 49153 at time = 11.0234
--
11.1 RSS 1.08254e-09
11.1023 RSS 4.41361e-13
--
Received one packet! Socket: 10.1.1.1 port: 49153 at time = 11.1023
--
11.2 RSS 1.08254e-09
11.2023 RSS 4.41361e-13
--
Received one packet! Socket: 10.1.1.1 port: 49153 at time = 11.2023
--
11.3023 RSS 1.08254e-09
11.4213 RSS 4.41361e-13
--
Received one packet! Socket: 10.1.1.1 port: 49153 at time = 11.4213
--
11.4214 RSS 1.08254e-09
11.4237 RSS 4.41361e-13
--
Received one packet! Socket: 10.1.1.1 port: 49153 at time = 11.4237
--
11.5 RSS 1.08254e-09
11.5023 RSS 4.41361e-13
--
Received one packet! Socket: 10.1.1.1 port: 49153 at time = 11.5023
--
11.6 RSS 1.08254e-09
11.6023 RSS 4.41361e-13
--
Received one packet! Socket: 10.1.1.1 port: 49153 at time = 11.6023
--
11.7023 RSS 1.08254e-09
11.8219 RSS 4.41361e-13
--
Received one packet! Socket: 10.1.1.1 port: 49153 at time = 11.8219
--
11.822 RSS 1.08254e-09
11.8243 RSS 4.41361e-13
--
Received one packet! Socket: 10.1.1.1 port: 49153 at time = 11.8243
--
11.9 RSS 1.08254e-09
11.9023 RSS 4.41361e-13
--
Received one packet! Socket: 10.1.1.1 port: 49153 at time = 11.9023
--
12 RSS 1.08254e-09
12.0023 RSS 4.41361e-13
--
Received one packet! Socket: 10.1.1.1 port: 49153 at time = 12.0023
--
12.1023 RSS 1.08254e-09
12.2224 RSS 4.41361e-13
--
Received one packet! Socket: 10.1.1.1 port: 49153 at time = 12.2224
--
12.2228 RSS 1.08254e-09
12.2251 RSS 4.41361e-13
--
Received one packet! Socket: 10.1.1.1 port: 49153 at time = 12.2251
--
12.3 RSS 1.08254e-09
12.3023 RSS 4.41361e-13
--
Received one packet! Socket: 10.1.1.1 port: 49153 at time = 12.3023
--
12.4 RSS 1.08254e-09
12.4023 RSS 4.41361e-13
--
Received one packet! Socket: 10.1.1.1 port: 49153 at time = 12.4023
--
12.5023 RSS 1.08254e-09
12.6229 RSS 4.41361e-13
--
Received one packet! Socket: 10.1.1.1 port: 49153 at time = 12.6229
--
12.6234 RSS 1.08254e-09
12.6257 RSS 4.41361e-13
--
Received one packet! Socket: 10.1.1.1 port: 49153 at time = 12.6257
--
12.7 RSS 1.08254e-09
12.7023 RSS 4.41361e-13
--
Received one packet! Socket: 10.1.1.1 port: 49153 at time = 12.7023
--
12.8 RSS 1.08254e-09
12.8023 RSS 4.41361e-13
--
Received one packet! Socket: 10.1.1.1 port: 49153 at time = 12.8023
--
12.9023 RSS 1.08254e-09
13.0237 RSS 4.41361e-13
--
Received one packet! Socket: 10.1.1.1 port: 49153 at time = 13.0237
--
13.0237 RSS 1.08254e-09
13.026 RSS 4.41361e-13
--
Received one packet! Socket: 10.1.1.1 port: 49153 at time = 13.026
--
13.1 RSS 1.08254e-09
13.1023 RSS 4.41361e-13
--
Received one packet! Socket: 10.1.1.1 port: 49153 at time = 13.1023
--
13.2 RSS 1.08254e-09
13.2023 RSS 4.41361e-13
--
Received one packet! Socket: 10.1.1.1 port: 49153 at time = 13.2023
--
13.3023 RSS 1.08254e-09
13.424 RSS 4.41361e-13
--
Received one packet! Socket: 10.1.1.1 port: 49153 at time = 13.424
--
13.4247 RSS 1.08254e-09
13.427 RSS 4.41361e-13
--
Received one packet! Socket: 10.1.1.1 port: 49153 at time = 13.427
--
13.5 RSS 1.08254e-09
13.5023 RSS 4.41361e-13
--
Received one packet! Socket: 10.1.1.1 port: 49153 at time = 13.5023
--
13.6 RSS 1.08254e-09
13.6023 RSS 4.41361e-13
--
Received one packet! Socket: 10.1.1.1 port: 49153 at time = 13.6023
--
13.7023 RSS 1.08254e-09
13.8245 RSS 4.41361e-13
--
Received one packet! Socket: 10.1.1.1 port: 49153 at time = 13.8245
--
13.8246 RSS 1.08254e-09
13.8269 RSS 4.41361e-13
--
Received one packet! Socket: 10.1.1.1 port: 49153 at time = 13.8269
--
13.9 RSS 1.08254e-09
13.9023 RSS 4.41361e-13
--
Received one packet! Socket: 10.1.1.1 port: 49153 at time = 13.9023
--
14 RSS 1.08254e-09
14.0023 RSS 4.41361e-13
--
Received one packet! Socket: 10.1.1.1 port: 49153 at time = 14.0023
--
14.1023 RSS 1.08254e-09
14.2256 RSS 4.41361e-13
--
Received one packet! Socket: 10.1.1.1 port: 49153 at time = 14.2256
--
14.2258 RSS 1.08254e-09
14.2281 RSS 4.41361e-13
--
Received one packet! Socket: 10.1.1.1 port: 49153 at time = 14.2281
--
14.3 RSS 1.08254e-09
14.3023 RSS 4.41361e-13
--
Received one packet! Socket: 10.1.1.1 port: 49153 at time = 14.3023
--
14.4 RSS 1.08254e-09
14.4023 RSS 4.41361e-13
--
Received one packet! Socket: 10.1.1.1 port: 49153 at time = 14.4023
--
14.5023 RSS 1.08254e-09
14.6262 RSS 4.41361e-13
--
Received one packet! Socket: 10.1.1.1 port: 49153 at time = 14.6262
--
14.6268 RSS 1.08254e-09
14.6291 RSS 4.41361e-13
--
Received one packet! Socket: 10.1.1.1 port: 49153 at time = 14.6291
--
14.7 RSS 1.08254e-09
14.7023 RSS 4.41361e-13
--
Received one packet! Socket: 10.1.1.1 port: 49153 at time = 14.7023
--
14.8 RSS 1.08254e-09
14.8023 RSS 4.41361e-13
--
Received one packet! Socket: 10.1.1.1 port: 49153 at time = 14.8023
--
14.9023 RSS 1.08254e-09
15.0269 RSS 4.41361e-13
--
Received one packet! Socket: 10.1.1.1 port: 49153 at time = 15.0269
--
15.0273 RSS 1.08254e-09
15.0296 RSS 4.41361e-13
--
Received one packet! Socket: 10.1.1.1 port: 49153 at time = 15.0296
--
15.1 RSS 1.08254e-09
15.1023 RSS 4.41361e-13
--
Received one packet! Socket: 10.1.1.1 port: 49153 at time = 15.1023
--
15.2 RSS 1.08254e-09
15.2023 RSS 4.41361e-13
--
Received one packet! Socket: 10.1.1.1 port: 49153 at time = 15.2023
--
15.3023 RSS 1.08254e-09
15.4273 RSS 4.41361e-13
--
Received one packet! Socket: 10.1.1.1 port: 49153 at time = 15.4273
--
15.4276 RSS 1.08254e-09
15.4299 RSS 4.41361e-13
--
Received one packet! Socket: 10.1.1.1 port: 49153 at time = 15.4299
--
15.5 RSS 1.08254e-09
15.5023 RSS 4.41361e-13
--
Received one packet! Socket: 10.1.1.1 port: 49153 at time = 15.5023
--
15.6 RSS 1.08254e-09
15.6023 RSS 4.41361e-13
--
Received one packet! Socket: 10.1.1.1 port: 49153 at time = 15.6023
--
15.7023 RSS 1.08254e-09
15.8277 RSS 4.41361e-13
--
Received one packet! Socket: 10.1.1.1 port: 49153 at time = 15.8277
--
15.8282 RSS 1.08254e-09
15.8305 RSS 4.41361e-13
--
Received one packet! Socket: 10.1.1.1 port: 49153 at time = 15.8305
--
15.9 RSS 1.08254e-09
15.9023 RSS 4.41361e-13
--
Received one packet! Socket: 10.1.1.1 port: 49153 at time = 15.9023
--
16 RSS 1.08254e-09
16.0023 RSS 4.41361e-13
--
Received one packet! Socket: 10.1.1.1 port: 49153 at time = 16.0023
--
16.1023 RSS 1.08254e-09
16.2286 RSS 4.41361e-13
--
Received one packet! Socket: 10.1.1.1 port: 49153 at time = 16.2286
--
16.229 RSS 1.08254e-09
16.2313 RSS 4.41361e-13
--
Received one packet! Socket: 10.1.1.1 port: 49153 at time = 16.2313
--
16.3 RSS 1.08254e-09
16.3023 RSS 4.41361e-13
--
Received one packet! Socket: 10.1.1.1 port: 49153 at time = 16.3023
--
16.4 RSS 1.08254e-09
16.4023 RSS 4.41361e-13
--
Received one packet! Socket: 10.1.1.1 port: 49153 at time = 16.4023
--
16.5023 RSS 1.08254e-09
16.6294 RSS 4.41361e-13
--
Received one packet! Socket: 10.1.1.1 port: 49153 at time = 16.6294
--
16.6296 RSS 1.08254e-09
16.6319 RSS 4.41361e-13
--
Received one packet! Socket: 10.1.1.1 port: 49153 at time = 16.6319
--
16.7 RSS 1.08254e-09
16.7023 RSS 4.41361e-13
--
Received one packet! Socket: 10.1.1.1 port: 49153 at time = 16.7023
--
16.8 RSS 1.08254e-09
16.8023 RSS 4.41361e-13
--
Received one packet! Socket: 10.1.1.1 port: 49153 at time = 16.8023
--
16.9023 RSS 1.08254e-09
17.0301 RSS 4.41361e-13
--
Received one packet! Socket: 10.1.1.1 port: 49153 at time = 17.0301
--
17.0302 RSS 1.08254e-09
17.0326 RSS 4.41361e-13
--
Received one packet! Socket: 10.1.1.1 port: 49153 at time = 17.0326
--
17.1 RSS 1.08254e-09
17.1023 RSS 4.41361e-13
--
Received one packet! Socket: 10.1.1.1 port: 49153 at time = 17.1023
--
17.2 RSS 1.08254e-09
17.2023 RSS 4.41361e-13
--
Received one packet! Socket: 10.1.1.1 port: 49153 at time = 17.2023
--
17.3023 RSS 1.08254e-09
17.4307 RSS 4.41361e-13
--
Received one packet! Socket: 10.1.1.1 port: 49153 at time = 17.4307
--
17.4308 RSS 1.08254e-09
17.4331 RSS 4.41361e-13
--
Received one packet! Socket: 10.1.1.1 port: 49153 at time = 17.4331
--
17.5 RSS 1.08254e-09
17.5023 RSS 4.41361e-13
--
Received one packet! Socket: 10.1.1.1 port: 49153 at time = 17.5023
--
17.6 RSS 1.08254e-09
17.6023 RSS 4.41361e-13
--
Received one packet! Socket: 10.1.1.1 port: 49153 at time = 17.6023
--
17.7023 RSS 1.08254e-09
17.8315 RSS 4.41361e-13
--
Received one packet! Socket: 10.1.1.1 port: 49153 at time = 17.8315
--
17.8322 RSS 1.08254e-09
17.8345 RSS 4.41361e-13
--
Received one packet! Socket: 10.1.1.1 port: 49153 at time = 17.8345
--
17.9 RSS 1.08254e-09
17.9023 RSS 4.41361e-13
--
Received one packet! Socket: 10.1.1.1 port: 49153 at time = 17.9023
--
18 RSS 1.08254e-09
18.0023 RSS 4.41361e-13
--
Received one packet! Socket: 10.1.1.1 port: 49153 at time = 18.0023
--
18.1023 RSS 1.08254e-09
18.2319 RSS 4.41361e-13
--
Received one packet! Socket: 10.1.1.1 port: 49153 at time = 18.2319
--
18.2321 RSS 1.08254e-09
18.2344 RSS 4.41361e-13
--
Received one packet! Socket: 10.1.1.1 port: 49153 at time = 18.2344
--
18.3 RSS 1.08254e-09
18.3023 RSS 4.41361e-13
--
Received one packet! Socket: 10.1.1.1 port: 49153 at time = 18.3023
--
18.4 RSS 1.08254e-09
18.4023 RSS 4.41361e-13
--
Received one packet! Socket: 10.1.1.1 port: 49153 at time = 18.4023
--
18.5023 RSS 1.08254e-09
18.6326 RSS 4.41361e-13
--
Received one packet! Socket: 10.1.1.1 port: 49153 at time = 18.6326
--
18.6328 RSS 1.08254e-09
18.6351 RSS 4.41361e-13
--
Received one packet! Socket: 10.1.1.1 port: 49153 at time = 18.6351
--
18.7 RSS 1.08254e-09
18.7023 RSS 4.41361e-13
--
Received one packet! Socket: 10.1.1.1 port: 49153 at time = 18.7023
--
18.8 RSS 1.08254e-09
18.8023 RSS 4.41361e-13
--
Received one packet! Socket: 10.1.1.1 port: 49153 at time = 18.8023
--
18.9023 RSS 1.08254e-09
19.0329 RSS 4.41361e-13
--
Received one packet! Socket: 10.1.1.1 port: 49153 at time = 19.0329
--
19.0331 RSS 1.08254e-09
19.0354 RSS 4.41361e-13
--
Received one packet! Socket: 10.1.1.1 port: 49153 at time = 19.0354
--
19.1 RSS 1.08254e-09
19.1023 RSS 4.41361e-13
--
Received one packet! Socket: 10.1.1.1 port: 49153 at time = 19.1023
--
19.2 RSS 1.08254e-09
19.2023 RSS 4.41361e-13
--
Received one packet! Socket: 10.1.1.1 port: 49153 at time = 19.2023
--
19.3023 RSS 1.08254e-09
19.4341 RSS 4.41361e-13
--
Received one packet! Socket: 10.1.1.1 port: 49153 at time = 19.4341
--
19.4343 RSS 1.08254e-09
19.4366 RSS 4.41361e-13
--
Received one packet! Socket: 10.1.1.1 port: 49153 at time = 19.4366
--
19.5 RSS 1.08254e-09
19.5023 RSS 4.41361e-13
--
Received one packet! Socket: 10.1.1.1 port: 49153 at time = 19.5023
--
19.6 RSS 1.08254e-09
19.6023 RSS 4.41361e-13
--
Received one packet! Socket: 10.1.1.1 port: 49153 at time = 19.6023
--
19.7023 RSS 1.08254e-09
19.8345 RSS 4.41361e-13
--
Received one packet! Socket: 10.1.1.1 port: 49153 at time = 19.8345
--
19.8351 RSS 1.08254e-09
19.8374 RSS 4.41361e-13
--
Received one packet! Socket: 10.1.1.1 port: 49153 at time = 19.8374
--
19.9 RSS 1.08254e-09
19.9023 RSS 4.41361e-13
--
Received one packet! Socket: 10.1.1.1 port: 49153 at time = 19.9023
--
20 RSS 1.08254e-09
20.0023 RSS 4.41361e-13
--
Received one packet! Socket: 10.1.1.1 port: 49153 at time = 20.0023
--
20.1023 RSS 1.08254e-09
20.2348 RSS 4.41361e-13
--
Received one packet! Socket: 10.1.1.1 port: 49153 at time = 20.2348
--
20.2351 RSS 1.08254e-09
20.2374 RSS 4.41361e-13
--
Received one packet! Socket: 10.1.1.1 port: 49153 at time = 20.2374
--
20.3 RSS 1.08254e-09
20.3023 RSS 4.41361e-13
--
Received one packet! Socket: 10.1.1.1 port: 49153 at time = 20.3023
--
20.4 RSS 1.08254e-09
20.4023 RSS 4.41361e-13
--
Received one packet! Socket: 10.1.1.1 port: 49153 at time = 20.4023
--
20.5023 RSS 1.08254e-09
20.6354 RSS 4.41361e-13
--
Received one packet! Socket: 10.1.1.1 port: 49153 at time = 20.6354
--
20.6355 RSS 1.08254e-09
20.6378 RSS 4.41361e-13
--
Received one packet! Socket: 10.1.1.1 port: 49153 at time = 20.6378
--
20.7 RSS 1.08254e-09
20.7023 RSS 4.41361e-13
--
Received one packet! Socket: 10.1.1.1 port: 49153 at time = 20.7023
--
20.8 RSS 1.08254e-09
20.8023 RSS 4.41361e-13
--
Received one packet! Socket: 10.1.1.1 port: 49153 at time = 20.8023
--
20.9023 RSS 1.08254e-09
21.0356 RSS 4.41361e-13
--
Received one packet! Socket: 10.1.1.1 port: 49153 at time = 21.0356
--
21.0361 RSS 1.08254e-09
21.0384 RSS 4.41361e-13
--
Received one packet! Socket: 10.1.1.1 port: 49153 at time = 21.0384
--
21.1 RSS 1.08254e-09
21.1023 RSS 4.41361e-13
--
Received one packet! Socket: 10.1.1.1 port: 49153 at time = 21.1023
--
21.2 RSS 1.08254e-09
21.2023 RSS 4.41361e-13
--
Received one packet! Socket: 10.1.1.1 port: 49153 at time = 21.2023
--
21.3023 RSS 1.08254e-09
21.4366 RSS 4.41361e-13
--
Received one packet! Socket: 10.1.1.1 port: 49153 at time = 21.4366
--
21.4371 RSS 1.08254e-09
21.4394 RSS 4.41361e-13
--
Received one packet! Socket: 10.1.1.1 port: 49153 at time = 21.4394
--
21.5 RSS 1.08254e-09
21.5023 RSS 4.41361e-13
--
Received one packet! Socket: 10.1.1.1 port: 49153 at time = 21.5023
--
21.6 RSS 1.08254e-09
21.6023 RSS 4.41361e-13
--
Received one packet! Socket: 10.1.1.1 port: 49153 at time = 21.6023
--
21.7023 RSS 1.08254e-09
21.8377 RSS 4.41361e-13
--
Received one packet! Socket: 10.1.1.1 port: 49153 at time = 21.8377
--
21.838 RSS 1.08254e-09
21.8403 RSS 4.41361e-13
--
Received one packet! Socket: 10.1.1.1 port: 49153 at time = 21.8403
--
21.9 RSS 1.08254e-09
21.9023 RSS 4.41361e-13
--
Received one packet! Socket: 10.1.1.1 port: 49153 at time = 21.9023
--
22 RSS 1.08254e-09
22.0023 RSS 4.41361e-13
--
Received one packet! Socket: 10.1.1.1 port: 49153 at time = 22.0023
--
22.1023 RSS 1.08254e-09
22.2383 RSS 4.41361e-13
--
Received one packet! Socket: 10.1.1.1 port: 49153 at time = 22.2383
--
22.2386 RSS 1.08254e-09
22.2409 RSS 4.41361e-13
--
Received one packet! Socket: 10.1.1.1 port: 49153 at time = 22.2409
--
22.3 RSS 1.08254e-09
22.3023 RSS 4.41361e-13
--
Received one packet! Socket: 10.1.1.1 port: 49153 at time = 22.3023
--
22.4 RSS 1.08254e-09
22.4023 RSS 4.41361e-13
--
Received one packet! Socket: 10.1.1.1 port: 49153 at time = 22.4023
--
22.5023 RSS 1.08254e-09
22.6389 RSS 4.41361e-13
--
Received one packet! Socket: 10.1.1.1 port: 49153 at time = 22.6389
--
22.639 RSS 1.08254e-09
22.6413 RSS 4.41361e-13
--
Received one packet! Socket: 10.1.1.1 port: 49153 at time = 22.6413
--
22.7 RSS 1.08254e-09
22.7023 RSS 4.41361e-13
--
Received one packet! Socket: 10.1.1.1 port: 49153 at time = 22.7023
--
22.8 RSS 1.08254e-09
22.8023 RSS 4.41361e-13
--
Received one packet! Socket: 10.1.1.1 port: 49153 at time = 22.8023
--
22.9023 RSS 1.08254e-09
23.0392 RSS 4.41361e-13
--
Received one packet! Socket: 10.1.1.1 port: 49153 at time = 23.0392
--
23.0396 RSS 1.08254e-09
23.0419 RSS 4.41361e-13
--
Received one packet! Socket: 10.1.1.1 port: 49153 at time = 23.0419
--
23.1 RSS 1.08254e-09
23.1023 RSS 4.41361e-13
--
Received one packet! Socket: 10.1.1.1 port: 49153 at time = 23.1023
--
23.2 RSS 1.08254e-09
23.2023 RSS 4.41361e-13
--
Received one packet! Socket: 10.1.1.1 port: 49153 at time = 23.2023
--
23.3023 RSS 1.08254e-09
23.4404 RSS 4.41361e-13
--
Received one packet! Socket: 10.1.1.1 port: 49153 at time = 23.4404
--
23.4406 RSS 1.08254e-09
23.4429 RSS 4.41361e-13
--
Received one packet! Socket: 10.1.1.1 port: 49153 at time = 23.4429
--
23.5 RSS 1.08254e-09
23.5023 RSS 4.41361e-13
--
Received one packet! Socket: 10.1.1.1 port: 49153 at time = 23.5023
--
23.6 RSS 1.08254e-09
23.6023 RSS 4.41361e-13
--
Received one packet! Socket: 10.1.1.1 port: 49153 at time = 23.6023
--
23.7023 RSS 1.08254e-09
23.8406 RSS 4.41361e-13
--
Received one packet! Socket: 10.1.1.1 port: 49153 at time = 23.8406
--
23.8409 RSS 1.08254e-09
23.8432 RSS 4.41361e-13
--
Received one packet! Socket: 10.1.1.1 port: 49153 at time = 23.8432
--
23.9 RSS 1.08254e-09
23.9023 RSS 4.41361e-13
--
Received one packet! Socket: 10.1.1.1 port: 49153 at time = 23.9023
--
24 RSS 1.08254e-09
24.0023 RSS 4.41361e-13
--
Received one packet! Socket: 10.1.1.1 port: 49153 at time = 24.0023
--
24.1023 RSS 1.08254e-09
24.2411 RSS 4.41361e-13
--
Received one packet! Socket: 10.1.1.1 port: 49153 at time = 24.2411
--
24.2413 RSS 1.08254e-09
24.2436 RSS 4.41361e-13
--
Received one packet! Socket: 10.1.1.1 port: 49153 at time = 24.2436
--
24.3 RSS 1.08254e-09
24.3023 RSS 4.41361e-13
--
Received one packet! Socket: 10.1.1.1 port: 49153 at time = 24.3023
--
24.4 RSS 1.08254e-09
24.4023 RSS 4.41361e-13
--
Received one packet! Socket: 10.1.1.1 port: 49153 at time = 24.4023
--
24.5023 RSS 1.08254e-09
24.6423 RSS 4.41361e-13
--
Received one packet! Socket: 10.1.1.1 port: 49153 at time = 24.6423
--
24.6426 RSS 1.08254e-09
24.6449 RSS 4.41361e-13
--
Received one packet! Socket: 10.1.1.1 port: 49153 at time = 24.6449
--
24.7 RSS 1.08254e-09
24.7023 RSS 4.41361e-13
--
Received one packet! Socket: 10.1.1.1 port: 49153 at time = 24.7023
--
24.8 RSS 1.08254e-09
24.8023 RSS 4.41361e-13
--
Received one packet! Socket: 10.1.1.1 port: 49153 at time = 24.8023
--
24.9023 RSS 1.08254e-09
25.0433 RSS 4.41361e-13
--
Received one packet! Socket: 10.1.1.1 port: 49153 at time = 25.0433
--
25.0439 RSS 1.08254e-09
25.0462 RSS 4.41361e-13
--
Received one packet! Socket: 10.1.1.1 port: 49153 at time = 25.0462
--
25.1 RSS 1.08254e-09
25.1023 RSS 4.41361e-13
--
Received one packet! Socket: 10.1.1.1 port: 49153 at time = 25.1023
--
25.2 RSS 1.08254e-09
25.2023 RSS 4.41361e-13
--
Received one packet! Socket: 10.1.1.1 port: 49153 at time = 25.2023
--
25.3023 RSS 1.08254e-09
25.4437 RSS 4.41361e-13
--
Received one packet! Socket: 10.1.1.1 port: 49153 at time = 25.4437
--
25.4441 RSS 1.08254e-09
25.4464 RSS 4.41361e-13
--
Received one packet! Socket: 10.1.1.1 port: 49153 at time = 25.4464
--
25.5 RSS 1.08254e-09
25.5023 RSS 4.41361e-13
--
Received one packet! Socket: 10.1.1.1 port: 49153 at time = 25.5023
--
25.6 RSS 1.08254e-09
25.6023 RSS 4.41361e-13
--
Received one packet! Socket: 10.1.1.1 port: 49153 at time = 25.6023
--
25.7023 RSS 1.08254e-09
25.8442 RSS 4.41361e-13
--
Received one packet! Socket: 10.1.1.1 port: 49153 at time = 25.8442
--
25.8445 RSS 1.08254e-09
25.8468 RSS 4.41361e-13
--
Received one packet! Socket: 10.1.1.1 port: 49153 at time = 25.8468
--
25.9 RSS 1.08254e-09
25.9023 RSS 4.41361e-13
--
Received one packet! Socket: 10.1.1.1 port: 49153 at time = 25.9023
--
26 RSS 1.08254e-09
26.0023 RSS 4.41361e-13
--
Received one packet! Socket: 10.1.1.1 port: 49153 at time = 26.0023
--
26.1023 RSS 1.08254e-09
26.2451 RSS 4.41361e-13
--
Received one packet! Socket: 10.1.1.1 port: 49153 at time = 26.2451
--
26.2457 RSS 1.08254e-09
26.248 RSS 4.41361e-13
--
Received one packet! Socket: 10.1.1.1 port: 49153 at time = 26.248
--
26.3 RSS 1.08254e-09
26.3023 RSS 4.41361e-13
--
Received one packet! Socket: 10.1.1.1 port: 49153 at time = 26.3023
--
26.4 RSS 1.08254e-09
26.4023 RSS 4.41361e-13
--
Received one packet! Socket: 10.1.1.1 port: 49153 at time = 26.4023
--
26.5023 RSS 1.08254e-09
26.646 RSS 4.41361e-13
--
Received one packet! Socket: 10.1.1.1 port: 49153 at time = 26.646
--
26.6464 RSS 1.08254e-09
26.6487 RSS 4.41361e-13
--
Received one packet! Socket: 10.1.1.1 port: 49153 at time = 26.6487
--
26.7 RSS 1.08254e-09
26.7023 RSS 4.41361e-13
--
Received one packet! Socket: 10.1.1.1 port: 49153 at time = 26.7023
--
26.8 RSS 1.08254e-09
26.8023 RSS 4.41361e-13
--
Received one packet! Socket: 10.1.1.1 port: 49153 at time = 26.8023
--
26.9023 RSS 1.08254e-09
27.0465 RSS 4.41361e-13
--
Received one packet! Socket: 10.1.1.1 port: 49153 at time = 27.0465
--
27.0467 RSS 1.08254e-09
27.049 RSS 4.41361e-13
--
Received one packet! Socket: 10.1.1.1 port: 49153 at time = 27.049
--
27.1 RSS 1.08254e-09
27.1023 RSS 4.41361e-13
--
Received one packet! Socket: 10.1.1.1 port: 49153 at time = 27.1023
--
27.2 RSS 1.08254e-09
27.2023 RSS 4.41361e-13
--
Received one packet! Socket: 10.1.1.1 port: 49153 at time = 27.2023
--
27.3023 RSS 1.08254e-09
27.4477 RSS 4.41361e-13
--
Received one packet! Socket: 10.1.1.1 port: 49153 at time = 27.4477
--
27.4482 RSS 1.08254e-09
27.4505 RSS 4.41361e-13
--
Received one packet! Socket: 10.1.1.1 port: 49153 at time = 27.4505
--
27.5 RSS 1.08254e-09
27.5023 RSS 4.41361e-13
--
Received one packet! Socket: 10.1.1.1 port: 49153 at time = 27.5023
--
27.6 RSS 1.08254e-09
27.6023 RSS 4.41361e-13
--
Received one packet! Socket: 10.1.1.1 port: 49153 at time = 27.6023
--
27.7023 RSS 1.08254e-09
27.8481 RSS 4.41361e-13
--
Received one packet! Socket: 10.1.1.1 port: 49153 at time = 27.8481
--
27.8484 RSS 1.08254e-09
27.8507 RSS 4.41361e-13
--
Received one packet! Socket: 10.1.1.1 port: 49153 at time = 27.8507
--
27.9 RSS 1.08254e-09
27.9023 RSS 4.41361e-13
--
Received one packet! Socket: 10.1.1.1 port: 49153 at time = 27.9023
--
28 RSS 1.08254e-09
28.0023 RSS 4.41361e-13
--
Received one packet! Socket: 10.1.1.1 port: 49153 at time = 28.0023
--
28.1023 RSS 1.08254e-09
28.249 RSS 4.41361e-13
--
Received one packet! Socket: 10.1.1.1 port: 49153 at time = 28.249
--
28.2492 RSS 1.08254e-09
28.2515 RSS 4.41361e-13
--
Received one packet! Socket: 10.1.1.1 port: 49153 at time = 28.2515
--
28.3 RSS 1.08254e-09
28.3023 RSS 4.41361e-13
--
Received one packet! Socket: 10.1.1.1 port: 49153 at time = 28.3023
--
28.4 RSS 1.08254e-09
28.4023 RSS 4.41361e-13
--
Received one packet! Socket: 10.1.1.1 port: 49153 at time = 28.4023
--
28.5023 RSS 1.08254e-09
28.6501 RSS 4.41361e-13
--
Received one packet! Socket: 10.1.1.1 port: 49153 at time = 28.6501
--
28.6506 RSS 1.08254e-09
28.6529 RSS 4.41361e-13
--
Received one packet! Socket: 10.1.1.1 port: 49153 at time = 28.6529
--
28.7 RSS 1.08254e-09
28.7023 RSS 4.41361e-13
--
Received one packet! Socket: 10.1.1.1 port: 49153 at time = 28.7023
--
28.8 RSS 1.08254e-09
28.8023 RSS 4.41361e-13
--
Received one packet! Socket: 10.1.1.1 port: 49153 at time = 28.8023
--
28.9023 RSS 1.08254e-09
29.0507 RSS 4.41361e-13
--
Received one packet! Socket: 10.1.1.1 port: 49153 at time = 29.0507
--
29.0513 RSS 1.08254e-09
29.0536 RSS 4.41361e-13
--
Received one packet! Socket: 10.1.1.1 port: 49153 at time = 29.0536
--
29.1 RSS 1.08254e-09
29.1023 RSS 4.41361e-13
--
Received one packet! Socket: 10.1.1.1 port: 49153 at time = 29.1023
--
29.2 RSS 1.08254e-09
29.2023 RSS 4.41361e-13
--
Received one packet! Socket: 10.1.1.1 port: 49153 at time = 29.2023
--
29.3023 RSS 1.08254e-09
29.4512 RSS 4.41361e-13
--
Received one packet! Socket: 10.1.1.1 port: 49153 at time = 29.4512
--
29.4518 RSS 1.08254e-09
29.4541 RSS 4.41361e-13
--
Received one packet! Socket: 10.1.1.1 port: 49153 at time = 29.4541
--
29.5 RSS 1.08254e-09
29.5023 RSS 4.41361e-13
--
Received one packet! Socket: 10.1.1.1 port: 49153 at time = 29.5023
--
29.6 RSS 1.08254e-09
29.6023 RSS 4.41361e-13
--
Received one packet! Socket: 10.1.1.1 port: 49153 at time = 29.6023
--
29.7023 RSS 1.08254e-09
29.8522 RSS 4.41361e-13
--
Received one packet! Socket: 10.1.1.1 port: 49153 at time = 29.8522
--
29.8528 RSS 1.08254e-09
29.8551 RSS 4.41361e-13
--
Received one packet! Socket: 10.1.1.1 port: 49153 at time = 29.8551
--
29.9 RSS 1.08254e-09
29.9023 RSS 4.41361e-13
--
Received one packet! Socket: 10.1.1.1 port: 49153 at time = 29.9023
--
30 RSS 1.08254e-09
30.0023 RSS 4.41361e-13
--
Received one packet! Socket: 10.1.1.1 port: 49153 at time = 30.0023
--
30.1023 RSS 1.08254e-09
30.2532 RSS 4.41361e-13
--
Received one packet! Socket: 10.1.1.1 port: 49153 at time = 30.2532
--
30.2533 RSS 1.08254e-09
30.2556 RSS 4.41361e-13
--
Received one packet! Socket: 10.1.1.1 port: 49153 at time = 30.2556
--
30.3 RSS 1.08254e-09
30.3023 RSS 4.41361e-13
--
Received one packet! Socket: 10.1.1.1 port: 49153 at time = 30.3023
--
30.4 RSS 1.08254e-09
30.4023 RSS 4.41361e-13
--
Received one packet! Socket: 10.1.1.1 port: 49153 at time = 30.4023
--
30.5023 RSS 1.08254e-09
30.6538 RSS 4.41361e-13
--
Received one packet! Socket: 10.1.1.1 port: 49153 at time = 30.6538
--
30.6539 RSS 1.08254e-09
30.6562 RSS 4.41361e-13
--
Received one packet! Socket: 10.1.1.1 port: 49153 at time = 30.6562
--
30.7 RSS 1.08254e-09
30.7023 RSS 4.41361e-13
--
Received one packet! Socket: 10.1.1.1 port: 49153 at time = 30.7023
--
30.8 RSS 1.08254e-09
30.8023 RSS 4.41361e-13
--
Received one packet! Socket: 10.1.1.1 port: 49153 at time = 30.8023
--
30.9023 RSS 1.08254e-09
31.0543 RSS 4.41361e-13
--
Received one packet! Socket: 10.1.1.1 port: 49153 at time = 31.0543
--
31.0547 RSS 1.08254e-09
31.057 RSS 4.41361e-13
--
Received one packet! Socket: 10.1.1.1 port: 49153 at time = 31.057
--
31.1 RSS 1.08254e-09
31.1023 RSS 4.41361e-13
--
Received one packet! Socket: 10.1.1.1 port: 49153 at time = 31.1023
--
31.2 RSS 1.08254e-09
31.2023 RSS 4.41361e-13
--
Received one packet! Socket: 10.1.1.1 port: 49153 at time = 31.2023
--
31.3023 RSS 1.08254e-09
31.4549 RSS 4.41361e-13
--
Received one packet! Socket: 10.1.1.1 port: 49153 at time = 31.4549
--
31.4552 RSS 1.08254e-09
31.4575 RSS 4.41361e-13
--
Received one packet! Socket: 10.1.1.1 port: 49153 at time = 31.4575
--
31.5 RSS 1.08254e-09
31.5023 RSS 4.41361e-13
--
Received one packet! Socket: 10.1.1.1 port: 49153 at time = 31.5023
--
31.6 RSS 1.08254e-09
31.6023 RSS 4.41361e-13
--
Received one packet! Socket: 10.1.1.1 port: 49153 at time = 31.6023
--
31.7023 RSS 1.08254e-09
31.8553 RSS 4.41361e-13
--
Received one packet! Socket: 10.1.1.1 port: 49153 at time = 31.8553
--
31.8556 RSS 1.08254e-09
31.8579 RSS 4.41361e-13
--
Received one packet! Socket: 10.1.1.1 port: 49153 at time = 31.8579
--
31.9 RSS 1.08254e-09
31.9023 RSS 4.41361e-13
--
Received one packet! Socket: 10.1.1.1 port: 49153 at time = 31.9023
--
32 RSS 1.08254e-09
32.0023 RSS 4.41361e-13
--
Received one packet! Socket: 10.1.1.1 port: 49153 at time = 32.0023
--
32.1023 RSS 1.08254e-09
32.2563 RSS 4.41361e-13
--
Received one packet! Socket: 10.1.1.1 port: 49153 at time = 32.2563
--
32.2564 RSS 1.08254e-09
32.2587 RSS 4.41361e-13
--
Received one packet! Socket: 10.1.1.1 port: 49153 at time = 32.2587
--
32.3 RSS 1.08254e-09
32.3023 RSS 4.41361e-13
--
Received one packet! Socket: 10.1.1.1 port: 49153 at time = 32.3023
--
32.4 RSS 1.08254e-09
32.4023 RSS 4.41361e-13
--
Received one packet! Socket: 10.1.1.1 port: 49153 at time = 32.4023
--
32.5023 RSS 1.08254e-09
32.6569 RSS 4.41361e-13
--
Received one packet! Socket: 10.1.1.1 port: 49153 at time = 32.6569
--
32.6571 RSS 1.08254e-09
32.6594 RSS 4.41361e-13
--
Received one packet! Socket: 10.1.1.1 port: 49153 at time = 32.6594
--
32.7 RSS 1.08254e-09
32.7023 RSS 4.41361e-13
--
Received one packet! Socket: 10.1.1.1 port: 49153 at time = 32.7023
--
32.8 RSS 1.08254e-09
32.8023 RSS 4.41361e-13
--
Received one packet! Socket: 10.1.1.1 port: 49153 at time = 32.8023
--
32.9023 RSS 1.08254e-09
33.0575 RSS 4.41361e-13
--
Received one packet! Socket: 10.1.1.1 port: 49153 at time = 33.0575
--
33.0579 RSS 1.08254e-09
33.0602 RSS 4.41361e-13
--
Received one packet! Socket: 10.1.1.1 port: 49153 at time = 33.0602
--
33.1 RSS 1.08254e-09
33.1023 RSS 4.41361e-13
--
Received one packet! Socket: 10.1.1.1 port: 49153 at time = 33.1023
--
33.2 RSS 1.08254e-09
33.2023 RSS 4.41361e-13
--
Received one packet! Socket: 10.1.1.1 port: 49153 at time = 33.2023
--
33.3023 RSS 1.08254e-09
33.4583 RSS 4.41361e-13
--
Received one packet! Socket: 10.1.1.1 port: 49153 at time = 33.4583
--
33.4588 RSS 1.08254e-09
33.4611 RSS 4.41361e-13
--
Received one packet! Socket: 10.1.1.1 port: 49153 at time = 33.4611
--
33.5 RSS 1.08254e-09
33.5023 RSS 4.41361e-13
--
Received one packet! Socket: 10.1.1.1 port: 49153 at time = 33.5023
--
33.6 RSS 1.08254e-09
33.6023 RSS 4.41361e-13
--
Received one packet! Socket: 10.1.1.1 port: 49153 at time = 33.6023
--
33.7023 RSS 1.08254e-09
33.8593 RSS 4.41361e-13
--
Received one packet! Socket: 10.1.1.1 port: 49153 at time = 33.8593
--
33.8598 RSS 1.08254e-09
33.8621 RSS 4.41361e-13
--
Received one packet! Socket: 10.1.1.1 port: 49153 at time = 33.8621
--
33.9 RSS 1.08254e-09
33.9023 RSS 4.41361e-13
--
Received one packet! Socket: 10.1.1.1 port: 49153 at time = 33.9023
--
34 RSS 1.08254e-09
34.0023 RSS 4.41361e-13
--
Received one packet! Socket: 10.1.1.1 port: 49153 at time = 34.0023
--
34.1023 RSS 1.08254e-09
34.2603 RSS 4.41361e-13
--
Received one packet! Socket: 10.1.1.1 port: 49153 at time = 34.2603
--
34.2608 RSS 1.08254e-09
34.2631 RSS 4.41361e-13
--
Received one packet! Socket: 10.1.1.1 port: 49153 at time = 34.2631
--
34.3 RSS 1.08254e-09
34.3023 RSS 4.41361e-13
--
Received one packet! Socket: 10.1.1.1 port: 49153 at time = 34.3023
--
34.4 RSS 1.08254e-09
34.4023 RSS 4.41361e-13
--
Received one packet! Socket: 10.1.1.1 port: 49153 at time = 34.4023
--
34.5023 RSS 1.08254e-09
34.6611 RSS 4.41361e-13
--
Received one packet! Socket: 10.1.1.1 port: 49153 at time = 34.6611
--
34.6617 RSS 1.08254e-09
34.664 RSS 4.41361e-13
--
Received one packet! Socket: 10.1.1.1 port: 49153 at time = 34.664
--
34.7 RSS 1.08254e-09
34.7023 RSS 4.41361e-13
--
Received one packet! Socket: 10.1.1.1 port: 49153 at time = 34.7023
--
34.8 RSS 1.08254e-09
34.8023 RSS 4.41361e-13
--
Received one packet! Socket: 10.1.1.1 port: 49153 at time = 34.8023
--
34.9023 RSS 1.08254e-09
35.0615 RSS 4.41361e-13
--
Received one packet! Socket: 10.1.1.1 port: 49153 at time = 35.0615
--
35.062 RSS 1.08254e-09
35.0643 RSS 4.41361e-13
--
Received one packet! Socket: 10.1.1.1 port: 49153 at time = 35.0643
--
35.1 RSS 1.08254e-09
35.1023 RSS 4.41361e-13
--
Received one packet! Socket: 10.1.1.1 port: 49153 at time = 35.1023
--
35.2 RSS 1.08254e-09
35.2023 RSS 4.41361e-13
--
Received one packet! Socket: 10.1.1.1 port: 49153 at time = 35.2023
--
35.3023 RSS 1.08254e-09
35.4627 RSS 4.41361e-13
--
Received one packet! Socket: 10.1.1.1 port: 49153 at time = 35.4627
--
35.4633 RSS 1.08254e-09
35.4656 RSS 4.41361e-13
--
Received one packet! Socket: 10.1.1.1 port: 49153 at time = 35.4656
--
35.5 RSS 1.08254e-09
35.5023 RSS 4.41361e-13
--
Received one packet! Socket: 10.1.1.1 port: 49153 at time = 35.5023
--
35.6 RSS 1.08254e-09
35.6023 RSS 4.41361e-13
--
Received one packet! Socket: 10.1.1.1 port: 49153 at time = 35.6023
--
35.7023 RSS 1.08254e-09
35.8636 RSS 4.41361e-13
--
Received one packet! Socket: 10.1.1.1 port: 49153 at time = 35.8636
--
35.8643 RSS 1.08254e-09
35.8666 RSS 4.41361e-13
--
Received one packet! Socket: 10.1.1.1 port: 49153 at time = 35.8666
--
35.9 RSS 1.08254e-09
35.9023 RSS 4.41361e-13
--
Received one packet! Socket: 10.1.1.1 port: 49153 at time = 35.9023
--
36 RSS 1.08254e-09
36.0023 RSS 4.41361e-13
--
Received one packet! Socket: 10.1.1.1 port: 49153 at time = 36.0023
--
36.1023 RSS 1.08254e-09
36.2643 RSS 4.41361e-13
--
Received one packet! Socket: 10.1.1.1 port: 49153 at time = 36.2643
--
36.2647 RSS 1.08254e-09
36.267 RSS 4.41361e-13
--
Received one packet! Socket: 10.1.1.1 port: 49153 at time = 36.267
--
36.3 RSS 1.08254e-09
36.3023 RSS 4.41361e-13
--
Received one packet! Socket: 10.1.1.1 port: 49153 at time = 36.3023
--
36.4 RSS 1.08254e-09
36.4023 RSS 4.41361e-13
--
Received one packet! Socket: 10.1.1.1 port: 49153 at time = 36.4023
--
36.5023 RSS 1.08254e-09
36.6648 RSS 4.41361e-13
--
Received one packet! Socket: 10.1.1.1 port: 49153 at time = 36.6648
--
36.6651 RSS 1.08254e-09
36.6674 RSS 4.41361e-13
--
Received one packet! Socket: 10.1.1.1 port: 49153 at time = 36.6674
--
36.7 RSS 1.08254e-09
36.7023 RSS 4.41361e-13
--
Received one packet! Socket: 10.1.1.1 port: 49153 at time = 36.7023
--
36.8 RSS 1.08254e-09
36.8023 RSS 4.41361e-13
--
Received one packet! Socket: 10.1.1.1 port: 49153 at time = 36.8023
--
36.9023 RSS 1.08254e-09
37.0656 RSS 4.41361e-13
--
Received one packet! Socket: 10.1.1.1 port: 49153 at time = 37.0656
--
37.0658 RSS 1.08254e-09
37.0681 RSS 4.41361e-13
--
Received one packet! Socket: 10.1.1.1 port: 49153 at time = 37.0681
--
37.1 RSS 1.08254e-09
37.1023 RSS 4.41361e-13
--
Received one packet! Socket: 10.1.1.1 port: 49153 at time = 37.1023
--
37.2 RSS 1.08254e-09
37.2023 RSS 4.41361e-13
--
Received one packet! Socket: 10.1.1.1 port: 49153 at time = 37.2023
--
37.3023 RSS 1.08254e-09
37.4664 RSS 4.41361e-13
--
Received one packet! Socket: 10.1.1.1 port: 49153 at time = 37.4664
--
37.4667 RSS 1.08254e-09
37.469 RSS 4.41361e-13
--
Received one packet! Socket: 10.1.1.1 port: 49153 at time = 37.469
--
37.5 RSS 1.08254e-09
37.5023 RSS 4.41361e-13
--
Received one packet! Socket: 10.1.1.1 port: 49153 at time = 37.5023
--
37.6 RSS 1.08254e-09
37.6023 RSS 4.41361e-13
--
Received one packet! Socket: 10.1.1.1 port: 49153 at time = 37.6023
--
37.7023 RSS 1.08254e-09
37.8672 RSS 4.41361e-13
--
Received one packet! Socket: 10.1.1.1 port: 49153 at time = 37.8672
--
37.8678 RSS 1.08254e-09
37.8701 RSS 4.41361e-13
--
Received one packet! Socket: 10.1.1.1 port: 49153 at time = 37.8701
--
37.9 RSS 1.08254e-09
37.9023 RSS 4.41361e-13
--
Received one packet! Socket: 10.1.1.1 port: 49153 at time = 37.9023
--
38 RSS 1.08254e-09
38.0023 RSS 4.41361e-13
--
Received one packet! Socket: 10.1.1.1 port: 49153 at time = 38.0023
--
38.1023 RSS 1.08254e-09
38.2677 RSS 4.41361e-13
--
Received one packet! Socket: 10.1.1.1 port: 49153 at time = 38.2677
--
38.2682 RSS 1.08254e-09
38.2705 RSS 4.41361e-13
--
Received one packet! Socket: 10.1.1.1 port: 49153 at time = 38.2705
--
38.3 RSS 1.08254e-09
38.3023 RSS 4.41361e-13
--
Received one packet! Socket: 10.1.1.1 port: 49153 at time = 38.3023
--
38.4 RSS 1.08254e-09
38.4023 RSS 4.41361e-13
--
Received one packet! Socket: 10.1.1.1 port: 49153 at time = 38.4023
--
38.5023 RSS 1.08254e-09
38.6689 RSS 4.41361e-13
--
Received one packet! Socket: 10.1.1.1 port: 49153 at time = 38.6689
--
38.6692 RSS 1.08254e-09
38.6715 RSS 4.41361e-13
--
Received one packet! Socket: 10.1.1.1 port: 49153 at time = 38.6715
--
38.7 RSS 1.08254e-09
38.7023 RSS 4.41361e-13
--
Received one packet! Socket: 10.1.1.1 port: 49153 at time = 38.7023
--
38.8 RSS 1.08254e-09
38.8023 RSS 4.41361e-13
--
Received one packet! Socket: 10.1.1.1 port: 49153 at time = 38.8023
--
38.9023 RSS 1.08254e-09
39.0694 RSS 4.41361e-13
--
Received one packet! Socket: 10.1.1.1 port: 49153 at time = 39.0694
--
39.0698 RSS 1.08254e-09
39.0721 RSS 4.41361e-13
--
Received one packet! Socket: 10.1.1.1 port: 49153 at time = 39.0721
--
39.1 RSS 1.08254e-09
39.1023 RSS 4.41361e-13
--
Received one packet! Socket: 10.1.1.1 port: 49153 at time = 39.1023
--
39.2 RSS 1.08254e-09
39.2023 RSS 4.41361e-13
--
Received one packet! Socket: 10.1.1.1 port: 49153 at time = 39.2023
--
39.3023 RSS 1.08254e-09
39.4699 RSS 4.41361e-13
--
Received one packet! Socket: 10.1.1.1 port: 49153 at time = 39.4699
--
39.4705 RSS 1.08254e-09
39.4728 RSS 4.41361e-13
--
Received one packet! Socket: 10.1.1.1 port: 49153 at time = 39.4728
--
39.5 RSS 1.08254e-09
39.5023 RSS 4.41361e-13
--
Received one packet! Socket: 10.1.1.1 port: 49153 at time = 39.5023
--
39.6 RSS 1.08254e-09
39.6023 RSS 4.41361e-13
--
Received one packet! Socket: 10.1.1.1 port: 49153 at time = 39.6023
--
39.7023 RSS 1.08254e-09
39.8709 RSS 4.41361e-13
--
Received one packet! Socket: 10.1.1.1 port: 49153 at time = 39.8709
--
39.8714 RSS 1.08254e-09
39.8737 RSS 4.41361e-13
--
Received one packet! Socket: 10.1.1.1 port: 49153 at time = 39.8737
--
39.9 RSS 1.08254e-09
39.9023 RSS 4.41361e-13
--
Received one packet! Socket: 10.1.1.1 port: 49153 at time = 39.9023
--
40 RSS 1.08254e-09
40.0023 RSS 4.41361e-13
--
Received one packet! Socket: 10.1.1.1 port: 49153 at time = 40.0023
--
40.1023 RSS 1.08254e-09
40.2715 RSS 4.41361e-13
--
Received one packet! Socket: 10.1.1.1 port: 49153 at time = 40.2715
--
40.2716 RSS 1.08254e-09
40.2739 RSS 4.41361e-13
--
Received one packet! Socket: 10.1.1.1 port: 49153 at time = 40.2739
--
40.3 RSS 1.08254e-09
40.3023 RSS 4.41361e-13
--
Received one packet! Socket: 10.1.1.1 port: 49153 at time = 40.3023
--
40.4 RSS 1.08254e-09
40.4023 RSS 4.41361e-13
--
Received one packet! Socket: 10.1.1.1 port: 49153 at time = 40.4023
--
40.5023 RSS 1.08254e-09
40.6718 RSS 4.41361e-13
--
Received one packet! Socket: 10.1.1.1 port: 49153 at time = 40.6718
--
40.6725 RSS 1.08254e-09
40.6748 RSS 4.41361e-13
--
Received one packet! Socket: 10.1.1.1 port: 49153 at time = 40.6748
--
40.7 RSS 1.08254e-09
40.7023 RSS 4.41361e-13
--
Received one packet! Socket: 10.1.1.1 port: 49153 at time = 40.7023
--
40.8 RSS 1.08254e-09
40.8023 RSS 4.41361e-13
--
Received one packet! Socket: 10.1.1.1 port: 49153 at time = 40.8023
--
40.9023 RSS 1.08254e-09
41.0724 RSS 4.41361e-13
--
Received one packet! Socket: 10.1.1.1 port: 49153 at time = 41.0724
--
41.0729 RSS 1.08254e-09
41.0752 RSS 4.41361e-13
--
Received one packet! Socket: 10.1.1.1 port: 49153 at time = 41.0752
--
41.1 RSS 1.08254e-09
41.1023 RSS 4.41361e-13
--
Received one packet! Socket: 10.1.1.1 port: 49153 at time = 41.1023
--
41.2 RSS 1.08254e-09
41.2023 RSS 4.41361e-13
--
Received one packet! Socket: 10.1.1.1 port: 49153 at time = 41.2023
--
41.3023 RSS 1.08254e-09
41.4736 RSS 4.41361e-13
--
Received one packet! Socket: 10.1.1.1 port: 49153 at time = 41.4736
--
41.4742 RSS 1.08254e-09
41.4765 RSS 4.41361e-13
--
Received one packet! Socket: 10.1.1.1 port: 49153 at time = 41.4765
--
41.5 RSS 1.08254e-09
41.5023 RSS 4.41361e-13
--
Received one packet! Socket: 10.1.1.1 port: 49153 at time = 41.5023
--
41.6 RSS 1.08254e-09
41.6023 RSS 4.41361e-13
--
Received one packet! Socket: 10.1.1.1 port: 49153 at time = 41.6023
--
41.7023 RSS 1.08254e-09
41.8745 RSS 4.41361e-13
--
Received one packet! Socket: 10.1.1.1 port: 49153 at time = 41.8745
--
41.8751 RSS 1.08254e-09
41.8774 RSS 4.41361e-13
--
Received one packet! Socket: 10.1.1.1 port: 49153 at time = 41.8774
--
41.9 RSS 1.08254e-09
41.9023 RSS 4.41361e-13
--
Received one packet! Socket: 10.1.1.1 port: 49153 at time = 41.9023
--
42 RSS 1.08254e-09
42.0023 RSS 4.41361e-13
--
Received one packet! Socket: 10.1.1.1 port: 49153 at time = 42.0023
--
42.1023 RSS 1.08254e-09
42.2753 RSS 4.41361e-13
--
Received one packet! Socket: 10.1.1.1 port: 49153 at time = 42.2753
--
42.2757 RSS 1.08254e-09
42.278 RSS 4.41361e-13
--
Received one packet! Socket: 10.1.1.1 port: 49153 at time = 42.278
--
42.3 RSS 1.08254e-09
42.3023 RSS 4.41361e-13
--
Received one packet! Socket: 10.1.1.1 port: 49153 at time = 42.3023
--
42.4 RSS 1.08254e-09
42.4023 RSS 4.41361e-13
--
Received one packet! Socket: 10.1.1.1 port: 49153 at time = 42.4023
--
42.5023 RSS 1.08254e-09
42.6759 RSS 4.41361e-13
--
Received one packet! Socket: 10.1.1.1 port: 49153 at time = 42.6759
--
42.6761 RSS 1.08254e-09
42.6784 RSS 4.41361e-13
--
Received one packet! Socket: 10.1.1.1 port: 49153 at time = 42.6784
--
42.7 RSS 1.08254e-09
42.7023 RSS 4.41361e-13
--
Received one packet! Socket: 10.1.1.1 port: 49153 at time = 42.7023
--
42.8 RSS 1.08254e-09
42.8023 RSS 4.41361e-13
--
Received one packet! Socket: 10.1.1.1 port: 49153 at time = 42.8023
--
42.9023 RSS 1.08254e-09
43.0763 RSS 4.41361e-13
--
Received one packet! Socket: 10.1.1.1 port: 49153 at time = 43.0763
--
43.0764 RSS 1.08254e-09
43.0787 RSS 4.41361e-13
--
Received one packet! Socket: 10.1.1.1 port: 49153 at time = 43.0787
--
43.1 RSS 1.08254e-09
43.1023 RSS 4.41361e-13
--
Received one packet! Socket: 10.1.1.1 port: 49153 at time = 43.1023
--
43.2 RSS 1.08254e-09
43.2023 RSS 4.41361e-13
--
Received one packet! Socket: 10.1.1.1 port: 49153 at time = 43.2023
--
43.3023 RSS 1.08254e-09
43.4775 RSS 4.41361e-13
--
Received one packet! Socket: 10.1.1.1 port: 49153 at time = 43.4775
--
43.4779 RSS 1.08254e-09
43.4802 RSS 4.41361e-13
--
Received one packet! Socket: 10.1.1.1 port: 49153 at time = 43.4802
--
43.5 RSS 1.08254e-09
43.5023 RSS 4.41361e-13
--
Received one packet! Socket: 10.1.1.1 port: 49153 at time = 43.5023
--
43.6 RSS 1.08254e-09
43.6023 RSS 4.41361e-13
--
Received one packet! Socket: 10.1.1.1 port: 49153 at time = 43.6023
--
43.7023 RSS 1.08254e-09
43.8783 RSS 4.41361e-13
--
Received one packet! Socket: 10.1.1.1 port: 49153 at time = 43.8783
--
43.879 RSS 1.08254e-09
43.8813 RSS 4.41361e-13
--
Received one packet! Socket: 10.1.1.1 port: 49153 at time = 43.8813
--
43.9 RSS 1.08254e-09
43.9023 RSS 4.41361e-13
--
Received one packet! Socket: 10.1.1.1 port: 49153 at time = 43.9023
--
44 RSS 1.08254e-09
44.0023 RSS 4.41361e-13
--
Received one packet! Socket: 10.1.1.1 port: 49153 at time = 44.0023
--
44.1023 RSS 1.08254e-09
44.279 RSS 4.41361e-13
--
Received one packet! Socket: 10.1.1.1 port: 49153 at time = 44.279
--
44.2795 RSS 1.08254e-09
44.2818 RSS 4.41361e-13
--
Received one packet! Socket: 10.1.1.1 port: 49153 at time = 44.2818
--
44.3 RSS 1.08254e-09
44.3023 RSS 4.41361e-13
--
Received one packet! Socket: 10.1.1.1 port: 49153 at time = 44.3023
--
44.4 RSS 1.08254e-09
44.4023 RSS 4.41361e-13
--
Received one packet! Socket: 10.1.1.1 port: 49153 at time = 44.4023
--
44.5023 RSS 1.08254e-09
44.6799 RSS 4.41361e-13
--
Received one packet! Socket: 10.1.1.1 port: 49153 at time = 44.6799
--
44.68 RSS 1.08254e-09
44.6823 RSS 4.41361e-13
--
Received one packet! Socket: 10.1.1.1 port: 49153 at time = 44.6823
--
44.7 RSS 1.08254e-09
44.7023 RSS 4.41361e-13
--
Received one packet! Socket: 10.1.1.1 port: 49153 at time = 44.7023
--
44.8 RSS 1.08254e-09
44.8023 RSS 4.41361e-13
--
Received one packet! Socket: 10.1.1.1 port: 49153 at time = 44.8023
--
44.9023 RSS 1.08254e-09
45.0811 RSS 4.41361e-13
--
Received one packet! Socket: 10.1.1.1 port: 49153 at time = 45.0811
--
45.0818 RSS 1.08254e-09
45.0841 RSS 4.41361e-13
--
Received one packet! Socket: 10.1.1.1 port: 49153 at time = 45.0841
--
45.1 RSS 1.08254e-09
45.1023 RSS 4.41361e-13
--
Received one packet! Socket: 10.1.1.1 port: 49153 at time = 45.1023
--
45.2 RSS 1.08254e-09
45.2023 RSS 4.41361e-13
--
Received one packet! Socket: 10.1.1.1 port: 49153 at time = 45.2023
--
45.3023 RSS 1.08254e-09
45.482 RSS 4.41361e-13
--
Received one packet! Socket: 10.1.1.1 port: 49153 at time = 45.482
--
45.4822 RSS 1.08254e-09
45.4845 RSS 4.41361e-13
--
Received one packet! Socket: 10.1.1.1 port: 49153 at time = 45.4845
--
45.5 RSS 1.08254e-09
45.5023 RSS 4.41361e-13
--
Received one packet! Socket: 10.1.1.1 port: 49153 at time = 45.5023
--
45.6 RSS 1.08254e-09
45.6023 RSS 4.41361e-13
--
Received one packet! Socket: 10.1.1.1 port: 49153 at time = 45.6023
--
45.7023 RSS 1.08254e-09
45.8824 RSS 4.41361e-13
--
Received one packet! Socket: 10.1.1.1 port: 49153 at time = 45.8824
--
45.8829 RSS 1.08254e-09
45.8852 RSS 4.41361e-13
--
Received one packet! Socket: 10.1.1.1 port: 49153 at time = 45.8852
--
45.9 RSS 1.08254e-09
45.9023 RSS 4.41361e-13
--
Received one packet! Socket: 10.1.1.1 port: 49153 at time = 45.9023
--
46 RSS 1.08254e-09
46.0023 RSS 4.41361e-13
--
Received one packet! Socket: 10.1.1.1 port: 49153 at time = 46.0023
--
46.1023 RSS 1.08254e-09
46.283 RSS 4.41361e-13
--
Received one packet! Socket: 10.1.1.1 port: 49153 at time = 46.283
--
46.2833 RSS 1.08254e-09
46.2856 RSS 4.41361e-13
--
Received one packet! Socket: 10.1.1.1 port: 49153 at time = 46.2856
--
46.3 RSS 1.08254e-09
46.3023 RSS 4.41361e-13
--
Received one packet! Socket: 10.1.1.1 port: 49153 at time = 46.3023
--
46.4 RSS 1.08254e-09
46.4023 RSS 4.41361e-13
--
Received one packet! Socket: 10.1.1.1 port: 49153 at time = 46.4023
--
46.5023 RSS 1.08254e-09
46.684 RSS 4.41361e-13
--
Received one packet! Socket: 10.1.1.1 port: 49153 at time = 46.684
--
46.6846 RSS 1.08254e-09
46.6869 RSS 4.41361e-13
--
Received one packet! Socket: 10.1.1.1 port: 49153 at time = 46.6869
--
46.7 RSS 1.08254e-09
46.7023 RSS 4.41361e-13
--
Received one packet! Socket: 10.1.1.1 port: 49153 at time = 46.7023
--
46.8 RSS 1.08254e-09
46.8023 RSS 4.41361e-13
--
Received one packet! Socket: 10.1.1.1 port: 49153 at time = 46.8023
--
46.9023 RSS 1.08254e-09
47.0845 RSS 4.41361e-13
--
Received one packet! Socket: 10.1.1.1 port: 49153 at time = 47.0845
--
47.0849 RSS 1.08254e-09
47.0872 RSS 4.41361e-13
--
Received one packet! Socket: 10.1.1.1 port: 49153 at time = 47.0872
--
47.1 RSS 1.08254e-09
47.1023 RSS 4.41361e-13
--
Received one packet! Socket: 10.1.1.1 port: 49153 at time = 47.1023
--
47.2 RSS 1.08254e-09
47.2023 RSS 4.41361e-13
--
Received one packet! Socket: 10.1.1.1 port: 49153 at time = 47.2023
--
47.3023 RSS 1.08254e-09
47.4852 RSS 4.41361e-13
--
Received one packet! Socket: 10.1.1.1 port: 49153 at time = 47.4852
--
47.4855 RSS 1.08254e-09
47.4878 RSS 4.41361e-13
--
Received one packet! Socket: 10.1.1.1 port: 49153 at time = 47.4878
--
47.5 RSS 1.08254e-09
47.5023 RSS 4.41361e-13
--
Received one packet! Socket: 10.1.1.1 port: 49153 at time = 47.5023
--
47.6 RSS 1.08254e-09
47.6023 RSS 4.41361e-13
--
Received one packet! Socket: 10.1.1.1 port: 49153 at time = 47.6023
--
47.7023 RSS 1.08254e-09
47.8861 RSS 4.41361e-13
--
Received one packet! Socket: 10.1.1.1 port: 49153 at time = 47.8861
--
47.8866 RSS 1.08254e-09
47.8889 RSS 4.41361e-13
--
Received one packet! Socket: 10.1.1.1 port: 49153 at time = 47.8889
--
47.9 RSS 1.08254e-09
47.9023 RSS 4.41361e-13
--
Received one packet! Socket: 10.1.1.1 port: 49153 at time = 47.9023
--
48 RSS 1.08254e-09
48.0023 RSS 4.41361e-13
--
Received one packet! Socket: 10.1.1.1 port: 49153 at time = 48.0023
--
48.1023 RSS 1.08254e-09
48.2864 RSS 4.41361e-13
--
Received one packet! Socket: 10.1.1.1 port: 49153 at time = 48.2864
--
48.2869 RSS 1.08254e-09
48.2892 RSS 4.41361e-13
--
Received one packet! Socket: 10.1.1.1 port: 49153 at time = 48.2892
--
48.3 RSS 1.08254e-09
48.3023 RSS 4.41361e-13
--
Received one packet! Socket: 10.1.1.1 port: 49153 at time = 48.3023
--
48.4 RSS 1.08254e-09
48.4023 RSS 4.41361e-13
--
Received one packet! Socket: 10.1.1.1 port: 49153 at time = 48.4023
--
48.5023 RSS 1.08254e-09
48.687 RSS 4.41361e-13
--
Received one packet! Socket: 10.1.1.1 port: 49153 at time = 48.687
--
48.6873 RSS 1.08254e-09
48.6896 RSS 4.41361e-13
--
Received one packet! Socket: 10.1.1.1 port: 49153 at time = 48.6896
--
48.7 RSS 1.08254e-09
48.7023 RSS 4.41361e-13
--
Received one packet! Socket: 10.1.1.1 port: 49153 at time = 48.7023
--
48.8 RSS 1.08254e-09
48.8023 RSS 4.41361e-13
--
Received one packet! Socket: 10.1.1.1 port: 49153 at time = 48.8023
--
48.9023 RSS 1.08254e-09
49.0876 RSS 4.41361e-13
--
Received one packet! Socket: 10.1.1.1 port: 49153 at time = 49.0876
--
49.088 RSS 1.08254e-09
49.0903 RSS 4.41361e-13
--
Received one packet! Socket: 10.1.1.1 port: 49153 at time = 49.0903
--
49.1 RSS 1.08254e-09
49.1023 RSS 4.41361e-13
--
Received one packet! Socket: 10.1.1.1 port: 49153 at time = 49.1023
--
49.2 RSS 1.08254e-09
49.2023 RSS 4.41361e-13
--
Received one packet! Socket: 10.1.1.1 port: 49153 at time = 49.2023
--
49.3023 RSS 1.08254e-09
49.4883 RSS 4.41361e-13
--
Received one packet! Socket: 10.1.1.1 port: 49153 at time = 49.4883
--
49.489 RSS 1.08254e-09
49.4913 RSS 4.41361e-13
--
Received one packet! Socket: 10.1.1.1 port: 49153 at time = 49.4913
--
49.5 RSS 1.08254e-09
49.5023 RSS 4.41361e-13
--
Received one packet! Socket: 10.1.1.1 port: 49153 at time = 49.5023
--
49.6 RSS 1.08254e-09
49.6023 RSS 4.41361e-13
--
Received one packet! Socket: 10.1.1.1 port: 49153 at time = 49.6023
--
49.7023 RSS 1.08254e-09
49.8885 RSS 4.41361e-13
--
Received one packet! Socket: 10.1.1.1 port: 49153 at time = 49.8885
--
49.8888 RSS 1.08254e-09
49.8911 RSS 4.41361e-13
--
Received one packet! Socket: 10.1.1.1 port: 49153 at time = 49.8911
--
49.9 RSS 1.08254e-09
49.9023 RSS 4.41361e-13
--
Received one packet! Socket: 10.1.1.1 port: 49153 at time = 49.9023
--
50 RSS 1.08254e-09
50.0023 RSS 4.41361e-13
--
Received one packet! Socket: 10.1.1.1 port: 49153 at time = 50.0023
--
50.1023 RSS 1.08254e-09
50.2891 RSS 4.41361e-13
--
Received one packet! Socket: 10.1.1.1 port: 49153 at time = 50.2891
--
50.2894 RSS 1.08254e-09
50.2917 RSS 4.41361e-13
--
Received one packet! Socket: 10.1.1.1 port: 49153 at time = 50.2917
--
50.3 RSS 1.08254e-09
50.3023 RSS 4.41361e-13
--
Received one packet! Socket: 10.1.1.1 port: 49153 at time = 50.3023
--
50.4 RSS 1.08254e-09
50.4023 RSS 4.41361e-13
--
Received one packet! Socket: 10.1.1.1 port: 49153 at time = 50.4023
--
50.5023 RSS 1.08254e-09
50.6896 RSS 4.41361e-13
--
Received one packet! Socket: 10.1.1.1 port: 49153 at time = 50.6896
--
50.6898 RSS 1.08254e-09
50.6922 RSS 4.41361e-13
--
Received one packet! Socket: 10.1.1.1 port: 49153 at time = 50.6922
--
50.7 RSS 1.08254e-09
50.7023 RSS 4.41361e-13
--
Received one packet! Socket: 10.1.1.1 port: 49153 at time = 50.7023
--
50.8 RSS 1.08254e-09
50.8023 RSS 4.41361e-13
--
Received one packet! Socket: 10.1.1.1 port: 49153 at time = 50.8023
--
50.9023 RSS 1.08254e-09
51.0904 RSS 4.41361e-13
--
Received one packet! Socket: 10.1.1.1 port: 49153 at time = 51.0904
--
51.0908 RSS 1.08254e-09
51.0931 RSS 4.41361e-13
--
Received one packet! Socket: 10.1.1.1 port: 49153 at time = 51.0931
--
51.1 RSS 1.08254e-09
51.1023 RSS 4.41361e-13
--
Received one packet! Socket: 10.1.1.1 port: 49153 at time = 51.1023
--
51.2 RSS 1.08254e-09
51.2023 RSS 4.41361e-13
--
Received one packet! Socket: 10.1.1.1 port: 49153 at time = 51.2023
--
51.3023 RSS 1.08254e-09
51.4912 RSS 4.41361e-13
--
Received one packet! Socket: 10.1.1.1 port: 49153 at time = 51.4912
--
51.4917 RSS 1.08254e-09
51.494 RSS 4.41361e-13
--
Received one packet! Socket: 10.1.1.1 port: 49153 at time = 51.494
--
51.5 RSS 1.08254e-09
51.5023 RSS 4.41361e-13
--
Received one packet! Socket: 10.1.1.1 port: 49153 at time = 51.5023
--
51.6 RSS 1.08254e-09
51.6023 RSS 4.41361e-13
--
Received one packet! Socket: 10.1.1.1 port: 49153 at time = 51.6023
--
51.7023 RSS 1.08254e-09
51.8918 RSS 4.41361e-13
--
Received one packet! Socket: 10.1.1.1 port: 49153 at time = 51.8918
--
51.8925 RSS 1.08254e-09
51.8948 RSS 4.41361e-13
--
Received one packet! Socket: 10.1.1.1 port: 49153 at time = 51.8948
--
51.9 RSS 1.08254e-09
51.9023 RSS 4.41361e-13
--
Received one packet! Socket: 10.1.1.1 port: 49153 at time = 51.9023
--
52 RSS 1.08254e-09
52.0023 RSS 4.41361e-13
--
Received one packet! Socket: 10.1.1.1 port: 49153 at time = 52.0023
--
52.1023 RSS 1.08254e-09
52.2929 RSS 4.41361e-13
--
Received one packet! Socket: 10.1.1.1 port: 49153 at time = 52.2929
--
52.2934 RSS 1.08254e-09
52.2957 RSS 4.41361e-13
--
Received one packet! Socket: 10.1.1.1 port: 49153 at time = 52.2957
--
52.3 RSS 1.08254e-09
52.3023 RSS 4.41361e-13
--
Received one packet! Socket: 10.1.1.1 port: 49153 at time = 52.3023
--
52.4 RSS 1.08254e-09
52.4023 RSS 4.41361e-13
--
Received one packet! Socket: 10.1.1.1 port: 49153 at time = 52.4023
--
52.5023 RSS 1.08254e-09
52.6937 RSS 4.41361e-13
--
Received one packet! Socket: 10.1.1.1 port: 49153 at time = 52.6937
--
52.6938 RSS 1.08254e-09
52.6961 RSS 4.41361e-13
--
Received one packet! Socket: 10.1.1.1 port: 49153 at time = 52.6961
--
52.7 RSS 1.08254e-09
52.7023 RSS 4.41361e-13
--
Received one packet! Socket: 10.1.1.1 port: 49153 at time = 52.7023
--
52.8 RSS 1.08254e-09
52.8023 RSS 4.41361e-13
--
Received one packet! Socket: 10.1.1.1 port: 49153 at time = 52.8023
--
52.9023 RSS 1.08254e-09
53.0941 RSS 4.41361e-13
--
Received one packet! Socket: 10.1.1.1 port: 49153 at time = 53.0941
--
53.0943 RSS 1.08254e-09
53.0966 RSS 4.41361e-13
--
Received one packet! Socket: 10.1.1.1 port: 49153 at time = 53.0966
--
53.1 RSS 1.08254e-09
53.1023 RSS 4.41361e-13
--
Received one packet! Socket: 10.1.1.1 port: 49153 at time = 53.1023
--
53.2 RSS 1.08254e-09
53.2023 RSS 4.41361e-13
--
Received one packet! Socket: 10.1.1.1 port: 49153 at time = 53.2023
--
53.3023 RSS 1.08254e-09
53.4953 RSS 4.41361e-13
--
Received one packet! Socket: 10.1.1.1 port: 49153 at time = 53.4953
--
53.4954 RSS 1.08254e-09
53.4977 RSS 4.41361e-13
--
Received one packet! Socket: 10.1.1.1 port: 49153 at time = 53.4977
--
53.5 RSS 1.08254e-09
53.5023 RSS 4.41361e-13
--
Received one packet! Socket: 10.1.1.1 port: 49153 at time = 53.5023
--
53.6 RSS 1.08254e-09
53.6023 RSS 4.41361e-13
--
Received one packet! Socket: 10.1.1.1 port: 49153 at time = 53.6023
--
53.7023 RSS 1.08254e-09
53.8957 RSS 4.41361e-13
--
Received one packet! Socket: 10.1.1.1 port: 49153 at time = 53.8957
--
53.8963 RSS 1.08254e-09
53.8986 RSS 4.41361e-13
--
Received one packet! Socket: 10.1.1.1 port: 49153 at time = 53.8986
--
53.9 RSS 1.08254e-09
53.9023 RSS 4.41361e-13
--
Received one packet! Socket: 10.1.1.1 port: 49153 at time = 53.9023
--
54 RSS 1.08254e-09
54.0023 RSS 4.41361e-13
--
Received one packet! Socket: 10.1.1.1 port: 49153 at time = 54.0023
--
54.1023 RSS 1.08254e-09
54.2964 RSS 4.41361e-13
--
Received one packet! Socket: 10.1.1.1 port: 49153 at time = 54.2964
--
54.2966 RSS 1.08254e-09
54.2989 RSS 4.41361e-13
--
Received one packet! Socket: 10.1.1.1 port: 49153 at time = 54.2989
--
54.3 RSS 1.08254e-09
54.3023 RSS 4.41361e-13
--
Received one packet! Socket: 10.1.1.1 port: 49153 at time = 54.3023
--
54.4 RSS 1.08254e-09
54.4023 RSS 4.41361e-13
--
Received one packet! Socket: 10.1.1.1 port: 49153 at time = 54.4023
--
54.5023 RSS 1.08254e-09
54.6976 RSS 4.41361e-13
--
Received one packet! Socket: 10.1.1.1 port: 49153 at time = 54.6976
--
54.698 RSS 1.08254e-09
54.7003 RSS 4.41361e-13
--
Received one packet! Socket: 10.1.1.1 port: 49153 at time = 54.7003
--
54.7007 RSS 1.08254e-09
54.703 RSS 4.41361e-13
--
Received one packet! Socket: 10.1.1.1 port: 49153 at time = 54.703
--
54.8 RSS 1.08254e-09
54.8023 RSS 4.41361e-13
--
Received one packet! Socket: 10.1.1.1 port: 49153 at time = 54.8023
--
54.9023 RSS 1.08254e-09
55.0981 RSS 4.41361e-13
--
Received one packet! Socket: 10.1.1.1 port: 49153 at time = 55.0981
--
55.0987 RSS 1.08254e-09
55.101 RSS 4.41361e-13
--
Received one packet! Socket: 10.1.1.1 port: 49153 at time = 55.101
--
55.1015 RSS 1.08254e-09
55.1038 RSS 4.41361e-13
--
Received one packet! Socket: 10.1.1.1 port: 49153 at time = 55.1038
--
55.2 RSS 1.08254e-09
55.2023 RSS 4.41361e-13
--
Received one packet! Socket: 10.1.1.1 port: 49153 at time = 55.2023
--
55.3023 RSS 1.08254e-09
55.499 RSS 4.41361e-13
--
Received one packet! Socket: 10.1.1.1 port: 49153 at time = 55.499
--
55.4996 RSS 1.08254e-09
55.5019 RSS 4.41361e-13
--
Received one packet! Socket: 10.1.1.1 port: 49153 at time = 55.5019
--
55.5021 RSS 1.08254e-09
55.5044 RSS 4.41361e-13
--
Received one packet! Socket: 10.1.1.1 port: 49153 at time = 55.5044
--
55.6 RSS 1.08254e-09
55.6023 RSS 4.41361e-13
--
Received one packet! Socket: 10.1.1.1 port: 49153 at time = 55.6023
--
55.7023 RSS 1.08254e-09
55.8997 RSS 4.41361e-13
--
Received one packet! Socket: 10.1.1.1 port: 49153 at time = 55.8997
--
55.9001 RSS 1.08254e-09
55.9024 RSS 4.41361e-13
--
Received one packet! Socket: 10.1.1.1 port: 49153 at time = 55.9024
--
55.9026 RSS 1.08254e-09
55.9049 RSS 4.41361e-13
--
Received one packet! Socket: 10.1.1.1 port: 49153 at time = 55.9049
--
56 RSS 1.08254e-09
56.0023 RSS 4.41361e-13
--
Received one packet! Socket: 10.1.1.1 port: 49153 at time = 56.0023
--
56.1023 RSS 1.08254e-09
56.3004 RSS 4.41361e-13
--
Received one packet! Socket: 10.1.1.1 port: 49153 at time = 56.3004
--
56.301 RSS 1.08254e-09
56.3033 RSS 4.41361e-13
--
Received one packet! Socket: 10.1.1.1 port: 49153 at time = 56.3033
--
56.3038 RSS 1.08254e-09
56.3061 RSS 4.41361e-13
--
Received one packet! Socket: 10.1.1.1 port: 49153 at time = 56.3061
--
56.4 RSS 1.08254e-09
56.4023 RSS 4.41361e-13
--
Received one packet! Socket: 10.1.1.1 port: 49153 at time = 56.4023
--
56.5023 RSS 1.08254e-09
56.7014 RSS 4.41361e-13
--
Received one packet! Socket: 10.1.1.1 port: 49153 at time = 56.7014
--
56.7017 RSS 1.08254e-09
56.704 RSS 4.41361e-13
--
Received one packet! Socket: 10.1.1.1 port: 49153 at time = 56.704
--
56.7045 RSS 1.08254e-09
56.7068 RSS 4.41361e-13
--
Received one packet! Socket: 10.1.1.1 port: 49153 at time = 56.7068
--
56.8 RSS 1.08254e-09
56.8023 RSS 4.41361e-13
--
Received one packet! Socket: 10.1.1.1 port: 49153 at time = 56.8023
--
56.9023 RSS 1.08254e-09
57.1022 RSS 4.41361e-13
--
Received one packet! Socket: 10.1.1.1 port: 49153 at time = 57.1022
--
57.1029 RSS 1.08254e-09
57.1052 RSS 4.41361e-13
--
Received one packet! Socket: 10.1.1.1 port: 49153 at time = 57.1052
--
57.1054 RSS 1.08254e-09
57.1077 RSS 4.41361e-13
--
Received one packet! Socket: 10.1.1.1 port: 49153 at time = 57.1077
--
57.2 RSS 1.08254e-09
57.2023 RSS 4.41361e-13
--
Received one packet! Socket: 10.1.1.1 port: 49153 at time = 57.2023
--
57.3 RSS 1.08254e-09
57.3023 PRSS 2.00545e-09
--
Received one packet! Socket: 10.1.1.1 port: 49153 at time = 57.3023
--
57.5033 RSS 4.41361e-13
57.5033 PRSS 1.08254e-09
--
Received one packet! Socket: 10.1.1.1 port: 49153 at time = 57.5033
--
57.5039 RSS 1.08254e-09
57.5062 RSS 4.41361e-13
--
Received one packet! Socket: 10.1.1.1 port: 49153 at time = 57.5062
--
57.6 RSS 1.08254e-09
57.6023 RSS 4.41361e-13
--
Received one packet! Socket: 10.1.1.1 port: 49153 at time = 57.6023
--
57.7 RSS 1.08254e-09
57.7023 PRSS 1.61621e-09
--
Received one packet! Socket: 10.1.1.1 port: 49153 at time = 57.7023
--
57.9041 RSS 4.41361e-13
57.9041 PRSS 1.08254e-09
--
Received one packet! Socket: 10.1.1.1 port: 49153 at time = 57.9041
--
57.9042 RSS 1.08254e-09
57.9065 RSS 4.41361e-13
--
Received one packet! Socket: 10.1.1.1 port: 49153 at time = 57.9065
--
58 RSS 1.08254e-09
58.0023 RSS 4.41361e-13
--
Received one packet! Socket: 10.1.1.1 port: 49153 at time = 58.0023
--
58.1 RSS 1.08254e-09
58.1023 PRSS 1.09882e-09
--
Received one packet! Socket: 10.1.1.1 port: 49153 at time = 58.1023
--
58.3052 RSS 4.41361e-13
58.3052 PRSS 1.08254e-09
--
Received one packet! Socket: 10.1.1.1 port: 49153 at time = 58.3052
--
58.3056 RSS 1.08254e-09
58.3079 RSS 4.41361e-13
--
Received one packet! Socket: 10.1.1.1 port: 49153 at time = 58.3079
--
58.4 RSS 1.08254e-09
58.4023 RSS 4.41361e-13
--
Received one packet! Socket: 10.1.1.1 port: 49153 at time = 58.4023
--
58.5 RSS 1.08254e-09
58.5023 RSS 4.41361e-13
--
Received one packet! Socket: 10.1.1.1 port: 49153 at time = 58.5023
--
58.6023 RSS 1.08254e-09
58.7053 RSS 4.41361e-13
--
Received one packet! Socket: 10.1.1.1 port: 49153 at time = 58.7053
--
58.7059 RSS 1.08254e-09
58.7082 RSS 4.41361e-13
--
Received one packet! Socket: 10.1.1.1 port: 49153 at time = 58.7082
--
58.8 RSS 1.08254e-09
58.8023 RSS 4.41361e-13
--
Received one packet! Socket: 10.1.1.1 port: 49153 at time = 58.8023
--
58.9 RSS 1.08254e-09
58.9023 RSS 4.41361e-13
--
Received one packet! Socket: 10.1.1.1 port: 49153 at time = 58.9023
--
59.0023 RSS 1.08254e-09
59.1062 RSS 4.41361e-13
--
Received one packet! Socket: 10.1.1.1 port: 49153 at time = 59.1062
--
59.1068 RSS 1.08254e-09
59.1091 RSS 4.41361e-13
--
Received one packet! Socket: 10.1.1.1 port: 49153 at time = 59.1091
--
59.2 RSS 1.08254e-09
59.2023 RSS 4.41361e-13
--
Received one packet! Socket: 10.1.1.1 port: 49153 at time = 59.2023
--
59.3 RSS 1.08254e-09
59.3023 RSS 4.41361e-13
--
Received one packet! Socket: 10.1.1.1 port: 49153 at time = 59.3023
--
59.4023 RSS 1.08254e-09
59.5074 RSS 4.41361e-13
--
Received one packet! Socket: 10.1.1.1 port: 49153 at time = 59.5074
--
59.5077 RSS 1.08254e-09
59.51 RSS 4.41361e-13
--
Received one packet! Socket: 10.1.1.1 port: 49153 at time = 59.51
--
59.6 RSS 1.08254e-09
59.6023 RSS 4.41361e-13
--
Received one packet! Socket: 10.1.1.1 port: 49153 at time = 59.6023
--
59.7 RSS 1.08254e-09
59.7023 RSS 4.41361e-13
--
Received one packet! Socket: 10.1.1.1 port: 49153 at time = 59.7023
--
59.8023 RSS 1.08254e-09
59.9085 RSS 4.41361e-13
--
Received one packet! Socket: 10.1.1.1 port: 49153 at time = 59.9085
--
59.9087 RSS 1.08254e-09
59.911 RSS 4.41361e-13
--
Received one packet! Socket: 10.1.1.1 port: 49153 at time = 59.911
--
Actual PDR = 1
Actual RSS = 1.08254e-09
Actual Average Packet RSS = 2.00545e-09
