0 RSS 4.41361e-13
0.000570033 RSS 1.08254e-09
0.00287403 RSS 2.7053e-08
0.00287403 PRSS 2.36764e-08
0.102874 RSS 4.41361e-13
1 RSS 1.08254e-09
1.0023 RSS 2.7053e-08
1.1023 RSS 4.41361e-13
2 RSS 1.08254e-09
2.0023 RSS 2.7053e-08
2.1023 RSS 4.41361e-13
3 RSS 1.08254e-09
3.0023 RSS 2.7053e-08
3.1023 RSS 4.41361e-13
4 RSS 1.08254e-09
4.0023 RSS 2.7053e-08
4.1023 RSS 4.41361e-13
5 RSS 1.08254e-09
5.0023 RSS 2.7053e-08
5.1023 RSS 4.41361e-13
6 RSS 1.08254e-09
6.0023 RSS 2.7053e-08
6.1023 RSS 4.41361e-13
7 RSS 1.08254e-09
7.0023 RSS 2.7053e-08
7.1023 RSS 4.41361e-13
8 RSS 1.08254e-09
8.0023 RSS 2.7053e-08
8.1023 RSS 4.41361e-13
9 RSS 1.08254e-09
9.0023 RSS 2.7053e-08
9.1023 RSS 4.41361e-13
10 RSS 1.08254e-09
10.0023 RSS 2.7053e-08
10.1023 RSS 4.41361e-13
11 RSS 1.08254e-09
11.0023 RSS 2.7053e-08
11.1023 RSS 4.41361e-13
12 RSS 1.08254e-09
12.0023 RSS 2.7053e-08
12.1023 RSS 4.41361e-13
13 RSS 1.08254e-09
13.0023 RSS 2.7053e-08
13.1023 RSS 4.41361e-13
14 RSS 1.08254e-09
14.0023 RSS 2.7053e-08
14.1023 RSS 4.41361e-13
15 RSS 1.08254e-09
15.0023 RSS 2.7053e-08
15.1023 RSS 4.41361e-13
16 RSS 1.08254e-09
16.0023 RSS 2.7053e-08
16.1023 RSS 4.41361e-13
17 RSS 1.08254e-09
17.0023 RSS 2.7053e-08
17.1023 RSS 4.41361e-13
18 RSS 1.08254e-09
18.0023 RSS 2.7053e-08
18.1023 RSS 4.41361e-13
19 RSS 1.08254e-09
19.0023 RSS 2.7053e-08
19.1023 RSS 4.41361e-13
20 RSS 1.08254e-09
20.0023 RSS 2.7053e-08
20.1023 RSS 4.41361e-13
21 RSS 1.08254e-09
21.0023 RSS 2.7053e-08
21.1023 RSS 4.41361e-13
22 RSS 1.08254e-09
22.0023 RSS 2.7053e-08
22.1023 RSS 4.41361e-13
23 RSS 1.08254e-09
23.0023 RSS 2.7053e-08
23.1023 RSS 4.41361e-13
24 RSS 1.08254e-09
24.0023 RSS 2.7053e-08
24.1023 RSS 4.41361e-13
25 RSS 1.08254e-09
25.0023 RSS 2.7053e-08
25.1023 RSS 4.41361e-13
26 RSS 1.08254e-09
26.0023 RSS 2.7053e-08
26.1023 RSS 4.41361e-13
27 RSS 1.08254e-09
27.0023 RSS 2.7053e-08
27.1023 RSS 4.41361e-13
28 RSS 1.08254e-09
28.0023 RSS 2.7053e-08
28.1023 RSS 4.41361e-13
29 RSS 1.08254e-09
29.0023 RSS 2.7053e-08
29.1023 RSS 4.41361e-13
30 RSS 1.08254e-09
30.0023 RSS 2.7053e-08
30.1023 RSS 4.41361e-13
31 RSS 1.08254e-09
31.0023 RSS 2.7053e-08
31.1023 RSS 4.41361e-13
32 RSS 1.08254e-09
32.0023 RSS 2.7053e-08
32.1023 RSS 4.41361e-13
33 RSS 1.08254e-09
33.0023 RSS 2.7053e-08
33.1023 RSS 4.41361e-13
34 RSS 1.08254e-09
34.0023 RSS 2.7053e-08
34.1023 RSS 4.41361e-13
35 RSS 1.08254e-09
35.0023 RSS 2.7053e-08
35.1023 RSS 4.41361e-13
36 RSS 1.08254e-09
36.0023 RSS 2.7053e-08
36.1023 RSS 4.41361e-13
37 RSS 1.08254e-09
37.0023 RSS 2.7053e-08
37.1023 RSS 4.41361e-13
38 RSS 1.08254e-09
38.0023 RSS 2.7053e-08
38.1023 RSS 4.41361e-13
39 RSS 1.08254e-09
39.0023 RSS 2.7053e-08
39.1023 RSS 4.41361e-13
40 RSS 1.08254e-09
40.0023 RSS 2.7053e-08
40.1023 RSS 4.41361e-13
41 RSS 1.08254e-09
41.0023 RSS 2.7053e-08
41.1023 RSS 4.41361e-13
42 RSS 1.08254e-09
42.0023 RSS 2.7053e-08
42.1023 RSS 4.41361e-13
43 RSS 1.08254e-09
43.0023 RSS 2.7053e-08
43.1023 RSS 4.41361e-13
44 RSS 1.08254e-09
44.0023 RSS 2.7053e-08
44.1023 RSS 4.41361e-13
45 RSS 1.08254e-09
45.0023 RSS 2.7053e-08
45.1023 RSS 4.41361e-13
46 RSS 1.08254e-09
46.0023 RSS 2.7053e-08
46.1023 RSS 4.41361e-13
47 RSS 1.08254e-09
47.0023 RSS 2.7053e-08
47.1023 RSS 4.41361e-13
48 RSS 1.08254e-09
48.0023 RSS 2.7053e-08
48.1023 RSS 4.41361e-13
49 RSS 1.08254e-09
49.0023 RSS 2.7053e-08
49.1023 RSS 4.41361e-13
50 RSS 1.08254e-09
50.0023 RSS 2.7053e-08
50.1023 RSS 4.41361e-13
51 RSS 1.08254e-09
51.0023 RSS 2.7053e-08
51.1023 RSS 4.41361e-13
52 RSS 1.08254e-09
52.0023 RSS 2.7053e-08
52.1023 RSS 4.41361e-13
53 RSS 1.08254e-09
53.0023 RSS 2.7053e-08
53.1023 RSS 4.41361e-13
54 RSS 1.08254e-09
54.0023 RSS 2.7053e-08
54.1023 RSS 4.41361e-13
55 RSS 1.08254e-09
55.0023 RSS 2.7053e-08
55.1023 RSS 4.41361e-13
56 RSS 1.08254e-09
56.0023 RSS 2.7053e-08
56.1023 RSS 4.41361e-13
57 RSS 1.08254e-09
57.0023 RSS 2.7053e-08
57.1023 RSS 4.41361e-13
58 RSS 1.08254e-09
58.0023 RSS 2.7053e-08
58.1023 RSS 4.41361e-13
59 RSS 1.08254e-09
59.0023 RSS 2.7053e-08
59.1023 RSS 4.41361e-13
Actual PDR = 0
Actual RSS = 2.7053e-08
Actual Average Packet RSS = 2.36764e-08
