0 RSS 4.41361e-13
0.000570033 RSS 1.08254e-09
0.00287403 RSS 6.01212e-09
0.00287403 PRSS 6.10339e-09
0.1 RSS 1.08254e-09
0.102304 RSS 6.01212e-09
0.2 RSS 1.08254e-09
0.202304 RSS 6.01212e-09
0.3 RSS 1.08254e-09
0.302304 RSS 6.01212e-09
0.4 RSS 1.08254e-09
0.402304 RSS 6.01212e-09
0.5 RSS 1.08254e-09
0.502304 RSS 6.01212e-09
0.6 RSS 1.08254e-09
0.602304 RSS 6.01212e-09
0.7 RSS 1.08254e-09
0.702304 RSS 6.01212e-09
0.8 RSS 1.08254e-09
0.802304 RSS 6.01212e-09
0.9 RSS 1.08254e-09
0.902304 RSS 6.01212e-09
1 RSS 1.08254e-09
1.0023 RSS 6.01212e-09
1.1 RSS 1.08254e-09
1.1023 RSS 6.01212e-09
1.2 RSS 1.08254e-09
1.2023 RSS 6.01212e-09
1.3 RSS 1.08254e-09
1.3023 RSS 6.01212e-09
1.4 RSS 1.08254e-09
1.4023 RSS 6.01212e-09
1.5 RSS 1.08254e-09
1.5023 RSS 6.01212e-09
1.6 RSS 1.08254e-09
1.6023 RSS 6.01212e-09
1.7 RSS 1.08254e-09
1.7023 RSS 6.01212e-09
1.8 RSS 1.08254e-09
1.8023 RSS 6.01212e-09
1.9 RSS 1.08254e-09
1.9023 RSS 6.01212e-09
2 RSS 1.08254e-09
2.0023 RSS 6.01212e-09
2.1 RSS 1.08254e-09
2.1023 RSS 6.01212e-09
2.2 RSS 1.08254e-09
2.2023 RSS 6.01212e-09
2.3 RSS 1.08254e-09
2.3023 RSS 6.01212e-09
2.4 RSS 1.08254e-09
2.4023 RSS 6.01212e-09
2.5 RSS 1.08254e-09
2.5023 RSS 6.01212e-09
2.6 RSS 1.08254e-09
2.6023 RSS 6.01212e-09
2.7 RSS 1.08254e-09
2.7023 RSS 6.01212e-09
2.8 RSS 1.08254e-09
2.8023 RSS 6.01212e-09
2.9 RSS 1.08254e-09
2.9023 RSS 6.01212e-09
3 RSS 1.08254e-09
3.0023 RSS 6.01212e-09
3.1 RSS 1.08254e-09
3.1023 RSS 6.01212e-09
3.2 RSS 1.08254e-09
3.2023 RSS 6.01212e-09
3.3 RSS 1.08254e-09
3.3023 RSS 6.01212e-09
3.4 RSS 1.08254e-09
3.4023 RSS 6.01212e-09
3.5 RSS 1.08254e-09
3.5023 RSS 6.01212e-09
3.6 RSS 1.08254e-09
3.6023 RSS 6.01212e-09
3.7 RSS 1.08254e-09
3.7023 RSS 6.01212e-09
3.8 RSS 1.08254e-09
3.8023 RSS 6.01212e-09
3.9 RSS 1.08254e-09
3.9023 RSS 6.01212e-09
4 RSS 1.08254e-09
4.0023 RSS 6.01212e-09
4.1 RSS 1.08254e-09
4.1023 RSS 6.01212e-09
4.2 RSS 1.08254e-09
4.2023 RSS 6.01212e-09
4.3 RSS 1.08254e-09
4.3023 RSS 6.01212e-09
4.4 RSS 1.08254e-09
4.4023 RSS 6.01212e-09
4.5 RSS 1.08254e-09
4.5023 RSS 6.01212e-09
4.6 RSS 1.08254e-09
4.6023 RSS 6.01212e-09
4.7 RSS 1.08254e-09
4.7023 RSS 6.01212e-09
4.8 RSS 1.08254e-09
4.8023 RSS 6.01212e-09
4.9 RSS 1.08254e-09
4.9023 RSS 6.01212e-09
5 RSS 1.08254e-09
5.0023 RSS 6.01212e-09
5.1 RSS 1.08254e-09
5.1023 RSS 6.01212e-09
5.2 RSS 1.08254e-09
5.2023 RSS 6.01212e-09
5.3 RSS 1.08254e-09
5.3023 RSS 6.01212e-09
5.4 RSS 1.08254e-09
5.4023 RSS 6.01212e-09
5.5 RSS 1.08254e-09
5.5023 RSS 6.01212e-09
5.6 RSS 1.08254e-09
5.6023 RSS 6.01212e-09
5.7 RSS 1.08254e-09
5.7023 RSS 6.01212e-09
5.8 RSS 1.08254e-09
5.8023 RSS 6.01212e-09
5.9 RSS 1.08254e-09
5.9023 RSS 6.01212e-09
6 RSS 1.08254e-09
6.0023 RSS 6.01212e-09
6.1 RSS 1.08254e-09
6.1023 RSS 6.01212e-09
6.2 RSS 1.08254e-09
6.2023 RSS 6.01212e-09
6.3 RSS 1.08254e-09
6.3023 RSS 6.01212e-09
6.4 RSS 1.08254e-09
6.4023 RSS 6.01212e-09
6.5 RSS 1.08254e-09
6.5023 RSS 6.01212e-09
6.6 RSS 1.08254e-09
6.6023 RSS 6.01212e-09
6.7 RSS 1.08254e-09
6.7023 RSS 6.01212e-09
6.8 RSS 1.08254e-09
6.8023 RSS 6.01212e-09
6.9 RSS 1.08254e-09
6.9023 RSS 6.01212e-09
7 RSS 1.08254e-09
7.0023 RSS 6.01212e-09
7.1 RSS 1.08254e-09
7.1023 RSS 6.01212e-09
7.2 RSS 1.08254e-09
7.2023 RSS 6.01212e-09
7.3 RSS 1.08254e-09
7.3023 RSS 6.01212e-09
7.4 RSS 1.08254e-09
7.4023 RSS 6.01212e-09
7.5 RSS 1.08254e-09
7.5023 RSS 6.01212e-09
7.6 RSS 1.08254e-09
7.6023 RSS 6.01212e-09
7.7 RSS 1.08254e-09
7.7023 RSS 6.01212e-09
7.8 RSS 1.08254e-09
7.8023 RSS 6.01212e-09
7.9 RSS 1.08254e-09
7.9023 RSS 6.01212e-09
8 RSS 1.08254e-09
8.0023 RSS 6.01212e-09
8.1 RSS 1.08254e-09
8.1023 RSS 6.01212e-09
8.2 RSS 1.08254e-09
8.2023 RSS 6.01212e-09
8.3 RSS 1.08254e-09
8.3023 RSS 6.01212e-09
8.4 RSS 1.08254e-09
8.4023 RSS 6.01212e-09
8.5 RSS 1.08254e-09
8.5023 RSS 6.01212e-09
8.6 RSS 1.08254e-09
8.6023 RSS 6.01212e-09
8.7 RSS 1.08254e-09
8.7023 RSS 6.01212e-09
8.8 RSS 1.08254e-09
8.8023 RSS 6.01212e-09
8.9 RSS 1.08254e-09
8.9023 RSS 6.01212e-09
9 RSS 1.08254e-09
9.0023 RSS 6.01212e-09
9.1 RSS 1.08254e-09
9.1023 RSS 6.01212e-09
9.2 RSS 1.08254e-09
9.2023 RSS 6.01212e-09
9.3 RSS 1.08254e-09
9.3023 RSS 6.01212e-09
9.4 RSS 1.08254e-09
9.4023 RSS 6.01212e-09
9.5 RSS 1.08254e-09
9.5023 RSS 6.01212e-09
9.6 RSS 1.08254e-09
9.6023 RSS 6.01212e-09
9.7 RSS 1.08254e-09
9.7023 RSS 6.01212e-09
9.8 RSS 1.08254e-09
9.8023 RSS 6.01212e-09
9.9 RSS 1.08254e-09
9.9023 RSS 6.01212e-09
10 RSS 1.08254e-09
10.0023 RSS 6.01212e-09
10.1 RSS 1.08254e-09
10.1023 RSS 6.01212e-09
10.2 RSS 1.08254e-09
10.2023 RSS 6.01212e-09
10.3 RSS 1.08254e-09
10.3023 RSS 6.01212e-09
10.4 RSS 1.08254e-09
10.4023 RSS 6.01212e-09
10.5 RSS 1.08254e-09
10.5023 RSS 6.01212e-09
10.6 RSS 1.08254e-09
10.6023 RSS 6.01212e-09
10.7 RSS 1.08254e-09
10.7023 RSS 6.01212e-09
10.8 RSS 1.08254e-09
10.8023 RSS 6.01212e-09
10.9 RSS 1.08254e-09
10.9023 RSS 6.01212e-09
11 RSS 1.08254e-09
11.0023 RSS 6.01212e-09
11.1 RSS 1.08254e-09
11.1023 RSS 6.01212e-09
11.2 RSS 1.08254e-09
11.2023 RSS 6.01212e-09
11.3 RSS 1.08254e-09
11.3023 RSS 6.01212e-09
11.4 RSS 1.08254e-09
11.4023 RSS 6.01212e-09
11.5 RSS 1.08254e-09
11.5023 RSS 6.01212e-09
11.6 RSS 1.08254e-09
11.6023 RSS 6.01212e-09
11.7 RSS 1.08254e-09
11.7023 RSS 6.01212e-09
11.8 RSS 1.08254e-09
11.8023 RSS 6.01212e-09
11.9 RSS 1.08254e-09
11.9023 RSS 6.01212e-09
12 RSS 1.08254e-09
12.0023 RSS 6.01212e-09
12.1 RSS 1.08254e-09
12.1023 RSS 6.01212e-09
12.2 RSS 1.08254e-09
12.2023 RSS 6.01212e-09
12.3 RSS 1.08254e-09
12.3023 RSS 6.01212e-09
12.4 RSS 1.08254e-09
12.4023 RSS 6.01212e-09
12.5 RSS 1.08254e-09
12.5023 RSS 6.01212e-09
12.6 RSS 1.08254e-09
12.6023 RSS 6.01212e-09
12.7 RSS 1.08254e-09
12.7023 RSS 6.01212e-09
12.8 RSS 1.08254e-09
12.8023 RSS 6.01212e-09
12.9 RSS 1.08254e-09
12.9023 RSS 6.01212e-09
13 RSS 1.08254e-09
13.0023 RSS 6.01212e-09
13.1 RSS 1.08254e-09
13.1023 RSS 6.01212e-09
13.2 RSS 1.08254e-09
13.2023 RSS 6.01212e-09
13.3 RSS 1.08254e-09
13.3023 RSS 6.01212e-09
13.4 RSS 1.08254e-09
13.4023 RSS 6.01212e-09
13.5 RSS 1.08254e-09
13.5023 RSS 6.01212e-09
13.6 RSS 1.08254e-09
13.6023 RSS 6.01212e-09
13.7 RSS 1.08254e-09
13.7023 RSS 6.01212e-09
13.8 RSS 1.08254e-09
13.8023 RSS 6.01212e-09
13.9 RSS 1.08254e-09
13.9023 RSS 6.01212e-09
14 RSS 1.08254e-09
14.0023 RSS 6.01212e-09
14.1 RSS 1.08254e-09
14.1023 RSS 6.01212e-09
14.2 RSS 1.08254e-09
14.2023 RSS 6.01212e-09
14.3 RSS 1.08254e-09
14.3023 RSS 6.01212e-09
14.4 RSS 1.08254e-09
14.4023 RSS 6.01212e-09
14.5 RSS 1.08254e-09
14.5023 RSS 6.01212e-09
14.6 RSS 1.08254e-09
14.6023 RSS 6.01212e-09
14.7 RSS 1.08254e-09
14.7023 RSS 6.01212e-09
14.8 RSS 1.08254e-09
14.8023 RSS 6.01212e-09
14.9 RSS 1.08254e-09
14.9023 RSS 6.01212e-09
15 RSS 1.08254e-09
15.0023 RSS 6.01212e-09
15.1 RSS 1.08254e-09
15.1023 RSS 6.01212e-09
15.2 RSS 1.08254e-09
15.2023 RSS 6.01212e-09
15.3 RSS 1.08254e-09
15.3023 RSS 6.01212e-09
15.4 RSS 1.08254e-09
15.4023 RSS 6.01212e-09
15.5 RSS 1.08254e-09
15.5023 RSS 6.01212e-09
15.6 RSS 1.08254e-09
15.6023 RSS 6.01212e-09
15.7 RSS 1.08254e-09
15.7023 RSS 6.01212e-09
15.8 RSS 1.08254e-09
15.8023 RSS 6.01212e-09
15.9 RSS 1.08254e-09
15.9023 RSS 6.01212e-09
16 RSS 1.08254e-09
16.0023 RSS 6.01212e-09
16.1 RSS 1.08254e-09
16.1023 RSS 6.01212e-09
16.2 RSS 1.08254e-09
16.2023 RSS 6.01212e-09
16.3 RSS 1.08254e-09
16.3023 RSS 6.01212e-09
16.4 RSS 1.08254e-09
16.4023 RSS 6.01212e-09
16.5 RSS 1.08254e-09
16.5023 RSS 6.01212e-09
16.6 RSS 1.08254e-09
16.6023 RSS 6.01212e-09
16.7 RSS 1.08254e-09
16.7023 RSS 6.01212e-09
16.8 RSS 1.08254e-09
16.8023 RSS 6.01212e-09
16.9 RSS 1.08254e-09
16.9023 RSS 6.01212e-09
17 RSS 1.08254e-09
17.0023 RSS 6.01212e-09
17.1 RSS 1.08254e-09
17.1023 RSS 6.01212e-09
17.2 RSS 1.08254e-09
17.2023 RSS 6.01212e-09
17.3 RSS 1.08254e-09
17.3023 RSS 6.01212e-09
17.4 RSS 1.08254e-09
17.4023 RSS 6.01212e-09
17.5 RSS 1.08254e-09
17.5023 RSS 6.01212e-09
17.6 RSS 1.08254e-09
17.6023 RSS 6.01212e-09
17.7 RSS 1.08254e-09
17.7023 RSS 6.01212e-09
17.8 RSS 1.08254e-09
17.8023 RSS 6.01212e-09
17.9 RSS 1.08254e-09
17.9023 RSS 6.01212e-09
18 RSS 1.08254e-09
18.0023 RSS 6.01212e-09
18.1 RSS 1.08254e-09
18.1023 RSS 6.01212e-09
18.2 RSS 1.08254e-09
18.2023 RSS 6.01212e-09
18.3 RSS 1.08254e-09
18.3023 RSS 6.01212e-09
18.4 RSS 1.08254e-09
18.4023 RSS 6.01212e-09
18.5 RSS 1.08254e-09
18.5023 RSS 6.01212e-09
18.6 RSS 1.08254e-09
18.6023 RSS 6.01212e-09
18.7 RSS 1.08254e-09
18.7023 RSS 6.01212e-09
18.8 RSS 1.08254e-09
18.8023 RSS 6.01212e-09
18.9 RSS 1.08254e-09
18.9023 RSS 6.01212e-09
19 RSS 1.08254e-09
19.0023 RSS 6.01212e-09
19.1 RSS 1.08254e-09
19.1023 RSS 6.01212e-09
19.2 RSS 1.08254e-09
19.2023 RSS 6.01212e-09
19.3 RSS 1.08254e-09
19.3023 RSS 6.01212e-09
19.4 RSS 1.08254e-09
19.4023 RSS 6.01212e-09
19.5 RSS 1.08254e-09
19.5023 RSS 6.01212e-09
19.6 RSS 1.08254e-09
19.6023 RSS 6.01212e-09
19.7 RSS 1.08254e-09
19.7023 RSS 6.01212e-09
19.8 RSS 1.08254e-09
19.8023 RSS 6.01212e-09
19.9 RSS 1.08254e-09
19.9023 RSS 6.01212e-09
20 RSS 1.08254e-09
20.0023 RSS 6.01212e-09
20.1 RSS 1.08254e-09
20.1023 RSS 6.01212e-09
20.2 RSS 1.08254e-09
20.2023 RSS 6.01212e-09
20.3 RSS 1.08254e-09
20.3023 RSS 6.01212e-09
20.4 RSS 1.08254e-09
20.4023 RSS 6.01212e-09
20.5 RSS 1.08254e-09
20.5023 RSS 6.01212e-09
20.6 RSS 1.08254e-09
20.6023 RSS 6.01212e-09
20.7 RSS 1.08254e-09
20.7023 RSS 6.01212e-09
20.8 RSS 1.08254e-09
20.8023 RSS 6.01212e-09
20.9 RSS 1.08254e-09
20.9023 RSS 6.01212e-09
21 RSS 1.08254e-09
21.0023 RSS 6.01212e-09
21.1 RSS 1.08254e-09
21.1023 RSS 6.01212e-09
21.2 RSS 1.08254e-09
21.2023 RSS 6.01212e-09
21.3 RSS 1.08254e-09
21.3023 RSS 6.01212e-09
21.4 RSS 1.08254e-09
21.4023 RSS 6.01212e-09
21.5 RSS 1.08254e-09
21.5023 RSS 6.01212e-09
21.6 RSS 1.08254e-09
21.6023 RSS 6.01212e-09
21.7 RSS 1.08254e-09
21.7023 RSS 6.01212e-09
21.8 RSS 1.08254e-09
21.8023 RSS 6.01212e-09
21.9 RSS 1.08254e-09
21.9023 RSS 6.01212e-09
22 RSS 1.08254e-09
22.0023 RSS 6.01212e-09
22.1 RSS 1.08254e-09
22.1023 RSS 6.01212e-09
22.2 RSS 1.08254e-09
22.2023 RSS 6.01212e-09
22.3 RSS 1.08254e-09
22.3023 RSS 6.01212e-09
22.4 RSS 1.08254e-09
22.4023 RSS 6.01212e-09
22.5 RSS 1.08254e-09
22.5023 RSS 6.01212e-09
22.6 RSS 1.08254e-09
22.6023 RSS 6.01212e-09
22.7 RSS 1.08254e-09
22.7023 RSS 6.01212e-09
22.8 RSS 1.08254e-09
22.8023 RSS 6.01212e-09
22.9 RSS 1.08254e-09
22.9023 RSS 6.01212e-09
23 RSS 1.08254e-09
23.0023 RSS 6.01212e-09
23.1 RSS 1.08254e-09
23.1023 RSS 6.01212e-09
23.2 RSS 1.08254e-09
23.2023 RSS 6.01212e-09
23.3 RSS 1.08254e-09
23.3023 RSS 6.01212e-09
23.4 RSS 1.08254e-09
23.4023 RSS 6.01212e-09
23.5 RSS 1.08254e-09
23.5023 RSS 6.01212e-09
23.6 RSS 1.08254e-09
23.6023 RSS 6.01212e-09
23.7 RSS 1.08254e-09
23.7023 RSS 6.01212e-09
23.8 RSS 1.08254e-09
23.8023 RSS 6.01212e-09
23.9 RSS 1.08254e-09
23.9023 RSS 6.01212e-09
24 RSS 1.08254e-09
24.0023 RSS 6.01212e-09
24.1 RSS 1.08254e-09
24.1023 RSS 6.01212e-09
24.2 RSS 1.08254e-09
24.2023 RSS 6.01212e-09
24.3 RSS 1.08254e-09
24.3023 RSS 6.01212e-09
24.4 RSS 1.08254e-09
24.4023 RSS 6.01212e-09
24.5 RSS 1.08254e-09
24.5023 RSS 6.01212e-09
24.6 RSS 1.08254e-09
24.6023 RSS 6.01212e-09
24.7 RSS 1.08254e-09
24.7023 RSS 6.01212e-09
24.8 RSS 1.08254e-09
24.8023 RSS 6.01212e-09
24.9 RSS 1.08254e-09
24.9023 RSS 6.01212e-09
25 RSS 1.08254e-09
25.0023 RSS 6.01212e-09
25.1 RSS 1.08254e-09
25.1023 RSS 6.01212e-09
25.2 RSS 1.08254e-09
25.2023 RSS 6.01212e-09
25.3 RSS 1.08254e-09
25.3023 RSS 6.01212e-09
25.4 RSS 1.08254e-09
25.4023 RSS 6.01212e-09
25.5 RSS 1.08254e-09
25.5023 RSS 6.01212e-09
25.6 RSS 1.08254e-09
25.6023 RSS 6.01212e-09
25.7 RSS 1.08254e-09
25.7023 RSS 6.01212e-09
25.8 RSS 1.08254e-09
25.8023 RSS 6.01212e-09
25.9 RSS 1.08254e-09
25.9023 RSS 6.01212e-09
26 RSS 1.08254e-09
26.0023 RSS 6.01212e-09
26.1 RSS 1.08254e-09
26.1023 RSS 6.01212e-09
26.2 RSS 1.08254e-09
26.2023 RSS 6.01212e-09
26.3 RSS 1.08254e-09
26.3023 RSS 6.01212e-09
26.4 RSS 1.08254e-09
26.4023 RSS 6.01212e-09
26.5 RSS 1.08254e-09
26.5023 RSS 6.01212e-09
26.6 RSS 1.08254e-09
26.6023 RSS 6.01212e-09
26.7 RSS 1.08254e-09
26.7023 RSS 6.01212e-09
26.8 RSS 1.08254e-09
26.8023 RSS 6.01212e-09
26.9 RSS 1.08254e-09
26.9023 RSS 6.01212e-09
27 RSS 1.08254e-09
27.0023 RSS 6.01212e-09
27.1 RSS 1.08254e-09
27.1023 RSS 6.01212e-09
27.2 RSS 1.08254e-09
27.2023 RSS 6.01212e-09
27.3 RSS 1.08254e-09
27.3023 RSS 6.01212e-09
27.4 RSS 1.08254e-09
27.4023 RSS 6.01212e-09
27.5 RSS 1.08254e-09
27.5023 RSS 6.01212e-09
27.6 RSS 1.08254e-09
27.6023 RSS 6.01212e-09
27.7 RSS 1.08254e-09
27.7023 RSS 6.01212e-09
27.8 RSS 1.08254e-09
27.8023 RSS 6.01212e-09
27.9 RSS 1.08254e-09
27.9023 RSS 6.01212e-09
28 RSS 1.08254e-09
28.0023 RSS 6.01212e-09
28.1 RSS 1.08254e-09
28.1023 RSS 6.01212e-09
28.2 RSS 1.08254e-09
28.2023 RSS 6.01212e-09
28.3 RSS 1.08254e-09
28.3023 RSS 6.01212e-09
28.4 RSS 1.08254e-09
28.4023 RSS 6.01212e-09
28.5 RSS 1.08254e-09
28.5023 RSS 6.01212e-09
28.6 RSS 1.08254e-09
28.6023 RSS 6.01212e-09
28.7 RSS 1.08254e-09
28.7023 RSS 6.01212e-09
28.8 RSS 1.08254e-09
28.8023 RSS 6.01212e-09
28.9 RSS 1.08254e-09
28.9023 RSS 6.01212e-09
29 RSS 1.08254e-09
29.0023 RSS 6.01212e-09
29.1 RSS 1.08254e-09
29.1023 RSS 6.01212e-09
29.2 RSS 1.08254e-09
29.2023 RSS 6.01212e-09
29.3 RSS 1.08254e-09
29.3023 RSS 6.01212e-09
29.4 RSS 1.08254e-09
29.4023 RSS 6.01212e-09
29.5 RSS 1.08254e-09
29.5023 RSS 6.01212e-09
29.6 RSS 1.08254e-09
29.6023 RSS 6.01212e-09
29.7 RSS 1.08254e-09
29.7023 RSS 6.01212e-09
29.8 RSS 1.08254e-09
29.8023 RSS 6.01212e-09
29.9 RSS 1.08254e-09
29.9023 RSS 6.01212e-09
30 RSS 1.08254e-09
30.0023 RSS 6.01212e-09
30.1 RSS 1.08254e-09
30.1023 RSS 6.01212e-09
30.2 RSS 1.08254e-09
30.2023 RSS 6.01212e-09
30.3 RSS 1.08254e-09
30.3023 RSS 6.01212e-09
30.4 RSS 1.08254e-09
30.4023 RSS 6.01212e-09
30.5 RSS 1.08254e-09
30.5023 RSS 6.01212e-09
30.6 RSS 1.08254e-09
30.6023 RSS 6.01212e-09
30.7 RSS 1.08254e-09
30.7023 RSS 6.01212e-09
30.8 RSS 1.08254e-09
30.8023 RSS 6.01212e-09
30.9 RSS 1.08254e-09
30.9023 RSS 6.01212e-09
31 RSS 1.08254e-09
31.0023 RSS 6.01212e-09
31.1 RSS 1.08254e-09
31.1023 RSS 6.01212e-09
31.2 RSS 1.08254e-09
31.2023 RSS 6.01212e-09
31.3 RSS 1.08254e-09
31.3023 RSS 6.01212e-09
31.4 RSS 1.08254e-09
31.4023 RSS 6.01212e-09
31.5 RSS 1.08254e-09
31.5023 RSS 6.01212e-09
31.6 RSS 1.08254e-09
31.6023 RSS 6.01212e-09
31.7 RSS 1.08254e-09
31.7023 RSS 6.01212e-09
31.8 RSS 1.08254e-09
31.8023 RSS 6.01212e-09
31.9 RSS 1.08254e-09
31.9023 RSS 6.01212e-09
32 RSS 1.08254e-09
32.0023 RSS 6.01212e-09
32.1 RSS 1.08254e-09
32.1023 RSS 6.01212e-09
32.2 RSS 1.08254e-09
32.2023 RSS 6.01212e-09
32.3 RSS 1.08254e-09
32.3023 RSS 6.01212e-09
32.4 RSS 1.08254e-09
32.4023 RSS 6.01212e-09
32.5 RSS 1.08254e-09
32.5023 RSS 6.01212e-09
32.6 RSS 1.08254e-09
32.6023 RSS 6.01212e-09
32.7 RSS 1.08254e-09
32.7023 RSS 6.01212e-09
32.8 RSS 1.08254e-09
32.8023 RSS 6.01212e-09
32.9 RSS 1.08254e-09
32.9023 RSS 6.01212e-09
33 RSS 1.08254e-09
33.0023 RSS 6.01212e-09
33.1 RSS 1.08254e-09
33.1023 RSS 6.01212e-09
33.2 RSS 1.08254e-09
33.2023 RSS 6.01212e-09
33.3 RSS 1.08254e-09
33.3023 RSS 6.01212e-09
33.4 RSS 1.08254e-09
33.4023 RSS 6.01212e-09
33.5 RSS 1.08254e-09
33.5023 RSS 6.01212e-09
33.6 RSS 1.08254e-09
33.6023 RSS 6.01212e-09
33.7 RSS 1.08254e-09
33.7023 RSS 6.01212e-09
33.8 RSS 1.08254e-09
33.8023 RSS 6.01212e-09
33.9 RSS 1.08254e-09
33.9023 RSS 6.01212e-09
34 RSS 1.08254e-09
34.0023 RSS 6.01212e-09
34.1 RSS 1.08254e-09
34.1023 RSS 6.01212e-09
34.2 RSS 1.08254e-09
34.2023 RSS 6.01212e-09
34.3 RSS 1.08254e-09
34.3023 RSS 6.01212e-09
34.4 RSS 1.08254e-09
34.4023 RSS 6.01212e-09
34.5 RSS 1.08254e-09
34.5023 RSS 6.01212e-09
34.6 RSS 1.08254e-09
34.6023 RSS 6.01212e-09
34.7 RSS 1.08254e-09
34.7023 RSS 6.01212e-09
34.8 RSS 1.08254e-09
34.8023 RSS 6.01212e-09
34.9 RSS 1.08254e-09
34.9023 RSS 6.01212e-09
35 RSS 1.08254e-09
35.0023 RSS 6.01212e-09
35.1 RSS 1.08254e-09
35.1023 RSS 6.01212e-09
35.2 RSS 1.08254e-09
35.2023 RSS 6.01212e-09
35.3 RSS 1.08254e-09
35.3023 RSS 6.01212e-09
35.4 RSS 1.08254e-09
35.4023 RSS 6.01212e-09
35.5 RSS 1.08254e-09
35.5023 RSS 6.01212e-09
35.6 RSS 1.08254e-09
35.6023 RSS 6.01212e-09
35.7 RSS 1.08254e-09
35.7023 RSS 6.01212e-09
35.8 RSS 1.08254e-09
35.8023 RSS 6.01212e-09
35.9 RSS 1.08254e-09
35.9023 RSS 6.01212e-09
36 RSS 1.08254e-09
36.0023 RSS 6.01212e-09
36.1 RSS 1.08254e-09
36.1023 RSS 6.01212e-09
36.2 RSS 1.08254e-09
36.2023 RSS 6.01212e-09
36.3 RSS 1.08254e-09
36.3023 RSS 6.01212e-09
36.4 RSS 1.08254e-09
36.4023 RSS 6.01212e-09
36.5 RSS 1.08254e-09
36.5023 RSS 6.01212e-09
36.6 RSS 1.08254e-09
36.6023 RSS 6.01212e-09
36.7 RSS 1.08254e-09
36.7023 RSS 6.01212e-09
36.8 RSS 1.08254e-09
36.8023 RSS 6.01212e-09
36.9 RSS 1.08254e-09
36.9023 RSS 6.01212e-09
37 RSS 1.08254e-09
37.0023 RSS 6.01212e-09
37.1 RSS 1.08254e-09
37.1023 RSS 6.01212e-09
37.2 RSS 1.08254e-09
37.2023 RSS 6.01212e-09
37.3 RSS 1.08254e-09
37.3023 RSS 6.01212e-09
37.4 RSS 1.08254e-09
37.4023 RSS 6.01212e-09
37.5 RSS 1.08254e-09
37.5023 RSS 6.01212e-09
37.6 RSS 1.08254e-09
37.6023 RSS 6.01212e-09
37.7 RSS 1.08254e-09
37.7023 RSS 6.01212e-09
37.8 RSS 1.08254e-09
37.8023 RSS 6.01212e-09
37.9 RSS 1.08254e-09
37.9023 RSS 6.01212e-09
38 RSS 1.08254e-09
38.0023 RSS 6.01212e-09
38.1 RSS 1.08254e-09
38.1023 RSS 6.01212e-09
38.2 RSS 1.08254e-09
38.2023 RSS 6.01212e-09
38.3 RSS 1.08254e-09
38.3023 RSS 6.01212e-09
38.4 RSS 1.08254e-09
38.4023 RSS 6.01212e-09
38.5 RSS 1.08254e-09
38.5023 RSS 6.01212e-09
38.6 RSS 1.08254e-09
38.6023 RSS 6.01212e-09
38.7 RSS 1.08254e-09
38.7023 RSS 6.01212e-09
38.8 RSS 1.08254e-09
38.8023 RSS 6.01212e-09
38.9 RSS 1.08254e-09
38.9023 RSS 6.01212e-09
39 RSS 1.08254e-09
39.0023 RSS 6.01212e-09
39.1 RSS 1.08254e-09
39.1023 RSS 6.01212e-09
39.2 RSS 1.08254e-09
39.2023 RSS 6.01212e-09
39.3 RSS 1.08254e-09
39.3023 RSS 6.01212e-09
39.4 RSS 1.08254e-09
39.4023 RSS 6.01212e-09
39.5 RSS 1.08254e-09
39.5023 RSS 6.01212e-09
39.6 RSS 1.08254e-09
39.6023 RSS 6.01212e-09
39.7 RSS 1.08254e-09
39.7023 RSS 6.01212e-09
39.8 RSS 1.08254e-09
39.8023 RSS 6.01212e-09
39.9 RSS 1.08254e-09
39.9023 RSS 6.01212e-09
40 RSS 1.08254e-09
40.0023 RSS 6.01212e-09
40.1 RSS 1.08254e-09
40.1023 RSS 6.01212e-09
40.2 RSS 1.08254e-09
40.2023 RSS 6.01212e-09
40.3 RSS 1.08254e-09
40.3023 RSS 6.01212e-09
40.4 RSS 1.08254e-09
40.4023 RSS 6.01212e-09
40.5 RSS 1.08254e-09
40.5023 RSS 6.01212e-09
40.6 RSS 1.08254e-09
40.6023 RSS 6.01212e-09
40.7 RSS 1.08254e-09
40.7023 RSS 6.01212e-09
40.8 RSS 1.08254e-09
40.8023 RSS 6.01212e-09
40.9 RSS 1.08254e-09
40.9023 RSS 6.01212e-09
41 RSS 1.08254e-09
41.0023 RSS 6.01212e-09
41.1 RSS 1.08254e-09
41.1023 RSS 6.01212e-09
41.2 RSS 1.08254e-09
41.2023 RSS 6.01212e-09
41.3 RSS 1.08254e-09
41.3023 RSS 6.01212e-09
41.4 RSS 1.08254e-09
41.4023 RSS 6.01212e-09
41.5 RSS 1.08254e-09
41.5023 RSS 6.01212e-09
41.6 RSS 1.08254e-09
41.6023 RSS 6.01212e-09
41.7 RSS 1.08254e-09
41.7023 RSS 6.01212e-09
41.8 RSS 1.08254e-09
41.8023 RSS 6.01212e-09
41.9 RSS 1.08254e-09
41.9023 RSS 6.01212e-09
42 RSS 1.08254e-09
42.0023 RSS 6.01212e-09
42.1 RSS 1.08254e-09
42.1023 RSS 6.01212e-09
42.2 RSS 1.08254e-09
42.2023 RSS 6.01212e-09
42.3 RSS 1.08254e-09
42.3023 RSS 6.01212e-09
42.4 RSS 1.08254e-09
42.4023 RSS 6.01212e-09
42.5 RSS 1.08254e-09
42.5023 RSS 6.01212e-09
42.6 RSS 1.08254e-09
42.6023 RSS 6.01212e-09
42.7 RSS 1.08254e-09
42.7023 RSS 6.01212e-09
42.8 RSS 1.08254e-09
42.8023 RSS 6.01212e-09
42.9 RSS 1.08254e-09
42.9023 RSS 6.01212e-09
43 RSS 1.08254e-09
43.0023 RSS 6.01212e-09
43.1 RSS 1.08254e-09
43.1023 RSS 6.01212e-09
43.2 RSS 1.08254e-09
43.2023 RSS 6.01212e-09
43.3 RSS 1.08254e-09
43.3023 RSS 6.01212e-09
43.4 RSS 1.08254e-09
43.4023 RSS 6.01212e-09
43.5 RSS 1.08254e-09
43.5023 RSS 6.01212e-09
43.6 RSS 1.08254e-09
43.6023 RSS 6.01212e-09
43.7 RSS 1.08254e-09
43.7023 RSS 6.01212e-09
43.8 RSS 1.08254e-09
43.8023 RSS 6.01212e-09
43.9 RSS 1.08254e-09
43.9023 RSS 6.01212e-09
44 RSS 1.08254e-09
44.0023 RSS 6.01212e-09
44.1 RSS 1.08254e-09
44.1023 RSS 6.01212e-09
44.2 RSS 1.08254e-09
44.2023 RSS 6.01212e-09
44.3 RSS 1.08254e-09
44.3023 RSS 6.01212e-09
44.4 RSS 1.08254e-09
44.4023 RSS 6.01212e-09
44.5 RSS 1.08254e-09
44.5023 RSS 6.01212e-09
44.6 RSS 1.08254e-09
44.6023 RSS 6.01212e-09
44.7 RSS 1.08254e-09
44.7023 RSS 6.01212e-09
44.8 RSS 1.08254e-09
44.8023 RSS 6.01212e-09
44.9 RSS 1.08254e-09
44.9023 RSS 6.01212e-09
45 RSS 1.08254e-09
45.0023 RSS 6.01212e-09
45.1 RSS 1.08254e-09
45.1023 RSS 6.01212e-09
45.2 RSS 1.08254e-09
45.2023 RSS 6.01212e-09
45.3 RSS 1.08254e-09
45.3023 RSS 6.01212e-09
45.4 RSS 1.08254e-09
45.4023 RSS 6.01212e-09
45.5 RSS 1.08254e-09
45.5023 RSS 6.01212e-09
45.6 RSS 1.08254e-09
45.6023 RSS 6.01212e-09
45.7 RSS 1.08254e-09
45.7023 RSS 6.01212e-09
45.8 RSS 1.08254e-09
45.8023 RSS 6.01212e-09
45.9 RSS 1.08254e-09
45.9023 RSS 6.01212e-09
46 RSS 1.08254e-09
46.0023 RSS 6.01212e-09
46.1 RSS 1.08254e-09
46.1023 RSS 6.01212e-09
46.2 RSS 1.08254e-09
46.2023 RSS 6.01212e-09
46.3 RSS 1.08254e-09
46.3023 RSS 6.01212e-09
46.4 RSS 1.08254e-09
46.4023 RSS 6.01212e-09
46.5 RSS 1.08254e-09
46.5023 RSS 6.01212e-09
46.6 RSS 1.08254e-09
46.6023 RSS 6.01212e-09
46.7 RSS 1.08254e-09
46.7023 RSS 6.01212e-09
46.8 RSS 1.08254e-09
46.8023 RSS 6.01212e-09
46.9 RSS 1.08254e-09
46.9023 RSS 6.01212e-09
47 RSS 1.08254e-09
47.0023 RSS 6.01212e-09
47.1 RSS 1.08254e-09
47.1023 RSS 6.01212e-09
47.2 RSS 1.08254e-09
47.2023 RSS 6.01212e-09
47.3 RSS 1.08254e-09
47.3023 RSS 6.01212e-09
47.4 RSS 1.08254e-09
47.4023 RSS 6.01212e-09
47.5 RSS 1.08254e-09
47.5023 RSS 6.01212e-09
47.6 RSS 1.08254e-09
47.6023 RSS 6.01212e-09
47.7 RSS 1.08254e-09
47.7023 RSS 6.01212e-09
47.8 RSS 1.08254e-09
47.8023 RSS 6.01212e-09
47.9 RSS 1.08254e-09
47.9023 RSS 6.01212e-09
48 RSS 1.08254e-09
48.0023 RSS 6.01212e-09
48.1 RSS 1.08254e-09
48.1023 RSS 6.01212e-09
48.2 RSS 1.08254e-09
48.2023 RSS 6.01212e-09
48.3 RSS 1.08254e-09
48.3023 RSS 6.01212e-09
48.4 RSS 1.08254e-09
48.4023 RSS 6.01212e-09
48.5 RSS 1.08254e-09
48.5023 RSS 6.01212e-09
48.6 RSS 1.08254e-09
48.6023 RSS 6.01212e-09
48.7 RSS 1.08254e-09
48.7023 RSS 6.01212e-09
48.8 RSS 1.08254e-09
48.8023 RSS 6.01212e-09
48.9 RSS 1.08254e-09
48.9023 RSS 6.01212e-09
49 RSS 1.08254e-09
49.0023 RSS 6.01212e-09
49.1 RSS 1.08254e-09
49.1023 RSS 6.01212e-09
49.2 RSS 1.08254e-09
49.2023 RSS 6.01212e-09
49.3 RSS 1.08254e-09
49.3023 RSS 6.01212e-09
49.4 RSS 1.08254e-09
49.4023 RSS 6.01212e-09
49.5 RSS 1.08254e-09
49.5023 RSS 6.01212e-09
49.6 RSS 1.08254e-09
49.6023 RSS 6.01212e-09
49.7 RSS 1.08254e-09
49.7023 RSS 6.01212e-09
49.8 RSS 1.08254e-09
49.8023 RSS 6.01212e-09
49.9 RSS 1.08254e-09
49.9023 RSS 6.01212e-09
50 RSS 1.08254e-09
50.0023 RSS 6.01212e-09
50.1 RSS 1.08254e-09
50.1023 RSS 6.01212e-09
50.2 RSS 1.08254e-09
50.2023 RSS 6.01212e-09
50.3 RSS 1.08254e-09
50.3023 RSS 6.01212e-09
50.4 RSS 1.08254e-09
50.4023 RSS 6.01212e-09
50.5 RSS 1.08254e-09
50.5023 RSS 6.01212e-09
50.6 RSS 1.08254e-09
50.6023 RSS 6.01212e-09
50.7 RSS 1.08254e-09
50.7023 RSS 6.01212e-09
50.8 RSS 1.08254e-09
50.8023 RSS 6.01212e-09
50.9 RSS 1.08254e-09
50.9023 RSS 6.01212e-09
51 RSS 1.08254e-09
51.0023 RSS 6.01212e-09
51.1 RSS 1.08254e-09
51.1023 RSS 6.01212e-09
51.2 RSS 1.08254e-09
51.2023 RSS 6.01212e-09
51.3 RSS 1.08254e-09
51.3023 RSS 6.01212e-09
51.4 RSS 1.08254e-09
51.4023 RSS 6.01212e-09
51.5 RSS 1.08254e-09
51.5023 RSS 6.01212e-09
51.6 RSS 1.08254e-09
51.6023 RSS 6.01212e-09
51.7 RSS 1.08254e-09
51.7023 RSS 6.01212e-09
51.8 RSS 1.08254e-09
51.8023 RSS 6.01212e-09
51.9 RSS 1.08254e-09
51.9023 RSS 6.01212e-09
52 RSS 1.08254e-09
52.0023 RSS 6.01212e-09
52.1 RSS 1.08254e-09
52.1023 RSS 6.01212e-09
52.2 RSS 1.08254e-09
52.2023 RSS 6.01212e-09
52.3 RSS 1.08254e-09
52.3023 RSS 6.01212e-09
52.4 RSS 1.08254e-09
52.4023 RSS 6.01212e-09
52.5 RSS 1.08254e-09
52.5023 RSS 6.01212e-09
52.6 RSS 1.08254e-09
52.6023 RSS 6.01212e-09
52.7 RSS 1.08254e-09
52.7023 RSS 6.01212e-09
52.8 RSS 1.08254e-09
52.8023 RSS 6.01212e-09
52.9 RSS 1.08254e-09
52.9023 RSS 6.01212e-09
53 RSS 1.08254e-09
53.0023 RSS 6.01212e-09
53.1 RSS 1.08254e-09
53.1023 RSS 6.01212e-09
53.2 RSS 1.08254e-09
53.2023 RSS 6.01212e-09
53.3 RSS 1.08254e-09
53.3023 RSS 6.01212e-09
53.4 RSS 1.08254e-09
53.4023 RSS 6.01212e-09
53.5 RSS 1.08254e-09
53.5023 RSS 6.01212e-09
53.6 RSS 1.08254e-09
53.6023 RSS 6.01212e-09
53.7 RSS 1.08254e-09
53.7023 RSS 6.01212e-09
53.8 RSS 1.08254e-09
53.8023 RSS 6.01212e-09
53.9 RSS 1.08254e-09
53.9023 RSS 6.01212e-09
54 RSS 1.08254e-09
54.0023 RSS 6.01212e-09
54.1 RSS 1.08254e-09
54.1023 RSS 6.01212e-09
54.2 RSS 1.08254e-09
54.2023 RSS 6.01212e-09
54.3 RSS 1.08254e-09
54.3023 RSS 6.01212e-09
54.4 RSS 1.08254e-09
54.4023 RSS 6.01212e-09
54.5 RSS 1.08254e-09
54.5023 RSS 6.01212e-09
54.6 RSS 1.08254e-09
54.6023 RSS 6.01212e-09
54.7 RSS 1.08254e-09
54.7023 RSS 6.01212e-09
54.8 RSS 1.08254e-09
54.8023 RSS 6.01212e-09
54.9 RSS 1.08254e-09
54.9023 RSS 6.01212e-09
55 RSS 1.08254e-09
55.0023 RSS 6.01212e-09
55.1 RSS 1.08254e-09
55.1023 RSS 6.01212e-09
55.2 RSS 1.08254e-09
55.2023 RSS 6.01212e-09
55.3 RSS 1.08254e-09
55.3023 RSS 6.01212e-09
55.4 RSS 1.08254e-09
55.4023 RSS 6.01212e-09
55.5 RSS 1.08254e-09
55.5023 RSS 6.01212e-09
55.6 RSS 1.08254e-09
55.6023 RSS 6.01212e-09
55.7 RSS 1.08254e-09
55.7023 RSS 6.01212e-09
55.8 RSS 1.08254e-09
55.8023 RSS 6.01212e-09
55.9 RSS 1.08254e-09
55.9023 RSS 6.01212e-09
56 RSS 1.08254e-09
56.0023 RSS 6.01212e-09
56.1 RSS 1.08254e-09
56.1023 RSS 6.01212e-09
56.2 RSS 1.08254e-09
56.2023 RSS 6.01212e-09
56.3 RSS 1.08254e-09
56.3023 RSS 6.01212e-09
56.4 RSS 1.08254e-09
56.4023 RSS 6.01212e-09
56.5 RSS 1.08254e-09
56.5023 RSS 6.01212e-09
56.6 RSS 1.08254e-09
56.6023 RSS 6.01212e-09
56.7 RSS 1.08254e-09
56.7023 RSS 6.01212e-09
56.8 RSS 1.08254e-09
56.8023 RSS 6.01212e-09
56.9 RSS 1.08254e-09
56.9023 RSS 6.01212e-09
57 RSS 1.08254e-09
57.0023 RSS 6.01212e-09
57.1 RSS 1.08254e-09
57.1023 RSS 6.01212e-09
57.2 RSS 1.08254e-09
57.2023 RSS 6.01212e-09
57.3 RSS 1.08254e-09
57.3023 RSS 6.01212e-09
57.4 RSS 1.08254e-09
57.4023 RSS 6.01212e-09
57.5 RSS 1.08254e-09
57.5023 RSS 6.01212e-09
57.6 RSS 1.08254e-09
57.6023 RSS 6.01212e-09
57.7 RSS 1.08254e-09
57.7023 RSS 6.01212e-09
57.8 RSS 1.08254e-09
57.8023 RSS 6.01212e-09
57.9 RSS 1.08254e-09
57.9023 RSS 6.01212e-09
58 RSS 1.08254e-09
58.0023 RSS 6.01212e-09
58.1 RSS 1.08254e-09
58.1023 RSS 6.01212e-09
58.2 RSS 1.08254e-09
58.2023 RSS 6.01212e-09
58.3 RSS 1.08254e-09
58.3023 RSS 6.01212e-09
58.4 RSS 1.08254e-09
58.4023 RSS 6.01212e-09
58.5 RSS 1.08254e-09
58.5023 RSS 6.01212e-09
58.6 RSS 1.08254e-09
58.6023 RSS 6.01212e-09
58.7 RSS 1.08254e-09
58.7023 RSS 6.01212e-09
58.8 RSS 1.08254e-09
58.8023 RSS 6.01212e-09
58.9 RSS 1.08254e-09
58.9023 RSS 6.01212e-09
59 RSS 1.08254e-09
59.0023 RSS 6.01212e-09
59.1 RSS 1.08254e-09
59.1023 RSS 6.01212e-09
59.2 RSS 1.08254e-09
59.2023 RSS 6.01212e-09
59.3 RSS 1.08254e-09
59.3023 RSS 6.01212e-09
59.4 RSS 1.08254e-09
59.4023 RSS 6.01212e-09
59.5 RSS 1.08254e-09
59.5023 RSS 6.01212e-09
59.6 RSS 1.08254e-09
59.6023 RSS 6.01212e-09
59.7 RSS 1.08254e-09
59.7023 RSS 6.01212e-09
59.8 RSS 1.08254e-09
59.8023 RSS 6.01212e-09
59.9 RSS 1.08254e-09
59.9023 RSS 6.01212e-09
Actual PDR = 0
Actual RSS = 6.01212e-09
Actual Average Packet RSS = 6.10339e-09
