0 RSS 4.41361e-13
0.000570299 RSS 1.38006e-11
0.0028743 RSS 4.41361e-13
0.0028743 PRSS 6.68189e-11
0.102874 RSS 5.34596e-11
1 RSS 1.38006e-11
1.0023 RSS 4.41361e-13
1.0023 PRSS 6.68189e-11
1.1023 RSS 5.34596e-11
2 RSS 1.38006e-11
2.0023 RSS 4.41361e-13
2.0023 PRSS 6.68189e-11
2.1023 RSS 5.34596e-11
3 RSS 1.38006e-11
3.0023 RSS 4.41361e-13
3.1023 RSS 5.34596e-11
4 RSS 1.38006e-11
4.0023 RSS 4.41361e-13
4.1023 RSS 5.34596e-11
5 RSS 1.38006e-11
5.0023 RSS 4.41361e-13
5.1023 RSS 5.34596e-11
6 RSS 1.38006e-11
6.0023 RSS 4.41361e-13
6.1023 RSS 5.34596e-11
7 RSS 1.38006e-11
7.0023 RSS 4.41361e-13
7.1023 RSS 5.34596e-11
8 RSS 1.38006e-11
8.0023 RSS 4.41361e-13
8.1023 RSS 5.34596e-11
9 RSS 1.38006e-11
9.0023 RSS 4.41361e-13
9.1023 RSS 5.34596e-11
10 RSS 1.38006e-11
10.0023 RSS 4.41361e-13
10.1023 RSS 5.34596e-11
11 RSS 1.38006e-11
11.0023 RSS 4.41361e-13
11.0023 PRSS 6.68189e-11
11.1023 RSS 5.34596e-11
12 RSS 1.38006e-11
12.0023 RSS 4.41361e-13
12.0023 PRSS 6.68189e-11
12.1023 RSS 5.34596e-11
13 RSS 1.38006e-11
13.0023 RSS 4.41361e-13
13.1023 RSS 5.34596e-11
14 RSS 1.38006e-11
14.0023 RSS 4.41361e-13
14.1023 RSS 5.34596e-11
15 RSS 1.38006e-11
15.0023 RSS 4.41361e-13
15.1023 RSS 5.34596e-11
16 RSS 1.38006e-11
16.0023 RSS 4.41361e-13
16.1023 RSS 5.34596e-11
17 RSS 1.38006e-11
17.0023 RSS 4.41361e-13
17.1023 RSS 5.34596e-11
18 RSS 1.38006e-11
18.0023 RSS 4.41361e-13
18.1023 RSS 5.34596e-11
19 RSS 1.38006e-11
19.0023 RSS 4.41361e-13
19.1023 RSS 5.34596e-11
20 RSS 1.38006e-11
20.0023 RSS 4.41361e-13
20.1023 RSS 5.34596e-11
21 RSS 1.38006e-11
21.0023 RSS 4.41361e-13
21.0023 PRSS 6.68189e-11
21.1023 RSS 5.34596e-11
22 RSS 1.38006e-11
22.0023 RSS 4.41361e-13
22.0023 PRSS 6.68189e-11
22.1023 RSS 5.34596e-11
23 RSS 1.38006e-11
23.0023 RSS 4.41361e-13
23.1023 RSS 5.34596e-11
24 RSS 1.38006e-11
24.0023 RSS 4.41361e-13
24.1023 RSS 5.34596e-11
25 RSS 1.38006e-11
25.0023 RSS 4.41361e-13
25.1023 RSS 5.34596e-11
26 RSS 1.38006e-11
26.0023 RSS 4.41361e-13
26.1023 RSS 5.34596e-11
27 RSS 1.38006e-11
27.0023 RSS 4.41361e-13
27.1023 RSS 5.34596e-11
28 RSS 1.38006e-11
28.0023 RSS 4.41361e-13
28.0023 PRSS 6.68189e-11
28.1023 RSS 5.34596e-11
29 RSS 1.38006e-11
29.0023 RSS 4.41361e-13
29.0023 PRSS 6.68189e-11
29.1023 RSS 5.34596e-11
30 RSS 1.38006e-11
30.0023 RSS 4.41361e-13
30.1023 RSS 5.34596e-11
31 RSS 1.38006e-11
31.0023 RSS 4.41361e-13
31.1023 RSS 5.34596e-11
32 RSS 1.38006e-11
32.0023 RSS 4.41361e-13
32.1023 RSS 5.34596e-11
33 RSS 1.38006e-11
33.0023 RSS 4.41361e-13
33.1023 RSS 5.34596e-11
34 RSS 1.38006e-11
34.0023 RSS 4.41361e-13
34.1023 RSS 5.34596e-11
35 RSS 1.38006e-11
35.0023 RSS 4.41361e-13
35.1023 RSS 5.34596e-11
36 RSS 1.38006e-11
36.0023 RSS 4.41361e-13
36.1023 RSS 5.34596e-11
37 RSS 1.38006e-11
37.0023 RSS 4.41361e-13
37.1023 RSS 5.34596e-11
38 RSS 1.38006e-11
38.0023 RSS 4.41361e-13
38.1023 RSS 5.34596e-11
39 RSS 1.38006e-11
39.0023 RSS 4.41361e-13
39.0023 PRSS 6.68189e-11
39.1023 RSS 5.34596e-11
40 RSS 1.38006e-11
40.0023 RSS 4.41361e-13
40.0023 PRSS 6.68189e-11
40.1023 RSS 5.34596e-11
41 RSS 1.38006e-11
41.0023 RSS 4.41361e-13
41.0023 PRSS 6.68189e-11
41.1023 RSS 5.34596e-11
42 RSS 1.38006e-11
42.0023 RSS 4.41361e-13
42.0023 PRSS 6.68189e-11
42.1023 RSS 5.34596e-11
43 RSS 1.38006e-11
43.0023 RSS 4.41361e-13
43.1023 RSS 5.34596e-11
44 RSS 1.38006e-11
44.0023 RSS 4.41361e-13
44.0023 PRSS 6.68189e-11
44.1023 RSS 5.34596e-11
45 RSS 1.38006e-11
45.0023 RSS 4.41361e-13
45.0023 PRSS 6.68189e-11
45.1023 RSS 5.34596e-11
46 RSS 1.38006e-11
46.0023 RSS 4.41361e-13
46.1023 RSS 5.34596e-11
47 RSS 1.38006e-11
47.0023 RSS 4.41361e-13
--
Received one packet! Socket: 10.1.1.1 port: 49153 at time = 47.0023
--
47.1023 RSS 5.34596e-11
48 RSS 1.38006e-11
48.0023 RSS 4.41361e-13
48.1023 RSS 5.34596e-11
49 RSS 1.38006e-11
49.0023 RSS 4.41361e-13
49.1023 RSS 5.34596e-11
50 RSS 1.38006e-11
50.0023 RSS 4.41361e-13
50.1023 RSS 5.34596e-11
51 RSS 1.38006e-11
51.0023 RSS 4.41361e-13
51.1023 RSS 5.34596e-11
52 RSS 1.38006e-11
52.0023 RSS 4.41361e-13
52.1023 RSS 5.34596e-11
53 RSS 1.38006e-11
53.0023 RSS 4.41361e-13
53.1023 RSS 5.34596e-11
54 RSS 1.38006e-11
54.0023 RSS 4.41361e-13
54.0023 PRSS 6.68189e-11
54.1023 RSS 5.34596e-11
55 RSS 1.38006e-11
55.0023 RSS 4.41361e-13
55.0023 PRSS 6.68189e-11
55.1023 RSS 5.34596e-11
56 RSS 1.38006e-11
56.0023 RSS 4.41361e-13
56.1023 RSS 5.34596e-11
57 RSS 1.38006e-11
57.0023 RSS 4.41361e-13
--
Received one packet! Socket: 10.1.1.1 port: 49153 at time = 57.0023
--
57.1023 RSS 5.34596e-11
58 RSS 1.38006e-11
58.0023 RSS 4.41361e-13
58.1023 RSS 5.34596e-11
59 RSS 1.38006e-11
59.0023 RSS 4.41361e-13
59.1023 RSS 5.34596e-11
Actual PDR = 0.05
Actual RSS = 5.34596e-11
Actual Average Packet RSS = 6.68189e-11
