0 RSS 4.41361e-13
0.000570866 RSS 2.0421e-12
0.00287487 RSS 4.41361e-13
0.00287487 PRSS 8.42657e-12
0.102875 RSS 6.82582e-12
1 RSS 2.0421e-12
1.0023 RSS 4.41361e-13
1.1023 RSS 6.82582e-12
2 RSS 2.0421e-12
2.0023 RSS 4.41361e-13
2.1023 RSS 6.82582e-12
3 RSS 2.0421e-12
3.0023 RSS 4.41361e-13
3.0023 PRSS 8.42657e-12
3.1023 RSS 6.82582e-12
4 RSS 2.0421e-12
4.0023 RSS 4.41361e-13
4.0023 PRSS 8.42657e-12
4.1023 RSS 6.82582e-12
5 RSS 2.0421e-12
5.0023 RSS 4.41361e-13
5.1023 RSS 6.82582e-12
6 RSS 2.0421e-12
6.0023 RSS 4.41361e-13
6.0023 PRSS 8.42657e-12
6.1023 RSS 6.82582e-12
7 RSS 2.0421e-12
7.0023 RSS 4.41361e-13
7.0023 PRSS 8.42657e-12
7.1023 RSS 6.82582e-12
8 RSS 2.0421e-12
8.0023 RSS 4.41361e-13
8.0023 PRSS 8.42657e-12
8.1023 RSS 6.82582e-12
9 RSS 2.0421e-12
9.0023 RSS 4.41361e-13
9.0023 PRSS 8.42657e-12
9.1023 RSS 6.82582e-12
10 RSS 2.0421e-12
10.0023 RSS 4.41361e-13
10.1023 RSS 6.82582e-12
11 RSS 2.0421e-12
11.0023 RSS 4.41361e-13
11.0023 PRSS 8.42657e-12
11.1023 RSS 6.82582e-12
12 RSS 2.0421e-12
12.0023 RSS 4.41361e-13
12.0023 PRSS 8.42657e-12
12.1023 RSS 6.82582e-12
13 RSS 2.0421e-12
13.0023 RSS 4.41361e-13
13.0023 PRSS 8.42657e-12
13.1023 RSS 6.82582e-12
14 RSS 2.0421e-12
14.0023 RSS 4.41361e-13
14.0023 PRSS 8.42657e-12
14.1023 RSS 6.82582e-12
15 RSS 2.0421e-12
15.0023 RSS 4.41361e-13
15.1023 RSS 6.82582e-12
16 RSS 2.0421e-12
16.0023 RSS 4.41361e-13
16.0023 PRSS 8.42657e-12
16.1023 RSS 6.82582e-12
17 RSS 2.0421e-12
17.0023 RSS 4.41361e-13
17.0023 PRSS 8.42657e-12
17.1023 RSS 6.82582e-12
18 RSS 2.0421e-12
18.0023 RSS 4.41361e-13
18.0023 PRSS 8.42657e-12
18.1023 RSS 6.82582e-12
19 RSS 2.0421e-12
19.0023 RSS 4.41361e-13
19.0023 PRSS 8.42657e-12
19.1023 RSS 6.82582e-12
20 RSS 2.0421e-12
20.0023 RSS 4.41361e-13
20.1023 RSS 6.82582e-12
21 RSS 2.0421e-12
21.0023 RSS 4.41361e-13
21.0023 PRSS 8.42657e-12
21.1023 RSS 6.82582e-12
22 RSS 2.0421e-12
22.0023 RSS 4.41361e-13
22.0023 PRSS 8.42657e-12
22.1023 RSS 6.82582e-12
23 RSS 2.0421e-12
23.0023 RSS 4.41361e-13
23.1023 RSS 6.82582e-12
24 RSS 2.0421e-12
24.0023 RSS 4.41361e-13
24.1023 RSS 6.82582e-12
25 RSS 2.0421e-12
25.0023 RSS 4.41361e-13
25.1023 RSS 6.82582e-12
26 RSS 2.0421e-12
26.0023 RSS 4.41361e-13
26.0023 PRSS 8.42657e-12
26.1023 RSS 6.82582e-12
27 RSS 2.0421e-12
27.0023 RSS 4.41361e-13
27.0023 PRSS 8.42657e-12
27.1023 RSS 6.82582e-12
28 RSS 2.0421e-12
28.0023 RSS 4.41361e-13
28.0023 PRSS 8.42657e-12
28.1023 RSS 6.82582e-12
29 RSS 2.0421e-12
29.0023 RSS 4.41361e-13
29.0023 PRSS 8.42657e-12
29.1023 RSS 6.82582e-12
30 RSS 2.0421e-12
30.0023 RSS 4.41361e-13
30.1023 RSS 6.82582e-12
31 RSS 2.0421e-12
31.0023 RSS 4.41361e-13
31.0023 PRSS 8.42657e-12
31.1023 RSS 6.82582e-12
32 RSS 2.0421e-12
32.0023 RSS 4.41361e-13
32.0023 PRSS 8.42657e-12
32.1023 RSS 6.82582e-12
33 RSS 2.0421e-12
33.0023 RSS 4.41361e-13
33.0023 PRSS 8.42657e-12
33.1023 RSS 6.82582e-12
34 RSS 2.0421e-12
34.0023 RSS 4.41361e-13
34.0023 PRSS 8.42657e-12
34.1023 RSS 6.82582e-12
35 RSS 2.0421e-12
35.0023 RSS 4.41361e-13
35.1023 RSS 6.82582e-12
36 RSS 2.0421e-12
36.0023 RSS 4.41361e-13
36.1023 RSS 6.82582e-12
37 RSS 2.0421e-12
37.0023 RSS 4.41361e-13
37.1023 RSS 6.82582e-12
38 RSS 2.0421e-12
38.0023 RSS 4.41361e-13
38.0023 PRSS 8.42657e-12
38.1023 RSS 6.82582e-12
39 RSS 2.0421e-12
39.0023 RSS 4.41361e-13
39.1023 RSS 6.82582e-12
40 RSS 2.0421e-12
40.0023 RSS 4.41361e-13
40.0023 PRSS 8.42657e-12
40.1023 RSS 6.82582e-12
41 RSS 2.0421e-12
41.0023 RSS 4.41361e-13
41.0023 PRSS 8.42657e-12
41.1023 RSS 6.82582e-12
42 RSS 2.0421e-12
42.0023 RSS 4.41361e-13
42.0023 PRSS 8.42657e-12
42.1023 RSS 6.82582e-12
43 RSS 2.0421e-12
43.0023 RSS 4.41361e-13
43.1023 RSS 6.82582e-12
44 RSS 2.0421e-12
44.0023 RSS 4.41361e-13
44.1023 RSS 6.82582e-12
45 RSS 2.0421e-12
45.0023 RSS 4.41361e-13
45.1023 RSS 6.82582e-12
46 RSS 2.0421e-12
46.0023 RSS 4.41361e-13
46.0023 PRSS 8.42657e-12
46.1023 RSS 6.82582e-12
47 RSS 2.0421e-12
47.0023 RSS 4.41361e-13
47.0023 PRSS 8.42657e-12
47.1023 RSS 6.82582e-12
48 RSS 2.0421e-12
48.0023 RSS 4.41361e-13
48.1023 RSS 6.82582e-12
49 RSS 2.0421e-12
49.0023 RSS 4.41361e-13
49.1023 RSS 6.82582e-12
50 RSS 2.0421e-12
50.0023 RSS 4.41361e-13
50.1023 RSS 6.82582e-12
51 RSS 2.0421e-12
51.0023 RSS 4.41361e-13
51.0023 PRSS 8.42657e-12
51.1023 RSS 6.82582e-12
52 RSS 2.0421e-12
52.0023 RSS 4.41361e-13
52.0023 PRSS 8.42657e-12
52.1023 RSS 6.82582e-12
53 RSS 2.0421e-12
53.0023 RSS 4.41361e-13
53.1023 RSS 6.82582e-12
54 RSS 2.0421e-12
54.0023 RSS 4.41361e-13
54.1023 RSS 6.82582e-12
55 RSS 2.0421e-12
55.0023 RSS 4.41361e-13
55.1023 RSS 6.82582e-12
56 RSS 2.0421e-12
56.0023 RSS 4.41361e-13
56.1023 RSS 6.82582e-12
57 RSS 2.0421e-12
57.0023 RSS 4.41361e-13
57.1023 RSS 6.82582e-12
58 RSS 2.0421e-12
58.0023 RSS 4.41361e-13
58.1023 RSS 6.82582e-12
59 RSS 2.0421e-12
59.0023 RSS 4.41361e-13
59.0023 PRSS 8.42657e-12
59.1023 RSS 6.82582e-12
Actual PDR = 0
Actual RSS = 6.82582e-12
Actual Average Packet RSS = 8.42657e-12
