0 RSS 4.41361e-13
0.000570066 RSS 2.70967e-10
0.00287407 RSS 4.41361e-13
0.00287407 PRSS 1.20381e-09
0.102874 RSS 9.33288e-10
1 RSS 2.70967e-10
1.0023 RSS 4.41361e-13
1.1023 RSS 9.33288e-10
2 RSS 2.70967e-10
2.0023 RSS 4.41361e-13
2.1023 RSS 9.33288e-10
3 RSS 2.70967e-10
3.0023 RSS 4.41361e-13
3.0023 PRSS 1.20381e-09
3.1023 RSS 9.33288e-10
4 RSS 2.70967e-10
4.0023 RSS 4.41361e-13
4.0023 PRSS 1.20381e-09
4.1023 RSS 9.33288e-10
5 RSS 2.70967e-10
5.0023 RSS 4.41361e-13
5.1023 RSS 9.33288e-10
6 RSS 2.70967e-10
6.0023 RSS 4.41361e-13
6.0023 PRSS 1.20381e-09
6.1023 RSS 9.33288e-10
7 RSS 2.70967e-10
7.0023 RSS 4.41361e-13
7.0023 PRSS 1.20381e-09
7.1023 RSS 9.33288e-10
8 RSS 2.70967e-10
8.0023 RSS 4.41361e-13
8.0023 PRSS 1.20381e-09
8.1023 RSS 9.33288e-10
9 RSS 2.70967e-10
9.0023 RSS 4.41361e-13
9.0023 PRSS 1.20381e-09
--
Received one packet! Socket: 10.1.1.1 port: 49153 at time = 9.0023
--
9.1023 RSS 9.33288e-10
10 RSS 2.70967e-10
10.0023 RSS 4.41361e-13
10.1023 RSS 9.33288e-10
11 RSS 2.70967e-10
11.0023 RSS 4.41361e-13
11.0023 PRSS 1.20381e-09
--
Received one packet! Socket: 10.1.1.1 port: 49153 at time = 11.0023
--
11.1023 RSS 9.33288e-10
12 RSS 2.70967e-10
12.0023 RSS 4.41361e-13
12.0023 PRSS 1.20381e-09
12.1023 RSS 9.33288e-10
13 RSS 2.70967e-10
13.0023 RSS 4.41361e-13
13.0023 PRSS 1.20381e-09
13.1023 RSS 9.33288e-10
14 RSS 2.70967e-10
14.0023 RSS 4.41361e-13
14.0023 PRSS 1.20381e-09
14.1023 RSS 9.33288e-10
15 RSS 2.70967e-10
15.0023 RSS 4.41361e-13
15.1023 RSS 9.33288e-10
16 RSS 2.70967e-10
16.0023 RSS 4.41361e-13
16.0023 PRSS 1.20381e-09
16.1023 RSS 9.33288e-10
17 RSS 2.70967e-10
17.0023 RSS 4.41361e-13
17.0023 PRSS 1.20381e-09
--
Received one packet! Socket: 10.1.1.1 port: 49153 at time = 17.0023
--
17.1023 RSS 9.33288e-10
18 RSS 2.70967e-10
18.0023 RSS 4.41361e-13
18.0023 PRSS 1.20381e-09
18.1023 RSS 9.33288e-10
19 RSS 2.70967e-10
19.0023 RSS 4.41361e-13
19.0023 PRSS 1.20381e-09
19.1023 RSS 9.33288e-10
20 RSS 2.70967e-10
20.0023 RSS 4.41361e-13
20.1023 RSS 9.33288e-10
21 RSS 2.70967e-10
21.0023 RSS 4.41361e-13
21.0023 PRSS 1.20381e-09
21.1023 RSS 9.33288e-10
22 RSS 2.70967e-10
22.0023 RSS 4.41361e-13
22.0023 PRSS 1.20381e-09
22.1023 RSS 9.33288e-10
23 RSS 2.70967e-10
23.0023 RSS 4.41361e-13
--
Received one packet! Socket: 10.1.1.1 port: 49153 at time = 23.0023
--
23.1023 RSS 9.33288e-10
24 RSS 2.70967e-10
24.0023 RSS 4.41361e-13
24.1023 RSS 9.33288e-10
25 RSS 2.70967e-10
25.0023 RSS 4.41361e-13
25.1023 RSS 9.33288e-10
26 RSS 2.70967e-10
26.0023 RSS 4.41361e-13
26.0023 PRSS 1.20381e-09
26.1023 RSS 9.33288e-10
27 RSS 2.70967e-10
27.0023 RSS 4.41361e-13
27.0023 PRSS 1.20381e-09
27.1023 RSS 9.33288e-10
28 RSS 2.70967e-10
28.0023 RSS 4.41361e-13
28.0023 PRSS 1.20381e-09
28.1023 RSS 9.33288e-10
29 RSS 2.70967e-10
29.0023 RSS 4.41361e-13
29.0023 PRSS 1.20381e-09
29.1023 RSS 9.33288e-10
30 RSS 2.70967e-10
30.0023 RSS 4.41361e-13
30.1023 RSS 9.33288e-10
31 RSS 2.70967e-10
31.0023 RSS 4.41361e-13
31.1023 RSS 9.33288e-10
32 RSS 2.70967e-10
32.0023 RSS 4.41361e-13
32.1023 RSS 9.33288e-10
33 RSS 2.70967e-10
33.0023 RSS 4.41361e-13
33.0023 PRSS 1.20381e-09
33.1023 RSS 9.33288e-10
34 RSS 2.70967e-10
34.0023 RSS 4.41361e-13
34.0023 PRSS 1.20381e-09
--
Received one packet! Socket: 10.1.1.1 port: 49153 at time = 34.0023
--
34.1023 RSS 9.33288e-10
35 RSS 2.70967e-10
35.0023 RSS 4.41361e-13
35.1023 RSS 9.33288e-10
36 RSS 2.70967e-10
36.0023 RSS 4.41361e-13
36.0023 PRSS 1.20381e-09
36.1023 RSS 9.33288e-10
37 RSS 2.70967e-10
37.0023 RSS 4.41361e-13
37.0023 PRSS 1.20381e-09
37.1023 RSS 9.33288e-10
38 RSS 2.70967e-10
38.0023 RSS 4.41361e-13
38.0023 PRSS 1.20381e-09
38.1023 RSS 9.33288e-10
39 RSS 2.70967e-10
39.0023 RSS 4.41361e-13
39.1023 RSS 9.33288e-10
40 RSS 2.70967e-10
40.0023 RSS 4.41361e-13
40.0023 PRSS 1.20381e-09
40.1023 RSS 9.33288e-10
41 RSS 2.70967e-10
41.0023 RSS 4.41361e-13
41.0023 PRSS 1.20381e-09
41.1023 RSS 9.33288e-10
42 RSS 2.70967e-10
42.0023 RSS 4.41361e-13
42.0023 PRSS 1.20381e-09
42.1023 RSS 9.33288e-10
43 RSS 2.70967e-10
43.0023 RSS 4.41361e-13
43.1023 RSS 9.33288e-10
44 RSS 2.70967e-10
44.0023 RSS 4.41361e-13
44.0023 PRSS 1.20381e-09
44.1023 RSS 9.33288e-10
45 RSS 2.70967e-10
45.0023 RSS 4.41361e-13
45.0023 PRSS 1.20381e-09
45.1023 RSS 9.33288e-10
46 RSS 2.70967e-10
46.0023 RSS 4.41361e-13
46.0023 PRSS 1.20381e-09
46.1023 RSS 9.33288e-10
47 RSS 2.70967e-10
47.0023 RSS 4.41361e-13
47.0023 PRSS 1.20381e-09
--
Received one packet! Socket: 10.1.1.1 port: 49153 at time = 47.0023
--
47.1023 RSS 9.33288e-10
48 RSS 2.70967e-10
48.0023 RSS 4.41361e-13
48.1023 RSS 9.33288e-10
49 RSS 2.70967e-10
49.0023 RSS 4.41361e-13
49.0023 PRSS 1.20381e-09
49.1023 RSS 9.33288e-10
50 RSS 2.70967e-10
50.0023 RSS 4.41361e-13
50.0023 PRSS 1.20381e-09
50.1023 RSS 9.33288e-10
51 RSS 2.70967e-10
51.0023 RSS 4.41361e-13
51.0023 PRSS 1.20381e-09
51.1023 RSS 9.33288e-10
52 RSS 2.70967e-10
52.0023 RSS 4.41361e-13
52.0023 PRSS 1.20381e-09
52.1023 RSS 9.33288e-10
53 RSS 2.70967e-10
53.0023 RSS 4.41361e-13
--
Received one packet! Socket: 10.1.1.1 port: 49153 at time = 53.0023
--
53.1023 RSS 9.33288e-10
54 RSS 2.70967e-10
54.0023 RSS 4.41361e-13
54.0023 PRSS 1.20381e-09
54.1023 RSS 9.33288e-10
55 RSS 2.70967e-10
55.0023 RSS 4.41361e-13
55.0023 PRSS 1.20381e-09
55.1023 RSS 9.33288e-10
56 RSS 2.70967e-10
56.0023 RSS 4.41361e-13
56.0023 PRSS 1.20381e-09
56.1023 RSS 9.33288e-10
57 RSS 2.70967e-10
57.0023 RSS 4.41361e-13
57.0023 PRSS 1.20381e-09
--
Received one packet! Socket: 10.1.1.1 port: 49153 at time = 57.0023
--
57.1023 RSS 9.33288e-10
58 RSS 2.70967e-10
58.0023 RSS 4.41361e-13
58.1023 RSS 9.33288e-10
59 RSS 2.70967e-10
59.0023 RSS 4.41361e-13
59.0023 PRSS 1.20381e-09
59.1023 RSS 9.33288e-10
Actual PDR = 0.125
Actual RSS = 9.33288e-10
Actual Average Packet RSS = 1.20381e-09
