0 RSS 4.41361e-13
0.000570999 RSS 1.6437e-12
0.002875 RSS 4.41361e-13
0.002875 PRSS 6.4394e-12
0.100001 RSS 1.6437e-12
0.102305 RSS 4.41361e-13
0.200001 RSS 1.6437e-12
0.202305 RSS 4.41361e-13
0.300001 RSS 1.6437e-12
0.302305 RSS 4.41361e-13
0.400001 RSS 1.6437e-12
0.402305 RSS 4.41361e-13
0.500001 RSS 1.6437e-12
0.502305 RSS 4.41361e-13
0.600001 RSS 1.6437e-12
0.602305 RSS 4.41361e-13
0.700001 RSS 1.6437e-12
0.702305 RSS 4.41361e-13
0.800001 RSS 1.6437e-12
0.802305 RSS 4.41361e-13
0.900001 RSS 1.6437e-12
0.902305 RSS 4.41361e-13
1 RSS 1.6437e-12
1.0023 RSS 4.41361e-13
1.1 RSS 1.6437e-12
1.1023 RSS 4.41361e-13
1.2 RSS 1.6437e-12
1.2023 RSS 4.41361e-13
1.3 RSS 1.6437e-12
1.3023 RSS 4.41361e-13
1.4 RSS 1.6437e-12
1.4023 RSS 4.41361e-13
1.5 RSS 1.6437e-12
1.5023 RSS 4.41361e-13
1.6 RSS 1.6437e-12
1.6023 RSS 4.41361e-13
1.7 RSS 1.6437e-12
1.7023 RSS 4.41361e-13
1.8 RSS 1.6437e-12
1.8023 RSS 4.41361e-13
1.9 RSS 1.6437e-12
1.9023 RSS 4.41361e-13
2 RSS 1.6437e-12
2.0023 RSS 4.41361e-13
2.1 RSS 1.6437e-12
2.1023 RSS 4.41361e-13
2.2 RSS 1.6437e-12
2.2023 RSS 4.41361e-13
2.3 RSS 1.6437e-12
2.3023 RSS 4.41361e-13
2.4 RSS 1.6437e-12
2.4023 RSS 4.41361e-13
2.5 RSS 1.6437e-12
2.5023 RSS 4.41361e-13
2.6 RSS 1.6437e-12
2.6023 RSS 4.41361e-13
2.6023 PRSS 6.4394e-12
2.7 RSS 1.6437e-12
2.7023 RSS 4.41361e-13
2.7023 PRSS 6.4394e-12
2.8 RSS 1.6437e-12
2.8023 RSS 4.41361e-13
2.9 RSS 1.6437e-12
2.9023 RSS 4.41361e-13
3 RSS 1.6437e-12
3.0023 RSS 4.41361e-13
3.1 RSS 1.6437e-12
3.1023 RSS 4.41361e-13
3.2 RSS 1.6437e-12
3.2023 RSS 4.41361e-13
3.3 RSS 1.6437e-12
3.3023 RSS 4.41361e-13
3.4 RSS 1.6437e-12
3.4023 RSS 4.41361e-13
3.5 RSS 1.6437e-12
3.5023 RSS 4.41361e-13
3.6 RSS 1.6437e-12
3.6023 RSS 4.41361e-13
3.7 RSS 1.6437e-12
3.7023 RSS 4.41361e-13
3.8 RSS 1.6437e-12
3.8023 RSS 4.41361e-13
3.9 RSS 1.6437e-12
3.9023 RSS 4.41361e-13
4 RSS 1.6437e-12
4.0023 RSS 4.41361e-13
4.1 RSS 1.6437e-12
4.1023 RSS 4.41361e-13
4.2 RSS 1.6437e-12
4.2023 RSS 4.41361e-13
4.3 RSS 1.6437e-12
4.3023 RSS 4.41361e-13
4.4 RSS 1.6437e-12
4.4023 RSS 4.41361e-13
4.5 RSS 1.6437e-12
4.5023 RSS 4.41361e-13
4.6 RSS 1.6437e-12
4.6023 RSS 4.41361e-13
4.7 RSS 1.6437e-12
4.7023 RSS 4.41361e-13
4.8 RSS 1.6437e-12
4.8023 RSS 4.41361e-13
4.9 RSS 1.6437e-12
4.9023 RSS 4.41361e-13
5 RSS 1.6437e-12
5.0023 RSS 4.41361e-13
5.1 RSS 1.6437e-12
5.1023 RSS 4.41361e-13
5.2 RSS 1.6437e-12
5.2023 RSS 4.41361e-13
5.3 RSS 1.6437e-12
5.3023 RSS 4.41361e-13
5.4 RSS 1.6437e-12
5.4023 RSS 4.41361e-13
5.5 RSS 1.6437e-12
5.5023 RSS 4.41361e-13
5.6 RSS 1.6437e-12
5.6023 RSS 4.41361e-13
5.7 RSS 1.6437e-12
5.7023 RSS 4.41361e-13
5.8 RSS 1.6437e-12
5.8023 RSS 4.41361e-13
5.9 RSS 1.6437e-12
5.9023 RSS 4.41361e-13
6 RSS 1.6437e-12
6.0023 RSS 4.41361e-13
6.1 RSS 1.6437e-12
6.1023 RSS 4.41361e-13
6.2 RSS 1.6437e-12
6.2023 RSS 4.41361e-13
6.3 RSS 1.6437e-12
6.3023 RSS 4.41361e-13
6.4 RSS 1.6437e-12
6.4023 RSS 4.41361e-13
6.5 RSS 1.6437e-12
6.5023 RSS 4.41361e-13
6.6 RSS 1.6437e-12
6.6023 RSS 4.41361e-13
6.7 RSS 1.6437e-12
6.7023 RSS 4.41361e-13
6.8 RSS 1.6437e-12
6.8023 RSS 4.41361e-13
6.9 RSS 1.6437e-12
6.9023 RSS 4.41361e-13
7 RSS 1.6437e-12
7.0023 RSS 4.41361e-13
7.1 RSS 1.6437e-12
7.1023 RSS 4.41361e-13
7.2 RSS 1.6437e-12
7.2023 RSS 4.41361e-13
7.3 RSS 1.6437e-12
7.3023 RSS 4.41361e-13
7.4 RSS 1.6437e-12
7.4023 RSS 4.41361e-13
7.5 RSS 1.6437e-12
7.5023 RSS 4.41361e-13
7.6 RSS 1.6437e-12
7.6023 RSS 4.41361e-13
7.7 RSS 1.6437e-12
7.7023 RSS 4.41361e-13
7.8 RSS 1.6437e-12
7.8023 RSS 4.41361e-13
7.9 RSS 1.6437e-12
7.9023 RSS 4.41361e-13
8 RSS 1.6437e-12
8.0023 RSS 4.41361e-13
8.1 RSS 1.6437e-12
8.1023 RSS 4.41361e-13
8.2 RSS 1.6437e-12
8.2023 RSS 4.41361e-13
8.3 RSS 1.6437e-12
8.3023 RSS 4.41361e-13
8.4 RSS 1.6437e-12
8.4023 RSS 4.41361e-13
8.5 RSS 1.6437e-12
8.5023 RSS 4.41361e-13
8.6 RSS 1.6437e-12
8.6023 RSS 4.41361e-13
8.7 RSS 1.6437e-12
8.7023 RSS 4.41361e-13
8.8 RSS 1.6437e-12
8.8023 RSS 4.41361e-13
8.9 RSS 1.6437e-12
8.9023 RSS 4.41361e-13
9 RSS 1.6437e-12
9.0023 RSS 4.41361e-13
9.1 RSS 1.6437e-12
9.1023 RSS 4.41361e-13
9.2 RSS 1.6437e-12
9.2023 RSS 4.41361e-13
9.3 RSS 1.6437e-12
9.3023 RSS 4.41361e-13
9.4 RSS 1.6437e-12
9.4023 RSS 4.41361e-13
9.5 RSS 1.6437e-12
9.5023 RSS 4.41361e-13
9.6 RSS 1.6437e-12
9.6023 RSS 4.41361e-13
9.7 RSS 1.6437e-12
9.7023 RSS 4.41361e-13
9.8 RSS 1.6437e-12
9.8023 RSS 4.41361e-13
9.9 RSS 1.6437e-12
9.9023 RSS 4.41361e-13
10 RSS 1.6437e-12
10.0023 RSS 4.41361e-13
10.1 RSS 1.6437e-12
10.1023 RSS 4.41361e-13
10.2 RSS 1.6437e-12
10.2023 RSS 4.41361e-13
10.2023 PRSS 6.4394e-12
10.3 RSS 1.6437e-12
10.3023 RSS 4.41361e-13
10.3023 PRSS 6.4394e-12
10.4 RSS 1.6437e-12
10.4023 RSS 4.41361e-13
10.5 RSS 1.6437e-12
10.5023 RSS 4.41361e-13
10.6 RSS 1.6437e-12
10.6023 RSS 4.41361e-13
10.7 RSS 1.6437e-12
10.7023 RSS 4.41361e-13
10.8 RSS 1.6437e-12
10.8023 RSS 4.41361e-13
10.9 RSS 1.6437e-12
10.9023 RSS 4.41361e-13
11 RSS 1.6437e-12
11.0023 RSS 4.41361e-13
11.1 RSS 1.6437e-12
11.1023 RSS 4.41361e-13
11.2 RSS 1.6437e-12
11.2023 RSS 4.41361e-13
11.3 RSS 1.6437e-12
11.3023 RSS 4.41361e-13
11.4 RSS 1.6437e-12
11.4023 RSS 4.41361e-13
11.5 RSS 1.6437e-12
11.5023 RSS 4.41361e-13
11.6 RSS 1.6437e-12
11.6023 RSS 4.41361e-13
11.7 RSS 1.6437e-12
11.7023 RSS 4.41361e-13
11.8 RSS 1.6437e-12
11.8023 RSS 4.41361e-13
11.9 RSS 1.6437e-12
11.9023 RSS 4.41361e-13
12 RSS 1.6437e-12
12.0023 RSS 4.41361e-13
12.1 RSS 1.6437e-12
12.1023 RSS 4.41361e-13
12.2 RSS 1.6437e-12
12.2023 RSS 4.41361e-13
12.3 RSS 1.6437e-12
12.3023 RSS 4.41361e-13
12.4 RSS 1.6437e-12
12.4023 RSS 4.41361e-13
12.5 RSS 1.6437e-12
12.5023 RSS 4.41361e-13
12.6 RSS 1.6437e-12
12.6023 RSS 4.41361e-13
12.7 RSS 1.6437e-12
12.7023 RSS 4.41361e-13
12.8 RSS 1.6437e-12
12.8023 RSS 4.41361e-13
12.9 RSS 1.6437e-12
12.9023 RSS 4.41361e-13
12.9023 PRSS 6.4394e-12
13 RSS 1.6437e-12
13.0023 RSS 4.41361e-13
13.0023 PRSS 6.4394e-12
13.1 RSS 1.6437e-12
13.1023 RSS 4.41361e-13
13.2 RSS 1.6437e-12
13.2023 RSS 4.41361e-13
13.3 RSS 1.6437e-12
13.3023 RSS 4.41361e-13
13.4 RSS 1.6437e-12
13.4023 RSS 4.41361e-13
13.5 RSS 1.6437e-12
13.5023 RSS 4.41361e-13
13.6 RSS 1.6437e-12
13.6023 RSS 4.41361e-13
13.7 RSS 1.6437e-12
13.7023 RSS 4.41361e-13
13.8 RSS 1.6437e-12
13.8023 RSS 4.41361e-13
13.9 RSS 1.6437e-12
13.9023 RSS 4.41361e-13
14 RSS 1.6437e-12
14.0023 RSS 4.41361e-13
14.1 RSS 1.6437e-12
14.1023 RSS 4.41361e-13
14.2 RSS 1.6437e-12
14.2023 RSS 4.41361e-13
14.3 RSS 1.6437e-12
14.3023 RSS 4.41361e-13
14.4 RSS 1.6437e-12
14.4023 RSS 4.41361e-13
14.5 RSS 1.6437e-12
14.5023 RSS 4.41361e-13
14.6 RSS 1.6437e-12
14.6023 RSS 4.41361e-13
14.7 RSS 1.6437e-12
14.7023 RSS 4.41361e-13
14.8 RSS 1.6437e-12
14.8023 RSS 4.41361e-13
14.9 RSS 1.6437e-12
14.9023 RSS 4.41361e-13
15 RSS 1.6437e-12
15.0023 RSS 4.41361e-13
15.1 RSS 1.6437e-12
15.1023 RSS 4.41361e-13
15.2 RSS 1.6437e-12
15.2023 RSS 4.41361e-13
15.3 RSS 1.6437e-12
15.3023 RSS 4.41361e-13
15.4 RSS 1.6437e-12
15.4023 RSS 4.41361e-13
15.5 RSS 1.6437e-12
15.5023 RSS 4.41361e-13
15.6 RSS 1.6437e-12
15.6023 RSS 4.41361e-13
15.6023 PRSS 6.4394e-12
15.7 RSS 1.6437e-12
15.7023 RSS 4.41361e-13
15.7023 PRSS 6.4394e-12
15.8 RSS 1.6437e-12
15.8023 RSS 4.41361e-13
15.9 RSS 1.6437e-12
15.9023 RSS 4.41361e-13
16 RSS 1.6437e-12
16.0023 RSS 4.41361e-13
16.1 RSS 1.6437e-12
16.1023 RSS 4.41361e-13
16.2 RSS 1.6437e-12
16.2023 RSS 4.41361e-13
16.3 RSS 1.6437e-12
16.3023 RSS 4.41361e-13
16.4 RSS 1.6437e-12
16.4023 RSS 4.41361e-13
16.5 RSS 1.6437e-12
16.5023 RSS 4.41361e-13
16.6 RSS 1.6437e-12
16.6023 RSS 4.41361e-13
16.7 RSS 1.6437e-12
16.7023 RSS 4.41361e-13
16.8 RSS 1.6437e-12
16.8023 RSS 4.41361e-13
16.9 RSS 1.6437e-12
16.9023 RSS 4.41361e-13
17 RSS 1.6437e-12
17.0023 RSS 4.41361e-13
17.1 RSS 1.6437e-12
17.1023 RSS 4.41361e-13
17.2 RSS 1.6437e-12
17.2023 RSS 4.41361e-13
17.3 RSS 1.6437e-12
17.3023 RSS 4.41361e-13
17.4 RSS 1.6437e-12
17.4023 RSS 4.41361e-13
17.5 RSS 1.6437e-12
17.5023 RSS 4.41361e-13
17.6 RSS 1.6437e-12
17.6023 RSS 4.41361e-13
17.7 RSS 1.6437e-12
17.7023 RSS 4.41361e-13
17.8 RSS 1.6437e-12
17.8023 RSS 4.41361e-13
17.9 RSS 1.6437e-12
17.9023 RSS 4.41361e-13
18 RSS 1.6437e-12
18.0023 RSS 4.41361e-13
18.1 RSS 1.6437e-12
18.1023 RSS 4.41361e-13
18.2 RSS 1.6437e-12
18.2023 RSS 4.41361e-13
18.3 RSS 1.6437e-12
18.3023 RSS 4.41361e-13
18.4 RSS 1.6437e-12
18.4023 RSS 4.41361e-13
18.5 RSS 1.6437e-12
18.5023 RSS 4.41361e-13
18.6 RSS 1.6437e-12
18.6023 RSS 4.41361e-13
18.7 RSS 1.6437e-12
18.7023 RSS 4.41361e-13
18.8 RSS 1.6437e-12
18.8023 RSS 4.41361e-13
18.9 RSS 1.6437e-12
18.9023 RSS 4.41361e-13
19 RSS 1.6437e-12
19.0023 RSS 4.41361e-13
19.1 RSS 1.6437e-12
19.1023 RSS 4.41361e-13
19.2 RSS 1.6437e-12
19.2023 RSS 4.41361e-13
19.3 RSS 1.6437e-12
19.3023 RSS 4.41361e-13
19.4 RSS 1.6437e-12
19.4023 RSS 4.41361e-13
19.5 RSS 1.6437e-12
19.5023 RSS 4.41361e-13
19.6 RSS 1.6437e-12
19.6023 RSS 4.41361e-13
19.7 RSS 1.6437e-12
19.7023 RSS 4.41361e-13
19.8 RSS 1.6437e-12
19.8023 RSS 4.41361e-13
19.9 RSS 1.6437e-12
19.9023 RSS 4.41361e-13
20 RSS 1.6437e-12
20.0023 RSS 4.41361e-13
20.1 RSS 1.6437e-12
20.1023 RSS 4.41361e-13
20.2 RSS 1.6437e-12
20.2023 RSS 4.41361e-13
20.3 RSS 1.6437e-12
20.3023 RSS 4.41361e-13
20.4 RSS 1.6437e-12
20.4023 RSS 4.41361e-13
20.5 RSS 1.6437e-12
20.5023 RSS 4.41361e-13
20.6 RSS 1.6437e-12
20.6023 RSS 4.41361e-13
20.7 RSS 1.6437e-12
20.7023 RSS 4.41361e-13
20.8 RSS 1.6437e-12
20.8023 RSS 4.41361e-13
20.9 RSS 1.6437e-12
20.9023 RSS 4.41361e-13
21 RSS 1.6437e-12
21.0023 RSS 4.41361e-13
21.1 RSS 1.6437e-12
21.1023 RSS 4.41361e-13
21.2 RSS 1.6437e-12
21.2023 RSS 4.41361e-13
21.3 RSS 1.6437e-12
21.3023 RSS 4.41361e-13
21.4 RSS 1.6437e-12
21.4023 RSS 4.41361e-13
21.5 RSS 1.6437e-12
21.5023 RSS 4.41361e-13
21.6 RSS 1.6437e-12
21.6023 RSS 4.41361e-13
21.7 RSS 1.6437e-12
21.7023 RSS 4.41361e-13
21.8 RSS 1.6437e-12
21.8023 RSS 4.41361e-13
21.9 RSS 1.6437e-12
21.9023 RSS 4.41361e-13
22 RSS 1.6437e-12
22.0023 RSS 4.41361e-13
22.1 RSS 1.6437e-12
22.1023 RSS 4.41361e-13
22.2 RSS 1.6437e-12
22.2023 RSS 4.41361e-13
22.3 RSS 1.6437e-12
22.3023 RSS 4.41361e-13
22.4 RSS 1.6437e-12
22.4023 RSS 4.41361e-13
22.5 RSS 1.6437e-12
22.5023 RSS 4.41361e-13
22.6 RSS 1.6437e-12
22.6023 RSS 4.41361e-13
22.7 RSS 1.6437e-12
22.7023 RSS 4.41361e-13
22.8 RSS 1.6437e-12
22.8023 RSS 4.41361e-13
22.9 RSS 1.6437e-12
22.9023 RSS 4.41361e-13
23 RSS 1.6437e-12
23.0023 RSS 4.41361e-13
23.1 RSS 1.6437e-12
23.1023 RSS 4.41361e-13
23.2 RSS 1.6437e-12
23.2023 RSS 4.41361e-13
23.3 RSS 1.6437e-12
23.3023 RSS 4.41361e-13
23.4 RSS 1.6437e-12
23.4023 RSS 4.41361e-13
23.5 RSS 1.6437e-12
23.5023 RSS 4.41361e-13
23.6 RSS 1.6437e-12
23.6023 RSS 4.41361e-13
23.7 RSS 1.6437e-12
23.7023 RSS 4.41361e-13
23.8 RSS 1.6437e-12
23.8023 RSS 4.41361e-13
23.9 RSS 1.6437e-12
23.9023 RSS 4.41361e-13
24 RSS 1.6437e-12
24.0023 RSS 4.41361e-13
24.1 RSS 1.6437e-12
24.1023 RSS 4.41361e-13
24.1023 PRSS 6.4394e-12
24.2 RSS 1.6437e-12
24.2023 RSS 4.41361e-13
24.2023 PRSS 6.4394e-12
24.3 RSS 1.6437e-12
24.3023 RSS 4.41361e-13
24.4 RSS 1.6437e-12
24.4023 RSS 4.41361e-13
24.5 RSS 1.6437e-12
24.5023 RSS 4.41361e-13
24.6 RSS 1.6437e-12
24.6023 RSS 4.41361e-13
24.7 RSS 1.6437e-12
24.7023 RSS 4.41361e-13
24.8 RSS 1.6437e-12
24.8023 RSS 4.41361e-13
24.9 RSS 1.6437e-12
24.9023 RSS 4.41361e-13
25 RSS 1.6437e-12
25.0023 RSS 4.41361e-13
25.1 RSS 1.6437e-12
25.1023 RSS 4.41361e-13
25.2 RSS 1.6437e-12
25.2023 RSS 4.41361e-13
25.3 RSS 1.6437e-12
25.3023 RSS 4.41361e-13
25.4 RSS 1.6437e-12
25.4023 RSS 4.41361e-13
25.5 RSS 1.6437e-12
25.5023 RSS 4.41361e-13
25.6 RSS 1.6437e-12
25.6023 RSS 4.41361e-13
25.7 RSS 1.6437e-12
25.7023 RSS 4.41361e-13
25.8 RSS 1.6437e-12
25.8023 RSS 4.41361e-13
25.9 RSS 1.6437e-12
25.9023 RSS 4.41361e-13
26 RSS 1.6437e-12
26.0023 RSS 4.41361e-13
26.1 RSS 1.6437e-12
26.1023 RSS 4.41361e-13
26.2 RSS 1.6437e-12
26.2023 RSS 4.41361e-13
26.3 RSS 1.6437e-12
26.3023 RSS 4.41361e-13
26.4 RSS 1.6437e-12
26.4023 RSS 4.41361e-13
26.5 RSS 1.6437e-12
26.5023 RSS 4.41361e-13
26.6 RSS 1.6437e-12
26.6023 RSS 4.41361e-13
26.7 RSS 1.6437e-12
26.7023 RSS 4.41361e-13
26.8 RSS 1.6437e-12
26.8023 RSS 4.41361e-13
26.9 RSS 1.6437e-12
26.9023 RSS 4.41361e-13
27 RSS 1.6437e-12
27.0023 RSS 4.41361e-13
27.1 RSS 1.6437e-12
27.1023 RSS 4.41361e-13
27.2 RSS 1.6437e-12
27.2023 RSS 4.41361e-13
27.3 RSS 1.6437e-12
27.3023 RSS 4.41361e-13
27.4 RSS 1.6437e-12
27.4023 RSS 4.41361e-13
27.5 RSS 1.6437e-12
27.5023 RSS 4.41361e-13
27.6 RSS 1.6437e-12
27.6023 RSS 4.41361e-13
27.6023 PRSS 6.4394e-12
27.7 RSS 1.6437e-12
27.7023 RSS 4.41361e-13
27.7023 PRSS 6.4394e-12
27.8 RSS 1.6437e-12
27.8023 RSS 4.41361e-13
27.9 RSS 1.6437e-12
27.9023 RSS 4.41361e-13
28 RSS 1.6437e-12
28.0023 RSS 4.41361e-13
28.1 RSS 1.6437e-12
28.1023 RSS 4.41361e-13
28.2 RSS 1.6437e-12
28.2023 RSS 4.41361e-13
28.3 RSS 1.6437e-12
28.3023 RSS 4.41361e-13
28.4 RSS 1.6437e-12
28.4023 RSS 4.41361e-13
28.5 RSS 1.6437e-12
28.5023 RSS 4.41361e-13
28.6 RSS 1.6437e-12
28.6023 RSS 4.41361e-13
28.7 RSS 1.6437e-12
28.7023 RSS 4.41361e-13
28.8 RSS 1.6437e-12
28.8023 RSS 4.41361e-13
28.9 RSS 1.6437e-12
28.9023 RSS 4.41361e-13
29 RSS 1.6437e-12
29.0023 RSS 4.41361e-13
29.1 RSS 1.6437e-12
29.1023 RSS 4.41361e-13
29.2 RSS 1.6437e-12
29.2023 RSS 4.41361e-13
29.3 RSS 1.6437e-12
29.3023 RSS 4.41361e-13
29.4 RSS 1.6437e-12
29.4023 RSS 4.41361e-13
29.5 RSS 1.6437e-12
29.5023 RSS 4.41361e-13
29.6 RSS 1.6437e-12
29.6023 RSS 4.41361e-13
29.7 RSS 1.6437e-12
29.7023 RSS 4.41361e-13
29.8 RSS 1.6437e-12
29.8023 RSS 4.41361e-13
29.9 RSS 1.6437e-12
29.9023 RSS 4.41361e-13
30 RSS 1.6437e-12
30.0023 RSS 4.41361e-13
30.1 RSS 1.6437e-12
30.1023 RSS 4.41361e-13
30.2 RSS 1.6437e-12
30.2023 RSS 4.41361e-13
30.3 RSS 1.6437e-12
30.3023 RSS 4.41361e-13
30.3023 PRSS 6.4394e-12
30.4 RSS 1.6437e-12
30.4023 RSS 4.41361e-13
30.4023 PRSS 6.4394e-12
30.5 RSS 1.6437e-12
30.5023 RSS 4.41361e-13
30.6 RSS 1.6437e-12
30.6023 RSS 4.41361e-13
30.7 RSS 1.6437e-12
30.7023 RSS 4.41361e-13
30.8 RSS 1.6437e-12
30.8023 RSS 4.41361e-13
30.9 RSS 1.6437e-12
30.9023 RSS 4.41361e-13
31 RSS 1.6437e-12
31.0023 RSS 4.41361e-13
31.1 RSS 1.6437e-12
31.1023 RSS 4.41361e-13
31.2 RSS 1.6437e-12
31.2023 RSS 4.41361e-13
31.3 RSS 1.6437e-12
31.3023 RSS 4.41361e-13
31.4 RSS 1.6437e-12
31.4023 RSS 4.41361e-13
31.5 RSS 1.6437e-12
31.5023 RSS 4.41361e-13
31.6 RSS 1.6437e-12
31.6023 RSS 4.41361e-13
31.7 RSS 1.6437e-12
31.7023 RSS 4.41361e-13
31.8 RSS 1.6437e-12
31.8023 RSS 4.41361e-13
31.9 RSS 1.6437e-12
31.9023 RSS 4.41361e-13
32 RSS 1.6437e-12
32.0023 RSS 4.41361e-13
32.1 RSS 1.6437e-12
32.1023 RSS 4.41361e-13
32.2 RSS 1.6437e-12
32.2023 RSS 4.41361e-13
32.3 RSS 1.6437e-12
32.3023 RSS 4.41361e-13
32.4 RSS 1.6437e-12
32.4023 RSS 4.41361e-13
32.5 RSS 1.6437e-12
32.5023 RSS 4.41361e-13
32.6 RSS 1.6437e-12
32.6023 RSS 4.41361e-13
32.7 RSS 1.6437e-12
32.7023 RSS 4.41361e-13
32.8 RSS 1.6437e-12
32.8023 RSS 4.41361e-13
32.9 RSS 1.6437e-12
32.9023 RSS 4.41361e-13
33 RSS 1.6437e-12
33.0023 RSS 4.41361e-13
33.1 RSS 1.6437e-12
33.1023 RSS 4.41361e-13
33.2 RSS 1.6437e-12
33.2023 RSS 4.41361e-13
33.3 RSS 1.6437e-12
33.3023 RSS 4.41361e-13
33.4 RSS 1.6437e-12
33.4023 RSS 4.41361e-13
33.5 RSS 1.6437e-12
33.5023 RSS 4.41361e-13
33.6 RSS 1.6437e-12
33.6023 RSS 4.41361e-13
33.7 RSS 1.6437e-12
33.7023 RSS 4.41361e-13
33.8 RSS 1.6437e-12
33.8023 RSS 4.41361e-13
33.9 RSS 1.6437e-12
33.9023 RSS 4.41361e-13
34 RSS 1.6437e-12
34.0023 RSS 4.41361e-13
34.1 RSS 1.6437e-12
34.1023 RSS 4.41361e-13
34.2 RSS 1.6437e-12
34.2023 RSS 4.41361e-13
34.3 RSS 1.6437e-12
34.3023 RSS 4.41361e-13
34.4 RSS 1.6437e-12
34.4023 RSS 4.41361e-13
34.4023 PRSS 6.4394e-12
34.5 RSS 1.6437e-12
34.5023 RSS 4.41361e-13
34.5023 PRSS 6.4394e-12
34.6 RSS 1.6437e-12
34.6023 RSS 4.41361e-13
34.7 RSS 1.6437e-12
34.7023 RSS 4.41361e-13
34.8 RSS 1.6437e-12
34.8023 RSS 4.41361e-13
34.9 RSS 1.6437e-12
34.9023 RSS 4.41361e-13
35 RSS 1.6437e-12
35.0023 RSS 4.41361e-13
35.1 RSS 1.6437e-12
35.1023 RSS 4.41361e-13
35.2 RSS 1.6437e-12
35.2023 RSS 4.41361e-13
35.3 RSS 1.6437e-12
35.3023 RSS 4.41361e-13
35.4 RSS 1.6437e-12
35.4023 RSS 4.41361e-13
35.5 RSS 1.6437e-12
35.5023 RSS 4.41361e-13
35.6 RSS 1.6437e-12
35.6023 RSS 4.41361e-13
35.7 RSS 1.6437e-12
35.7023 RSS 4.41361e-13
35.8 RSS 1.6437e-12
35.8023 RSS 4.41361e-13
35.9 RSS 1.6437e-12
35.9023 RSS 4.41361e-13
36 RSS 1.6437e-12
36.0023 RSS 4.41361e-13
36.1 RSS 1.6437e-12
36.1023 RSS 4.41361e-13
36.2 RSS 1.6437e-12
36.2023 RSS 4.41361e-13
36.3 RSS 1.6437e-12
36.3023 RSS 4.41361e-13
36.4 RSS 1.6437e-12
36.4023 RSS 4.41361e-13
36.5 RSS 1.6437e-12
36.5023 RSS 4.41361e-13
36.6 RSS 1.6437e-12
36.6023 RSS 4.41361e-13
36.7 RSS 1.6437e-12
36.7023 RSS 4.41361e-13
36.8 RSS 1.6437e-12
36.8023 RSS 4.41361e-13
36.9 RSS 1.6437e-12
36.9023 RSS 4.41361e-13
37 RSS 1.6437e-12
37.0023 RSS 4.41361e-13
37.1 RSS 1.6437e-12
37.1023 RSS 4.41361e-13
37.2 RSS 1.6437e-12
37.2023 RSS 4.41361e-13
37.3 RSS 1.6437e-12
37.3023 RSS 4.41361e-13
37.4 RSS 1.6437e-12
37.4023 RSS 4.41361e-13
37.5 RSS 1.6437e-12
37.5023 RSS 4.41361e-13
37.6 RSS 1.6437e-12
37.6023 RSS 4.41361e-13
37.7 RSS 1.6437e-12
37.7023 RSS 4.41361e-13
37.8 RSS 1.6437e-12
37.8023 RSS 4.41361e-13
37.9 RSS 1.6437e-12
37.9023 RSS 4.41361e-13
38 RSS 1.6437e-12
38.0023 RSS 4.41361e-13
38.1 RSS 1.6437e-12
38.1023 RSS 4.41361e-13
38.2 RSS 1.6437e-12
38.2023 RSS 4.41361e-13
38.3 RSS 1.6437e-12
38.3023 RSS 4.41361e-13
38.4 RSS 1.6437e-12
38.4023 RSS 4.41361e-13
38.5 RSS 1.6437e-12
38.5023 RSS 4.41361e-13
38.6 RSS 1.6437e-12
38.6023 RSS 4.41361e-13
38.7 RSS 1.6437e-12
38.7023 RSS 4.41361e-13
38.8 RSS 1.6437e-12
38.8023 RSS 4.41361e-13
38.9 RSS 1.6437e-12
38.9023 RSS 4.41361e-13
39 RSS 1.6437e-12
39.0023 RSS 4.41361e-13
39.1 RSS 1.6437e-12
39.1023 RSS 4.41361e-13
39.2 RSS 1.6437e-12
39.2023 RSS 4.41361e-13
39.3 RSS 1.6437e-12
39.3023 RSS 4.41361e-13
39.4 RSS 1.6437e-12
39.4023 RSS 4.41361e-13
39.5 RSS 1.6437e-12
39.5023 RSS 4.41361e-13
39.5023 PRSS 6.4394e-12
39.6 RSS 1.6437e-12
39.6023 RSS 4.41361e-13
39.6023 PRSS 6.4394e-12
39.7 RSS 1.6437e-12
39.7023 RSS 4.41361e-13
39.8 RSS 1.6437e-12
39.8023 RSS 4.41361e-13
39.9 RSS 1.6437e-12
39.9023 RSS 4.41361e-13
40 RSS 1.6437e-12
40.0023 RSS 4.41361e-13
40.1 RSS 1.6437e-12
40.1023 RSS 4.41361e-13
40.2 RSS 1.6437e-12
40.2023 RSS 4.41361e-13
40.3 RSS 1.6437e-12
40.3023 RSS 4.41361e-13
40.4 RSS 1.6437e-12
40.4023 RSS 4.41361e-13
40.5 RSS 1.6437e-12
40.5023 RSS 4.41361e-13
40.6 RSS 1.6437e-12
40.6023 RSS 4.41361e-13
40.7 RSS 1.6437e-12
40.7023 RSS 4.41361e-13
40.8 RSS 1.6437e-12
40.8023 RSS 4.41361e-13
40.9 RSS 1.6437e-12
40.9023 RSS 4.41361e-13
41 RSS 1.6437e-12
41.0023 RSS 4.41361e-13
41.1 RSS 1.6437e-12
41.1023 RSS 4.41361e-13
41.2 RSS 1.6437e-12
41.2023 RSS 4.41361e-13
41.3 RSS 1.6437e-12
41.3023 RSS 4.41361e-13
41.4 RSS 1.6437e-12
41.4023 RSS 4.41361e-13
41.5 RSS 1.6437e-12
41.5023 RSS 4.41361e-13
41.6 RSS 1.6437e-12
41.6023 RSS 4.41361e-13
41.7 RSS 1.6437e-12
41.7023 RSS 4.41361e-13
41.8 RSS 1.6437e-12
41.8023 RSS 4.41361e-13
41.9 RSS 1.6437e-12
41.9023 RSS 4.41361e-13
42 RSS 1.6437e-12
42.0023 RSS 4.41361e-13
42.1 RSS 1.6437e-12
42.1023 RSS 4.41361e-13
42.2 RSS 1.6437e-12
42.2023 RSS 4.41361e-13
42.3 RSS 1.6437e-12
42.3023 RSS 4.41361e-13
42.4 RSS 1.6437e-12
42.4023 RSS 4.41361e-13
42.5 RSS 1.6437e-12
42.5023 RSS 4.41361e-13
42.6 RSS 1.6437e-12
42.6023 RSS 4.41361e-13
42.7 RSS 1.6437e-12
42.7023 RSS 4.41361e-13
42.8 RSS 1.6437e-12
42.8023 RSS 4.41361e-13
42.9 RSS 1.6437e-12
42.9023 RSS 4.41361e-13
43 RSS 1.6437e-12
43.0023 RSS 4.41361e-13
43.1 RSS 1.6437e-12
43.1023 RSS 4.41361e-13
43.2 RSS 1.6437e-12
43.2023 RSS 4.41361e-13
43.3 RSS 1.6437e-12
43.3023 RSS 4.41361e-13
43.4 RSS 1.6437e-12
43.4023 RSS 4.41361e-13
43.5 RSS 1.6437e-12
43.5023 RSS 4.41361e-13
43.6 RSS 1.6437e-12
43.6023 RSS 4.41361e-13
43.7 RSS 1.6437e-12
43.7023 RSS 4.41361e-13
43.8 RSS 1.6437e-12
43.8023 RSS 4.41361e-13
43.9 RSS 1.6437e-12
43.9023 RSS 4.41361e-13
44 RSS 1.6437e-12
44.0023 RSS 4.41361e-13
44.1 RSS 1.6437e-12
44.1023 RSS 4.41361e-13
44.2 RSS 1.6437e-12
44.2023 RSS 4.41361e-13
44.3 RSS 1.6437e-12
44.3023 RSS 4.41361e-13
44.4 RSS 1.6437e-12
44.4023 RSS 4.41361e-13
44.5 RSS 1.6437e-12
44.5023 RSS 4.41361e-13
44.6 RSS 1.6437e-12
44.6023 RSS 4.41361e-13
44.7 RSS 1.6437e-12
44.7023 RSS 4.41361e-13
44.8 RSS 1.6437e-12
44.8023 RSS 4.41361e-13
44.9 RSS 1.6437e-12
44.9023 RSS 4.41361e-13
45 RSS 1.6437e-12
45.0023 RSS 4.41361e-13
45.1 RSS 1.6437e-12
45.1023 RSS 4.41361e-13
45.2 RSS 1.6437e-12
45.2023 RSS 4.41361e-13
45.3 RSS 1.6437e-12
45.3023 RSS 4.41361e-13
45.4 RSS 1.6437e-12
45.4023 RSS 4.41361e-13
45.5 RSS 1.6437e-12
45.5023 RSS 4.41361e-13
45.6 RSS 1.6437e-12
45.6023 RSS 4.41361e-13
45.7 RSS 1.6437e-12
45.7023 RSS 4.41361e-13
45.8 RSS 1.6437e-12
45.8023 RSS 4.41361e-13
45.9 RSS 1.6437e-12
45.9023 RSS 4.41361e-13
46 RSS 1.6437e-12
46.0023 RSS 4.41361e-13
46.1 RSS 1.6437e-12
46.1023 RSS 4.41361e-13
46.2 RSS 1.6437e-12
46.2023 RSS 4.41361e-13
46.3 RSS 1.6437e-12
46.3023 RSS 4.41361e-13
46.4 RSS 1.6437e-12
46.4023 RSS 4.41361e-13
46.5 RSS 1.6437e-12
46.5023 RSS 4.41361e-13
46.6 RSS 1.6437e-12
46.6023 RSS 4.41361e-13
46.7 RSS 1.6437e-12
46.7023 RSS 4.41361e-13
46.8 RSS 1.6437e-12
46.8023 RSS 4.41361e-13
46.9 RSS 1.6437e-12
46.9023 RSS 4.41361e-13
47 RSS 1.6437e-12
47.0023 RSS 4.41361e-13
47.1 RSS 1.6437e-12
47.1023 RSS 4.41361e-13
47.2 RSS 1.6437e-12
47.2023 RSS 4.41361e-13
47.3 RSS 1.6437e-12
47.3023 RSS 4.41361e-13
47.4 RSS 1.6437e-12
47.4023 RSS 4.41361e-13
47.5 RSS 1.6437e-12
47.5023 RSS 4.41361e-13
47.6 RSS 1.6437e-12
47.6023 RSS 4.41361e-13
47.7 RSS 1.6437e-12
47.7023 RSS 4.41361e-13
47.8 RSS 1.6437e-12
47.8023 RSS 4.41361e-13
47.9 RSS 1.6437e-12
47.9023 RSS 4.41361e-13
48 RSS 1.6437e-12
48.0023 RSS 4.41361e-13
48.1 RSS 1.6437e-12
48.1023 RSS 4.41361e-13
48.2 RSS 1.6437e-12
48.2023 RSS 4.41361e-13
48.3 RSS 1.6437e-12
48.3023 RSS 4.41361e-13
48.4 RSS 1.6437e-12
48.4023 RSS 4.41361e-13
48.5 RSS 1.6437e-12
48.5023 RSS 4.41361e-13
48.6 RSS 1.6437e-12
48.6023 RSS 4.41361e-13
48.7 RSS 1.6437e-12
48.7023 RSS 4.41361e-13
48.8 RSS 1.6437e-12
48.8023 RSS 4.41361e-13
48.9 RSS 1.6437e-12
48.9023 RSS 4.41361e-13
49 RSS 1.6437e-12
49.0023 RSS 4.41361e-13
49.1 RSS 1.6437e-12
49.1023 RSS 4.41361e-13
49.2 RSS 1.6437e-12
49.2023 RSS 4.41361e-13
49.3 RSS 1.6437e-12
49.3023 RSS 4.41361e-13
49.4 RSS 1.6437e-12
49.4023 RSS 4.41361e-13
49.5 RSS 1.6437e-12
49.5023 RSS 4.41361e-13
49.6 RSS 1.6437e-12
49.6023 RSS 4.41361e-13
49.7 RSS 1.6437e-12
49.7023 RSS 4.41361e-13
49.8 RSS 1.6437e-12
49.8023 RSS 4.41361e-13
49.9 RSS 1.6437e-12
49.9023 RSS 4.41361e-13
50 RSS 1.6437e-12
50.0023 RSS 4.41361e-13
50.1 RSS 1.6437e-12
50.1023 RSS 4.41361e-13
50.2 RSS 1.6437e-12
50.2023 RSS 4.41361e-13
50.3 RSS 1.6437e-12
50.3023 RSS 4.41361e-13
50.4 RSS 1.6437e-12
50.4023 RSS 4.41361e-13
50.5 RSS 1.6437e-12
50.5023 RSS 4.41361e-13
50.6 RSS 1.6437e-12
50.6023 RSS 4.41361e-13
50.7 RSS 1.6437e-12
50.7023 RSS 4.41361e-13
50.8 RSS 1.6437e-12
50.8023 RSS 4.41361e-13
50.9 RSS 1.6437e-12
50.9023 RSS 4.41361e-13
51 RSS 1.6437e-12
51.0023 RSS 4.41361e-13
51.1 RSS 1.6437e-12
51.1023 RSS 4.41361e-13
51.2 RSS 1.6437e-12
51.2023 RSS 4.41361e-13
51.3 RSS 1.6437e-12
51.3023 RSS 4.41361e-13
51.3023 PRSS 6.4394e-12
51.4 RSS 1.6437e-12
51.4023 RSS 4.41361e-13
51.4023 PRSS 6.4394e-12
51.5 RSS 1.6437e-12
51.5023 RSS 4.41361e-13
51.6 RSS 1.6437e-12
51.6023 RSS 4.41361e-13
51.7 RSS 1.6437e-12
51.7023 RSS 4.41361e-13
51.8 RSS 1.6437e-12
51.8023 RSS 4.41361e-13
51.9 RSS 1.6437e-12
51.9023 RSS 4.41361e-13
52 RSS 1.6437e-12
52.0023 RSS 4.41361e-13
52.1 RSS 1.6437e-12
52.1023 RSS 4.41361e-13
52.2 RSS 1.6437e-12
52.2023 RSS 4.41361e-13
52.3 RSS 1.6437e-12
52.3023 RSS 4.41361e-13
52.4 RSS 1.6437e-12
52.4023 RSS 4.41361e-13
52.5 RSS 1.6437e-12
52.5023 RSS 4.41361e-13
52.6 RSS 1.6437e-12
52.6023 RSS 4.41361e-13
52.7 RSS 1.6437e-12
52.7023 RSS 4.41361e-13
52.8 RSS 1.6437e-12
52.8023 RSS 4.41361e-13
52.9 RSS 1.6437e-12
52.9023 RSS 4.41361e-13
53 RSS 1.6437e-12
53.0023 RSS 4.41361e-13
53.1 RSS 1.6437e-12
53.1023 RSS 4.41361e-13
53.2 RSS 1.6437e-12
53.2023 RSS 4.41361e-13
53.3 RSS 1.6437e-12
53.3023 RSS 4.41361e-13
53.4 RSS 1.6437e-12
53.4023 RSS 4.41361e-13
53.5 RSS 1.6437e-12
53.5023 RSS 4.41361e-13
53.6 RSS 1.6437e-12
53.6023 RSS 4.41361e-13
53.7 RSS 1.6437e-12
53.7023 RSS 4.41361e-13
53.8 RSS 1.6437e-12
53.8023 RSS 4.41361e-13
53.9 RSS 1.6437e-12
53.9023 RSS 4.41361e-13
54 RSS 1.6437e-12
54.0023 RSS 4.41361e-13
54.1 RSS 1.6437e-12
54.1023 RSS 4.41361e-13
54.2 RSS 1.6437e-12
54.2023 RSS 4.41361e-13
54.3 RSS 1.6437e-12
54.3023 RSS 4.41361e-13
54.4 RSS 1.6437e-12
54.4023 RSS 4.41361e-13
54.5 RSS 1.6437e-12
54.5023 RSS 4.41361e-13
54.6 RSS 1.6437e-12
54.6023 RSS 4.41361e-13
54.7 RSS 1.6437e-12
54.7023 RSS 4.41361e-13
54.8 RSS 1.6437e-12
54.8023 RSS 4.41361e-13
54.9 RSS 1.6437e-12
54.9023 RSS 4.41361e-13
55 RSS 1.6437e-12
55.0023 RSS 4.41361e-13
55.1 RSS 1.6437e-12
55.1023 RSS 4.41361e-13
55.2 RSS 1.6437e-12
55.2023 RSS 4.41361e-13
55.3 RSS 1.6437e-12
55.3023 RSS 4.41361e-13
55.4 RSS 1.6437e-12
55.4023 RSS 4.41361e-13
55.5 RSS 1.6437e-12
55.5023 RSS 4.41361e-13
55.6 RSS 1.6437e-12
55.6023 RSS 4.41361e-13
55.7 RSS 1.6437e-12
55.7023 RSS 4.41361e-13
55.8 RSS 1.6437e-12
55.8023 RSS 4.41361e-13
55.9 RSS 1.6437e-12
55.9023 RSS 4.41361e-13
56 RSS 1.6437e-12
56.0023 RSS 4.41361e-13
56.1 RSS 1.6437e-12
56.1023 RSS 4.41361e-13
56.2 RSS 1.6437e-12
56.2023 RSS 4.41361e-13
56.3 RSS 1.6437e-12
56.3023 RSS 4.41361e-13
56.4 RSS 1.6437e-12
56.4023 RSS 4.41361e-13
56.5 RSS 1.6437e-12
56.5023 RSS 4.41361e-13
56.6 RSS 1.6437e-12
56.6023 RSS 4.41361e-13
56.7 RSS 1.6437e-12
56.7023 RSS 4.41361e-13
56.8 RSS 1.6437e-12
56.8023 RSS 4.41361e-13
56.9 RSS 1.6437e-12
56.9023 RSS 4.41361e-13
57 RSS 1.6437e-12
57.0023 RSS 4.41361e-13
57.1 RSS 1.6437e-12
57.1023 RSS 4.41361e-13
57.2 RSS 1.6437e-12
57.2023 RSS 4.41361e-13
57.3 RSS 1.6437e-12
57.3023 RSS 4.41361e-13
57.4 RSS 1.6437e-12
57.4023 RSS 4.41361e-13
57.5 RSS 1.6437e-12
57.5023 RSS 4.41361e-13
57.6 RSS 1.6437e-12
57.6023 RSS 4.41361e-13
57.7 RSS 1.6437e-12
57.7023 RSS 4.41361e-13
57.8 RSS 1.6437e-12
57.8023 RSS 4.41361e-13
57.9 RSS 1.6437e-12
57.9023 RSS 4.41361e-13
58 RSS 1.6437e-12
58.0023 RSS 4.41361e-13
58.1 RSS 1.6437e-12
58.1023 RSS 4.41361e-13
58.2 RSS 1.6437e-12
58.2023 RSS 4.41361e-13
58.3 RSS 1.6437e-12
58.3023 RSS 4.41361e-13
58.4 RSS 1.6437e-12
58.4023 RSS 4.41361e-13
58.5 RSS 1.6437e-12
58.5023 RSS 4.41361e-13
58.6 RSS 1.6437e-12
58.6023 RSS 4.41361e-13
58.7 RSS 1.6437e-12
58.7023 RSS 4.41361e-13
58.8 RSS 1.6437e-12
58.8023 RSS 4.41361e-13
58.9 RSS 1.6437e-12
58.9023 RSS 4.41361e-13
59 RSS 1.6437e-12
59.0023 RSS 4.41361e-13
59.1 RSS 1.6437e-12
59.1023 RSS 4.41361e-13
59.2 RSS 1.6437e-12
59.2023 RSS 4.41361e-13
59.3 RSS 1.6437e-12
59.3023 RSS 4.41361e-13
59.4 RSS 1.6437e-12
59.4023 RSS 4.41361e-13
59.5 RSS 1.6437e-12
59.5023 RSS 4.41361e-13
59.6 RSS 1.6437e-12
59.6023 RSS 4.41361e-13
59.7 RSS 1.6437e-12
59.7023 RSS 4.41361e-13
59.8 RSS 1.6437e-12
59.8023 RSS 4.41361e-13
59.9 RSS 1.6437e-12
59.9023 RSS 4.41361e-13
Actual PDR = 0
Actual RSS = 1.6437e-12
Actual Average Packet RSS = 6.4394e-12
