0 RSS 4.41361e-13
0.000570099 RSS 1.20675e-10
0.0028741 RSS 4.41361e-13
0.0028741 PRSS 6.01609e-10
0.102874 RSS 4.81376e-10
1 RSS 1.20675e-10
1.0023 RSS 4.41361e-13
1.0023 PRSS 6.01609e-10
1.1023 RSS 4.81376e-10
2 RSS 1.20675e-10
2.0023 RSS 4.41361e-13
2.0023 PRSS 6.01609e-10
2.1023 RSS 4.81376e-10
3 RSS 1.20675e-10
3.0023 RSS 4.41361e-13
3.0023 PRSS 6.01609e-10
3.1023 RSS 4.81376e-10
4 RSS 1.20675e-10
4.0023 RSS 4.41361e-13
4.0023 PRSS 6.01609e-10
4.1023 RSS 4.81376e-10
5 RSS 1.20675e-10
5.0023 RSS 4.41361e-13
5.1023 RSS 4.81376e-10
6 RSS 1.20675e-10
6.0023 RSS 4.41361e-13
6.0023 PRSS 6.01609e-10
6.1023 RSS 4.81376e-10
7 RSS 1.20675e-10
7.0023 RSS 4.41361e-13
7.0023 PRSS 6.01609e-10
7.1023 RSS 4.81376e-10
8 RSS 1.20675e-10
8.0023 RSS 4.41361e-13
8.0023 PRSS 6.01609e-10
8.1023 RSS 4.81376e-10
9 RSS 1.20675e-10
9.0023 RSS 4.41361e-13
9.0023 PRSS 6.01609e-10
9.1023 RSS 4.81376e-10
10 RSS 1.20675e-10
10.0023 RSS 4.41361e-13
10.1023 RSS 4.81376e-10
11 RSS 1.20675e-10
11.0023 RSS 4.41361e-13
11.0023 PRSS 6.01609e-10
11.1023 RSS 4.81376e-10
12 RSS 1.20675e-10
12.0023 RSS 4.41361e-13
12.0023 PRSS 6.01609e-10
12.1023 RSS 4.81376e-10
13 RSS 1.20675e-10
13.0023 RSS 4.41361e-13
13.0023 PRSS 6.01609e-10
13.1023 RSS 4.81376e-10
14 RSS 1.20675e-10
14.0023 RSS 4.41361e-13
14.0023 PRSS 6.01609e-10
14.1023 RSS 4.81376e-10
15 RSS 1.20675e-10
15.0023 RSS 4.41361e-13
15.1023 RSS 4.81376e-10
16 RSS 1.20675e-10
16.0023 RSS 4.41361e-13
16.0023 PRSS 6.01609e-10
16.1023 RSS 4.81376e-10
17 RSS 1.20675e-10
17.0023 RSS 4.41361e-13
17.0023 PRSS 6.01609e-10
17.1023 RSS 4.81376e-10
18 RSS 1.20675e-10
18.0023 RSS 4.41361e-13
18.0023 PRSS 6.01609e-10
18.1023 RSS 4.81376e-10
19 RSS 1.20675e-10
19.0023 RSS 4.41361e-13
19.0023 PRSS 6.01609e-10
19.1023 RSS 4.81376e-10
20 RSS 1.20675e-10
20.0023 RSS 4.41361e-13
20.1023 RSS 4.81376e-10
21 RSS 1.20675e-10
21.0023 RSS 4.41361e-13
21.1023 RSS 4.81376e-10
22 RSS 1.20675e-10
22.0023 RSS 4.41361e-13
22.1023 RSS 4.81376e-10
23 RSS 1.20675e-10
23.0023 RSS 4.41361e-13
23.0023 PRSS 6.01609e-10
23.1023 RSS 4.81376e-10
24 RSS 1.20675e-10
24.0023 RSS 4.41361e-13
24.0023 PRSS 6.01609e-10
24.1023 RSS 4.81376e-10
25 RSS 1.20675e-10
25.0023 RSS 4.41361e-13
25.1023 RSS 4.81376e-10
26 RSS 1.20675e-10
26.0023 RSS 4.41361e-13
26.1023 RSS 4.81376e-10
27 RSS 1.20675e-10
27.0023 RSS 4.41361e-13
27.1023 RSS 4.81376e-10
28 RSS 1.20675e-10
28.0023 RSS 4.41361e-13
28.0023 PRSS 6.01609e-10
28.1023 RSS 4.81376e-10
29 RSS 1.20675e-10
29.0023 RSS 4.41361e-13
29.0023 PRSS 6.01609e-10
29.1023 RSS 4.81376e-10
30 RSS 1.20675e-10
30.0023 RSS 4.41361e-13
30.1023 RSS 4.81376e-10
31 RSS 1.20675e-10
31.0023 RSS 4.41361e-13
31.1023 RSS 4.81376e-10
32 RSS 1.20675e-10
32.0023 RSS 4.41361e-13
32.1023 RSS 4.81376e-10
33 RSS 1.20675e-10
33.0023 RSS 4.41361e-13
33.0023 PRSS 6.01609e-10
33.1023 RSS 4.81376e-10
34 RSS 1.20675e-10
34.0023 RSS 4.41361e-13
34.0023 PRSS 6.01609e-10
34.1023 RSS 4.81376e-10
35 RSS 1.20675e-10
35.0023 RSS 4.41361e-13
35.1023 RSS 4.81376e-10
36 RSS 1.20675e-10
36.0023 RSS 4.41361e-13
36.0023 PRSS 6.01609e-10
36.1023 RSS 4.81376e-10
37 RSS 1.20675e-10
37.0023 RSS 4.41361e-13
37.0023 PRSS 6.01609e-10
37.1023 RSS 4.81376e-10
38 RSS 1.20675e-10
38.0023 RSS 4.41361e-13
38.0023 PRSS 6.01609e-10
38.1023 RSS 4.81376e-10
39 RSS 1.20675e-10
39.0023 RSS 4.41361e-13
39.0023 PRSS 6.01609e-10
39.1023 RSS 4.81376e-10
40 RSS 1.20675e-10
40.0023 RSS 4.41361e-13
40.1023 RSS 4.81376e-10
41 RSS 1.20675e-10
41.0023 RSS 4.41361e-13
41.1023 RSS 4.81376e-10
42 RSS 1.20675e-10
42.0023 RSS 4.41361e-13
42.1023 RSS 4.81376e-10
43 RSS 1.20675e-10
43.0023 RSS 4.41361e-13
43.1023 RSS 4.81376e-10
44 RSS 1.20675e-10
44.0023 RSS 4.41361e-13
44.1023 RSS 4.81376e-10
45 RSS 1.20675e-10
45.0023 RSS 4.41361e-13
45.1023 RSS 4.81376e-10
46 RSS 1.20675e-10
46.0023 RSS 4.41361e-13
46.0023 PRSS 6.01609e-10
46.1023 RSS 4.81376e-10
47 RSS 1.20675e-10
47.0023 RSS 4.41361e-13
47.0023 PRSS 6.01609e-10
--
Received one packet! Socket: 10.1.1.1 port: 49153 at time = 47.0023
--
47.1023 RSS 4.81376e-10
48 RSS 1.20675e-10
48.0023 RSS 4.41361e-13
48.1023 RSS 4.81376e-10
49 RSS 1.20675e-10
49.0023 RSS 4.41361e-13
49.0023 PRSS 6.01609e-10
49.1023 RSS 4.81376e-10
50 RSS 1.20675e-10
50.0023 RSS 4.41361e-13
50.0023 PRSS 6.01609e-10
50.1023 RSS 4.81376e-10
51 RSS 1.20675e-10
51.0023 RSS 4.41361e-13
51.0023 PRSS 6.01609e-10
51.1023 RSS 4.81376e-10
52 RSS 1.20675e-10
52.0023 RSS 4.41361e-13
52.0023 PRSS 6.01609e-10
52.1023 RSS 4.81376e-10
53 RSS 1.20675e-10
53.0023 RSS 4.41361e-13
53.1023 RSS 4.81376e-10
54 RSS 1.20675e-10
54.0023 RSS 4.41361e-13
54.0023 PRSS 6.01609e-10
54.1023 RSS 4.81376e-10
55 RSS 1.20675e-10
55.0023 RSS 4.41361e-13
55.0023 PRSS 6.01609e-10
55.1023 RSS 4.81376e-10
56 RSS 1.20675e-10
56.0023 RSS 4.41361e-13
56.1023 RSS 4.81376e-10
57 RSS 1.20675e-10
57.0023 RSS 4.41361e-13
--
Received one packet! Socket: 10.1.1.1 port: 49153 at time = 57.0023
--
57.1023 RSS 4.81376e-10
58 RSS 1.20675e-10
58.0023 RSS 4.41361e-13
58.1023 RSS 4.81376e-10
59 RSS 1.20675e-10
59.0023 RSS 4.41361e-13
59.0023 PRSS 6.01609e-10
59.1023 RSS 4.81376e-10
Actual PDR = 0.05
Actual RSS = 4.81376e-10
Actual Average Packet RSS = 6.01609e-10
