0 RSS 4.41361e-13
0.000573003 RSS 5.74658e-13
0.002877 RSS 4.47798e-13
0.002877 PRSS 5.79953e-13
--
Received one packet! Socket: 10.1.1.1 port: 49153 at time = 0.002877
--
0.102877 RSS 4.41361e-13
0.800003 RSS 5.74658e-13
0.802307 RSS 4.47798e-13
0.902307 RSS 4.41361e-13
2.3 RSS 5.74658e-13
2.30231 RSS 4.47798e-13
--
Received one packet! Socket: 10.1.1.1 port: 49153 at time = 2.30231
--
2.40231 RSS 4.41361e-13
3 RSS 5.74658e-13
3.00231 RSS 4.47798e-13
3.10231 RSS 4.41361e-13
4.1 RSS 5.74658e-13
4.10231 RSS 4.47798e-13
4.20231 RSS 4.41361e-13
5.1 RSS 5.74658e-13
5.10231 RSS 4.47798e-13
5.20231 RSS 4.41361e-13
6.1 RSS 5.74658e-13
6.10231 RSS 4.47798e-13
--
Received one packet! Socket: 10.1.1.1 port: 49153 at time = 6.10231
--
6.20231 RSS 4.41361e-13
7 RSS 5.74658e-13
7.00231 RSS 4.47798e-13
7.10231 RSS 4.41361e-13
7.5 RSS 5.74658e-13
7.50231 RSS 4.47798e-13
7.60231 RSS 4.41361e-13
9 RSS 5.74658e-13
9.00231 RSS 4.47798e-13
9.10231 RSS 4.41361e-13
10.2 RSS 5.74658e-13
10.2023 RSS 4.47798e-13
--
Received one packet! Socket: 10.1.1.1 port: 49153 at time = 10.2023
--
10.3023 RSS 4.41361e-13
11.7 RSS 5.74658e-13
11.7023 RSS 4.47798e-13
--
Received one packet! Socket: 10.1.1.1 port: 49153 at time = 11.7023
--
11.8023 RSS 4.41361e-13
12.2 RSS 5.74658e-13
12.2023 RSS 4.47798e-13
12.3023 RSS 4.41361e-13
13 RSS 5.74658e-13
13.0023 RSS 4.47798e-13
13.1023 RSS 4.41361e-13
13.5 RSS 5.74658e-13
13.5023 RSS 4.47798e-13
13.6023 RSS 4.41361e-13
14 RSS 5.74658e-13
14.0023 RSS 4.47798e-13
14.1023 RSS 4.41361e-13
15.1 RSS 5.74658e-13
15.1023 RSS 4.47798e-13
15.2023 RSS 4.41361e-13
16.2 RSS 5.74658e-13
16.2023 RSS 4.47798e-13
16.3023 RSS 4.41361e-13
16.8 RSS 5.74658e-13
16.8023 RSS 4.47798e-13
16.9023 RSS 4.41361e-13
17.9 RSS 5.74658e-13
17.9023 RSS 4.47798e-13
18.0023 RSS 4.41361e-13
18.9 RSS 5.74658e-13
18.9023 RSS 4.47798e-13
19.0023 RSS 4.41361e-13
20 RSS 5.74658e-13
20.0023 RSS 4.47798e-13
20.1023 RSS 4.41361e-13
20.7 RSS 5.74658e-13
20.7023 RSS 4.47798e-13
20.8023 RSS 4.41361e-13
21.4 RSS 5.74658e-13
21.4023 RSS 4.47798e-13
21.5023 RSS 4.41361e-13
22.1 RSS 5.74658e-13
22.1023 RSS 4.47798e-13
22.2023 RSS 4.41361e-13
23.4 RSS 5.74658e-13
23.4023 RSS 4.47798e-13
--
Received one packet! Socket: 10.1.1.1 port: 49153 at time = 23.4023
--
23.5023 RSS 4.41361e-13
24.3 RSS 5.74658e-13
24.3023 RSS 4.47798e-13
24.4023 RSS 4.41361e-13
25.1 RSS 5.74658e-13
25.1023 RSS 4.47798e-13
--
Received one packet! Socket: 10.1.1.1 port: 49153 at time = 25.1023
--
25.2023 RSS 4.41361e-13
25.9 RSS 5.74658e-13
25.9023 RSS 4.47798e-13
26.0023 RSS 4.41361e-13
26.5 RSS 5.74658e-13
26.5023 RSS 4.47798e-13
--
Received one packet! Socket: 10.1.1.1 port: 49153 at time = 26.5023
--
26.6023 RSS 4.41361e-13
27.1 RSS 5.74658e-13
27.1023 RSS 4.47798e-13
27.2023 RSS 4.41361e-13
28.1 RSS 5.74658e-13
28.1023 RSS 4.47798e-13
28.2023 RSS 4.41361e-13
28.8 RSS 5.74658e-13
28.8023 RSS 4.47798e-13
28.9023 RSS 4.41361e-13
29.4 RSS 5.74658e-13
29.4023 RSS 4.47798e-13
29.5023 RSS 4.41361e-13
30.4 RSS 5.74658e-13
30.4023 RSS 4.47798e-13
30.5023 RSS 4.41361e-13
31.8 RSS 5.74658e-13
31.8023 RSS 4.47798e-13
31.9023 RSS 4.41361e-13
32.9 RSS 5.74658e-13
32.9023 RSS 4.47798e-13
33.0023 RSS 4.41361e-13
33.4 RSS 5.74658e-13
33.4023 RSS 4.47798e-13
33.5023 RSS 4.41361e-13
33.9 RSS 5.74658e-13
33.9023 RSS 4.47798e-13
34.0023 RSS 4.41361e-13
34.9 RSS 5.74658e-13
34.9023 RSS 4.47798e-13
--
Received one packet! Socket: 10.1.1.1 port: 49153 at time = 34.9023
--
35.0023 RSS 4.41361e-13
36.2 RSS 5.74658e-13
36.2023 RSS 4.47798e-13
36.3023 RSS 4.41361e-13
37.5 RSS 5.74658e-13
37.5023 RSS 4.47798e-13
37.6023 RSS 4.41361e-13
38.4 RSS 5.74658e-13
38.4023 RSS 4.47798e-13
38.5023 RSS 4.41361e-13
39.5 RSS 5.74658e-13
39.5023 RSS 4.47798e-13
--
Received one packet! Socket: 10.1.1.1 port: 49153 at time = 39.5023
--
39.6023 RSS 4.41361e-13
40 RSS 5.74658e-13
40.0023 RSS 4.47798e-13
40.1023 RSS 4.41361e-13
40.9 RSS 5.74658e-13
40.9023 RSS 4.47798e-13
41.0023 RSS 4.41361e-13
42 RSS 5.74658e-13
42.0023 RSS 4.47798e-13
42.1023 RSS 4.41361e-13
43.1 RSS 5.74658e-13
43.1023 RSS 4.47798e-13
--
Received one packet! Socket: 10.1.1.1 port: 49153 at time = 43.1023
--
43.2023 RSS 4.41361e-13
44.5 RSS 5.74658e-13
44.5023 RSS 4.47798e-13
44.6023 RSS 4.41361e-13
45.5 RSS 5.74658e-13
45.5023 RSS 4.47798e-13
--
Received one packet! Socket: 10.1.1.1 port: 49153 at time = 45.5023
--
45.6023 RSS 4.41361e-13
47 RSS 5.74658e-13
47.0023 RSS 4.47798e-13
--
Received one packet! Socket: 10.1.1.1 port: 49153 at time = 47.0023
--
47.1023 RSS 4.41361e-13
47.6 RSS 5.74658e-13
47.6023 RSS 4.47798e-13
47.7023 RSS 4.41361e-13
49.1 RSS 5.74658e-13
49.1023 RSS 4.47798e-13
--
Received one packet! Socket: 10.1.1.1 port: 49153 at time = 49.1023
--
49.2023 RSS 4.41361e-13
50.6 RSS 5.74658e-13
50.6023 RSS 4.47798e-13
50.7023 RSS 4.41361e-13
51.2 RSS 5.74658e-13
51.2023 RSS 4.47798e-13
51.3023 RSS 4.41361e-13
51.8 RSS 5.74658e-13
51.8023 RSS 4.47798e-13
51.9023 RSS 4.41361e-13
53 RSS 5.74658e-13
53.0023 RSS 4.47798e-13
53.1023 RSS 4.41361e-13
53.9 RSS 5.74658e-13
53.9023 RSS 4.47798e-13
54.0023 RSS 4.41361e-13
54.6 RSS 5.74658e-13
54.6023 RSS 4.47798e-13
54.7023 RSS 4.41361e-13
56 RSS 5.74658e-13
56.0023 RSS 4.47798e-13
56.1023 RSS 4.41361e-13
57 RSS 5.74658e-13
57.0023 RSS 4.47798e-13
57.1023 RSS 4.41361e-13
57.8 RSS 5.74658e-13
57.8023 RSS 4.47798e-13
57.9023 RSS 4.41361e-13
58.4 RSS 5.74658e-13
58.4023 RSS 4.47798e-13
58.5023 RSS 4.41361e-13
59.7 RSS 5.74658e-13
59.7023 RSS 4.47798e-13
--
Received one packet! Socket: 10.1.1.1 port: 49153 at time = 59.7023
--
59.8023 RSS 4.41361e-13
Actual PDR = 0.25
Actual RSS = 5.74658e-13
Actual Average Packet RSS = 5.79953e-13
