0 RSS 4.41361e-13
0.000573003 RSS 5.74658e-13
0.002877 RSS 4.47798e-13
0.002877 PRSS 5.79953e-13
--
Received one packet! Socket: 10.1.1.1 port: 49153 at time = 0.002877
--
0.102877 RSS 4.41361e-13
1.2 RSS 5.74658e-13
1.20231 RSS 4.47798e-13
1.30231 RSS 4.41361e-13
2.4 RSS 5.74658e-13
2.40231 RSS 4.47798e-13
--
Received one packet! Socket: 10.1.1.1 port: 49153 at time = 2.40231
--
2.50231 RSS 4.41361e-13
3 RSS 5.74658e-13
3.00231 RSS 4.47798e-13
3.10231 RSS 4.41361e-13
3.6 RSS 5.74658e-13
3.60231 RSS 4.47798e-13
3.70231 RSS 4.41361e-13
4.4 RSS 5.74658e-13
4.40231 RSS 4.47798e-13
4.50231 RSS 4.41361e-13
5.1 RSS 5.74658e-13
5.10231 RSS 4.47798e-13
--
Received one packet! Socket: 10.1.1.1 port: 49153 at time = 5.10231
--
5.20231 RSS 4.41361e-13
5.6 RSS 5.74658e-13
5.60231 RSS 4.47798e-13
5.70231 RSS 4.41361e-13
6.2 RSS 5.74658e-13
6.20231 RSS 4.47798e-13
6.30231 RSS 4.41361e-13
7.1 RSS 5.74658e-13
7.10231 RSS 4.47798e-13
7.20231 RSS 4.41361e-13
7.7 RSS 5.74658e-13
7.70231 RSS 4.47798e-13
--
Received one packet! Socket: 10.1.1.1 port: 49153 at time = 7.70231
--
7.80231 RSS 4.41361e-13
8.8 RSS 5.74658e-13
8.80231 RSS 4.47798e-13
--
Received one packet! Socket: 10.1.1.1 port: 49153 at time = 8.80231
--
8.90231 RSS 4.41361e-13
9.7 RSS 5.74658e-13
9.70231 RSS 4.47798e-13
9.80231 RSS 4.41361e-13
11.2 RSS 5.74658e-13
11.2023 RSS 4.47798e-13
11.3023 RSS 4.41361e-13
11.9 RSS 5.74658e-13
11.9023 RSS 4.47798e-13
12.0023 RSS 4.41361e-13
12.7 RSS 5.74658e-13
12.7023 RSS 4.47798e-13
12.8023 RSS 4.41361e-13
13.4 RSS 5.74658e-13
13.4023 RSS 4.47798e-13
13.5023 RSS 4.41361e-13
14.9 RSS 5.74658e-13
14.9023 RSS 4.47798e-13
15.0023 RSS 4.41361e-13
15.6 RSS 5.74658e-13
15.6023 RSS 4.47798e-13
15.7023 RSS 4.41361e-13
17.1 RSS 5.74658e-13
17.1023 RSS 4.47798e-13
17.2023 RSS 4.41361e-13
17.8 RSS 5.74658e-13
17.8023 RSS 4.47798e-13
17.9023 RSS 4.41361e-13
19 RSS 5.74658e-13
19.0023 RSS 4.47798e-13
19.1023 RSS 4.41361e-13
20.4 RSS 5.74658e-13
20.4023 RSS 4.47798e-13
20.5023 RSS 4.41361e-13
21 RSS 5.74658e-13
21.0023 RSS 4.47798e-13
21.1023 RSS 4.41361e-13
21.9 RSS 5.74658e-13
21.9023 RSS 4.47798e-13
22.0023 RSS 4.41361e-13
22.5 RSS 5.74658e-13
22.5023 RSS 4.47798e-13
--
Received one packet! Socket: 10.1.1.1 port: 49153 at time = 22.5023
--
22.6023 RSS 4.41361e-13
24 RSS 5.74658e-13
24.0023 RSS 4.47798e-13
24.1023 RSS 4.41361e-13
24.8 RSS 5.74658e-13
24.8023 RSS 4.47798e-13
--
Received one packet! Socket: 10.1.1.1 port: 49153 at time = 24.8023
--
24.9023 RSS 4.41361e-13
26.1 RSS 5.74658e-13
26.1023 RSS 4.47798e-13
26.2023 RSS 4.41361e-13
26.7 RSS 5.74658e-13
26.7023 RSS 4.47798e-13
--
Received one packet! Socket: 10.1.1.1 port: 49153 at time = 26.7023
--
26.8023 RSS 4.41361e-13
27.9 RSS 5.74658e-13
27.9023 RSS 4.47798e-13
28.0023 RSS 4.41361e-13
29.1 RSS 5.74658e-13
29.1023 RSS 4.47798e-13
29.2023 RSS 4.41361e-13
30.3 RSS 5.74658e-13
30.3023 RSS 4.47798e-13
30.4023 RSS 4.41361e-13
30.9 RSS 5.74658e-13
30.9023 RSS 4.47798e-13
31.0023 RSS 4.41361e-13
32.2 RSS 5.74658e-13
32.2023 RSS 4.47798e-13
32.3023 RSS 4.41361e-13
33.3 RSS 5.74658e-13
33.3023 RSS 4.47798e-13
33.4023 RSS 4.41361e-13
34.2 RSS 5.74658e-13
34.2023 RSS 4.47798e-13
34.3023 RSS 4.41361e-13
35.7 RSS 5.74658e-13
35.7023 RSS 4.47798e-13
35.8023 RSS 4.41361e-13
36.9 RSS 5.74658e-13
36.9023 RSS 4.47798e-13
37.0023 RSS 4.41361e-13
37.9 RSS 5.74658e-13
37.9023 RSS 4.47798e-13
--
Received one packet! Socket: 10.1.1.1 port: 49153 at time = 37.9023
--
38.0023 RSS 4.41361e-13
38.6 RSS 5.74658e-13
38.6023 RSS 4.47798e-13
38.7023 RSS 4.41361e-13
39.9 RSS 5.74658e-13
39.9023 RSS 4.47798e-13
40.0023 RSS 4.41361e-13
40.4 RSS 5.74658e-13
40.4023 RSS 4.47798e-13
40.5023 RSS 4.41361e-13
41.3 RSS 5.74658e-13
41.3023 RSS 4.47798e-13
--
Received one packet! Socket: 10.1.1.1 port: 49153 at time = 41.3023
--
41.4023 RSS 4.41361e-13
42.3 RSS 5.74658e-13
42.3023 RSS 4.47798e-13
42.4023 RSS 4.41361e-13
42.9 RSS 5.74658e-13
42.9023 RSS 4.47798e-13
43.0023 RSS 4.41361e-13
44.1 RSS 5.74658e-13
44.1023 RSS 4.47798e-13
44.2023 RSS 4.41361e-13
45.4 RSS 5.74658e-13
45.4023 RSS 4.47798e-13
--
Received one packet! Socket: 10.1.1.1 port: 49153 at time = 45.4023
--
45.5023 RSS 4.41361e-13
46.8 RSS 5.74658e-13
46.8023 RSS 4.47798e-13
46.9023 RSS 4.41361e-13
48 RSS 5.74658e-13
48.0023 RSS 4.47798e-13
--
Received one packet! Socket: 10.1.1.1 port: 49153 at time = 48.0023
--
48.1023 RSS 4.41361e-13
49 RSS 5.74658e-13
49.0023 RSS 4.47798e-13
--
Received one packet! Socket: 10.1.1.1 port: 49153 at time = 49.0023
--
49.1023 RSS 4.41361e-13
49.5 RSS 5.74658e-13
49.5023 RSS 4.47798e-13
49.6023 RSS 4.41361e-13
50.3 RSS 5.74658e-13
50.3023 RSS 4.47798e-13
--
Received one packet! Socket: 10.1.1.1 port: 49153 at time = 50.3023
--
50.4023 RSS 4.41361e-13
51 RSS 5.74658e-13
51.0023 RSS 4.47798e-13
51.1023 RSS 4.41361e-13
51.6 RSS 5.74658e-13
51.6023 RSS 4.47798e-13
51.7023 RSS 4.41361e-13
52.6 RSS 5.74658e-13
52.6023 RSS 4.47798e-13
52.7023 RSS 4.41361e-13
53.4 RSS 5.74658e-13
53.4023 RSS 4.47798e-13
53.5023 RSS 4.41361e-13
54.8 RSS 5.74658e-13
54.8023 RSS 4.47798e-13
54.9023 RSS 4.41361e-13
56.2 RSS 5.74658e-13
56.2023 RSS 4.47798e-13
56.3023 RSS 4.41361e-13
57.6 RSS 5.74658e-13
57.6023 RSS 4.47798e-13
57.7023 RSS 4.41361e-13
59 RSS 5.74658e-13
59.0023 RSS 4.47798e-13
59.1023 RSS 4.41361e-13
59.8 RSS 5.74658e-13
59.8023 RSS 4.47798e-13
59.9023 RSS 4.41361e-13
Actual PDR = 0.225
Actual RSS = 5.74658e-13
Actual Average Packet RSS = 5.79953e-13
