0 RSS 4.41361e-13
0.000574669 RSS 4.96492e-13
0.00287867 RSS 4.49711e-13
0.00287867 PRSS 5.03372e-13
0.102879 RSS 4.41361e-13
1.4 RSS 4.96492e-13
1.40231 RSS 4.49711e-13
1.50231 RSS 4.41361e-13
2.6 RSS 4.96492e-13
2.60231 RSS 4.49711e-13
2.70231 RSS 4.41361e-13
3.7 RSS 4.96492e-13
3.70231 RSS 4.49711e-13
3.80231 RSS 4.41361e-13
4.5 RSS 4.96492e-13
4.50231 RSS 4.49711e-13
4.60231 RSS 4.41361e-13
5.7 RSS 4.96492e-13
5.70231 RSS 4.49711e-13
5.80231 RSS 4.41361e-13
6.8 RSS 4.96492e-13
6.80231 RSS 4.49711e-13
6.90231 RSS 4.41361e-13
8.2 RSS 4.96492e-13
8.20231 RSS 4.49711e-13
8.30231 RSS 4.41361e-13
9.7 RSS 4.96492e-13
9.70231 RSS 4.49711e-13
9.80231 RSS 4.41361e-13
10.9 RSS 4.96492e-13
10.9023 RSS 4.49711e-13
11.0023 RSS 4.41361e-13
12 RSS 4.96492e-13
12.0023 RSS 4.49711e-13
12.1023 RSS 4.41361e-13
12.6 RSS 4.96492e-13
12.6023 RSS 4.49711e-13
12.7023 RSS 4.41361e-13
13.9 RSS 4.96492e-13
13.9023 RSS 4.49711e-13
14.0023 RSS 4.41361e-13
15.1 RSS 4.96492e-13
15.1023 RSS 4.49711e-13
15.2023 RSS 4.41361e-13
16.5 RSS 4.96492e-13
16.5023 RSS 4.49711e-13
16.6023 RSS 4.41361e-13
17.2 RSS 4.96492e-13
17.2023 RSS 4.49711e-13
17.3023 RSS 4.41361e-13
18 RSS 4.96492e-13
18.0023 RSS 4.49711e-13
18.1023 RSS 4.41361e-13
19.2 RSS 4.96492e-13
19.2023 RSS 4.49711e-13
19.3023 RSS 4.41361e-13
20 RSS 4.96492e-13
20.0023 RSS 4.49711e-13
20.1023 RSS 4.41361e-13
21.2 RSS 4.96492e-13
21.2023 RSS 4.49711e-13
21.3023 RSS 4.41361e-13
22.7 RSS 4.96492e-13
22.7023 RSS 4.49711e-13
22.8023 RSS 4.41361e-13
23.2 RSS 4.96492e-13
23.2023 RSS 4.49711e-13
23.3023 RSS 4.41361e-13
23.7 RSS 4.96492e-13
23.7023 RSS 4.49711e-13
23.8023 RSS 4.41361e-13
24.3 RSS 4.96492e-13
24.3023 RSS 4.49711e-13
24.4023 RSS 4.41361e-13
25.6 RSS 4.96492e-13
25.6023 RSS 4.49711e-13
25.7023 RSS 4.41361e-13
26.5 RSS 4.96492e-13
26.5023 RSS 4.49711e-13
26.6023 RSS 4.41361e-13
27.1 RSS 4.96492e-13
27.1023 RSS 4.49711e-13
27.2023 RSS 4.41361e-13
27.7 RSS 4.96492e-13
27.7023 RSS 4.49711e-13
27.8023 RSS 4.41361e-13
28.7 RSS 4.96492e-13
28.7023 RSS 4.49711e-13
28.8023 RSS 4.41361e-13
29.7 RSS 4.96492e-13
29.7023 RSS 4.49711e-13
29.8023 RSS 4.41361e-13
30.9 RSS 4.96492e-13
30.9023 RSS 4.49711e-13
31.0023 RSS 4.41361e-13
32.3 RSS 4.96492e-13
32.3023 RSS 4.49711e-13
32.4023 RSS 4.41361e-13
33 RSS 4.96492e-13
33.0023 RSS 4.49711e-13
33.1023 RSS 4.41361e-13
33.9 RSS 4.96492e-13
33.9023 RSS 4.49711e-13
34.0023 RSS 4.41361e-13
34.8 RSS 4.96492e-13
34.8023 RSS 4.49711e-13
34.9023 RSS 4.41361e-13
35.8 RSS 4.96492e-13
35.8023 RSS 4.49711e-13
35.9023 RSS 4.41361e-13
36.3 RSS 4.96492e-13
36.3023 RSS 4.49711e-13
36.4023 RSS 4.41361e-13
36.8 RSS 4.96492e-13
36.8023 RSS 4.49711e-13
36.9023 RSS 4.41361e-13
37.6 RSS 4.96492e-13
37.6023 RSS 4.49711e-13
37.7023 RSS 4.41361e-13
38.9 RSS 4.96492e-13
38.9023 RSS 4.49711e-13
39.0023 RSS 4.41361e-13
39.9 RSS 4.96492e-13
39.9023 RSS 4.49711e-13
40.0023 RSS 4.41361e-13
41.1 RSS 4.96492e-13
41.1023 RSS 4.49711e-13
41.2023 RSS 4.41361e-13
42.6 RSS 4.96492e-13
42.6023 RSS 4.49711e-13
42.7023 RSS 4.41361e-13
43.4 RSS 4.96492e-13
43.4023 RSS 4.49711e-13
43.5023 RSS 4.41361e-13
44.2 RSS 4.96492e-13
44.2023 RSS 4.49711e-13
44.3023 RSS 4.41361e-13
45.3 RSS 4.96492e-13
45.3023 RSS 4.49711e-13
45.4023 RSS 4.41361e-13
46.1 RSS 4.96492e-13
46.1023 RSS 4.49711e-13
46.2023 RSS 4.41361e-13
47 RSS 4.96492e-13
47.0023 RSS 4.49711e-13
47.1023 RSS 4.41361e-13
47.5 RSS 4.96492e-13
47.5023 RSS 4.49711e-13
47.6023 RSS 4.41361e-13
48.6 RSS 4.96492e-13
48.6023 RSS 4.49711e-13
48.7023 RSS 4.41361e-13
49.1 RSS 4.96492e-13
49.1023 RSS 4.49711e-13
49.2023 RSS 4.41361e-13
50.6 RSS 4.96492e-13
50.6023 RSS 4.49711e-13
50.7023 RSS 4.41361e-13
51.7 RSS 4.96492e-13
51.7023 RSS 4.49711e-13
51.8023 RSS 4.41361e-13
53.2 RSS 4.96492e-13
53.2023 RSS 4.49711e-13
53.3023 RSS 4.41361e-13
54.6 RSS 4.96492e-13
54.6023 RSS 4.49711e-13
54.7023 RSS 4.41361e-13
55.4 RSS 4.96492e-13
55.4023 RSS 4.49711e-13
55.5023 RSS 4.41361e-13
56.2 RSS 4.96492e-13
56.2023 RSS 4.49711e-13
56.3023 RSS 4.41361e-13
56.7 RSS 4.96492e-13
56.7023 RSS 4.49711e-13
56.8023 RSS 4.41361e-13
57.7 RSS 4.96492e-13
57.7023 RSS 4.49711e-13
57.8023 RSS 4.41361e-13
59 RSS 4.96492e-13
59.0023 RSS 4.49711e-13
59.1023 RSS 4.41361e-13
59.8 RSS 4.96492e-13
59.8023 RSS 4.49711e-13
59.9023 RSS 4.41361e-13
Actual PDR = 0
Actual RSS = 4.96492e-13
Actual Average Packet RSS = 5.03372e-13
