0 RSS 4.41361e-13
0.000570003 RSS 1.08211e-07
0.002874 RSS 4.4569e-13
0.002874 PRSS 1.08211e-07
--
Received one packet! Socket: 10.1.1.1 port: 49153 at time = 0.002874
--
0.102874 RSS 4.41361e-13
1 RSS 1.08211e-07
1.0023 RSS 4.4569e-13
--
Received one packet! Socket: 10.1.1.1 port: 49153 at time = 1.0023
--
1.1023 RSS 4.41361e-13
2.5 RSS 1.08211e-07
2.5023 RSS 4.4569e-13
--
Received one packet! Socket: 10.1.1.1 port: 49153 at time = 2.5023
--
2.6023 RSS 4.41361e-13
3.1 RSS 1.08211e-07
3.1023 RSS 4.4569e-13
--
Received one packet! Socket: 10.1.1.1 port: 49153 at time = 3.1023
--
3.2023 RSS 4.41361e-13
4.2 RSS 1.08211e-07
4.2023 RSS 4.4569e-13
--
Received one packet! Socket: 10.1.1.1 port: 49153 at time = 4.2023
--
4.3023 RSS 4.41361e-13
5.4 RSS 1.08211e-07
5.4023 RSS 4.4569e-13
--
Received one packet! Socket: 10.1.1.1 port: 49153 at time = 5.4023
--
5.5023 RSS 4.41361e-13
6.8 RSS 1.08211e-07
6.8023 RSS 4.4569e-13
--
Received one packet! Socket: 10.1.1.1 port: 49153 at time = 6.8023
--
6.9023 RSS 4.41361e-13
7.6 RSS 1.08211e-07
7.6023 RSS 4.4569e-13
--
Received one packet! Socket: 10.1.1.1 port: 49153 at time = 7.6023
--
7.7023 RSS 4.41361e-13
8.1 RSS 1.08211e-07
8.1023 RSS 4.4569e-13
--
Received one packet! Socket: 10.1.1.1 port: 49153 at time = 8.1023
--
8.2023 RSS 4.41361e-13
8.6 RSS 1.08211e-07
8.6023 RSS 4.4569e-13
--
Received one packet! Socket: 10.1.1.1 port: 49153 at time = 8.6023
--
8.7023 RSS 4.41361e-13
9.7 RSS 1.08211e-07
9.7023 RSS 4.4569e-13
--
Received one packet! Socket: 10.1.1.1 port: 49153 at time = 9.7023
--
9.8023 RSS 4.41361e-13
10.4 RSS 1.08211e-07
10.4023 RSS 4.4569e-13
--
Received one packet! Socket: 10.1.1.1 port: 49153 at time = 10.4023
--
10.5023 RSS 4.41361e-13
11.1 RSS 1.08211e-07
11.1023 RSS 4.4569e-13
--
Received one packet! Socket: 10.1.1.1 port: 49153 at time = 11.1023
--
11.2023 RSS 4.41361e-13
12.4 RSS 1.08211e-07
12.4023 RSS 4.4569e-13
--
Received one packet! Socket: 10.1.1.1 port: 49153 at time = 12.4023
--
12.5023 RSS 4.41361e-13
13.8 RSS 1.08211e-07
13.8023 RSS 4.4569e-13
--
Received one packet! Socket: 10.1.1.1 port: 49153 at time = 13.8023
--
13.9023 RSS 4.41361e-13
15 RSS 1.08211e-07
15.0023 RSS 4.4569e-13
--
Received one packet! Socket: 10.1.1.1 port: 49153 at time = 15.0023
--
15.1023 RSS 4.41361e-13
15.7 RSS 1.08211e-07
15.7023 RSS 4.4569e-13
--
Received one packet! Socket: 10.1.1.1 port: 49153 at time = 15.7023
--
15.8023 RSS 4.41361e-13
16.4 RSS 1.08211e-07
16.4023 RSS 4.4569e-13
--
Received one packet! Socket: 10.1.1.1 port: 49153 at time = 16.4023
--
16.5023 RSS 4.41361e-13
17.4 RSS 1.08211e-07
17.4023 RSS 4.4569e-13
--
Received one packet! Socket: 10.1.1.1 port: 49153 at time = 17.4023
--
17.5023 RSS 4.41361e-13
18.3 RSS 1.08211e-07
18.3023 RSS 4.4569e-13
--
Received one packet! Socket: 10.1.1.1 port: 49153 at time = 18.3023
--
18.4023 RSS 4.41361e-13
18.8 RSS 1.08211e-07
18.8023 RSS 4.4569e-13
--
Received one packet! Socket: 10.1.1.1 port: 49153 at time = 18.8023
--
18.9023 RSS 4.41361e-13
19.9 RSS 1.08211e-07
19.9023 RSS 4.4569e-13
--
Received one packet! Socket: 10.1.1.1 port: 49153 at time = 19.9023
--
20.0023 RSS 4.41361e-13
20.5 RSS 1.08211e-07
20.5023 RSS 4.4569e-13
--
Received one packet! Socket: 10.1.1.1 port: 49153 at time = 20.5023
--
20.6023 RSS 4.41361e-13
21.9 RSS 1.08211e-07
21.9023 RSS 4.4569e-13
--
Received one packet! Socket: 10.1.1.1 port: 49153 at time = 21.9023
--
22.0023 RSS 4.41361e-13
22.6 RSS 1.08211e-07
22.6023 RSS 4.4569e-13
--
Received one packet! Socket: 10.1.1.1 port: 49153 at time = 22.6023
--
22.7023 RSS 4.41361e-13
23.2 RSS 1.08211e-07
23.2023 RSS 4.4569e-13
--
Received one packet! Socket: 10.1.1.1 port: 49153 at time = 23.2023
--
23.3023 RSS 4.41361e-13
24.1 RSS 1.08211e-07
24.1023 RSS 4.4569e-13
--
Received one packet! Socket: 10.1.1.1 port: 49153 at time = 24.1023
--
24.2023 RSS 4.41361e-13
24.9 RSS 1.08211e-07
24.9023 RSS 4.4569e-13
--
Received one packet! Socket: 10.1.1.1 port: 49153 at time = 24.9023
--
25.0023 RSS 4.41361e-13
25.4 RSS 1.08211e-07
25.4023 RSS 4.4569e-13
--
Received one packet! Socket: 10.1.1.1 port: 49153 at time = 25.4023
--
25.5023 RSS 4.41361e-13
26.3 RSS 1.08211e-07
26.3023 RSS 4.4569e-13
--
Received one packet! Socket: 10.1.1.1 port: 49153 at time = 26.3023
--
26.4023 RSS 4.41361e-13
27.6 RSS 1.08211e-07
27.6023 RSS 4.4569e-13
--
Received one packet! Socket: 10.1.1.1 port: 49153 at time = 27.6023
--
27.7023 RSS 4.41361e-13
29.1 RSS 1.08211e-07
29.1023 RSS 4.4569e-13
--
Received one packet! Socket: 10.1.1.1 port: 49153 at time = 29.1023
--
29.2023 RSS 4.41361e-13
30.3 RSS 1.08211e-07
30.3023 RSS 4.4569e-13
--
Received one packet! Socket: 10.1.1.1 port: 49153 at time = 30.3023
--
30.4023 RSS 4.41361e-13
31.3 RSS 1.08211e-07
31.3023 RSS 4.4569e-13
--
Received one packet! Socket: 10.1.1.1 port: 49153 at time = 31.3023
--
31.4023 RSS 4.41361e-13
31.8 RSS 1.08211e-07
31.8023 RSS 4.4569e-13
--
Received one packet! Socket: 10.1.1.1 port: 49153 at time = 31.8023
--
31.9023 RSS 4.41361e-13
32.5 RSS 1.08211e-07
32.5023 RSS 4.4569e-13
--
Received one packet! Socket: 10.1.1.1 port: 49153 at time = 32.5023
--
32.6023 RSS 4.41361e-13
34 RSS 1.08211e-07
34.0023 RSS 4.4569e-13
--
Received one packet! Socket: 10.1.1.1 port: 49153 at time = 34.0023
--
34.1023 RSS 4.41361e-13
35.4 RSS 1.08211e-07
35.4023 RSS 4.4569e-13
--
Received one packet! Socket: 10.1.1.1 port: 49153 at time = 35.4023
--
35.5023 RSS 4.41361e-13
36.2 RSS 1.08211e-07
36.2023 RSS 4.4569e-13
--
Received one packet! Socket: 10.1.1.1 port: 49153 at time = 36.2023
--
36.3023 RSS 4.41361e-13
37.5 RSS 1.08211e-07
37.5023 RSS 4.4569e-13
--
Received one packet! Socket: 10.1.1.1 port: 49153 at time = 37.5023
--
37.6023 RSS 4.41361e-13
38.7 RSS 1.08211e-07
38.7023 RSS 4.4569e-13
--
Received one packet! Socket: 10.1.1.1 port: 49153 at time = 38.7023
--
38.8023 RSS 4.41361e-13
40.1 RSS 1.08211e-07
40.1023 RSS 4.4569e-13
--
Received one packet! Socket: 10.1.1.1 port: 49153 at time = 40.1023
--
40.2023 RSS 4.41361e-13
41.6 RSS 1.08211e-07
41.6023 RSS 4.4569e-13
--
Received one packet! Socket: 10.1.1.1 port: 49153 at time = 41.6023
--
41.7023 RSS 4.41361e-13
42.8 RSS 1.08211e-07
42.8023 RSS 4.4569e-13
--
Received one packet! Socket: 10.1.1.1 port: 49153 at time = 42.8023
--
42.9023 RSS 4.41361e-13
43.7 RSS 1.08211e-07
43.7023 RSS 4.4569e-13
--
Received one packet! Socket: 10.1.1.1 port: 49153 at time = 43.7023
--
43.8023 RSS 4.41361e-13
44.8 RSS 1.08211e-07
44.8023 RSS 4.4569e-13
--
Received one packet! Socket: 10.1.1.1 port: 49153 at time = 44.8023
--
44.9023 RSS 4.41361e-13
45.7 RSS 1.08211e-07
45.7023 RSS 4.4569e-13
--
Received one packet! Socket: 10.1.1.1 port: 49153 at time = 45.7023
--
45.8023 RSS 4.41361e-13
46.8 RSS 1.08211e-07
46.8023 RSS 4.4569e-13
--
Received one packet! Socket: 10.1.1.1 port: 49153 at time = 46.8023
--
46.9023 RSS 4.41361e-13
48.1 RSS 1.08211e-07
48.1023 RSS 4.4569e-13
--
Received one packet! Socket: 10.1.1.1 port: 49153 at time = 48.1023
--
48.2023 RSS 4.41361e-13
49.5 RSS 1.08211e-07
49.5023 RSS 4.4569e-13
--
Received one packet! Socket: 10.1.1.1 port: 49153 at time = 49.5023
--
49.6023 RSS 4.41361e-13
50.8 RSS 1.08211e-07
50.8023 RSS 4.4569e-13
--
Received one packet! Socket: 10.1.1.1 port: 49153 at time = 50.8023
--
50.9023 RSS 4.41361e-13
51.9 RSS 1.08211e-07
51.9023 RSS 4.4569e-13
--
Received one packet! Socket: 10.1.1.1 port: 49153 at time = 51.9023
--
52.0023 RSS 4.41361e-13
52.6 RSS 1.08211e-07
52.6023 RSS 4.4569e-13
--
Received one packet! Socket: 10.1.1.1 port: 49153 at time = 52.6023
--
52.7023 RSS 4.41361e-13
53.8 RSS 1.08211e-07
53.8023 RSS 4.4569e-13
--
Received one packet! Socket: 10.1.1.1 port: 49153 at time = 53.8023
--
53.9023 RSS 4.41361e-13
54.8 RSS 1.08211e-07
54.8023 RSS 4.4569e-13
--
Received one packet! Socket: 10.1.1.1 port: 49153 at time = 54.8023
--
54.9023 RSS 4.41361e-13
55.6 RSS 1.08211e-07
55.6023 RSS 4.4569e-13
--
Received one packet! Socket: 10.1.1.1 port: 49153 at time = 55.6023
--
55.7023 RSS 4.41361e-13
56.7 RSS 1.08211e-07
56.7023 RSS 4.4569e-13
--
Received one packet! Socket: 10.1.1.1 port: 49153 at time = 56.7023
--
56.8023 RSS 4.41361e-13
58.1 RSS 1.08211e-07
58.1023 RSS 4.4569e-13
--
Received one packet! Socket: 10.1.1.1 port: 49153 at time = 58.1023
--
58.2023 RSS 4.41361e-13
59.2 RSS 1.08211e-07
59.2023 RSS 4.4569e-13
--
Received one packet! Socket: 10.1.1.1 port: 49153 at time = 59.2023
--
59.3023 RSS 4.41361e-13
Actual PDR = 1
Actual RSS = 1.08211e-07
Actual Average Packet RSS = 1.08211e-07
