0 RSS 4.41361e-13
0.000573336 RSS 5.49355e-13
0.00287734 RSS 4.48124e-13
0.00287734 PRSS 5.5492e-13
0.102877 RSS 4.41361e-13
0.900003 RSS 5.49355e-13
0.902307 RSS 4.48124e-13
1.00231 RSS 4.41361e-13
2.1 RSS 5.49355e-13
2.10231 RSS 4.48124e-13
2.20231 RSS 4.41361e-13
3 RSS 5.49355e-13
3.00231 RSS 4.48124e-13
3.10231 RSS 4.41361e-13
4.4 RSS 5.49355e-13
4.40231 RSS 4.48124e-13
4.50231 RSS 4.41361e-13
5 RSS 5.49355e-13
5.00231 RSS 4.48124e-13
5.10231 RSS 4.41361e-13
5.8 RSS 5.49355e-13
5.80231 RSS 4.48124e-13
5.90231 RSS 4.41361e-13
7.3 RSS 5.49355e-13
7.30231 RSS 4.48124e-13
7.40231 RSS 4.41361e-13
8.1 RSS 5.49355e-13
8.10231 RSS 4.48124e-13
8.20231 RSS 4.41361e-13
9.3 RSS 5.49355e-13
9.30231 RSS 4.48124e-13
9.40231 RSS 4.41361e-13
9.8 RSS 5.49355e-13
9.80231 RSS 4.48124e-13
9.90231 RSS 4.41361e-13
10.3 RSS 5.49355e-13
10.3023 RSS 4.48124e-13
10.4023 RSS 4.41361e-13
10.9 RSS 5.49355e-13
10.9023 RSS 4.48124e-13
11.0023 RSS 4.41361e-13
12.3 RSS 5.49355e-13
12.3023 RSS 4.48124e-13
12.4023 RSS 4.41361e-13
13.7 RSS 5.49355e-13
13.7023 RSS 4.48124e-13
13.8023 RSS 4.41361e-13
14.5 RSS 5.49355e-13
14.5023 RSS 4.48124e-13
14.6023 RSS 4.41361e-13
15.7 RSS 5.49355e-13
15.7023 RSS 4.48124e-13
15.8023 RSS 4.41361e-13
16.9 RSS 5.49355e-13
16.9023 RSS 4.48124e-13
17.0023 RSS 4.41361e-13
17.5 RSS 5.49355e-13
17.5023 RSS 4.48124e-13
17.6023 RSS 4.41361e-13
18.8 RSS 5.49355e-13
18.8023 RSS 4.48124e-13
18.9023 RSS 4.41361e-13
20.2 RSS 5.49355e-13
20.2023 RSS 4.48124e-13
20.3023 RSS 4.41361e-13
20.9 RSS 5.49355e-13
20.9023 RSS 4.48124e-13
21.0023 RSS 4.41361e-13
22 RSS 5.49355e-13
22.0023 RSS 4.48124e-13
22.1023 RSS 4.41361e-13
23.2 RSS 5.49355e-13
23.2023 RSS 4.48124e-13
23.3023 RSS 4.41361e-13
24.3 RSS 5.49355e-13
24.3023 RSS 4.48124e-13
24.4023 RSS 4.41361e-13
24.8 RSS 5.49355e-13
24.8023 RSS 4.48124e-13
24.9023 RSS 4.41361e-13
26.1 RSS 5.49355e-13
26.1023 RSS 4.48124e-13
26.2023 RSS 4.41361e-13
26.8 RSS 5.49355e-13
26.8023 RSS 4.48124e-13
26.9023 RSS 4.41361e-13
28.3 RSS 5.49355e-13
28.3023 RSS 4.48124e-13
28.4023 RSS 4.41361e-13
29.5 RSS 5.49355e-13
29.5023 RSS 4.48124e-13
--
Received one packet! Socket: 10.1.1.1 port: 49153 at time = 29.5023
--
29.6023 RSS 4.41361e-13
30.3 RSS 5.49355e-13
30.3023 RSS 4.48124e-13
30.4023 RSS 4.41361e-13
31 RSS 5.49355e-13
31.0023 RSS 4.48124e-13
31.1023 RSS 4.41361e-13
31.5 RSS 5.49355e-13
31.5023 RSS 4.48124e-13
31.6023 RSS 4.41361e-13
33 RSS 5.49355e-13
33.0023 RSS 4.48124e-13
33.1023 RSS 4.41361e-13
33.9 RSS 5.49355e-13
33.9023 RSS 4.48124e-13
34.0023 RSS 4.41361e-13
35.3 RSS 5.49355e-13
35.3023 RSS 4.48124e-13
35.4023 RSS 4.41361e-13
36.7 RSS 5.49355e-13
36.7023 RSS 4.48124e-13
36.8023 RSS 4.41361e-13
38 RSS 5.49355e-13
38.0023 RSS 4.48124e-13
38.1023 RSS 4.41361e-13
39.1 RSS 5.49355e-13
39.1023 RSS 4.48124e-13
39.2023 RSS 4.41361e-13
40.6 RSS 5.49355e-13
40.6023 RSS 4.48124e-13
40.7023 RSS 4.41361e-13
41.5 RSS 5.49355e-13
41.5023 RSS 4.48124e-13
41.6023 RSS 4.41361e-13
42.4 RSS 5.49355e-13
42.4023 RSS 4.48124e-13
42.5023 RSS 4.41361e-13
43.9 RSS 5.49355e-13
43.9023 RSS 4.48124e-13
44.0023 RSS 4.41361e-13
44.9 RSS 5.49355e-13
44.9023 RSS 4.48124e-13
45.0023 RSS 4.41361e-13
45.6 RSS 5.49355e-13
45.6023 RSS 4.48124e-13
45.7023 RSS 4.41361e-13
46.8 RSS 5.49355e-13
46.8023 RSS 4.48124e-13
46.9023 RSS 4.41361e-13
47.9 RSS 5.49355e-13
47.9023 RSS 4.48124e-13
48.0023 RSS 4.41361e-13
49.3 RSS 5.49355e-13
49.3023 RSS 4.48124e-13
49.4023 RSS 4.41361e-13
50.1 RSS 5.49355e-13
50.1023 RSS 4.48124e-13
50.2023 RSS 4.41361e-13
51.1 RSS 5.49355e-13
51.1023 RSS 4.48124e-13
51.2023 RSS 4.41361e-13
52.2 RSS 5.49355e-13
52.2023 RSS 4.48124e-13
52.3023 RSS 4.41361e-13
53.7 RSS 5.49355e-13
53.7023 RSS 4.48124e-13
53.8023 RSS 4.41361e-13
54.8 RSS 5.49355e-13
54.8023 RSS 4.48124e-13
54.9023 RSS 4.41361e-13
55.4 RSS 5.49355e-13
55.4023 RSS 4.48124e-13
55.5023 RSS 4.41361e-13
56.3 RSS 5.49355e-13
56.3023 RSS 4.48124e-13
56.4023 RSS 4.41361e-13
56.9 RSS 5.49355e-13
56.9023 RSS 4.48124e-13
57.0023 RSS 4.41361e-13
57.4 RSS 5.49355e-13
57.4023 RSS 4.48124e-13
57.5023 RSS 4.41361e-13
58 RSS 5.49355e-13
58.0023 RSS 4.48124e-13
58.1023 RSS 4.41361e-13
58.8 RSS 5.49355e-13
58.8023 RSS 4.48124e-13
58.9023 RSS 4.41361e-13
Actual PDR = 0.025
Actual RSS = 5.49355e-13
Actual Average Packet RSS = 5.5492e-13
