0 RSS 4.41361e-13
0.000571003 RSS 1.63572e-12
0.002875 RSS 4.4626e-13
0.002875 PRSS 1.63974e-12
--
Received one packet! Socket: 10.1.1.1 port: 49153 at time = 0.002875
--
0.102875 RSS 4.41361e-13
0.600001 RSS 1.63572e-12
0.602305 RSS 4.4626e-13
--
Received one packet! Socket: 10.1.1.1 port: 49153 at time = 0.602305
--
0.702305 RSS 4.41361e-13
2 RSS 1.63572e-12
2.00231 RSS 4.4626e-13
--
Received one packet! Socket: 10.1.1.1 port: 49153 at time = 2.00231
--
2.10231 RSS 4.41361e-13
2.7 RSS 1.63572e-12
2.7023 RSS 4.4626e-13
--
Received one packet! Socket: 10.1.1.1 port: 49153 at time = 2.7023
--
2.80231 RSS 4.41361e-13
3.4 RSS 1.63572e-12
3.4023 RSS 4.4626e-13
--
Received one packet! Socket: 10.1.1.1 port: 49153 at time = 3.4023
--
3.5023 RSS 4.41361e-13
4.8 RSS 1.63572e-12
4.8023 RSS 4.4626e-13
--
Received one packet! Socket: 10.1.1.1 port: 49153 at time = 4.8023
--
4.9023 RSS 4.41361e-13
6.2 RSS 1.63572e-12
6.2023 RSS 4.4626e-13
--
Received one packet! Socket: 10.1.1.1 port: 49153 at time = 6.2023
--
6.3023 RSS 4.41361e-13
7.4 RSS 1.63572e-12
7.4023 RSS 4.4626e-13
--
Received one packet! Socket: 10.1.1.1 port: 49153 at time = 7.4023
--
7.5023 RSS 4.41361e-13
8.3 RSS 1.63572e-12
8.3023 RSS 4.4626e-13
--
Received one packet! Socket: 10.1.1.1 port: 49153 at time = 8.3023
--
8.4023 RSS 4.41361e-13
9.1 RSS 1.63572e-12
9.1023 RSS 4.4626e-13
--
Received one packet! Socket: 10.1.1.1 port: 49153 at time = 9.1023
--
9.2023 RSS 4.41361e-13
10.5 RSS 1.63572e-12
10.5023 RSS 4.4626e-13
--
Received one packet! Socket: 10.1.1.1 port: 49153 at time = 10.5023
--
10.6023 RSS 4.41361e-13
11.1 RSS 1.63572e-12
11.1023 RSS 4.4626e-13
--
Received one packet! Socket: 10.1.1.1 port: 49153 at time = 11.1023
--
11.2023 RSS 4.41361e-13
12.5 RSS 1.63572e-12
12.5023 RSS 4.4626e-13
--
Received one packet! Socket: 10.1.1.1 port: 49153 at time = 12.5023
--
12.6023 RSS 4.41361e-13
13.2 RSS 1.63572e-12
13.2023 RSS 4.4626e-13
--
Received one packet! Socket: 10.1.1.1 port: 49153 at time = 13.2023
--
13.3023 RSS 4.41361e-13
14.6 RSS 1.63572e-12
14.6023 RSS 4.4626e-13
--
Received one packet! Socket: 10.1.1.1 port: 49153 at time = 14.6023
--
14.7023 RSS 4.41361e-13
15.8 RSS 1.63572e-12
15.8023 RSS 4.4626e-13
--
Received one packet! Socket: 10.1.1.1 port: 49153 at time = 15.8023
--
15.9023 RSS 4.41361e-13
17.3 RSS 1.63572e-12
17.3023 RSS 4.4626e-13
--
Received one packet! Socket: 10.1.1.1 port: 49153 at time = 17.3023
--
17.4023 RSS 4.41361e-13
17.9 RSS 1.63572e-12
17.9023 RSS 4.4626e-13
--
Received one packet! Socket: 10.1.1.1 port: 49153 at time = 17.9023
--
18.0023 RSS 4.41361e-13
18.6 RSS 1.63572e-12
18.6023 RSS 4.4626e-13
--
Received one packet! Socket: 10.1.1.1 port: 49153 at time = 18.6023
--
18.7023 RSS 4.41361e-13
19.9 RSS 1.63572e-12
19.9023 RSS 4.4626e-13
--
Received one packet! Socket: 10.1.1.1 port: 49153 at time = 19.9023
--
20.0023 RSS 4.41361e-13
20.4 RSS 1.63572e-12
20.4023 RSS 4.4626e-13
--
Received one packet! Socket: 10.1.1.1 port: 49153 at time = 20.4023
--
20.5023 RSS 4.41361e-13
21.7 RSS 1.63572e-12
21.7023 RSS 4.4626e-13
--
Received one packet! Socket: 10.1.1.1 port: 49153 at time = 21.7023
--
21.8023 RSS 4.41361e-13
22.8 RSS 1.63572e-12
22.8023 RSS 4.4626e-13
--
Received one packet! Socket: 10.1.1.1 port: 49153 at time = 22.8023
--
22.9023 RSS 4.41361e-13
23.5 RSS 1.63572e-12
23.5023 RSS 4.4626e-13
--
Received one packet! Socket: 10.1.1.1 port: 49153 at time = 23.5023
--
23.6023 RSS 4.41361e-13
24 RSS 1.63572e-12
24.0023 RSS 4.4626e-13
--
Received one packet! Socket: 10.1.1.1 port: 49153 at time = 24.0023
--
24.1023 RSS 4.41361e-13
24.6 RSS 1.63572e-12
24.6023 RSS 4.4626e-13
--
Received one packet! Socket: 10.1.1.1 port: 49153 at time = 24.6023
--
24.7023 RSS 4.41361e-13
25.4 RSS 1.63572e-12
25.4023 RSS 4.4626e-13
--
Received one packet! Socket: 10.1.1.1 port: 49153 at time = 25.4023
--
25.5023 RSS 4.41361e-13
26.3 RSS 1.63572e-12
26.3023 RSS 4.4626e-13
--
Received one packet! Socket: 10.1.1.1 port: 49153 at time = 26.3023
--
26.4023 RSS 4.41361e-13
27.8 RSS 1.63572e-12
27.8023 RSS 4.4626e-13
--
Received one packet! Socket: 10.1.1.1 port: 49153 at time = 27.8023
--
27.9023 RSS 4.41361e-13
29.3 RSS 1.63572e-12
29.3023 RSS 4.4626e-13
--
Received one packet! Socket: 10.1.1.1 port: 49153 at time = 29.3023
--
29.4023 RSS 4.41361e-13
30.8 RSS 1.63572e-12
30.8023 RSS 4.4626e-13
--
Received one packet! Socket: 10.1.1.1 port: 49153 at time = 30.8023
--
30.9023 RSS 4.41361e-13
32 RSS 1.63572e-12
32.0023 RSS 4.4626e-13
--
Received one packet! Socket: 10.1.1.1 port: 49153 at time = 32.0023
--
32.1023 RSS 4.41361e-13
32.5 RSS 1.63572e-12
32.5023 RSS 4.4626e-13
--
Received one packet! Socket: 10.1.1.1 port: 49153 at time = 32.5023
--
32.6023 RSS 4.41361e-13
33.6 RSS 1.63572e-12
33.6023 RSS 4.4626e-13
--
Received one packet! Socket: 10.1.1.1 port: 49153 at time = 33.6023
--
33.7023 RSS 4.41361e-13
35 RSS 1.63572e-12
35.0023 RSS 4.4626e-13
--
Received one packet! Socket: 10.1.1.1 port: 49153 at time = 35.0023
--
35.1023 RSS 4.41361e-13
35.6 RSS 1.63572e-12
35.6023 RSS 4.4626e-13
--
Received one packet! Socket: 10.1.1.1 port: 49153 at time = 35.6023
--
35.7023 RSS 4.41361e-13
36.3 RSS 1.63572e-12
36.3023 RSS 4.4626e-13
--
Received one packet! Socket: 10.1.1.1 port: 49153 at time = 36.3023
--
36.4023 RSS 4.41361e-13
37.3 RSS 1.63572e-12
37.3023 RSS 4.4626e-13
--
Received one packet! Socket: 10.1.1.1 port: 49153 at time = 37.3023
--
37.4023 RSS 4.41361e-13
38.4 RSS 1.63572e-12
38.4023 RSS 4.4626e-13
--
Received one packet! Socket: 10.1.1.1 port: 49153 at time = 38.4023
--
38.5023 RSS 4.41361e-13
39.6 RSS 1.63572e-12
39.6023 RSS 4.4626e-13
--
Received one packet! Socket: 10.1.1.1 port: 49153 at time = 39.6023
--
39.7023 RSS 4.41361e-13
40.8 RSS 1.63572e-12
40.8023 RSS 4.4626e-13
--
Received one packet! Socket: 10.1.1.1 port: 49153 at time = 40.8023
--
40.9023 RSS 4.41361e-13
41.8 RSS 1.63572e-12
41.8023 RSS 4.4626e-13
--
Received one packet! Socket: 10.1.1.1 port: 49153 at time = 41.8023
--
41.9023 RSS 4.41361e-13
42.9 RSS 1.63572e-12
42.9023 RSS 4.4626e-13
--
Received one packet! Socket: 10.1.1.1 port: 49153 at time = 42.9023
--
43.0023 RSS 4.41361e-13
43.9 RSS 1.63572e-12
43.9023 RSS 4.4626e-13
--
Received one packet! Socket: 10.1.1.1 port: 49153 at time = 43.9023
--
44.0023 RSS 4.41361e-13
44.9 RSS 1.63572e-12
44.9023 RSS 4.4626e-13
--
Received one packet! Socket: 10.1.1.1 port: 49153 at time = 44.9023
--
45.0023 RSS 4.41361e-13
45.6 RSS 1.63572e-12
45.6023 RSS 4.4626e-13
--
Received one packet! Socket: 10.1.1.1 port: 49153 at time = 45.6023
--
45.7023 RSS 4.41361e-13
47.1 RSS 1.63572e-12
47.1023 RSS 4.4626e-13
--
Received one packet! Socket: 10.1.1.1 port: 49153 at time = 47.1023
--
47.2023 RSS 4.41361e-13
48 RSS 1.63572e-12
48.0023 RSS 4.4626e-13
--
Received one packet! Socket: 10.1.1.1 port: 49153 at time = 48.0023
--
48.1023 RSS 4.41361e-13
48.6 RSS 1.63572e-12
48.6023 RSS 4.4626e-13
--
Received one packet! Socket: 10.1.1.1 port: 49153 at time = 48.6023
--
48.7023 RSS 4.41361e-13
49.1 RSS 1.63572e-12
49.1023 RSS 4.4626e-13
--
Received one packet! Socket: 10.1.1.1 port: 49153 at time = 49.1023
--
49.2023 RSS 4.41361e-13
49.6 RSS 1.63572e-12
49.6023 RSS 4.4626e-13
--
Received one packet! Socket: 10.1.1.1 port: 49153 at time = 49.6023
--
49.7023 RSS 4.41361e-13
50.3 RSS 1.63572e-12
50.3023 RSS 4.4626e-13
--
Received one packet! Socket: 10.1.1.1 port: 49153 at time = 50.3023
--
50.4023 RSS 4.41361e-13
51.6 RSS 1.63572e-12
51.6023 RSS 4.4626e-13
--
Received one packet! Socket: 10.1.1.1 port: 49153 at time = 51.6023
--
51.7023 RSS 4.41361e-13
52.7 RSS 1.63572e-12
52.7023 RSS 4.4626e-13
--
Received one packet! Socket: 10.1.1.1 port: 49153 at time = 52.7023
--
52.8023 RSS 4.41361e-13
53.6 RSS 1.63572e-12
53.6023 RSS 4.4626e-13
--
Received one packet! Socket: 10.1.1.1 port: 49153 at time = 53.6023
--
53.7023 RSS 4.41361e-13
54.9 RSS 1.63572e-12
54.9023 RSS 4.4626e-13
--
Received one packet! Socket: 10.1.1.1 port: 49153 at time = 54.9023
--
55.0023 RSS 4.41361e-13
55.9 RSS 1.63572e-12
55.9023 RSS 4.4626e-13
--
Received one packet! Socket: 10.1.1.1 port: 49153 at time = 55.9023
--
56.0023 RSS 4.41361e-13
57.1 RSS 1.63572e-12
57.1023 RSS 4.4626e-13
--
Received one packet! Socket: 10.1.1.1 port: 49153 at time = 57.1023
--
57.2023 RSS 4.41361e-13
57.8 RSS 1.63572e-12
57.8023 RSS 4.4626e-13
--
Received one packet! Socket: 10.1.1.1 port: 49153 at time = 57.8023
--
57.9023 RSS 4.41361e-13
58.7 RSS 1.63572e-12
58.7023 RSS 4.4626e-13
--
Received one packet! Socket: 10.1.1.1 port: 49153 at time = 58.7023
--
58.8023 RSS 4.41361e-13
59.7 RSS 1.63572e-12
59.7023 RSS 4.4626e-13
--
Received one packet! Socket: 10.1.1.1 port: 49153 at time = 59.7023
--
59.8023 RSS 4.41361e-13
Actual PDR = 1
Actual RSS = 1.63572e-12
Actual Average Packet RSS = 1.63974e-12
