0 RSS 4.41361e-13
0.000570003 RSS 1.08211e-07
0.002874 RSS 4.4569e-13
0.002874 PRSS 1.08211e-07
--
Received one packet! Socket: 10.1.1.1 port: 49153 at time = 0.002874
--
0.102874 RSS 4.41361e-13
1.4 RSS 1.08211e-07
1.4023 RSS 4.4569e-13
--
Received one packet! Socket: 10.1.1.1 port: 49153 at time = 1.4023
--
1.5023 RSS 4.41361e-13
2.4 RSS 1.08211e-07
2.4023 RSS 4.4569e-13
--
Received one packet! Socket: 10.1.1.1 port: 49153 at time = 2.4023
--
2.5023 RSS 4.41361e-13
3.3 RSS 1.08211e-07
3.3023 RSS 4.4569e-13
--
Received one packet! Socket: 10.1.1.1 port: 49153 at time = 3.3023
--
3.4023 RSS 4.41361e-13
4.8 RSS 1.08211e-07
4.8023 RSS 4.4569e-13
--
Received one packet! Socket: 10.1.1.1 port: 49153 at time = 4.8023
--
4.9023 RSS 4.41361e-13
5.3 RSS 1.08211e-07
5.3023 RSS 4.4569e-13
--
Received one packet! Socket: 10.1.1.1 port: 49153 at time = 5.3023
--
5.4023 RSS 4.41361e-13
6.3 RSS 1.08211e-07
6.3023 RSS 4.4569e-13
--
Received one packet! Socket: 10.1.1.1 port: 49153 at time = 6.3023
--
6.4023 RSS 4.41361e-13
6.8 RSS 1.08211e-07
6.8023 RSS 4.4569e-13
--
Received one packet! Socket: 10.1.1.1 port: 49153 at time = 6.8023
--
6.9023 RSS 4.41361e-13
8.2 RSS 1.08211e-07
8.2023 RSS 4.4569e-13
--
Received one packet! Socket: 10.1.1.1 port: 49153 at time = 8.2023
--
8.3023 RSS 4.41361e-13
9.3 RSS 1.08211e-07
9.3023 RSS 4.4569e-13
--
Received one packet! Socket: 10.1.1.1 port: 49153 at time = 9.3023
--
9.4023 RSS 4.41361e-13
10.4 RSS 1.08211e-07
10.4023 RSS 4.4569e-13
--
Received one packet! Socket: 10.1.1.1 port: 49153 at time = 10.4023
--
10.5023 RSS 4.41361e-13
11.9 RSS 1.08211e-07
11.9023 RSS 4.4569e-13
--
Received one packet! Socket: 10.1.1.1 port: 49153 at time = 11.9023
--
12.0023 RSS 4.41361e-13
12.8 RSS 1.08211e-07
12.8023 RSS 4.4569e-13
--
Received one packet! Socket: 10.1.1.1 port: 49153 at time = 12.8023
--
12.9023 RSS 4.41361e-13
13.6 RSS 1.08211e-07
13.6023 RSS 4.4569e-13
--
Received one packet! Socket: 10.1.1.1 port: 49153 at time = 13.6023
--
13.7023 RSS 4.41361e-13
14.2 RSS 1.08211e-07
14.2023 RSS 4.4569e-13
--
Received one packet! Socket: 10.1.1.1 port: 49153 at time = 14.2023
--
14.3023 RSS 4.41361e-13
14.8 RSS 1.08211e-07
14.8023 RSS 4.4569e-13
--
Received one packet! Socket: 10.1.1.1 port: 49153 at time = 14.8023
--
14.9023 RSS 4.41361e-13
15.6 RSS 1.08211e-07
15.6023 RSS 4.4569e-13
--
Received one packet! Socket: 10.1.1.1 port: 49153 at time = 15.6023
--
15.7023 RSS 4.41361e-13
16.7 RSS 1.08211e-07
16.7023 RSS 4.4569e-13
--
Received one packet! Socket: 10.1.1.1 port: 49153 at time = 16.7023
--
16.8023 RSS 4.41361e-13
17.2 RSS 1.08211e-07
17.2023 RSS 4.4569e-13
--
Received one packet! Socket: 10.1.1.1 port: 49153 at time = 17.2023
--
17.3023 RSS 4.41361e-13
18.3 RSS 1.08211e-07
18.3023 RSS 4.4569e-13
--
Received one packet! Socket: 10.1.1.1 port: 49153 at time = 18.3023
--
18.4023 RSS 4.41361e-13
19.3 RSS 1.08211e-07
19.3023 RSS 4.4569e-13
--
Received one packet! Socket: 10.1.1.1 port: 49153 at time = 19.3023
--
19.4023 RSS 4.41361e-13
20.7 RSS 1.08211e-07
20.7023 RSS 4.4569e-13
--
Received one packet! Socket: 10.1.1.1 port: 49153 at time = 20.7023
--
20.8023 RSS 4.41361e-13
21.8 RSS 1.08211e-07
21.8023 RSS 4.4569e-13
--
Received one packet! Socket: 10.1.1.1 port: 49153 at time = 21.8023
--
21.9023 RSS 4.41361e-13
23.1 RSS 1.08211e-07
23.1023 RSS 4.4569e-13
--
Received one packet! Socket: 10.1.1.1 port: 49153 at time = 23.1023
--
23.2023 RSS 4.41361e-13
23.7 RSS 1.08211e-07
23.7023 RSS 4.4569e-13
--
Received one packet! Socket: 10.1.1.1 port: 49153 at time = 23.7023
--
23.8023 RSS 4.41361e-13
25 RSS 1.08211e-07
25.0023 RSS 4.4569e-13
--
Received one packet! Socket: 10.1.1.1 port: 49153 at time = 25.0023
--
25.1023 RSS 4.41361e-13
25.5 RSS 1.08211e-07
25.5023 RSS 4.4569e-13
--
Received one packet! Socket: 10.1.1.1 port: 49153 at time = 25.5023
--
25.6023 RSS 4.41361e-13
26.5 RSS 1.08211e-07
26.5023 RSS 4.4569e-13
--
Received one packet! Socket: 10.1.1.1 port: 49153 at time = 26.5023
--
26.6023 RSS 4.41361e-13
28 RSS 1.08211e-07
28.0023 RSS 4.4569e-13
--
Received one packet! Socket: 10.1.1.1 port: 49153 at time = 28.0023
--
28.1023 RSS 4.41361e-13
29.1 RSS 1.08211e-07
29.1023 RSS 4.4569e-13
--
Received one packet! Socket: 10.1.1.1 port: 49153 at time = 29.1023
--
29.2023 RSS 4.41361e-13
29.6 RSS 1.08211e-07
29.6023 RSS 4.4569e-13
--
Received one packet! Socket: 10.1.1.1 port: 49153 at time = 29.6023
--
29.7023 RSS 4.41361e-13
30.9 RSS 1.08211e-07
30.9023 RSS 4.4569e-13
--
Received one packet! Socket: 10.1.1.1 port: 49153 at time = 30.9023
--
31.0023 RSS 4.41361e-13
31.6 RSS 1.08211e-07
31.6023 RSS 4.4569e-13
--
Received one packet! Socket: 10.1.1.1 port: 49153 at time = 31.6023
--
31.7023 RSS 4.41361e-13
32.7 RSS 1.08211e-07
32.7023 RSS 4.4569e-13
--
Received one packet! Socket: 10.1.1.1 port: 49153 at time = 32.7023
--
32.8023 RSS 4.41361e-13
34.2 RSS 1.08211e-07
34.2023 RSS 4.4569e-13
--
Received one packet! Socket: 10.1.1.1 port: 49153 at time = 34.2023
--
34.3023 RSS 4.41361e-13
34.8 RSS 1.08211e-07
34.8023 RSS 4.4569e-13
--
Received one packet! Socket: 10.1.1.1 port: 49153 at time = 34.8023
--
34.9023 RSS 4.41361e-13
35.7 RSS 1.08211e-07
35.7023 RSS 4.4569e-13
--
Received one packet! Socket: 10.1.1.1 port: 49153 at time = 35.7023
--
35.8023 RSS 4.41361e-13
36.6 RSS 1.08211e-07
36.6023 RSS 4.4569e-13
--
Received one packet! Socket: 10.1.1.1 port: 49153 at time = 36.6023
--
36.7023 RSS 4.41361e-13
37.1 RSS 1.08211e-07
37.1023 RSS 4.4569e-13
--
Received one packet! Socket: 10.1.1.1 port: 49153 at time = 37.1023
--
37.2023 RSS 4.41361e-13
37.7 RSS 1.08211e-07
37.7023 RSS 4.4569e-13
--
Received one packet! Socket: 10.1.1.1 port: 49153 at time = 37.7023
--
37.8023 RSS 4.41361e-13
38.2 RSS 1.08211e-07
38.2023 RSS 4.4569e-13
--
Received one packet! Socket: 10.1.1.1 port: 49153 at time = 38.2023
--
38.3023 RSS 4.41361e-13
39.1 RSS 1.08211e-07
39.1023 RSS 4.4569e-13
--
Received one packet! Socket: 10.1.1.1 port: 49153 at time = 39.1023
--
39.2023 RSS 4.41361e-13
40.5 RSS 1.08211e-07
40.5023 RSS 4.4569e-13
--
Received one packet! Socket: 10.1.1.1 port: 49153 at time = 40.5023
--
40.6023 RSS 4.41361e-13
41.4 RSS 1.08211e-07
41.4023 RSS 4.4569e-13
--
Received one packet! Socket: 10.1.1.1 port: 49153 at time = 41.4023
--
41.5023 RSS 4.41361e-13
42.6 RSS 1.08211e-07
42.6023 RSS 4.4569e-13
--
Received one packet! Socket: 10.1.1.1 port: 49153 at time = 42.6023
--
42.7023 RSS 4.41361e-13
44.1 RSS 1.08211e-07
44.1023 RSS 4.4569e-13
--
Received one packet! Socket: 10.1.1.1 port: 49153 at time = 44.1023
--
44.2023 RSS 4.41361e-13
44.9 RSS 1.08211e-07
44.9023 RSS 4.4569e-13
--
Received one packet! Socket: 10.1.1.1 port: 49153 at time = 44.9023
--
45.0023 RSS 4.41361e-13
46.2 RSS 1.08211e-07
46.2023 RSS 4.4569e-13
--
Received one packet! Socket: 10.1.1.1 port: 49153 at time = 46.2023
--
46.3023 RSS 4.41361e-13
47 RSS 1.08211e-07
47.0023 RSS 4.4569e-13
--
Received one packet! Socket: 10.1.1.1 port: 49153 at time = 47.0023
--
47.1023 RSS 4.41361e-13
47.8 RSS 1.08211e-07
47.8023 RSS 4.4569e-13
--
Received one packet! Socket: 10.1.1.1 port: 49153 at time = 47.8023
--
47.9023 RSS 4.41361e-13
48.7 RSS 1.08211e-07
48.7023 RSS 4.4569e-13
--
Received one packet! Socket: 10.1.1.1 port: 49153 at time = 48.7023
--
48.8023 RSS 4.41361e-13
49.8 RSS 1.08211e-07
49.8023 RSS 4.4569e-13
--
Received one packet! Socket: 10.1.1.1 port: 49153 at time = 49.8023
--
49.9023 RSS 4.41361e-13
51.3 RSS 1.08211e-07
51.3023 RSS 4.4569e-13
--
Received one packet! Socket: 10.1.1.1 port: 49153 at time = 51.3023
--
51.4023 RSS 4.41361e-13
52.8 RSS 1.08211e-07
52.8023 RSS 4.4569e-13
--
Received one packet! Socket: 10.1.1.1 port: 49153 at time = 52.8023
--
52.9023 RSS 4.41361e-13
53.7 RSS 1.08211e-07
53.7023 RSS 4.4569e-13
--
Received one packet! Socket: 10.1.1.1 port: 49153 at time = 53.7023
--
53.8023 RSS 4.41361e-13
54.3 RSS 1.08211e-07
54.3023 RSS 4.4569e-13
--
Received one packet! Socket: 10.1.1.1 port: 49153 at time = 54.3023
--
54.4023 RSS 4.41361e-13
55.3 RSS 1.08211e-07
55.3023 RSS 4.4569e-13
--
Received one packet! Socket: 10.1.1.1 port: 49153 at time = 55.3023
--
55.4023 RSS 4.41361e-13
56.2 RSS 1.08211e-07
56.2023 RSS 4.4569e-13
--
Received one packet! Socket: 10.1.1.1 port: 49153 at time = 56.2023
--
56.3023 RSS 4.41361e-13
57.1 RSS 1.08211e-07
57.1023 RSS 4.4569e-13
--
Received one packet! Socket: 10.1.1.1 port: 49153 at time = 57.1023
--
57.2023 RSS 4.41361e-13
58 RSS 1.08211e-07
58.0023 RSS 4.4569e-13
--
Received one packet! Socket: 10.1.1.1 port: 49153 at time = 58.0023
--
58.1023 RSS 4.41361e-13
59.3 RSS 1.08211e-07
59.3023 RSS 4.4569e-13
--
Received one packet! Socket: 10.1.1.1 port: 49153 at time = 59.3023
--
59.4023 RSS 4.41361e-13
Actual PDR = 1
Actual RSS = 1.08211e-07
Actual Average Packet RSS = 1.08211e-07
