0 RSS 4.41361e-13
0.000570336 RSS 1.10492e-11
0.00287434 RSS 4.45868e-13
0.00287434 PRSS 1.10529e-11
--
Received one packet! Socket: 10.1.1.1 port: 49153 at time = 0.00287434
--
0.102874 RSS 4.41361e-13
0.8 RSS 1.10492e-11
0.802304 RSS 4.45868e-13
--
Received one packet! Socket: 10.1.1.1 port: 49153 at time = 0.802304
--
0.902304 RSS 4.41361e-13
1.9 RSS 1.10492e-11
1.9023 RSS 4.45868e-13
--
Received one packet! Socket: 10.1.1.1 port: 49153 at time = 1.9023
--
2.0023 RSS 4.41361e-13
3.4 RSS 1.10492e-11
3.4023 RSS 4.45868e-13
--
Received one packet! Socket: 10.1.1.1 port: 49153 at time = 3.4023
--
3.5023 RSS 4.41361e-13
4.5 RSS 1.10492e-11
4.5023 RSS 4.45868e-13
--
Received one packet! Socket: 10.1.1.1 port: 49153 at time = 4.5023
--
4.6023 RSS 4.41361e-13
5.3 RSS 1.10492e-11
5.3023 RSS 4.45868e-13
--
Received one packet! Socket: 10.1.1.1 port: 49153 at time = 5.3023
--
5.4023 RSS 4.41361e-13
5.8 RSS 1.10492e-11
5.8023 RSS 4.45868e-13
--
Received one packet! Socket: 10.1.1.1 port: 49153 at time = 5.8023
--
5.9023 RSS 4.41361e-13
6.5 RSS 1.10492e-11
6.5023 RSS 4.45868e-13
--
Received one packet! Socket: 10.1.1.1 port: 49153 at time = 6.5023
--
6.6023 RSS 4.41361e-13
8 RSS 1.10492e-11
8.0023 RSS 4.45868e-13
--
Received one packet! Socket: 10.1.1.1 port: 49153 at time = 8.0023
--
8.1023 RSS 4.41361e-13
9.5 RSS 1.10492e-11
9.5023 RSS 4.45868e-13
--
Received one packet! Socket: 10.1.1.1 port: 49153 at time = 9.5023
--
9.6023 RSS 4.41361e-13
10.5 RSS 1.10492e-11
10.5023 RSS 4.45868e-13
--
Received one packet! Socket: 10.1.1.1 port: 49153 at time = 10.5023
--
10.6023 RSS 4.41361e-13
12 RSS 1.10492e-11
12.0023 RSS 4.45868e-13
--
Received one packet! Socket: 10.1.1.1 port: 49153 at time = 12.0023
--
12.1023 RSS 4.41361e-13
12.6 RSS 1.10492e-11
12.6023 RSS 4.45868e-13
--
Received one packet! Socket: 10.1.1.1 port: 49153 at time = 12.6023
--
12.7023 RSS 4.41361e-13
13.9 RSS 1.10492e-11
13.9023 RSS 4.45868e-13
--
Received one packet! Socket: 10.1.1.1 port: 49153 at time = 13.9023
--
14.0023 RSS 4.41361e-13
15.2 RSS 1.10492e-11
15.2023 RSS 4.45868e-13
--
Received one packet! Socket: 10.1.1.1 port: 49153 at time = 15.2023
--
15.3023 RSS 4.41361e-13
16.4 RSS 1.10492e-11
16.4023 RSS 4.45868e-13
--
Received one packet! Socket: 10.1.1.1 port: 49153 at time = 16.4023
--
16.5023 RSS 4.41361e-13
17.8 RSS 1.10492e-11
17.8023 RSS 4.45868e-13
--
Received one packet! Socket: 10.1.1.1 port: 49153 at time = 17.8023
--
17.9023 RSS 4.41361e-13
18.5 RSS 1.10492e-11
18.5023 RSS 4.45868e-13
--
Received one packet! Socket: 10.1.1.1 port: 49153 at time = 18.5023
--
18.6023 RSS 4.41361e-13
19.6 RSS 1.10492e-11
19.6023 RSS 4.45868e-13
--
Received one packet! Socket: 10.1.1.1 port: 49153 at time = 19.6023
--
19.7023 RSS 4.41361e-13
20.3 RSS 1.10492e-11
20.3023 RSS 4.45868e-13
--
Received one packet! Socket: 10.1.1.1 port: 49153 at time = 20.3023
--
20.4023 RSS 4.41361e-13
21.2 RSS 1.10492e-11
21.2023 RSS 4.45868e-13
--
Received one packet! Socket: 10.1.1.1 port: 49153 at time = 21.2023
--
21.3023 RSS 4.41361e-13
22.5 RSS 1.10492e-11
22.5023 RSS 4.45868e-13
--
Received one packet! Socket: 10.1.1.1 port: 49153 at time = 22.5023
--
22.6023 RSS 4.41361e-13
24 RSS 1.10492e-11
24.0023 RSS 4.45868e-13
--
Received one packet! Socket: 10.1.1.1 port: 49153 at time = 24.0023
--
24.1023 RSS 4.41361e-13
25.3 RSS 1.10492e-11
25.3023 RSS 4.45868e-13
--
Received one packet! Socket: 10.1.1.1 port: 49153 at time = 25.3023
--
25.4023 RSS 4.41361e-13
26.8 RSS 1.10492e-11
26.8023 RSS 4.45868e-13
--
Received one packet! Socket: 10.1.1.1 port: 49153 at time = 26.8023
--
26.9023 RSS 4.41361e-13
27.6 RSS 1.10492e-11
27.6023 RSS 4.45868e-13
--
Received one packet! Socket: 10.1.1.1 port: 49153 at time = 27.6023
--
27.7023 RSS 4.41361e-13
28.3 RSS 1.10492e-11
28.3023 RSS 4.45868e-13
--
Received one packet! Socket: 10.1.1.1 port: 49153 at time = 28.3023
--
28.4023 RSS 4.41361e-13
29.1 RSS 1.10492e-11
29.1023 RSS 4.45868e-13
--
Received one packet! Socket: 10.1.1.1 port: 49153 at time = 29.1023
--
29.2023 RSS 4.41361e-13
30.3 RSS 1.10492e-11
30.3023 RSS 4.45868e-13
--
Received one packet! Socket: 10.1.1.1 port: 49153 at time = 30.3023
--
30.4023 RSS 4.41361e-13
30.8 RSS 1.10492e-11
30.8023 RSS 4.45868e-13
--
Received one packet! Socket: 10.1.1.1 port: 49153 at time = 30.8023
--
30.9023 RSS 4.41361e-13
31.5 RSS 1.10492e-11
31.5023 RSS 4.45868e-13
--
Received one packet! Socket: 10.1.1.1 port: 49153 at time = 31.5023
--
31.6023 RSS 4.41361e-13
32.5 RSS 1.10492e-11
32.5023 RSS 4.45868e-13
--
Received one packet! Socket: 10.1.1.1 port: 49153 at time = 32.5023
--
32.6023 RSS 4.41361e-13
33.3 RSS 1.10492e-11
33.3023 RSS 4.45868e-13
--
Received one packet! Socket: 10.1.1.1 port: 49153 at time = 33.3023
--
33.4023 RSS 4.41361e-13
34.7 RSS 1.10492e-11
34.7023 RSS 4.45868e-13
--
Received one packet! Socket: 10.1.1.1 port: 49153 at time = 34.7023
--
34.8023 RSS 4.41361e-13
35.7 RSS 1.10492e-11
35.7023 RSS 4.45868e-13
--
Received one packet! Socket: 10.1.1.1 port: 49153 at time = 35.7023
--
35.8023 RSS 4.41361e-13
37.1 RSS 1.10492e-11
37.1023 RSS 4.45868e-13
--
Received one packet! Socket: 10.1.1.1 port: 49153 at time = 37.1023
--
37.2023 RSS 4.41361e-13
38.6 RSS 1.10492e-11
38.6023 RSS 4.45868e-13
--
Received one packet! Socket: 10.1.1.1 port: 49153 at time = 38.6023
--
38.7023 RSS 4.41361e-13
39.6 RSS 1.10492e-11
39.6023 RSS 4.45868e-13
--
Received one packet! Socket: 10.1.1.1 port: 49153 at time = 39.6023
--
39.7023 RSS 4.41361e-13
41 RSS 1.10492e-11
41.0023 RSS 4.45868e-13
--
Received one packet! Socket: 10.1.1.1 port: 49153 at time = 41.0023
--
41.1023 RSS 4.41361e-13
42.2 RSS 1.10492e-11
42.2023 RSS 4.45868e-13
--
Received one packet! Socket: 10.1.1.1 port: 49153 at time = 42.2023
--
42.3023 RSS 4.41361e-13
42.9 RSS 1.10492e-11
42.9023 RSS 4.45868e-13
--
Received one packet! Socket: 10.1.1.1 port: 49153 at time = 42.9023
--
43.0023 RSS 4.41361e-13
43.5 RSS 1.10492e-11
43.5023 RSS 4.45868e-13
--
Received one packet! Socket: 10.1.1.1 port: 49153 at time = 43.5023
--
43.6023 RSS 4.41361e-13
44.7 RSS 1.10492e-11
44.7023 RSS 4.45868e-13
--
Received one packet! Socket: 10.1.1.1 port: 49153 at time = 44.7023
--
44.8023 RSS 4.41361e-13
45.4 RSS 1.10492e-11
45.4023 RSS 4.45868e-13
--
Received one packet! Socket: 10.1.1.1 port: 49153 at time = 45.4023
--
45.5023 RSS 4.41361e-13
46.8 RSS 1.10492e-11
46.8023 RSS 4.45868e-13
--
Received one packet! Socket: 10.1.1.1 port: 49153 at time = 46.8023
--
46.9023 RSS 4.41361e-13
47.5 RSS 1.10492e-11
47.5023 RSS 4.45868e-13
--
Received one packet! Socket: 10.1.1.1 port: 49153 at time = 47.5023
--
47.6023 RSS 4.41361e-13
48.9 RSS 1.10492e-11
48.9023 RSS 4.45868e-13
--
Received one packet! Socket: 10.1.1.1 port: 49153 at time = 48.9023
--
49.0023 RSS 4.41361e-13
50.1 RSS 1.10492e-11
50.1023 RSS 4.45868e-13
--
Received one packet! Socket: 10.1.1.1 port: 49153 at time = 50.1023
--
50.2023 RSS 4.41361e-13
50.8 RSS 1.10492e-11
50.8023 RSS 4.45868e-13
--
Received one packet! Socket: 10.1.1.1 port: 49153 at time = 50.8023
--
50.9023 RSS 4.41361e-13
51.7 RSS 1.10492e-11
51.7023 RSS 4.45868e-13
--
Received one packet! Socket: 10.1.1.1 port: 49153 at time = 51.7023
--
51.8023 RSS 4.41361e-13
53 RSS 1.10492e-11
53.0023 RSS 4.45868e-13
--
Received one packet! Socket: 10.1.1.1 port: 49153 at time = 53.0023
--
53.1023 RSS 4.41361e-13
54.1 RSS 1.10492e-11
54.1023 RSS 4.45868e-13
--
Received one packet! Socket: 10.1.1.1 port: 49153 at time = 54.1023
--
54.2023 RSS 4.41361e-13
55.6 RSS 1.10492e-11
55.6023 RSS 4.45868e-13
--
Received one packet! Socket: 10.1.1.1 port: 49153 at time = 55.6023
--
55.7023 RSS 4.41361e-13
56.8 RSS 1.10492e-11
56.8023 RSS 4.45868e-13
--
Received one packet! Socket: 10.1.1.1 port: 49153 at time = 56.8023
--
56.9023 RSS 4.41361e-13
57.5 RSS 1.10492e-11
57.5023 RSS 4.45868e-13
--
Received one packet! Socket: 10.1.1.1 port: 49153 at time = 57.5023
--
57.6023 RSS 4.41361e-13
59 RSS 1.10492e-11
59.0023 RSS 4.45868e-13
--
Received one packet! Socket: 10.1.1.1 port: 49153 at time = 59.0023
--
59.1023 RSS 4.41361e-13
Actual PDR = 1
Actual RSS = 1.10492e-11
Actual Average Packet RSS = 1.10529e-11
