0 RSS 4.41361e-13
0.000574669 RSS 4.96492e-13
0.00287867 RSS 4.49711e-13
0.00287867 PRSS 5.03372e-13
0.102879 RSS 4.41361e-13
0.900005 RSS 4.96492e-13
0.902309 RSS 4.49711e-13
1.00231 RSS 4.41361e-13
1.5 RSS 4.96492e-13
1.50231 RSS 4.49711e-13
1.60231 RSS 4.41361e-13
2.9 RSS 4.96492e-13
2.90231 RSS 4.49711e-13
3.00231 RSS 4.41361e-13
4.3 RSS 4.96492e-13
4.30231 RSS 4.49711e-13
4.40231 RSS 4.41361e-13
5.3 RSS 4.96492e-13
5.30231 RSS 4.49711e-13
5.40231 RSS 4.41361e-13
6.1 RSS 4.96492e-13
6.10231 RSS 4.49711e-13
6.20231 RSS 4.41361e-13
7 RSS 4.96492e-13
7.00231 RSS 4.49711e-13
7.10231 RSS 4.41361e-13
8 RSS 4.96492e-13
8.00231 RSS 4.49711e-13
8.10231 RSS 4.41361e-13
8.9 RSS 4.96492e-13
8.90231 RSS 4.49711e-13
9.00231 RSS 4.41361e-13
9.6 RSS 4.96492e-13
9.60231 RSS 4.49711e-13
9.70231 RSS 4.41361e-13
11.1 RSS 4.96492e-13
11.1023 RSS 4.49711e-13
11.2023 RSS 4.41361e-13
12.1 RSS 4.96492e-13
12.1023 RSS 4.49711e-13
12.2023 RSS 4.41361e-13
13.4 RSS 4.96492e-13
13.4023 RSS 4.49711e-13
13.5023 RSS 4.41361e-13
14.2 RSS 4.96492e-13
14.2023 RSS 4.49711e-13
14.3023 RSS 4.41361e-13
15.6 RSS 4.96492e-13
15.6023 RSS 4.49711e-13
15.7023 RSS 4.41361e-13
16.4 RSS 4.96492e-13
16.4023 RSS 4.49711e-13
16.5023 RSS 4.41361e-13
17.8 RSS 4.96492e-13
17.8023 RSS 4.49711e-13
17.9023 RSS 4.41361e-13
18.7 RSS 4.96492e-13
18.7023 RSS 4.49711e-13
18.8023 RSS 4.41361e-13
19.9 RSS 4.96492e-13
19.9023 RSS 4.49711e-13
20.0023 RSS 4.41361e-13
20.6 RSS 4.96492e-13
20.6023 RSS 4.49711e-13
20.7023 RSS 4.41361e-13
21.1 RSS 4.96492e-13
21.1023 RSS 4.49711e-13
21.2023 RSS 4.41361e-13
22.1 RSS 4.96492e-13
22.1023 RSS 4.49711e-13
22.2023 RSS 4.41361e-13
22.9 RSS 4.96492e-13
22.9023 RSS 4.49711e-13
23.0023 RSS 4.41361e-13
23.7 RSS 4.96492e-13
23.7023 RSS 4.49711e-13
23.8023 RSS 4.41361e-13
24.5 RSS 4.96492e-13
24.5023 RSS 4.49711e-13
24.6023 RSS 4.41361e-13
25 RSS 4.96492e-13
25.0023 RSS 4.49711e-13
25.1023 RSS 4.41361e-13
26.4 RSS 4.96492e-13
26.4023 RSS 4.49711e-13
26.5023 RSS 4.41361e-13
27.6 RSS 4.96492e-13
27.6023 RSS 4.49711e-13
27.7023 RSS 4.41361e-13
28.1 RSS 4.96492e-13
28.1023 RSS 4.49711e-13
28.2023 RSS 4.41361e-13
29.1 RSS 4.96492e-13
29.1023 RSS 4.49711e-13
29.2023 RSS 4.41361e-13
30.4 RSS 4.96492e-13
30.4023 RSS 4.49711e-13
30.5023 RSS 4.41361e-13
31.3 RSS 4.96492e-13
31.3023 RSS 4.49711e-13
31.4023 RSS 4.41361e-13
32.2 RSS 4.96492e-13
32.2023 RSS 4.49711e-13
32.3023 RSS 4.41361e-13
33.4 RSS 4.96492e-13
33.4023 RSS 4.49711e-13
33.5023 RSS 4.41361e-13
33.9 RSS 4.96492e-13
33.9023 RSS 4.49711e-13
34.0023 RSS 4.41361e-13
35.3 RSS 4.96492e-13
35.3023 RSS 4.49711e-13
35.4023 RSS 4.41361e-13
36.6 RSS 4.96492e-13
36.6023 RSS 4.49711e-13
36.7023 RSS 4.41361e-13
37.5 RSS 4.96492e-13
37.5023 RSS 4.49711e-13
37.6023 RSS 4.41361e-13
38.1 RSS 4.96492e-13
38.1023 RSS 4.49711e-13
38.2023 RSS 4.41361e-13
38.8 RSS 4.96492e-13
38.8023 RSS 4.49711e-13
38.9023 RSS 4.41361e-13
39.7 RSS 4.96492e-13
39.7023 RSS 4.49711e-13
39.8023 RSS 4.41361e-13
40.3 RSS 4.96492e-13
40.3023 RSS 4.49711e-13
40.4023 RSS 4.41361e-13
41.3 RSS 4.96492e-13
41.3023 RSS 4.49711e-13
41.4023 RSS 4.41361e-13
41.9 RSS 4.96492e-13
41.9023 RSS 4.49711e-13
42.0023 RSS 4.41361e-13
42.6 RSS 4.96492e-13
42.6023 RSS 4.49711e-13
42.7023 RSS 4.41361e-13
43.5 RSS 4.96492e-13
43.5023 RSS 4.49711e-13
43.6023 RSS 4.41361e-13
44.2 RSS 4.96492e-13
44.2023 RSS 4.49711e-13
44.3023 RSS 4.41361e-13
44.7 RSS 4.96492e-13
44.7023 RSS 4.49711e-13
44.8023 RSS 4.41361e-13
46 RSS 4.96492e-13
46.0023 RSS 4.49711e-13
46.1023 RSS 4.41361e-13
47.5 RSS 4.96492e-13
47.5023 RSS 4.49711e-13
47.6023 RSS 4.41361e-13
48 RSS 4.96492e-13
48.0023 RSS 4.49711e-13
48.1023 RSS 4.41361e-13
49.3 RSS 4.96492e-13
49.3023 RSS 4.49711e-13
49.4023 RSS 4.41361e-13
50.2 RSS 4.96492e-13
50.2023 RSS 4.49711e-13
50.3023 RSS 4.41361e-13
50.8 RSS 4.96492e-13
50.8023 RSS 4.49711e-13
50.9023 RSS 4.41361e-13
52.2 RSS 4.96492e-13
52.2023 RSS 4.49711e-13
52.3023 RSS 4.41361e-13
53.2 RSS 4.96492e-13
53.2023 RSS 4.49711e-13
53.3023 RSS 4.41361e-13
53.9 RSS 4.96492e-13
53.9023 RSS 4.49711e-13
54.0023 RSS 4.41361e-13
55 RSS 4.96492e-13
55.0023 RSS 4.49711e-13
55.1023 RSS 4.41361e-13
55.6 RSS 4.96492e-13
55.6023 RSS 4.49711e-13
55.7023 RSS 4.41361e-13
56.3 RSS 4.96492e-13
56.3023 RSS 4.49711e-13
56.4023 RSS 4.41361e-13
56.8 RSS 4.96492e-13
56.8023 RSS 4.49711e-13
56.9023 RSS 4.41361e-13
58.1 RSS 4.96492e-13
58.1023 RSS 4.49711e-13
58.2023 RSS 4.41361e-13
59 RSS 4.96492e-13
59.0023 RSS 4.49711e-13
59.1023 RSS 4.41361e-13
59.8 RSS 4.96492e-13
59.8023 RSS 4.49711e-13
59.9023 RSS 4.41361e-13
Actual PDR = 0
Actual RSS = 4.96492e-13
Actual Average Packet RSS = 5.03372e-13
