0 RSS 4.41361e-13
0.000572336 RSS 6.61569e-13
0.00287634 RSS 4.47214e-13
0.00287634 PRSS 6.66379e-13
--
Received one packet! Socket: 10.1.1.1 port: 49153 at time = 0.00287634
--
0.102876 RSS 4.41361e-13
0.900002 RSS 6.61569e-13
0.902306 RSS 4.47214e-13
--
Received one packet! Socket: 10.1.1.1 port: 49153 at time = 0.902306
--
1.00231 RSS 4.41361e-13
1.7 RSS 6.61569e-13
1.70231 RSS 4.47214e-13
--
Received one packet! Socket: 10.1.1.1 port: 49153 at time = 1.70231
--
1.80231 RSS 4.41361e-13
2.3 RSS 6.61569e-13
2.30231 RSS 4.47214e-13
--
Received one packet! Socket: 10.1.1.1 port: 49153 at time = 2.30231
--
2.40231 RSS 4.41361e-13
3.8 RSS 6.61569e-13
3.80231 RSS 4.47214e-13
--
Received one packet! Socket: 10.1.1.1 port: 49153 at time = 3.80231
--
3.90231 RSS 4.41361e-13
4.5 RSS 6.61569e-13
4.50231 RSS 4.47214e-13
--
Received one packet! Socket: 10.1.1.1 port: 49153 at time = 4.50231
--
4.60231 RSS 4.41361e-13
5.5 RSS 6.61569e-13
5.50231 RSS 4.47214e-13
--
Received one packet! Socket: 10.1.1.1 port: 49153 at time = 5.50231
--
5.60231 RSS 4.41361e-13
6.5 RSS 6.61569e-13
6.50231 RSS 4.47214e-13
--
Received one packet! Socket: 10.1.1.1 port: 49153 at time = 6.50231
--
6.60231 RSS 4.41361e-13
7 RSS 6.61569e-13
7.00231 RSS 4.47214e-13
--
Received one packet! Socket: 10.1.1.1 port: 49153 at time = 7.00231
--
7.10231 RSS 4.41361e-13
7.9 RSS 6.61569e-13
7.90231 RSS 4.47214e-13
--
Received one packet! Socket: 10.1.1.1 port: 49153 at time = 7.90231
--
8.00231 RSS 4.41361e-13
8.7 RSS 6.61569e-13
8.70231 RSS 4.47214e-13
--
Received one packet! Socket: 10.1.1.1 port: 49153 at time = 8.70231
--
8.80231 RSS 4.41361e-13
9.8 RSS 6.61569e-13
9.80231 RSS 4.47214e-13
--
Received one packet! Socket: 10.1.1.1 port: 49153 at time = 9.80231
--
9.90231 RSS 4.41361e-13
10.9 RSS 6.61569e-13
10.9023 RSS 4.47214e-13
--
Received one packet! Socket: 10.1.1.1 port: 49153 at time = 10.9023
--
11.0023 RSS 4.41361e-13
12.2 RSS 6.61569e-13
12.2023 RSS 4.47214e-13
--
Received one packet! Socket: 10.1.1.1 port: 49153 at time = 12.2023
--
12.3023 RSS 4.41361e-13
13.5 RSS 6.61569e-13
13.5023 RSS 4.47214e-13
--
Received one packet! Socket: 10.1.1.1 port: 49153 at time = 13.5023
--
13.6023 RSS 4.41361e-13
14.8 RSS 6.61569e-13
14.8023 RSS 4.47214e-13
--
Received one packet! Socket: 10.1.1.1 port: 49153 at time = 14.8023
--
14.9023 RSS 4.41361e-13
15.9 RSS 6.61569e-13
15.9023 RSS 4.47214e-13
--
Received one packet! Socket: 10.1.1.1 port: 49153 at time = 15.9023
--
16.0023 RSS 4.41361e-13
16.7 RSS 6.61569e-13
16.7023 RSS 4.47214e-13
--
Received one packet! Socket: 10.1.1.1 port: 49153 at time = 16.7023
--
16.8023 RSS 4.41361e-13
17.7 RSS 6.61569e-13
17.7023 RSS 4.47214e-13
--
Received one packet! Socket: 10.1.1.1 port: 49153 at time = 17.7023
--
17.8023 RSS 4.41361e-13
18.3 RSS 6.61569e-13
18.3023 RSS 4.47214e-13
18.4023 RSS 4.41361e-13
18.8 RSS 6.61569e-13
18.8023 RSS 4.47214e-13
--
Received one packet! Socket: 10.1.1.1 port: 49153 at time = 18.8023
--
18.9023 RSS 4.41361e-13
19.3 RSS 6.61569e-13
19.3023 RSS 4.47214e-13
--
Received one packet! Socket: 10.1.1.1 port: 49153 at time = 19.3023
--
19.4023 RSS 4.41361e-13
20.3 RSS 6.61569e-13
20.3023 RSS 4.47214e-13
--
Received one packet! Socket: 10.1.1.1 port: 49153 at time = 20.3023
--
20.4023 RSS 4.41361e-13
21.7 RSS 6.61569e-13
21.7023 RSS 4.47214e-13
--
Received one packet! Socket: 10.1.1.1 port: 49153 at time = 21.7023
--
21.8023 RSS 4.41361e-13
22.8 RSS 6.61569e-13
22.8023 RSS 4.47214e-13
--
Received one packet! Socket: 10.1.1.1 port: 49153 at time = 22.8023
--
22.9023 RSS 4.41361e-13
24.3 RSS 6.61569e-13
24.3023 RSS 4.47214e-13
--
Received one packet! Socket: 10.1.1.1 port: 49153 at time = 24.3023
--
24.4023 RSS 4.41361e-13
24.8 RSS 6.61569e-13
24.8023 RSS 4.47214e-13
--
Received one packet! Socket: 10.1.1.1 port: 49153 at time = 24.8023
--
24.9023 RSS 4.41361e-13
25.9 RSS 6.61569e-13
25.9023 RSS 4.47214e-13
--
Received one packet! Socket: 10.1.1.1 port: 49153 at time = 25.9023
--
26.0023 RSS 4.41361e-13
27.3 RSS 6.61569e-13
27.3023 RSS 4.47214e-13
--
Received one packet! Socket: 10.1.1.1 port: 49153 at time = 27.3023
--
27.4023 RSS 4.41361e-13
28.1 RSS 6.61569e-13
28.1023 RSS 4.47214e-13
--
Received one packet! Socket: 10.1.1.1 port: 49153 at time = 28.1023
--
28.2023 RSS 4.41361e-13
29.5 RSS 6.61569e-13
29.5023 RSS 4.47214e-13
--
Received one packet! Socket: 10.1.1.1 port: 49153 at time = 29.5023
--
29.6023 RSS 4.41361e-13
31 RSS 6.61569e-13
31.0023 RSS 4.47214e-13
--
Received one packet! Socket: 10.1.1.1 port: 49153 at time = 31.0023
--
31.1023 RSS 4.41361e-13
32 RSS 6.61569e-13
32.0023 RSS 4.47214e-13
--
Received one packet! Socket: 10.1.1.1 port: 49153 at time = 32.0023
--
32.1023 RSS 4.41361e-13
32.5 RSS 6.61569e-13
32.5023 RSS 4.47214e-13
--
Received one packet! Socket: 10.1.1.1 port: 49153 at time = 32.5023
--
32.6023 RSS 4.41361e-13
33.9 RSS 6.61569e-13
33.9023 RSS 4.47214e-13
--
Received one packet! Socket: 10.1.1.1 port: 49153 at time = 33.9023
--
34.0023 RSS 4.41361e-13
34.6 RSS 6.61569e-13
34.6023 RSS 4.47214e-13
--
Received one packet! Socket: 10.1.1.1 port: 49153 at time = 34.6023
--
34.7023 RSS 4.41361e-13
35.3 RSS 6.61569e-13
35.3023 RSS 4.47214e-13
--
Received one packet! Socket: 10.1.1.1 port: 49153 at time = 35.3023
--
35.4023 RSS 4.41361e-13
36.1 RSS 6.61569e-13
36.1023 RSS 4.47214e-13
--
Received one packet! Socket: 10.1.1.1 port: 49153 at time = 36.1023
--
36.2023 RSS 4.41361e-13
37.3 RSS 6.61569e-13
37.3023 RSS 4.47214e-13
--
Received one packet! Socket: 10.1.1.1 port: 49153 at time = 37.3023
--
37.4023 RSS 4.41361e-13
37.8 RSS 6.61569e-13
37.8023 RSS 4.47214e-13
--
Received one packet! Socket: 10.1.1.1 port: 49153 at time = 37.8023
--
37.9023 RSS 4.41361e-13
39 RSS 6.61569e-13
39.0023 RSS 4.47214e-13
--
Received one packet! Socket: 10.1.1.1 port: 49153 at time = 39.0023
--
39.1023 RSS 4.41361e-13
40.4 RSS 6.61569e-13
40.4023 RSS 4.47214e-13
--
Received one packet! Socket: 10.1.1.1 port: 49153 at time = 40.4023
--
40.5023 RSS 4.41361e-13
41.5 RSS 6.61569e-13
41.5023 RSS 4.47214e-13
--
Received one packet! Socket: 10.1.1.1 port: 49153 at time = 41.5023
--
41.6023 RSS 4.41361e-13
42.3 RSS 6.61569e-13
42.3023 RSS 4.47214e-13
--
Received one packet! Socket: 10.1.1.1 port: 49153 at time = 42.3023
--
42.4023 RSS 4.41361e-13
43.4 RSS 6.61569e-13
43.4023 RSS 4.47214e-13
--
Received one packet! Socket: 10.1.1.1 port: 49153 at time = 43.4023
--
43.5023 RSS 4.41361e-13
44.1 RSS 6.61569e-13
44.1023 RSS 4.47214e-13
--
Received one packet! Socket: 10.1.1.1 port: 49153 at time = 44.1023
--
44.2023 RSS 4.41361e-13
45.5 RSS 6.61569e-13
45.5023 RSS 4.47214e-13
--
Received one packet! Socket: 10.1.1.1 port: 49153 at time = 45.5023
--
45.6023 RSS 4.41361e-13
47 RSS 6.61569e-13
47.0023 RSS 4.47214e-13
--
Received one packet! Socket: 10.1.1.1 port: 49153 at time = 47.0023
--
47.1023 RSS 4.41361e-13
47.8 RSS 6.61569e-13
47.8023 RSS 4.47214e-13
--
Received one packet! Socket: 10.1.1.1 port: 49153 at time = 47.8023
--
47.9023 RSS 4.41361e-13
48.5 RSS 6.61569e-13
48.5023 RSS 4.47214e-13
--
Received one packet! Socket: 10.1.1.1 port: 49153 at time = 48.5023
--
48.6023 RSS 4.41361e-13
49.9 RSS 6.61569e-13
49.9023 RSS 4.47214e-13
--
Received one packet! Socket: 10.1.1.1 port: 49153 at time = 49.9023
--
50.0023 RSS 4.41361e-13
50.6 RSS 6.61569e-13
50.6023 RSS 4.47214e-13
--
Received one packet! Socket: 10.1.1.1 port: 49153 at time = 50.6023
--
50.7023 RSS 4.41361e-13
51.1 RSS 6.61569e-13
51.1023 RSS 4.47214e-13
--
Received one packet! Socket: 10.1.1.1 port: 49153 at time = 51.1023
--
51.2023 RSS 4.41361e-13
51.9 RSS 6.61569e-13
51.9023 RSS 4.47214e-13
--
Received one packet! Socket: 10.1.1.1 port: 49153 at time = 51.9023
--
52.0023 RSS 4.41361e-13
52.4 RSS 6.61569e-13
52.4023 RSS 4.47214e-13
--
Received one packet! Socket: 10.1.1.1 port: 49153 at time = 52.4023
--
52.5023 RSS 4.41361e-13
53.3 RSS 6.61569e-13
53.3023 RSS 4.47214e-13
--
Received one packet! Socket: 10.1.1.1 port: 49153 at time = 53.3023
--
53.4023 RSS 4.41361e-13
54 RSS 6.61569e-13
54.0023 RSS 4.47214e-13
--
Received one packet! Socket: 10.1.1.1 port: 49153 at time = 54.0023
--
54.1023 RSS 4.41361e-13
55.4 RSS 6.61569e-13
55.4023 RSS 4.47214e-13
--
Received one packet! Socket: 10.1.1.1 port: 49153 at time = 55.4023
--
55.5023 RSS 4.41361e-13
55.9 RSS 6.61569e-13
55.9023 RSS 4.47214e-13
--
Received one packet! Socket: 10.1.1.1 port: 49153 at time = 55.9023
--
56.0023 RSS 4.41361e-13
56.5 RSS 6.61569e-13
56.5023 RSS 4.47214e-13
--
Received one packet! Socket: 10.1.1.1 port: 49153 at time = 56.5023
--
56.6023 RSS 4.41361e-13
58 RSS 6.61569e-13
58.0023 RSS 4.47214e-13
58.1023 RSS 4.41361e-13
59.2 RSS 6.61569e-13
59.2023 RSS 4.47214e-13
--
Received one packet! Socket: 10.1.1.1 port: 49153 at time = 59.2023
--
59.3023 RSS 4.41361e-13
Actual PDR = 0.975
Actual RSS = 6.61569e-13
Actual Average Packet RSS = 6.66379e-13
