0 RSS 4.41361e-13
0.000570669 RSS 3.11977e-12
0.00287467 RSS 4.46058e-13
0.00287467 PRSS 3.12362e-12
--
Received one packet! Socket: 10.1.1.1 port: 49153 at time = 0.00287467
--
0.102875 RSS 4.41361e-13
0.700001 RSS 3.11977e-12
0.702305 RSS 4.46058e-13
--
Received one packet! Socket: 10.1.1.1 port: 49153 at time = 0.702305
--
0.802305 RSS 4.41361e-13
2 RSS 3.11977e-12
2.0023 RSS 4.46058e-13
--
Received one packet! Socket: 10.1.1.1 port: 49153 at time = 2.0023
--
2.1023 RSS 4.41361e-13
2.6 RSS 3.11977e-12
2.6023 RSS 4.46058e-13
--
Received one packet! Socket: 10.1.1.1 port: 49153 at time = 2.6023
--
2.7023 RSS 4.41361e-13
3.6 RSS 3.11977e-12
3.6023 RSS 4.46058e-13
--
Received one packet! Socket: 10.1.1.1 port: 49153 at time = 3.6023
--
3.7023 RSS 4.41361e-13
4.1 RSS 3.11977e-12
4.1023 RSS 4.46058e-13
--
Received one packet! Socket: 10.1.1.1 port: 49153 at time = 4.1023
--
4.2023 RSS 4.41361e-13
5.6 RSS 3.11977e-12
5.6023 RSS 4.46058e-13
--
Received one packet! Socket: 10.1.1.1 port: 49153 at time = 5.6023
--
5.7023 RSS 4.41361e-13
6.3 RSS 3.11977e-12
6.3023 RSS 4.46058e-13
--
Received one packet! Socket: 10.1.1.1 port: 49153 at time = 6.3023
--
6.4023 RSS 4.41361e-13
6.9 RSS 3.11977e-12
6.9023 RSS 4.46058e-13
--
Received one packet! Socket: 10.1.1.1 port: 49153 at time = 6.9023
--
7.0023 RSS 4.41361e-13
7.4 RSS 3.11977e-12
7.4023 RSS 4.46058e-13
--
Received one packet! Socket: 10.1.1.1 port: 49153 at time = 7.4023
--
7.5023 RSS 4.41361e-13
8.6 RSS 3.11977e-12
8.6023 RSS 4.46058e-13
--
Received one packet! Socket: 10.1.1.1 port: 49153 at time = 8.6023
--
8.7023 RSS 4.41361e-13
10.1 RSS 3.11977e-12
10.1023 RSS 4.46058e-13
--
Received one packet! Socket: 10.1.1.1 port: 49153 at time = 10.1023
--
10.2023 RSS 4.41361e-13
10.8 RSS 3.11977e-12
10.8023 RSS 4.46058e-13
--
Received one packet! Socket: 10.1.1.1 port: 49153 at time = 10.8023
--
10.9023 RSS 4.41361e-13
11.9 RSS 3.11977e-12
11.9023 RSS 4.46058e-13
--
Received one packet! Socket: 10.1.1.1 port: 49153 at time = 11.9023
--
12.0023 RSS 4.41361e-13
12.5 RSS 3.11977e-12
12.5023 RSS 4.46058e-13
--
Received one packet! Socket: 10.1.1.1 port: 49153 at time = 12.5023
--
12.6023 RSS 4.41361e-13
13.8 RSS 3.11977e-12
13.8023 RSS 4.46058e-13
--
Received one packet! Socket: 10.1.1.1 port: 49153 at time = 13.8023
--
13.9023 RSS 4.41361e-13
14.4 RSS 3.11977e-12
14.4023 RSS 4.46058e-13
--
Received one packet! Socket: 10.1.1.1 port: 49153 at time = 14.4023
--
14.5023 RSS 4.41361e-13
15.1 RSS 3.11977e-12
15.1023 RSS 4.46058e-13
--
Received one packet! Socket: 10.1.1.1 port: 49153 at time = 15.1023
--
15.2023 RSS 4.41361e-13
16.2 RSS 3.11977e-12
16.2023 RSS 4.46058e-13
--
Received one packet! Socket: 10.1.1.1 port: 49153 at time = 16.2023
--
16.3023 RSS 4.41361e-13
17.6 RSS 3.11977e-12
17.6023 RSS 4.46058e-13
--
Received one packet! Socket: 10.1.1.1 port: 49153 at time = 17.6023
--
17.7023 RSS 4.41361e-13
18.2 RSS 3.11977e-12
18.2023 RSS 4.46058e-13
--
Received one packet! Socket: 10.1.1.1 port: 49153 at time = 18.2023
--
18.3023 RSS 4.41361e-13
19.6 RSS 3.11977e-12
19.6023 RSS 4.46058e-13
--
Received one packet! Socket: 10.1.1.1 port: 49153 at time = 19.6023
--
19.7023 RSS 4.41361e-13
20.2 RSS 3.11977e-12
20.2023 RSS 4.46058e-13
--
Received one packet! Socket: 10.1.1.1 port: 49153 at time = 20.2023
--
20.3023 RSS 4.41361e-13
21 RSS 3.11977e-12
21.0023 RSS 4.46058e-13
--
Received one packet! Socket: 10.1.1.1 port: 49153 at time = 21.0023
--
21.1023 RSS 4.41361e-13
22.4 RSS 3.11977e-12
22.4023 RSS 4.46058e-13
--
Received one packet! Socket: 10.1.1.1 port: 49153 at time = 22.4023
--
22.5023 RSS 4.41361e-13
23.3 RSS 3.11977e-12
23.3023 RSS 4.46058e-13
--
Received one packet! Socket: 10.1.1.1 port: 49153 at time = 23.3023
--
23.4023 RSS 4.41361e-13
24.8 RSS 3.11977e-12
24.8023 RSS 4.46058e-13
--
Received one packet! Socket: 10.1.1.1 port: 49153 at time = 24.8023
--
24.9023 RSS 4.41361e-13
25.8 RSS 3.11977e-12
25.8023 RSS 4.46058e-13
--
Received one packet! Socket: 10.1.1.1 port: 49153 at time = 25.8023
--
25.9023 RSS 4.41361e-13
27.3 RSS 3.11977e-12
27.3023 RSS 4.46058e-13
--
Received one packet! Socket: 10.1.1.1 port: 49153 at time = 27.3023
--
27.4023 RSS 4.41361e-13
28.6 RSS 3.11977e-12
28.6023 RSS 4.46058e-13
--
Received one packet! Socket: 10.1.1.1 port: 49153 at time = 28.6023
--
28.7023 RSS 4.41361e-13
29.4 RSS 3.11977e-12
29.4023 RSS 4.46058e-13
--
Received one packet! Socket: 10.1.1.1 port: 49153 at time = 29.4023
--
29.5023 RSS 4.41361e-13
30.1 RSS 3.11977e-12
30.1023 RSS 4.46058e-13
--
Received one packet! Socket: 10.1.1.1 port: 49153 at time = 30.1023
--
30.2023 RSS 4.41361e-13
31.4 RSS 3.11977e-12
31.4023 RSS 4.46058e-13
--
Received one packet! Socket: 10.1.1.1 port: 49153 at time = 31.4023
--
31.5023 RSS 4.41361e-13
31.9 RSS 3.11977e-12
31.9023 RSS 4.46058e-13
--
Received one packet! Socket: 10.1.1.1 port: 49153 at time = 31.9023
--
32.0023 RSS 4.41361e-13
32.6 RSS 3.11977e-12
32.6023 RSS 4.46058e-13
--
Received one packet! Socket: 10.1.1.1 port: 49153 at time = 32.6023
--
32.7023 RSS 4.41361e-13
33.3 RSS 3.11977e-12
33.3023 RSS 4.46058e-13
--
Received one packet! Socket: 10.1.1.1 port: 49153 at time = 33.3023
--
33.4023 RSS 4.41361e-13
33.8 RSS 3.11977e-12
33.8023 RSS 4.46058e-13
--
Received one packet! Socket: 10.1.1.1 port: 49153 at time = 33.8023
--
33.9023 RSS 4.41361e-13
34.4 RSS 3.11977e-12
34.4023 RSS 4.46058e-13
--
Received one packet! Socket: 10.1.1.1 port: 49153 at time = 34.4023
--
34.5023 RSS 4.41361e-13
35.1 RSS 3.11977e-12
35.1023 RSS 4.46058e-13
--
Received one packet! Socket: 10.1.1.1 port: 49153 at time = 35.1023
--
35.2023 RSS 4.41361e-13
35.8 RSS 3.11977e-12
35.8023 RSS 4.46058e-13
--
Received one packet! Socket: 10.1.1.1 port: 49153 at time = 35.8023
--
35.9023 RSS 4.41361e-13
37.3 RSS 3.11977e-12
37.3023 RSS 4.46058e-13
--
Received one packet! Socket: 10.1.1.1 port: 49153 at time = 37.3023
--
37.4023 RSS 4.41361e-13
38.7 RSS 3.11977e-12
38.7023 RSS 4.46058e-13
--
Received one packet! Socket: 10.1.1.1 port: 49153 at time = 38.7023
--
38.8023 RSS 4.41361e-13
40.2 RSS 3.11977e-12
40.2023 RSS 4.46058e-13
--
Received one packet! Socket: 10.1.1.1 port: 49153 at time = 40.2023
--
40.3023 RSS 4.41361e-13
40.8 RSS 3.11977e-12
40.8023 RSS 4.46058e-13
--
Received one packet! Socket: 10.1.1.1 port: 49153 at time = 40.8023
--
40.9023 RSS 4.41361e-13
41.6 RSS 3.11977e-12
41.6023 RSS 4.46058e-13
--
Received one packet! Socket: 10.1.1.1 port: 49153 at time = 41.6023
--
41.7023 RSS 4.41361e-13
43.1 RSS 3.11977e-12
43.1023 RSS 4.46058e-13
--
Received one packet! Socket: 10.1.1.1 port: 49153 at time = 43.1023
--
43.2023 RSS 4.41361e-13
44.4 RSS 3.11977e-12
44.4023 RSS 4.46058e-13
--
Received one packet! Socket: 10.1.1.1 port: 49153 at time = 44.4023
--
44.5023 RSS 4.41361e-13
45.1 RSS 3.11977e-12
45.1023 RSS 4.46058e-13
--
Received one packet! Socket: 10.1.1.1 port: 49153 at time = 45.1023
--
45.2023 RSS 4.41361e-13
45.7 RSS 3.11977e-12
45.7023 RSS 4.46058e-13
--
Received one packet! Socket: 10.1.1.1 port: 49153 at time = 45.7023
--
45.8023 RSS 4.41361e-13
46.3 RSS 3.11977e-12
46.3023 RSS 4.46058e-13
--
Received one packet! Socket: 10.1.1.1 port: 49153 at time = 46.3023
--
46.4023 RSS 4.41361e-13
47.7 RSS 3.11977e-12
47.7023 RSS 4.46058e-13
--
Received one packet! Socket: 10.1.1.1 port: 49153 at time = 47.7023
--
47.8023 RSS 4.41361e-13
48.5 RSS 3.11977e-12
48.5023 RSS 4.46058e-13
--
Received one packet! Socket: 10.1.1.1 port: 49153 at time = 48.5023
--
48.6023 RSS 4.41361e-13
50 RSS 3.11977e-12
50.0023 RSS 4.46058e-13
--
Received one packet! Socket: 10.1.1.1 port: 49153 at time = 50.0023
--
50.1023 RSS 4.41361e-13
51.5 RSS 3.11977e-12
51.5023 RSS 4.46058e-13
--
Received one packet! Socket: 10.1.1.1 port: 49153 at time = 51.5023
--
51.6023 RSS 4.41361e-13
52.4 RSS 3.11977e-12
52.4023 RSS 4.46058e-13
--
Received one packet! Socket: 10.1.1.1 port: 49153 at time = 52.4023
--
52.5023 RSS 4.41361e-13
53.5 RSS 3.11977e-12
53.5023 RSS 4.46058e-13
--
Received one packet! Socket: 10.1.1.1 port: 49153 at time = 53.5023
--
53.6023 RSS 4.41361e-13
54.1 RSS 3.11977e-12
54.1023 RSS 4.46058e-13
--
Received one packet! Socket: 10.1.1.1 port: 49153 at time = 54.1023
--
54.2023 RSS 4.41361e-13
54.9 RSS 3.11977e-12
54.9023 RSS 4.46058e-13
--
Received one packet! Socket: 10.1.1.1 port: 49153 at time = 54.9023
--
55.0023 RSS 4.41361e-13
55.4 RSS 3.11977e-12
55.4023 RSS 4.46058e-13
--
Received one packet! Socket: 10.1.1.1 port: 49153 at time = 55.4023
--
55.5023 RSS 4.41361e-13
56 RSS 3.11977e-12
56.0023 RSS 4.46058e-13
--
Received one packet! Socket: 10.1.1.1 port: 49153 at time = 56.0023
--
56.1023 RSS 4.41361e-13
57.4 RSS 3.11977e-12
57.4023 RSS 4.46058e-13
--
Received one packet! Socket: 10.1.1.1 port: 49153 at time = 57.4023
--
57.5023 RSS 4.41361e-13
58.3 RSS 3.11977e-12
58.3023 RSS 4.46058e-13
--
Received one packet! Socket: 10.1.1.1 port: 49153 at time = 58.3023
--
58.4023 RSS 4.41361e-13
58.9 RSS 3.11977e-12
58.9023 RSS 4.46058e-13
--
Received one packet! Socket: 10.1.1.1 port: 49153 at time = 58.9023
--
59.0023 RSS 4.41361e-13
Actual PDR = 1
Actual RSS = 3.11977e-12
Actual Average Packet RSS = 3.12362e-12
