0 RSS 4.41361e-13
0.000570669 RSS 3.11977e-12
0.00287467 RSS 4.46058e-13
0.00287467 PRSS 3.12362e-12
--
Received one packet! Socket: 10.1.1.1 port: 49153 at time = 0.00287467
--
0.102875 RSS 4.41361e-13
0.900001 RSS 3.11977e-12
0.902305 RSS 4.46058e-13
--
Received one packet! Socket: 10.1.1.1 port: 49153 at time = 0.902305
--
1.0023 RSS 4.41361e-13
1.4 RSS 3.11977e-12
1.4023 RSS 4.46058e-13
--
Received one packet! Socket: 10.1.1.1 port: 49153 at time = 1.4023
--
1.5023 RSS 4.41361e-13
2 RSS 3.11977e-12
2.0023 RSS 4.46058e-13
--
Received one packet! Socket: 10.1.1.1 port: 49153 at time = 2.0023
--
2.1023 RSS 4.41361e-13
3.2 RSS 3.11977e-12
3.2023 RSS 4.46058e-13
--
Received one packet! Socket: 10.1.1.1 port: 49153 at time = 3.2023
--
3.3023 RSS 4.41361e-13
3.9 RSS 3.11977e-12
3.9023 RSS 4.46058e-13
--
Received one packet! Socket: 10.1.1.1 port: 49153 at time = 3.9023
--
4.0023 RSS 4.41361e-13
5 RSS 3.11977e-12
5.0023 RSS 4.46058e-13
--
Received one packet! Socket: 10.1.1.1 port: 49153 at time = 5.0023
--
5.1023 RSS 4.41361e-13
6.3 RSS 3.11977e-12
6.3023 RSS 4.46058e-13
--
Received one packet! Socket: 10.1.1.1 port: 49153 at time = 6.3023
--
6.4023 RSS 4.41361e-13
7.1 RSS 3.11977e-12
7.1023 RSS 4.46058e-13
--
Received one packet! Socket: 10.1.1.1 port: 49153 at time = 7.1023
--
7.2023 RSS 4.41361e-13
8.6 RSS 3.11977e-12
8.6023 RSS 4.46058e-13
--
Received one packet! Socket: 10.1.1.1 port: 49153 at time = 8.6023
--
8.7023 RSS 4.41361e-13
9.6 RSS 3.11977e-12
9.6023 RSS 4.46058e-13
--
Received one packet! Socket: 10.1.1.1 port: 49153 at time = 9.6023
--
9.7023 RSS 4.41361e-13
11.1 RSS 3.11977e-12
11.1023 RSS 4.46058e-13
--
Received one packet! Socket: 10.1.1.1 port: 49153 at time = 11.1023
--
11.2023 RSS 4.41361e-13
11.8 RSS 3.11977e-12
11.8023 RSS 4.46058e-13
--
Received one packet! Socket: 10.1.1.1 port: 49153 at time = 11.8023
--
11.9023 RSS 4.41361e-13
12.4 RSS 3.11977e-12
12.4023 RSS 4.46058e-13
--
Received one packet! Socket: 10.1.1.1 port: 49153 at time = 12.4023
--
12.5023 RSS 4.41361e-13
13.6 RSS 3.11977e-12
13.6023 RSS 4.46058e-13
--
Received one packet! Socket: 10.1.1.1 port: 49153 at time = 13.6023
--
13.7023 RSS 4.41361e-13
14.5 RSS 3.11977e-12
14.5023 RSS 4.46058e-13
--
Received one packet! Socket: 10.1.1.1 port: 49153 at time = 14.5023
--
14.6023 RSS 4.41361e-13
15.5 RSS 3.11977e-12
15.5023 RSS 4.46058e-13
--
Received one packet! Socket: 10.1.1.1 port: 49153 at time = 15.5023
--
15.6023 RSS 4.41361e-13
16.7 RSS 3.11977e-12
16.7023 RSS 4.46058e-13
--
Received one packet! Socket: 10.1.1.1 port: 49153 at time = 16.7023
--
16.8023 RSS 4.41361e-13
17.4 RSS 3.11977e-12
17.4023 RSS 4.46058e-13
--
Received one packet! Socket: 10.1.1.1 port: 49153 at time = 17.4023
--
17.5023 RSS 4.41361e-13
18.8 RSS 3.11977e-12
18.8023 RSS 4.46058e-13
--
Received one packet! Socket: 10.1.1.1 port: 49153 at time = 18.8023
--
18.9023 RSS 4.41361e-13
19.4 RSS 3.11977e-12
19.4023 RSS 4.46058e-13
--
Received one packet! Socket: 10.1.1.1 port: 49153 at time = 19.4023
--
19.5023 RSS 4.41361e-13
20.4 RSS 3.11977e-12
20.4023 RSS 4.46058e-13
--
Received one packet! Socket: 10.1.1.1 port: 49153 at time = 20.4023
--
20.5023 RSS 4.41361e-13
21.7 RSS 3.11977e-12
21.7023 RSS 4.46058e-13
--
Received one packet! Socket: 10.1.1.1 port: 49153 at time = 21.7023
--
21.8023 RSS 4.41361e-13
22.8 RSS 3.11977e-12
22.8023 RSS 4.46058e-13
--
Received one packet! Socket: 10.1.1.1 port: 49153 at time = 22.8023
--
22.9023 RSS 4.41361e-13
23.4 RSS 3.11977e-12
23.4023 RSS 4.46058e-13
--
Received one packet! Socket: 10.1.1.1 port: 49153 at time = 23.4023
--
23.5023 RSS 4.41361e-13
24.5 RSS 3.11977e-12
24.5023 RSS 4.46058e-13
--
Received one packet! Socket: 10.1.1.1 port: 49153 at time = 24.5023
--
24.6023 RSS 4.41361e-13
25.6 RSS 3.11977e-12
25.6023 RSS 4.46058e-13
--
Received one packet! Socket: 10.1.1.1 port: 49153 at time = 25.6023
--
25.7023 RSS 4.41361e-13
26.6 RSS 3.11977e-12
26.6023 RSS 4.46058e-13
--
Received one packet! Socket: 10.1.1.1 port: 49153 at time = 26.6023
--
26.7023 RSS 4.41361e-13
27.2 RSS 3.11977e-12
27.2023 RSS 4.46058e-13
--
Received one packet! Socket: 10.1.1.1 port: 49153 at time = 27.2023
--
27.3023 RSS 4.41361e-13
27.8 RSS 3.11977e-12
27.8023 RSS 4.46058e-13
--
Received one packet! Socket: 10.1.1.1 port: 49153 at time = 27.8023
--
27.9023 RSS 4.41361e-13
29 RSS 3.11977e-12
29.0023 RSS 4.46058e-13
--
Received one packet! Socket: 10.1.1.1 port: 49153 at time = 29.0023
--
29.1023 RSS 4.41361e-13
29.7 RSS 3.11977e-12
29.7023 RSS 4.46058e-13
--
Received one packet! Socket: 10.1.1.1 port: 49153 at time = 29.7023
--
29.8023 RSS 4.41361e-13
30.8 RSS 3.11977e-12
30.8023 RSS 4.46058e-13
--
Received one packet! Socket: 10.1.1.1 port: 49153 at time = 30.8023
--
30.9023 RSS 4.41361e-13
31.9 RSS 3.11977e-12
31.9023 RSS 4.46058e-13
--
Received one packet! Socket: 10.1.1.1 port: 49153 at time = 31.9023
--
32.0023 RSS 4.41361e-13
32.7 RSS 3.11977e-12
32.7023 RSS 4.46058e-13
--
Received one packet! Socket: 10.1.1.1 port: 49153 at time = 32.7023
--
32.8023 RSS 4.41361e-13
33.2 RSS 3.11977e-12
33.2023 RSS 4.46058e-13
--
Received one packet! Socket: 10.1.1.1 port: 49153 at time = 33.2023
--
33.3023 RSS 4.41361e-13
34.5 RSS 3.11977e-12
34.5023 RSS 4.46058e-13
--
Received one packet! Socket: 10.1.1.1 port: 49153 at time = 34.5023
--
34.6023 RSS 4.41361e-13
35.9 RSS 3.11977e-12
35.9023 RSS 4.46058e-13
--
Received one packet! Socket: 10.1.1.1 port: 49153 at time = 35.9023
--
36.0023 RSS 4.41361e-13
37.1 RSS 3.11977e-12
37.1023 RSS 4.46058e-13
--
Received one packet! Socket: 10.1.1.1 port: 49153 at time = 37.1023
--
37.2023 RSS 4.41361e-13
38.5 RSS 3.11977e-12
38.5023 RSS 4.46058e-13
--
Received one packet! Socket: 10.1.1.1 port: 49153 at time = 38.5023
--
38.6023 RSS 4.41361e-13
39.6 RSS 3.11977e-12
39.6023 RSS 4.46058e-13
--
Received one packet! Socket: 10.1.1.1 port: 49153 at time = 39.6023
--
39.7023 RSS 4.41361e-13
40.2 RSS 3.11977e-12
40.2023 RSS 4.46058e-13
--
Received one packet! Socket: 10.1.1.1 port: 49153 at time = 40.2023
--
40.3023 RSS 4.41361e-13
41.5 RSS 3.11977e-12
41.5023 RSS 4.46058e-13
--
Received one packet! Socket: 10.1.1.1 port: 49153 at time = 41.5023
--
41.6023 RSS 4.41361e-13
42.7 RSS 3.11977e-12
42.7023 RSS 4.46058e-13
--
Received one packet! Socket: 10.1.1.1 port: 49153 at time = 42.7023
--
42.8023 RSS 4.41361e-13
43.4 RSS 3.11977e-12
43.4023 RSS 4.46058e-13
--
Received one packet! Socket: 10.1.1.1 port: 49153 at time = 43.4023
--
43.5023 RSS 4.41361e-13
44.2 RSS 3.11977e-12
44.2023 RSS 4.46058e-13
--
Received one packet! Socket: 10.1.1.1 port: 49153 at time = 44.2023
--
44.3023 RSS 4.41361e-13
44.7 RSS 3.11977e-12
44.7023 RSS 4.46058e-13
--
Received one packet! Socket: 10.1.1.1 port: 49153 at time = 44.7023
--
44.8023 RSS 4.41361e-13
45.9 RSS 3.11977e-12
45.9023 RSS 4.46058e-13
--
Received one packet! Socket: 10.1.1.1 port: 49153 at time = 45.9023
--
46.0023 RSS 4.41361e-13
47.4 RSS 3.11977e-12
47.4023 RSS 4.46058e-13
--
Received one packet! Socket: 10.1.1.1 port: 49153 at time = 47.4023
--
47.5023 RSS 4.41361e-13
47.9 RSS 3.11977e-12
47.9023 RSS 4.46058e-13
--
Received one packet! Socket: 10.1.1.1 port: 49153 at time = 47.9023
--
48.0023 RSS 4.41361e-13
48.7 RSS 3.11977e-12
48.7023 RSS 4.46058e-13
--
Received one packet! Socket: 10.1.1.1 port: 49153 at time = 48.7023
--
48.8023 RSS 4.41361e-13
49.2 RSS 3.11977e-12
49.2023 RSS 4.46058e-13
--
Received one packet! Socket: 10.1.1.1 port: 49153 at time = 49.2023
--
49.3023 RSS 4.41361e-13
50.3 RSS 3.11977e-12
50.3023 RSS 4.46058e-13
--
Received one packet! Socket: 10.1.1.1 port: 49153 at time = 50.3023
--
50.4023 RSS 4.41361e-13
50.8 RSS 3.11977e-12
50.8023 RSS 4.46058e-13
--
Received one packet! Socket: 10.1.1.1 port: 49153 at time = 50.8023
--
50.9023 RSS 4.41361e-13
52 RSS 3.11977e-12
52.0023 RSS 4.46058e-13
--
Received one packet! Socket: 10.1.1.1 port: 49153 at time = 52.0023
--
52.1023 RSS 4.41361e-13
53 RSS 3.11977e-12
53.0023 RSS 4.46058e-13
--
Received one packet! Socket: 10.1.1.1 port: 49153 at time = 53.0023
--
53.1023 RSS 4.41361e-13
53.9 RSS 3.11977e-12
53.9023 RSS 4.46058e-13
--
Received one packet! Socket: 10.1.1.1 port: 49153 at time = 53.9023
--
54.0023 RSS 4.41361e-13
54.4 RSS 3.11977e-12
54.4023 RSS 4.46058e-13
--
Received one packet! Socket: 10.1.1.1 port: 49153 at time = 54.4023
--
54.5023 RSS 4.41361e-13
55.9 RSS 3.11977e-12
55.9023 RSS 4.46058e-13
--
Received one packet! Socket: 10.1.1.1 port: 49153 at time = 55.9023
--
56.0023 RSS 4.41361e-13
57 RSS 3.11977e-12
57.0023 RSS 4.46058e-13
--
Received one packet! Socket: 10.1.1.1 port: 49153 at time = 57.0023
--
57.1023 RSS 4.41361e-13
58.5 RSS 3.11977e-12
58.5023 RSS 4.46058e-13
--
Received one packet! Socket: 10.1.1.1 port: 49153 at time = 58.5023
--
58.6023 RSS 4.41361e-13
59.5 RSS 3.11977e-12
59.5023 RSS 4.46058e-13
--
Received one packet! Socket: 10.1.1.1 port: 49153 at time = 59.5023
--
59.6023 RSS 4.41361e-13
Actual PDR = 1
Actual RSS = 3.11977e-12
Actual Average Packet RSS = 3.12362e-12
