0 RSS 4.41361e-13
0.000572003 RSS 7.40946e-13
0.002876 RSS 4.46951e-13
0.002876 PRSS 7.45538e-13
--
Received one packet! Socket: 10.1.1.1 port: 49153 at time = 0.002876
--
0.102876 RSS 4.41361e-13
1.2 RSS 7.40946e-13
1.20231 RSS 4.46951e-13
--
Received one packet! Socket: 10.1.1.1 port: 49153 at time = 1.20231
--
1.30231 RSS 4.41361e-13
1.8 RSS 7.40946e-13
1.80231 RSS 4.46951e-13
--
Received one packet! Socket: 10.1.1.1 port: 49153 at time = 1.80231
--
1.90231 RSS 4.41361e-13
3 RSS 7.40946e-13
3.00231 RSS 4.46951e-13
--
Received one packet! Socket: 10.1.1.1 port: 49153 at time = 3.00231
--
3.10231 RSS 4.41361e-13
3.5 RSS 7.40946e-13
3.50231 RSS 4.46951e-13
--
Received one packet! Socket: 10.1.1.1 port: 49153 at time = 3.50231
--
3.60231 RSS 4.41361e-13
5 RSS 7.40946e-13
5.00231 RSS 4.46951e-13
--
Received one packet! Socket: 10.1.1.1 port: 49153 at time = 5.00231
--
5.10231 RSS 4.41361e-13
6.5 RSS 7.40946e-13
6.50231 RSS 4.46951e-13
--
Received one packet! Socket: 10.1.1.1 port: 49153 at time = 6.50231
--
6.60231 RSS 4.41361e-13
8 RSS 7.40946e-13
8.00231 RSS 4.46951e-13
--
Received one packet! Socket: 10.1.1.1 port: 49153 at time = 8.00231
--
8.10231 RSS 4.41361e-13
8.9 RSS 7.40946e-13
8.90231 RSS 4.46951e-13
--
Received one packet! Socket: 10.1.1.1 port: 49153 at time = 8.90231
--
9.00231 RSS 4.41361e-13
10.1 RSS 7.40946e-13
10.1023 RSS 4.46951e-13
--
Received one packet! Socket: 10.1.1.1 port: 49153 at time = 10.1023
--
10.2023 RSS 4.41361e-13
10.9 RSS 7.40946e-13
10.9023 RSS 4.46951e-13
--
Received one packet! Socket: 10.1.1.1 port: 49153 at time = 10.9023
--
11.0023 RSS 4.41361e-13
11.8 RSS 7.40946e-13
11.8023 RSS 4.46951e-13
--
Received one packet! Socket: 10.1.1.1 port: 49153 at time = 11.8023
--
11.9023 RSS 4.41361e-13
12.7 RSS 7.40946e-13
12.7023 RSS 4.46951e-13
--
Received one packet! Socket: 10.1.1.1 port: 49153 at time = 12.7023
--
12.8023 RSS 4.41361e-13
14.1 RSS 7.40946e-13
14.1023 RSS 4.46951e-13
--
Received one packet! Socket: 10.1.1.1 port: 49153 at time = 14.1023
--
14.2023 RSS 4.41361e-13
14.9 RSS 7.40946e-13
14.9023 RSS 4.46951e-13
--
Received one packet! Socket: 10.1.1.1 port: 49153 at time = 14.9023
--
15.0023 RSS 4.41361e-13
15.4 RSS 7.40946e-13
15.4023 RSS 4.46951e-13
--
Received one packet! Socket: 10.1.1.1 port: 49153 at time = 15.4023
--
15.5023 RSS 4.41361e-13
15.9 RSS 7.40946e-13
15.9023 RSS 4.46951e-13
--
Received one packet! Socket: 10.1.1.1 port: 49153 at time = 15.9023
--
16.0023 RSS 4.41361e-13
16.7 RSS 7.40946e-13
16.7023 RSS 4.46951e-13
--
Received one packet! Socket: 10.1.1.1 port: 49153 at time = 16.7023
--
16.8023 RSS 4.41361e-13
18.1 RSS 7.40946e-13
18.1023 RSS 4.46951e-13
--
Received one packet! Socket: 10.1.1.1 port: 49153 at time = 18.1023
--
18.2023 RSS 4.41361e-13
19.1 RSS 7.40946e-13
19.1023 RSS 4.46951e-13
--
Received one packet! Socket: 10.1.1.1 port: 49153 at time = 19.1023
--
19.2023 RSS 4.41361e-13
20 RSS 7.40946e-13
20.0023 RSS 4.46951e-13
--
Received one packet! Socket: 10.1.1.1 port: 49153 at time = 20.0023
--
20.1023 RSS 4.41361e-13
20.7 RSS 7.40946e-13
20.7023 RSS 4.46951e-13
--
Received one packet! Socket: 10.1.1.1 port: 49153 at time = 20.7023
--
20.8023 RSS 4.41361e-13
21.2 RSS 7.40946e-13
21.2023 RSS 4.46951e-13
--
Received one packet! Socket: 10.1.1.1 port: 49153 at time = 21.2023
--
21.3023 RSS 4.41361e-13
22.7 RSS 7.40946e-13
22.7023 RSS 4.46951e-13
--
Received one packet! Socket: 10.1.1.1 port: 49153 at time = 22.7023
--
22.8023 RSS 4.41361e-13
23.4 RSS 7.40946e-13
23.4023 RSS 4.46951e-13
--
Received one packet! Socket: 10.1.1.1 port: 49153 at time = 23.4023
--
23.5023 RSS 4.41361e-13
24.5 RSS 7.40946e-13
24.5023 RSS 4.46951e-13
--
Received one packet! Socket: 10.1.1.1 port: 49153 at time = 24.5023
--
24.6023 RSS 4.41361e-13
26 RSS 7.40946e-13
26.0023 RSS 4.46951e-13
--
Received one packet! Socket: 10.1.1.1 port: 49153 at time = 26.0023
--
26.1023 RSS 4.41361e-13
27.5 RSS 7.40946e-13
27.5023 RSS 4.46951e-13
--
Received one packet! Socket: 10.1.1.1 port: 49153 at time = 27.5023
--
27.6023 RSS 4.41361e-13
28.7 RSS 7.40946e-13
28.7023 RSS 4.46951e-13
--
Received one packet! Socket: 10.1.1.1 port: 49153 at time = 28.7023
--
28.8023 RSS 4.41361e-13
30.1 RSS 7.40946e-13
30.1023 RSS 4.46951e-13
--
Received one packet! Socket: 10.1.1.1 port: 49153 at time = 30.1023
--
30.2023 RSS 4.41361e-13
31.2 RSS 7.40946e-13
31.2023 RSS 4.46951e-13
--
Received one packet! Socket: 10.1.1.1 port: 49153 at time = 31.2023
--
31.3023 RSS 4.41361e-13
32.2 RSS 7.40946e-13
32.2023 RSS 4.46951e-13
--
Received one packet! Socket: 10.1.1.1 port: 49153 at time = 32.2023
--
32.3023 RSS 4.41361e-13
33 RSS 7.40946e-13
33.0023 RSS 4.46951e-13
--
Received one packet! Socket: 10.1.1.1 port: 49153 at time = 33.0023
--
33.1023 RSS 4.41361e-13
34.2 RSS 7.40946e-13
34.2023 RSS 4.46951e-13
--
Received one packet! Socket: 10.1.1.1 port: 49153 at time = 34.2023
--
34.3023 RSS 4.41361e-13
35.7 RSS 7.40946e-13
35.7023 RSS 4.46951e-13
--
Received one packet! Socket: 10.1.1.1 port: 49153 at time = 35.7023
--
35.8023 RSS 4.41361e-13
36.5 RSS 7.40946e-13
36.5023 RSS 4.46951e-13
--
Received one packet! Socket: 10.1.1.1 port: 49153 at time = 36.5023
--
36.6023 RSS 4.41361e-13
37.5 RSS 7.40946e-13
37.5023 RSS 4.46951e-13
--
Received one packet! Socket: 10.1.1.1 port: 49153 at time = 37.5023
--
37.6023 RSS 4.41361e-13
38.7 RSS 7.40946e-13
38.7023 RSS 4.46951e-13
--
Received one packet! Socket: 10.1.1.1 port: 49153 at time = 38.7023
--
38.8023 RSS 4.41361e-13
39.2 RSS 7.40946e-13
39.2023 RSS 4.46951e-13
--
Received one packet! Socket: 10.1.1.1 port: 49153 at time = 39.2023
--
39.3023 RSS 4.41361e-13
40.6 RSS 7.40946e-13
40.6023 RSS 4.46951e-13
--
Received one packet! Socket: 10.1.1.1 port: 49153 at time = 40.6023
--
40.7023 RSS 4.41361e-13
41.4 RSS 7.40946e-13
41.4023 RSS 4.46951e-13
--
Received one packet! Socket: 10.1.1.1 port: 49153 at time = 41.4023
--
41.5023 RSS 4.41361e-13
42 RSS 7.40946e-13
42.0023 RSS 4.46951e-13
--
Received one packet! Socket: 10.1.1.1 port: 49153 at time = 42.0023
--
42.1023 RSS 4.41361e-13
42.5 RSS 7.40946e-13
42.5023 RSS 4.46951e-13
--
Received one packet! Socket: 10.1.1.1 port: 49153 at time = 42.5023
--
42.6023 RSS 4.41361e-13
43.6 RSS 7.40946e-13
43.6023 RSS 4.46951e-13
--
Received one packet! Socket: 10.1.1.1 port: 49153 at time = 43.6023
--
43.7023 RSS 4.41361e-13
44.1 RSS 7.40946e-13
44.1023 RSS 4.46951e-13
--
Received one packet! Socket: 10.1.1.1 port: 49153 at time = 44.1023
--
44.2023 RSS 4.41361e-13
44.9 RSS 7.40946e-13
44.9023 RSS 4.46951e-13
--
Received one packet! Socket: 10.1.1.1 port: 49153 at time = 44.9023
--
45.0023 RSS 4.41361e-13
45.8 RSS 7.40946e-13
45.8023 RSS 4.46951e-13
--
Received one packet! Socket: 10.1.1.1 port: 49153 at time = 45.8023
--
45.9023 RSS 4.41361e-13
46.3 RSS 7.40946e-13
46.3023 RSS 4.46951e-13
--
Received one packet! Socket: 10.1.1.1 port: 49153 at time = 46.3023
--
46.4023 RSS 4.41361e-13
47.4 RSS 7.40946e-13
47.4023 RSS 4.46951e-13
--
Received one packet! Socket: 10.1.1.1 port: 49153 at time = 47.4023
--
47.5023 RSS 4.41361e-13
47.9 RSS 7.40946e-13
47.9023 RSS 4.46951e-13
--
Received one packet! Socket: 10.1.1.1 port: 49153 at time = 47.9023
--
48.0023 RSS 4.41361e-13
49 RSS 7.40946e-13
49.0023 RSS 4.46951e-13
--
Received one packet! Socket: 10.1.1.1 port: 49153 at time = 49.0023
--
49.1023 RSS 4.41361e-13
50.3 RSS 7.40946e-13
50.3023 RSS 4.46951e-13
--
Received one packet! Socket: 10.1.1.1 port: 49153 at time = 50.3023
--
50.4023 RSS 4.41361e-13
51.1 RSS 7.40946e-13
51.1023 RSS 4.46951e-13
--
Received one packet! Socket: 10.1.1.1 port: 49153 at time = 51.1023
--
51.2023 RSS 4.41361e-13
52 RSS 7.40946e-13
52.0023 RSS 4.46951e-13
--
Received one packet! Socket: 10.1.1.1 port: 49153 at time = 52.0023
--
52.1023 RSS 4.41361e-13
53.1 RSS 7.40946e-13
53.1023 RSS 4.46951e-13
--
Received one packet! Socket: 10.1.1.1 port: 49153 at time = 53.1023
--
53.2023 RSS 4.41361e-13
53.9 RSS 7.40946e-13
53.9023 RSS 4.46951e-13
--
Received one packet! Socket: 10.1.1.1 port: 49153 at time = 53.9023
--
54.0023 RSS 4.41361e-13
54.4 RSS 7.40946e-13
54.4023 RSS 4.46951e-13
--
Received one packet! Socket: 10.1.1.1 port: 49153 at time = 54.4023
--
54.5023 RSS 4.41361e-13
55.4 RSS 7.40946e-13
55.4023 RSS 4.46951e-13
--
Received one packet! Socket: 10.1.1.1 port: 49153 at time = 55.4023
--
55.5023 RSS 4.41361e-13
56.1 RSS 7.40946e-13
56.1023 RSS 4.46951e-13
--
Received one packet! Socket: 10.1.1.1 port: 49153 at time = 56.1023
--
56.2023 RSS 4.41361e-13
57.3 RSS 7.40946e-13
57.3023 RSS 4.46951e-13
--
Received one packet! Socket: 10.1.1.1 port: 49153 at time = 57.3023
--
57.4023 RSS 4.41361e-13
57.9 RSS 7.40946e-13
57.9023 RSS 4.46951e-13
--
Received one packet! Socket: 10.1.1.1 port: 49153 at time = 57.9023
--
58.0023 RSS 4.41361e-13
59.1 RSS 7.40946e-13
59.1023 RSS 4.46951e-13
--
Received one packet! Socket: 10.1.1.1 port: 49153 at time = 59.1023
--
59.2023 RSS 4.41361e-13
59.6 RSS 7.40946e-13
59.6023 RSS 4.46951e-13
--
Received one packet! Socket: 10.1.1.1 port: 49153 at time = 59.6023
--
59.7023 RSS 4.41361e-13
Actual PDR = 1
Actual RSS = 7.40946e-13
Actual Average Packet RSS = 7.45538e-13
