0 RSS 4.41361e-13
0.000573669 RSS 5.30629e-13
0.00287767 RSS 4.48476e-13
0.00287767 PRSS 5.36485e-13
0.102878 RSS 4.41361e-13
1.2 RSS 5.30629e-13
1.20231 RSS 4.48476e-13
1.30231 RSS 4.41361e-13
2.3 RSS 5.30629e-13
2.30231 RSS 4.48476e-13
2.40231 RSS 4.41361e-13
3.1 RSS 5.30629e-13
3.10231 RSS 4.48476e-13
3.20231 RSS 4.41361e-13
4.5 RSS 5.30629e-13
4.50231 RSS 4.48476e-13
4.60231 RSS 4.41361e-13
5.4 RSS 5.30629e-13
5.40231 RSS 4.48476e-13
5.50231 RSS 4.41361e-13
6 RSS 5.30629e-13
6.00231 RSS 4.48476e-13
6.10231 RSS 4.41361e-13
7.4 RSS 5.30629e-13
7.40231 RSS 4.48476e-13
7.50231 RSS 4.41361e-13
8.5 RSS 5.30629e-13
8.50231 RSS 4.48476e-13
8.60231 RSS 4.41361e-13
9.1 RSS 5.30629e-13
9.10231 RSS 4.48476e-13
9.20231 RSS 4.41361e-13
10.2 RSS 5.30629e-13
10.2023 RSS 4.48476e-13
10.3023 RSS 4.41361e-13
10.9 RSS 5.30629e-13
10.9023 RSS 4.48476e-13
11.0023 RSS 4.41361e-13
11.5 RSS 5.30629e-13
11.5023 RSS 4.48476e-13
11.6023 RSS 4.41361e-13
13 RSS 5.30629e-13
13.0023 RSS 4.48476e-13
13.1023 RSS 4.41361e-13
13.5 RSS 5.30629e-13
13.5023 RSS 4.48476e-13
13.6023 RSS 4.41361e-13
14.2 RSS 5.30629e-13
14.2023 RSS 4.48476e-13
14.3023 RSS 4.41361e-13
15.5 RSS 5.30629e-13
15.5023 RSS 4.48476e-13
15.6023 RSS 4.41361e-13
16.8 RSS 5.30629e-13
16.8023 RSS 4.48476e-13
16.9023 RSS 4.41361e-13
17.8 RSS 5.30629e-13
17.8023 RSS 4.48476e-13
17.9023 RSS 4.41361e-13
18.7 RSS 5.30629e-13
18.7023 RSS 4.48476e-13
18.8023 RSS 4.41361e-13
19.4 RSS 5.30629e-13
19.4023 RSS 4.48476e-13
19.5023 RSS 4.41361e-13
20.9 RSS 5.30629e-13
20.9023 RSS 4.48476e-13
21.0023 RSS 4.41361e-13
21.5 RSS 5.30629e-13
21.5023 RSS 4.48476e-13
21.6023 RSS 4.41361e-13
22.1 RSS 5.30629e-13
22.1023 RSS 4.48476e-13
22.2023 RSS 4.41361e-13
23 RSS 5.30629e-13
23.0023 RSS 4.48476e-13
23.1023 RSS 4.41361e-13
24.4 RSS 5.30629e-13
24.4023 RSS 4.48476e-13
24.5023 RSS 4.41361e-13
25.5 RSS 5.30629e-13
25.5023 RSS 4.48476e-13
25.6023 RSS 4.41361e-13
26.5 RSS 5.30629e-13
26.5023 RSS 4.48476e-13
26.6023 RSS 4.41361e-13
27.3 RSS 5.30629e-13
27.3023 RSS 4.48476e-13
27.4023 RSS 4.41361e-13
28.5 RSS 5.30629e-13
28.5023 RSS 4.48476e-13
28.6023 RSS 4.41361e-13
29.1 RSS 5.30629e-13
29.1023 RSS 4.48476e-13
29.2023 RSS 4.41361e-13
29.7 RSS 5.30629e-13
29.7023 RSS 4.48476e-13
29.8023 RSS 4.41361e-13
30.3 RSS 5.30629e-13
30.3023 RSS 4.48476e-13
30.4023 RSS 4.41361e-13
31.3 RSS 5.30629e-13
31.3023 RSS 4.48476e-13
31.4023 RSS 4.41361e-13
32.1 RSS 5.30629e-13
32.1023 RSS 4.48476e-13
32.2023 RSS 4.41361e-13
33.6 RSS 5.30629e-13
33.6023 RSS 4.48476e-13
33.7023 RSS 4.41361e-13
35 RSS 5.30629e-13
35.0023 RSS 4.48476e-13
35.1023 RSS 4.41361e-13
35.9 RSS 5.30629e-13
35.9023 RSS 4.48476e-13
36.0023 RSS 4.41361e-13
37.2 RSS 5.30629e-13
37.2023 RSS 4.48476e-13
37.3023 RSS 4.41361e-13
38.2 RSS 5.30629e-13
38.2023 RSS 4.48476e-13
38.3023 RSS 4.41361e-13
39 RSS 5.30629e-13
39.0023 RSS 4.48476e-13
39.1023 RSS 4.41361e-13
39.7 RSS 5.30629e-13
39.7023 RSS 4.48476e-13
39.8023 RSS 4.41361e-13
40.7 RSS 5.30629e-13
40.7023 RSS 4.48476e-13
40.8023 RSS 4.41361e-13
41.5 RSS 5.30629e-13
41.5023 RSS 4.48476e-13
41.6023 RSS 4.41361e-13
43 RSS 5.30629e-13
43.0023 RSS 4.48476e-13
43.1023 RSS 4.41361e-13
43.9 RSS 5.30629e-13
43.9023 RSS 4.48476e-13
44.0023 RSS 4.41361e-13
44.9 RSS 5.30629e-13
44.9023 RSS 4.48476e-13
45.0023 RSS 4.41361e-13
46.2 RSS 5.30629e-13
46.2023 RSS 4.48476e-13
46.3023 RSS 4.41361e-13
47.7 RSS 5.30629e-13
47.7023 RSS 4.48476e-13
47.8023 RSS 4.41361e-13
49 RSS 5.30629e-13
49.0023 RSS 4.48476e-13
49.1023 RSS 4.41361e-13
50.5 RSS 5.30629e-13
50.5023 RSS 4.48476e-13
50.6023 RSS 4.41361e-13
51.1 RSS 5.30629e-13
51.1023 RSS 4.48476e-13
51.2023 RSS 4.41361e-13
52.3 RSS 5.30629e-13
52.3023 RSS 4.48476e-13
52.4023 RSS 4.41361e-13
52.8 RSS 5.30629e-13
52.8023 RSS 4.48476e-13
52.9023 RSS 4.41361e-13
53.4 RSS 5.30629e-13
53.4023 RSS 4.48476e-13
53.5023 RSS 4.41361e-13
53.9 RSS 5.30629e-13
53.9023 RSS 4.48476e-13
54.0023 RSS 4.41361e-13
55.1 RSS 5.30629e-13
55.1023 RSS 4.48476e-13
55.2023 RSS 4.41361e-13
56.3 RSS 5.30629e-13
56.3023 RSS 4.48476e-13
56.4023 RSS 4.41361e-13
57.1 RSS 5.30629e-13
57.1023 RSS 4.48476e-13
57.2023 RSS 4.41361e-13
58.4 RSS 5.30629e-13
58.4023 RSS 4.48476e-13
58.5023 RSS 4.41361e-13
59 RSS 5.30629e-13
59.0023 RSS 4.48476e-13
59.1023 RSS 4.41361e-13
59.8 RSS 5.30629e-13
59.8023 RSS 4.48476e-13
59.9023 RSS 4.41361e-13
Actual PDR = 0
Actual RSS = 5.30629e-13
Actual Average Packet RSS = 5.36485e-13
