0 RSS 4.41361e-13
0.000570003 RSS 1.08211e-07
0.002874 RSS 4.4569e-13
0.002874 PRSS 1.08211e-07
--
Received one packet! Socket: 10.1.1.1 port: 49153 at time = 0.002874
--
0.102874 RSS 4.41361e-13
0.9 RSS 1.08211e-07
0.902304 RSS 4.4569e-13
--
Received one packet! Socket: 10.1.1.1 port: 49153 at time = 0.902304
--
1.0023 RSS 4.41361e-13
1.6 RSS 1.08211e-07
1.6023 RSS 4.4569e-13
--
Received one packet! Socket: 10.1.1.1 port: 49153 at time = 1.6023
--
1.7023 RSS 4.41361e-13
2.8 RSS 1.08211e-07
2.8023 RSS 4.4569e-13
--
Received one packet! Socket: 10.1.1.1 port: 49153 at time = 2.8023
--
2.9023 RSS 4.41361e-13
3.5 RSS 1.08211e-07
3.5023 RSS 4.4569e-13
--
Received one packet! Socket: 10.1.1.1 port: 49153 at time = 3.5023
--
3.6023 RSS 4.41361e-13
4.6 RSS 1.08211e-07
4.6023 RSS 4.4569e-13
--
Received one packet! Socket: 10.1.1.1 port: 49153 at time = 4.6023
--
4.7023 RSS 4.41361e-13
5.6 RSS 1.08211e-07
5.6023 RSS 4.4569e-13
--
Received one packet! Socket: 10.1.1.1 port: 49153 at time = 5.6023
--
5.7023 RSS 4.41361e-13
7 RSS 1.08211e-07
7.0023 RSS 4.4569e-13
--
Received one packet! Socket: 10.1.1.1 port: 49153 at time = 7.0023
--
7.1023 RSS 4.41361e-13
8.5 RSS 1.08211e-07
8.5023 RSS 4.4569e-13
--
Received one packet! Socket: 10.1.1.1 port: 49153 at time = 8.5023
--
8.6023 RSS 4.41361e-13
9.6 RSS 1.08211e-07
9.6023 RSS 4.4569e-13
--
Received one packet! Socket: 10.1.1.1 port: 49153 at time = 9.6023
--
9.7023 RSS 4.41361e-13
11 RSS 1.08211e-07
11.0023 RSS 4.4569e-13
--
Received one packet! Socket: 10.1.1.1 port: 49153 at time = 11.0023
--
11.1023 RSS 4.41361e-13
12.2 RSS 1.08211e-07
12.2023 RSS 4.4569e-13
--
Received one packet! Socket: 10.1.1.1 port: 49153 at time = 12.2023
--
12.3023 RSS 4.41361e-13
13.6 RSS 1.08211e-07
13.6023 RSS 4.4569e-13
--
Received one packet! Socket: 10.1.1.1 port: 49153 at time = 13.6023
--
13.7023 RSS 4.41361e-13
14.9 RSS 1.08211e-07
14.9023 RSS 4.4569e-13
--
Received one packet! Socket: 10.1.1.1 port: 49153 at time = 14.9023
--
15.0023 RSS 4.41361e-13
16.1 RSS 1.08211e-07
16.1023 RSS 4.4569e-13
--
Received one packet! Socket: 10.1.1.1 port: 49153 at time = 16.1023
--
16.2023 RSS 4.41361e-13
16.6 RSS 1.08211e-07
16.6023 RSS 4.4569e-13
--
Received one packet! Socket: 10.1.1.1 port: 49153 at time = 16.6023
--
16.7023 RSS 4.41361e-13
17.5 RSS 1.08211e-07
17.5023 RSS 4.4569e-13
--
Received one packet! Socket: 10.1.1.1 port: 49153 at time = 17.5023
--
17.6023 RSS 4.41361e-13
18.2 RSS 1.08211e-07
18.2023 RSS 4.4569e-13
--
Received one packet! Socket: 10.1.1.1 port: 49153 at time = 18.2023
--
18.3023 RSS 4.41361e-13
19 RSS 1.08211e-07
19.0023 RSS 4.4569e-13
--
Received one packet! Socket: 10.1.1.1 port: 49153 at time = 19.0023
--
19.1023 RSS 4.41361e-13
20 RSS 1.08211e-07
20.0023 RSS 4.4569e-13
--
Received one packet! Socket: 10.1.1.1 port: 49153 at time = 20.0023
--
20.1023 RSS 4.41361e-13
20.6 RSS 1.08211e-07
20.6023 RSS 4.4569e-13
--
Received one packet! Socket: 10.1.1.1 port: 49153 at time = 20.6023
--
20.7023 RSS 4.41361e-13
22.1 RSS 1.08211e-07
22.1023 RSS 4.4569e-13
--
Received one packet! Socket: 10.1.1.1 port: 49153 at time = 22.1023
--
22.2023 RSS 4.41361e-13
22.7 RSS 1.08211e-07
22.7023 RSS 4.4569e-13
--
Received one packet! Socket: 10.1.1.1 port: 49153 at time = 22.7023
--
22.8023 RSS 4.41361e-13
24.1 RSS 1.08211e-07
24.1023 RSS 4.4569e-13
--
Received one packet! Socket: 10.1.1.1 port: 49153 at time = 24.1023
--
24.2023 RSS 4.41361e-13
25.3 RSS 1.08211e-07
25.3023 RSS 4.4569e-13
--
Received one packet! Socket: 10.1.1.1 port: 49153 at time = 25.3023
--
25.4023 RSS 4.41361e-13
26 RSS 1.08211e-07
26.0023 RSS 4.4569e-13
--
Received one packet! Socket: 10.1.1.1 port: 49153 at time = 26.0023
--
26.1023 RSS 4.41361e-13
27.2 RSS 1.08211e-07
27.2023 RSS 4.4569e-13
--
Received one packet! Socket: 10.1.1.1 port: 49153 at time = 27.2023
--
27.3023 RSS 4.41361e-13
28 RSS 1.08211e-07
28.0023 RSS 4.4569e-13
--
Received one packet! Socket: 10.1.1.1 port: 49153 at time = 28.0023
--
28.1023 RSS 4.41361e-13
29.1 RSS 1.08211e-07
29.1023 RSS 4.4569e-13
--
Received one packet! Socket: 10.1.1.1 port: 49153 at time = 29.1023
--
29.2023 RSS 4.41361e-13
30.4 RSS 1.08211e-07
30.4023 RSS 4.4569e-13
--
Received one packet! Socket: 10.1.1.1 port: 49153 at time = 30.4023
--
30.5023 RSS 4.41361e-13
31.8 RSS 1.08211e-07
31.8023 RSS 4.4569e-13
--
Received one packet! Socket: 10.1.1.1 port: 49153 at time = 31.8023
--
31.9023 RSS 4.41361e-13
32.9 RSS 1.08211e-07
32.9023 RSS 4.4569e-13
--
Received one packet! Socket: 10.1.1.1 port: 49153 at time = 32.9023
--
33.0023 RSS 4.41361e-13
33.5 RSS 1.08211e-07
33.5023 RSS 4.4569e-13
--
Received one packet! Socket: 10.1.1.1 port: 49153 at time = 33.5023
--
33.6023 RSS 4.41361e-13
34.9 RSS 1.08211e-07
34.9023 RSS 4.4569e-13
--
Received one packet! Socket: 10.1.1.1 port: 49153 at time = 34.9023
--
35.0023 RSS 4.41361e-13
35.4 RSS 1.08211e-07
35.4023 RSS 4.4569e-13
--
Received one packet! Socket: 10.1.1.1 port: 49153 at time = 35.4023
--
35.5023 RSS 4.41361e-13
36 RSS 1.08211e-07
36.0023 RSS 4.4569e-13
--
Received one packet! Socket: 10.1.1.1 port: 49153 at time = 36.0023
--
36.1023 RSS 4.41361e-13
36.7 RSS 1.08211e-07
36.7023 RSS 4.4569e-13
--
Received one packet! Socket: 10.1.1.1 port: 49153 at time = 36.7023
--
36.8023 RSS 4.41361e-13
37.7 RSS 1.08211e-07
37.7023 RSS 4.4569e-13
--
Received one packet! Socket: 10.1.1.1 port: 49153 at time = 37.7023
--
37.8023 RSS 4.41361e-13
38.2 RSS 1.08211e-07
38.2023 RSS 4.4569e-13
--
Received one packet! Socket: 10.1.1.1 port: 49153 at time = 38.2023
--
38.3023 RSS 4.41361e-13
38.9 RSS 1.08211e-07
38.9023 RSS 4.4569e-13
--
Received one packet! Socket: 10.1.1.1 port: 49153 at time = 38.9023
--
39.0023 RSS 4.41361e-13
39.5 RSS 1.08211e-07
39.5023 RSS 4.4569e-13
--
Received one packet! Socket: 10.1.1.1 port: 49153 at time = 39.5023
--
39.6023 RSS 4.41361e-13
40.7 RSS 1.08211e-07
40.7023 RSS 4.4569e-13
--
Received one packet! Socket: 10.1.1.1 port: 49153 at time = 40.7023
--
40.8023 RSS 4.41361e-13
42.1 RSS 1.08211e-07
42.1023 RSS 4.4569e-13
--
Received one packet! Socket: 10.1.1.1 port: 49153 at time = 42.1023
--
42.2023 RSS 4.41361e-13
43.4 RSS 1.08211e-07
43.4023 RSS 4.4569e-13
--
Received one packet! Socket: 10.1.1.1 port: 49153 at time = 43.4023
--
43.5023 RSS 4.41361e-13
44.1 RSS 1.08211e-07
44.1023 RSS 4.4569e-13
--
Received one packet! Socket: 10.1.1.1 port: 49153 at time = 44.1023
--
44.2023 RSS 4.41361e-13
44.9 RSS 1.08211e-07
44.9023 RSS 4.4569e-13
--
Received one packet! Socket: 10.1.1.1 port: 49153 at time = 44.9023
--
45.0023 RSS 4.41361e-13
46.2 RSS 1.08211e-07
46.2023 RSS 4.4569e-13
--
Received one packet! Socket: 10.1.1.1 port: 49153 at time = 46.2023
--
46.3023 RSS 4.41361e-13
47.3 RSS 1.08211e-07
47.3023 RSS 4.4569e-13
--
Received one packet! Socket: 10.1.1.1 port: 49153 at time = 47.3023
--
47.4023 RSS 4.41361e-13
48.1 RSS 1.08211e-07
48.1023 RSS 4.4569e-13
--
Received one packet! Socket: 10.1.1.1 port: 49153 at time = 48.1023
--
48.2023 RSS 4.41361e-13
48.7 RSS 1.08211e-07
48.7023 RSS 4.4569e-13
--
Received one packet! Socket: 10.1.1.1 port: 49153 at time = 48.7023
--
48.8023 RSS 4.41361e-13
49.2 RSS 1.08211e-07
49.2023 RSS 4.4569e-13
--
Received one packet! Socket: 10.1.1.1 port: 49153 at time = 49.2023
--
49.3023 RSS 4.41361e-13
50.1 RSS 1.08211e-07
50.1023 RSS 4.4569e-13
--
Received one packet! Socket: 10.1.1.1 port: 49153 at time = 50.1023
--
50.2023 RSS 4.41361e-13
51.5 RSS 1.08211e-07
51.5023 RSS 4.4569e-13
--
Received one packet! Socket: 10.1.1.1 port: 49153 at time = 51.5023
--
51.6023 RSS 4.41361e-13
52 RSS 1.08211e-07
52.0023 RSS 4.4569e-13
--
Received one packet! Socket: 10.1.1.1 port: 49153 at time = 52.0023
--
52.1023 RSS 4.41361e-13
52.6 RSS 1.08211e-07
52.6023 RSS 4.4569e-13
--
Received one packet! Socket: 10.1.1.1 port: 49153 at time = 52.6023
--
52.7023 RSS 4.41361e-13
53.4 RSS 1.08211e-07
53.4023 RSS 4.4569e-13
--
Received one packet! Socket: 10.1.1.1 port: 49153 at time = 53.4023
--
53.5023 RSS 4.41361e-13
54.1 RSS 1.08211e-07
54.1023 RSS 4.4569e-13
--
Received one packet! Socket: 10.1.1.1 port: 49153 at time = 54.1023
--
54.2023 RSS 4.41361e-13
55.2 RSS 1.08211e-07
55.2023 RSS 4.4569e-13
--
Received one packet! Socket: 10.1.1.1 port: 49153 at time = 55.2023
--
55.3023 RSS 4.41361e-13
56.1 RSS 1.08211e-07
56.1023 RSS 4.4569e-13
--
Received one packet! Socket: 10.1.1.1 port: 49153 at time = 56.1023
--
56.2023 RSS 4.41361e-13
57.4 RSS 1.08211e-07
57.4023 RSS 4.4569e-13
--
Received one packet! Socket: 10.1.1.1 port: 49153 at time = 57.4023
--
57.5023 RSS 4.41361e-13
58.2 RSS 1.08211e-07
58.2023 RSS 4.4569e-13
--
Received one packet! Socket: 10.1.1.1 port: 49153 at time = 58.2023
--
58.3023 RSS 4.41361e-13
58.9 RSS 1.08211e-07
58.9023 RSS 4.4569e-13
--
Received one packet! Socket: 10.1.1.1 port: 49153 at time = 58.9023
--
59.0023 RSS 4.41361e-13
59.5 RSS 1.08211e-07
59.5023 RSS 4.4569e-13
--
Received one packet! Socket: 10.1.1.1 port: 49153 at time = 59.5023
--
59.6023 RSS 4.41361e-13
Actual PDR = 1
Actual RSS = 1.08211e-07
Actual Average Packet RSS = 1.08211e-07
