0 RSS 4.41361e-13
0.000570399 RSS 7.95596e-12
0.0028744 RSS 2.96874e-11
0.0028744 PRSS 3.23817e-11
--
Received one packet! Socket: 10.1.1.1 port: 49153 at time = 0.0028744
--
0.102874 RSS 4.41361e-13
1 RSS 7.95596e-12
1.0023 RSS 2.96874e-11
1.1023 RSS 4.41361e-13
2 RSS 7.95596e-12
2.0023 RSS 2.96874e-11
2.1023 RSS 4.41361e-13
3 RSS 7.95596e-12
3.0023 RSS 2.96874e-11
3.1023 RSS 4.41361e-13
4 RSS 7.95596e-12
4.0023 RSS 2.96874e-11
4.1023 RSS 4.41361e-13
5 RSS 7.95596e-12
5.0023 RSS 2.96874e-11
5.1023 RSS 4.41361e-13
6 RSS 7.95596e-12
6.0023 RSS 2.96874e-11
6.1023 RSS 4.41361e-13
7 RSS 7.95596e-12
7.0023 RSS 2.96874e-11
7.1023 RSS 4.41361e-13
8 RSS 7.95596e-12
8.0023 RSS 2.96874e-11
8.1023 RSS 4.41361e-13
9 RSS 7.95596e-12
9.0023 RSS 2.96874e-11
9.1023 RSS 4.41361e-13
10 RSS 7.95596e-12
10.0023 RSS 2.96874e-11
10.1023 RSS 4.41361e-13
11 RSS 7.95596e-12
11.0023 RSS 2.96874e-11
11.1023 RSS 4.41361e-13
12 RSS 7.95596e-12
12.0023 RSS 2.96874e-11
12.1023 RSS 4.41361e-13
13 RSS 7.95596e-12
13.0023 RSS 2.96874e-11
13.1023 RSS 4.41361e-13
14 RSS 7.95596e-12
14.0023 RSS 2.96874e-11
14.1023 RSS 4.41361e-13
15 RSS 7.95596e-12
15.0023 RSS 2.96874e-11
15.1023 RSS 4.41361e-13
16 RSS 7.95596e-12
16.0023 RSS 2.96874e-11
16.1023 RSS 4.41361e-13
17 RSS 7.95596e-12
17.0023 RSS 2.96874e-11
17.1023 RSS 4.41361e-13
18 RSS 7.95596e-12
18.0023 RSS 2.96874e-11
18.1023 RSS 4.41361e-13
19 RSS 7.95596e-12
19.0023 RSS 2.96874e-11
19.1023 RSS 4.41361e-13
20 RSS 7.95596e-12
20.0023 RSS 2.96874e-11
20.1023 RSS 4.41361e-13
21 RSS 7.95596e-12
21.0023 RSS 2.96874e-11
21.1023 RSS 4.41361e-13
22 RSS 7.95596e-12
22.0023 RSS 2.96874e-11
22.1023 RSS 4.41361e-13
23 RSS 7.95596e-12
23.0023 RSS 2.96874e-11
23.1023 RSS 4.41361e-13
24 RSS 7.95596e-12
24.0023 RSS 2.96874e-11
24.1023 RSS 4.41361e-13
25 RSS 7.95596e-12
25.0023 RSS 2.96874e-11
25.1023 RSS 4.41361e-13
26 RSS 7.95596e-12
26.0023 RSS 2.96874e-11
26.1023 RSS 4.41361e-13
27 RSS 7.95596e-12
27.0023 RSS 2.96874e-11
--
Received one packet! Socket: 10.1.1.1 port: 49153 at time = 27.0023
--
27.1023 RSS 4.41361e-13
28 RSS 7.95596e-12
28.0023 RSS 2.96874e-11
28.1023 RSS 4.41361e-13
29 RSS 7.95596e-12
29.0023 RSS 2.96874e-11
--
Received one packet! Socket: 10.1.1.1 port: 49153 at time = 29.0023
--
29.1023 RSS 4.41361e-13
30 RSS 7.95596e-12
30.0023 RSS 2.96874e-11
30.1023 RSS 4.41361e-13
31 RSS 7.95596e-12
31.0023 RSS 2.96874e-11
31.1023 RSS 4.41361e-13
32 RSS 7.95596e-12
32.0023 RSS 2.96874e-11
32.1023 RSS 4.41361e-13
33 RSS 7.95596e-12
33.0023 RSS 2.96874e-11
33.1023 RSS 4.41361e-13
34 RSS 7.95596e-12
34.0023 RSS 2.96874e-11
34.1023 RSS 4.41361e-13
35 RSS 7.95596e-12
35.0023 RSS 2.96874e-11
35.1023 RSS 4.41361e-13
36 RSS 7.95596e-12
36.0023 RSS 2.96874e-11
36.1023 RSS 4.41361e-13
37 RSS 7.95596e-12
37.0023 RSS 2.96874e-11
37.1023 RSS 4.41361e-13
38 RSS 7.95596e-12
38.0023 RSS 2.96874e-11
38.1023 RSS 4.41361e-13
39 RSS 7.95596e-12
39.0023 RSS 2.96874e-11
--
Received one packet! Socket: 10.1.1.1 port: 49153 at time = 39.0023
--
39.1023 RSS 4.41361e-13
40 RSS 7.95596e-12
40.0023 RSS 2.96874e-11
40.1023 RSS 4.41361e-13
41 RSS 7.95596e-12
41.0023 RSS 2.96874e-11
41.1023 RSS 4.41361e-13
42 RSS 7.95596e-12
42.0023 RSS 2.96874e-11
42.1023 RSS 4.41361e-13
43 RSS 7.95596e-12
43.0023 RSS 2.96874e-11
43.1023 RSS 4.41361e-13
44 RSS 7.95596e-12
44.0023 RSS 2.96874e-11
44.1023 RSS 4.41361e-13
45 RSS 7.95596e-12
45.0023 RSS 2.96874e-11
45.1023 RSS 4.41361e-13
46 RSS 7.95596e-12
46.0023 RSS 2.96874e-11
46.1023 RSS 4.41361e-13
47 RSS 7.95596e-12
47.0023 RSS 2.96874e-11
47.1023 RSS 4.41361e-13
48 RSS 7.95596e-12
48.0023 RSS 2.96874e-11
48.1023 RSS 4.41361e-13
49 RSS 7.95596e-12
49.0023 RSS 2.96874e-11
49.1023 RSS 4.41361e-13
50 RSS 7.95596e-12
50.0023 RSS 2.96874e-11
50.1023 RSS 4.41361e-13
51 RSS 7.95596e-12
51.0023 RSS 2.96874e-11
51.1023 RSS 4.41361e-13
52 RSS 7.95596e-12
52.0023 RSS 2.96874e-11
52.1023 RSS 4.41361e-13
53 RSS 7.95596e-12
53.0023 RSS 2.96874e-11
53.1023 RSS 4.41361e-13
54 RSS 7.95596e-12
54.0023 RSS 2.96874e-11
54.1023 RSS 4.41361e-13
55 RSS 7.95596e-12
55.0023 RSS 2.96874e-11
55.1023 RSS 4.41361e-13
56 RSS 7.95596e-12
56.0023 RSS 2.96874e-11
56.1023 RSS 4.41361e-13
57 RSS 7.95596e-12
57.0023 RSS 2.96874e-11
57.1023 RSS 4.41361e-13
58 RSS 7.95596e-12
58.0023 RSS 2.96874e-11
58.1023 RSS 4.41361e-13
59 RSS 7.95596e-12
59.0023 RSS 2.96874e-11
59.1023 RSS 4.41361e-13
Actual PDR = 0.075
Actual RSS = 2.96874e-11
Actual Average Packet RSS = 3.23817e-11
