0 RSS 4.41361e-13
0.000571666 RSS 8.74202e-13
0.00287567 RSS 2.16996e-12
0.00287567 PRSS 2.3179e-12
0.102876 RSS 4.41361e-13
1 RSS 8.74202e-13
1.00231 RSS 2.16996e-12
1.10231 RSS 4.41361e-13
2 RSS 8.74202e-13
2.00231 RSS 2.16996e-12
2.10231 RSS 4.41361e-13
3 RSS 8.74202e-13
3.00231 RSS 2.16996e-12
3.10231 RSS 4.41361e-13
4 RSS 8.74202e-13
4.00231 RSS 2.16996e-12
4.10231 RSS 4.41361e-13
5 RSS 8.74202e-13
5.00231 RSS 2.16996e-12
5.10231 RSS 4.41361e-13
6 RSS 8.74202e-13
6.00231 RSS 2.16996e-12
6.10231 RSS 4.41361e-13
7 RSS 8.74202e-13
7.00231 RSS 2.16996e-12
7.10231 RSS 4.41361e-13
8 RSS 8.74202e-13
8.00231 RSS 2.16996e-12
8.10231 RSS 4.41361e-13
9 RSS 8.74202e-13
9.00231 RSS 2.16996e-12
9.10231 RSS 4.41361e-13
10 RSS 8.74202e-13
10.0023 RSS 2.16996e-12
10.1023 RSS 4.41361e-13
11 RSS 8.74202e-13
11.0023 RSS 2.16996e-12
11.1023 RSS 4.41361e-13
12 RSS 8.74202e-13
12.0023 RSS 2.16996e-12
12.1023 RSS 4.41361e-13
13 RSS 8.74202e-13
13.0023 RSS 2.16996e-12
13.1023 RSS 4.41361e-13
14 RSS 8.74202e-13
14.0023 RSS 2.16996e-12
14.1023 RSS 4.41361e-13
15 RSS 8.74202e-13
15.0023 RSS 2.16996e-12
15.1023 RSS 4.41361e-13
16 RSS 8.74202e-13
16.0023 RSS 2.16996e-12
16.1023 RSS 4.41361e-13
17 RSS 8.74202e-13
17.0023 RSS 2.16996e-12
17.1023 RSS 4.41361e-13
18 RSS 8.74202e-13
18.0023 RSS 2.16996e-12
18.1023 RSS 4.41361e-13
19 RSS 8.74202e-13
19.0023 RSS 2.16996e-12
19.1023 RSS 4.41361e-13
20 RSS 8.74202e-13
20.0023 RSS 2.16996e-12
20.1023 RSS 4.41361e-13
21 RSS 8.74202e-13
21.0023 RSS 2.16996e-12
21.1023 RSS 4.41361e-13
22 RSS 8.74202e-13
22.0023 RSS 2.16996e-12
22.1023 RSS 4.41361e-13
23 RSS 8.74202e-13
23.0023 RSS 2.16996e-12
23.1023 RSS 4.41361e-13
24 RSS 8.74202e-13
24.0023 RSS 2.16996e-12
24.1023 RSS 4.41361e-13
25 RSS 8.74202e-13
25.0023 RSS 2.16996e-12
25.1023 RSS 4.41361e-13
26 RSS 8.74202e-13
26.0023 RSS 2.16996e-12
26.1023 RSS 4.41361e-13
27 RSS 8.74202e-13
27.0023 RSS 2.16996e-12
27.1023 RSS 4.41361e-13
28 RSS 8.74202e-13
28.0023 RSS 2.16996e-12
28.1023 RSS 4.41361e-13
29 RSS 8.74202e-13
29.0023 RSS 2.16996e-12
29.1023 RSS 4.41361e-13
30 RSS 8.74202e-13
30.0023 RSS 2.16996e-12
30.1023 RSS 4.41361e-13
31 RSS 8.74202e-13
31.0023 RSS 2.16996e-12
31.1023 RSS 4.41361e-13
32 RSS 8.74202e-13
32.0023 RSS 2.16996e-12
32.1023 RSS 4.41361e-13
33 RSS 8.74202e-13
33.0023 RSS 2.16996e-12
33.1023 RSS 4.41361e-13
34 RSS 8.74202e-13
34.0023 RSS 2.16996e-12
34.1023 RSS 4.41361e-13
35 RSS 8.74202e-13
35.0023 RSS 2.16996e-12
35.1023 RSS 4.41361e-13
36 RSS 8.74202e-13
36.0023 RSS 2.16996e-12
36.1023 RSS 4.41361e-13
37 RSS 8.74202e-13
37.0023 RSS 2.16996e-12
37.1023 RSS 4.41361e-13
38 RSS 8.74202e-13
38.0023 RSS 2.16996e-12
38.1023 RSS 4.41361e-13
39 RSS 8.74202e-13
39.0023 RSS 2.16996e-12
39.1023 RSS 4.41361e-13
40 RSS 8.74202e-13
40.0023 RSS 2.16996e-12
40.1023 RSS 4.41361e-13
41 RSS 8.74202e-13
41.0023 RSS 2.16996e-12
41.1023 RSS 4.41361e-13
42 RSS 8.74202e-13
42.0023 RSS 2.16996e-12
42.1023 RSS 4.41361e-13
43 RSS 8.74202e-13
43.0023 RSS 2.16996e-12
43.1023 RSS 4.41361e-13
44 RSS 8.74202e-13
44.0023 RSS 2.16996e-12
44.1023 RSS 4.41361e-13
45 RSS 8.74202e-13
45.0023 RSS 2.16996e-12
45.1023 RSS 4.41361e-13
46 RSS 8.74202e-13
46.0023 RSS 2.16996e-12
46.1023 RSS 4.41361e-13
47 RSS 8.74202e-13
47.0023 RSS 2.16996e-12
47.1023 RSS 4.41361e-13
48 RSS 8.74202e-13
48.0023 RSS 2.16996e-12
48.1023 RSS 4.41361e-13
49 RSS 8.74202e-13
49.0023 RSS 2.16996e-12
49.1023 RSS 4.41361e-13
50 RSS 8.74202e-13
50.0023 RSS 2.16996e-12
50.1023 RSS 4.41361e-13
51 RSS 8.74202e-13
51.0023 RSS 2.16996e-12
51.1023 RSS 4.41361e-13
52 RSS 8.74202e-13
52.0023 RSS 2.16996e-12
52.1023 RSS 4.41361e-13
53 RSS 8.74202e-13
53.0023 RSS 2.16996e-12
53.1023 RSS 4.41361e-13
54 RSS 8.74202e-13
54.0023 RSS 2.16996e-12
54.1023 RSS 4.41361e-13
55 RSS 8.74202e-13
55.0023 RSS 2.16996e-12
55.1023 RSS 4.41361e-13
56 RSS 8.74202e-13
56.0023 RSS 2.16996e-12
56.1023 RSS 4.41361e-13
57 RSS 8.74202e-13
57.0023 RSS 2.16996e-12
57.1023 RSS 4.41361e-13
58 RSS 8.74202e-13
58.0023 RSS 2.16996e-12
58.1023 RSS 4.41361e-13
59 RSS 8.74202e-13
59.0023 RSS 2.16996e-12
59.1023 RSS 4.41361e-13
Actual PDR = 0
Actual RSS = 2.16996e-12
Actual Average Packet RSS = 2.3179e-12
