0 RSS 4.41361e-13
0.000570199 RSS 3.04998e-11
0.0028742 RSS 1.17425e-10
0.0028742 PRSS 1.28203e-10
--
Received one packet! Socket: 10.1.1.1 port: 49153 at time = 0.0028742
--
0.102874 RSS 4.41361e-13
1 RSS 3.04998e-11
1.0023 RSS 1.17425e-10
1.1023 RSS 4.41361e-13
2 RSS 3.04998e-11
2.0023 RSS 1.17425e-10
2.1023 RSS 4.41361e-13
3 RSS 3.04998e-11
3.0023 RSS 1.17425e-10
3.1023 RSS 4.41361e-13
4 RSS 3.04998e-11
4.0023 RSS 1.17425e-10
4.1023 RSS 4.41361e-13
5 RSS 3.04998e-11
5.0023 RSS 1.17425e-10
5.1023 RSS 4.41361e-13
6 RSS 3.04998e-11
6.0023 RSS 1.17425e-10
6.1023 RSS 4.41361e-13
7 RSS 3.04998e-11
7.0023 RSS 1.17425e-10
7.1023 RSS 4.41361e-13
8 RSS 3.04998e-11
8.0023 RSS 1.17425e-10
8.1023 RSS 4.41361e-13
9 RSS 3.04998e-11
9.0023 RSS 1.17425e-10
9.1023 RSS 4.41361e-13
10 RSS 3.04998e-11
10.0023 RSS 1.17425e-10
10.1023 RSS 4.41361e-13
11 RSS 3.04998e-11
11.0023 RSS 1.17425e-10
11.1023 RSS 4.41361e-13
12 RSS 3.04998e-11
12.0023 RSS 1.17425e-10
12.1023 RSS 4.41361e-13
13 RSS 3.04998e-11
13.0023 RSS 1.17425e-10
13.1023 RSS 4.41361e-13
14 RSS 3.04998e-11
14.0023 RSS 1.17425e-10
14.1023 RSS 4.41361e-13
15 RSS 3.04998e-11
15.0023 RSS 1.17425e-10
15.1023 RSS 4.41361e-13
16 RSS 3.04998e-11
16.0023 RSS 1.17425e-10
16.1023 RSS 4.41361e-13
17 RSS 3.04998e-11
17.0023 RSS 1.17425e-10
17.1023 RSS 4.41361e-13
18 RSS 3.04998e-11
18.0023 RSS 1.17425e-10
18.1023 RSS 4.41361e-13
19 RSS 3.04998e-11
19.0023 RSS 1.17425e-10
19.1023 RSS 4.41361e-13
20 RSS 3.04998e-11
20.0023 RSS 1.17425e-10
20.1023 RSS 4.41361e-13
21 RSS 3.04998e-11
21.0023 RSS 1.17425e-10
21.1023 RSS 4.41361e-13
22 RSS 3.04998e-11
22.0023 RSS 1.17425e-10
22.1023 RSS 4.41361e-13
23 RSS 3.04998e-11
23.0023 RSS 1.17425e-10
23.1023 RSS 4.41361e-13
24 RSS 3.04998e-11
24.0023 RSS 1.17425e-10
24.1023 RSS 4.41361e-13
25 RSS 3.04998e-11
25.0023 RSS 1.17425e-10
25.1023 RSS 4.41361e-13
26 RSS 3.04998e-11
26.0023 RSS 1.17425e-10
26.1023 RSS 4.41361e-13
27 RSS 3.04998e-11
27.0023 RSS 1.17425e-10
--
Received one packet! Socket: 10.1.1.1 port: 49153 at time = 27.0023
--
27.1023 RSS 4.41361e-13
28 RSS 3.04998e-11
28.0023 RSS 1.17425e-10
28.1023 RSS 4.41361e-13
29 RSS 3.04998e-11
29.0023 RSS 1.17425e-10
--
Received one packet! Socket: 10.1.1.1 port: 49153 at time = 29.0023
--
29.1023 RSS 4.41361e-13
30 RSS 3.04998e-11
30.0023 RSS 1.17425e-10
30.1023 RSS 4.41361e-13
31 RSS 3.04998e-11
31.0023 RSS 1.17425e-10
31.1023 RSS 4.41361e-13
32 RSS 3.04998e-11
32.0023 RSS 1.17425e-10
32.1023 RSS 4.41361e-13
33 RSS 3.04998e-11
33.0023 RSS 1.17425e-10
33.1023 RSS 4.41361e-13
34 RSS 3.04998e-11
34.0023 RSS 1.17425e-10
34.1023 RSS 4.41361e-13
35 RSS 3.04998e-11
35.0023 RSS 1.17425e-10
35.1023 RSS 4.41361e-13
36 RSS 3.04998e-11
36.0023 RSS 1.17425e-10
36.1023 RSS 4.41361e-13
37 RSS 3.04998e-11
37.0023 RSS 1.17425e-10
37.1023 RSS 4.41361e-13
38 RSS 3.04998e-11
38.0023 RSS 1.17425e-10
38.1023 RSS 4.41361e-13
39 RSS 3.04998e-11
39.0023 RSS 1.17425e-10
--
Received one packet! Socket: 10.1.1.1 port: 49153 at time = 39.0023
--
39.1023 RSS 4.41361e-13
40 RSS 3.04998e-11
40.0023 RSS 1.17425e-10
40.1023 RSS 4.41361e-13
41 RSS 3.04998e-11
41.0023 RSS 1.17425e-10
41.1023 RSS 4.41361e-13
42 RSS 3.04998e-11
42.0023 RSS 1.17425e-10
42.1023 RSS 4.41361e-13
43 RSS 3.04998e-11
43.0023 RSS 1.17425e-10
43.1023 RSS 4.41361e-13
44 RSS 3.04998e-11
44.0023 RSS 1.17425e-10
44.1023 RSS 4.41361e-13
45 RSS 3.04998e-11
45.0023 RSS 1.17425e-10
45.1023 RSS 4.41361e-13
46 RSS 3.04998e-11
46.0023 RSS 1.17425e-10
46.1023 RSS 4.41361e-13
47 RSS 3.04998e-11
47.0023 RSS 1.17425e-10
--
Received one packet! Socket: 10.1.1.1 port: 49153 at time = 47.0023
--
47.1023 RSS 4.41361e-13
48 RSS 3.04998e-11
48.0023 RSS 1.17425e-10
48.1023 RSS 4.41361e-13
49 RSS 3.04998e-11
49.0023 RSS 1.17425e-10
49.1023 RSS 4.41361e-13
50 RSS 3.04998e-11
50.0023 RSS 1.17425e-10
50.1023 RSS 4.41361e-13
51 RSS 3.04998e-11
51.0023 RSS 1.17425e-10
51.1023 RSS 4.41361e-13
52 RSS 3.04998e-11
52.0023 RSS 1.17425e-10
52.1023 RSS 4.41361e-13
53 RSS 3.04998e-11
53.0023 RSS 1.17425e-10
53.1023 RSS 4.41361e-13
54 RSS 3.04998e-11
54.0023 RSS 1.17425e-10
54.1023 RSS 4.41361e-13
55 RSS 3.04998e-11
55.0023 RSS 1.17425e-10
55.1023 RSS 4.41361e-13
56 RSS 3.04998e-11
56.0023 RSS 1.17425e-10
56.1023 RSS 4.41361e-13
57 RSS 3.04998e-11
57.0023 RSS 1.17425e-10
57.1023 RSS 4.41361e-13
58 RSS 3.04998e-11
58.0023 RSS 1.17425e-10
58.1023 RSS 4.41361e-13
59 RSS 3.04998e-11
59.0023 RSS 1.17425e-10
59.1023 RSS 4.41361e-13
Actual PDR = 0.1
Actual RSS = 1.17425e-10
Actual Average Packet RSS = 1.28203e-10
