0 RSS 4.41361e-13
0.000570333 RSS 1.12624e-11
0.00287433 RSS 4.37255e-11
0.00287433 PRSS 4.74126e-11
--
Received one packet! Socket: 10.1.1.1 port: 49153 at time = 0.00287433
--
0.1 RSS 1.12624e-11
0.102304 RSS 4.37255e-11
0.2 RSS 1.12624e-11
0.202304 RSS 4.37255e-11
0.3 RSS 1.12624e-11
0.302304 RSS 4.37255e-11
0.4 RSS 1.12624e-11
0.402304 RSS 4.37255e-11
0.5 RSS 1.12624e-11
0.502304 RSS 4.37255e-11
0.6 RSS 1.12624e-11
0.602304 RSS 4.37255e-11
0.7 RSS 1.12624e-11
0.702304 RSS 4.37255e-11
0.8 RSS 1.12624e-11
0.802304 RSS 4.37255e-11
0.9 RSS 1.12624e-11
0.902304 RSS 4.37255e-11
1 RSS 1.12624e-11
1.0023 RSS 4.37255e-11
1.1 RSS 1.12624e-11
1.1023 RSS 4.37255e-11
1.2 RSS 1.12624e-11
1.2023 RSS 4.37255e-11
1.3 RSS 1.12624e-11
1.3023 RSS 4.37255e-11
1.4 RSS 1.12624e-11
1.4023 RSS 4.37255e-11
1.5 RSS 1.12624e-11
1.5023 RSS 4.37255e-11
1.6 RSS 1.12624e-11
1.6023 RSS 4.37255e-11
1.7 RSS 1.12624e-11
1.7023 RSS 4.37255e-11
1.8 RSS 1.12624e-11
1.8023 RSS 4.37255e-11
1.9 RSS 1.12624e-11
1.9023 RSS 4.37255e-11
2 RSS 1.12624e-11
2.0023 RSS 4.37255e-11
2.1 RSS 1.12624e-11
2.1023 RSS 4.37255e-11
2.2 RSS 1.12624e-11
2.2023 RSS 4.37255e-11
2.3 RSS 1.12624e-11
2.3023 RSS 4.37255e-11
2.4 RSS 1.12624e-11
2.4023 RSS 4.37255e-11
2.5 RSS 1.12624e-11
2.5023 RSS 4.37255e-11
2.6 RSS 1.12624e-11
2.6023 RSS 4.37255e-11
2.7 RSS 1.12624e-11
2.7023 RSS 4.37255e-11
--
Received one packet! Socket: 10.1.1.1 port: 49153 at time = 2.7023
--
2.8 RSS 1.12624e-11
2.8023 RSS 4.37255e-11
2.9 RSS 1.12624e-11
2.9023 RSS 4.37255e-11
--
Received one packet! Socket: 10.1.1.1 port: 49153 at time = 2.9023
--
3 RSS 1.12624e-11
3.0023 RSS 4.37255e-11
3.1 RSS 1.12624e-11
3.1023 RSS 4.37255e-11
3.2 RSS 1.12624e-11
3.2023 RSS 4.37255e-11
3.3 RSS 1.12624e-11
3.3023 RSS 4.37255e-11
3.4 RSS 1.12624e-11
3.4023 RSS 4.37255e-11
3.5 RSS 1.12624e-11
3.5023 RSS 4.37255e-11
3.6 RSS 1.12624e-11
3.6023 RSS 4.37255e-11
3.7 RSS 1.12624e-11
3.7023 RSS 4.37255e-11
3.8 RSS 1.12624e-11
3.8023 RSS 4.37255e-11
3.9 RSS 1.12624e-11
3.9023 RSS 4.37255e-11
--
Received one packet! Socket: 10.1.1.1 port: 49153 at time = 3.9023
--
4 RSS 1.12624e-11
4.0023 RSS 4.37255e-11
4.1 RSS 1.12624e-11
4.1023 RSS 4.37255e-11
4.2 RSS 1.12624e-11
4.2023 RSS 4.37255e-11
4.3 RSS 1.12624e-11
4.3023 RSS 4.37255e-11
4.4 RSS 1.12624e-11
4.4023 RSS 4.37255e-11
4.5 RSS 1.12624e-11
4.5023 RSS 4.37255e-11
4.6 RSS 1.12624e-11
4.6023 RSS 4.37255e-11
4.7 RSS 1.12624e-11
4.7023 RSS 4.37255e-11
4.8 RSS 1.12624e-11
4.8023 RSS 4.37255e-11
4.9 RSS 1.12624e-11
4.9023 RSS 4.37255e-11
5 RSS 1.12624e-11
5.0023 RSS 4.37255e-11
5.1 RSS 1.12624e-11
5.1023 RSS 4.37255e-11
5.2 RSS 1.12624e-11
5.2023 RSS 4.37255e-11
5.3 RSS 1.12624e-11
5.3023 RSS 4.37255e-11
5.4 RSS 1.12624e-11
5.4023 RSS 4.37255e-11
5.5 RSS 1.12624e-11
5.5023 RSS 4.37255e-11
5.6 RSS 1.12624e-11
5.6023 RSS 4.37255e-11
5.7 RSS 1.12624e-11
5.7023 RSS 4.37255e-11
5.8 RSS 1.12624e-11
5.8023 RSS 4.37255e-11
5.9 RSS 1.12624e-11
5.9023 RSS 4.37255e-11
6 RSS 1.12624e-11
6.0023 RSS 4.37255e-11
6.1 RSS 1.12624e-11
6.1023 RSS 4.37255e-11
6.2 RSS 1.12624e-11
6.2023 RSS 4.37255e-11
6.3 RSS 1.12624e-11
6.3023 RSS 4.37255e-11
6.4 RSS 1.12624e-11
6.4023 RSS 4.37255e-11
6.5 RSS 1.12624e-11
6.5023 RSS 4.37255e-11
6.6 RSS 1.12624e-11
6.6023 RSS 4.37255e-11
6.7 RSS 1.12624e-11
6.7023 RSS 4.37255e-11
6.8 RSS 1.12624e-11
6.8023 RSS 4.37255e-11
6.9 RSS 1.12624e-11
6.9023 RSS 4.37255e-11
7 RSS 1.12624e-11
7.0023 RSS 4.37255e-11
7.1 RSS 1.12624e-11
7.1023 RSS 4.37255e-11
7.2 RSS 1.12624e-11
7.2023 RSS 4.37255e-11
7.3 RSS 1.12624e-11
7.3023 RSS 4.37255e-11
7.4 RSS 1.12624e-11
7.4023 RSS 4.37255e-11
7.5 RSS 1.12624e-11
7.5023 RSS 4.37255e-11
7.6 RSS 1.12624e-11
7.6023 RSS 4.37255e-11
7.7 RSS 1.12624e-11
7.7023 RSS 4.37255e-11
7.8 RSS 1.12624e-11
7.8023 RSS 4.37255e-11
7.9 RSS 1.12624e-11
7.9023 RSS 4.37255e-11
8 RSS 1.12624e-11
8.0023 RSS 4.37255e-11
8.1 RSS 1.12624e-11
8.1023 RSS 4.37255e-11
8.2 RSS 1.12624e-11
8.2023 RSS 4.37255e-11
8.3 RSS 1.12624e-11
8.3023 RSS 4.37255e-11
8.4 RSS 1.12624e-11
8.4023 RSS 4.37255e-11
8.5 RSS 1.12624e-11
8.5023 RSS 4.37255e-11
8.6 RSS 1.12624e-11
8.6023 RSS 4.37255e-11
8.7 RSS 1.12624e-11
8.7023 RSS 4.37255e-11
8.8 RSS 1.12624e-11
8.8023 RSS 4.37255e-11
8.9 RSS 1.12624e-11
8.9023 RSS 4.37255e-11
9 RSS 1.12624e-11
9.0023 RSS 4.37255e-11
9.1 RSS 1.12624e-11
9.1023 RSS 4.37255e-11
9.2 RSS 1.12624e-11
9.2023 RSS 4.37255e-11
9.3 RSS 1.12624e-11
9.3023 RSS 4.37255e-11
9.4 RSS 1.12624e-11
9.4023 RSS 4.37255e-11
9.5 RSS 1.12624e-11
9.5023 RSS 4.37255e-11
--
Received one packet! Socket: 10.1.1.1 port: 49153 at time = 9.5023
--
9.6 RSS 1.12624e-11
9.6023 RSS 4.37255e-11
9.7 RSS 1.12624e-11
9.7023 RSS 4.37255e-11
9.8 RSS 1.12624e-11
9.8023 RSS 4.37255e-11
9.9 RSS 1.12624e-11
9.9023 RSS 4.37255e-11
10 RSS 1.12624e-11
10.0023 RSS 4.37255e-11
10.1 RSS 1.12624e-11
10.1023 RSS 4.37255e-11
10.2 RSS 1.12624e-11
10.2023 RSS 4.37255e-11
10.3 RSS 1.12624e-11
10.3023 RSS 4.37255e-11
10.4 RSS 1.12624e-11
10.4023 RSS 4.37255e-11
10.5 RSS 1.12624e-11
10.5023 RSS 4.37255e-11
10.6 RSS 1.12624e-11
10.6023 RSS 4.37255e-11
10.7 RSS 1.12624e-11
10.7023 RSS 4.37255e-11
10.8 RSS 1.12624e-11
10.8023 RSS 4.37255e-11
10.9 RSS 1.12624e-11
10.9023 RSS 4.37255e-11
11 RSS 1.12624e-11
11.0023 RSS 4.37255e-11
11.1 RSS 1.12624e-11
11.1023 RSS 4.37255e-11
11.2 RSS 1.12624e-11
11.2023 RSS 4.37255e-11
11.3 RSS 1.12624e-11
11.3023 RSS 4.37255e-11
11.4 RSS 1.12624e-11
11.4023 RSS 4.37255e-11
11.5 RSS 1.12624e-11
11.5023 RSS 4.37255e-11
11.6 RSS 1.12624e-11
11.6023 RSS 4.37255e-11
11.7 RSS 1.12624e-11
11.7023 RSS 4.37255e-11
11.8 RSS 1.12624e-11
11.8023 RSS 4.37255e-11
11.9 RSS 1.12624e-11
11.9023 RSS 4.37255e-11
12 RSS 1.12624e-11
12.0023 RSS 4.37255e-11
12.1 RSS 1.12624e-11
12.1023 RSS 4.37255e-11
12.2 RSS 1.12624e-11
12.2023 RSS 4.37255e-11
12.3 RSS 1.12624e-11
12.3023 RSS 4.37255e-11
12.4 RSS 1.12624e-11
12.4023 RSS 4.37255e-11
12.5 RSS 1.12624e-11
12.5023 RSS 4.37255e-11
12.6 RSS 1.12624e-11
12.6023 RSS 4.37255e-11
12.7 RSS 1.12624e-11
12.7023 RSS 4.37255e-11
12.8 RSS 1.12624e-11
12.8023 RSS 4.37255e-11
12.9 RSS 1.12624e-11
12.9023 RSS 4.37255e-11
13 RSS 1.12624e-11
13.0023 RSS 4.37255e-11
13.1 RSS 1.12624e-11
13.1023 RSS 4.37255e-11
13.2 RSS 1.12624e-11
13.2023 RSS 4.37255e-11
13.3 RSS 1.12624e-11
13.3023 RSS 4.37255e-11
13.4 RSS 1.12624e-11
13.4023 RSS 4.37255e-11
13.5 RSS 1.12624e-11
13.5023 RSS 4.37255e-11
13.6 RSS 1.12624e-11
13.6023 RSS 4.37255e-11
13.7 RSS 1.12624e-11
13.7023 RSS 4.37255e-11
13.8 RSS 1.12624e-11
13.8023 RSS 4.37255e-11
13.9 RSS 1.12624e-11
13.9023 RSS 4.37255e-11
14 RSS 1.12624e-11
14.0023 RSS 4.37255e-11
14.1 RSS 1.12624e-11
14.1023 RSS 4.37255e-11
14.2 RSS 1.12624e-11
14.2023 RSS 4.37255e-11
14.3 RSS 1.12624e-11
14.3023 RSS 4.37255e-11
14.4 RSS 1.12624e-11
14.4023 RSS 4.37255e-11
14.5 RSS 1.12624e-11
14.5023 RSS 4.37255e-11
14.6 RSS 1.12624e-11
14.6023 RSS 4.37255e-11
14.7 RSS 1.12624e-11
14.7023 RSS 4.37255e-11
14.8 RSS 1.12624e-11
14.8023 RSS 4.37255e-11
14.9 RSS 1.12624e-11
14.9023 RSS 4.37255e-11
15 RSS 1.12624e-11
15.0023 RSS 4.37255e-11
15.1 RSS 1.12624e-11
15.1023 RSS 4.37255e-11
15.2 RSS 1.12624e-11
15.2023 RSS 4.37255e-11
15.3 RSS 1.12624e-11
15.3023 RSS 4.37255e-11
15.4 RSS 1.12624e-11
15.4023 RSS 4.37255e-11
15.5 RSS 1.12624e-11
15.5023 RSS 4.37255e-11
15.6 RSS 1.12624e-11
15.6023 RSS 4.37255e-11
15.7 RSS 1.12624e-11
15.7023 RSS 4.37255e-11
15.8 RSS 1.12624e-11
15.8023 RSS 4.37255e-11
15.9 RSS 1.12624e-11
15.9023 RSS 4.37255e-11
16 RSS 1.12624e-11
16.0023 RSS 4.37255e-11
16.1 RSS 1.12624e-11
16.1023 RSS 4.37255e-11
16.2 RSS 1.12624e-11
16.2023 RSS 4.37255e-11
16.3 RSS 1.12624e-11
16.3023 RSS 4.37255e-11
16.4 RSS 1.12624e-11
16.4023 RSS 4.37255e-11
16.5 RSS 1.12624e-11
16.5023 RSS 4.37255e-11
16.6 RSS 1.12624e-11
16.6023 RSS 4.37255e-11
16.7 RSS 1.12624e-11
16.7023 RSS 4.37255e-11
16.8 RSS 1.12624e-11
16.8023 RSS 4.37255e-11
16.9 RSS 1.12624e-11
16.9023 RSS 4.37255e-11
17 RSS 1.12624e-11
17.0023 RSS 4.37255e-11
17.1 RSS 1.12624e-11
17.1023 RSS 4.37255e-11
17.2 RSS 1.12624e-11
17.2023 RSS 4.37255e-11
17.3 RSS 1.12624e-11
17.3023 RSS 4.37255e-11
17.4 RSS 1.12624e-11
17.4023 RSS 4.37255e-11
17.5 RSS 1.12624e-11
17.5023 RSS 4.37255e-11
17.6 RSS 1.12624e-11
17.6023 RSS 4.37255e-11
17.7 RSS 1.12624e-11
17.7023 RSS 4.37255e-11
17.8 RSS 1.12624e-11
17.8023 RSS 4.37255e-11
17.9 RSS 1.12624e-11
17.9023 RSS 4.37255e-11
18 RSS 1.12624e-11
18.0023 RSS 4.37255e-11
18.1 RSS 1.12624e-11
18.1023 RSS 4.37255e-11
18.2 RSS 1.12624e-11
18.2023 RSS 4.37255e-11
18.3 RSS 1.12624e-11
18.3023 RSS 4.37255e-11
18.4 RSS 1.12624e-11
18.4023 RSS 4.37255e-11
18.5 RSS 1.12624e-11
18.5023 RSS 4.37255e-11
18.6 RSS 1.12624e-11
18.6023 RSS 4.37255e-11
18.7 RSS 1.12624e-11
18.7023 RSS 4.37255e-11
18.8 RSS 1.12624e-11
18.8023 RSS 4.37255e-11
18.9 RSS 1.12624e-11
18.9023 RSS 4.37255e-11
19 RSS 1.12624e-11
19.0023 RSS 4.37255e-11
19.1 RSS 1.12624e-11
19.1023 RSS 4.37255e-11
19.2 RSS 1.12624e-11
19.2023 RSS 4.37255e-11
19.3 RSS 1.12624e-11
19.3023 RSS 4.37255e-11
19.4 RSS 1.12624e-11
19.4023 RSS 4.37255e-11
19.5 RSS 1.12624e-11
19.5023 RSS 4.37255e-11
19.6 RSS 1.12624e-11
19.6023 RSS 4.37255e-11
19.7 RSS 1.12624e-11
19.7023 RSS 4.37255e-11
19.8 RSS 1.12624e-11
19.8023 RSS 4.37255e-11
19.9 RSS 1.12624e-11
19.9023 RSS 4.37255e-11
20 RSS 1.12624e-11
20.0023 RSS 4.37255e-11
20.1 RSS 1.12624e-11
20.1023 RSS 4.37255e-11
20.2 RSS 1.12624e-11
20.2023 RSS 4.37255e-11
20.3 RSS 1.12624e-11
20.3023 RSS 4.37255e-11
20.4 RSS 1.12624e-11
20.4023 RSS 4.37255e-11
20.5 RSS 1.12624e-11
20.5023 RSS 4.37255e-11
--
Received one packet! Socket: 10.1.1.1 port: 49153 at time = 20.5023
--
20.6 RSS 1.12624e-11
20.6023 RSS 4.37255e-11
20.7 RSS 1.12624e-11
20.7023 RSS 4.37255e-11
20.8 RSS 1.12624e-11
20.8023 RSS 4.37255e-11
20.9 RSS 1.12624e-11
20.9023 RSS 4.37255e-11
21 RSS 1.12624e-11
21.0023 RSS 4.37255e-11
21.1 RSS 1.12624e-11
21.1023 RSS 4.37255e-11
21.2 RSS 1.12624e-11
21.2023 RSS 4.37255e-11
21.3 RSS 1.12624e-11
21.3023 RSS 4.37255e-11
21.4 RSS 1.12624e-11
21.4023 RSS 4.37255e-11
21.5 RSS 1.12624e-11
21.5023 RSS 4.37255e-11
21.6 RSS 1.12624e-11
21.6023 RSS 4.37255e-11
21.7 RSS 1.12624e-11
21.7023 RSS 4.37255e-11
21.8 RSS 1.12624e-11
21.8023 RSS 4.37255e-11
21.9 RSS 1.12624e-11
21.9023 RSS 4.37255e-11
22 RSS 1.12624e-11
22.0023 RSS 4.37255e-11
22.1 RSS 1.12624e-11
22.1023 RSS 4.37255e-11
22.2 RSS 1.12624e-11
22.2023 RSS 4.37255e-11
22.3 RSS 1.12624e-11
22.3023 RSS 4.37255e-11
22.4 RSS 1.12624e-11
22.4023 RSS 4.37255e-11
22.5 RSS 1.12624e-11
22.5023 RSS 4.37255e-11
22.6 RSS 1.12624e-11
22.6023 RSS 4.37255e-11
22.7 RSS 1.12624e-11
22.7023 RSS 4.37255e-11
22.8 RSS 1.12624e-11
22.8023 RSS 4.37255e-11
22.9 RSS 1.12624e-11
22.9023 RSS 4.37255e-11
23 RSS 1.12624e-11
23.0023 RSS 4.37255e-11
23.1 RSS 1.12624e-11
23.1023 RSS 4.37255e-11
23.2 RSS 1.12624e-11
23.2023 RSS 4.37255e-11
23.3 RSS 1.12624e-11
23.3023 RSS 4.37255e-11
23.4 RSS 1.12624e-11
23.4023 RSS 4.37255e-11
23.5 RSS 1.12624e-11
23.5023 RSS 4.37255e-11
23.6 RSS 1.12624e-11
23.6023 RSS 4.37255e-11
23.7 RSS 1.12624e-11
23.7023 RSS 4.37255e-11
23.8 RSS 1.12624e-11
23.8023 RSS 4.37255e-11
23.9 RSS 1.12624e-11
23.9023 RSS 4.37255e-11
24 RSS 1.12624e-11
24.0023 RSS 4.37255e-11
24.1 RSS 1.12624e-11
24.1023 RSS 4.37255e-11
24.2 RSS 1.12624e-11
24.2023 RSS 4.37255e-11
24.3 RSS 1.12624e-11
24.3023 RSS 4.37255e-11
24.4 RSS 1.12624e-11
24.4023 RSS 4.37255e-11
24.5 RSS 1.12624e-11
24.5023 RSS 4.37255e-11
24.6 RSS 1.12624e-11
24.6023 RSS 4.37255e-11
24.7 RSS 1.12624e-11
24.7023 RSS 4.37255e-11
24.8 RSS 1.12624e-11
24.8023 RSS 4.37255e-11
24.9 RSS 1.12624e-11
24.9023 RSS 4.37255e-11
--
Received one packet! Socket: 10.1.1.1 port: 49153 at time = 24.9023
--
25 RSS 1.12624e-11
25.0023 RSS 4.37255e-11
25.1 RSS 1.12624e-11
25.1023 RSS 4.37255e-11
25.2 RSS 1.12624e-11
25.2023 RSS 4.37255e-11
25.3 RSS 1.12624e-11
25.3023 RSS 4.37255e-11
25.4 RSS 1.12624e-11
25.4023 RSS 4.37255e-11
25.5 RSS 1.12624e-11
25.5023 RSS 4.37255e-11
25.6 RSS 1.12624e-11
25.6023 RSS 4.37255e-11
25.7 RSS 1.12624e-11
25.7023 RSS 4.37255e-11
25.8 RSS 1.12624e-11
25.8023 RSS 4.37255e-11
25.9 RSS 1.12624e-11
25.9023 RSS 4.37255e-11
26 RSS 1.12624e-11
26.0023 RSS 4.37255e-11
26.1 RSS 1.12624e-11
26.1023 RSS 4.37255e-11
26.2 RSS 1.12624e-11
26.2023 RSS 4.37255e-11
26.3 RSS 1.12624e-11
26.3023 RSS 4.37255e-11
26.4 RSS 1.12624e-11
26.4023 RSS 4.37255e-11
26.5 RSS 1.12624e-11
26.5023 RSS 4.37255e-11
26.6 RSS 1.12624e-11
26.6023 RSS 4.37255e-11
26.7 RSS 1.12624e-11
26.7023 RSS 4.37255e-11
26.8 RSS 1.12624e-11
26.8023 RSS 4.37255e-11
26.9 RSS 1.12624e-11
26.9023 RSS 4.37255e-11
27 RSS 1.12624e-11
27.0023 RSS 4.37255e-11
27.1 RSS 1.12624e-11
27.1023 RSS 4.37255e-11
27.2 RSS 1.12624e-11
27.2023 RSS 4.37255e-11
27.3 RSS 1.12624e-11
27.3023 RSS 4.37255e-11
27.4 RSS 1.12624e-11
27.4023 RSS 4.37255e-11
27.5 RSS 1.12624e-11
27.5023 RSS 4.37255e-11
27.6 RSS 1.12624e-11
27.6023 RSS 4.37255e-11
27.7 RSS 1.12624e-11
27.7023 RSS 4.37255e-11
27.8 RSS 1.12624e-11
27.8023 RSS 4.37255e-11
27.9 RSS 1.12624e-11
27.9023 RSS 4.37255e-11
28 RSS 1.12624e-11
28.0023 RSS 4.37255e-11
28.1 RSS 1.12624e-11
28.1023 RSS 4.37255e-11
28.2 RSS 1.12624e-11
28.2023 RSS 4.37255e-11
28.3 RSS 1.12624e-11
28.3023 RSS 4.37255e-11
28.4 RSS 1.12624e-11
28.4023 RSS 4.37255e-11
28.5 RSS 1.12624e-11
28.5023 RSS 4.37255e-11
28.6 RSS 1.12624e-11
28.6023 RSS 4.37255e-11
28.7 RSS 1.12624e-11
28.7023 RSS 4.37255e-11
28.8 RSS 1.12624e-11
28.8023 RSS 4.37255e-11
28.9 RSS 1.12624e-11
28.9023 RSS 4.37255e-11
29 RSS 1.12624e-11
29.0023 RSS 4.37255e-11
29.1 RSS 1.12624e-11
29.1023 RSS 4.37255e-11
29.2 RSS 1.12624e-11
29.2023 RSS 4.37255e-11
29.3 RSS 1.12624e-11
29.3023 RSS 4.37255e-11
29.4 RSS 1.12624e-11
29.4023 RSS 4.37255e-11
29.5 RSS 1.12624e-11
29.5023 RSS 4.37255e-11
29.6 RSS 1.12624e-11
29.6023 RSS 4.37255e-11
29.7 RSS 1.12624e-11
29.7023 RSS 4.37255e-11
29.8 RSS 1.12624e-11
29.8023 RSS 4.37255e-11
29.9 RSS 1.12624e-11
29.9023 RSS 4.37255e-11
--
Received one packet! Socket: 10.1.1.1 port: 49153 at time = 29.9023
--
30 RSS 1.12624e-11
30.0023 RSS 4.37255e-11
30.1 RSS 1.12624e-11
30.1023 RSS 4.37255e-11
30.2 RSS 1.12624e-11
30.2023 RSS 4.37255e-11
30.3 RSS 1.12624e-11
30.3023 RSS 4.37255e-11
30.4 RSS 1.12624e-11
30.4023 RSS 4.37255e-11
30.5 RSS 1.12624e-11
30.5023 RSS 4.37255e-11
30.6 RSS 1.12624e-11
30.6023 RSS 4.37255e-11
30.7 RSS 1.12624e-11
30.7023 RSS 4.37255e-11
30.8 RSS 1.12624e-11
30.8023 RSS 4.37255e-11
30.9 RSS 1.12624e-11
30.9023 RSS 4.37255e-11
31 RSS 1.12624e-11
31.0023 RSS 4.37255e-11
31.1 RSS 1.12624e-11
31.1023 RSS 4.37255e-11
31.2 RSS 1.12624e-11
31.2023 RSS 4.37255e-11
31.3 RSS 1.12624e-11
31.3023 RSS 4.37255e-11
31.4 RSS 1.12624e-11
31.4023 RSS 4.37255e-11
31.5 RSS 1.12624e-11
31.5023 RSS 4.37255e-11
31.6 RSS 1.12624e-11
31.6023 RSS 4.37255e-11
31.7 RSS 1.12624e-11
31.7023 RSS 4.37255e-11
31.8 RSS 1.12624e-11
31.8023 RSS 4.37255e-11
31.9 RSS 1.12624e-11
31.9023 RSS 4.37255e-11
32 RSS 1.12624e-11
32.0023 RSS 4.37255e-11
32.1 RSS 1.12624e-11
32.1023 RSS 4.37255e-11
32.2 RSS 1.12624e-11
32.2023 RSS 4.37255e-11
32.3 RSS 1.12624e-11
32.3023 RSS 4.37255e-11
32.4 RSS 1.12624e-11
32.4023 RSS 4.37255e-11
32.5 RSS 1.12624e-11
32.5023 RSS 4.37255e-11
32.6 RSS 1.12624e-11
32.6023 RSS 4.37255e-11
32.7 RSS 1.12624e-11
32.7023 RSS 4.37255e-11
32.8 RSS 1.12624e-11
32.8023 RSS 4.37255e-11
32.9 RSS 1.12624e-11
32.9023 RSS 4.37255e-11
33 RSS 1.12624e-11
33.0023 RSS 4.37255e-11
33.1 RSS 1.12624e-11
33.1023 RSS 4.37255e-11
33.2 RSS 1.12624e-11
33.2023 RSS 4.37255e-11
33.3 RSS 1.12624e-11
33.3023 RSS 4.37255e-11
33.4 RSS 1.12624e-11
33.4023 RSS 4.37255e-11
33.5 RSS 1.12624e-11
33.5023 RSS 4.37255e-11
33.6 RSS 1.12624e-11
33.6023 RSS 4.37255e-11
33.7 RSS 1.12624e-11
33.7023 RSS 4.37255e-11
33.8 RSS 1.12624e-11
33.8023 RSS 4.37255e-11
33.9 RSS 1.12624e-11
33.9023 RSS 4.37255e-11
34 RSS 1.12624e-11
34.0023 RSS 4.37255e-11
34.1 RSS 1.12624e-11
34.1023 RSS 4.37255e-11
34.2 RSS 1.12624e-11
34.2023 RSS 4.37255e-11
34.3 RSS 1.12624e-11
34.3023 RSS 4.37255e-11
34.4 RSS 1.12624e-11
34.4023 RSS 4.37255e-11
34.5 RSS 1.12624e-11
34.5023 RSS 4.37255e-11
34.6 RSS 1.12624e-11
34.6023 RSS 4.37255e-11
34.7 RSS 1.12624e-11
34.7023 RSS 4.37255e-11
34.8 RSS 1.12624e-11
34.8023 RSS 4.37255e-11
34.9 RSS 1.12624e-11
34.9023 RSS 4.37255e-11
35 RSS 1.12624e-11
35.0023 RSS 4.37255e-11
35.1 RSS 1.12624e-11
35.1023 RSS 4.37255e-11
35.2 RSS 1.12624e-11
35.2023 RSS 4.37255e-11
35.3 RSS 1.12624e-11
35.3023 RSS 4.37255e-11
35.4 RSS 1.12624e-11
35.4023 RSS 4.37255e-11
35.5 RSS 1.12624e-11
35.5023 RSS 4.37255e-11
35.6 RSS 1.12624e-11
35.6023 RSS 4.37255e-11
--
Received one packet! Socket: 10.1.1.1 port: 49153 at time = 35.6023
--
35.7 RSS 1.12624e-11
35.7023 RSS 4.37255e-11
35.8 RSS 1.12624e-11
35.8023 RSS 4.37255e-11
35.9 RSS 1.12624e-11
35.9023 RSS 4.37255e-11
36 RSS 1.12624e-11
36.0023 RSS 4.37255e-11
36.1 RSS 1.12624e-11
36.1023 RSS 4.37255e-11
36.2 RSS 1.12624e-11
36.2023 RSS 4.37255e-11
36.3 RSS 1.12624e-11
36.3023 RSS 4.37255e-11
36.4 RSS 1.12624e-11
36.4023 RSS 4.37255e-11
36.5 RSS 1.12624e-11
36.5023 RSS 4.37255e-11
36.6 RSS 1.12624e-11
36.6023 RSS 4.37255e-11
36.7 RSS 1.12624e-11
36.7023 RSS 4.37255e-11
36.8 RSS 1.12624e-11
36.8023 RSS 4.37255e-11
36.9 RSS 1.12624e-11
36.9023 RSS 4.37255e-11
37 RSS 1.12624e-11
37.0023 RSS 4.37255e-11
37.1 RSS 1.12624e-11
37.1023 RSS 4.37255e-11
37.2 RSS 1.12624e-11
37.2023 RSS 4.37255e-11
37.3 RSS 1.12624e-11
37.3023 RSS 4.37255e-11
37.4 RSS 1.12624e-11
37.4023 RSS 4.37255e-11
37.5 RSS 1.12624e-11
37.5023 RSS 4.37255e-11
37.6 RSS 1.12624e-11
37.6023 RSS 4.37255e-11
37.7 RSS 1.12624e-11
37.7023 RSS 4.37255e-11
37.8 RSS 1.12624e-11
37.8023 RSS 4.37255e-11
37.9 RSS 1.12624e-11
37.9023 RSS 4.37255e-11
38 RSS 1.12624e-11
38.0023 RSS 4.37255e-11
38.1 RSS 1.12624e-11
38.1023 RSS 4.37255e-11
38.2 RSS 1.12624e-11
38.2023 RSS 4.37255e-11
38.3 RSS 1.12624e-11
38.3023 RSS 4.37255e-11
38.4 RSS 1.12624e-11
38.4023 RSS 4.37255e-11
38.5 RSS 1.12624e-11
38.5023 RSS 4.37255e-11
38.6 RSS 1.12624e-11
38.6023 RSS 4.37255e-11
38.7 RSS 1.12624e-11
38.7023 RSS 4.37255e-11
38.8 RSS 1.12624e-11
38.8023 RSS 4.37255e-11
38.9 RSS 1.12624e-11
38.9023 RSS 4.37255e-11
39 RSS 1.12624e-11
39.0023 RSS 4.37255e-11
39.1 RSS 1.12624e-11
39.1023 RSS 4.37255e-11
39.2 RSS 1.12624e-11
39.2023 RSS 4.37255e-11
39.3 RSS 1.12624e-11
39.3023 RSS 4.37255e-11
39.4 RSS 1.12624e-11
39.4023 RSS 4.37255e-11
--
Received one packet! Socket: 10.1.1.1 port: 49153 at time = 39.4023
--
39.5 RSS 1.12624e-11
39.5023 RSS 4.37255e-11
39.6 RSS 1.12624e-11
39.6023 RSS 4.37255e-11
39.7 RSS 1.12624e-11
39.7023 RSS 4.37255e-11
39.8 RSS 1.12624e-11
39.8023 RSS 4.37255e-11
39.9 RSS 1.12624e-11
39.9023 RSS 4.37255e-11
40 RSS 1.12624e-11
40.0023 RSS 4.37255e-11
40.1 RSS 1.12624e-11
40.1023 RSS 4.37255e-11
40.2 RSS 1.12624e-11
40.2023 RSS 4.37255e-11
40.3 RSS 1.12624e-11
40.3023 RSS 4.37255e-11
40.4 RSS 1.12624e-11
40.4023 RSS 4.37255e-11
40.5 RSS 1.12624e-11
40.5023 RSS 4.37255e-11
40.6 RSS 1.12624e-11
40.6023 RSS 4.37255e-11
40.7 RSS 1.12624e-11
40.7023 RSS 4.37255e-11
40.8 RSS 1.12624e-11
40.8023 RSS 4.37255e-11
40.9 RSS 1.12624e-11
40.9023 RSS 4.37255e-11
41 RSS 1.12624e-11
41.0023 RSS 4.37255e-11
41.1 RSS 1.12624e-11
41.1023 RSS 4.37255e-11
41.2 RSS 1.12624e-11
41.2023 RSS 4.37255e-11
41.3 RSS 1.12624e-11
41.3023 RSS 4.37255e-11
41.4 RSS 1.12624e-11
41.4023 RSS 4.37255e-11
41.5 RSS 1.12624e-11
41.5023 RSS 4.37255e-11
41.6 RSS 1.12624e-11
41.6023 RSS 4.37255e-11
41.7 RSS 1.12624e-11
41.7023 RSS 4.37255e-11
--
Received one packet! Socket: 10.1.1.1 port: 49153 at time = 41.7023
--
41.8 RSS 1.12624e-11
41.8023 RSS 4.37255e-11
41.9 RSS 1.12624e-11
41.9023 RSS 4.37255e-11
42 RSS 1.12624e-11
42.0023 RSS 4.37255e-11
42.1 RSS 1.12624e-11
42.1023 RSS 4.37255e-11
42.2 RSS 1.12624e-11
42.2023 RSS 4.37255e-11
42.3 RSS 1.12624e-11
42.3023 RSS 4.37255e-11
42.4 RSS 1.12624e-11
42.4023 RSS 4.37255e-11
42.5 RSS 1.12624e-11
42.5023 RSS 4.37255e-11
42.6 RSS 1.12624e-11
42.6023 RSS 4.37255e-11
42.7 RSS 1.12624e-11
42.7023 RSS 4.37255e-11
42.8 RSS 1.12624e-11
42.8023 RSS 4.37255e-11
42.9 RSS 1.12624e-11
42.9023 RSS 4.37255e-11
43 RSS 1.12624e-11
43.0023 RSS 4.37255e-11
43.1 RSS 1.12624e-11
43.1023 RSS 4.37255e-11
43.2 RSS 1.12624e-11
43.2023 RSS 4.37255e-11
43.3 RSS 1.12624e-11
43.3023 RSS 4.37255e-11
43.4 RSS 1.12624e-11
43.4023 RSS 4.37255e-11
43.5 RSS 1.12624e-11
43.5023 RSS 4.37255e-11
43.6 RSS 1.12624e-11
43.6023 RSS 4.37255e-11
43.7 RSS 1.12624e-11
43.7023 RSS 4.37255e-11
43.8 RSS 1.12624e-11
43.8023 RSS 4.37255e-11
43.9 RSS 1.12624e-11
43.9023 RSS 4.37255e-11
44 RSS 1.12624e-11
44.0023 RSS 4.37255e-11
44.1 RSS 1.12624e-11
44.1023 RSS 4.37255e-11
44.2 RSS 1.12624e-11
44.2023 RSS 4.37255e-11
44.3 RSS 1.12624e-11
44.3023 RSS 4.37255e-11
44.4 RSS 1.12624e-11
44.4023 RSS 4.37255e-11
44.5 RSS 1.12624e-11
44.5023 RSS 4.37255e-11
44.6 RSS 1.12624e-11
44.6023 RSS 4.37255e-11
44.7 RSS 1.12624e-11
44.7023 RSS 4.37255e-11
44.8 RSS 1.12624e-11
44.8023 RSS 4.37255e-11
44.9 RSS 1.12624e-11
44.9023 RSS 4.37255e-11
45 RSS 1.12624e-11
45.0023 RSS 4.37255e-11
45.1 RSS 1.12624e-11
45.1023 RSS 4.37255e-11
45.2 RSS 1.12624e-11
45.2023 RSS 4.37255e-11
45.3 RSS 1.12624e-11
45.3023 RSS 4.37255e-11
45.4 RSS 1.12624e-11
45.4023 RSS 4.37255e-11
45.5 RSS 1.12624e-11
45.5023 RSS 4.37255e-11
45.6 RSS 1.12624e-11
45.6023 RSS 4.37255e-11
45.7 RSS 1.12624e-11
45.7023 RSS 4.37255e-11
45.8 RSS 1.12624e-11
45.8023 RSS 4.37255e-11
45.9 RSS 1.12624e-11
45.9023 RSS 4.37255e-11
46 RSS 1.12624e-11
46.0023 RSS 4.37255e-11
46.1 RSS 1.12624e-11
46.1023 RSS 4.37255e-11
46.2 RSS 1.12624e-11
46.2023 RSS 4.37255e-11
46.3 RSS 1.12624e-11
46.3023 RSS 4.37255e-11
46.4 RSS 1.12624e-11
46.4023 RSS 4.37255e-11
46.5 RSS 1.12624e-11
46.5023 RSS 4.37255e-11
46.6 RSS 1.12624e-11
46.6023 RSS 4.37255e-11
46.7 RSS 1.12624e-11
46.7023 RSS 4.37255e-11
46.8 RSS 1.12624e-11
46.8023 RSS 4.37255e-11
46.9 RSS 1.12624e-11
46.9023 RSS 4.37255e-11
47 RSS 1.12624e-11
47.0023 RSS 4.37255e-11
47.1 RSS 1.12624e-11
47.1023 RSS 4.37255e-11
47.2 RSS 1.12624e-11
47.2023 RSS 4.37255e-11
47.3 RSS 1.12624e-11
47.3023 RSS 4.37255e-11
47.4 RSS 1.12624e-11
47.4023 RSS 4.37255e-11
47.5 RSS 1.12624e-11
47.5023 RSS 4.37255e-11
47.6 RSS 1.12624e-11
47.6023 RSS 4.37255e-11
47.7 RSS 1.12624e-11
47.7023 RSS 4.37255e-11
47.8 RSS 1.12624e-11
47.8023 RSS 4.37255e-11
47.9 RSS 1.12624e-11
47.9023 RSS 4.37255e-11
48 RSS 1.12624e-11
48.0023 RSS 4.37255e-11
48.1 RSS 1.12624e-11
48.1023 RSS 4.37255e-11
48.2 RSS 1.12624e-11
48.2023 RSS 4.37255e-11
48.3 RSS 1.12624e-11
48.3023 RSS 4.37255e-11
48.4 RSS 1.12624e-11
48.4023 RSS 4.37255e-11
48.5 RSS 1.12624e-11
48.5023 RSS 4.37255e-11
48.6 RSS 1.12624e-11
48.6023 RSS 4.37255e-11
48.7 RSS 1.12624e-11
48.7023 RSS 4.37255e-11
48.8 RSS 1.12624e-11
48.8023 RSS 4.37255e-11
48.9 RSS 1.12624e-11
48.9023 RSS 4.37255e-11
49 RSS 1.12624e-11
49.0023 RSS 4.37255e-11
49.1 RSS 1.12624e-11
49.1023 RSS 4.37255e-11
49.2 RSS 1.12624e-11
49.2023 RSS 4.37255e-11
49.3 RSS 1.12624e-11
49.3023 RSS 4.37255e-11
49.4 RSS 1.12624e-11
49.4023 RSS 4.37255e-11
49.5 RSS 1.12624e-11
49.5023 RSS 4.37255e-11
49.6 RSS 1.12624e-11
49.6023 RSS 4.37255e-11
49.7 RSS 1.12624e-11
49.7023 RSS 4.37255e-11
49.8 RSS 1.12624e-11
49.8023 RSS 4.37255e-11
49.9 RSS 1.12624e-11
49.9023 RSS 4.37255e-11
50 RSS 1.12624e-11
50.0023 RSS 4.37255e-11
50.1 RSS 1.12624e-11
50.1023 RSS 4.37255e-11
50.2 RSS 1.12624e-11
50.2023 RSS 4.37255e-11
50.3 RSS 1.12624e-11
50.3023 RSS 4.37255e-11
50.4 RSS 1.12624e-11
50.4023 RSS 4.37255e-11
50.5 RSS 1.12624e-11
50.5023 RSS 4.37255e-11
50.6 RSS 1.12624e-11
50.6023 RSS 4.37255e-11
50.7 RSS 1.12624e-11
50.7023 RSS 4.37255e-11
50.8 RSS 1.12624e-11
50.8023 RSS 4.37255e-11
50.9 RSS 1.12624e-11
50.9023 RSS 4.37255e-11
51 RSS 1.12624e-11
51.0023 RSS 4.37255e-11
51.1 RSS 1.12624e-11
51.1023 RSS 4.37255e-11
51.2 RSS 1.12624e-11
51.2023 RSS 4.37255e-11
51.3 RSS 1.12624e-11
51.3023 RSS 4.37255e-11
51.4 RSS 1.12624e-11
51.4023 RSS 4.37255e-11
51.5 RSS 1.12624e-11
51.5023 RSS 4.37255e-11
51.6 RSS 1.12624e-11
51.6023 RSS 4.37255e-11
51.7 RSS 1.12624e-11
51.7023 RSS 4.37255e-11
51.8 RSS 1.12624e-11
51.8023 RSS 4.37255e-11
51.9 RSS 1.12624e-11
51.9023 RSS 4.37255e-11
52 RSS 1.12624e-11
52.0023 RSS 4.37255e-11
52.1 RSS 1.12624e-11
52.1023 RSS 4.37255e-11
52.2 RSS 1.12624e-11
52.2023 RSS 4.37255e-11
52.3 RSS 1.12624e-11
52.3023 RSS 4.37255e-11
52.4 RSS 1.12624e-11
52.4023 RSS 4.37255e-11
52.5 RSS 1.12624e-11
52.5023 RSS 4.37255e-11
52.6 RSS 1.12624e-11
52.6023 RSS 4.37255e-11
52.7 RSS 1.12624e-11
52.7023 RSS 4.37255e-11
52.8 RSS 1.12624e-11
52.8023 RSS 4.37255e-11
52.9 RSS 1.12624e-11
52.9023 RSS 4.37255e-11
53 RSS 1.12624e-11
53.0023 RSS 4.37255e-11
53.1 RSS 1.12624e-11
53.1023 RSS 4.37255e-11
53.2 RSS 1.12624e-11
53.2023 RSS 4.37255e-11
53.3 RSS 1.12624e-11
53.3023 RSS 4.37255e-11
53.4 RSS 1.12624e-11
53.4023 RSS 4.37255e-11
53.5 RSS 1.12624e-11
53.5023 RSS 4.37255e-11
53.6 RSS 1.12624e-11
53.6023 RSS 4.37255e-11
53.7 RSS 1.12624e-11
53.7023 RSS 4.37255e-11
53.8 RSS 1.12624e-11
53.8023 RSS 4.37255e-11
53.9 RSS 1.12624e-11
53.9023 RSS 4.37255e-11
54 RSS 1.12624e-11
54.0023 RSS 4.37255e-11
54.1 RSS 1.12624e-11
54.1023 RSS 4.37255e-11
54.2 RSS 1.12624e-11
54.2023 RSS 4.37255e-11
54.3 RSS 1.12624e-11
54.3023 RSS 4.37255e-11
54.4 RSS 1.12624e-11
54.4023 RSS 4.37255e-11
54.5 RSS 1.12624e-11
54.5023 RSS 4.37255e-11
54.6 RSS 1.12624e-11
54.6023 RSS 4.37255e-11
54.7 RSS 1.12624e-11
54.7023 RSS 4.37255e-11
54.8 RSS 1.12624e-11
54.8023 RSS 4.37255e-11
54.9 RSS 1.12624e-11
54.9023 RSS 4.37255e-11
55 RSS 1.12624e-11
55.0023 RSS 4.37255e-11
55.1 RSS 1.12624e-11
55.1023 RSS 4.37255e-11
55.2 RSS 1.12624e-11
55.2023 RSS 4.37255e-11
55.3 RSS 1.12624e-11
55.3023 RSS 4.37255e-11
55.4 RSS 1.12624e-11
55.4023 RSS 4.37255e-11
55.5 RSS 1.12624e-11
55.5023 RSS 4.37255e-11
55.6 RSS 1.12624e-11
55.6023 RSS 4.37255e-11
55.7 RSS 1.12624e-11
55.7023 RSS 4.37255e-11
55.8 RSS 1.12624e-11
55.8023 RSS 4.37255e-11
55.9 RSS 1.12624e-11
55.9023 RSS 4.37255e-11
--
Received one packet! Socket: 10.1.1.1 port: 49153 at time = 55.9023
--
56 RSS 1.12624e-11
56.0023 RSS 4.37255e-11
56.1 RSS 1.12624e-11
56.1023 RSS 4.37255e-11
56.2 RSS 1.12624e-11
56.2023 RSS 4.37255e-11
56.3 RSS 1.12624e-11
56.3023 RSS 4.37255e-11
56.4 RSS 1.12624e-11
56.4023 RSS 4.37255e-11
56.5 RSS 1.12624e-11
56.5023 RSS 4.37255e-11
56.6 RSS 1.12624e-11
56.6023 RSS 4.37255e-11
56.7 RSS 1.12624e-11
56.7023 RSS 4.37255e-11
56.8 RSS 1.12624e-11
56.8023 RSS 4.37255e-11
56.9 RSS 1.12624e-11
56.9023 RSS 4.37255e-11
57 RSS 1.12624e-11
57.0023 RSS 4.37255e-11
--
Received one packet! Socket: 10.1.1.1 port: 49153 at time = 57.0023
--
57.1 RSS 1.12624e-11
57.1023 RSS 4.37255e-11
57.2 RSS 1.12624e-11
57.2023 RSS 4.37255e-11
57.3 RSS 1.12624e-11
57.3023 RSS 4.37255e-11
57.4 RSS 1.12624e-11
57.4023 RSS 4.37255e-11
57.5 RSS 1.12624e-11
57.5023 RSS 4.37255e-11
57.6 RSS 1.12624e-11
57.6023 RSS 4.37255e-11
57.7 RSS 1.12624e-11
57.7023 RSS 4.37255e-11
57.8 RSS 1.12624e-11
57.8023 RSS 4.37255e-11
57.9 RSS 1.12624e-11
57.9023 RSS 4.37255e-11
58 RSS 1.12624e-11
58.0023 RSS 4.37255e-11
58.1 RSS 1.12624e-11
58.1023 RSS 4.37255e-11
58.2 RSS 1.12624e-11
58.2023 RSS 4.37255e-11
58.3 RSS 1.12624e-11
58.3023 RSS 4.37255e-11
58.4 RSS 1.12624e-11
58.4023 RSS 4.37255e-11
58.5 RSS 1.12624e-11
58.5023 RSS 4.37255e-11
58.6 RSS 1.12624e-11
58.6023 RSS 4.37255e-11
58.7 RSS 1.12624e-11
58.7023 RSS 4.37255e-11
58.8 RSS 1.12624e-11
58.8023 RSS 4.37255e-11
58.9 RSS 1.12624e-11
58.9023 RSS 4.37255e-11
59 RSS 1.12624e-11
59.0023 RSS 4.37255e-11
59.1 RSS 1.12624e-11
59.1023 RSS 4.37255e-11
59.2 RSS 1.12624e-11
59.2023 RSS 4.37255e-11
59.3 RSS 1.12624e-11
59.3023 RSS 4.37255e-11
59.4 RSS 1.12624e-11
59.4023 RSS 4.37255e-11
--
Received one packet! Socket: 10.1.1.1 port: 49153 at time = 59.4023
--
59.5 RSS 1.12624e-11
59.5023 RSS 4.37255e-11
59.6 RSS 1.12624e-11
59.6023 RSS 4.37255e-11
59.7 RSS 1.12624e-11
59.7023 RSS 4.37255e-11
59.8 RSS 1.12624e-11
59.8023 RSS 4.37255e-11
59.9 RSS 1.12624e-11
59.9023 RSS 4.37255e-11
Actual PDR = 0.05
Actual RSS = 4.37255e-11
Actual Average Packet RSS = 4.74126e-11
