0 RSS 4.41361e-13
0.000573436 RSS 5.43162e-13
0.00287744 RSS 4.48227e-13
0.00287744 PRSS 5.48812e-13
0.102877 RSS 4.41361e-13
0.800003 RSS 5.43162e-13
0.802307 RSS 4.48227e-13
0.902307 RSS 4.41361e-13
1.6 RSS 5.43162e-13
1.60231 RSS 4.48227e-13
1.70231 RSS 4.41361e-13
2.4 RSS 5.43162e-13
2.40231 RSS 4.48227e-13
2.50231 RSS 4.41361e-13
3.2 RSS 5.43162e-13
3.20231 RSS 4.48227e-13
3.30231 RSS 4.41361e-13
4 RSS 5.43162e-13
4.00231 RSS 4.48227e-13
4.10231 RSS 4.41361e-13
4.8 RSS 5.43162e-13
4.80231 RSS 4.48227e-13
4.90231 RSS 4.41361e-13
5.6 RSS 5.43162e-13
5.60231 RSS 4.48227e-13
5.70231 RSS 4.41361e-13
6.4 RSS 5.43162e-13
6.40231 RSS 4.48227e-13
6.50231 RSS 4.41361e-13
7.2 RSS 5.43162e-13
7.20231 RSS 4.48227e-13
7.30231 RSS 4.41361e-13
8 RSS 5.43162e-13
8.00231 RSS 4.48227e-13
8.10231 RSS 4.41361e-13
8.8 RSS 5.43162e-13
8.80231 RSS 4.48227e-13
8.90231 RSS 4.41361e-13
9.6 RSS 5.43162e-13
9.60231 RSS 4.48227e-13
9.70231 RSS 4.41361e-13
10.4 RSS 5.43162e-13
10.4023 RSS 4.48227e-13
10.5023 RSS 4.41361e-13
11.2 RSS 5.43162e-13
11.2023 RSS 4.48227e-13
11.3023 RSS 4.41361e-13
12 RSS 5.43162e-13
12.0023 RSS 4.48227e-13
12.1023 RSS 4.41361e-13
12.8 RSS 5.43162e-13
12.8023 RSS 4.48227e-13
12.9023 RSS 4.41361e-13
13.6 RSS 5.43162e-13
13.6023 RSS 4.48227e-13
13.7023 RSS 4.41361e-13
14.4 RSS 5.43162e-13
14.4023 RSS 4.48227e-13
14.5023 RSS 4.41361e-13
15.2 RSS 5.43162e-13
15.2023 RSS 4.48227e-13
15.3023 RSS 4.41361e-13
16 RSS 5.43162e-13
16.0023 RSS 4.48227e-13
16.1023 RSS 4.41361e-13
16.8 RSS 5.43162e-13
16.8023 RSS 4.48227e-13
16.9023 RSS 4.41361e-13
17.6 RSS 5.43162e-13
17.6023 RSS 4.48227e-13
17.7023 RSS 4.41361e-13
18.4 RSS 5.43162e-13
18.4023 RSS 4.48227e-13
18.5023 RSS 4.41361e-13
19.2 RSS 5.43162e-13
19.2023 RSS 4.48227e-13
19.3023 RSS 4.41361e-13
20 RSS 5.43162e-13
20.0023 RSS 4.48227e-13
20.1023 RSS 4.41361e-13
20.8 RSS 5.43162e-13
20.8023 RSS 4.48227e-13
20.9023 RSS 4.41361e-13
21.6 RSS 5.43162e-13
21.6023 RSS 4.48227e-13
21.7023 RSS 4.41361e-13
22.4 RSS 5.43162e-13
22.4023 RSS 4.48227e-13
22.5023 RSS 4.41361e-13
23.2 RSS 5.43162e-13
23.2023 RSS 4.48227e-13
23.3023 RSS 4.41361e-13
24 RSS 5.43162e-13
24.0023 RSS 4.48227e-13
24.1023 RSS 4.41361e-13
24.8 RSS 5.43162e-13
24.8023 RSS 4.48227e-13
24.9023 RSS 4.41361e-13
25.6 RSS 5.43162e-13
25.6023 RSS 4.48227e-13
25.7023 RSS 4.41361e-13
26.4 RSS 5.43162e-13
26.4023 RSS 4.48227e-13
26.5023 RSS 4.41361e-13
27.2 RSS 5.43162e-13
27.2023 RSS 4.48227e-13
27.3023 RSS 4.41361e-13
28 RSS 5.43162e-13
28.0023 RSS 4.48227e-13
28.1023 RSS 4.41361e-13
28.8 RSS 5.43162e-13
28.8023 RSS 4.48227e-13
28.9023 RSS 4.41361e-13
29.6 RSS 5.43162e-13
29.6023 RSS 4.48227e-13
29.7023 RSS 4.41361e-13
30.4 RSS 5.43162e-13
30.4023 RSS 4.48227e-13
30.5023 RSS 4.41361e-13
31.2 RSS 5.43162e-13
31.2023 RSS 4.48227e-13
31.3023 RSS 4.41361e-13
32 RSS 5.43162e-13
32.0023 RSS 4.48227e-13
32.1023 RSS 4.41361e-13
32.8 RSS 5.43162e-13
32.8023 RSS 4.48227e-13
32.9023 RSS 4.41361e-13
33.6 RSS 5.43162e-13
33.6023 RSS 4.48227e-13
33.7023 RSS 4.41361e-13
34.4 RSS 5.43162e-13
34.4023 RSS 4.48227e-13
34.5023 RSS 4.41361e-13
35.2 RSS 5.43162e-13
35.2023 RSS 4.48227e-13
35.3023 RSS 4.41361e-13
36 RSS 5.43162e-13
36.0023 RSS 4.48227e-13
36.1023 RSS 4.41361e-13
36.8 RSS 5.43162e-13
36.8023 RSS 4.48227e-13
36.9023 RSS 4.41361e-13
37.6 RSS 5.43162e-13
37.6023 RSS 4.48227e-13
37.7023 RSS 4.41361e-13
38.4 RSS 5.43162e-13
38.4023 RSS 4.48227e-13
38.5023 RSS 4.41361e-13
39.2 RSS 5.43162e-13
39.2023 RSS 4.48227e-13
39.3023 RSS 4.41361e-13
40 RSS 5.43162e-13
40.0023 RSS 4.48227e-13
40.1023 RSS 4.41361e-13
40.8 RSS 5.43162e-13
40.8023 RSS 4.48227e-13
40.9023 RSS 4.41361e-13
41.6 RSS 5.43162e-13
41.6023 RSS 4.48227e-13
41.7023 RSS 4.41361e-13
42.4 RSS 5.43162e-13
42.4023 RSS 4.48227e-13
42.5023 RSS 4.41361e-13
43.2 RSS 5.43162e-13
43.2023 RSS 4.48227e-13
43.3023 RSS 4.41361e-13
44 RSS 5.43162e-13
44.0023 RSS 4.48227e-13
44.1023 RSS 4.41361e-13
44.8 RSS 5.43162e-13
44.8023 RSS 4.48227e-13
44.9023 RSS 4.41361e-13
45.6 RSS 5.43162e-13
45.6023 RSS 4.48227e-13
45.7023 RSS 4.41361e-13
46.4 RSS 5.43162e-13
46.4023 RSS 4.48227e-13
46.5023 RSS 4.41361e-13
47.2 RSS 5.43162e-13
47.2023 RSS 4.48227e-13
47.3023 RSS 4.41361e-13
48 RSS 5.43162e-13
48.0023 RSS 4.48227e-13
48.1023 RSS 4.41361e-13
48.8 RSS 5.43162e-13
48.8023 RSS 4.48227e-13
48.9023 RSS 4.41361e-13
49.6 RSS 5.43162e-13
49.6023 RSS 4.48227e-13
49.7023 RSS 4.41361e-13
50.4 RSS 5.43162e-13
50.4023 RSS 4.48227e-13
50.5023 RSS 4.41361e-13
51.2 RSS 5.43162e-13
51.2023 RSS 4.48227e-13
51.3023 RSS 4.41361e-13
52 RSS 5.43162e-13
52.0023 RSS 4.48227e-13
52.1023 RSS 4.41361e-13
52.8 RSS 5.43162e-13
52.8023 RSS 4.48227e-13
52.9023 RSS 4.41361e-13
53.6 RSS 5.43162e-13
53.6023 RSS 4.48227e-13
53.7023 RSS 4.41361e-13
54.4 RSS 5.43162e-13
54.4023 RSS 4.48227e-13
54.5023 RSS 4.41361e-13
55.2 RSS 5.43162e-13
55.2023 RSS 4.48227e-13
55.3023 RSS 4.41361e-13
56 RSS 5.43162e-13
56.0023 RSS 4.48227e-13
56.1023 RSS 4.41361e-13
56.8 RSS 5.43162e-13
56.8023 RSS 4.48227e-13
56.9023 RSS 4.41361e-13
57.6 RSS 5.43162e-13
57.6023 RSS 4.48227e-13
57.7023 RSS 4.41361e-13
58.4 RSS 5.43162e-13
58.4023 RSS 4.48227e-13
58.5023 RSS 4.41361e-13
59.2 RSS 5.43162e-13
59.2023 RSS 4.48227e-13
59.3023 RSS 4.41361e-13
Actual PDR = 0
Actual RSS = 5.43162e-13
Actual Average Packet RSS = 5.48812e-13
