0 RSS 4.41361e-13
0.000570869 RSS 2.02986e-12
0.00287487 RSS 4.46177e-13
0.00287487 PRSS 2.03381e-12
--
Received one packet! Socket: 10.1.1.1 port: 49153 at time = 0.00287487
--
0.102875 RSS 4.41361e-13
0.200001 RSS 2.02986e-12
0.202305 RSS 4.46177e-13
--
Received one packet! Socket: 10.1.1.1 port: 49153 at time = 0.202305
--
0.302305 RSS 4.41361e-13
0.400001 RSS 2.02986e-12
0.402305 RSS 4.46177e-13
--
Received one packet! Socket: 10.1.1.1 port: 49153 at time = 0.402305
--
0.502305 RSS 4.41361e-13
0.600001 RSS 2.02986e-12
0.602305 RSS 4.46177e-13
--
Received one packet! Socket: 10.1.1.1 port: 49153 at time = 0.602305
--
0.702305 RSS 4.41361e-13
0.800001 RSS 2.02986e-12
0.802305 RSS 4.46177e-13
--
Received one packet! Socket: 10.1.1.1 port: 49153 at time = 0.802305
--
0.902305 RSS 4.41361e-13
1 RSS 2.02986e-12
1.0023 RSS 4.46177e-13
--
Received one packet! Socket: 10.1.1.1 port: 49153 at time = 1.0023
--
1.1023 RSS 4.41361e-13
1.2 RSS 2.02986e-12
1.2023 RSS 4.46177e-13
--
Received one packet! Socket: 10.1.1.1 port: 49153 at time = 1.2023
--
1.3023 RSS 4.41361e-13
1.4 RSS 2.02986e-12
1.4023 RSS 4.46177e-13
--
Received one packet! Socket: 10.1.1.1 port: 49153 at time = 1.4023
--
1.5023 RSS 4.41361e-13
1.6 RSS 2.02986e-12
1.6023 RSS 4.46177e-13
--
Received one packet! Socket: 10.1.1.1 port: 49153 at time = 1.6023
--
1.7023 RSS 4.41361e-13
1.8 RSS 2.02986e-12
1.8023 RSS 4.46177e-13
--
Received one packet! Socket: 10.1.1.1 port: 49153 at time = 1.8023
--
1.9023 RSS 4.41361e-13
2 RSS 2.02986e-12
2.0023 RSS 4.46177e-13
--
Received one packet! Socket: 10.1.1.1 port: 49153 at time = 2.0023
--
2.1023 RSS 4.41361e-13
2.2 RSS 2.02986e-12
2.2023 RSS 4.46177e-13
--
Received one packet! Socket: 10.1.1.1 port: 49153 at time = 2.2023
--
2.3023 RSS 4.41361e-13
2.4 RSS 2.02986e-12
2.4023 RSS 4.46177e-13
--
Received one packet! Socket: 10.1.1.1 port: 49153 at time = 2.4023
--
2.5023 RSS 4.41361e-13
2.6 RSS 2.02986e-12
2.6023 RSS 4.46177e-13
--
Received one packet! Socket: 10.1.1.1 port: 49153 at time = 2.6023
--
2.7023 RSS 4.41361e-13
2.8 RSS 2.02986e-12
2.8023 RSS 4.46177e-13
--
Received one packet! Socket: 10.1.1.1 port: 49153 at time = 2.8023
--
2.9023 RSS 4.41361e-13
3 RSS 2.02986e-12
3.0023 RSS 4.46177e-13
--
Received one packet! Socket: 10.1.1.1 port: 49153 at time = 3.0023
--
3.1023 RSS 4.41361e-13
3.2 RSS 2.02986e-12
3.2023 RSS 4.46177e-13
--
Received one packet! Socket: 10.1.1.1 port: 49153 at time = 3.2023
--
3.3023 RSS 4.41361e-13
3.4 RSS 2.02986e-12
3.4023 RSS 4.46177e-13
--
Received one packet! Socket: 10.1.1.1 port: 49153 at time = 3.4023
--
3.5023 RSS 4.41361e-13
3.6 RSS 2.02986e-12
3.6023 RSS 4.46177e-13
--
Received one packet! Socket: 10.1.1.1 port: 49153 at time = 3.6023
--
3.7023 RSS 4.41361e-13
3.8 RSS 2.02986e-12
3.8023 RSS 4.46177e-13
--
Received one packet! Socket: 10.1.1.1 port: 49153 at time = 3.8023
--
3.9023 RSS 4.41361e-13
4 RSS 2.02986e-12
4.0023 RSS 4.46177e-13
--
Received one packet! Socket: 10.1.1.1 port: 49153 at time = 4.0023
--
4.1023 RSS 4.41361e-13
4.2 RSS 2.02986e-12
4.2023 RSS 4.46177e-13
--
Received one packet! Socket: 10.1.1.1 port: 49153 at time = 4.2023
--
4.3023 RSS 4.41361e-13
4.4 RSS 2.02986e-12
4.4023 RSS 4.46177e-13
--
Received one packet! Socket: 10.1.1.1 port: 49153 at time = 4.4023
--
4.5023 RSS 4.41361e-13
4.6 RSS 2.02986e-12
4.6023 RSS 4.46177e-13
--
Received one packet! Socket: 10.1.1.1 port: 49153 at time = 4.6023
--
4.7023 RSS 4.41361e-13
4.8 RSS 2.02986e-12
4.8023 RSS 4.46177e-13
--
Received one packet! Socket: 10.1.1.1 port: 49153 at time = 4.8023
--
4.9023 RSS 4.41361e-13
5 RSS 2.02986e-12
5.0023 RSS 4.46177e-13
--
Received one packet! Socket: 10.1.1.1 port: 49153 at time = 5.0023
--
5.1023 RSS 4.41361e-13
5.2 RSS 2.02986e-12
5.2023 RSS 4.46177e-13
--
Received one packet! Socket: 10.1.1.1 port: 49153 at time = 5.2023
--
5.3023 RSS 4.41361e-13
5.4 RSS 2.02986e-12
5.4023 RSS 4.46177e-13
--
Received one packet! Socket: 10.1.1.1 port: 49153 at time = 5.4023
--
5.5023 RSS 4.41361e-13
5.6 RSS 2.02986e-12
5.6023 RSS 4.46177e-13
--
Received one packet! Socket: 10.1.1.1 port: 49153 at time = 5.6023
--
5.7023 RSS 4.41361e-13
5.8 RSS 2.02986e-12
5.8023 RSS 4.46177e-13
--
Received one packet! Socket: 10.1.1.1 port: 49153 at time = 5.8023
--
5.9023 RSS 4.41361e-13
6 RSS 2.02986e-12
6.0023 RSS 4.46177e-13
--
Received one packet! Socket: 10.1.1.1 port: 49153 at time = 6.0023
--
6.1023 RSS 4.41361e-13
6.2 RSS 2.02986e-12
6.2023 RSS 4.46177e-13
--
Received one packet! Socket: 10.1.1.1 port: 49153 at time = 6.2023
--
6.3023 RSS 4.41361e-13
6.4 RSS 2.02986e-12
6.4023 RSS 4.46177e-13
--
Received one packet! Socket: 10.1.1.1 port: 49153 at time = 6.4023
--
6.5023 RSS 4.41361e-13
6.6 RSS 2.02986e-12
6.6023 RSS 4.46177e-13
--
Received one packet! Socket: 10.1.1.1 port: 49153 at time = 6.6023
--
6.7023 RSS 4.41361e-13
6.8 RSS 2.02986e-12
6.8023 RSS 4.46177e-13
--
Received one packet! Socket: 10.1.1.1 port: 49153 at time = 6.8023
--
6.9023 RSS 4.41361e-13
7 RSS 2.02986e-12
7.0023 RSS 4.46177e-13
--
Received one packet! Socket: 10.1.1.1 port: 49153 at time = 7.0023
--
7.1023 RSS 4.41361e-13
7.2 RSS 2.02986e-12
7.2023 RSS 4.46177e-13
--
Received one packet! Socket: 10.1.1.1 port: 49153 at time = 7.2023
--
7.3023 RSS 4.41361e-13
7.4 RSS 2.02986e-12
7.4023 RSS 4.46177e-13
--
Received one packet! Socket: 10.1.1.1 port: 49153 at time = 7.4023
--
7.5023 RSS 4.41361e-13
7.6 RSS 2.02986e-12
7.6023 RSS 4.46177e-13
--
Received one packet! Socket: 10.1.1.1 port: 49153 at time = 7.6023
--
7.7023 RSS 4.41361e-13
7.8 RSS 2.02986e-12
7.8023 RSS 4.46177e-13
--
Received one packet! Socket: 10.1.1.1 port: 49153 at time = 7.8023
--
7.9023 RSS 4.41361e-13
8 RSS 2.02986e-12
8.0023 RSS 4.46177e-13
--
Received one packet! Socket: 10.1.1.1 port: 49153 at time = 8.0023
--
8.1023 RSS 4.41361e-13
8.2 RSS 2.02986e-12
8.2023 RSS 4.46177e-13
--
Received one packet! Socket: 10.1.1.1 port: 49153 at time = 8.2023
--
8.3023 RSS 4.41361e-13
8.4 RSS 2.02986e-12
8.4023 RSS 4.46177e-13
--
Received one packet! Socket: 10.1.1.1 port: 49153 at time = 8.4023
--
8.5023 RSS 4.41361e-13
8.6 RSS 2.02986e-12
8.6023 RSS 4.46177e-13
--
Received one packet! Socket: 10.1.1.1 port: 49153 at time = 8.6023
--
8.7023 RSS 4.41361e-13
8.8 RSS 2.02986e-12
8.8023 RSS 4.46177e-13
--
Received one packet! Socket: 10.1.1.1 port: 49153 at time = 8.8023
--
8.9023 RSS 4.41361e-13
9 RSS 2.02986e-12
9.0023 RSS 4.46177e-13
--
Received one packet! Socket: 10.1.1.1 port: 49153 at time = 9.0023
--
9.1023 RSS 4.41361e-13
9.2 RSS 2.02986e-12
9.2023 RSS 4.46177e-13
--
Received one packet! Socket: 10.1.1.1 port: 49153 at time = 9.2023
--
9.3023 RSS 4.41361e-13
9.4 RSS 2.02986e-12
9.4023 RSS 4.46177e-13
--
Received one packet! Socket: 10.1.1.1 port: 49153 at time = 9.4023
--
9.5023 RSS 4.41361e-13
9.6 RSS 2.02986e-12
9.6023 RSS 4.46177e-13
--
Received one packet! Socket: 10.1.1.1 port: 49153 at time = 9.6023
--
9.7023 RSS 4.41361e-13
9.8 RSS 2.02986e-12
9.8023 RSS 4.46177e-13
--
Received one packet! Socket: 10.1.1.1 port: 49153 at time = 9.8023
--
9.9023 RSS 4.41361e-13
10 RSS 2.02986e-12
10.0023 RSS 4.46177e-13
--
Received one packet! Socket: 10.1.1.1 port: 49153 at time = 10.0023
--
10.1023 RSS 4.41361e-13
10.2 RSS 2.02986e-12
10.2023 RSS 4.46177e-13
--
Received one packet! Socket: 10.1.1.1 port: 49153 at time = 10.2023
--
10.3023 RSS 4.41361e-13
10.4 RSS 2.02986e-12
10.4023 RSS 4.46177e-13
--
Received one packet! Socket: 10.1.1.1 port: 49153 at time = 10.4023
--
10.5023 RSS 4.41361e-13
10.6 RSS 2.02986e-12
10.6023 RSS 4.46177e-13
--
Received one packet! Socket: 10.1.1.1 port: 49153 at time = 10.6023
--
10.7023 RSS 4.41361e-13
10.8 RSS 2.02986e-12
10.8023 RSS 4.46177e-13
--
Received one packet! Socket: 10.1.1.1 port: 49153 at time = 10.8023
--
10.9023 RSS 4.41361e-13
11 RSS 2.02986e-12
11.0023 RSS 4.46177e-13
--
Received one packet! Socket: 10.1.1.1 port: 49153 at time = 11.0023
--
11.1023 RSS 4.41361e-13
11.2 RSS 2.02986e-12
11.2023 RSS 4.46177e-13
--
Received one packet! Socket: 10.1.1.1 port: 49153 at time = 11.2023
--
11.3023 RSS 4.41361e-13
11.4 RSS 2.02986e-12
11.4023 RSS 4.46177e-13
--
Received one packet! Socket: 10.1.1.1 port: 49153 at time = 11.4023
--
11.5023 RSS 4.41361e-13
11.6 RSS 2.02986e-12
11.6023 RSS 4.46177e-13
--
Received one packet! Socket: 10.1.1.1 port: 49153 at time = 11.6023
--
11.7023 RSS 4.41361e-13
11.8 RSS 2.02986e-12
11.8023 RSS 4.46177e-13
--
Received one packet! Socket: 10.1.1.1 port: 49153 at time = 11.8023
--
11.9023 RSS 4.41361e-13
12 RSS 2.02986e-12
12.0023 RSS 4.46177e-13
--
Received one packet! Socket: 10.1.1.1 port: 49153 at time = 12.0023
--
12.1023 RSS 4.41361e-13
12.2 RSS 2.02986e-12
12.2023 RSS 4.46177e-13
--
Received one packet! Socket: 10.1.1.1 port: 49153 at time = 12.2023
--
12.3023 RSS 4.41361e-13
12.4 RSS 2.02986e-12
12.4023 RSS 4.46177e-13
--
Received one packet! Socket: 10.1.1.1 port: 49153 at time = 12.4023
--
12.5023 RSS 4.41361e-13
12.6 RSS 2.02986e-12
12.6023 RSS 4.46177e-13
--
Received one packet! Socket: 10.1.1.1 port: 49153 at time = 12.6023
--
12.7023 RSS 4.41361e-13
12.8 RSS 2.02986e-12
12.8023 RSS 4.46177e-13
--
Received one packet! Socket: 10.1.1.1 port: 49153 at time = 12.8023
--
12.9023 RSS 4.41361e-13
13 RSS 2.02986e-12
13.0023 RSS 4.46177e-13
--
Received one packet! Socket: 10.1.1.1 port: 49153 at time = 13.0023
--
13.1023 RSS 4.41361e-13
13.2 RSS 2.02986e-12
13.2023 RSS 4.46177e-13
--
Received one packet! Socket: 10.1.1.1 port: 49153 at time = 13.2023
--
13.3023 RSS 4.41361e-13
13.4 RSS 2.02986e-12
13.4023 RSS 4.46177e-13
--
Received one packet! Socket: 10.1.1.1 port: 49153 at time = 13.4023
--
13.5023 RSS 4.41361e-13
13.6 RSS 2.02986e-12
13.6023 RSS 4.46177e-13
--
Received one packet! Socket: 10.1.1.1 port: 49153 at time = 13.6023
--
13.7023 RSS 4.41361e-13
13.8 RSS 2.02986e-12
13.8023 RSS 4.46177e-13
--
Received one packet! Socket: 10.1.1.1 port: 49153 at time = 13.8023
--
13.9023 RSS 4.41361e-13
14 RSS 2.02986e-12
14.0023 RSS 4.46177e-13
--
Received one packet! Socket: 10.1.1.1 port: 49153 at time = 14.0023
--
14.1023 RSS 4.41361e-13
14.2 RSS 2.02986e-12
14.2023 RSS 4.46177e-13
--
Received one packet! Socket: 10.1.1.1 port: 49153 at time = 14.2023
--
14.3023 RSS 4.41361e-13
14.4 RSS 2.02986e-12
14.4023 RSS 4.46177e-13
--
Received one packet! Socket: 10.1.1.1 port: 49153 at time = 14.4023
--
14.5023 RSS 4.41361e-13
14.6 RSS 2.02986e-12
14.6023 RSS 4.46177e-13
--
Received one packet! Socket: 10.1.1.1 port: 49153 at time = 14.6023
--
14.7023 RSS 4.41361e-13
14.8 RSS 2.02986e-12
14.8023 RSS 4.46177e-13
--
Received one packet! Socket: 10.1.1.1 port: 49153 at time = 14.8023
--
14.9023 RSS 4.41361e-13
15 RSS 2.02986e-12
15.0023 RSS 4.46177e-13
--
Received one packet! Socket: 10.1.1.1 port: 49153 at time = 15.0023
--
15.1023 RSS 4.41361e-13
15.2 RSS 2.02986e-12
15.2023 RSS 4.46177e-13
--
Received one packet! Socket: 10.1.1.1 port: 49153 at time = 15.2023
--
15.3023 RSS 4.41361e-13
15.4 RSS 2.02986e-12
15.4023 RSS 4.46177e-13
--
Received one packet! Socket: 10.1.1.1 port: 49153 at time = 15.4023
--
15.5023 RSS 4.41361e-13
15.6 RSS 2.02986e-12
15.6023 RSS 4.46177e-13
--
Received one packet! Socket: 10.1.1.1 port: 49153 at time = 15.6023
--
15.7023 RSS 4.41361e-13
15.8 RSS 2.02986e-12
15.8023 RSS 4.46177e-13
--
Received one packet! Socket: 10.1.1.1 port: 49153 at time = 15.8023
--
15.9023 RSS 4.41361e-13
16 RSS 2.02986e-12
16.0023 RSS 4.46177e-13
--
Received one packet! Socket: 10.1.1.1 port: 49153 at time = 16.0023
--
16.1023 RSS 4.41361e-13
16.2 RSS 2.02986e-12
16.2023 RSS 4.46177e-13
--
Received one packet! Socket: 10.1.1.1 port: 49153 at time = 16.2023
--
16.3023 RSS 4.41361e-13
16.4 RSS 2.02986e-12
16.4023 RSS 4.46177e-13
--
Received one packet! Socket: 10.1.1.1 port: 49153 at time = 16.4023
--
16.5023 RSS 4.41361e-13
16.6 RSS 2.02986e-12
16.6023 RSS 4.46177e-13
--
Received one packet! Socket: 10.1.1.1 port: 49153 at time = 16.6023
--
16.7023 RSS 4.41361e-13
16.8 RSS 2.02986e-12
16.8023 RSS 4.46177e-13
--
Received one packet! Socket: 10.1.1.1 port: 49153 at time = 16.8023
--
16.9023 RSS 4.41361e-13
17 RSS 2.02986e-12
17.0023 RSS 4.46177e-13
--
Received one packet! Socket: 10.1.1.1 port: 49153 at time = 17.0023
--
17.1023 RSS 4.41361e-13
17.2 RSS 2.02986e-12
17.2023 RSS 4.46177e-13
--
Received one packet! Socket: 10.1.1.1 port: 49153 at time = 17.2023
--
17.3023 RSS 4.41361e-13
17.4 RSS 2.02986e-12
17.4023 RSS 4.46177e-13
--
Received one packet! Socket: 10.1.1.1 port: 49153 at time = 17.4023
--
17.5023 RSS 4.41361e-13
17.6 RSS 2.02986e-12
17.6023 RSS 4.46177e-13
--
Received one packet! Socket: 10.1.1.1 port: 49153 at time = 17.6023
--
17.7023 RSS 4.41361e-13
17.8 RSS 2.02986e-12
17.8023 RSS 4.46177e-13
--
Received one packet! Socket: 10.1.1.1 port: 49153 at time = 17.8023
--
17.9023 RSS 4.41361e-13
18 RSS 2.02986e-12
18.0023 RSS 4.46177e-13
--
Received one packet! Socket: 10.1.1.1 port: 49153 at time = 18.0023
--
18.1023 RSS 4.41361e-13
18.2 RSS 2.02986e-12
18.2023 RSS 4.46177e-13
--
Received one packet! Socket: 10.1.1.1 port: 49153 at time = 18.2023
--
18.3023 RSS 4.41361e-13
18.4 RSS 2.02986e-12
18.4023 RSS 4.46177e-13
--
Received one packet! Socket: 10.1.1.1 port: 49153 at time = 18.4023
--
18.5023 RSS 4.41361e-13
18.6 RSS 2.02986e-12
18.6023 RSS 4.46177e-13
--
Received one packet! Socket: 10.1.1.1 port: 49153 at time = 18.6023
--
18.7023 RSS 4.41361e-13
18.8 RSS 2.02986e-12
18.8023 RSS 4.46177e-13
--
Received one packet! Socket: 10.1.1.1 port: 49153 at time = 18.8023
--
18.9023 RSS 4.41361e-13
19 RSS 2.02986e-12
19.0023 RSS 4.46177e-13
--
Received one packet! Socket: 10.1.1.1 port: 49153 at time = 19.0023
--
19.1023 RSS 4.41361e-13
19.2 RSS 2.02986e-12
19.2023 RSS 4.46177e-13
--
Received one packet! Socket: 10.1.1.1 port: 49153 at time = 19.2023
--
19.3023 RSS 4.41361e-13
19.4 RSS 2.02986e-12
19.4023 RSS 4.46177e-13
--
Received one packet! Socket: 10.1.1.1 port: 49153 at time = 19.4023
--
19.5023 RSS 4.41361e-13
19.6 RSS 2.02986e-12
19.6023 RSS 4.46177e-13
--
Received one packet! Socket: 10.1.1.1 port: 49153 at time = 19.6023
--
19.7023 RSS 4.41361e-13
19.8 RSS 2.02986e-12
19.8023 RSS 4.46177e-13
--
Received one packet! Socket: 10.1.1.1 port: 49153 at time = 19.8023
--
19.9023 RSS 4.41361e-13
20 RSS 2.02986e-12
20.0023 RSS 4.46177e-13
--
Received one packet! Socket: 10.1.1.1 port: 49153 at time = 20.0023
--
20.1023 RSS 4.41361e-13
20.2 RSS 2.02986e-12
20.2023 RSS 4.46177e-13
--
Received one packet! Socket: 10.1.1.1 port: 49153 at time = 20.2023
--
20.3023 RSS 4.41361e-13
20.4 RSS 2.02986e-12
20.4023 RSS 4.46177e-13
--
Received one packet! Socket: 10.1.1.1 port: 49153 at time = 20.4023
--
20.5023 RSS 4.41361e-13
20.6 RSS 2.02986e-12
20.6023 RSS 4.46177e-13
--
Received one packet! Socket: 10.1.1.1 port: 49153 at time = 20.6023
--
20.7023 RSS 4.41361e-13
20.8 RSS 2.02986e-12
20.8023 RSS 4.46177e-13
--
Received one packet! Socket: 10.1.1.1 port: 49153 at time = 20.8023
--
20.9023 RSS 4.41361e-13
21 RSS 2.02986e-12
21.0023 RSS 4.46177e-13
--
Received one packet! Socket: 10.1.1.1 port: 49153 at time = 21.0023
--
21.1023 RSS 4.41361e-13
21.2 RSS 2.02986e-12
21.2023 RSS 4.46177e-13
--
Received one packet! Socket: 10.1.1.1 port: 49153 at time = 21.2023
--
21.3023 RSS 4.41361e-13
21.4 RSS 2.02986e-12
21.4023 RSS 4.46177e-13
--
Received one packet! Socket: 10.1.1.1 port: 49153 at time = 21.4023
--
21.5023 RSS 4.41361e-13
21.6 RSS 2.02986e-12
21.6023 RSS 4.46177e-13
--
Received one packet! Socket: 10.1.1.1 port: 49153 at time = 21.6023
--
21.7023 RSS 4.41361e-13
21.8 RSS 2.02986e-12
21.8023 RSS 4.46177e-13
--
Received one packet! Socket: 10.1.1.1 port: 49153 at time = 21.8023
--
21.9023 RSS 4.41361e-13
22 RSS 2.02986e-12
22.0023 RSS 4.46177e-13
--
Received one packet! Socket: 10.1.1.1 port: 49153 at time = 22.0023
--
22.1023 RSS 4.41361e-13
22.2 RSS 2.02986e-12
22.2023 RSS 4.46177e-13
--
Received one packet! Socket: 10.1.1.1 port: 49153 at time = 22.2023
--
22.3023 RSS 4.41361e-13
22.4 RSS 2.02986e-12
22.4023 RSS 4.46177e-13
--
Received one packet! Socket: 10.1.1.1 port: 49153 at time = 22.4023
--
22.5023 RSS 4.41361e-13
22.6 RSS 2.02986e-12
22.6023 RSS 4.46177e-13
--
Received one packet! Socket: 10.1.1.1 port: 49153 at time = 22.6023
--
22.7023 RSS 4.41361e-13
22.8 RSS 2.02986e-12
22.8023 RSS 4.46177e-13
--
Received one packet! Socket: 10.1.1.1 port: 49153 at time = 22.8023
--
22.9023 RSS 4.41361e-13
23 RSS 2.02986e-12
23.0023 RSS 4.46177e-13
--
Received one packet! Socket: 10.1.1.1 port: 49153 at time = 23.0023
--
23.1023 RSS 4.41361e-13
23.2 RSS 2.02986e-12
23.2023 RSS 4.46177e-13
--
Received one packet! Socket: 10.1.1.1 port: 49153 at time = 23.2023
--
23.3023 RSS 4.41361e-13
23.4 RSS 2.02986e-12
23.4023 RSS 4.46177e-13
--
Received one packet! Socket: 10.1.1.1 port: 49153 at time = 23.4023
--
23.5023 RSS 4.41361e-13
23.6 RSS 2.02986e-12
23.6023 RSS 4.46177e-13
--
Received one packet! Socket: 10.1.1.1 port: 49153 at time = 23.6023
--
23.7023 RSS 4.41361e-13
23.8 RSS 2.02986e-12
23.8023 RSS 4.46177e-13
--
Received one packet! Socket: 10.1.1.1 port: 49153 at time = 23.8023
--
23.9023 RSS 4.41361e-13
24 RSS 2.02986e-12
24.0023 RSS 4.46177e-13
--
Received one packet! Socket: 10.1.1.1 port: 49153 at time = 24.0023
--
24.1023 RSS 4.41361e-13
24.2 RSS 2.02986e-12
24.2023 RSS 4.46177e-13
--
Received one packet! Socket: 10.1.1.1 port: 49153 at time = 24.2023
--
24.3023 RSS 4.41361e-13
24.4 RSS 2.02986e-12
24.4023 RSS 4.46177e-13
--
Received one packet! Socket: 10.1.1.1 port: 49153 at time = 24.4023
--
24.5023 RSS 4.41361e-13
24.6 RSS 2.02986e-12
24.6023 RSS 4.46177e-13
--
Received one packet! Socket: 10.1.1.1 port: 49153 at time = 24.6023
--
24.7023 RSS 4.41361e-13
24.8 RSS 2.02986e-12
24.8023 RSS 4.46177e-13
--
Received one packet! Socket: 10.1.1.1 port: 49153 at time = 24.8023
--
24.9023 RSS 4.41361e-13
25 RSS 2.02986e-12
25.0023 RSS 4.46177e-13
--
Received one packet! Socket: 10.1.1.1 port: 49153 at time = 25.0023
--
25.1023 RSS 4.41361e-13
25.2 RSS 2.02986e-12
25.2023 RSS 4.46177e-13
--
Received one packet! Socket: 10.1.1.1 port: 49153 at time = 25.2023
--
25.3023 RSS 4.41361e-13
25.4 RSS 2.02986e-12
25.4023 RSS 4.46177e-13
--
Received one packet! Socket: 10.1.1.1 port: 49153 at time = 25.4023
--
25.5023 RSS 4.41361e-13
25.6 RSS 2.02986e-12
25.6023 RSS 4.46177e-13
--
Received one packet! Socket: 10.1.1.1 port: 49153 at time = 25.6023
--
25.7023 RSS 4.41361e-13
25.8 RSS 2.02986e-12
25.8023 RSS 4.46177e-13
--
Received one packet! Socket: 10.1.1.1 port: 49153 at time = 25.8023
--
25.9023 RSS 4.41361e-13
26 RSS 2.02986e-12
26.0023 RSS 4.46177e-13
--
Received one packet! Socket: 10.1.1.1 port: 49153 at time = 26.0023
--
26.1023 RSS 4.41361e-13
26.2 RSS 2.02986e-12
26.2023 RSS 4.46177e-13
--
Received one packet! Socket: 10.1.1.1 port: 49153 at time = 26.2023
--
26.3023 RSS 4.41361e-13
26.4 RSS 2.02986e-12
26.4023 RSS 4.46177e-13
--
Received one packet! Socket: 10.1.1.1 port: 49153 at time = 26.4023
--
26.5023 RSS 4.41361e-13
26.6 RSS 2.02986e-12
26.6023 RSS 4.46177e-13
--
Received one packet! Socket: 10.1.1.1 port: 49153 at time = 26.6023
--
26.7023 RSS 4.41361e-13
26.8 RSS 2.02986e-12
26.8023 RSS 4.46177e-13
--
Received one packet! Socket: 10.1.1.1 port: 49153 at time = 26.8023
--
26.9023 RSS 4.41361e-13
27 RSS 2.02986e-12
27.0023 RSS 4.46177e-13
--
Received one packet! Socket: 10.1.1.1 port: 49153 at time = 27.0023
--
27.1023 RSS 4.41361e-13
27.2 RSS 2.02986e-12
27.2023 RSS 4.46177e-13
--
Received one packet! Socket: 10.1.1.1 port: 49153 at time = 27.2023
--
27.3023 RSS 4.41361e-13
27.4 RSS 2.02986e-12
27.4023 RSS 4.46177e-13
--
Received one packet! Socket: 10.1.1.1 port: 49153 at time = 27.4023
--
27.5023 RSS 4.41361e-13
27.6 RSS 2.02986e-12
27.6023 RSS 4.46177e-13
--
Received one packet! Socket: 10.1.1.1 port: 49153 at time = 27.6023
--
27.7023 RSS 4.41361e-13
27.8 RSS 2.02986e-12
27.8023 RSS 4.46177e-13
--
Received one packet! Socket: 10.1.1.1 port: 49153 at time = 27.8023
--
27.9023 RSS 4.41361e-13
28 RSS 2.02986e-12
28.0023 RSS 4.46177e-13
--
Received one packet! Socket: 10.1.1.1 port: 49153 at time = 28.0023
--
28.1023 RSS 4.41361e-13
28.2 RSS 2.02986e-12
28.2023 RSS 4.46177e-13
--
Received one packet! Socket: 10.1.1.1 port: 49153 at time = 28.2023
--
28.3023 RSS 4.41361e-13
28.4 RSS 2.02986e-12
28.4023 RSS 4.46177e-13
--
Received one packet! Socket: 10.1.1.1 port: 49153 at time = 28.4023
--
28.5023 RSS 4.41361e-13
28.6 RSS 2.02986e-12
28.6023 RSS 4.46177e-13
--
Received one packet! Socket: 10.1.1.1 port: 49153 at time = 28.6023
--
28.7023 RSS 4.41361e-13
28.8 RSS 2.02986e-12
28.8023 RSS 4.46177e-13
--
Received one packet! Socket: 10.1.1.1 port: 49153 at time = 28.8023
--
28.9023 RSS 4.41361e-13
29 RSS 2.02986e-12
29.0023 RSS 4.46177e-13
--
Received one packet! Socket: 10.1.1.1 port: 49153 at time = 29.0023
--
29.1023 RSS 4.41361e-13
29.2 RSS 2.02986e-12
29.2023 RSS 4.46177e-13
--
Received one packet! Socket: 10.1.1.1 port: 49153 at time = 29.2023
--
29.3023 RSS 4.41361e-13
29.4 RSS 2.02986e-12
29.4023 RSS 4.46177e-13
--
Received one packet! Socket: 10.1.1.1 port: 49153 at time = 29.4023
--
29.5023 RSS 4.41361e-13
29.6 RSS 2.02986e-12
29.6023 RSS 4.46177e-13
--
Received one packet! Socket: 10.1.1.1 port: 49153 at time = 29.6023
--
29.7023 RSS 4.41361e-13
29.8 RSS 2.02986e-12
29.8023 RSS 4.46177e-13
--
Received one packet! Socket: 10.1.1.1 port: 49153 at time = 29.8023
--
29.9023 RSS 4.41361e-13
30 RSS 2.02986e-12
30.0023 RSS 4.46177e-13
--
Received one packet! Socket: 10.1.1.1 port: 49153 at time = 30.0023
--
30.1023 RSS 4.41361e-13
30.2 RSS 2.02986e-12
30.2023 RSS 4.46177e-13
--
Received one packet! Socket: 10.1.1.1 port: 49153 at time = 30.2023
--
30.3023 RSS 4.41361e-13
30.4 RSS 2.02986e-12
30.4023 RSS 4.46177e-13
--
Received one packet! Socket: 10.1.1.1 port: 49153 at time = 30.4023
--
30.5023 RSS 4.41361e-13
30.6 RSS 2.02986e-12
30.6023 RSS 4.46177e-13
--
Received one packet! Socket: 10.1.1.1 port: 49153 at time = 30.6023
--
30.7023 RSS 4.41361e-13
30.8 RSS 2.02986e-12
30.8023 RSS 4.46177e-13
--
Received one packet! Socket: 10.1.1.1 port: 49153 at time = 30.8023
--
30.9023 RSS 4.41361e-13
31 RSS 2.02986e-12
31.0023 RSS 4.46177e-13
--
Received one packet! Socket: 10.1.1.1 port: 49153 at time = 31.0023
--
31.1023 RSS 4.41361e-13
31.2 RSS 2.02986e-12
31.2023 RSS 4.46177e-13
--
Received one packet! Socket: 10.1.1.1 port: 49153 at time = 31.2023
--
31.3023 RSS 4.41361e-13
31.4 RSS 2.02986e-12
31.4023 RSS 4.46177e-13
--
Received one packet! Socket: 10.1.1.1 port: 49153 at time = 31.4023
--
31.5023 RSS 4.41361e-13
31.6 RSS 2.02986e-12
31.6023 RSS 4.46177e-13
--
Received one packet! Socket: 10.1.1.1 port: 49153 at time = 31.6023
--
31.7023 RSS 4.41361e-13
31.8 RSS 2.02986e-12
31.8023 RSS 4.46177e-13
--
Received one packet! Socket: 10.1.1.1 port: 49153 at time = 31.8023
--
31.9023 RSS 4.41361e-13
32 RSS 2.02986e-12
32.0023 RSS 4.46177e-13
--
Received one packet! Socket: 10.1.1.1 port: 49153 at time = 32.0023
--
32.1023 RSS 4.41361e-13
32.2 RSS 2.02986e-12
32.2023 RSS 4.46177e-13
--
Received one packet! Socket: 10.1.1.1 port: 49153 at time = 32.2023
--
32.3023 RSS 4.41361e-13
32.4 RSS 2.02986e-12
32.4023 RSS 4.46177e-13
--
Received one packet! Socket: 10.1.1.1 port: 49153 at time = 32.4023
--
32.5023 RSS 4.41361e-13
32.6 RSS 2.02986e-12
32.6023 RSS 4.46177e-13
--
Received one packet! Socket: 10.1.1.1 port: 49153 at time = 32.6023
--
32.7023 RSS 4.41361e-13
32.8 RSS 2.02986e-12
32.8023 RSS 4.46177e-13
--
Received one packet! Socket: 10.1.1.1 port: 49153 at time = 32.8023
--
32.9023 RSS 4.41361e-13
33 RSS 2.02986e-12
33.0023 RSS 4.46177e-13
--
Received one packet! Socket: 10.1.1.1 port: 49153 at time = 33.0023
--
33.1023 RSS 4.41361e-13
33.2 RSS 2.02986e-12
33.2023 RSS 4.46177e-13
--
Received one packet! Socket: 10.1.1.1 port: 49153 at time = 33.2023
--
33.3023 RSS 4.41361e-13
33.4 RSS 2.02986e-12
33.4023 RSS 4.46177e-13
--
Received one packet! Socket: 10.1.1.1 port: 49153 at time = 33.4023
--
33.5023 RSS 4.41361e-13
33.6 RSS 2.02986e-12
33.6023 RSS 4.46177e-13
--
Received one packet! Socket: 10.1.1.1 port: 49153 at time = 33.6023
--
33.7023 RSS 4.41361e-13
33.8 RSS 2.02986e-12
33.8023 RSS 4.46177e-13
--
Received one packet! Socket: 10.1.1.1 port: 49153 at time = 33.8023
--
33.9023 RSS 4.41361e-13
34 RSS 2.02986e-12
34.0023 RSS 4.46177e-13
--
Received one packet! Socket: 10.1.1.1 port: 49153 at time = 34.0023
--
34.1023 RSS 4.41361e-13
34.2 RSS 2.02986e-12
34.2023 RSS 4.46177e-13
--
Received one packet! Socket: 10.1.1.1 port: 49153 at time = 34.2023
--
34.3023 RSS 4.41361e-13
34.4 RSS 2.02986e-12
34.4023 RSS 4.46177e-13
--
Received one packet! Socket: 10.1.1.1 port: 49153 at time = 34.4023
--
34.5023 RSS 4.41361e-13
34.6 RSS 2.02986e-12
34.6023 RSS 4.46177e-13
--
Received one packet! Socket: 10.1.1.1 port: 49153 at time = 34.6023
--
34.7023 RSS 4.41361e-13
34.8 RSS 2.02986e-12
34.8023 RSS 4.46177e-13
--
Received one packet! Socket: 10.1.1.1 port: 49153 at time = 34.8023
--
34.9023 RSS 4.41361e-13
35 RSS 2.02986e-12
35.0023 RSS 4.46177e-13
--
Received one packet! Socket: 10.1.1.1 port: 49153 at time = 35.0023
--
35.1023 RSS 4.41361e-13
35.2 RSS 2.02986e-12
35.2023 RSS 4.46177e-13
--
Received one packet! Socket: 10.1.1.1 port: 49153 at time = 35.2023
--
35.3023 RSS 4.41361e-13
35.4 RSS 2.02986e-12
35.4023 RSS 4.46177e-13
--
Received one packet! Socket: 10.1.1.1 port: 49153 at time = 35.4023
--
35.5023 RSS 4.41361e-13
35.6 RSS 2.02986e-12
35.6023 RSS 4.46177e-13
--
Received one packet! Socket: 10.1.1.1 port: 49153 at time = 35.6023
--
35.7023 RSS 4.41361e-13
35.8 RSS 2.02986e-12
35.8023 RSS 4.46177e-13
--
Received one packet! Socket: 10.1.1.1 port: 49153 at time = 35.8023
--
35.9023 RSS 4.41361e-13
36 RSS 2.02986e-12
36.0023 RSS 4.46177e-13
--
Received one packet! Socket: 10.1.1.1 port: 49153 at time = 36.0023
--
36.1023 RSS 4.41361e-13
36.2 RSS 2.02986e-12
36.2023 RSS 4.46177e-13
--
Received one packet! Socket: 10.1.1.1 port: 49153 at time = 36.2023
--
36.3023 RSS 4.41361e-13
36.4 RSS 2.02986e-12
36.4023 RSS 4.46177e-13
--
Received one packet! Socket: 10.1.1.1 port: 49153 at time = 36.4023
--
36.5023 RSS 4.41361e-13
36.6 RSS 2.02986e-12
36.6023 RSS 4.46177e-13
--
Received one packet! Socket: 10.1.1.1 port: 49153 at time = 36.6023
--
36.7023 RSS 4.41361e-13
36.8 RSS 2.02986e-12
36.8023 RSS 4.46177e-13
--
Received one packet! Socket: 10.1.1.1 port: 49153 at time = 36.8023
--
36.9023 RSS 4.41361e-13
37 RSS 2.02986e-12
37.0023 RSS 4.46177e-13
--
Received one packet! Socket: 10.1.1.1 port: 49153 at time = 37.0023
--
37.1023 RSS 4.41361e-13
37.2 RSS 2.02986e-12
37.2023 RSS 4.46177e-13
--
Received one packet! Socket: 10.1.1.1 port: 49153 at time = 37.2023
--
37.3023 RSS 4.41361e-13
37.4 RSS 2.02986e-12
37.4023 RSS 4.46177e-13
--
Received one packet! Socket: 10.1.1.1 port: 49153 at time = 37.4023
--
37.5023 RSS 4.41361e-13
37.6 RSS 2.02986e-12
37.6023 RSS 4.46177e-13
--
Received one packet! Socket: 10.1.1.1 port: 49153 at time = 37.6023
--
37.7023 RSS 4.41361e-13
37.8 RSS 2.02986e-12
37.8023 RSS 4.46177e-13
--
Received one packet! Socket: 10.1.1.1 port: 49153 at time = 37.8023
--
37.9023 RSS 4.41361e-13
38 RSS 2.02986e-12
38.0023 RSS 4.46177e-13
--
Received one packet! Socket: 10.1.1.1 port: 49153 at time = 38.0023
--
38.1023 RSS 4.41361e-13
38.2 RSS 2.02986e-12
38.2023 RSS 4.46177e-13
--
Received one packet! Socket: 10.1.1.1 port: 49153 at time = 38.2023
--
38.3023 RSS 4.41361e-13
38.4 RSS 2.02986e-12
38.4023 RSS 4.46177e-13
--
Received one packet! Socket: 10.1.1.1 port: 49153 at time = 38.4023
--
38.5023 RSS 4.41361e-13
38.6 RSS 2.02986e-12
38.6023 RSS 4.46177e-13
--
Received one packet! Socket: 10.1.1.1 port: 49153 at time = 38.6023
--
38.7023 RSS 4.41361e-13
38.8 RSS 2.02986e-12
38.8023 RSS 4.46177e-13
--
Received one packet! Socket: 10.1.1.1 port: 49153 at time = 38.8023
--
38.9023 RSS 4.41361e-13
39 RSS 2.02986e-12
39.0023 RSS 4.46177e-13
--
Received one packet! Socket: 10.1.1.1 port: 49153 at time = 39.0023
--
39.1023 RSS 4.41361e-13
39.2 RSS 2.02986e-12
39.2023 RSS 4.46177e-13
--
Received one packet! Socket: 10.1.1.1 port: 49153 at time = 39.2023
--
39.3023 RSS 4.41361e-13
39.4 RSS 2.02986e-12
39.4023 RSS 4.46177e-13
--
Received one packet! Socket: 10.1.1.1 port: 49153 at time = 39.4023
--
39.5023 RSS 4.41361e-13
39.6 RSS 2.02986e-12
39.6023 RSS 4.46177e-13
--
Received one packet! Socket: 10.1.1.1 port: 49153 at time = 39.6023
--
39.7023 RSS 4.41361e-13
39.8 RSS 2.02986e-12
39.8023 RSS 4.46177e-13
--
Received one packet! Socket: 10.1.1.1 port: 49153 at time = 39.8023
--
39.9023 RSS 4.41361e-13
40 RSS 2.02986e-12
40.0023 RSS 4.46177e-13
--
Received one packet! Socket: 10.1.1.1 port: 49153 at time = 40.0023
--
40.1023 RSS 4.41361e-13
40.2 RSS 2.02986e-12
40.2023 RSS 4.46177e-13
--
Received one packet! Socket: 10.1.1.1 port: 49153 at time = 40.2023
--
40.3023 RSS 4.41361e-13
40.4 RSS 2.02986e-12
40.4023 RSS 4.46177e-13
--
Received one packet! Socket: 10.1.1.1 port: 49153 at time = 40.4023
--
40.5023 RSS 4.41361e-13
40.6 RSS 2.02986e-12
40.6023 RSS 4.46177e-13
--
Received one packet! Socket: 10.1.1.1 port: 49153 at time = 40.6023
--
40.7023 RSS 4.41361e-13
40.8 RSS 2.02986e-12
40.8023 RSS 4.46177e-13
--
Received one packet! Socket: 10.1.1.1 port: 49153 at time = 40.8023
--
40.9023 RSS 4.41361e-13
41 RSS 2.02986e-12
41.0023 RSS 4.46177e-13
--
Received one packet! Socket: 10.1.1.1 port: 49153 at time = 41.0023
--
41.1023 RSS 4.41361e-13
41.2 RSS 2.02986e-12
41.2023 RSS 4.46177e-13
--
Received one packet! Socket: 10.1.1.1 port: 49153 at time = 41.2023
--
41.3023 RSS 4.41361e-13
41.4 RSS 2.02986e-12
41.4023 RSS 4.46177e-13
--
Received one packet! Socket: 10.1.1.1 port: 49153 at time = 41.4023
--
41.5023 RSS 4.41361e-13
41.6 RSS 2.02986e-12
41.6023 RSS 4.46177e-13
--
Received one packet! Socket: 10.1.1.1 port: 49153 at time = 41.6023
--
41.7023 RSS 4.41361e-13
41.8 RSS 2.02986e-12
41.8023 RSS 4.46177e-13
--
Received one packet! Socket: 10.1.1.1 port: 49153 at time = 41.8023
--
41.9023 RSS 4.41361e-13
42 RSS 2.02986e-12
42.0023 RSS 4.46177e-13
--
Received one packet! Socket: 10.1.1.1 port: 49153 at time = 42.0023
--
42.1023 RSS 4.41361e-13
42.2 RSS 2.02986e-12
42.2023 RSS 4.46177e-13
--
Received one packet! Socket: 10.1.1.1 port: 49153 at time = 42.2023
--
42.3023 RSS 4.41361e-13
42.4 RSS 2.02986e-12
42.4023 RSS 4.46177e-13
--
Received one packet! Socket: 10.1.1.1 port: 49153 at time = 42.4023
--
42.5023 RSS 4.41361e-13
42.6 RSS 2.02986e-12
42.6023 RSS 4.46177e-13
--
Received one packet! Socket: 10.1.1.1 port: 49153 at time = 42.6023
--
42.7023 RSS 4.41361e-13
42.8 RSS 2.02986e-12
42.8023 RSS 4.46177e-13
--
Received one packet! Socket: 10.1.1.1 port: 49153 at time = 42.8023
--
42.9023 RSS 4.41361e-13
43 RSS 2.02986e-12
43.0023 RSS 4.46177e-13
--
Received one packet! Socket: 10.1.1.1 port: 49153 at time = 43.0023
--
43.1023 RSS 4.41361e-13
43.2 RSS 2.02986e-12
43.2023 RSS 4.46177e-13
--
Received one packet! Socket: 10.1.1.1 port: 49153 at time = 43.2023
--
43.3023 RSS 4.41361e-13
43.4 RSS 2.02986e-12
43.4023 RSS 4.46177e-13
--
Received one packet! Socket: 10.1.1.1 port: 49153 at time = 43.4023
--
43.5023 RSS 4.41361e-13
43.6 RSS 2.02986e-12
43.6023 RSS 4.46177e-13
--
Received one packet! Socket: 10.1.1.1 port: 49153 at time = 43.6023
--
43.7023 RSS 4.41361e-13
43.8 RSS 2.02986e-12
43.8023 RSS 4.46177e-13
--
Received one packet! Socket: 10.1.1.1 port: 49153 at time = 43.8023
--
43.9023 RSS 4.41361e-13
44 RSS 2.02986e-12
44.0023 RSS 4.46177e-13
--
Received one packet! Socket: 10.1.1.1 port: 49153 at time = 44.0023
--
44.1023 RSS 4.41361e-13
44.2 RSS 2.02986e-12
44.2023 RSS 4.46177e-13
--
Received one packet! Socket: 10.1.1.1 port: 49153 at time = 44.2023
--
44.3023 RSS 4.41361e-13
44.4 RSS 2.02986e-12
44.4023 RSS 4.46177e-13
--
Received one packet! Socket: 10.1.1.1 port: 49153 at time = 44.4023
--
44.5023 RSS 4.41361e-13
44.6 RSS 2.02986e-12
44.6023 RSS 4.46177e-13
--
Received one packet! Socket: 10.1.1.1 port: 49153 at time = 44.6023
--
44.7023 RSS 4.41361e-13
44.8 RSS 2.02986e-12
44.8023 RSS 4.46177e-13
--
Received one packet! Socket: 10.1.1.1 port: 49153 at time = 44.8023
--
44.9023 RSS 4.41361e-13
45 RSS 2.02986e-12
45.0023 RSS 4.46177e-13
--
Received one packet! Socket: 10.1.1.1 port: 49153 at time = 45.0023
--
45.1023 RSS 4.41361e-13
45.2 RSS 2.02986e-12
45.2023 RSS 4.46177e-13
--
Received one packet! Socket: 10.1.1.1 port: 49153 at time = 45.2023
--
45.3023 RSS 4.41361e-13
45.4 RSS 2.02986e-12
45.4023 RSS 4.46177e-13
--
Received one packet! Socket: 10.1.1.1 port: 49153 at time = 45.4023
--
45.5023 RSS 4.41361e-13
45.6 RSS 2.02986e-12
45.6023 RSS 4.46177e-13
--
Received one packet! Socket: 10.1.1.1 port: 49153 at time = 45.6023
--
45.7023 RSS 4.41361e-13
45.8 RSS 2.02986e-12
45.8023 RSS 4.46177e-13
--
Received one packet! Socket: 10.1.1.1 port: 49153 at time = 45.8023
--
45.9023 RSS 4.41361e-13
46 RSS 2.02986e-12
46.0023 RSS 4.46177e-13
--
Received one packet! Socket: 10.1.1.1 port: 49153 at time = 46.0023
--
46.1023 RSS 4.41361e-13
46.2 RSS 2.02986e-12
46.2023 RSS 4.46177e-13
--
Received one packet! Socket: 10.1.1.1 port: 49153 at time = 46.2023
--
46.3023 RSS 4.41361e-13
46.4 RSS 2.02986e-12
46.4023 RSS 4.46177e-13
--
Received one packet! Socket: 10.1.1.1 port: 49153 at time = 46.4023
--
46.5023 RSS 4.41361e-13
46.6 RSS 2.02986e-12
46.6023 RSS 4.46177e-13
--
Received one packet! Socket: 10.1.1.1 port: 49153 at time = 46.6023
--
46.7023 RSS 4.41361e-13
46.8 RSS 2.02986e-12
46.8023 RSS 4.46177e-13
--
Received one packet! Socket: 10.1.1.1 port: 49153 at time = 46.8023
--
46.9023 RSS 4.41361e-13
47 RSS 2.02986e-12
47.0023 RSS 4.46177e-13
--
Received one packet! Socket: 10.1.1.1 port: 49153 at time = 47.0023
--
47.1023 RSS 4.41361e-13
47.2 RSS 2.02986e-12
47.2023 RSS 4.46177e-13
--
Received one packet! Socket: 10.1.1.1 port: 49153 at time = 47.2023
--
47.3023 RSS 4.41361e-13
47.4 RSS 2.02986e-12
47.4023 RSS 4.46177e-13
--
Received one packet! Socket: 10.1.1.1 port: 49153 at time = 47.4023
--
47.5023 RSS 4.41361e-13
47.6 RSS 2.02986e-12
47.6023 RSS 4.46177e-13
--
Received one packet! Socket: 10.1.1.1 port: 49153 at time = 47.6023
--
47.7023 RSS 4.41361e-13
47.8 RSS 2.02986e-12
47.8023 RSS 4.46177e-13
--
Received one packet! Socket: 10.1.1.1 port: 49153 at time = 47.8023
--
47.9023 RSS 4.41361e-13
48 RSS 2.02986e-12
48.0023 RSS 4.46177e-13
--
Received one packet! Socket: 10.1.1.1 port: 49153 at time = 48.0023
--
48.1023 RSS 4.41361e-13
48.2 RSS 2.02986e-12
48.2023 RSS 4.46177e-13
--
Received one packet! Socket: 10.1.1.1 port: 49153 at time = 48.2023
--
48.3023 RSS 4.41361e-13
48.4 RSS 2.02986e-12
48.4023 RSS 4.46177e-13
--
Received one packet! Socket: 10.1.1.1 port: 49153 at time = 48.4023
--
48.5023 RSS 4.41361e-13
48.6 RSS 2.02986e-12
48.6023 RSS 4.46177e-13
--
Received one packet! Socket: 10.1.1.1 port: 49153 at time = 48.6023
--
48.7023 RSS 4.41361e-13
48.8 RSS 2.02986e-12
48.8023 RSS 4.46177e-13
--
Received one packet! Socket: 10.1.1.1 port: 49153 at time = 48.8023
--
48.9023 RSS 4.41361e-13
49 RSS 2.02986e-12
49.0023 RSS 4.46177e-13
--
Received one packet! Socket: 10.1.1.1 port: 49153 at time = 49.0023
--
49.1023 RSS 4.41361e-13
49.2 RSS 2.02986e-12
49.2023 RSS 4.46177e-13
--
Received one packet! Socket: 10.1.1.1 port: 49153 at time = 49.2023
--
49.3023 RSS 4.41361e-13
49.4 RSS 2.02986e-12
49.4023 RSS 4.46177e-13
--
Received one packet! Socket: 10.1.1.1 port: 49153 at time = 49.4023
--
49.5023 RSS 4.41361e-13
49.6 RSS 2.02986e-12
49.6023 RSS 4.46177e-13
--
Received one packet! Socket: 10.1.1.1 port: 49153 at time = 49.6023
--
49.7023 RSS 4.41361e-13
49.8 RSS 2.02986e-12
49.8023 RSS 4.46177e-13
--
Received one packet! Socket: 10.1.1.1 port: 49153 at time = 49.8023
--
49.9023 RSS 4.41361e-13
50 RSS 2.02986e-12
50.0023 RSS 4.46177e-13
--
Received one packet! Socket: 10.1.1.1 port: 49153 at time = 50.0023
--
50.1023 RSS 4.41361e-13
50.2 RSS 2.02986e-12
50.2023 RSS 4.46177e-13
--
Received one packet! Socket: 10.1.1.1 port: 49153 at time = 50.2023
--
50.3023 RSS 4.41361e-13
50.4 RSS 2.02986e-12
50.4023 RSS 4.46177e-13
--
Received one packet! Socket: 10.1.1.1 port: 49153 at time = 50.4023
--
50.5023 RSS 4.41361e-13
50.6 RSS 2.02986e-12
50.6023 RSS 4.46177e-13
--
Received one packet! Socket: 10.1.1.1 port: 49153 at time = 50.6023
--
50.7023 RSS 4.41361e-13
50.8 RSS 2.02986e-12
50.8023 RSS 4.46177e-13
--
Received one packet! Socket: 10.1.1.1 port: 49153 at time = 50.8023
--
50.9023 RSS 4.41361e-13
51 RSS 2.02986e-12
51.0023 RSS 4.46177e-13
--
Received one packet! Socket: 10.1.1.1 port: 49153 at time = 51.0023
--
51.1023 RSS 4.41361e-13
51.2 RSS 2.02986e-12
51.2023 RSS 4.46177e-13
--
Received one packet! Socket: 10.1.1.1 port: 49153 at time = 51.2023
--
51.3023 RSS 4.41361e-13
51.4 RSS 2.02986e-12
51.4023 RSS 4.46177e-13
--
Received one packet! Socket: 10.1.1.1 port: 49153 at time = 51.4023
--
51.5023 RSS 4.41361e-13
51.6 RSS 2.02986e-12
51.6023 RSS 4.46177e-13
--
Received one packet! Socket: 10.1.1.1 port: 49153 at time = 51.6023
--
51.7023 RSS 4.41361e-13
51.8 RSS 2.02986e-12
51.8023 RSS 4.46177e-13
--
Received one packet! Socket: 10.1.1.1 port: 49153 at time = 51.8023
--
51.9023 RSS 4.41361e-13
52 RSS 2.02986e-12
52.0023 RSS 4.46177e-13
--
Received one packet! Socket: 10.1.1.1 port: 49153 at time = 52.0023
--
52.1023 RSS 4.41361e-13
52.2 RSS 2.02986e-12
52.2023 RSS 4.46177e-13
--
Received one packet! Socket: 10.1.1.1 port: 49153 at time = 52.2023
--
52.3023 RSS 4.41361e-13
52.4 RSS 2.02986e-12
52.4023 RSS 4.46177e-13
--
Received one packet! Socket: 10.1.1.1 port: 49153 at time = 52.4023
--
52.5023 RSS 4.41361e-13
52.6 RSS 2.02986e-12
52.6023 RSS 4.46177e-13
--
Received one packet! Socket: 10.1.1.1 port: 49153 at time = 52.6023
--
52.7023 RSS 4.41361e-13
52.8 RSS 2.02986e-12
52.8023 RSS 4.46177e-13
--
Received one packet! Socket: 10.1.1.1 port: 49153 at time = 52.8023
--
52.9023 RSS 4.41361e-13
53 RSS 2.02986e-12
53.0023 RSS 4.46177e-13
--
Received one packet! Socket: 10.1.1.1 port: 49153 at time = 53.0023
--
53.1023 RSS 4.41361e-13
53.2 RSS 2.02986e-12
53.2023 RSS 4.46177e-13
--
Received one packet! Socket: 10.1.1.1 port: 49153 at time = 53.2023
--
53.3023 RSS 4.41361e-13
53.4 RSS 2.02986e-12
53.4023 RSS 4.46177e-13
--
Received one packet! Socket: 10.1.1.1 port: 49153 at time = 53.4023
--
53.5023 RSS 4.41361e-13
53.6 RSS 2.02986e-12
53.6023 RSS 4.46177e-13
--
Received one packet! Socket: 10.1.1.1 port: 49153 at time = 53.6023
--
53.7023 RSS 4.41361e-13
53.8 RSS 2.02986e-12
53.8023 RSS 4.46177e-13
--
Received one packet! Socket: 10.1.1.1 port: 49153 at time = 53.8023
--
53.9023 RSS 4.41361e-13
54 RSS 2.02986e-12
54.0023 RSS 4.46177e-13
--
Received one packet! Socket: 10.1.1.1 port: 49153 at time = 54.0023
--
54.1023 RSS 4.41361e-13
54.2 RSS 2.02986e-12
54.2023 RSS 4.46177e-13
--
Received one packet! Socket: 10.1.1.1 port: 49153 at time = 54.2023
--
54.3023 RSS 4.41361e-13
54.4 RSS 2.02986e-12
54.4023 RSS 4.46177e-13
--
Received one packet! Socket: 10.1.1.1 port: 49153 at time = 54.4023
--
54.5023 RSS 4.41361e-13
54.6 RSS 2.02986e-12
54.6023 RSS 4.46177e-13
--
Received one packet! Socket: 10.1.1.1 port: 49153 at time = 54.6023
--
54.7023 RSS 4.41361e-13
54.8 RSS 2.02986e-12
54.8023 RSS 4.46177e-13
--
Received one packet! Socket: 10.1.1.1 port: 49153 at time = 54.8023
--
54.9023 RSS 4.41361e-13
55 RSS 2.02986e-12
55.0023 RSS 4.46177e-13
--
Received one packet! Socket: 10.1.1.1 port: 49153 at time = 55.0023
--
55.1023 RSS 4.41361e-13
55.2 RSS 2.02986e-12
55.2023 RSS 4.46177e-13
--
Received one packet! Socket: 10.1.1.1 port: 49153 at time = 55.2023
--
55.3023 RSS 4.41361e-13
55.4 RSS 2.02986e-12
55.4023 RSS 4.46177e-13
--
Received one packet! Socket: 10.1.1.1 port: 49153 at time = 55.4023
--
55.5023 RSS 4.41361e-13
55.6 RSS 2.02986e-12
55.6023 RSS 4.46177e-13
--
Received one packet! Socket: 10.1.1.1 port: 49153 at time = 55.6023
--
55.7023 RSS 4.41361e-13
55.8 RSS 2.02986e-12
55.8023 RSS 4.46177e-13
--
Received one packet! Socket: 10.1.1.1 port: 49153 at time = 55.8023
--
55.9023 RSS 4.41361e-13
56 RSS 2.02986e-12
56.0023 RSS 4.46177e-13
--
Received one packet! Socket: 10.1.1.1 port: 49153 at time = 56.0023
--
56.1023 RSS 4.41361e-13
56.2 RSS 2.02986e-12
56.2023 RSS 4.46177e-13
--
Received one packet! Socket: 10.1.1.1 port: 49153 at time = 56.2023
--
56.3023 RSS 4.41361e-13
56.4 RSS 2.02986e-12
56.4023 RSS 4.46177e-13
--
Received one packet! Socket: 10.1.1.1 port: 49153 at time = 56.4023
--
56.5023 RSS 4.41361e-13
56.6 RSS 2.02986e-12
56.6023 RSS 4.46177e-13
--
Received one packet! Socket: 10.1.1.1 port: 49153 at time = 56.6023
--
56.7023 RSS 4.41361e-13
56.8 RSS 2.02986e-12
56.8023 RSS 4.46177e-13
--
Received one packet! Socket: 10.1.1.1 port: 49153 at time = 56.8023
--
56.9023 RSS 4.41361e-13
57 RSS 2.02986e-12
57.0023 RSS 4.46177e-13
--
Received one packet! Socket: 10.1.1.1 port: 49153 at time = 57.0023
--
57.1023 RSS 4.41361e-13
57.2 RSS 2.02986e-12
57.2023 RSS 4.46177e-13
--
Received one packet! Socket: 10.1.1.1 port: 49153 at time = 57.2023
--
57.3023 RSS 4.41361e-13
57.4 RSS 2.02986e-12
57.4023 RSS 4.46177e-13
--
Received one packet! Socket: 10.1.1.1 port: 49153 at time = 57.4023
--
57.5023 RSS 4.41361e-13
57.6 RSS 2.02986e-12
57.6023 RSS 4.46177e-13
--
Received one packet! Socket: 10.1.1.1 port: 49153 at time = 57.6023
--
57.7023 RSS 4.41361e-13
57.8 RSS 2.02986e-12
57.8023 RSS 4.46177e-13
--
Received one packet! Socket: 10.1.1.1 port: 49153 at time = 57.8023
--
57.9023 RSS 4.41361e-13
58 RSS 2.02986e-12
58.0023 RSS 4.46177e-13
--
Received one packet! Socket: 10.1.1.1 port: 49153 at time = 58.0023
--
58.1023 RSS 4.41361e-13
58.2 RSS 2.02986e-12
58.2023 RSS 4.46177e-13
--
Received one packet! Socket: 10.1.1.1 port: 49153 at time = 58.2023
--
58.3023 RSS 4.41361e-13
58.4 RSS 2.02986e-12
58.4023 RSS 4.46177e-13
--
Received one packet! Socket: 10.1.1.1 port: 49153 at time = 58.4023
--
58.5023 RSS 4.41361e-13
58.6 RSS 2.02986e-12
58.6023 RSS 4.46177e-13
--
Received one packet! Socket: 10.1.1.1 port: 49153 at time = 58.6023
--
58.7023 RSS 4.41361e-13
58.8 RSS 2.02986e-12
58.8023 RSS 4.46177e-13
--
Received one packet! Socket: 10.1.1.1 port: 49153 at time = 58.8023
--
58.9023 RSS 4.41361e-13
59 RSS 2.02986e-12
59.0023 RSS 4.46177e-13
--
Received one packet! Socket: 10.1.1.1 port: 49153 at time = 59.0023
--
59.1023 RSS 4.41361e-13
59.2 RSS 2.02986e-12
59.2023 RSS 4.46177e-13
--
Received one packet! Socket: 10.1.1.1 port: 49153 at time = 59.2023
--
59.3023 RSS 4.41361e-13
59.4 RSS 2.02986e-12
59.4023 RSS 4.46177e-13
--
Received one packet! Socket: 10.1.1.1 port: 49153 at time = 59.4023
--
59.5023 RSS 4.41361e-13
59.6 RSS 2.02986e-12
59.6023 RSS 4.46177e-13
--
Received one packet! Socket: 10.1.1.1 port: 49153 at time = 59.6023
--
59.7023 RSS 4.41361e-13
59.8 RSS 2.02986e-12
59.8023 RSS 4.46177e-13
--
Received one packet! Socket: 10.1.1.1 port: 49153 at time = 59.8023
--
59.9023 RSS 4.41361e-13
Actual PDR = 1
Actual RSS = 2.02986e-12
Actual Average Packet RSS = 2.03381e-12
