0 RSS 4.41361e-13
0.000571369 RSS 1.08196e-12
0.00287537 RSS 4.46497e-13
0.00287537 PRSS 1.08617e-12
--
Received one packet! Socket: 10.1.1.1 port: 49153 at time = 0.00287537
--
0.102875 RSS 4.41361e-13
0.500001 RSS 1.08196e-12
0.502305 RSS 4.46497e-13
--
Received one packet! Socket: 10.1.1.1 port: 49153 at time = 0.502305
--
0.602305 RSS 4.41361e-13
1 RSS 1.08196e-12
1.00231 RSS 4.46497e-13
--
Received one packet! Socket: 10.1.1.1 port: 49153 at time = 1.00231
--
1.10231 RSS 4.41361e-13
1.5 RSS 1.08196e-12
1.50231 RSS 4.46497e-13
--
Received one packet! Socket: 10.1.1.1 port: 49153 at time = 1.50231
--
1.60231 RSS 4.41361e-13
2 RSS 1.08196e-12
2.00231 RSS 4.46497e-13
--
Received one packet! Socket: 10.1.1.1 port: 49153 at time = 2.00231
--
2.10231 RSS 4.41361e-13
2.5 RSS 1.08196e-12
2.50231 RSS 4.46497e-13
--
Received one packet! Socket: 10.1.1.1 port: 49153 at time = 2.50231
--
2.60231 RSS 4.41361e-13
3 RSS 1.08196e-12
3.00231 RSS 4.46497e-13
--
Received one packet! Socket: 10.1.1.1 port: 49153 at time = 3.00231
--
3.10231 RSS 4.41361e-13
3.5 RSS 1.08196e-12
3.50231 RSS 4.46497e-13
--
Received one packet! Socket: 10.1.1.1 port: 49153 at time = 3.50231
--
3.60231 RSS 4.41361e-13
4 RSS 1.08196e-12
4.00231 RSS 4.46497e-13
--
Received one packet! Socket: 10.1.1.1 port: 49153 at time = 4.00231
--
4.10231 RSS 4.41361e-13
4.5 RSS 1.08196e-12
4.50231 RSS 4.46497e-13
--
Received one packet! Socket: 10.1.1.1 port: 49153 at time = 4.50231
--
4.60231 RSS 4.41361e-13
5 RSS 1.08196e-12
5.00231 RSS 4.46497e-13
--
Received one packet! Socket: 10.1.1.1 port: 49153 at time = 5.00231
--
5.10231 RSS 4.41361e-13
5.5 RSS 1.08196e-12
5.50231 RSS 4.46497e-13
--
Received one packet! Socket: 10.1.1.1 port: 49153 at time = 5.50231
--
5.60231 RSS 4.41361e-13
6 RSS 1.08196e-12
6.00231 RSS 4.46497e-13
--
Received one packet! Socket: 10.1.1.1 port: 49153 at time = 6.00231
--
6.10231 RSS 4.41361e-13
6.5 RSS 1.08196e-12
6.50231 RSS 4.46497e-13
--
Received one packet! Socket: 10.1.1.1 port: 49153 at time = 6.50231
--
6.60231 RSS 4.41361e-13
7 RSS 1.08196e-12
7.00231 RSS 4.46497e-13
--
Received one packet! Socket: 10.1.1.1 port: 49153 at time = 7.00231
--
7.10231 RSS 4.41361e-13
7.5 RSS 1.08196e-12
7.50231 RSS 4.46497e-13
--
Received one packet! Socket: 10.1.1.1 port: 49153 at time = 7.50231
--
7.60231 RSS 4.41361e-13
8 RSS 1.08196e-12
8.00231 RSS 4.46497e-13
--
Received one packet! Socket: 10.1.1.1 port: 49153 at time = 8.00231
--
8.10231 RSS 4.41361e-13
8.5 RSS 1.08196e-12
8.50231 RSS 4.46497e-13
--
Received one packet! Socket: 10.1.1.1 port: 49153 at time = 8.50231
--
8.60231 RSS 4.41361e-13
9 RSS 1.08196e-12
9.00231 RSS 4.46497e-13
--
Received one packet! Socket: 10.1.1.1 port: 49153 at time = 9.00231
--
9.10231 RSS 4.41361e-13
9.5 RSS 1.08196e-12
9.50231 RSS 4.46497e-13
--
Received one packet! Socket: 10.1.1.1 port: 49153 at time = 9.50231
--
9.60231 RSS 4.41361e-13
10 RSS 1.08196e-12
10.0023 RSS 4.46497e-13
--
Received one packet! Socket: 10.1.1.1 port: 49153 at time = 10.0023
--
10.1023 RSS 4.41361e-13
10.5 RSS 1.08196e-12
10.5023 RSS 4.46497e-13
--
Received one packet! Socket: 10.1.1.1 port: 49153 at time = 10.5023
--
10.6023 RSS 4.41361e-13
11 RSS 1.08196e-12
11.0023 RSS 4.46497e-13
--
Received one packet! Socket: 10.1.1.1 port: 49153 at time = 11.0023
--
11.1023 RSS 4.41361e-13
11.5 RSS 1.08196e-12
11.5023 RSS 4.46497e-13
--
Received one packet! Socket: 10.1.1.1 port: 49153 at time = 11.5023
--
11.6023 RSS 4.41361e-13
12 RSS 1.08196e-12
12.0023 RSS 4.46497e-13
--
Received one packet! Socket: 10.1.1.1 port: 49153 at time = 12.0023
--
12.1023 RSS 4.41361e-13
12.5 RSS 1.08196e-12
12.5023 RSS 4.46497e-13
--
Received one packet! Socket: 10.1.1.1 port: 49153 at time = 12.5023
--
12.6023 RSS 4.41361e-13
13 RSS 1.08196e-12
13.0023 RSS 4.46497e-13
--
Received one packet! Socket: 10.1.1.1 port: 49153 at time = 13.0023
--
13.1023 RSS 4.41361e-13
13.5 RSS 1.08196e-12
13.5023 RSS 4.46497e-13
--
Received one packet! Socket: 10.1.1.1 port: 49153 at time = 13.5023
--
13.6023 RSS 4.41361e-13
14 RSS 1.08196e-12
14.0023 RSS 4.46497e-13
--
Received one packet! Socket: 10.1.1.1 port: 49153 at time = 14.0023
--
14.1023 RSS 4.41361e-13
14.5 RSS 1.08196e-12
14.5023 RSS 4.46497e-13
--
Received one packet! Socket: 10.1.1.1 port: 49153 at time = 14.5023
--
14.6023 RSS 4.41361e-13
15 RSS 1.08196e-12
15.0023 RSS 4.46497e-13
--
Received one packet! Socket: 10.1.1.1 port: 49153 at time = 15.0023
--
15.1023 RSS 4.41361e-13
15.5 RSS 1.08196e-12
15.5023 RSS 4.46497e-13
--
Received one packet! Socket: 10.1.1.1 port: 49153 at time = 15.5023
--
15.6023 RSS 4.41361e-13
16 RSS 1.08196e-12
16.0023 RSS 4.46497e-13
--
Received one packet! Socket: 10.1.1.1 port: 49153 at time = 16.0023
--
16.1023 RSS 4.41361e-13
16.5 RSS 1.08196e-12
16.5023 RSS 4.46497e-13
--
Received one packet! Socket: 10.1.1.1 port: 49153 at time = 16.5023
--
16.6023 RSS 4.41361e-13
17 RSS 1.08196e-12
17.0023 RSS 4.46497e-13
--
Received one packet! Socket: 10.1.1.1 port: 49153 at time = 17.0023
--
17.1023 RSS 4.41361e-13
17.5 RSS 1.08196e-12
17.5023 RSS 4.46497e-13
--
Received one packet! Socket: 10.1.1.1 port: 49153 at time = 17.5023
--
17.6023 RSS 4.41361e-13
18 RSS 1.08196e-12
18.0023 RSS 4.46497e-13
--
Received one packet! Socket: 10.1.1.1 port: 49153 at time = 18.0023
--
18.1023 RSS 4.41361e-13
18.5 RSS 1.08196e-12
18.5023 RSS 4.46497e-13
--
Received one packet! Socket: 10.1.1.1 port: 49153 at time = 18.5023
--
18.6023 RSS 4.41361e-13
19 RSS 1.08196e-12
19.0023 RSS 4.46497e-13
--
Received one packet! Socket: 10.1.1.1 port: 49153 at time = 19.0023
--
19.1023 RSS 4.41361e-13
19.5 RSS 1.08196e-12
19.5023 RSS 4.46497e-13
--
Received one packet! Socket: 10.1.1.1 port: 49153 at time = 19.5023
--
19.6023 RSS 4.41361e-13
20 RSS 1.08196e-12
20.0023 RSS 4.46497e-13
--
Received one packet! Socket: 10.1.1.1 port: 49153 at time = 20.0023
--
20.1023 RSS 4.41361e-13
20.5 RSS 1.08196e-12
20.5023 RSS 4.46497e-13
--
Received one packet! Socket: 10.1.1.1 port: 49153 at time = 20.5023
--
20.6023 RSS 4.41361e-13
21 RSS 1.08196e-12
21.0023 RSS 4.46497e-13
--
Received one packet! Socket: 10.1.1.1 port: 49153 at time = 21.0023
--
21.1023 RSS 4.41361e-13
21.5 RSS 1.08196e-12
21.5023 RSS 4.46497e-13
--
Received one packet! Socket: 10.1.1.1 port: 49153 at time = 21.5023
--
21.6023 RSS 4.41361e-13
22 RSS 1.08196e-12
22.0023 RSS 4.46497e-13
--
Received one packet! Socket: 10.1.1.1 port: 49153 at time = 22.0023
--
22.1023 RSS 4.41361e-13
22.5 RSS 1.08196e-12
22.5023 RSS 4.46497e-13
--
Received one packet! Socket: 10.1.1.1 port: 49153 at time = 22.5023
--
22.6023 RSS 4.41361e-13
23 RSS 1.08196e-12
23.0023 RSS 4.46497e-13
--
Received one packet! Socket: 10.1.1.1 port: 49153 at time = 23.0023
--
23.1023 RSS 4.41361e-13
23.5 RSS 1.08196e-12
23.5023 RSS 4.46497e-13
--
Received one packet! Socket: 10.1.1.1 port: 49153 at time = 23.5023
--
23.6023 RSS 4.41361e-13
24 RSS 1.08196e-12
24.0023 RSS 4.46497e-13
--
Received one packet! Socket: 10.1.1.1 port: 49153 at time = 24.0023
--
24.1023 RSS 4.41361e-13
24.5 RSS 1.08196e-12
24.5023 RSS 4.46497e-13
--
Received one packet! Socket: 10.1.1.1 port: 49153 at time = 24.5023
--
24.6023 RSS 4.41361e-13
25 RSS 1.08196e-12
25.0023 RSS 4.46497e-13
--
Received one packet! Socket: 10.1.1.1 port: 49153 at time = 25.0023
--
25.1023 RSS 4.41361e-13
25.5 RSS 1.08196e-12
25.5023 RSS 4.46497e-13
--
Received one packet! Socket: 10.1.1.1 port: 49153 at time = 25.5023
--
25.6023 RSS 4.41361e-13
26 RSS 1.08196e-12
26.0023 RSS 4.46497e-13
--
Received one packet! Socket: 10.1.1.1 port: 49153 at time = 26.0023
--
26.1023 RSS 4.41361e-13
26.5 RSS 1.08196e-12
26.5023 RSS 4.46497e-13
--
Received one packet! Socket: 10.1.1.1 port: 49153 at time = 26.5023
--
26.6023 RSS 4.41361e-13
27 RSS 1.08196e-12
27.0023 RSS 4.46497e-13
--
Received one packet! Socket: 10.1.1.1 port: 49153 at time = 27.0023
--
27.1023 RSS 4.41361e-13
27.5 RSS 1.08196e-12
27.5023 RSS 4.46497e-13
--
Received one packet! Socket: 10.1.1.1 port: 49153 at time = 27.5023
--
27.6023 RSS 4.41361e-13
28 RSS 1.08196e-12
28.0023 RSS 4.46497e-13
--
Received one packet! Socket: 10.1.1.1 port: 49153 at time = 28.0023
--
28.1023 RSS 4.41361e-13
28.5 RSS 1.08196e-12
28.5023 RSS 4.46497e-13
--
Received one packet! Socket: 10.1.1.1 port: 49153 at time = 28.5023
--
28.6023 RSS 4.41361e-13
29 RSS 1.08196e-12
29.0023 RSS 4.46497e-13
--
Received one packet! Socket: 10.1.1.1 port: 49153 at time = 29.0023
--
29.1023 RSS 4.41361e-13
29.5 RSS 1.08196e-12
29.5023 RSS 4.46497e-13
--
Received one packet! Socket: 10.1.1.1 port: 49153 at time = 29.5023
--
29.6023 RSS 4.41361e-13
30 RSS 1.08196e-12
30.0023 RSS 4.46497e-13
--
Received one packet! Socket: 10.1.1.1 port: 49153 at time = 30.0023
--
30.1023 RSS 4.41361e-13
30.5 RSS 1.08196e-12
30.5023 RSS 4.46497e-13
--
Received one packet! Socket: 10.1.1.1 port: 49153 at time = 30.5023
--
30.6023 RSS 4.41361e-13
31 RSS 1.08196e-12
31.0023 RSS 4.46497e-13
--
Received one packet! Socket: 10.1.1.1 port: 49153 at time = 31.0023
--
31.1023 RSS 4.41361e-13
31.5 RSS 1.08196e-12
31.5023 RSS 4.46497e-13
--
Received one packet! Socket: 10.1.1.1 port: 49153 at time = 31.5023
--
31.6023 RSS 4.41361e-13
32 RSS 1.08196e-12
32.0023 RSS 4.46497e-13
--
Received one packet! Socket: 10.1.1.1 port: 49153 at time = 32.0023
--
32.1023 RSS 4.41361e-13
32.5 RSS 1.08196e-12
32.5023 RSS 4.46497e-13
--
Received one packet! Socket: 10.1.1.1 port: 49153 at time = 32.5023
--
32.6023 RSS 4.41361e-13
33 RSS 1.08196e-12
33.0023 RSS 4.46497e-13
--
Received one packet! Socket: 10.1.1.1 port: 49153 at time = 33.0023
--
33.1023 RSS 4.41361e-13
33.5 RSS 1.08196e-12
33.5023 RSS 4.46497e-13
--
Received one packet! Socket: 10.1.1.1 port: 49153 at time = 33.5023
--
33.6023 RSS 4.41361e-13
34 RSS 1.08196e-12
34.0023 RSS 4.46497e-13
--
Received one packet! Socket: 10.1.1.1 port: 49153 at time = 34.0023
--
34.1023 RSS 4.41361e-13
34.5 RSS 1.08196e-12
34.5023 RSS 4.46497e-13
--
Received one packet! Socket: 10.1.1.1 port: 49153 at time = 34.5023
--
34.6023 RSS 4.41361e-13
35 RSS 1.08196e-12
35.0023 RSS 4.46497e-13
--
Received one packet! Socket: 10.1.1.1 port: 49153 at time = 35.0023
--
35.1023 RSS 4.41361e-13
35.5 RSS 1.08196e-12
35.5023 RSS 4.46497e-13
--
Received one packet! Socket: 10.1.1.1 port: 49153 at time = 35.5023
--
35.6023 RSS 4.41361e-13
36 RSS 1.08196e-12
36.0023 RSS 4.46497e-13
--
Received one packet! Socket: 10.1.1.1 port: 49153 at time = 36.0023
--
36.1023 RSS 4.41361e-13
36.5 RSS 1.08196e-12
36.5023 RSS 4.46497e-13
--
Received one packet! Socket: 10.1.1.1 port: 49153 at time = 36.5023
--
36.6023 RSS 4.41361e-13
37 RSS 1.08196e-12
37.0023 RSS 4.46497e-13
--
Received one packet! Socket: 10.1.1.1 port: 49153 at time = 37.0023
--
37.1023 RSS 4.41361e-13
37.5 RSS 1.08196e-12
37.5023 RSS 4.46497e-13
--
Received one packet! Socket: 10.1.1.1 port: 49153 at time = 37.5023
--
37.6023 RSS 4.41361e-13
38 RSS 1.08196e-12
38.0023 RSS 4.46497e-13
--
Received one packet! Socket: 10.1.1.1 port: 49153 at time = 38.0023
--
38.1023 RSS 4.41361e-13
38.5 RSS 1.08196e-12
38.5023 RSS 4.46497e-13
--
Received one packet! Socket: 10.1.1.1 port: 49153 at time = 38.5023
--
38.6023 RSS 4.41361e-13
39 RSS 1.08196e-12
39.0023 RSS 4.46497e-13
--
Received one packet! Socket: 10.1.1.1 port: 49153 at time = 39.0023
--
39.1023 RSS 4.41361e-13
39.5 RSS 1.08196e-12
39.5023 RSS 4.46497e-13
--
Received one packet! Socket: 10.1.1.1 port: 49153 at time = 39.5023
--
39.6023 RSS 4.41361e-13
40 RSS 1.08196e-12
40.0023 RSS 4.46497e-13
--
Received one packet! Socket: 10.1.1.1 port: 49153 at time = 40.0023
--
40.1023 RSS 4.41361e-13
40.5 RSS 1.08196e-12
40.5023 RSS 4.46497e-13
--
Received one packet! Socket: 10.1.1.1 port: 49153 at time = 40.5023
--
40.6023 RSS 4.41361e-13
41 RSS 1.08196e-12
41.0023 RSS 4.46497e-13
--
Received one packet! Socket: 10.1.1.1 port: 49153 at time = 41.0023
--
41.1023 RSS 4.41361e-13
41.5 RSS 1.08196e-12
41.5023 RSS 4.46497e-13
--
Received one packet! Socket: 10.1.1.1 port: 49153 at time = 41.5023
--
41.6023 RSS 4.41361e-13
42 RSS 1.08196e-12
42.0023 RSS 4.46497e-13
--
Received one packet! Socket: 10.1.1.1 port: 49153 at time = 42.0023
--
42.1023 RSS 4.41361e-13
42.5 RSS 1.08196e-12
42.5023 RSS 4.46497e-13
--
Received one packet! Socket: 10.1.1.1 port: 49153 at time = 42.5023
--
42.6023 RSS 4.41361e-13
43 RSS 1.08196e-12
43.0023 RSS 4.46497e-13
--
Received one packet! Socket: 10.1.1.1 port: 49153 at time = 43.0023
--
43.1023 RSS 4.41361e-13
43.5 RSS 1.08196e-12
43.5023 RSS 4.46497e-13
--
Received one packet! Socket: 10.1.1.1 port: 49153 at time = 43.5023
--
43.6023 RSS 4.41361e-13
44 RSS 1.08196e-12
44.0023 RSS 4.46497e-13
--
Received one packet! Socket: 10.1.1.1 port: 49153 at time = 44.0023
--
44.1023 RSS 4.41361e-13
44.5 RSS 1.08196e-12
44.5023 RSS 4.46497e-13
--
Received one packet! Socket: 10.1.1.1 port: 49153 at time = 44.5023
--
44.6023 RSS 4.41361e-13
45 RSS 1.08196e-12
45.0023 RSS 4.46497e-13
--
Received one packet! Socket: 10.1.1.1 port: 49153 at time = 45.0023
--
45.1023 RSS 4.41361e-13
45.5 RSS 1.08196e-12
45.5023 RSS 4.46497e-13
--
Received one packet! Socket: 10.1.1.1 port: 49153 at time = 45.5023
--
45.6023 RSS 4.41361e-13
46 RSS 1.08196e-12
46.0023 RSS 4.46497e-13
--
Received one packet! Socket: 10.1.1.1 port: 49153 at time = 46.0023
--
46.1023 RSS 4.41361e-13
46.5 RSS 1.08196e-12
46.5023 RSS 4.46497e-13
--
Received one packet! Socket: 10.1.1.1 port: 49153 at time = 46.5023
--
46.6023 RSS 4.41361e-13
47 RSS 1.08196e-12
47.0023 RSS 4.46497e-13
--
Received one packet! Socket: 10.1.1.1 port: 49153 at time = 47.0023
--
47.1023 RSS 4.41361e-13
47.5 RSS 1.08196e-12
47.5023 RSS 4.46497e-13
--
Received one packet! Socket: 10.1.1.1 port: 49153 at time = 47.5023
--
47.6023 RSS 4.41361e-13
48 RSS 1.08196e-12
48.0023 RSS 4.46497e-13
--
Received one packet! Socket: 10.1.1.1 port: 49153 at time = 48.0023
--
48.1023 RSS 4.41361e-13
48.5 RSS 1.08196e-12
48.5023 RSS 4.46497e-13
--
Received one packet! Socket: 10.1.1.1 port: 49153 at time = 48.5023
--
48.6023 RSS 4.41361e-13
49 RSS 1.08196e-12
49.0023 RSS 4.46497e-13
--
Received one packet! Socket: 10.1.1.1 port: 49153 at time = 49.0023
--
49.1023 RSS 4.41361e-13
49.5 RSS 1.08196e-12
49.5023 RSS 4.46497e-13
--
Received one packet! Socket: 10.1.1.1 port: 49153 at time = 49.5023
--
49.6023 RSS 4.41361e-13
50 RSS 1.08196e-12
50.0023 RSS 4.46497e-13
--
Received one packet! Socket: 10.1.1.1 port: 49153 at time = 50.0023
--
50.1023 RSS 4.41361e-13
50.5 RSS 1.08196e-12
50.5023 RSS 4.46497e-13
--
Received one packet! Socket: 10.1.1.1 port: 49153 at time = 50.5023
--
50.6023 RSS 4.41361e-13
51 RSS 1.08196e-12
51.0023 RSS 4.46497e-13
--
Received one packet! Socket: 10.1.1.1 port: 49153 at time = 51.0023
--
51.1023 RSS 4.41361e-13
51.5 RSS 1.08196e-12
51.5023 RSS 4.46497e-13
--
Received one packet! Socket: 10.1.1.1 port: 49153 at time = 51.5023
--
51.6023 RSS 4.41361e-13
52 RSS 1.08196e-12
52.0023 RSS 4.46497e-13
--
Received one packet! Socket: 10.1.1.1 port: 49153 at time = 52.0023
--
52.1023 RSS 4.41361e-13
52.5 RSS 1.08196e-12
52.5023 RSS 4.46497e-13
--
Received one packet! Socket: 10.1.1.1 port: 49153 at time = 52.5023
--
52.6023 RSS 4.41361e-13
53 RSS 1.08196e-12
53.0023 RSS 4.46497e-13
--
Received one packet! Socket: 10.1.1.1 port: 49153 at time = 53.0023
--
53.1023 RSS 4.41361e-13
53.5 RSS 1.08196e-12
53.5023 RSS 4.46497e-13
--
Received one packet! Socket: 10.1.1.1 port: 49153 at time = 53.5023
--
53.6023 RSS 4.41361e-13
54 RSS 1.08196e-12
54.0023 RSS 4.46497e-13
--
Received one packet! Socket: 10.1.1.1 port: 49153 at time = 54.0023
--
54.1023 RSS 4.41361e-13
54.5 RSS 1.08196e-12
54.5023 RSS 4.46497e-13
--
Received one packet! Socket: 10.1.1.1 port: 49153 at time = 54.5023
--
54.6023 RSS 4.41361e-13
55 RSS 1.08196e-12
55.0023 RSS 4.46497e-13
--
Received one packet! Socket: 10.1.1.1 port: 49153 at time = 55.0023
--
55.1023 RSS 4.41361e-13
55.5 RSS 1.08196e-12
55.5023 RSS 4.46497e-13
--
Received one packet! Socket: 10.1.1.1 port: 49153 at time = 55.5023
--
55.6023 RSS 4.41361e-13
56 RSS 1.08196e-12
56.0023 RSS 4.46497e-13
--
Received one packet! Socket: 10.1.1.1 port: 49153 at time = 56.0023
--
56.1023 RSS 4.41361e-13
56.5 RSS 1.08196e-12
56.5023 RSS 4.46497e-13
--
Received one packet! Socket: 10.1.1.1 port: 49153 at time = 56.5023
--
56.6023 RSS 4.41361e-13
57 RSS 1.08196e-12
57.0023 RSS 4.46497e-13
--
Received one packet! Socket: 10.1.1.1 port: 49153 at time = 57.0023
--
57.1023 RSS 4.41361e-13
57.5 RSS 1.08196e-12
57.5023 RSS 4.46497e-13
--
Received one packet! Socket: 10.1.1.1 port: 49153 at time = 57.5023
--
57.6023 RSS 4.41361e-13
58 RSS 1.08196e-12
58.0023 RSS 4.46497e-13
--
Received one packet! Socket: 10.1.1.1 port: 49153 at time = 58.0023
--
58.1023 RSS 4.41361e-13
58.5 RSS 1.08196e-12
58.5023 RSS 4.46497e-13
--
Received one packet! Socket: 10.1.1.1 port: 49153 at time = 58.5023
--
58.6023 RSS 4.41361e-13
59 RSS 1.08196e-12
59.0023 RSS 4.46497e-13
--
Received one packet! Socket: 10.1.1.1 port: 49153 at time = 59.0023
--
59.1023 RSS 4.41361e-13
59.5 RSS 1.08196e-12
59.5023 RSS 4.46497e-13
--
Received one packet! Socket: 10.1.1.1 port: 49153 at time = 59.5023
--
59.6023 RSS 4.41361e-13
Actual PDR = 1
Actual RSS = 1.08196e-12
Actual Average Packet RSS = 1.08617e-12
