0 RSS 4.41361e-13
0.000572969 RSS 5.77667e-13
0.00287697 RSS 4.47767e-13
0.00287697 PRSS 5.82935e-13
--
Received one packet! Socket: 10.1.1.1 port: 49153 at time = 0.00287697
--
0.102877 RSS 4.41361e-13
1 RSS 5.77667e-13
1.00231 RSS 4.47767e-13
1.10231 RSS 4.41361e-13
2 RSS 5.77667e-13
2.00231 RSS 4.47767e-13
--
Received one packet! Socket: 10.1.1.1 port: 49153 at time = 2.00231
--
2.10231 RSS 4.41361e-13
3 RSS 5.77667e-13
3.00231 RSS 4.47767e-13
3.10231 RSS 4.41361e-13
4 RSS 5.77667e-13
4.00231 RSS 4.47767e-13
4.10231 RSS 4.41361e-13
5 RSS 5.77667e-13
5.00231 RSS 4.47767e-13
5.10231 RSS 4.41361e-13
6 RSS 5.77667e-13
6.00231 RSS 4.47767e-13
--
Received one packet! Socket: 10.1.1.1 port: 49153 at time = 6.00231
--
6.10231 RSS 4.41361e-13
7 RSS 5.77667e-13
7.00231 RSS 4.47767e-13
7.10231 RSS 4.41361e-13
8 RSS 5.77667e-13
8.00231 RSS 4.47767e-13
--
Received one packet! Socket: 10.1.1.1 port: 49153 at time = 8.00231
--
8.10231 RSS 4.41361e-13
9 RSS 5.77667e-13
9.00231 RSS 4.47767e-13
--
Received one packet! Socket: 10.1.1.1 port: 49153 at time = 9.00231
--
9.10231 RSS 4.41361e-13
10 RSS 5.77667e-13
10.0023 RSS 4.47767e-13
--
Received one packet! Socket: 10.1.1.1 port: 49153 at time = 10.0023
--
10.1023 RSS 4.41361e-13
11 RSS 5.77667e-13
11.0023 RSS 4.47767e-13
--
Received one packet! Socket: 10.1.1.1 port: 49153 at time = 11.0023
--
11.1023 RSS 4.41361e-13
12 RSS 5.77667e-13
12.0023 RSS 4.47767e-13
12.1023 RSS 4.41361e-13
13 RSS 5.77667e-13
13.0023 RSS 4.47767e-13
13.1023 RSS 4.41361e-13
14 RSS 5.77667e-13
14.0023 RSS 4.47767e-13
14.1023 RSS 4.41361e-13
15 RSS 5.77667e-13
15.0023 RSS 4.47767e-13
--
Received one packet! Socket: 10.1.1.1 port: 49153 at time = 15.0023
--
15.1023 RSS 4.41361e-13
16 RSS 5.77667e-13
16.0023 RSS 4.47767e-13
16.1023 RSS 4.41361e-13
17 RSS 5.77667e-13
17.0023 RSS 4.47767e-13
17.1023 RSS 4.41361e-13
18 RSS 5.77667e-13
18.0023 RSS 4.47767e-13
18.1023 RSS 4.41361e-13
19 RSS 5.77667e-13
19.0023 RSS 4.47767e-13
19.1023 RSS 4.41361e-13
20 RSS 5.77667e-13
20.0023 RSS 4.47767e-13
20.1023 RSS 4.41361e-13
21 RSS 5.77667e-13
21.0023 RSS 4.47767e-13
21.1023 RSS 4.41361e-13
22 RSS 5.77667e-13
22.0023 RSS 4.47767e-13
22.1023 RSS 4.41361e-13
23 RSS 5.77667e-13
23.0023 RSS 4.47767e-13
23.1023 RSS 4.41361e-13
24 RSS 5.77667e-13
24.0023 RSS 4.47767e-13
24.1023 RSS 4.41361e-13
25 RSS 5.77667e-13
25.0023 RSS 4.47767e-13
--
Received one packet! Socket: 10.1.1.1 port: 49153 at time = 25.0023
--
25.1023 RSS 4.41361e-13
26 RSS 5.77667e-13
26.0023 RSS 4.47767e-13
26.1023 RSS 4.41361e-13
27 RSS 5.77667e-13
27.0023 RSS 4.47767e-13
--
Received one packet! Socket: 10.1.1.1 port: 49153 at time = 27.0023
--
27.1023 RSS 4.41361e-13
28 RSS 5.77667e-13
28.0023 RSS 4.47767e-13
28.1023 RSS 4.41361e-13
29 RSS 5.77667e-13
29.0023 RSS 4.47767e-13
--
Received one packet! Socket: 10.1.1.1 port: 49153 at time = 29.0023
--
29.1023 RSS 4.41361e-13
30 RSS 5.77667e-13
30.0023 RSS 4.47767e-13
30.1023 RSS 4.41361e-13
31 RSS 5.77667e-13
31.0023 RSS 4.47767e-13
31.1023 RSS 4.41361e-13
32 RSS 5.77667e-13
32.0023 RSS 4.47767e-13
32.1023 RSS 4.41361e-13
33 RSS 5.77667e-13
33.0023 RSS 4.47767e-13
33.1023 RSS 4.41361e-13
34 RSS 5.77667e-13
34.0023 RSS 4.47767e-13
34.1023 RSS 4.41361e-13
35 RSS 5.77667e-13
35.0023 RSS 4.47767e-13
35.1023 RSS 4.41361e-13
36 RSS 5.77667e-13
36.0023 RSS 4.47767e-13
36.1023 RSS 4.41361e-13
37 RSS 5.77667e-13
37.0023 RSS 4.47767e-13
37.1023 RSS 4.41361e-13
38 RSS 5.77667e-13
38.0023 RSS 4.47767e-13
38.1023 RSS 4.41361e-13
39 RSS 5.77667e-13
39.0023 RSS 4.47767e-13
--
Received one packet! Socket: 10.1.1.1 port: 49153 at time = 39.0023
--
39.1023 RSS 4.41361e-13
40 RSS 5.77667e-13
40.0023 RSS 4.47767e-13
40.1023 RSS 4.41361e-13
41 RSS 5.77667e-13
41.0023 RSS 4.47767e-13
41.1023 RSS 4.41361e-13
42 RSS 5.77667e-13
42.0023 RSS 4.47767e-13
42.1023 RSS 4.41361e-13
43 RSS 5.77667e-13
43.0023 RSS 4.47767e-13
--
Received one packet! Socket: 10.1.1.1 port: 49153 at time = 43.0023
--
43.1023 RSS 4.41361e-13
44 RSS 5.77667e-13
44.0023 RSS 4.47767e-13
44.1023 RSS 4.41361e-13
45 RSS 5.77667e-13
45.0023 RSS 4.47767e-13
45.1023 RSS 4.41361e-13
46 RSS 5.77667e-13
46.0023 RSS 4.47767e-13
46.1023 RSS 4.41361e-13
47 RSS 5.77667e-13
47.0023 RSS 4.47767e-13
--
Received one packet! Socket: 10.1.1.1 port: 49153 at time = 47.0023
--
47.1023 RSS 4.41361e-13
48 RSS 5.77667e-13
48.0023 RSS 4.47767e-13
--
Received one packet! Socket: 10.1.1.1 port: 49153 at time = 48.0023
--
48.1023 RSS 4.41361e-13
49 RSS 5.77667e-13
49.0023 RSS 4.47767e-13
--
Received one packet! Socket: 10.1.1.1 port: 49153 at time = 49.0023
--
49.1023 RSS 4.41361e-13
50 RSS 5.77667e-13
50.0023 RSS 4.47767e-13
--
Received one packet! Socket: 10.1.1.1 port: 49153 at time = 50.0023
--
50.1023 RSS 4.41361e-13
51 RSS 5.77667e-13
51.0023 RSS 4.47767e-13
51.1023 RSS 4.41361e-13
52 RSS 5.77667e-13
52.0023 RSS 4.47767e-13
--
Received one packet! Socket: 10.1.1.1 port: 49153 at time = 52.0023
--
52.1023 RSS 4.41361e-13
53 RSS 5.77667e-13
53.0023 RSS 4.47767e-13
53.1023 RSS 4.41361e-13
54 RSS 5.77667e-13
54.0023 RSS 4.47767e-13
54.1023 RSS 4.41361e-13
55 RSS 5.77667e-13
55.0023 RSS 4.47767e-13
55.1023 RSS 4.41361e-13
56 RSS 5.77667e-13
56.0023 RSS 4.47767e-13
56.1023 RSS 4.41361e-13
57 RSS 5.77667e-13
57.0023 RSS 4.47767e-13
57.1023 RSS 4.41361e-13
58 RSS 5.77667e-13
58.0023 RSS 4.47767e-13
58.1023 RSS 4.41361e-13
59 RSS 5.77667e-13
59.0023 RSS 4.47767e-13
59.1023 RSS 4.41361e-13
Actual PDR = 0.25
Actual RSS = 5.77667e-13
Actual Average Packet RSS = 5.82935e-13
