0 RSS 4.41361e-13
0.000572069 RSS 7.2196e-13
0.00287607 RSS 4.47002e-13
0.00287607 PRSS 7.26594e-13
--
Received one packet! Socket: 10.1.1.1 port: 49153 at time = 0.00287607
--
0.100002 RSS 7.2196e-13
0.102306 RSS 4.47002e-13
--
Received one packet! Socket: 10.1.1.1 port: 49153 at time = 0.102306
--
0.200002 RSS 7.2196e-13
0.202306 RSS 4.47002e-13
--
Received one packet! Socket: 10.1.1.1 port: 49153 at time = 0.202306
--
0.300002 RSS 7.2196e-13
0.302306 RSS 4.47002e-13
--
Received one packet! Socket: 10.1.1.1 port: 49153 at time = 0.302306
--
0.400002 RSS 7.2196e-13
0.402306 RSS 4.47002e-13
--
Received one packet! Socket: 10.1.1.1 port: 49153 at time = 0.402306
--
0.500002 RSS 7.2196e-13
0.502306 RSS 4.47002e-13
--
Received one packet! Socket: 10.1.1.1 port: 49153 at time = 0.502306
--
0.600002 RSS 7.2196e-13
0.602306 RSS 4.47002e-13
--
Received one packet! Socket: 10.1.1.1 port: 49153 at time = 0.602306
--
0.700002 RSS 7.2196e-13
0.702306 RSS 4.47002e-13
--
Received one packet! Socket: 10.1.1.1 port: 49153 at time = 0.702306
--
0.800002 RSS 7.2196e-13
0.802306 RSS 4.47002e-13
--
Received one packet! Socket: 10.1.1.1 port: 49153 at time = 0.802306
--
0.900002 RSS 7.2196e-13
0.902306 RSS 4.47002e-13
--
Received one packet! Socket: 10.1.1.1 port: 49153 at time = 0.902306
--
1 RSS 7.2196e-13
1.00231 RSS 4.47002e-13
--
Received one packet! Socket: 10.1.1.1 port: 49153 at time = 1.00231
--
1.1 RSS 7.2196e-13
1.10231 RSS 4.47002e-13
--
Received one packet! Socket: 10.1.1.1 port: 49153 at time = 1.10231
--
1.2 RSS 7.2196e-13
1.20231 RSS 4.47002e-13
--
Received one packet! Socket: 10.1.1.1 port: 49153 at time = 1.20231
--
1.3 RSS 7.2196e-13
1.30231 RSS 4.47002e-13
--
Received one packet! Socket: 10.1.1.1 port: 49153 at time = 1.30231
--
1.4 RSS 7.2196e-13
1.40231 RSS 4.47002e-13
--
Received one packet! Socket: 10.1.1.1 port: 49153 at time = 1.40231
--
1.5 RSS 7.2196e-13
1.50231 RSS 4.47002e-13
--
Received one packet! Socket: 10.1.1.1 port: 49153 at time = 1.50231
--
1.6 RSS 7.2196e-13
1.60231 RSS 4.47002e-13
--
Received one packet! Socket: 10.1.1.1 port: 49153 at time = 1.60231
--
1.7 RSS 7.2196e-13
1.70231 RSS 4.47002e-13
--
Received one packet! Socket: 10.1.1.1 port: 49153 at time = 1.70231
--
1.8 RSS 7.2196e-13
1.80231 RSS 4.47002e-13
--
Received one packet! Socket: 10.1.1.1 port: 49153 at time = 1.80231
--
1.9 RSS 7.2196e-13
1.90231 RSS 4.47002e-13
--
Received one packet! Socket: 10.1.1.1 port: 49153 at time = 1.90231
--
2 RSS 7.2196e-13
2.00231 RSS 4.47002e-13
--
Received one packet! Socket: 10.1.1.1 port: 49153 at time = 2.00231
--
2.1 RSS 7.2196e-13
2.10231 RSS 4.47002e-13
--
Received one packet! Socket: 10.1.1.1 port: 49153 at time = 2.10231
--
2.2 RSS 7.2196e-13
2.20231 RSS 4.47002e-13
--
Received one packet! Socket: 10.1.1.1 port: 49153 at time = 2.20231
--
2.3 RSS 7.2196e-13
2.30231 RSS 4.47002e-13
--
Received one packet! Socket: 10.1.1.1 port: 49153 at time = 2.30231
--
2.4 RSS 7.2196e-13
2.40231 RSS 4.47002e-13
--
Received one packet! Socket: 10.1.1.1 port: 49153 at time = 2.40231
--
2.5 RSS 7.2196e-13
2.50231 RSS 4.47002e-13
--
Received one packet! Socket: 10.1.1.1 port: 49153 at time = 2.50231
--
2.6 RSS 7.2196e-13
2.60231 RSS 4.47002e-13
--
Received one packet! Socket: 10.1.1.1 port: 49153 at time = 2.60231
--
2.7 RSS 7.2196e-13
2.70231 RSS 4.47002e-13
--
Received one packet! Socket: 10.1.1.1 port: 49153 at time = 2.70231
--
2.8 RSS 7.2196e-13
2.80231 RSS 4.47002e-13
--
Received one packet! Socket: 10.1.1.1 port: 49153 at time = 2.80231
--
2.9 RSS 7.2196e-13
2.90231 RSS 4.47002e-13
--
Received one packet! Socket: 10.1.1.1 port: 49153 at time = 2.90231
--
3 RSS 7.2196e-13
3.00231 RSS 4.47002e-13
--
Received one packet! Socket: 10.1.1.1 port: 49153 at time = 3.00231
--
3.1 RSS 7.2196e-13
3.10231 RSS 4.47002e-13
--
Received one packet! Socket: 10.1.1.1 port: 49153 at time = 3.10231
--
3.2 RSS 7.2196e-13
3.20231 RSS 4.47002e-13
--
Received one packet! Socket: 10.1.1.1 port: 49153 at time = 3.20231
--
3.3 RSS 7.2196e-13
3.30231 RSS 4.47002e-13
--
Received one packet! Socket: 10.1.1.1 port: 49153 at time = 3.30231
--
3.4 RSS 7.2196e-13
3.40231 RSS 4.47002e-13
--
Received one packet! Socket: 10.1.1.1 port: 49153 at time = 3.40231
--
3.5 RSS 7.2196e-13
3.50231 RSS 4.47002e-13
--
Received one packet! Socket: 10.1.1.1 port: 49153 at time = 3.50231
--
3.6 RSS 7.2196e-13
3.60231 RSS 4.47002e-13
--
Received one packet! Socket: 10.1.1.1 port: 49153 at time = 3.60231
--
3.7 RSS 7.2196e-13
3.70231 RSS 4.47002e-13
--
Received one packet! Socket: 10.1.1.1 port: 49153 at time = 3.70231
--
3.8 RSS 7.2196e-13
3.80231 RSS 4.47002e-13
--
Received one packet! Socket: 10.1.1.1 port: 49153 at time = 3.80231
--
3.9 RSS 7.2196e-13
3.90231 RSS 4.47002e-13
--
Received one packet! Socket: 10.1.1.1 port: 49153 at time = 3.90231
--
4 RSS 7.2196e-13
4.00231 RSS 4.47002e-13
--
Received one packet! Socket: 10.1.1.1 port: 49153 at time = 4.00231
--
4.1 RSS 7.2196e-13
4.10231 RSS 4.47002e-13
--
Received one packet! Socket: 10.1.1.1 port: 49153 at time = 4.10231
--
4.2 RSS 7.2196e-13
4.20231 RSS 4.47002e-13
--
Received one packet! Socket: 10.1.1.1 port: 49153 at time = 4.20231
--
4.3 RSS 7.2196e-13
4.30231 RSS 4.47002e-13
--
Received one packet! Socket: 10.1.1.1 port: 49153 at time = 4.30231
--
4.4 RSS 7.2196e-13
4.40231 RSS 4.47002e-13
--
Received one packet! Socket: 10.1.1.1 port: 49153 at time = 4.40231
--
4.5 RSS 7.2196e-13
4.50231 RSS 4.47002e-13
--
Received one packet! Socket: 10.1.1.1 port: 49153 at time = 4.50231
--
4.6 RSS 7.2196e-13
4.60231 RSS 4.47002e-13
--
Received one packet! Socket: 10.1.1.1 port: 49153 at time = 4.60231
--
4.7 RSS 7.2196e-13
4.70231 RSS 4.47002e-13
--
Received one packet! Socket: 10.1.1.1 port: 49153 at time = 4.70231
--
4.8 RSS 7.2196e-13
4.80231 RSS 4.47002e-13
--
Received one packet! Socket: 10.1.1.1 port: 49153 at time = 4.80231
--
4.9 RSS 7.2196e-13
4.90231 RSS 4.47002e-13
--
Received one packet! Socket: 10.1.1.1 port: 49153 at time = 4.90231
--
5 RSS 7.2196e-13
5.00231 RSS 4.47002e-13
--
Received one packet! Socket: 10.1.1.1 port: 49153 at time = 5.00231
--
5.1 RSS 7.2196e-13
5.10231 RSS 4.47002e-13
--
Received one packet! Socket: 10.1.1.1 port: 49153 at time = 5.10231
--
5.2 RSS 7.2196e-13
5.20231 RSS 4.47002e-13
--
Received one packet! Socket: 10.1.1.1 port: 49153 at time = 5.20231
--
5.3 RSS 7.2196e-13
5.30231 RSS 4.47002e-13
--
Received one packet! Socket: 10.1.1.1 port: 49153 at time = 5.30231
--
5.4 RSS 7.2196e-13
5.40231 RSS 4.47002e-13
--
Received one packet! Socket: 10.1.1.1 port: 49153 at time = 5.40231
--
5.5 RSS 7.2196e-13
5.50231 RSS 4.47002e-13
--
Received one packet! Socket: 10.1.1.1 port: 49153 at time = 5.50231
--
5.6 RSS 7.2196e-13
5.60231 RSS 4.47002e-13
--
Received one packet! Socket: 10.1.1.1 port: 49153 at time = 5.60231
--
5.7 RSS 7.2196e-13
5.70231 RSS 4.47002e-13
--
Received one packet! Socket: 10.1.1.1 port: 49153 at time = 5.70231
--
5.8 RSS 7.2196e-13
5.80231 RSS 4.47002e-13
--
Received one packet! Socket: 10.1.1.1 port: 49153 at time = 5.80231
--
5.9 RSS 7.2196e-13
5.90231 RSS 4.47002e-13
--
Received one packet! Socket: 10.1.1.1 port: 49153 at time = 5.90231
--
6 RSS 7.2196e-13
6.00231 RSS 4.47002e-13
--
Received one packet! Socket: 10.1.1.1 port: 49153 at time = 6.00231
--
6.1 RSS 7.2196e-13
6.10231 RSS 4.47002e-13
--
Received one packet! Socket: 10.1.1.1 port: 49153 at time = 6.10231
--
6.2 RSS 7.2196e-13
6.20231 RSS 4.47002e-13
--
Received one packet! Socket: 10.1.1.1 port: 49153 at time = 6.20231
--
6.3 RSS 7.2196e-13
6.30231 RSS 4.47002e-13
--
Received one packet! Socket: 10.1.1.1 port: 49153 at time = 6.30231
--
6.4 RSS 7.2196e-13
6.40231 RSS 4.47002e-13
--
Received one packet! Socket: 10.1.1.1 port: 49153 at time = 6.40231
--
6.5 RSS 7.2196e-13
6.50231 RSS 4.47002e-13
--
Received one packet! Socket: 10.1.1.1 port: 49153 at time = 6.50231
--
6.6 RSS 7.2196e-13
6.60231 RSS 4.47002e-13
--
Received one packet! Socket: 10.1.1.1 port: 49153 at time = 6.60231
--
6.7 RSS 7.2196e-13
6.70231 RSS 4.47002e-13
--
Received one packet! Socket: 10.1.1.1 port: 49153 at time = 6.70231
--
6.8 RSS 7.2196e-13
6.80231 RSS 4.47002e-13
--
Received one packet! Socket: 10.1.1.1 port: 49153 at time = 6.80231
--
6.9 RSS 7.2196e-13
6.90231 RSS 4.47002e-13
--
Received one packet! Socket: 10.1.1.1 port: 49153 at time = 6.90231
--
7 RSS 7.2196e-13
7.00231 RSS 4.47002e-13
--
Received one packet! Socket: 10.1.1.1 port: 49153 at time = 7.00231
--
7.1 RSS 7.2196e-13
7.10231 RSS 4.47002e-13
--
Received one packet! Socket: 10.1.1.1 port: 49153 at time = 7.10231
--
7.2 RSS 7.2196e-13
7.20231 RSS 4.47002e-13
--
Received one packet! Socket: 10.1.1.1 port: 49153 at time = 7.20231
--
7.3 RSS 7.2196e-13
7.30231 RSS 4.47002e-13
--
Received one packet! Socket: 10.1.1.1 port: 49153 at time = 7.30231
--
7.4 RSS 7.2196e-13
7.40231 RSS 4.47002e-13
--
Received one packet! Socket: 10.1.1.1 port: 49153 at time = 7.40231
--
7.5 RSS 7.2196e-13
7.50231 RSS 4.47002e-13
--
Received one packet! Socket: 10.1.1.1 port: 49153 at time = 7.50231
--
7.6 RSS 7.2196e-13
7.60231 RSS 4.47002e-13
--
Received one packet! Socket: 10.1.1.1 port: 49153 at time = 7.60231
--
7.7 RSS 7.2196e-13
7.70231 RSS 4.47002e-13
--
Received one packet! Socket: 10.1.1.1 port: 49153 at time = 7.70231
--
7.8 RSS 7.2196e-13
7.80231 RSS 4.47002e-13
--
Received one packet! Socket: 10.1.1.1 port: 49153 at time = 7.80231
--
7.9 RSS 7.2196e-13
7.90231 RSS 4.47002e-13
--
Received one packet! Socket: 10.1.1.1 port: 49153 at time = 7.90231
--
8 RSS 7.2196e-13
8.00231 RSS 4.47002e-13
--
Received one packet! Socket: 10.1.1.1 port: 49153 at time = 8.00231
--
8.1 RSS 7.2196e-13
8.10231 RSS 4.47002e-13
--
Received one packet! Socket: 10.1.1.1 port: 49153 at time = 8.10231
--
8.2 RSS 7.2196e-13
8.20231 RSS 4.47002e-13
--
Received one packet! Socket: 10.1.1.1 port: 49153 at time = 8.20231
--
8.3 RSS 7.2196e-13
8.30231 RSS 4.47002e-13
--
Received one packet! Socket: 10.1.1.1 port: 49153 at time = 8.30231
--
8.4 RSS 7.2196e-13
8.40231 RSS 4.47002e-13
--
Received one packet! Socket: 10.1.1.1 port: 49153 at time = 8.40231
--
8.5 RSS 7.2196e-13
8.50231 RSS 4.47002e-13
--
Received one packet! Socket: 10.1.1.1 port: 49153 at time = 8.50231
--
8.6 RSS 7.2196e-13
8.60231 RSS 4.47002e-13
--
Received one packet! Socket: 10.1.1.1 port: 49153 at time = 8.60231
--
8.7 RSS 7.2196e-13
8.70231 RSS 4.47002e-13
--
Received one packet! Socket: 10.1.1.1 port: 49153 at time = 8.70231
--
8.8 RSS 7.2196e-13
8.80231 RSS 4.47002e-13
--
Received one packet! Socket: 10.1.1.1 port: 49153 at time = 8.80231
--
8.9 RSS 7.2196e-13
8.90231 RSS 4.47002e-13
--
Received one packet! Socket: 10.1.1.1 port: 49153 at time = 8.90231
--
9 RSS 7.2196e-13
9.00231 RSS 4.47002e-13
--
Received one packet! Socket: 10.1.1.1 port: 49153 at time = 9.00231
--
9.1 RSS 7.2196e-13
9.10231 RSS 4.47002e-13
--
Received one packet! Socket: 10.1.1.1 port: 49153 at time = 9.10231
--
9.2 RSS 7.2196e-13
9.20231 RSS 4.47002e-13
--
Received one packet! Socket: 10.1.1.1 port: 49153 at time = 9.20231
--
9.3 RSS 7.2196e-13
9.30231 RSS 4.47002e-13
--
Received one packet! Socket: 10.1.1.1 port: 49153 at time = 9.30231
--
9.4 RSS 7.2196e-13
9.40231 RSS 4.47002e-13
--
Received one packet! Socket: 10.1.1.1 port: 49153 at time = 9.40231
--
9.5 RSS 7.2196e-13
9.50231 RSS 4.47002e-13
--
Received one packet! Socket: 10.1.1.1 port: 49153 at time = 9.50231
--
9.6 RSS 7.2196e-13
9.60231 RSS 4.47002e-13
--
Received one packet! Socket: 10.1.1.1 port: 49153 at time = 9.60231
--
9.7 RSS 7.2196e-13
9.70231 RSS 4.47002e-13
--
Received one packet! Socket: 10.1.1.1 port: 49153 at time = 9.70231
--
9.8 RSS 7.2196e-13
9.80231 RSS 4.47002e-13
--
Received one packet! Socket: 10.1.1.1 port: 49153 at time = 9.80231
--
9.9 RSS 7.2196e-13
9.90231 RSS 4.47002e-13
--
Received one packet! Socket: 10.1.1.1 port: 49153 at time = 9.90231
--
10 RSS 7.2196e-13
10.0023 RSS 4.47002e-13
--
Received one packet! Socket: 10.1.1.1 port: 49153 at time = 10.0023
--
10.1 RSS 7.2196e-13
10.1023 RSS 4.47002e-13
--
Received one packet! Socket: 10.1.1.1 port: 49153 at time = 10.1023
--
10.2 RSS 7.2196e-13
10.2023 RSS 4.47002e-13
--
Received one packet! Socket: 10.1.1.1 port: 49153 at time = 10.2023
--
10.3 RSS 7.2196e-13
10.3023 RSS 4.47002e-13
--
Received one packet! Socket: 10.1.1.1 port: 49153 at time = 10.3023
--
10.4 RSS 7.2196e-13
10.4023 RSS 4.47002e-13
--
Received one packet! Socket: 10.1.1.1 port: 49153 at time = 10.4023
--
10.5 RSS 7.2196e-13
10.5023 RSS 4.47002e-13
--
Received one packet! Socket: 10.1.1.1 port: 49153 at time = 10.5023
--
10.6 RSS 7.2196e-13
10.6023 RSS 4.47002e-13
--
Received one packet! Socket: 10.1.1.1 port: 49153 at time = 10.6023
--
10.7 RSS 7.2196e-13
10.7023 RSS 4.47002e-13
--
Received one packet! Socket: 10.1.1.1 port: 49153 at time = 10.7023
--
10.8 RSS 7.2196e-13
10.8023 RSS 4.47002e-13
--
Received one packet! Socket: 10.1.1.1 port: 49153 at time = 10.8023
--
10.9 RSS 7.2196e-13
10.9023 RSS 4.47002e-13
--
Received one packet! Socket: 10.1.1.1 port: 49153 at time = 10.9023
--
11 RSS 7.2196e-13
11.0023 RSS 4.47002e-13
--
Received one packet! Socket: 10.1.1.1 port: 49153 at time = 11.0023
--
11.1 RSS 7.2196e-13
11.1023 RSS 4.47002e-13
--
Received one packet! Socket: 10.1.1.1 port: 49153 at time = 11.1023
--
11.2 RSS 7.2196e-13
11.2023 RSS 4.47002e-13
--
Received one packet! Socket: 10.1.1.1 port: 49153 at time = 11.2023
--
11.3 RSS 7.2196e-13
11.3023 RSS 4.47002e-13
--
Received one packet! Socket: 10.1.1.1 port: 49153 at time = 11.3023
--
11.4 RSS 7.2196e-13
11.4023 RSS 4.47002e-13
--
Received one packet! Socket: 10.1.1.1 port: 49153 at time = 11.4023
--
11.5 RSS 7.2196e-13
11.5023 RSS 4.47002e-13
--
Received one packet! Socket: 10.1.1.1 port: 49153 at time = 11.5023
--
11.6 RSS 7.2196e-13
11.6023 RSS 4.47002e-13
--
Received one packet! Socket: 10.1.1.1 port: 49153 at time = 11.6023
--
11.7 RSS 7.2196e-13
11.7023 RSS 4.47002e-13
--
Received one packet! Socket: 10.1.1.1 port: 49153 at time = 11.7023
--
11.8 RSS 7.2196e-13
11.8023 RSS 4.47002e-13
--
Received one packet! Socket: 10.1.1.1 port: 49153 at time = 11.8023
--
11.9 RSS 7.2196e-13
11.9023 RSS 4.47002e-13
--
Received one packet! Socket: 10.1.1.1 port: 49153 at time = 11.9023
--
12 RSS 7.2196e-13
12.0023 RSS 4.47002e-13
--
Received one packet! Socket: 10.1.1.1 port: 49153 at time = 12.0023
--
12.1 RSS 7.2196e-13
12.1023 RSS 4.47002e-13
--
Received one packet! Socket: 10.1.1.1 port: 49153 at time = 12.1023
--
12.2 RSS 7.2196e-13
12.2023 RSS 4.47002e-13
--
Received one packet! Socket: 10.1.1.1 port: 49153 at time = 12.2023
--
12.3 RSS 7.2196e-13
12.3023 RSS 4.47002e-13
--
Received one packet! Socket: 10.1.1.1 port: 49153 at time = 12.3023
--
12.4 RSS 7.2196e-13
12.4023 RSS 4.47002e-13
--
Received one packet! Socket: 10.1.1.1 port: 49153 at time = 12.4023
--
12.5 RSS 7.2196e-13
12.5023 RSS 4.47002e-13
--
Received one packet! Socket: 10.1.1.1 port: 49153 at time = 12.5023
--
12.6 RSS 7.2196e-13
12.6023 RSS 4.47002e-13
--
Received one packet! Socket: 10.1.1.1 port: 49153 at time = 12.6023
--
12.7 RSS 7.2196e-13
12.7023 RSS 4.47002e-13
--
Received one packet! Socket: 10.1.1.1 port: 49153 at time = 12.7023
--
12.8 RSS 7.2196e-13
12.8023 RSS 4.47002e-13
--
Received one packet! Socket: 10.1.1.1 port: 49153 at time = 12.8023
--
12.9 RSS 7.2196e-13
12.9023 RSS 4.47002e-13
--
Received one packet! Socket: 10.1.1.1 port: 49153 at time = 12.9023
--
13 RSS 7.2196e-13
13.0023 RSS 4.47002e-13
--
Received one packet! Socket: 10.1.1.1 port: 49153 at time = 13.0023
--
13.1 RSS 7.2196e-13
13.1023 RSS 4.47002e-13
--
Received one packet! Socket: 10.1.1.1 port: 49153 at time = 13.1023
--
13.2 RSS 7.2196e-13
13.2023 RSS 4.47002e-13
--
Received one packet! Socket: 10.1.1.1 port: 49153 at time = 13.2023
--
13.3 RSS 7.2196e-13
13.3023 RSS 4.47002e-13
--
Received one packet! Socket: 10.1.1.1 port: 49153 at time = 13.3023
--
13.4 RSS 7.2196e-13
13.4023 RSS 4.47002e-13
--
Received one packet! Socket: 10.1.1.1 port: 49153 at time = 13.4023
--
13.5 RSS 7.2196e-13
13.5023 RSS 4.47002e-13
--
Received one packet! Socket: 10.1.1.1 port: 49153 at time = 13.5023
--
13.6 RSS 7.2196e-13
13.6023 RSS 4.47002e-13
--
Received one packet! Socket: 10.1.1.1 port: 49153 at time = 13.6023
--
13.7 RSS 7.2196e-13
13.7023 RSS 4.47002e-13
--
Received one packet! Socket: 10.1.1.1 port: 49153 at time = 13.7023
--
13.8 RSS 7.2196e-13
13.8023 RSS 4.47002e-13
--
Received one packet! Socket: 10.1.1.1 port: 49153 at time = 13.8023
--
13.9 RSS 7.2196e-13
13.9023 RSS 4.47002e-13
--
Received one packet! Socket: 10.1.1.1 port: 49153 at time = 13.9023
--
14 RSS 7.2196e-13
14.0023 RSS 4.47002e-13
--
Received one packet! Socket: 10.1.1.1 port: 49153 at time = 14.0023
--
14.1 RSS 7.2196e-13
14.1023 RSS 4.47002e-13
--
Received one packet! Socket: 10.1.1.1 port: 49153 at time = 14.1023
--
14.2 RSS 7.2196e-13
14.2023 RSS 4.47002e-13
--
Received one packet! Socket: 10.1.1.1 port: 49153 at time = 14.2023
--
14.3 RSS 7.2196e-13
14.3023 RSS 4.47002e-13
--
Received one packet! Socket: 10.1.1.1 port: 49153 at time = 14.3023
--
14.4 RSS 7.2196e-13
14.4023 RSS 4.47002e-13
--
Received one packet! Socket: 10.1.1.1 port: 49153 at time = 14.4023
--
14.5 RSS 7.2196e-13
14.5023 RSS 4.47002e-13
--
Received one packet! Socket: 10.1.1.1 port: 49153 at time = 14.5023
--
14.6 RSS 7.2196e-13
14.6023 RSS 4.47002e-13
--
Received one packet! Socket: 10.1.1.1 port: 49153 at time = 14.6023
--
14.7 RSS 7.2196e-13
14.7023 RSS 4.47002e-13
--
Received one packet! Socket: 10.1.1.1 port: 49153 at time = 14.7023
--
14.8 RSS 7.2196e-13
14.8023 RSS 4.47002e-13
--
Received one packet! Socket: 10.1.1.1 port: 49153 at time = 14.8023
--
14.9 RSS 7.2196e-13
14.9023 RSS 4.47002e-13
--
Received one packet! Socket: 10.1.1.1 port: 49153 at time = 14.9023
--
15 RSS 7.2196e-13
15.0023 RSS 4.47002e-13
15.1 RSS 7.2196e-13
15.1023 RSS 4.47002e-13
--
Received one packet! Socket: 10.1.1.1 port: 49153 at time = 15.1023
--
15.2 RSS 7.2196e-13
15.2023 RSS 4.47002e-13
--
Received one packet! Socket: 10.1.1.1 port: 49153 at time = 15.2023
--
15.3 RSS 7.2196e-13
15.3023 RSS 4.47002e-13
--
Received one packet! Socket: 10.1.1.1 port: 49153 at time = 15.3023
--
15.4 RSS 7.2196e-13
15.4023 RSS 4.47002e-13
--
Received one packet! Socket: 10.1.1.1 port: 49153 at time = 15.4023
--
15.5 RSS 7.2196e-13
15.5023 RSS 4.47002e-13
--
Received one packet! Socket: 10.1.1.1 port: 49153 at time = 15.5023
--
15.6 RSS 7.2196e-13
15.6023 RSS 4.47002e-13
--
Received one packet! Socket: 10.1.1.1 port: 49153 at time = 15.6023
--
15.7 RSS 7.2196e-13
15.7023 RSS 4.47002e-13
--
Received one packet! Socket: 10.1.1.1 port: 49153 at time = 15.7023
--
15.8 RSS 7.2196e-13
15.8023 RSS 4.47002e-13
--
Received one packet! Socket: 10.1.1.1 port: 49153 at time = 15.8023
--
15.9 RSS 7.2196e-13
15.9023 RSS 4.47002e-13
--
Received one packet! Socket: 10.1.1.1 port: 49153 at time = 15.9023
--
16 RSS 7.2196e-13
16.0023 RSS 4.47002e-13
--
Received one packet! Socket: 10.1.1.1 port: 49153 at time = 16.0023
--
16.1 RSS 7.2196e-13
16.1023 RSS 4.47002e-13
--
Received one packet! Socket: 10.1.1.1 port: 49153 at time = 16.1023
--
16.2 RSS 7.2196e-13
16.2023 RSS 4.47002e-13
--
Received one packet! Socket: 10.1.1.1 port: 49153 at time = 16.2023
--
16.3 RSS 7.2196e-13
16.3023 RSS 4.47002e-13
--
Received one packet! Socket: 10.1.1.1 port: 49153 at time = 16.3023
--
16.4 RSS 7.2196e-13
16.4023 RSS 4.47002e-13
--
Received one packet! Socket: 10.1.1.1 port: 49153 at time = 16.4023
--
16.5 RSS 7.2196e-13
16.5023 RSS 4.47002e-13
--
Received one packet! Socket: 10.1.1.1 port: 49153 at time = 16.5023
--
16.6 RSS 7.2196e-13
16.6023 RSS 4.47002e-13
--
Received one packet! Socket: 10.1.1.1 port: 49153 at time = 16.6023
--
16.7 RSS 7.2196e-13
16.7023 RSS 4.47002e-13
--
Received one packet! Socket: 10.1.1.1 port: 49153 at time = 16.7023
--
16.8 RSS 7.2196e-13
16.8023 RSS 4.47002e-13
--
Received one packet! Socket: 10.1.1.1 port: 49153 at time = 16.8023
--
16.9 RSS 7.2196e-13
16.9023 RSS 4.47002e-13
--
Received one packet! Socket: 10.1.1.1 port: 49153 at time = 16.9023
--
17 RSS 7.2196e-13
17.0023 RSS 4.47002e-13
--
Received one packet! Socket: 10.1.1.1 port: 49153 at time = 17.0023
--
17.1 RSS 7.2196e-13
17.1023 RSS 4.47002e-13
--
Received one packet! Socket: 10.1.1.1 port: 49153 at time = 17.1023
--
17.2 RSS 7.2196e-13
17.2023 RSS 4.47002e-13
--
Received one packet! Socket: 10.1.1.1 port: 49153 at time = 17.2023
--
17.3 RSS 7.2196e-13
17.3023 RSS 4.47002e-13
--
Received one packet! Socket: 10.1.1.1 port: 49153 at time = 17.3023
--
17.4 RSS 7.2196e-13
17.4023 RSS 4.47002e-13
--
Received one packet! Socket: 10.1.1.1 port: 49153 at time = 17.4023
--
17.5 RSS 7.2196e-13
17.5023 RSS 4.47002e-13
--
Received one packet! Socket: 10.1.1.1 port: 49153 at time = 17.5023
--
17.6 RSS 7.2196e-13
17.6023 RSS 4.47002e-13
--
Received one packet! Socket: 10.1.1.1 port: 49153 at time = 17.6023
--
17.7 RSS 7.2196e-13
17.7023 RSS 4.47002e-13
--
Received one packet! Socket: 10.1.1.1 port: 49153 at time = 17.7023
--
17.8 RSS 7.2196e-13
17.8023 RSS 4.47002e-13
--
Received one packet! Socket: 10.1.1.1 port: 49153 at time = 17.8023
--
17.9 RSS 7.2196e-13
17.9023 RSS 4.47002e-13
--
Received one packet! Socket: 10.1.1.1 port: 49153 at time = 17.9023
--
18 RSS 7.2196e-13
18.0023 RSS 4.47002e-13
--
Received one packet! Socket: 10.1.1.1 port: 49153 at time = 18.0023
--
18.1 RSS 7.2196e-13
18.1023 RSS 4.47002e-13
--
Received one packet! Socket: 10.1.1.1 port: 49153 at time = 18.1023
--
18.2 RSS 7.2196e-13
18.2023 RSS 4.47002e-13
--
Received one packet! Socket: 10.1.1.1 port: 49153 at time = 18.2023
--
18.3 RSS 7.2196e-13
18.3023 RSS 4.47002e-13
--
Received one packet! Socket: 10.1.1.1 port: 49153 at time = 18.3023
--
18.4 RSS 7.2196e-13
18.4023 RSS 4.47002e-13
--
Received one packet! Socket: 10.1.1.1 port: 49153 at time = 18.4023
--
18.5 RSS 7.2196e-13
18.5023 RSS 4.47002e-13
--
Received one packet! Socket: 10.1.1.1 port: 49153 at time = 18.5023
--
18.6 RSS 7.2196e-13
18.6023 RSS 4.47002e-13
--
Received one packet! Socket: 10.1.1.1 port: 49153 at time = 18.6023
--
18.7 RSS 7.2196e-13
18.7023 RSS 4.47002e-13
--
Received one packet! Socket: 10.1.1.1 port: 49153 at time = 18.7023
--
18.8 RSS 7.2196e-13
18.8023 RSS 4.47002e-13
--
Received one packet! Socket: 10.1.1.1 port: 49153 at time = 18.8023
--
18.9 RSS 7.2196e-13
18.9023 RSS 4.47002e-13
--
Received one packet! Socket: 10.1.1.1 port: 49153 at time = 18.9023
--
19 RSS 7.2196e-13
19.0023 RSS 4.47002e-13
--
Received one packet! Socket: 10.1.1.1 port: 49153 at time = 19.0023
--
19.1 RSS 7.2196e-13
19.1023 RSS 4.47002e-13
--
Received one packet! Socket: 10.1.1.1 port: 49153 at time = 19.1023
--
19.2 RSS 7.2196e-13
19.2023 RSS 4.47002e-13
--
Received one packet! Socket: 10.1.1.1 port: 49153 at time = 19.2023
--
19.3 RSS 7.2196e-13
19.3023 RSS 4.47002e-13
--
Received one packet! Socket: 10.1.1.1 port: 49153 at time = 19.3023
--
19.4 RSS 7.2196e-13
19.4023 RSS 4.47002e-13
--
Received one packet! Socket: 10.1.1.1 port: 49153 at time = 19.4023
--
19.5 RSS 7.2196e-13
19.5023 RSS 4.47002e-13
--
Received one packet! Socket: 10.1.1.1 port: 49153 at time = 19.5023
--
19.6 RSS 7.2196e-13
19.6023 RSS 4.47002e-13
--
Received one packet! Socket: 10.1.1.1 port: 49153 at time = 19.6023
--
19.7 RSS 7.2196e-13
19.7023 RSS 4.47002e-13
--
Received one packet! Socket: 10.1.1.1 port: 49153 at time = 19.7023
--
19.8 RSS 7.2196e-13
19.8023 RSS 4.47002e-13
--
Received one packet! Socket: 10.1.1.1 port: 49153 at time = 19.8023
--
19.9 RSS 7.2196e-13
19.9023 RSS 4.47002e-13
--
Received one packet! Socket: 10.1.1.1 port: 49153 at time = 19.9023
--
20 RSS 7.2196e-13
20.0023 RSS 4.47002e-13
--
Received one packet! Socket: 10.1.1.1 port: 49153 at time = 20.0023
--
20.1 RSS 7.2196e-13
20.1023 RSS 4.47002e-13
--
Received one packet! Socket: 10.1.1.1 port: 49153 at time = 20.1023
--
20.2 RSS 7.2196e-13
20.2023 RSS 4.47002e-13
--
Received one packet! Socket: 10.1.1.1 port: 49153 at time = 20.2023
--
20.3 RSS 7.2196e-13
20.3023 RSS 4.47002e-13
--
Received one packet! Socket: 10.1.1.1 port: 49153 at time = 20.3023
--
20.4 RSS 7.2196e-13
20.4023 RSS 4.47002e-13
--
Received one packet! Socket: 10.1.1.1 port: 49153 at time = 20.4023
--
20.5 RSS 7.2196e-13
20.5023 RSS 4.47002e-13
--
Received one packet! Socket: 10.1.1.1 port: 49153 at time = 20.5023
--
20.6 RSS 7.2196e-13
20.6023 RSS 4.47002e-13
--
Received one packet! Socket: 10.1.1.1 port: 49153 at time = 20.6023
--
20.7 RSS 7.2196e-13
20.7023 RSS 4.47002e-13
--
Received one packet! Socket: 10.1.1.1 port: 49153 at time = 20.7023
--
20.8 RSS 7.2196e-13
20.8023 RSS 4.47002e-13
--
Received one packet! Socket: 10.1.1.1 port: 49153 at time = 20.8023
--
20.9 RSS 7.2196e-13
20.9023 RSS 4.47002e-13
--
Received one packet! Socket: 10.1.1.1 port: 49153 at time = 20.9023
--
21 RSS 7.2196e-13
21.0023 RSS 4.47002e-13
--
Received one packet! Socket: 10.1.1.1 port: 49153 at time = 21.0023
--
21.1 RSS 7.2196e-13
21.1023 RSS 4.47002e-13
--
Received one packet! Socket: 10.1.1.1 port: 49153 at time = 21.1023
--
21.2 RSS 7.2196e-13
21.2023 RSS 4.47002e-13
--
Received one packet! Socket: 10.1.1.1 port: 49153 at time = 21.2023
--
21.3 RSS 7.2196e-13
21.3023 RSS 4.47002e-13
--
Received one packet! Socket: 10.1.1.1 port: 49153 at time = 21.3023
--
21.4 RSS 7.2196e-13
21.4023 RSS 4.47002e-13
--
Received one packet! Socket: 10.1.1.1 port: 49153 at time = 21.4023
--
21.5 RSS 7.2196e-13
21.5023 RSS 4.47002e-13
--
Received one packet! Socket: 10.1.1.1 port: 49153 at time = 21.5023
--
21.6 RSS 7.2196e-13
21.6023 RSS 4.47002e-13
--
Received one packet! Socket: 10.1.1.1 port: 49153 at time = 21.6023
--
21.7 RSS 7.2196e-13
21.7023 RSS 4.47002e-13
--
Received one packet! Socket: 10.1.1.1 port: 49153 at time = 21.7023
--
21.8 RSS 7.2196e-13
21.8023 RSS 4.47002e-13
--
Received one packet! Socket: 10.1.1.1 port: 49153 at time = 21.8023
--
21.9 RSS 7.2196e-13
21.9023 RSS 4.47002e-13
--
Received one packet! Socket: 10.1.1.1 port: 49153 at time = 21.9023
--
22 RSS 7.2196e-13
22.0023 RSS 4.47002e-13
--
Received one packet! Socket: 10.1.1.1 port: 49153 at time = 22.0023
--
22.1 RSS 7.2196e-13
22.1023 RSS 4.47002e-13
--
Received one packet! Socket: 10.1.1.1 port: 49153 at time = 22.1023
--
22.2 RSS 7.2196e-13
22.2023 RSS 4.47002e-13
--
Received one packet! Socket: 10.1.1.1 port: 49153 at time = 22.2023
--
22.3 RSS 7.2196e-13
22.3023 RSS 4.47002e-13
--
Received one packet! Socket: 10.1.1.1 port: 49153 at time = 22.3023
--
22.4 RSS 7.2196e-13
22.4023 RSS 4.47002e-13
--
Received one packet! Socket: 10.1.1.1 port: 49153 at time = 22.4023
--
22.5 RSS 7.2196e-13
22.5023 RSS 4.47002e-13
--
Received one packet! Socket: 10.1.1.1 port: 49153 at time = 22.5023
--
22.6 RSS 7.2196e-13
22.6023 RSS 4.47002e-13
--
Received one packet! Socket: 10.1.1.1 port: 49153 at time = 22.6023
--
22.7 RSS 7.2196e-13
22.7023 RSS 4.47002e-13
--
Received one packet! Socket: 10.1.1.1 port: 49153 at time = 22.7023
--
22.8 RSS 7.2196e-13
22.8023 RSS 4.47002e-13
--
Received one packet! Socket: 10.1.1.1 port: 49153 at time = 22.8023
--
22.9 RSS 7.2196e-13
22.9023 RSS 4.47002e-13
--
Received one packet! Socket: 10.1.1.1 port: 49153 at time = 22.9023
--
23 RSS 7.2196e-13
23.0023 RSS 4.47002e-13
--
Received one packet! Socket: 10.1.1.1 port: 49153 at time = 23.0023
--
23.1 RSS 7.2196e-13
23.1023 RSS 4.47002e-13
--
Received one packet! Socket: 10.1.1.1 port: 49153 at time = 23.1023
--
23.2 RSS 7.2196e-13
23.2023 RSS 4.47002e-13
--
Received one packet! Socket: 10.1.1.1 port: 49153 at time = 23.2023
--
23.3 RSS 7.2196e-13
23.3023 RSS 4.47002e-13
--
Received one packet! Socket: 10.1.1.1 port: 49153 at time = 23.3023
--
23.4 RSS 7.2196e-13
23.4023 RSS 4.47002e-13
--
Received one packet! Socket: 10.1.1.1 port: 49153 at time = 23.4023
--
23.5 RSS 7.2196e-13
23.5023 RSS 4.47002e-13
--
Received one packet! Socket: 10.1.1.1 port: 49153 at time = 23.5023
--
23.6 RSS 7.2196e-13
23.6023 RSS 4.47002e-13
--
Received one packet! Socket: 10.1.1.1 port: 49153 at time = 23.6023
--
23.7 RSS 7.2196e-13
23.7023 RSS 4.47002e-13
--
Received one packet! Socket: 10.1.1.1 port: 49153 at time = 23.7023
--
23.8 RSS 7.2196e-13
23.8023 RSS 4.47002e-13
--
Received one packet! Socket: 10.1.1.1 port: 49153 at time = 23.8023
--
23.9 RSS 7.2196e-13
23.9023 RSS 4.47002e-13
--
Received one packet! Socket: 10.1.1.1 port: 49153 at time = 23.9023
--
24 RSS 7.2196e-13
24.0023 RSS 4.47002e-13
--
Received one packet! Socket: 10.1.1.1 port: 49153 at time = 24.0023
--
24.1 RSS 7.2196e-13
24.1023 RSS 4.47002e-13
--
Received one packet! Socket: 10.1.1.1 port: 49153 at time = 24.1023
--
24.2 RSS 7.2196e-13
24.2023 RSS 4.47002e-13
--
Received one packet! Socket: 10.1.1.1 port: 49153 at time = 24.2023
--
24.3 RSS 7.2196e-13
24.3023 RSS 4.47002e-13
--
Received one packet! Socket: 10.1.1.1 port: 49153 at time = 24.3023
--
24.4 RSS 7.2196e-13
24.4023 RSS 4.47002e-13
--
Received one packet! Socket: 10.1.1.1 port: 49153 at time = 24.4023
--
24.5 RSS 7.2196e-13
24.5023 RSS 4.47002e-13
--
Received one packet! Socket: 10.1.1.1 port: 49153 at time = 24.5023
--
24.6 RSS 7.2196e-13
24.6023 RSS 4.47002e-13
--
Received one packet! Socket: 10.1.1.1 port: 49153 at time = 24.6023
--
24.7 RSS 7.2196e-13
24.7023 RSS 4.47002e-13
--
Received one packet! Socket: 10.1.1.1 port: 49153 at time = 24.7023
--
24.8 RSS 7.2196e-13
24.8023 RSS 4.47002e-13
--
Received one packet! Socket: 10.1.1.1 port: 49153 at time = 24.8023
--
24.9 RSS 7.2196e-13
24.9023 RSS 4.47002e-13
--
Received one packet! Socket: 10.1.1.1 port: 49153 at time = 24.9023
--
25 RSS 7.2196e-13
25.0023 RSS 4.47002e-13
--
Received one packet! Socket: 10.1.1.1 port: 49153 at time = 25.0023
--
25.1 RSS 7.2196e-13
25.1023 RSS 4.47002e-13
--
Received one packet! Socket: 10.1.1.1 port: 49153 at time = 25.1023
--
25.2 RSS 7.2196e-13
25.2023 RSS 4.47002e-13
--
Received one packet! Socket: 10.1.1.1 port: 49153 at time = 25.2023
--
25.3 RSS 7.2196e-13
25.3023 RSS 4.47002e-13
--
Received one packet! Socket: 10.1.1.1 port: 49153 at time = 25.3023
--
25.4 RSS 7.2196e-13
25.4023 RSS 4.47002e-13
--
Received one packet! Socket: 10.1.1.1 port: 49153 at time = 25.4023
--
25.5 RSS 7.2196e-13
25.5023 RSS 4.47002e-13
--
Received one packet! Socket: 10.1.1.1 port: 49153 at time = 25.5023
--
25.6 RSS 7.2196e-13
25.6023 RSS 4.47002e-13
--
Received one packet! Socket: 10.1.1.1 port: 49153 at time = 25.6023
--
25.7 RSS 7.2196e-13
25.7023 RSS 4.47002e-13
--
Received one packet! Socket: 10.1.1.1 port: 49153 at time = 25.7023
--
25.8 RSS 7.2196e-13
25.8023 RSS 4.47002e-13
--
Received one packet! Socket: 10.1.1.1 port: 49153 at time = 25.8023
--
25.9 RSS 7.2196e-13
25.9023 RSS 4.47002e-13
--
Received one packet! Socket: 10.1.1.1 port: 49153 at time = 25.9023
--
26 RSS 7.2196e-13
26.0023 RSS 4.47002e-13
--
Received one packet! Socket: 10.1.1.1 port: 49153 at time = 26.0023
--
26.1 RSS 7.2196e-13
26.1023 RSS 4.47002e-13
--
Received one packet! Socket: 10.1.1.1 port: 49153 at time = 26.1023
--
26.2 RSS 7.2196e-13
26.2023 RSS 4.47002e-13
--
Received one packet! Socket: 10.1.1.1 port: 49153 at time = 26.2023
--
26.3 RSS 7.2196e-13
26.3023 RSS 4.47002e-13
--
Received one packet! Socket: 10.1.1.1 port: 49153 at time = 26.3023
--
26.4 RSS 7.2196e-13
26.4023 RSS 4.47002e-13
--
Received one packet! Socket: 10.1.1.1 port: 49153 at time = 26.4023
--
26.5 RSS 7.2196e-13
26.5023 RSS 4.47002e-13
--
Received one packet! Socket: 10.1.1.1 port: 49153 at time = 26.5023
--
26.6 RSS 7.2196e-13
26.6023 RSS 4.47002e-13
--
Received one packet! Socket: 10.1.1.1 port: 49153 at time = 26.6023
--
26.7 RSS 7.2196e-13
26.7023 RSS 4.47002e-13
--
Received one packet! Socket: 10.1.1.1 port: 49153 at time = 26.7023
--
26.8 RSS 7.2196e-13
26.8023 RSS 4.47002e-13
--
Received one packet! Socket: 10.1.1.1 port: 49153 at time = 26.8023
--
26.9 RSS 7.2196e-13
26.9023 RSS 4.47002e-13
--
Received one packet! Socket: 10.1.1.1 port: 49153 at time = 26.9023
--
27 RSS 7.2196e-13
27.0023 RSS 4.47002e-13
--
Received one packet! Socket: 10.1.1.1 port: 49153 at time = 27.0023
--
27.1 RSS 7.2196e-13
27.1023 RSS 4.47002e-13
--
Received one packet! Socket: 10.1.1.1 port: 49153 at time = 27.1023
--
27.2 RSS 7.2196e-13
27.2023 RSS 4.47002e-13
--
Received one packet! Socket: 10.1.1.1 port: 49153 at time = 27.2023
--
27.3 RSS 7.2196e-13
27.3023 RSS 4.47002e-13
--
Received one packet! Socket: 10.1.1.1 port: 49153 at time = 27.3023
--
27.4 RSS 7.2196e-13
27.4023 RSS 4.47002e-13
--
Received one packet! Socket: 10.1.1.1 port: 49153 at time = 27.4023
--
27.5 RSS 7.2196e-13
27.5023 RSS 4.47002e-13
--
Received one packet! Socket: 10.1.1.1 port: 49153 at time = 27.5023
--
27.6 RSS 7.2196e-13
27.6023 RSS 4.47002e-13
--
Received one packet! Socket: 10.1.1.1 port: 49153 at time = 27.6023
--
27.7 RSS 7.2196e-13
27.7023 RSS 4.47002e-13
--
Received one packet! Socket: 10.1.1.1 port: 49153 at time = 27.7023
--
27.8 RSS 7.2196e-13
27.8023 RSS 4.47002e-13
--
Received one packet! Socket: 10.1.1.1 port: 49153 at time = 27.8023
--
27.9 RSS 7.2196e-13
27.9023 RSS 4.47002e-13
--
Received one packet! Socket: 10.1.1.1 port: 49153 at time = 27.9023
--
28 RSS 7.2196e-13
28.0023 RSS 4.47002e-13
--
Received one packet! Socket: 10.1.1.1 port: 49153 at time = 28.0023
--
28.1 RSS 7.2196e-13
28.1023 RSS 4.47002e-13
--
Received one packet! Socket: 10.1.1.1 port: 49153 at time = 28.1023
--
28.2 RSS 7.2196e-13
28.2023 RSS 4.47002e-13
--
Received one packet! Socket: 10.1.1.1 port: 49153 at time = 28.2023
--
28.3 RSS 7.2196e-13
28.3023 RSS 4.47002e-13
--
Received one packet! Socket: 10.1.1.1 port: 49153 at time = 28.3023
--
28.4 RSS 7.2196e-13
28.4023 RSS 4.47002e-13
--
Received one packet! Socket: 10.1.1.1 port: 49153 at time = 28.4023
--
28.5 RSS 7.2196e-13
28.5023 RSS 4.47002e-13
--
Received one packet! Socket: 10.1.1.1 port: 49153 at time = 28.5023
--
28.6 RSS 7.2196e-13
28.6023 RSS 4.47002e-13
--
Received one packet! Socket: 10.1.1.1 port: 49153 at time = 28.6023
--
28.7 RSS 7.2196e-13
28.7023 RSS 4.47002e-13
--
Received one packet! Socket: 10.1.1.1 port: 49153 at time = 28.7023
--
28.8 RSS 7.2196e-13
28.8023 RSS 4.47002e-13
--
Received one packet! Socket: 10.1.1.1 port: 49153 at time = 28.8023
--
28.9 RSS 7.2196e-13
28.9023 RSS 4.47002e-13
--
Received one packet! Socket: 10.1.1.1 port: 49153 at time = 28.9023
--
29 RSS 7.2196e-13
29.0023 RSS 4.47002e-13
--
Received one packet! Socket: 10.1.1.1 port: 49153 at time = 29.0023
--
29.1 RSS 7.2196e-13
29.1023 RSS 4.47002e-13
--
Received one packet! Socket: 10.1.1.1 port: 49153 at time = 29.1023
--
29.2 RSS 7.2196e-13
29.2023 RSS 4.47002e-13
--
Received one packet! Socket: 10.1.1.1 port: 49153 at time = 29.2023
--
29.3 RSS 7.2196e-13
29.3023 RSS 4.47002e-13
--
Received one packet! Socket: 10.1.1.1 port: 49153 at time = 29.3023
--
29.4 RSS 7.2196e-13
29.4023 RSS 4.47002e-13
--
Received one packet! Socket: 10.1.1.1 port: 49153 at time = 29.4023
--
29.5 RSS 7.2196e-13
29.5023 RSS 4.47002e-13
--
Received one packet! Socket: 10.1.1.1 port: 49153 at time = 29.5023
--
29.6 RSS 7.2196e-13
29.6023 RSS 4.47002e-13
--
Received one packet! Socket: 10.1.1.1 port: 49153 at time = 29.6023
--
29.7 RSS 7.2196e-13
29.7023 RSS 4.47002e-13
--
Received one packet! Socket: 10.1.1.1 port: 49153 at time = 29.7023
--
29.8 RSS 7.2196e-13
29.8023 RSS 4.47002e-13
--
Received one packet! Socket: 10.1.1.1 port: 49153 at time = 29.8023
--
29.9 RSS 7.2196e-13
29.9023 RSS 4.47002e-13
--
Received one packet! Socket: 10.1.1.1 port: 49153 at time = 29.9023
--
30 RSS 7.2196e-13
30.0023 RSS 4.47002e-13
--
Received one packet! Socket: 10.1.1.1 port: 49153 at time = 30.0023
--
30.1 RSS 7.2196e-13
30.1023 RSS 4.47002e-13
--
Received one packet! Socket: 10.1.1.1 port: 49153 at time = 30.1023
--
30.2 RSS 7.2196e-13
30.2023 RSS 4.47002e-13
--
Received one packet! Socket: 10.1.1.1 port: 49153 at time = 30.2023
--
30.3 RSS 7.2196e-13
30.3023 RSS 4.47002e-13
--
Received one packet! Socket: 10.1.1.1 port: 49153 at time = 30.3023
--
30.4 RSS 7.2196e-13
30.4023 RSS 4.47002e-13
--
Received one packet! Socket: 10.1.1.1 port: 49153 at time = 30.4023
--
30.5 RSS 7.2196e-13
30.5023 RSS 4.47002e-13
--
Received one packet! Socket: 10.1.1.1 port: 49153 at time = 30.5023
--
30.6 RSS 7.2196e-13
30.6023 RSS 4.47002e-13
--
Received one packet! Socket: 10.1.1.1 port: 49153 at time = 30.6023
--
30.7 RSS 7.2196e-13
30.7023 RSS 4.47002e-13
--
Received one packet! Socket: 10.1.1.1 port: 49153 at time = 30.7023
--
30.8 RSS 7.2196e-13
30.8023 RSS 4.47002e-13
--
Received one packet! Socket: 10.1.1.1 port: 49153 at time = 30.8023
--
30.9 RSS 7.2196e-13
30.9023 RSS 4.47002e-13
--
Received one packet! Socket: 10.1.1.1 port: 49153 at time = 30.9023
--
31 RSS 7.2196e-13
31.0023 RSS 4.47002e-13
--
Received one packet! Socket: 10.1.1.1 port: 49153 at time = 31.0023
--
31.1 RSS 7.2196e-13
31.1023 RSS 4.47002e-13
--
Received one packet! Socket: 10.1.1.1 port: 49153 at time = 31.1023
--
31.2 RSS 7.2196e-13
31.2023 RSS 4.47002e-13
--
Received one packet! Socket: 10.1.1.1 port: 49153 at time = 31.2023
--
31.3 RSS 7.2196e-13
31.3023 RSS 4.47002e-13
--
Received one packet! Socket: 10.1.1.1 port: 49153 at time = 31.3023
--
31.4 RSS 7.2196e-13
31.4023 RSS 4.47002e-13
--
Received one packet! Socket: 10.1.1.1 port: 49153 at time = 31.4023
--
31.5 RSS 7.2196e-13
31.5023 RSS 4.47002e-13
--
Received one packet! Socket: 10.1.1.1 port: 49153 at time = 31.5023
--
31.6 RSS 7.2196e-13
31.6023 RSS 4.47002e-13
--
Received one packet! Socket: 10.1.1.1 port: 49153 at time = 31.6023
--
31.7 RSS 7.2196e-13
31.7023 RSS 4.47002e-13
--
Received one packet! Socket: 10.1.1.1 port: 49153 at time = 31.7023
--
31.8 RSS 7.2196e-13
31.8023 RSS 4.47002e-13
--
Received one packet! Socket: 10.1.1.1 port: 49153 at time = 31.8023
--
31.9 RSS 7.2196e-13
31.9023 RSS 4.47002e-13
--
Received one packet! Socket: 10.1.1.1 port: 49153 at time = 31.9023
--
32 RSS 7.2196e-13
32.0023 RSS 4.47002e-13
--
Received one packet! Socket: 10.1.1.1 port: 49153 at time = 32.0023
--
32.1 RSS 7.2196e-13
32.1023 RSS 4.47002e-13
--
Received one packet! Socket: 10.1.1.1 port: 49153 at time = 32.1023
--
32.2 RSS 7.2196e-13
32.2023 RSS 4.47002e-13
--
Received one packet! Socket: 10.1.1.1 port: 49153 at time = 32.2023
--
32.3 RSS 7.2196e-13
32.3023 RSS 4.47002e-13
--
Received one packet! Socket: 10.1.1.1 port: 49153 at time = 32.3023
--
32.4 RSS 7.2196e-13
32.4023 RSS 4.47002e-13
--
Received one packet! Socket: 10.1.1.1 port: 49153 at time = 32.4023
--
32.5 RSS 7.2196e-13
32.5023 RSS 4.47002e-13
--
Received one packet! Socket: 10.1.1.1 port: 49153 at time = 32.5023
--
32.6 RSS 7.2196e-13
32.6023 RSS 4.47002e-13
--
Received one packet! Socket: 10.1.1.1 port: 49153 at time = 32.6023
--
32.7 RSS 7.2196e-13
32.7023 RSS 4.47002e-13
--
Received one packet! Socket: 10.1.1.1 port: 49153 at time = 32.7023
--
32.8 RSS 7.2196e-13
32.8023 RSS 4.47002e-13
--
Received one packet! Socket: 10.1.1.1 port: 49153 at time = 32.8023
--
32.9 RSS 7.2196e-13
32.9023 RSS 4.47002e-13
--
Received one packet! Socket: 10.1.1.1 port: 49153 at time = 32.9023
--
33 RSS 7.2196e-13
33.0023 RSS 4.47002e-13
--
Received one packet! Socket: 10.1.1.1 port: 49153 at time = 33.0023
--
33.1 RSS 7.2196e-13
33.1023 RSS 4.47002e-13
--
Received one packet! Socket: 10.1.1.1 port: 49153 at time = 33.1023
--
33.2 RSS 7.2196e-13
33.2023 RSS 4.47002e-13
--
Received one packet! Socket: 10.1.1.1 port: 49153 at time = 33.2023
--
33.3 RSS 7.2196e-13
33.3023 RSS 4.47002e-13
--
Received one packet! Socket: 10.1.1.1 port: 49153 at time = 33.3023
--
33.4 RSS 7.2196e-13
33.4023 RSS 4.47002e-13
--
Received one packet! Socket: 10.1.1.1 port: 49153 at time = 33.4023
--
33.5 RSS 7.2196e-13
33.5023 RSS 4.47002e-13
--
Received one packet! Socket: 10.1.1.1 port: 49153 at time = 33.5023
--
33.6 RSS 7.2196e-13
33.6023 RSS 4.47002e-13
--
Received one packet! Socket: 10.1.1.1 port: 49153 at time = 33.6023
--
33.7 RSS 7.2196e-13
33.7023 RSS 4.47002e-13
--
Received one packet! Socket: 10.1.1.1 port: 49153 at time = 33.7023
--
33.8 RSS 7.2196e-13
33.8023 RSS 4.47002e-13
--
Received one packet! Socket: 10.1.1.1 port: 49153 at time = 33.8023
--
33.9 RSS 7.2196e-13
33.9023 RSS 4.47002e-13
--
Received one packet! Socket: 10.1.1.1 port: 49153 at time = 33.9023
--
34 RSS 7.2196e-13
34.0023 RSS 4.47002e-13
--
Received one packet! Socket: 10.1.1.1 port: 49153 at time = 34.0023
--
34.1 RSS 7.2196e-13
34.1023 RSS 4.47002e-13
--
Received one packet! Socket: 10.1.1.1 port: 49153 at time = 34.1023
--
34.2 RSS 7.2196e-13
34.2023 RSS 4.47002e-13
--
Received one packet! Socket: 10.1.1.1 port: 49153 at time = 34.2023
--
34.3 RSS 7.2196e-13
34.3023 RSS 4.47002e-13
--
Received one packet! Socket: 10.1.1.1 port: 49153 at time = 34.3023
--
34.4 RSS 7.2196e-13
34.4023 RSS 4.47002e-13
--
Received one packet! Socket: 10.1.1.1 port: 49153 at time = 34.4023
--
34.5 RSS 7.2196e-13
34.5023 RSS 4.47002e-13
--
Received one packet! Socket: 10.1.1.1 port: 49153 at time = 34.5023
--
34.6 RSS 7.2196e-13
34.6023 RSS 4.47002e-13
--
Received one packet! Socket: 10.1.1.1 port: 49153 at time = 34.6023
--
34.7 RSS 7.2196e-13
34.7023 RSS 4.47002e-13
--
Received one packet! Socket: 10.1.1.1 port: 49153 at time = 34.7023
--
34.8 RSS 7.2196e-13
34.8023 RSS 4.47002e-13
--
Received one packet! Socket: 10.1.1.1 port: 49153 at time = 34.8023
--
34.9 RSS 7.2196e-13
34.9023 RSS 4.47002e-13
--
Received one packet! Socket: 10.1.1.1 port: 49153 at time = 34.9023
--
35 RSS 7.2196e-13
35.0023 RSS 4.47002e-13
--
Received one packet! Socket: 10.1.1.1 port: 49153 at time = 35.0023
--
35.1 RSS 7.2196e-13
35.1023 RSS 4.47002e-13
--
Received one packet! Socket: 10.1.1.1 port: 49153 at time = 35.1023
--
35.2 RSS 7.2196e-13
35.2023 RSS 4.47002e-13
--
Received one packet! Socket: 10.1.1.1 port: 49153 at time = 35.2023
--
35.3 RSS 7.2196e-13
35.3023 RSS 4.47002e-13
--
Received one packet! Socket: 10.1.1.1 port: 49153 at time = 35.3023
--
35.4 RSS 7.2196e-13
35.4023 RSS 4.47002e-13
--
Received one packet! Socket: 10.1.1.1 port: 49153 at time = 35.4023
--
35.5 RSS 7.2196e-13
35.5023 RSS 4.47002e-13
--
Received one packet! Socket: 10.1.1.1 port: 49153 at time = 35.5023
--
35.6 RSS 7.2196e-13
35.6023 RSS 4.47002e-13
--
Received one packet! Socket: 10.1.1.1 port: 49153 at time = 35.6023
--
35.7 RSS 7.2196e-13
35.7023 RSS 4.47002e-13
--
Received one packet! Socket: 10.1.1.1 port: 49153 at time = 35.7023
--
35.8 RSS 7.2196e-13
35.8023 RSS 4.47002e-13
--
Received one packet! Socket: 10.1.1.1 port: 49153 at time = 35.8023
--
35.9 RSS 7.2196e-13
35.9023 RSS 4.47002e-13
--
Received one packet! Socket: 10.1.1.1 port: 49153 at time = 35.9023
--
36 RSS 7.2196e-13
36.0023 RSS 4.47002e-13
--
Received one packet! Socket: 10.1.1.1 port: 49153 at time = 36.0023
--
36.1 RSS 7.2196e-13
36.1023 RSS 4.47002e-13
--
Received one packet! Socket: 10.1.1.1 port: 49153 at time = 36.1023
--
36.2 RSS 7.2196e-13
36.2023 RSS 4.47002e-13
--
Received one packet! Socket: 10.1.1.1 port: 49153 at time = 36.2023
--
36.3 RSS 7.2196e-13
36.3023 RSS 4.47002e-13
--
Received one packet! Socket: 10.1.1.1 port: 49153 at time = 36.3023
--
36.4 RSS 7.2196e-13
36.4023 RSS 4.47002e-13
--
Received one packet! Socket: 10.1.1.1 port: 49153 at time = 36.4023
--
36.5 RSS 7.2196e-13
36.5023 RSS 4.47002e-13
--
Received one packet! Socket: 10.1.1.1 port: 49153 at time = 36.5023
--
36.6 RSS 7.2196e-13
36.6023 RSS 4.47002e-13
--
Received one packet! Socket: 10.1.1.1 port: 49153 at time = 36.6023
--
36.7 RSS 7.2196e-13
36.7023 RSS 4.47002e-13
--
Received one packet! Socket: 10.1.1.1 port: 49153 at time = 36.7023
--
36.8 RSS 7.2196e-13
36.8023 RSS 4.47002e-13
--
Received one packet! Socket: 10.1.1.1 port: 49153 at time = 36.8023
--
36.9 RSS 7.2196e-13
36.9023 RSS 4.47002e-13
--
Received one packet! Socket: 10.1.1.1 port: 49153 at time = 36.9023
--
37 RSS 7.2196e-13
37.0023 RSS 4.47002e-13
--
Received one packet! Socket: 10.1.1.1 port: 49153 at time = 37.0023
--
37.1 RSS 7.2196e-13
37.1023 RSS 4.47002e-13
--
Received one packet! Socket: 10.1.1.1 port: 49153 at time = 37.1023
--
37.2 RSS 7.2196e-13
37.2023 RSS 4.47002e-13
--
Received one packet! Socket: 10.1.1.1 port: 49153 at time = 37.2023
--
37.3 RSS 7.2196e-13
37.3023 RSS 4.47002e-13
--
Received one packet! Socket: 10.1.1.1 port: 49153 at time = 37.3023
--
37.4 RSS 7.2196e-13
37.4023 RSS 4.47002e-13
--
Received one packet! Socket: 10.1.1.1 port: 49153 at time = 37.4023
--
37.5 RSS 7.2196e-13
37.5023 RSS 4.47002e-13
--
Received one packet! Socket: 10.1.1.1 port: 49153 at time = 37.5023
--
37.6 RSS 7.2196e-13
37.6023 RSS 4.47002e-13
--
Received one packet! Socket: 10.1.1.1 port: 49153 at time = 37.6023
--
37.7 RSS 7.2196e-13
37.7023 RSS 4.47002e-13
--
Received one packet! Socket: 10.1.1.1 port: 49153 at time = 37.7023
--
37.8 RSS 7.2196e-13
37.8023 RSS 4.47002e-13
--
Received one packet! Socket: 10.1.1.1 port: 49153 at time = 37.8023
--
37.9 RSS 7.2196e-13
37.9023 RSS 4.47002e-13
--
Received one packet! Socket: 10.1.1.1 port: 49153 at time = 37.9023
--
38 RSS 7.2196e-13
38.0023 RSS 4.47002e-13
--
Received one packet! Socket: 10.1.1.1 port: 49153 at time = 38.0023
--
38.1 RSS 7.2196e-13
38.1023 RSS 4.47002e-13
--
Received one packet! Socket: 10.1.1.1 port: 49153 at time = 38.1023
--
38.2 RSS 7.2196e-13
38.2023 RSS 4.47002e-13
--
Received one packet! Socket: 10.1.1.1 port: 49153 at time = 38.2023
--
38.3 RSS 7.2196e-13
38.3023 RSS 4.47002e-13
--
Received one packet! Socket: 10.1.1.1 port: 49153 at time = 38.3023
--
38.4 RSS 7.2196e-13
38.4023 RSS 4.47002e-13
--
Received one packet! Socket: 10.1.1.1 port: 49153 at time = 38.4023
--
38.5 RSS 7.2196e-13
38.5023 RSS 4.47002e-13
--
Received one packet! Socket: 10.1.1.1 port: 49153 at time = 38.5023
--
38.6 RSS 7.2196e-13
38.6023 RSS 4.47002e-13
--
Received one packet! Socket: 10.1.1.1 port: 49153 at time = 38.6023
--
38.7 RSS 7.2196e-13
38.7023 RSS 4.47002e-13
--
Received one packet! Socket: 10.1.1.1 port: 49153 at time = 38.7023
--
38.8 RSS 7.2196e-13
38.8023 RSS 4.47002e-13
--
Received one packet! Socket: 10.1.1.1 port: 49153 at time = 38.8023
--
38.9 RSS 7.2196e-13
38.9023 RSS 4.47002e-13
--
Received one packet! Socket: 10.1.1.1 port: 49153 at time = 38.9023
--
39 RSS 7.2196e-13
39.0023 RSS 4.47002e-13
--
Received one packet! Socket: 10.1.1.1 port: 49153 at time = 39.0023
--
39.1 RSS 7.2196e-13
39.1023 RSS 4.47002e-13
--
Received one packet! Socket: 10.1.1.1 port: 49153 at time = 39.1023
--
39.2 RSS 7.2196e-13
39.2023 RSS 4.47002e-13
--
Received one packet! Socket: 10.1.1.1 port: 49153 at time = 39.2023
--
39.3 RSS 7.2196e-13
39.3023 RSS 4.47002e-13
--
Received one packet! Socket: 10.1.1.1 port: 49153 at time = 39.3023
--
39.4 RSS 7.2196e-13
39.4023 RSS 4.47002e-13
--
Received one packet! Socket: 10.1.1.1 port: 49153 at time = 39.4023
--
39.5 RSS 7.2196e-13
39.5023 RSS 4.47002e-13
--
Received one packet! Socket: 10.1.1.1 port: 49153 at time = 39.5023
--
39.6 RSS 7.2196e-13
39.6023 RSS 4.47002e-13
--
Received one packet! Socket: 10.1.1.1 port: 49153 at time = 39.6023
--
39.7 RSS 7.2196e-13
39.7023 RSS 4.47002e-13
--
Received one packet! Socket: 10.1.1.1 port: 49153 at time = 39.7023
--
39.8 RSS 7.2196e-13
39.8023 RSS 4.47002e-13
--
Received one packet! Socket: 10.1.1.1 port: 49153 at time = 39.8023
--
39.9 RSS 7.2196e-13
39.9023 RSS 4.47002e-13
--
Received one packet! Socket: 10.1.1.1 port: 49153 at time = 39.9023
--
40 RSS 7.2196e-13
40.0023 RSS 4.47002e-13
--
Received one packet! Socket: 10.1.1.1 port: 49153 at time = 40.0023
--
40.1 RSS 7.2196e-13
40.1023 RSS 4.47002e-13
--
Received one packet! Socket: 10.1.1.1 port: 49153 at time = 40.1023
--
40.2 RSS 7.2196e-13
40.2023 RSS 4.47002e-13
--
Received one packet! Socket: 10.1.1.1 port: 49153 at time = 40.2023
--
40.3 RSS 7.2196e-13
40.3023 RSS 4.47002e-13
--
Received one packet! Socket: 10.1.1.1 port: 49153 at time = 40.3023
--
40.4 RSS 7.2196e-13
40.4023 RSS 4.47002e-13
--
Received one packet! Socket: 10.1.1.1 port: 49153 at time = 40.4023
--
40.5 RSS 7.2196e-13
40.5023 RSS 4.47002e-13
--
Received one packet! Socket: 10.1.1.1 port: 49153 at time = 40.5023
--
40.6 RSS 7.2196e-13
40.6023 RSS 4.47002e-13
--
Received one packet! Socket: 10.1.1.1 port: 49153 at time = 40.6023
--
40.7 RSS 7.2196e-13
40.7023 RSS 4.47002e-13
--
Received one packet! Socket: 10.1.1.1 port: 49153 at time = 40.7023
--
40.8 RSS 7.2196e-13
40.8023 RSS 4.47002e-13
--
Received one packet! Socket: 10.1.1.1 port: 49153 at time = 40.8023
--
40.9 RSS 7.2196e-13
40.9023 RSS 4.47002e-13
--
Received one packet! Socket: 10.1.1.1 port: 49153 at time = 40.9023
--
41 RSS 7.2196e-13
41.0023 RSS 4.47002e-13
--
Received one packet! Socket: 10.1.1.1 port: 49153 at time = 41.0023
--
41.1 RSS 7.2196e-13
41.1023 RSS 4.47002e-13
--
Received one packet! Socket: 10.1.1.1 port: 49153 at time = 41.1023
--
41.2 RSS 7.2196e-13
41.2023 RSS 4.47002e-13
--
Received one packet! Socket: 10.1.1.1 port: 49153 at time = 41.2023
--
41.3 RSS 7.2196e-13
41.3023 RSS 4.47002e-13
--
Received one packet! Socket: 10.1.1.1 port: 49153 at time = 41.3023
--
41.4 RSS 7.2196e-13
41.4023 RSS 4.47002e-13
--
Received one packet! Socket: 10.1.1.1 port: 49153 at time = 41.4023
--
41.5 RSS 7.2196e-13
41.5023 RSS 4.47002e-13
--
Received one packet! Socket: 10.1.1.1 port: 49153 at time = 41.5023
--
41.6 RSS 7.2196e-13
41.6023 RSS 4.47002e-13
--
Received one packet! Socket: 10.1.1.1 port: 49153 at time = 41.6023
--
41.7 RSS 7.2196e-13
41.7023 RSS 4.47002e-13
--
Received one packet! Socket: 10.1.1.1 port: 49153 at time = 41.7023
--
41.8 RSS 7.2196e-13
41.8023 RSS 4.47002e-13
--
Received one packet! Socket: 10.1.1.1 port: 49153 at time = 41.8023
--
41.9 RSS 7.2196e-13
41.9023 RSS 4.47002e-13
--
Received one packet! Socket: 10.1.1.1 port: 49153 at time = 41.9023
--
42 RSS 7.2196e-13
42.0023 RSS 4.47002e-13
--
Received one packet! Socket: 10.1.1.1 port: 49153 at time = 42.0023
--
42.1 RSS 7.2196e-13
42.1023 RSS 4.47002e-13
--
Received one packet! Socket: 10.1.1.1 port: 49153 at time = 42.1023
--
42.2 RSS 7.2196e-13
42.2023 RSS 4.47002e-13
--
Received one packet! Socket: 10.1.1.1 port: 49153 at time = 42.2023
--
42.3 RSS 7.2196e-13
42.3023 RSS 4.47002e-13
--
Received one packet! Socket: 10.1.1.1 port: 49153 at time = 42.3023
--
42.4 RSS 7.2196e-13
42.4023 RSS 4.47002e-13
--
Received one packet! Socket: 10.1.1.1 port: 49153 at time = 42.4023
--
42.5 RSS 7.2196e-13
42.5023 RSS 4.47002e-13
--
Received one packet! Socket: 10.1.1.1 port: 49153 at time = 42.5023
--
42.6 RSS 7.2196e-13
42.6023 RSS 4.47002e-13
--
Received one packet! Socket: 10.1.1.1 port: 49153 at time = 42.6023
--
42.7 RSS 7.2196e-13
42.7023 RSS 4.47002e-13
--
Received one packet! Socket: 10.1.1.1 port: 49153 at time = 42.7023
--
42.8 RSS 7.2196e-13
42.8023 RSS 4.47002e-13
--
Received one packet! Socket: 10.1.1.1 port: 49153 at time = 42.8023
--
42.9 RSS 7.2196e-13
42.9023 RSS 4.47002e-13
--
Received one packet! Socket: 10.1.1.1 port: 49153 at time = 42.9023
--
43 RSS 7.2196e-13
43.0023 RSS 4.47002e-13
--
Received one packet! Socket: 10.1.1.1 port: 49153 at time = 43.0023
--
43.1 RSS 7.2196e-13
43.1023 RSS 4.47002e-13
--
Received one packet! Socket: 10.1.1.1 port: 49153 at time = 43.1023
--
43.2 RSS 7.2196e-13
43.2023 RSS 4.47002e-13
--
Received one packet! Socket: 10.1.1.1 port: 49153 at time = 43.2023
--
43.3 RSS 7.2196e-13
43.3023 RSS 4.47002e-13
--
Received one packet! Socket: 10.1.1.1 port: 49153 at time = 43.3023
--
43.4 RSS 7.2196e-13
43.4023 RSS 4.47002e-13
--
Received one packet! Socket: 10.1.1.1 port: 49153 at time = 43.4023
--
43.5 RSS 7.2196e-13
43.5023 RSS 4.47002e-13
--
Received one packet! Socket: 10.1.1.1 port: 49153 at time = 43.5023
--
43.6 RSS 7.2196e-13
43.6023 RSS 4.47002e-13
--
Received one packet! Socket: 10.1.1.1 port: 49153 at time = 43.6023
--
43.7 RSS 7.2196e-13
43.7023 RSS 4.47002e-13
--
Received one packet! Socket: 10.1.1.1 port: 49153 at time = 43.7023
--
43.8 RSS 7.2196e-13
43.8023 RSS 4.47002e-13
--
Received one packet! Socket: 10.1.1.1 port: 49153 at time = 43.8023
--
43.9 RSS 7.2196e-13
43.9023 RSS 4.47002e-13
--
Received one packet! Socket: 10.1.1.1 port: 49153 at time = 43.9023
--
44 RSS 7.2196e-13
44.0023 RSS 4.47002e-13
--
Received one packet! Socket: 10.1.1.1 port: 49153 at time = 44.0023
--
44.1 RSS 7.2196e-13
44.1023 RSS 4.47002e-13
--
Received one packet! Socket: 10.1.1.1 port: 49153 at time = 44.1023
--
44.2 RSS 7.2196e-13
44.2023 RSS 4.47002e-13
--
Received one packet! Socket: 10.1.1.1 port: 49153 at time = 44.2023
--
44.3 RSS 7.2196e-13
44.3023 RSS 4.47002e-13
--
Received one packet! Socket: 10.1.1.1 port: 49153 at time = 44.3023
--
44.4 RSS 7.2196e-13
44.4023 RSS 4.47002e-13
--
Received one packet! Socket: 10.1.1.1 port: 49153 at time = 44.4023
--
44.5 RSS 7.2196e-13
44.5023 RSS 4.47002e-13
--
Received one packet! Socket: 10.1.1.1 port: 49153 at time = 44.5023
--
44.6 RSS 7.2196e-13
44.6023 RSS 4.47002e-13
--
Received one packet! Socket: 10.1.1.1 port: 49153 at time = 44.6023
--
44.7 RSS 7.2196e-13
44.7023 RSS 4.47002e-13
--
Received one packet! Socket: 10.1.1.1 port: 49153 at time = 44.7023
--
44.8 RSS 7.2196e-13
44.8023 RSS 4.47002e-13
--
Received one packet! Socket: 10.1.1.1 port: 49153 at time = 44.8023
--
44.9 RSS 7.2196e-13
44.9023 RSS 4.47002e-13
--
Received one packet! Socket: 10.1.1.1 port: 49153 at time = 44.9023
--
45 RSS 7.2196e-13
45.0023 RSS 4.47002e-13
--
Received one packet! Socket: 10.1.1.1 port: 49153 at time = 45.0023
--
45.1 RSS 7.2196e-13
45.1023 RSS 4.47002e-13
--
Received one packet! Socket: 10.1.1.1 port: 49153 at time = 45.1023
--
45.2 RSS 7.2196e-13
45.2023 RSS 4.47002e-13
--
Received one packet! Socket: 10.1.1.1 port: 49153 at time = 45.2023
--
45.3 RSS 7.2196e-13
45.3023 RSS 4.47002e-13
--
Received one packet! Socket: 10.1.1.1 port: 49153 at time = 45.3023
--
45.4 RSS 7.2196e-13
45.4023 RSS 4.47002e-13
--
Received one packet! Socket: 10.1.1.1 port: 49153 at time = 45.4023
--
45.5 RSS 7.2196e-13
45.5023 RSS 4.47002e-13
--
Received one packet! Socket: 10.1.1.1 port: 49153 at time = 45.5023
--
45.6 RSS 7.2196e-13
45.6023 RSS 4.47002e-13
--
Received one packet! Socket: 10.1.1.1 port: 49153 at time = 45.6023
--
45.7 RSS 7.2196e-13
45.7023 RSS 4.47002e-13
--
Received one packet! Socket: 10.1.1.1 port: 49153 at time = 45.7023
--
45.8 RSS 7.2196e-13
45.8023 RSS 4.47002e-13
--
Received one packet! Socket: 10.1.1.1 port: 49153 at time = 45.8023
--
45.9 RSS 7.2196e-13
45.9023 RSS 4.47002e-13
--
Received one packet! Socket: 10.1.1.1 port: 49153 at time = 45.9023
--
46 RSS 7.2196e-13
46.0023 RSS 4.47002e-13
--
Received one packet! Socket: 10.1.1.1 port: 49153 at time = 46.0023
--
46.1 RSS 7.2196e-13
46.1023 RSS 4.47002e-13
--
Received one packet! Socket: 10.1.1.1 port: 49153 at time = 46.1023
--
46.2 RSS 7.2196e-13
46.2023 RSS 4.47002e-13
--
Received one packet! Socket: 10.1.1.1 port: 49153 at time = 46.2023
--
46.3 RSS 7.2196e-13
46.3023 RSS 4.47002e-13
--
Received one packet! Socket: 10.1.1.1 port: 49153 at time = 46.3023
--
46.4 RSS 7.2196e-13
46.4023 RSS 4.47002e-13
--
Received one packet! Socket: 10.1.1.1 port: 49153 at time = 46.4023
--
46.5 RSS 7.2196e-13
46.5023 RSS 4.47002e-13
--
Received one packet! Socket: 10.1.1.1 port: 49153 at time = 46.5023
--
46.6 RSS 7.2196e-13
46.6023 RSS 4.47002e-13
--
Received one packet! Socket: 10.1.1.1 port: 49153 at time = 46.6023
--
46.7 RSS 7.2196e-13
46.7023 RSS 4.47002e-13
--
Received one packet! Socket: 10.1.1.1 port: 49153 at time = 46.7023
--
46.8 RSS 7.2196e-13
46.8023 RSS 4.47002e-13
--
Received one packet! Socket: 10.1.1.1 port: 49153 at time = 46.8023
--
46.9 RSS 7.2196e-13
46.9023 RSS 4.47002e-13
--
Received one packet! Socket: 10.1.1.1 port: 49153 at time = 46.9023
--
47 RSS 7.2196e-13
47.0023 RSS 4.47002e-13
--
Received one packet! Socket: 10.1.1.1 port: 49153 at time = 47.0023
--
47.1 RSS 7.2196e-13
47.1023 RSS 4.47002e-13
--
Received one packet! Socket: 10.1.1.1 port: 49153 at time = 47.1023
--
47.2 RSS 7.2196e-13
47.2023 RSS 4.47002e-13
--
Received one packet! Socket: 10.1.1.1 port: 49153 at time = 47.2023
--
47.3 RSS 7.2196e-13
47.3023 RSS 4.47002e-13
--
Received one packet! Socket: 10.1.1.1 port: 49153 at time = 47.3023
--
47.4 RSS 7.2196e-13
47.4023 RSS 4.47002e-13
--
Received one packet! Socket: 10.1.1.1 port: 49153 at time = 47.4023
--
47.5 RSS 7.2196e-13
47.5023 RSS 4.47002e-13
--
Received one packet! Socket: 10.1.1.1 port: 49153 at time = 47.5023
--
47.6 RSS 7.2196e-13
47.6023 RSS 4.47002e-13
--
Received one packet! Socket: 10.1.1.1 port: 49153 at time = 47.6023
--
47.7 RSS 7.2196e-13
47.7023 RSS 4.47002e-13
--
Received one packet! Socket: 10.1.1.1 port: 49153 at time = 47.7023
--
47.8 RSS 7.2196e-13
47.8023 RSS 4.47002e-13
--
Received one packet! Socket: 10.1.1.1 port: 49153 at time = 47.8023
--
47.9 RSS 7.2196e-13
47.9023 RSS 4.47002e-13
--
Received one packet! Socket: 10.1.1.1 port: 49153 at time = 47.9023
--
48 RSS 7.2196e-13
48.0023 RSS 4.47002e-13
--
Received one packet! Socket: 10.1.1.1 port: 49153 at time = 48.0023
--
48.1 RSS 7.2196e-13
48.1023 RSS 4.47002e-13
--
Received one packet! Socket: 10.1.1.1 port: 49153 at time = 48.1023
--
48.2 RSS 7.2196e-13
48.2023 RSS 4.47002e-13
--
Received one packet! Socket: 10.1.1.1 port: 49153 at time = 48.2023
--
48.3 RSS 7.2196e-13
48.3023 RSS 4.47002e-13
--
Received one packet! Socket: 10.1.1.1 port: 49153 at time = 48.3023
--
48.4 RSS 7.2196e-13
48.4023 RSS 4.47002e-13
--
Received one packet! Socket: 10.1.1.1 port: 49153 at time = 48.4023
--
48.5 RSS 7.2196e-13
48.5023 RSS 4.47002e-13
--
Received one packet! Socket: 10.1.1.1 port: 49153 at time = 48.5023
--
48.6 RSS 7.2196e-13
48.6023 RSS 4.47002e-13
--
Received one packet! Socket: 10.1.1.1 port: 49153 at time = 48.6023
--
48.7 RSS 7.2196e-13
48.7023 RSS 4.47002e-13
--
Received one packet! Socket: 10.1.1.1 port: 49153 at time = 48.7023
--
48.8 RSS 7.2196e-13
48.8023 RSS 4.47002e-13
--
Received one packet! Socket: 10.1.1.1 port: 49153 at time = 48.8023
--
48.9 RSS 7.2196e-13
48.9023 RSS 4.47002e-13
--
Received one packet! Socket: 10.1.1.1 port: 49153 at time = 48.9023
--
49 RSS 7.2196e-13
49.0023 RSS 4.47002e-13
--
Received one packet! Socket: 10.1.1.1 port: 49153 at time = 49.0023
--
49.1 RSS 7.2196e-13
49.1023 RSS 4.47002e-13
--
Received one packet! Socket: 10.1.1.1 port: 49153 at time = 49.1023
--
49.2 RSS 7.2196e-13
49.2023 RSS 4.47002e-13
--
Received one packet! Socket: 10.1.1.1 port: 49153 at time = 49.2023
--
49.3 RSS 7.2196e-13
49.3023 RSS 4.47002e-13
--
Received one packet! Socket: 10.1.1.1 port: 49153 at time = 49.3023
--
49.4 RSS 7.2196e-13
49.4023 RSS 4.47002e-13
--
Received one packet! Socket: 10.1.1.1 port: 49153 at time = 49.4023
--
49.5 RSS 7.2196e-13
49.5023 RSS 4.47002e-13
--
Received one packet! Socket: 10.1.1.1 port: 49153 at time = 49.5023
--
49.6 RSS 7.2196e-13
49.6023 RSS 4.47002e-13
--
Received one packet! Socket: 10.1.1.1 port: 49153 at time = 49.6023
--
49.7 RSS 7.2196e-13
49.7023 RSS 4.47002e-13
--
Received one packet! Socket: 10.1.1.1 port: 49153 at time = 49.7023
--
49.8 RSS 7.2196e-13
49.8023 RSS 4.47002e-13
--
Received one packet! Socket: 10.1.1.1 port: 49153 at time = 49.8023
--
49.9 RSS 7.2196e-13
49.9023 RSS 4.47002e-13
--
Received one packet! Socket: 10.1.1.1 port: 49153 at time = 49.9023
--
50 RSS 7.2196e-13
50.0023 RSS 4.47002e-13
--
Received one packet! Socket: 10.1.1.1 port: 49153 at time = 50.0023
--
50.1 RSS 7.2196e-13
50.1023 RSS 4.47002e-13
--
Received one packet! Socket: 10.1.1.1 port: 49153 at time = 50.1023
--
50.2 RSS 7.2196e-13
50.2023 RSS 4.47002e-13
--
Received one packet! Socket: 10.1.1.1 port: 49153 at time = 50.2023
--
50.3 RSS 7.2196e-13
50.3023 RSS 4.47002e-13
--
Received one packet! Socket: 10.1.1.1 port: 49153 at time = 50.3023
--
50.4 RSS 7.2196e-13
50.4023 RSS 4.47002e-13
--
Received one packet! Socket: 10.1.1.1 port: 49153 at time = 50.4023
--
50.5 RSS 7.2196e-13
50.5023 RSS 4.47002e-13
--
Received one packet! Socket: 10.1.1.1 port: 49153 at time = 50.5023
--
50.6 RSS 7.2196e-13
50.6023 RSS 4.47002e-13
--
Received one packet! Socket: 10.1.1.1 port: 49153 at time = 50.6023
--
50.7 RSS 7.2196e-13
50.7023 RSS 4.47002e-13
--
Received one packet! Socket: 10.1.1.1 port: 49153 at time = 50.7023
--
50.8 RSS 7.2196e-13
50.8023 RSS 4.47002e-13
--
Received one packet! Socket: 10.1.1.1 port: 49153 at time = 50.8023
--
50.9 RSS 7.2196e-13
50.9023 RSS 4.47002e-13
--
Received one packet! Socket: 10.1.1.1 port: 49153 at time = 50.9023
--
51 RSS 7.2196e-13
51.0023 RSS 4.47002e-13
--
Received one packet! Socket: 10.1.1.1 port: 49153 at time = 51.0023
--
51.1 RSS 7.2196e-13
51.1023 RSS 4.47002e-13
--
Received one packet! Socket: 10.1.1.1 port: 49153 at time = 51.1023
--
51.2 RSS 7.2196e-13
51.2023 RSS 4.47002e-13
--
Received one packet! Socket: 10.1.1.1 port: 49153 at time = 51.2023
--
51.3 RSS 7.2196e-13
51.3023 RSS 4.47002e-13
--
Received one packet! Socket: 10.1.1.1 port: 49153 at time = 51.3023
--
51.4 RSS 7.2196e-13
51.4023 RSS 4.47002e-13
--
Received one packet! Socket: 10.1.1.1 port: 49153 at time = 51.4023
--
51.5 RSS 7.2196e-13
51.5023 RSS 4.47002e-13
--
Received one packet! Socket: 10.1.1.1 port: 49153 at time = 51.5023
--
51.6 RSS 7.2196e-13
51.6023 RSS 4.47002e-13
--
Received one packet! Socket: 10.1.1.1 port: 49153 at time = 51.6023
--
51.7 RSS 7.2196e-13
51.7023 RSS 4.47002e-13
--
Received one packet! Socket: 10.1.1.1 port: 49153 at time = 51.7023
--
51.8 RSS 7.2196e-13
51.8023 RSS 4.47002e-13
--
Received one packet! Socket: 10.1.1.1 port: 49153 at time = 51.8023
--
51.9 RSS 7.2196e-13
51.9023 RSS 4.47002e-13
--
Received one packet! Socket: 10.1.1.1 port: 49153 at time = 51.9023
--
52 RSS 7.2196e-13
52.0023 RSS 4.47002e-13
--
Received one packet! Socket: 10.1.1.1 port: 49153 at time = 52.0023
--
52.1 RSS 7.2196e-13
52.1023 RSS 4.47002e-13
--
Received one packet! Socket: 10.1.1.1 port: 49153 at time = 52.1023
--
52.2 RSS 7.2196e-13
52.2023 RSS 4.47002e-13
--
Received one packet! Socket: 10.1.1.1 port: 49153 at time = 52.2023
--
52.3 RSS 7.2196e-13
52.3023 RSS 4.47002e-13
--
Received one packet! Socket: 10.1.1.1 port: 49153 at time = 52.3023
--
52.4 RSS 7.2196e-13
52.4023 RSS 4.47002e-13
--
Received one packet! Socket: 10.1.1.1 port: 49153 at time = 52.4023
--
52.5 RSS 7.2196e-13
52.5023 RSS 4.47002e-13
--
Received one packet! Socket: 10.1.1.1 port: 49153 at time = 52.5023
--
52.6 RSS 7.2196e-13
52.6023 RSS 4.47002e-13
--
Received one packet! Socket: 10.1.1.1 port: 49153 at time = 52.6023
--
52.7 RSS 7.2196e-13
52.7023 RSS 4.47002e-13
--
Received one packet! Socket: 10.1.1.1 port: 49153 at time = 52.7023
--
52.8 RSS 7.2196e-13
52.8023 RSS 4.47002e-13
--
Received one packet! Socket: 10.1.1.1 port: 49153 at time = 52.8023
--
52.9 RSS 7.2196e-13
52.9023 RSS 4.47002e-13
--
Received one packet! Socket: 10.1.1.1 port: 49153 at time = 52.9023
--
53 RSS 7.2196e-13
53.0023 RSS 4.47002e-13
--
Received one packet! Socket: 10.1.1.1 port: 49153 at time = 53.0023
--
53.1 RSS 7.2196e-13
53.1023 RSS 4.47002e-13
--
Received one packet! Socket: 10.1.1.1 port: 49153 at time = 53.1023
--
53.2 RSS 7.2196e-13
53.2023 RSS 4.47002e-13
--
Received one packet! Socket: 10.1.1.1 port: 49153 at time = 53.2023
--
53.3 RSS 7.2196e-13
53.3023 RSS 4.47002e-13
--
Received one packet! Socket: 10.1.1.1 port: 49153 at time = 53.3023
--
53.4 RSS 7.2196e-13
53.4023 RSS 4.47002e-13
--
Received one packet! Socket: 10.1.1.1 port: 49153 at time = 53.4023
--
53.5 RSS 7.2196e-13
53.5023 RSS 4.47002e-13
--
Received one packet! Socket: 10.1.1.1 port: 49153 at time = 53.5023
--
53.6 RSS 7.2196e-13
53.6023 RSS 4.47002e-13
--
Received one packet! Socket: 10.1.1.1 port: 49153 at time = 53.6023
--
53.7 RSS 7.2196e-13
53.7023 RSS 4.47002e-13
--
Received one packet! Socket: 10.1.1.1 port: 49153 at time = 53.7023
--
53.8 RSS 7.2196e-13
53.8023 RSS 4.47002e-13
--
Received one packet! Socket: 10.1.1.1 port: 49153 at time = 53.8023
--
53.9 RSS 7.2196e-13
53.9023 RSS 4.47002e-13
--
Received one packet! Socket: 10.1.1.1 port: 49153 at time = 53.9023
--
54 RSS 7.2196e-13
54.0023 RSS 4.47002e-13
--
Received one packet! Socket: 10.1.1.1 port: 49153 at time = 54.0023
--
54.1 RSS 7.2196e-13
54.1023 RSS 4.47002e-13
--
Received one packet! Socket: 10.1.1.1 port: 49153 at time = 54.1023
--
54.2 RSS 7.2196e-13
54.2023 RSS 4.47002e-13
--
Received one packet! Socket: 10.1.1.1 port: 49153 at time = 54.2023
--
54.3 RSS 7.2196e-13
54.3023 RSS 4.47002e-13
--
Received one packet! Socket: 10.1.1.1 port: 49153 at time = 54.3023
--
54.4 RSS 7.2196e-13
54.4023 RSS 4.47002e-13
--
Received one packet! Socket: 10.1.1.1 port: 49153 at time = 54.4023
--
54.5 RSS 7.2196e-13
54.5023 RSS 4.47002e-13
--
Received one packet! Socket: 10.1.1.1 port: 49153 at time = 54.5023
--
54.6 RSS 7.2196e-13
54.6023 RSS 4.47002e-13
--
Received one packet! Socket: 10.1.1.1 port: 49153 at time = 54.6023
--
54.7 RSS 7.2196e-13
54.7023 RSS 4.47002e-13
--
Received one packet! Socket: 10.1.1.1 port: 49153 at time = 54.7023
--
54.8 RSS 7.2196e-13
54.8023 RSS 4.47002e-13
--
Received one packet! Socket: 10.1.1.1 port: 49153 at time = 54.8023
--
54.9 RSS 7.2196e-13
54.9023 RSS 4.47002e-13
--
Received one packet! Socket: 10.1.1.1 port: 49153 at time = 54.9023
--
55 RSS 7.2196e-13
55.0023 RSS 4.47002e-13
--
Received one packet! Socket: 10.1.1.1 port: 49153 at time = 55.0023
--
55.1 RSS 7.2196e-13
55.1023 RSS 4.47002e-13
--
Received one packet! Socket: 10.1.1.1 port: 49153 at time = 55.1023
--
55.2 RSS 7.2196e-13
55.2023 RSS 4.47002e-13
--
Received one packet! Socket: 10.1.1.1 port: 49153 at time = 55.2023
--
55.3 RSS 7.2196e-13
55.3023 RSS 4.47002e-13
--
Received one packet! Socket: 10.1.1.1 port: 49153 at time = 55.3023
--
55.4 RSS 7.2196e-13
55.4023 RSS 4.47002e-13
--
Received one packet! Socket: 10.1.1.1 port: 49153 at time = 55.4023
--
55.5 RSS 7.2196e-13
55.5023 RSS 4.47002e-13
--
Received one packet! Socket: 10.1.1.1 port: 49153 at time = 55.5023
--
55.6 RSS 7.2196e-13
55.6023 RSS 4.47002e-13
--
Received one packet! Socket: 10.1.1.1 port: 49153 at time = 55.6023
--
55.7 RSS 7.2196e-13
55.7023 RSS 4.47002e-13
--
Received one packet! Socket: 10.1.1.1 port: 49153 at time = 55.7023
--
55.8 RSS 7.2196e-13
55.8023 RSS 4.47002e-13
--
Received one packet! Socket: 10.1.1.1 port: 49153 at time = 55.8023
--
55.9 RSS 7.2196e-13
55.9023 RSS 4.47002e-13
--
Received one packet! Socket: 10.1.1.1 port: 49153 at time = 55.9023
--
56 RSS 7.2196e-13
56.0023 RSS 4.47002e-13
--
Received one packet! Socket: 10.1.1.1 port: 49153 at time = 56.0023
--
56.1 RSS 7.2196e-13
56.1023 RSS 4.47002e-13
56.2 RSS 7.2196e-13
56.2023 RSS 4.47002e-13
--
Received one packet! Socket: 10.1.1.1 port: 49153 at time = 56.2023
--
56.3 RSS 7.2196e-13
56.3023 RSS 4.47002e-13
--
Received one packet! Socket: 10.1.1.1 port: 49153 at time = 56.3023
--
56.4 RSS 7.2196e-13
56.4023 RSS 4.47002e-13
--
Received one packet! Socket: 10.1.1.1 port: 49153 at time = 56.4023
--
56.5 RSS 7.2196e-13
56.5023 RSS 4.47002e-13
--
Received one packet! Socket: 10.1.1.1 port: 49153 at time = 56.5023
--
56.6 RSS 7.2196e-13
56.6023 RSS 4.47002e-13
--
Received one packet! Socket: 10.1.1.1 port: 49153 at time = 56.6023
--
56.7 RSS 7.2196e-13
56.7023 RSS 4.47002e-13
--
Received one packet! Socket: 10.1.1.1 port: 49153 at time = 56.7023
--
56.8 RSS 7.2196e-13
56.8023 RSS 4.47002e-13
--
Received one packet! Socket: 10.1.1.1 port: 49153 at time = 56.8023
--
56.9 RSS 7.2196e-13
56.9023 RSS 4.47002e-13
--
Received one packet! Socket: 10.1.1.1 port: 49153 at time = 56.9023
--
57 RSS 7.2196e-13
57.0023 RSS 4.47002e-13
--
Received one packet! Socket: 10.1.1.1 port: 49153 at time = 57.0023
--
57.1 RSS 7.2196e-13
57.1023 RSS 4.47002e-13
--
Received one packet! Socket: 10.1.1.1 port: 49153 at time = 57.1023
--
57.2 RSS 7.2196e-13
57.2023 RSS 4.47002e-13
--
Received one packet! Socket: 10.1.1.1 port: 49153 at time = 57.2023
--
57.3 RSS 7.2196e-13
57.3023 RSS 4.47002e-13
--
Received one packet! Socket: 10.1.1.1 port: 49153 at time = 57.3023
--
57.4 RSS 7.2196e-13
57.4023 RSS 4.47002e-13
--
Received one packet! Socket: 10.1.1.1 port: 49153 at time = 57.4023
--
57.5 RSS 7.2196e-13
57.5023 RSS 4.47002e-13
--
Received one packet! Socket: 10.1.1.1 port: 49153 at time = 57.5023
--
57.6 RSS 7.2196e-13
57.6023 RSS 4.47002e-13
--
Received one packet! Socket: 10.1.1.1 port: 49153 at time = 57.6023
--
57.7 RSS 7.2196e-13
57.7023 RSS 4.47002e-13
--
Received one packet! Socket: 10.1.1.1 port: 49153 at time = 57.7023
--
57.8 RSS 7.2196e-13
57.8023 RSS 4.47002e-13
--
Received one packet! Socket: 10.1.1.1 port: 49153 at time = 57.8023
--
57.9 RSS 7.2196e-13
57.9023 RSS 4.47002e-13
--
Received one packet! Socket: 10.1.1.1 port: 49153 at time = 57.9023
--
58 RSS 7.2196e-13
58.0023 RSS 4.47002e-13
--
Received one packet! Socket: 10.1.1.1 port: 49153 at time = 58.0023
--
58.1 RSS 7.2196e-13
58.1023 RSS 4.47002e-13
--
Received one packet! Socket: 10.1.1.1 port: 49153 at time = 58.1023
--
58.2 RSS 7.2196e-13
58.2023 RSS 4.47002e-13
--
Received one packet! Socket: 10.1.1.1 port: 49153 at time = 58.2023
--
58.3 RSS 7.2196e-13
58.3023 RSS 4.47002e-13
--
Received one packet! Socket: 10.1.1.1 port: 49153 at time = 58.3023
--
58.4 RSS 7.2196e-13
58.4023 RSS 4.47002e-13
--
Received one packet! Socket: 10.1.1.1 port: 49153 at time = 58.4023
--
58.5 RSS 7.2196e-13
58.5023 RSS 4.47002e-13
--
Received one packet! Socket: 10.1.1.1 port: 49153 at time = 58.5023
--
58.6 RSS 7.2196e-13
58.6023 RSS 4.47002e-13
--
Received one packet! Socket: 10.1.1.1 port: 49153 at time = 58.6023
--
58.7 RSS 7.2196e-13
58.7023 RSS 4.47002e-13
--
Received one packet! Socket: 10.1.1.1 port: 49153 at time = 58.7023
--
58.8 RSS 7.2196e-13
58.8023 RSS 4.47002e-13
--
Received one packet! Socket: 10.1.1.1 port: 49153 at time = 58.8023
--
58.9 RSS 7.2196e-13
58.9023 RSS 4.47002e-13
--
Received one packet! Socket: 10.1.1.1 port: 49153 at time = 58.9023
--
59 RSS 7.2196e-13
59.0023 RSS 4.47002e-13
--
Received one packet! Socket: 10.1.1.1 port: 49153 at time = 59.0023
--
59.1 RSS 7.2196e-13
59.1023 RSS 4.47002e-13
--
Received one packet! Socket: 10.1.1.1 port: 49153 at time = 59.1023
--
59.2 RSS 7.2196e-13
59.2023 RSS 4.47002e-13
--
Received one packet! Socket: 10.1.1.1 port: 49153 at time = 59.2023
--
59.3 RSS 7.2196e-13
59.3023 RSS 4.47002e-13
--
Received one packet! Socket: 10.1.1.1 port: 49153 at time = 59.3023
--
59.4 RSS 7.2196e-13
59.4023 RSS 4.47002e-13
--
Received one packet! Socket: 10.1.1.1 port: 49153 at time = 59.4023
--
59.5 RSS 7.2196e-13
59.5023 RSS 4.47002e-13
--
Received one packet! Socket: 10.1.1.1 port: 49153 at time = 59.5023
--
59.6 RSS 7.2196e-13
59.6023 RSS 4.47002e-13
--
Received one packet! Socket: 10.1.1.1 port: 49153 at time = 59.6023
--
59.7 RSS 7.2196e-13
59.7023 RSS 4.47002e-13
--
Received one packet! Socket: 10.1.1.1 port: 49153 at time = 59.7023
--
59.8 RSS 7.2196e-13
59.8023 RSS 4.47002e-13
--
Received one packet! Socket: 10.1.1.1 port: 49153 at time = 59.8023
--
59.9 RSS 7.2196e-13
59.9023 RSS 4.47002e-13
--
Received one packet! Socket: 10.1.1.1 port: 49153 at time = 59.9023
--
Actual PDR = 0.975
Actual RSS = 7.2196e-13
Actual Average Packet RSS = 7.26594e-13
