0 RSS 4.41361e-13
0.000570803 RSS 2.30445e-12
0.0028748 RSS 4.46137e-13
0.0028748 PRSS 2.30837e-12
--
Received one packet! Socket: 10.1.1.1 port: 49153 at time = 0.0028748
--
0.102875 RSS 4.41361e-13
1 RSS 2.30445e-12
1.0023 RSS 4.46137e-13
--
Received one packet! Socket: 10.1.1.1 port: 49153 at time = 1.0023
--
1.1023 RSS 4.41361e-13
2 RSS 2.30445e-12
2.0023 RSS 4.46137e-13
--
Received one packet! Socket: 10.1.1.1 port: 49153 at time = 2.0023
--
2.1023 RSS 4.41361e-13
3 RSS 2.30445e-12
3.0023 RSS 4.46137e-13
--
Received one packet! Socket: 10.1.1.1 port: 49153 at time = 3.0023
--
3.1023 RSS 4.41361e-13
4 RSS 2.30445e-12
4.0023 RSS 4.46137e-13
--
Received one packet! Socket: 10.1.1.1 port: 49153 at time = 4.0023
--
4.1023 RSS 4.41361e-13
5 RSS 2.30445e-12
5.0023 RSS 4.46137e-13
--
Received one packet! Socket: 10.1.1.1 port: 49153 at time = 5.0023
--
5.1023 RSS 4.41361e-13
6 RSS 2.30445e-12
6.0023 RSS 4.46137e-13
--
Received one packet! Socket: 10.1.1.1 port: 49153 at time = 6.0023
--
6.1023 RSS 4.41361e-13
7 RSS 2.30445e-12
7.0023 RSS 4.46137e-13
--
Received one packet! Socket: 10.1.1.1 port: 49153 at time = 7.0023
--
7.1023 RSS 4.41361e-13
8 RSS 2.30445e-12
8.0023 RSS 4.46137e-13
--
Received one packet! Socket: 10.1.1.1 port: 49153 at time = 8.0023
--
8.1023 RSS 4.41361e-13
9 RSS 2.30445e-12
9.0023 RSS 4.46137e-13
--
Received one packet! Socket: 10.1.1.1 port: 49153 at time = 9.0023
--
9.1023 RSS 4.41361e-13
10 RSS 2.30445e-12
10.0023 RSS 4.46137e-13
--
Received one packet! Socket: 10.1.1.1 port: 49153 at time = 10.0023
--
10.1023 RSS 4.41361e-13
11 RSS 2.30445e-12
11.0023 RSS 4.46137e-13
--
Received one packet! Socket: 10.1.1.1 port: 49153 at time = 11.0023
--
11.1023 RSS 4.41361e-13
12 RSS 2.30445e-12
12.0023 RSS 4.46137e-13
--
Received one packet! Socket: 10.1.1.1 port: 49153 at time = 12.0023
--
12.1023 RSS 4.41361e-13
13 RSS 2.30445e-12
13.0023 RSS 4.46137e-13
--
Received one packet! Socket: 10.1.1.1 port: 49153 at time = 13.0023
--
13.1023 RSS 4.41361e-13
14 RSS 2.30445e-12
14.0023 RSS 4.46137e-13
--
Received one packet! Socket: 10.1.1.1 port: 49153 at time = 14.0023
--
14.1023 RSS 4.41361e-13
15 RSS 2.30445e-12
15.0023 RSS 4.46137e-13
--
Received one packet! Socket: 10.1.1.1 port: 49153 at time = 15.0023
--
15.1023 RSS 4.41361e-13
16 RSS 2.30445e-12
16.0023 RSS 4.46137e-13
--
Received one packet! Socket: 10.1.1.1 port: 49153 at time = 16.0023
--
16.1023 RSS 4.41361e-13
17 RSS 2.30445e-12
17.0023 RSS 4.46137e-13
--
Received one packet! Socket: 10.1.1.1 port: 49153 at time = 17.0023
--
17.1023 RSS 4.41361e-13
18 RSS 2.30445e-12
18.0023 RSS 4.46137e-13
--
Received one packet! Socket: 10.1.1.1 port: 49153 at time = 18.0023
--
18.1023 RSS 4.41361e-13
19 RSS 2.30445e-12
19.0023 RSS 4.46137e-13
--
Received one packet! Socket: 10.1.1.1 port: 49153 at time = 19.0023
--
19.1023 RSS 4.41361e-13
20 RSS 2.30445e-12
20.0023 RSS 4.46137e-13
--
Received one packet! Socket: 10.1.1.1 port: 49153 at time = 20.0023
--
20.1023 RSS 4.41361e-13
21 RSS 2.30445e-12
21.0023 RSS 4.46137e-13
--
Received one packet! Socket: 10.1.1.1 port: 49153 at time = 21.0023
--
21.1023 RSS 4.41361e-13
22 RSS 2.30445e-12
22.0023 RSS 4.46137e-13
--
Received one packet! Socket: 10.1.1.1 port: 49153 at time = 22.0023
--
22.1023 RSS 4.41361e-13
23 RSS 2.30445e-12
23.0023 RSS 4.46137e-13
--
Received one packet! Socket: 10.1.1.1 port: 49153 at time = 23.0023
--
23.1023 RSS 4.41361e-13
24 RSS 2.30445e-12
24.0023 RSS 4.46137e-13
--
Received one packet! Socket: 10.1.1.1 port: 49153 at time = 24.0023
--
24.1023 RSS 4.41361e-13
25 RSS 2.30445e-12
25.0023 RSS 4.46137e-13
--
Received one packet! Socket: 10.1.1.1 port: 49153 at time = 25.0023
--
25.1023 RSS 4.41361e-13
26 RSS 2.30445e-12
26.0023 RSS 4.46137e-13
--
Received one packet! Socket: 10.1.1.1 port: 49153 at time = 26.0023
--
26.1023 RSS 4.41361e-13
27 RSS 2.30445e-12
27.0023 RSS 4.46137e-13
--
Received one packet! Socket: 10.1.1.1 port: 49153 at time = 27.0023
--
27.1023 RSS 4.41361e-13
28 RSS 2.30445e-12
28.0023 RSS 4.46137e-13
--
Received one packet! Socket: 10.1.1.1 port: 49153 at time = 28.0023
--
28.1023 RSS 4.41361e-13
29 RSS 2.30445e-12
29.0023 RSS 4.46137e-13
--
Received one packet! Socket: 10.1.1.1 port: 49153 at time = 29.0023
--
29.1023 RSS 4.41361e-13
30 RSS 2.30445e-12
30.0023 RSS 4.46137e-13
--
Received one packet! Socket: 10.1.1.1 port: 49153 at time = 30.0023
--
30.1023 RSS 4.41361e-13
31 RSS 2.30445e-12
31.0023 RSS 4.46137e-13
--
Received one packet! Socket: 10.1.1.1 port: 49153 at time = 31.0023
--
31.1023 RSS 4.41361e-13
32 RSS 2.30445e-12
32.0023 RSS 4.46137e-13
--
Received one packet! Socket: 10.1.1.1 port: 49153 at time = 32.0023
--
32.1023 RSS 4.41361e-13
33 RSS 2.30445e-12
33.0023 RSS 4.46137e-13
--
Received one packet! Socket: 10.1.1.1 port: 49153 at time = 33.0023
--
33.1023 RSS 4.41361e-13
34 RSS 2.30445e-12
34.0023 RSS 4.46137e-13
--
Received one packet! Socket: 10.1.1.1 port: 49153 at time = 34.0023
--
34.1023 RSS 4.41361e-13
35 RSS 2.30445e-12
35.0023 RSS 4.46137e-13
--
Received one packet! Socket: 10.1.1.1 port: 49153 at time = 35.0023
--
35.1023 RSS 4.41361e-13
36 RSS 2.30445e-12
36.0023 RSS 4.46137e-13
--
Received one packet! Socket: 10.1.1.1 port: 49153 at time = 36.0023
--
36.1023 RSS 4.41361e-13
37 RSS 2.30445e-12
37.0023 RSS 4.46137e-13
--
Received one packet! Socket: 10.1.1.1 port: 49153 at time = 37.0023
--
37.1023 RSS 4.41361e-13
38 RSS 2.30445e-12
38.0023 RSS 4.46137e-13
--
Received one packet! Socket: 10.1.1.1 port: 49153 at time = 38.0023
--
38.1023 RSS 4.41361e-13
39 RSS 2.30445e-12
39.0023 RSS 4.46137e-13
--
Received one packet! Socket: 10.1.1.1 port: 49153 at time = 39.0023
--
39.1023 RSS 4.41361e-13
40 RSS 2.30445e-12
40.0023 RSS 4.46137e-13
--
Received one packet! Socket: 10.1.1.1 port: 49153 at time = 40.0023
--
40.1023 RSS 4.41361e-13
41 RSS 2.30445e-12
41.0023 RSS 4.46137e-13
--
Received one packet! Socket: 10.1.1.1 port: 49153 at time = 41.0023
--
41.1023 RSS 4.41361e-13
42 RSS 2.30445e-12
42.0023 RSS 4.46137e-13
--
Received one packet! Socket: 10.1.1.1 port: 49153 at time = 42.0023
--
42.1023 RSS 4.41361e-13
43 RSS 2.30445e-12
43.0023 RSS 4.46137e-13
--
Received one packet! Socket: 10.1.1.1 port: 49153 at time = 43.0023
--
43.1023 RSS 4.41361e-13
44 RSS 2.30445e-12
44.0023 RSS 4.46137e-13
--
Received one packet! Socket: 10.1.1.1 port: 49153 at time = 44.0023
--
44.1023 RSS 4.41361e-13
45 RSS 2.30445e-12
45.0023 RSS 4.46137e-13
--
Received one packet! Socket: 10.1.1.1 port: 49153 at time = 45.0023
--
45.1023 RSS 4.41361e-13
46 RSS 2.30445e-12
46.0023 RSS 4.46137e-13
--
Received one packet! Socket: 10.1.1.1 port: 49153 at time = 46.0023
--
46.1023 RSS 4.41361e-13
47 RSS 2.30445e-12
47.0023 RSS 4.46137e-13
--
Received one packet! Socket: 10.1.1.1 port: 49153 at time = 47.0023
--
47.1023 RSS 4.41361e-13
48 RSS 2.30445e-12
48.0023 RSS 4.46137e-13
--
Received one packet! Socket: 10.1.1.1 port: 49153 at time = 48.0023
--
48.1023 RSS 4.41361e-13
49 RSS 2.30445e-12
49.0023 RSS 4.46137e-13
--
Received one packet! Socket: 10.1.1.1 port: 49153 at time = 49.0023
--
49.1023 RSS 4.41361e-13
50 RSS 2.30445e-12
50.0023 RSS 4.46137e-13
--
Received one packet! Socket: 10.1.1.1 port: 49153 at time = 50.0023
--
50.1023 RSS 4.41361e-13
51 RSS 2.30445e-12
51.0023 RSS 4.46137e-13
--
Received one packet! Socket: 10.1.1.1 port: 49153 at time = 51.0023
--
51.1023 RSS 4.41361e-13
52 RSS 2.30445e-12
52.0023 RSS 4.46137e-13
--
Received one packet! Socket: 10.1.1.1 port: 49153 at time = 52.0023
--
52.1023 RSS 4.41361e-13
53 RSS 2.30445e-12
53.0023 RSS 4.46137e-13
--
Received one packet! Socket: 10.1.1.1 port: 49153 at time = 53.0023
--
53.1023 RSS 4.41361e-13
54 RSS 2.30445e-12
54.0023 RSS 4.46137e-13
--
Received one packet! Socket: 10.1.1.1 port: 49153 at time = 54.0023
--
54.1023 RSS 4.41361e-13
55 RSS 2.30445e-12
55.0023 RSS 4.46137e-13
--
Received one packet! Socket: 10.1.1.1 port: 49153 at time = 55.0023
--
55.1023 RSS 4.41361e-13
56 RSS 2.30445e-12
56.0023 RSS 4.46137e-13
--
Received one packet! Socket: 10.1.1.1 port: 49153 at time = 56.0023
--
56.1023 RSS 4.41361e-13
57 RSS 2.30445e-12
57.0023 RSS 4.46137e-13
--
Received one packet! Socket: 10.1.1.1 port: 49153 at time = 57.0023
--
57.1023 RSS 4.41361e-13
58 RSS 2.30445e-12
58.0023 RSS 4.46137e-13
--
Received one packet! Socket: 10.1.1.1 port: 49153 at time = 58.0023
--
58.1023 RSS 4.41361e-13
59 RSS 2.30445e-12
59.0023 RSS 4.46137e-13
--
Received one packet! Socket: 10.1.1.1 port: 49153 at time = 59.0023
--
59.1023 RSS 4.41361e-13
Actual PDR = 1
Actual RSS = 2.30445e-12
Actual Average Packet RSS = 2.30837e-12
