0 RSS 4.41361e-13
0.000574936 RSS 4.90697e-13
0.00287894 RSS 4.50095e-13
0.00287894 PRSS 4.97896e-13
0.102879 RSS 4.41361e-13
0.200005 RSS 4.90697e-13
0.202309 RSS 4.50095e-13
0.302309 RSS 4.41361e-13
0.400005 RSS 4.90697e-13
0.402309 RSS 4.50095e-13
0.502309 RSS 4.41361e-13
0.600005 RSS 4.90697e-13
0.602309 RSS 4.50095e-13
0.702309 RSS 4.41361e-13
0.800005 RSS 4.90697e-13
0.802309 RSS 4.50095e-13
0.902309 RSS 4.41361e-13
1 RSS 4.90697e-13
1.00231 RSS 4.50095e-13
1.10231 RSS 4.41361e-13
1.2 RSS 4.90697e-13
1.20231 RSS 4.50095e-13
1.30231 RSS 4.41361e-13
1.4 RSS 4.90697e-13
1.40231 RSS 4.50095e-13
1.50231 RSS 4.41361e-13
1.6 RSS 4.90697e-13
1.60231 RSS 4.50095e-13
1.70231 RSS 4.41361e-13
1.8 RSS 4.90697e-13
1.80231 RSS 4.50095e-13
1.90231 RSS 4.41361e-13
2 RSS 4.90697e-13
2.00231 RSS 4.50095e-13
2.10231 RSS 4.41361e-13
2.2 RSS 4.90697e-13
2.20231 RSS 4.50095e-13
2.30231 RSS 4.41361e-13
2.4 RSS 4.90697e-13
2.40231 RSS 4.50095e-13
2.50231 RSS 4.41361e-13
2.6 RSS 4.90697e-13
2.60231 RSS 4.50095e-13
2.70231 RSS 4.41361e-13
2.8 RSS 4.90697e-13
2.80231 RSS 4.50095e-13
2.90231 RSS 4.41361e-13
3 RSS 4.90697e-13
3.00231 RSS 4.50095e-13
3.10231 RSS 4.41361e-13
3.2 RSS 4.90697e-13
3.20231 RSS 4.50095e-13
3.30231 RSS 4.41361e-13
3.4 RSS 4.90697e-13
3.40231 RSS 4.50095e-13
3.50231 RSS 4.41361e-13
3.6 RSS 4.90697e-13
3.60231 RSS 4.50095e-13
3.70231 RSS 4.41361e-13
3.8 RSS 4.90697e-13
3.80231 RSS 4.50095e-13
3.90231 RSS 4.41361e-13
4 RSS 4.90697e-13
4.00231 RSS 4.50095e-13
4.10231 RSS 4.41361e-13
4.2 RSS 4.90697e-13
4.20231 RSS 4.50095e-13
4.30231 RSS 4.41361e-13
4.4 RSS 4.90697e-13
4.40231 RSS 4.50095e-13
4.50231 RSS 4.41361e-13
4.6 RSS 4.90697e-13
4.60231 RSS 4.50095e-13
4.70231 RSS 4.41361e-13
4.8 RSS 4.90697e-13
4.80231 RSS 4.50095e-13
4.90231 RSS 4.41361e-13
5 RSS 4.90697e-13
5.00231 RSS 4.50095e-13
5.10231 RSS 4.41361e-13
5.2 RSS 4.90697e-13
5.20231 RSS 4.50095e-13
5.30231 RSS 4.41361e-13
5.4 RSS 4.90697e-13
5.40231 RSS 4.50095e-13
5.50231 RSS 4.41361e-13
5.6 RSS 4.90697e-13
5.60231 RSS 4.50095e-13
5.70231 RSS 4.41361e-13
5.8 RSS 4.90697e-13
5.80231 RSS 4.50095e-13
5.90231 RSS 4.41361e-13
6 RSS 4.90697e-13
6.00231 RSS 4.50095e-13
6.10231 RSS 4.41361e-13
6.2 RSS 4.90697e-13
6.20231 RSS 4.50095e-13
6.30231 RSS 4.41361e-13
6.4 RSS 4.90697e-13
6.40231 RSS 4.50095e-13
6.50231 RSS 4.41361e-13
6.6 RSS 4.90697e-13
6.60231 RSS 4.50095e-13
6.70231 RSS 4.41361e-13
6.8 RSS 4.90697e-13
6.80231 RSS 4.50095e-13
6.90231 RSS 4.41361e-13
7 RSS 4.90697e-13
7.00231 RSS 4.50095e-13
7.10231 RSS 4.41361e-13
7.2 RSS 4.90697e-13
7.20231 RSS 4.50095e-13
7.30231 RSS 4.41361e-13
7.4 RSS 4.90697e-13
7.40231 RSS 4.50095e-13
7.50231 RSS 4.41361e-13
7.6 RSS 4.90697e-13
7.60231 RSS 4.50095e-13
7.70231 RSS 4.41361e-13
7.8 RSS 4.90697e-13
7.80231 RSS 4.50095e-13
7.90231 RSS 4.41361e-13
8 RSS 4.90697e-13
8.00231 RSS 4.50095e-13
8.10231 RSS 4.41361e-13
8.2 RSS 4.90697e-13
8.20231 RSS 4.50095e-13
8.30231 RSS 4.41361e-13
8.4 RSS 4.90697e-13
8.40231 RSS 4.50095e-13
8.50231 RSS 4.41361e-13
8.6 RSS 4.90697e-13
8.60231 RSS 4.50095e-13
8.70231 RSS 4.41361e-13
8.8 RSS 4.90697e-13
8.80231 RSS 4.50095e-13
8.90231 RSS 4.41361e-13
9 RSS 4.90697e-13
9.00231 RSS 4.50095e-13
9.10231 RSS 4.41361e-13
9.2 RSS 4.90697e-13
9.20231 RSS 4.50095e-13
9.30231 RSS 4.41361e-13
9.4 RSS 4.90697e-13
9.40231 RSS 4.50095e-13
9.50231 RSS 4.41361e-13
9.6 RSS 4.90697e-13
9.60231 RSS 4.50095e-13
9.70231 RSS 4.41361e-13
9.8 RSS 4.90697e-13
9.80231 RSS 4.50095e-13
9.90231 RSS 4.41361e-13
10 RSS 4.90697e-13
10.0023 RSS 4.50095e-13
10.1023 RSS 4.41361e-13
10.2 RSS 4.90697e-13
10.2023 RSS 4.50095e-13
10.3023 RSS 4.41361e-13
10.4 RSS 4.90697e-13
10.4023 RSS 4.50095e-13
10.5023 RSS 4.41361e-13
10.6 RSS 4.90697e-13
10.6023 RSS 4.50095e-13
10.7023 RSS 4.41361e-13
10.8 RSS 4.90697e-13
10.8023 RSS 4.50095e-13
10.9023 RSS 4.41361e-13
11 RSS 4.90697e-13
11.0023 RSS 4.50095e-13
11.1023 RSS 4.41361e-13
11.2 RSS 4.90697e-13
11.2023 RSS 4.50095e-13
11.3023 RSS 4.41361e-13
11.4 RSS 4.90697e-13
11.4023 RSS 4.50095e-13
11.5023 RSS 4.41361e-13
11.6 RSS 4.90697e-13
11.6023 RSS 4.50095e-13
11.7023 RSS 4.41361e-13
11.8 RSS 4.90697e-13
11.8023 RSS 4.50095e-13
11.9023 RSS 4.41361e-13
12 RSS 4.90697e-13
12.0023 RSS 4.50095e-13
12.1023 RSS 4.41361e-13
12.2 RSS 4.90697e-13
12.2023 RSS 4.50095e-13
12.3023 RSS 4.41361e-13
12.4 RSS 4.90697e-13
12.4023 RSS 4.50095e-13
12.5023 RSS 4.41361e-13
12.6 RSS 4.90697e-13
12.6023 RSS 4.50095e-13
12.7023 RSS 4.41361e-13
12.8 RSS 4.90697e-13
12.8023 RSS 4.50095e-13
12.9023 RSS 4.41361e-13
13 RSS 4.90697e-13
13.0023 RSS 4.50095e-13
13.1023 RSS 4.41361e-13
13.2 RSS 4.90697e-13
13.2023 RSS 4.50095e-13
13.3023 RSS 4.41361e-13
13.4 RSS 4.90697e-13
13.4023 RSS 4.50095e-13
13.5023 RSS 4.41361e-13
13.6 RSS 4.90697e-13
13.6023 RSS 4.50095e-13
13.7023 RSS 4.41361e-13
13.8 RSS 4.90697e-13
13.8023 RSS 4.50095e-13
13.9023 RSS 4.41361e-13
14 RSS 4.90697e-13
14.0023 RSS 4.50095e-13
14.1023 RSS 4.41361e-13
14.2 RSS 4.90697e-13
14.2023 RSS 4.50095e-13
14.3023 RSS 4.41361e-13
14.4 RSS 4.90697e-13
14.4023 RSS 4.50095e-13
14.5023 RSS 4.41361e-13
14.6 RSS 4.90697e-13
14.6023 RSS 4.50095e-13
14.7023 RSS 4.41361e-13
14.8 RSS 4.90697e-13
14.8023 RSS 4.50095e-13
14.9023 RSS 4.41361e-13
15 RSS 4.90697e-13
15.0023 RSS 4.50095e-13
15.1023 RSS 4.41361e-13
15.2 RSS 4.90697e-13
15.2023 RSS 4.50095e-13
15.3023 RSS 4.41361e-13
15.4 RSS 4.90697e-13
15.4023 RSS 4.50095e-13
15.5023 RSS 4.41361e-13
15.6 RSS 4.90697e-13
15.6023 RSS 4.50095e-13
15.7023 RSS 4.41361e-13
15.8 RSS 4.90697e-13
15.8023 RSS 4.50095e-13
15.9023 RSS 4.41361e-13
16 RSS 4.90697e-13
16.0023 RSS 4.50095e-13
16.1023 RSS 4.41361e-13
16.2 RSS 4.90697e-13
16.2023 RSS 4.50095e-13
16.3023 RSS 4.41361e-13
16.4 RSS 4.90697e-13
16.4023 RSS 4.50095e-13
16.5023 RSS 4.41361e-13
16.6 RSS 4.90697e-13
16.6023 RSS 4.50095e-13
16.7023 RSS 4.41361e-13
16.8 RSS 4.90697e-13
16.8023 RSS 4.50095e-13
16.9023 RSS 4.41361e-13
17 RSS 4.90697e-13
17.0023 RSS 4.50095e-13
17.1023 RSS 4.41361e-13
17.2 RSS 4.90697e-13
17.2023 RSS 4.50095e-13
17.3023 RSS 4.41361e-13
17.4 RSS 4.90697e-13
17.4023 RSS 4.50095e-13
17.5023 RSS 4.41361e-13
17.6 RSS 4.90697e-13
17.6023 RSS 4.50095e-13
17.7023 RSS 4.41361e-13
17.8 RSS 4.90697e-13
17.8023 RSS 4.50095e-13
17.9023 RSS 4.41361e-13
18 RSS 4.90697e-13
18.0023 RSS 4.50095e-13
18.1023 RSS 4.41361e-13
18.2 RSS 4.90697e-13
18.2023 RSS 4.50095e-13
18.3023 RSS 4.41361e-13
18.4 RSS 4.90697e-13
18.4023 RSS 4.50095e-13
18.5023 RSS 4.41361e-13
18.6 RSS 4.90697e-13
18.6023 RSS 4.50095e-13
18.7023 RSS 4.41361e-13
18.8 RSS 4.90697e-13
18.8023 RSS 4.50095e-13
18.9023 RSS 4.41361e-13
19 RSS 4.90697e-13
19.0023 RSS 4.50095e-13
19.1023 RSS 4.41361e-13
19.2 RSS 4.90697e-13
19.2023 RSS 4.50095e-13
19.3023 RSS 4.41361e-13
19.4 RSS 4.90697e-13
19.4023 RSS 4.50095e-13
19.5023 RSS 4.41361e-13
19.6 RSS 4.90697e-13
19.6023 RSS 4.50095e-13
19.7023 RSS 4.41361e-13
19.8 RSS 4.90697e-13
19.8023 RSS 4.50095e-13
19.9023 RSS 4.41361e-13
20 RSS 4.90697e-13
20.0023 RSS 4.50095e-13
20.1023 RSS 4.41361e-13
20.2 RSS 4.90697e-13
20.2023 RSS 4.50095e-13
20.3023 RSS 4.41361e-13
20.4 RSS 4.90697e-13
20.4023 RSS 4.50095e-13
20.5023 RSS 4.41361e-13
20.6 RSS 4.90697e-13
20.6023 RSS 4.50095e-13
20.7023 RSS 4.41361e-13
20.8 RSS 4.90697e-13
20.8023 RSS 4.50095e-13
20.9023 RSS 4.41361e-13
21 RSS 4.90697e-13
21.0023 RSS 4.50095e-13
21.1023 RSS 4.41361e-13
21.2 RSS 4.90697e-13
21.2023 RSS 4.50095e-13
21.3023 RSS 4.41361e-13
21.4 RSS 4.90697e-13
21.4023 RSS 4.50095e-13
21.5023 RSS 4.41361e-13
21.6 RSS 4.90697e-13
21.6023 RSS 4.50095e-13
21.7023 RSS 4.41361e-13
21.8 RSS 4.90697e-13
21.8023 RSS 4.50095e-13
21.9023 RSS 4.41361e-13
22 RSS 4.90697e-13
22.0023 RSS 4.50095e-13
22.1023 RSS 4.41361e-13
22.2 RSS 4.90697e-13
22.2023 RSS 4.50095e-13
22.3023 RSS 4.41361e-13
22.4 RSS 4.90697e-13
22.4023 RSS 4.50095e-13
22.5023 RSS 4.41361e-13
22.6 RSS 4.90697e-13
22.6023 RSS 4.50095e-13
22.7023 RSS 4.41361e-13
22.8 RSS 4.90697e-13
22.8023 RSS 4.50095e-13
22.9023 RSS 4.41361e-13
23 RSS 4.90697e-13
23.0023 RSS 4.50095e-13
23.1023 RSS 4.41361e-13
23.2 RSS 4.90697e-13
23.2023 RSS 4.50095e-13
23.3023 RSS 4.41361e-13
23.4 RSS 4.90697e-13
23.4023 RSS 4.50095e-13
23.5023 RSS 4.41361e-13
23.6 RSS 4.90697e-13
23.6023 RSS 4.50095e-13
23.7023 RSS 4.41361e-13
23.8 RSS 4.90697e-13
23.8023 RSS 4.50095e-13
23.9023 RSS 4.41361e-13
24 RSS 4.90697e-13
24.0023 RSS 4.50095e-13
24.1023 RSS 4.41361e-13
24.2 RSS 4.90697e-13
24.2023 RSS 4.50095e-13
24.3023 RSS 4.41361e-13
24.4 RSS 4.90697e-13
24.4023 RSS 4.50095e-13
24.5023 RSS 4.41361e-13
24.6 RSS 4.90697e-13
24.6023 RSS 4.50095e-13
24.7023 RSS 4.41361e-13
24.8 RSS 4.90697e-13
24.8023 RSS 4.50095e-13
24.9023 RSS 4.41361e-13
25 RSS 4.90697e-13
25.0023 RSS 4.50095e-13
25.1023 RSS 4.41361e-13
25.2 RSS 4.90697e-13
25.2023 RSS 4.50095e-13
25.3023 RSS 4.41361e-13
25.4 RSS 4.90697e-13
25.4023 RSS 4.50095e-13
25.5023 RSS 4.41361e-13
25.6 RSS 4.90697e-13
25.6023 RSS 4.50095e-13
25.7023 RSS 4.41361e-13
25.8 RSS 4.90697e-13
25.8023 RSS 4.50095e-13
25.9023 RSS 4.41361e-13
26 RSS 4.90697e-13
26.0023 RSS 4.50095e-13
26.1023 RSS 4.41361e-13
26.2 RSS 4.90697e-13
26.2023 RSS 4.50095e-13
26.3023 RSS 4.41361e-13
26.4 RSS 4.90697e-13
26.4023 RSS 4.50095e-13
26.5023 RSS 4.41361e-13
26.6 RSS 4.90697e-13
26.6023 RSS 4.50095e-13
26.7023 RSS 4.41361e-13
26.8 RSS 4.90697e-13
26.8023 RSS 4.50095e-13
26.9023 RSS 4.41361e-13
27 RSS 4.90697e-13
27.0023 RSS 4.50095e-13
27.1023 RSS 4.41361e-13
27.2 RSS 4.90697e-13
27.2023 RSS 4.50095e-13
27.3023 RSS 4.41361e-13
27.4 RSS 4.90697e-13
27.4023 RSS 4.50095e-13
27.5023 RSS 4.41361e-13
27.6 RSS 4.90697e-13
27.6023 RSS 4.50095e-13
27.7023 RSS 4.41361e-13
27.8 RSS 4.90697e-13
27.8023 RSS 4.50095e-13
27.9023 RSS 4.41361e-13
28 RSS 4.90697e-13
28.0023 RSS 4.50095e-13
28.1023 RSS 4.41361e-13
28.2 RSS 4.90697e-13
28.2023 RSS 4.50095e-13
28.3023 RSS 4.41361e-13
28.4 RSS 4.90697e-13
28.4023 RSS 4.50095e-13
28.5023 RSS 4.41361e-13
28.6 RSS 4.90697e-13
28.6023 RSS 4.50095e-13
28.7023 RSS 4.41361e-13
28.8 RSS 4.90697e-13
28.8023 RSS 4.50095e-13
28.9023 RSS 4.41361e-13
29 RSS 4.90697e-13
29.0023 RSS 4.50095e-13
29.1023 RSS 4.41361e-13
29.2 RSS 4.90697e-13
29.2023 RSS 4.50095e-13
29.3023 RSS 4.41361e-13
29.4 RSS 4.90697e-13
29.4023 RSS 4.50095e-13
29.5023 RSS 4.41361e-13
29.6 RSS 4.90697e-13
29.6023 RSS 4.50095e-13
29.7023 RSS 4.41361e-13
29.8 RSS 4.90697e-13
29.8023 RSS 4.50095e-13
29.9023 RSS 4.41361e-13
30 RSS 4.90697e-13
30.0023 RSS 4.50095e-13
30.1023 RSS 4.41361e-13
30.2 RSS 4.90697e-13
30.2023 RSS 4.50095e-13
30.3023 RSS 4.41361e-13
30.4 RSS 4.90697e-13
30.4023 RSS 4.50095e-13
30.5023 RSS 4.41361e-13
30.6 RSS 4.90697e-13
30.6023 RSS 4.50095e-13
30.7023 RSS 4.41361e-13
30.8 RSS 4.90697e-13
30.8023 RSS 4.50095e-13
30.9023 RSS 4.41361e-13
31 RSS 4.90697e-13
31.0023 RSS 4.50095e-13
31.1023 RSS 4.41361e-13
31.2 RSS 4.90697e-13
31.2023 RSS 4.50095e-13
31.3023 RSS 4.41361e-13
31.4 RSS 4.90697e-13
31.4023 RSS 4.50095e-13
31.5023 RSS 4.41361e-13
31.6 RSS 4.90697e-13
31.6023 RSS 4.50095e-13
31.7023 RSS 4.41361e-13
31.8 RSS 4.90697e-13
31.8023 RSS 4.50095e-13
31.9023 RSS 4.41361e-13
32 RSS 4.90697e-13
32.0023 RSS 4.50095e-13
32.1023 RSS 4.41361e-13
32.2 RSS 4.90697e-13
32.2023 RSS 4.50095e-13
32.3023 RSS 4.41361e-13
32.4 RSS 4.90697e-13
32.4023 RSS 4.50095e-13
32.5023 RSS 4.41361e-13
32.6 RSS 4.90697e-13
32.6023 RSS 4.50095e-13
32.7023 RSS 4.41361e-13
32.8 RSS 4.90697e-13
32.8023 RSS 4.50095e-13
32.9023 RSS 4.41361e-13
33 RSS 4.90697e-13
33.0023 RSS 4.50095e-13
33.1023 RSS 4.41361e-13
33.2 RSS 4.90697e-13
33.2023 RSS 4.50095e-13
33.3023 RSS 4.41361e-13
33.4 RSS 4.90697e-13
33.4023 RSS 4.50095e-13
33.5023 RSS 4.41361e-13
33.6 RSS 4.90697e-13
33.6023 RSS 4.50095e-13
33.7023 RSS 4.41361e-13
33.8 RSS 4.90697e-13
33.8023 RSS 4.50095e-13
33.9023 RSS 4.41361e-13
34 RSS 4.90697e-13
34.0023 RSS 4.50095e-13
34.1023 RSS 4.41361e-13
34.2 RSS 4.90697e-13
34.2023 RSS 4.50095e-13
34.3023 RSS 4.41361e-13
34.4 RSS 4.90697e-13
34.4023 RSS 4.50095e-13
34.5023 RSS 4.41361e-13
34.6 RSS 4.90697e-13
34.6023 RSS 4.50095e-13
34.7023 RSS 4.41361e-13
34.8 RSS 4.90697e-13
34.8023 RSS 4.50095e-13
34.9023 RSS 4.41361e-13
35 RSS 4.90697e-13
35.0023 RSS 4.50095e-13
35.1023 RSS 4.41361e-13
35.2 RSS 4.90697e-13
35.2023 RSS 4.50095e-13
35.3023 RSS 4.41361e-13
35.4 RSS 4.90697e-13
35.4023 RSS 4.50095e-13
35.5023 RSS 4.41361e-13
35.6 RSS 4.90697e-13
35.6023 RSS 4.50095e-13
35.7023 RSS 4.41361e-13
35.8 RSS 4.90697e-13
35.8023 RSS 4.50095e-13
35.9023 RSS 4.41361e-13
36 RSS 4.90697e-13
36.0023 RSS 4.50095e-13
36.1023 RSS 4.41361e-13
36.2 RSS 4.90697e-13
36.2023 RSS 4.50095e-13
36.3023 RSS 4.41361e-13
36.4 RSS 4.90697e-13
36.4023 RSS 4.50095e-13
36.5023 RSS 4.41361e-13
36.6 RSS 4.90697e-13
36.6023 RSS 4.50095e-13
36.7023 RSS 4.41361e-13
36.8 RSS 4.90697e-13
36.8023 RSS 4.50095e-13
36.9023 RSS 4.41361e-13
37 RSS 4.90697e-13
37.0023 RSS 4.50095e-13
37.1023 RSS 4.41361e-13
37.2 RSS 4.90697e-13
37.2023 RSS 4.50095e-13
37.3023 RSS 4.41361e-13
37.4 RSS 4.90697e-13
37.4023 RSS 4.50095e-13
37.5023 RSS 4.41361e-13
37.6 RSS 4.90697e-13
37.6023 RSS 4.50095e-13
37.7023 RSS 4.41361e-13
37.8 RSS 4.90697e-13
37.8023 RSS 4.50095e-13
37.9023 RSS 4.41361e-13
38 RSS 4.90697e-13
38.0023 RSS 4.50095e-13
38.1023 RSS 4.41361e-13
38.2 RSS 4.90697e-13
38.2023 RSS 4.50095e-13
38.3023 RSS 4.41361e-13
38.4 RSS 4.90697e-13
38.4023 RSS 4.50095e-13
38.5023 RSS 4.41361e-13
38.6 RSS 4.90697e-13
38.6023 RSS 4.50095e-13
38.7023 RSS 4.41361e-13
38.8 RSS 4.90697e-13
38.8023 RSS 4.50095e-13
38.9023 RSS 4.41361e-13
39 RSS 4.90697e-13
39.0023 RSS 4.50095e-13
39.1023 RSS 4.41361e-13
39.2 RSS 4.90697e-13
39.2023 RSS 4.50095e-13
39.3023 RSS 4.41361e-13
39.4 RSS 4.90697e-13
39.4023 RSS 4.50095e-13
39.5023 RSS 4.41361e-13
39.6 RSS 4.90697e-13
39.6023 RSS 4.50095e-13
39.7023 RSS 4.41361e-13
39.8 RSS 4.90697e-13
39.8023 RSS 4.50095e-13
39.9023 RSS 4.41361e-13
40 RSS 4.90697e-13
40.0023 RSS 4.50095e-13
40.1023 RSS 4.41361e-13
40.2 RSS 4.90697e-13
40.2023 RSS 4.50095e-13
40.3023 RSS 4.41361e-13
40.4 RSS 4.90697e-13
40.4023 RSS 4.50095e-13
40.5023 RSS 4.41361e-13
40.6 RSS 4.90697e-13
40.6023 RSS 4.50095e-13
40.7023 RSS 4.41361e-13
40.8 RSS 4.90697e-13
40.8023 RSS 4.50095e-13
40.9023 RSS 4.41361e-13
41 RSS 4.90697e-13
41.0023 RSS 4.50095e-13
41.1023 RSS 4.41361e-13
41.2 RSS 4.90697e-13
41.2023 RSS 4.50095e-13
41.3023 RSS 4.41361e-13
41.4 RSS 4.90697e-13
41.4023 RSS 4.50095e-13
41.5023 RSS 4.41361e-13
41.6 RSS 4.90697e-13
41.6023 RSS 4.50095e-13
41.7023 RSS 4.41361e-13
41.8 RSS 4.90697e-13
41.8023 RSS 4.50095e-13
41.9023 RSS 4.41361e-13
42 RSS 4.90697e-13
42.0023 RSS 4.50095e-13
42.1023 RSS 4.41361e-13
42.2 RSS 4.90697e-13
42.2023 RSS 4.50095e-13
42.3023 RSS 4.41361e-13
42.4 RSS 4.90697e-13
42.4023 RSS 4.50095e-13
42.5023 RSS 4.41361e-13
42.6 RSS 4.90697e-13
42.6023 RSS 4.50095e-13
42.7023 RSS 4.41361e-13
42.8 RSS 4.90697e-13
42.8023 RSS 4.50095e-13
42.9023 RSS 4.41361e-13
43 RSS 4.90697e-13
43.0023 RSS 4.50095e-13
43.1023 RSS 4.41361e-13
43.2 RSS 4.90697e-13
43.2023 RSS 4.50095e-13
43.3023 RSS 4.41361e-13
43.4 RSS 4.90697e-13
43.4023 RSS 4.50095e-13
43.5023 RSS 4.41361e-13
43.6 RSS 4.90697e-13
43.6023 RSS 4.50095e-13
43.7023 RSS 4.41361e-13
43.8 RSS 4.90697e-13
43.8023 RSS 4.50095e-13
43.9023 RSS 4.41361e-13
44 RSS 4.90697e-13
44.0023 RSS 4.50095e-13
44.1023 RSS 4.41361e-13
44.2 RSS 4.90697e-13
44.2023 RSS 4.50095e-13
44.3023 RSS 4.41361e-13
44.4 RSS 4.90697e-13
44.4023 RSS 4.50095e-13
44.5023 RSS 4.41361e-13
44.6 RSS 4.90697e-13
44.6023 RSS 4.50095e-13
44.7023 RSS 4.41361e-13
44.8 RSS 4.90697e-13
44.8023 RSS 4.50095e-13
44.9023 RSS 4.41361e-13
45 RSS 4.90697e-13
45.0023 RSS 4.50095e-13
45.1023 RSS 4.41361e-13
45.2 RSS 4.90697e-13
45.2023 RSS 4.50095e-13
45.3023 RSS 4.41361e-13
45.4 RSS 4.90697e-13
45.4023 RSS 4.50095e-13
45.5023 RSS 4.41361e-13
45.6 RSS 4.90697e-13
45.6023 RSS 4.50095e-13
45.7023 RSS 4.41361e-13
45.8 RSS 4.90697e-13
45.8023 RSS 4.50095e-13
45.9023 RSS 4.41361e-13
46 RSS 4.90697e-13
46.0023 RSS 4.50095e-13
46.1023 RSS 4.41361e-13
46.2 RSS 4.90697e-13
46.2023 RSS 4.50095e-13
46.3023 RSS 4.41361e-13
46.4 RSS 4.90697e-13
46.4023 RSS 4.50095e-13
46.5023 RSS 4.41361e-13
46.6 RSS 4.90697e-13
46.6023 RSS 4.50095e-13
46.7023 RSS 4.41361e-13
46.8 RSS 4.90697e-13
46.8023 RSS 4.50095e-13
46.9023 RSS 4.41361e-13
47 RSS 4.90697e-13
47.0023 RSS 4.50095e-13
47.1023 RSS 4.41361e-13
47.2 RSS 4.90697e-13
47.2023 RSS 4.50095e-13
47.3023 RSS 4.41361e-13
47.4 RSS 4.90697e-13
47.4023 RSS 4.50095e-13
47.5023 RSS 4.41361e-13
47.6 RSS 4.90697e-13
47.6023 RSS 4.50095e-13
47.7023 RSS 4.41361e-13
47.8 RSS 4.90697e-13
47.8023 RSS 4.50095e-13
47.9023 RSS 4.41361e-13
48 RSS 4.90697e-13
48.0023 RSS 4.50095e-13
48.1023 RSS 4.41361e-13
48.2 RSS 4.90697e-13
48.2023 RSS 4.50095e-13
48.3023 RSS 4.41361e-13
48.4 RSS 4.90697e-13
48.4023 RSS 4.50095e-13
48.5023 RSS 4.41361e-13
48.6 RSS 4.90697e-13
48.6023 RSS 4.50095e-13
48.7023 RSS 4.41361e-13
48.8 RSS 4.90697e-13
48.8023 RSS 4.50095e-13
48.9023 RSS 4.41361e-13
49 RSS 4.90697e-13
49.0023 RSS 4.50095e-13
49.1023 RSS 4.41361e-13
49.2 RSS 4.90697e-13
49.2023 RSS 4.50095e-13
49.3023 RSS 4.41361e-13
49.4 RSS 4.90697e-13
49.4023 RSS 4.50095e-13
49.5023 RSS 4.41361e-13
49.6 RSS 4.90697e-13
49.6023 RSS 4.50095e-13
49.7023 RSS 4.41361e-13
49.8 RSS 4.90697e-13
49.8023 RSS 4.50095e-13
49.9023 RSS 4.41361e-13
50 RSS 4.90697e-13
50.0023 RSS 4.50095e-13
50.1023 RSS 4.41361e-13
50.2 RSS 4.90697e-13
50.2023 RSS 4.50095e-13
50.3023 RSS 4.41361e-13
50.4 RSS 4.90697e-13
50.4023 RSS 4.50095e-13
50.5023 RSS 4.41361e-13
50.6 RSS 4.90697e-13
50.6023 RSS 4.50095e-13
50.7023 RSS 4.41361e-13
50.8 RSS 4.90697e-13
50.8023 RSS 4.50095e-13
50.9023 RSS 4.41361e-13
51 RSS 4.90697e-13
51.0023 RSS 4.50095e-13
51.1023 RSS 4.41361e-13
51.2 RSS 4.90697e-13
51.2023 RSS 4.50095e-13
51.3023 RSS 4.41361e-13
51.4 RSS 4.90697e-13
51.4023 RSS 4.50095e-13
51.5023 RSS 4.41361e-13
51.6 RSS 4.90697e-13
51.6023 RSS 4.50095e-13
51.7023 RSS 4.41361e-13
51.8 RSS 4.90697e-13
51.8023 RSS 4.50095e-13
51.9023 RSS 4.41361e-13
52 RSS 4.90697e-13
52.0023 RSS 4.50095e-13
52.1023 RSS 4.41361e-13
52.2 RSS 4.90697e-13
52.2023 RSS 4.50095e-13
52.3023 RSS 4.41361e-13
52.4 RSS 4.90697e-13
52.4023 RSS 4.50095e-13
52.5023 RSS 4.41361e-13
52.6 RSS 4.90697e-13
52.6023 RSS 4.50095e-13
52.7023 RSS 4.41361e-13
52.8 RSS 4.90697e-13
52.8023 RSS 4.50095e-13
52.9023 RSS 4.41361e-13
53 RSS 4.90697e-13
53.0023 RSS 4.50095e-13
53.1023 RSS 4.41361e-13
53.2 RSS 4.90697e-13
53.2023 RSS 4.50095e-13
53.3023 RSS 4.41361e-13
53.4 RSS 4.90697e-13
53.4023 RSS 4.50095e-13
53.5023 RSS 4.41361e-13
53.6 RSS 4.90697e-13
53.6023 RSS 4.50095e-13
53.7023 RSS 4.41361e-13
53.8 RSS 4.90697e-13
53.8023 RSS 4.50095e-13
53.9023 RSS 4.41361e-13
54 RSS 4.90697e-13
54.0023 RSS 4.50095e-13
54.1023 RSS 4.41361e-13
54.2 RSS 4.90697e-13
54.2023 RSS 4.50095e-13
54.3023 RSS 4.41361e-13
54.4 RSS 4.90697e-13
54.4023 RSS 4.50095e-13
54.5023 RSS 4.41361e-13
54.6 RSS 4.90697e-13
54.6023 RSS 4.50095e-13
54.7023 RSS 4.41361e-13
54.8 RSS 4.90697e-13
54.8023 RSS 4.50095e-13
54.9023 RSS 4.41361e-13
55 RSS 4.90697e-13
55.0023 RSS 4.50095e-13
55.1023 RSS 4.41361e-13
55.2 RSS 4.90697e-13
55.2023 RSS 4.50095e-13
55.3023 RSS 4.41361e-13
55.4 RSS 4.90697e-13
55.4023 RSS 4.50095e-13
55.5023 RSS 4.41361e-13
55.6 RSS 4.90697e-13
55.6023 RSS 4.50095e-13
55.7023 RSS 4.41361e-13
55.8 RSS 4.90697e-13
55.8023 RSS 4.50095e-13
55.9023 RSS 4.41361e-13
56 RSS 4.90697e-13
56.0023 RSS 4.50095e-13
56.1023 RSS 4.41361e-13
56.2 RSS 4.90697e-13
56.2023 RSS 4.50095e-13
56.3023 RSS 4.41361e-13
56.4 RSS 4.90697e-13
56.4023 RSS 4.50095e-13
56.5023 RSS 4.41361e-13
56.6 RSS 4.90697e-13
56.6023 RSS 4.50095e-13
56.7023 RSS 4.41361e-13
56.8 RSS 4.90697e-13
56.8023 RSS 4.50095e-13
56.9023 RSS 4.41361e-13
57 RSS 4.90697e-13
57.0023 RSS 4.50095e-13
57.1023 RSS 4.41361e-13
57.2 RSS 4.90697e-13
57.2023 RSS 4.50095e-13
57.3023 RSS 4.41361e-13
57.4 RSS 4.90697e-13
57.4023 RSS 4.50095e-13
57.5023 RSS 4.41361e-13
57.6 RSS 4.90697e-13
57.6023 RSS 4.50095e-13
57.7023 RSS 4.41361e-13
57.8 RSS 4.90697e-13
57.8023 RSS 4.50095e-13
57.9023 RSS 4.41361e-13
58 RSS 4.90697e-13
58.0023 RSS 4.50095e-13
58.1023 RSS 4.41361e-13
58.2 RSS 4.90697e-13
58.2023 RSS 4.50095e-13
58.3023 RSS 4.41361e-13
58.4 RSS 4.90697e-13
58.4023 RSS 4.50095e-13
58.5023 RSS 4.41361e-13
58.6 RSS 4.90697e-13
58.6023 RSS 4.50095e-13
58.7023 RSS 4.41361e-13
58.8 RSS 4.90697e-13
58.8023 RSS 4.50095e-13
58.9023 RSS 4.41361e-13
59 RSS 4.90697e-13
59.0023 RSS 4.50095e-13
59.1023 RSS 4.41361e-13
59.2 RSS 4.90697e-13
59.2023 RSS 4.50095e-13
59.3023 RSS 4.41361e-13
59.4 RSS 4.90697e-13
59.4023 RSS 4.50095e-13
59.5023 RSS 4.41361e-13
59.6 RSS 4.90697e-13
59.6023 RSS 4.50095e-13
59.7023 RSS 4.41361e-13
59.8 RSS 4.90697e-13
59.8023 RSS 4.50095e-13
59.9023 RSS 4.41361e-13
Actual PDR = 0
Actual RSS = 4.90697e-13
Actual Average Packet RSS = 4.97896e-13
