0 RSS 4.41361e-13
0.00121738 RSS 1.08254e-09
0.00352138 RSS 4.41361e-13
0.00352138 PRSS 2.08218e-09
--
Received one packet! Socket: 10.1.1.1 port: 49153 at time = 0.00352138
--
0.203521 RSS 1.00007e-09
0.403521 RSS -9.99191e-10
0.503521 RSS 4.41361e-13
0.603521 RSS 1.00007e-09
0.803521 RSS -9.99191e-10
0.903521 RSS 4.41361e-13
1.0038 RSS 1.08254e-09
1.0061 RSS 4.41361e-13
--
Received one packet! Socket: 10.1.1.1 port: 49153 at time = 1.0061
--
1.4061 RSS 1.00007e-09
1.8061 RSS 4.41361e-13
1.9061 RSS 1.00007e-09
2.00471 RSS 1.08254e-09
2.00702 RSS 4.41361e-13
--
Received one packet! Socket: 10.1.1.1 port: 49153 at time = 2.00702
--
2.10702 RSS -9.99191e-10
2.30702 RSS 1.00007e-09
2.40702 RSS -9.99191e-10
2.50702 RSS 1.00007e-09
2.60702 RSS 4.41361e-13
2.80702 RSS 1.00007e-09
3.0042 RSS 1.08254e-09
3.00651 RSS -9.99191e-10
3.00651 PRSS 1.95942e-09
--
Received one packet! Socket: 10.1.1.1 port: 49153 at time = 3.00651
--
3.10651 RSS 1.00007e-09
3.30651 RSS 4.41361e-13
3.50651 RSS -9.99191e-10
3.60651 RSS 1.00007e-09
3.70651 RSS -9.99191e-10
3.80651 RSS 4.41361e-13
3.90651 RSS -9.99191e-10
4.00249 RSS 1.08254e-09
4.00479 RSS 1.00007e-09
4.00479 PRSS 2.38778e-09
--
Received one packet! Socket: 10.1.1.1 port: 49153 at time = 4.00479
--
4.40479 RSS 4.41361e-13
4.50479 RSS 1.00007e-09
4.60479 RSS 4.41361e-13
4.70479 RSS 1.00007e-09
4.90479 RSS 4.41361e-13
5.00071 RSS 1.08254e-09
5.00301 RSS 1.00007e-09
5.00301 PRSS 3.03299e-09
--
Received one packet! Socket: 10.1.1.1 port: 49153 at time = 5.00301
--
5.10301 RSS 4.41361e-13
5.20301 RSS 1.00007e-09
5.60301 RSS 4.41361e-13
5.70301 RSS -9.99191e-10
5.80301 RSS 4.41361e-13
6.00301 RSS 1.00007e-09
6.00429 RSS 1.08254e-09
6.00659 RSS 4.41361e-13
6.00659 PRSS 1.62313e-09
--
Received one packet! Socket: 10.1.1.1 port: 49153 at time = 6.00659
--
6.10659 RSS 1.00007e-09
6.50659 RSS -9.99191e-10
6.70659 RSS 4.41361e-13
6.80659 RSS 1.00007e-09
7.00195 RSS 1.08254e-09
7.00426 RSS 1.00007e-09
7.00426 PRSS 1.99416e-09
--
Received one packet! Socket: 10.1.1.1 port: 49153 at time = 7.00426
--
7.10426 RSS 4.41361e-13
7.20426 RSS 1.00007e-09
7.30426 RSS 4.41361e-13
7.50426 RSS 1.00007e-09
7.60426 RSS 4.41361e-13
7.70426 RSS 1.00007e-09
7.80426 RSS 4.41361e-13
7.90426 RSS -9.99191e-10
8.00061 RSS 1.08254e-09
8.00291 RSS 4.41361e-13
8.00291 PRSS 2.08218e-09
--
Received one packet! Socket: 10.1.1.1 port: 49153 at time = 8.00291
--
8.30291 RSS 1.00007e-09
8.40291 RSS 4.41361e-13
8.50291 RSS 1.00007e-09
8.70291 RSS 4.41361e-13
8.80291 RSS 1.00007e-09
8.90291 RSS 4.41361e-13
9.00402 RSS 1.08254e-09
9.00632 RSS 4.41361e-13
9.00632 PRSS 1.08254e-09
--
Received one packet! Socket: 10.1.1.1 port: 49153 at time = 9.00632
--
9.30632 RSS 1.00007e-09
9.40632 RSS 4.41361e-13
9.50632 RSS 1.00007e-09
9.70632 RSS 4.41361e-13
10.0005 RSS 1.08254e-09
10.0028 RSS 4.41361e-13
--
Received one packet! Socket: 10.1.1.1 port: 49153 at time = 10.0028
--
10.3028 RSS 1.00007e-09
10.4028 RSS 4.41361e-13
10.5028 RSS 1.00007e-09
10.6028 RSS 4.41361e-13
10.9028 RSS 1.00007e-09
11.001 RSS 1.08254e-09
11.0033 RSS 4.41361e-13
11.0033 PRSS 2.08218e-09
--
Received one packet! Socket: 10.1.1.1 port: 49153 at time = 11.0033
--
11.1033 RSS 1.00007e-09
11.3033 RSS 4.41361e-13
11.4033 RSS 1.00007e-09
12.0011 RSS 1.08254e-09
12.0034 RSS -9.99191e-10
12.0034 PRSS 2.67484e-09
--
Received one packet! Socket: 10.1.1.1 port: 49153 at time = 12.0034
--
12.1034 RSS 1.00007e-09
12.2034 RSS 4.41361e-13
12.3034 RSS 1.00007e-09
12.4034 RSS 4.41361e-13
12.5034 RSS -9.99191e-10
12.6034 RSS 1.00007e-09
13.0041 RSS 1.08254e-09
13.0064 RSS 4.41361e-13
13.0064 PRSS 2.08218e-09
--
Received one packet! Socket: 10.1.1.1 port: 49153 at time = 13.0064
--
13.1064 RSS 1.00007e-09
13.3064 RSS 4.41361e-13
13.4064 RSS 1.00007e-09
13.5064 RSS 4.41361e-13
13.6064 RSS 1.00007e-09
13.7064 RSS 4.41361e-13
13.8064 RSS 1.00007e-09
13.9064 RSS 4.41361e-13
14.0007 RSS 1.08254e-09
14.003 RSS 4.41361e-13
--
Received one packet! Socket: 10.1.1.1 port: 49153 at time = 14.003
--
14.103 RSS 1.00007e-09
14.203 RSS -9.99191e-10
14.303 RSS 1.00007e-09
15.0004 RSS 1.08254e-09
15.0027 RSS -9.99191e-10
15.0027 PRSS 3.02004e-09
--
Received one packet! Socket: 10.1.1.1 port: 49153 at time = 15.0027
--
15.1027 RSS 1.00007e-09
15.2027 RSS 4.41361e-13
15.3027 RSS 1.00007e-09
15.7027 RSS 4.41361e-13
15.8027 RSS 1.00007e-09
16.0028 RSS 1.08254e-09
16.0051 RSS 4.41361e-13
16.0051 PRSS 3.08181e-09
--
Received one packet! Socket: 10.1.1.1 port: 49153 at time = 16.0051
--
16.4051 RSS 1.00007e-09
16.6051 RSS 4.41361e-13
16.8051 RSS 1.00007e-09
16.9051 RSS 4.41361e-13
17.0018 RSS 1.08254e-09
17.0041 RSS 1.00007e-09
17.0041 PRSS 1.74409e-09
--
Received one packet! Socket: 10.1.1.1 port: 49153 at time = 17.0041
--
17.4041 RSS 4.41361e-13
17.6041 RSS 1.00007e-09
18.0047 RSS 1.08254e-09
18.007 RSS 4.41361e-13
18.007 PRSS 2.08218e-09
--
Received one packet! Socket: 10.1.1.1 port: 49153 at time = 18.007
--
18.107 RSS 1.00007e-09
18.307 RSS 4.41361e-13
18.407 RSS 1.00007e-09
18.507 RSS 4.41361e-13
18.907 RSS 1.00007e-09
19.0038 RSS 1.08254e-09
19.0061 RSS 1.00007e-09
19.0061 PRSS 2.01393e-09
--
Received one packet! Socket: 10.1.1.1 port: 49153 at time = 19.0061
--
19.3061 RSS -9.99191e-10
19.4061 RSS 1.00007e-09
19.5061 RSS 4.41361e-13
19.7061 RSS -9.99191e-10
19.9061 RSS 4.41361e-13
20.0027 RSS 1.08254e-09
20.005 RSS 1.00007e-09
20.005 PRSS 1.503e-09
--
Received one packet! Socket: 10.1.1.1 port: 49153 at time = 20.005
--
20.105 RSS -9.99191e-10
20.205 RSS 4.41361e-13
20.305 RSS 1.00007e-09
20.505 RSS -9.99191e-10
20.605 RSS 1.00007e-09
20.805 RSS 4.41361e-13
20.905 RSS 1.00007e-09
21.0011 RSS 1.08254e-09
21.0034 RSS 1.00007e-09
21.0034 PRSS 2.20535e-09
--
Received one packet! Socket: 10.1.1.1 port: 49153 at time = 21.0034
--
21.2034 RSS 4.41361e-13
21.4034 RSS 1.00007e-09
21.5034 RSS 4.41361e-13
21.6034 RSS 1.00007e-09
21.8034 RSS -9.99191e-10
22.0033 RSS 1.08254e-09
22.0056 RSS -9.99191e-10
22.0056 PRSS 1.79952e-09
--
Received one packet! Socket: 10.1.1.1 port: 49153 at time = 22.0056
--
22.1056 RSS 4.41361e-13
22.3056 RSS -9.99191e-10
22.4056 RSS 1.00007e-09
22.5056 RSS 4.41361e-13
22.7056 RSS 1.00007e-09
22.8056 RSS 4.41361e-13
22.9056 RSS -9.99191e-10
23.0031 RSS 1.08254e-09
23.0054 RSS 1.00007e-09
23.0054 PRSS 1.98263e-09
--
Received one packet! Socket: 10.1.1.1 port: 49153 at time = 23.0054
--
23.2054 RSS -9.99191e-10
23.3054 RSS 1.00007e-09
23.4054 RSS 4.41361e-13
23.5054 RSS 1.00007e-09
23.6054 RSS -9.99191e-10
23.7054 RSS 1.00007e-09
24.0004 RSS 1.08254e-09
24.0027 RSS -9.99191e-10
24.0027 PRSS 2.86273e-09
--
Received one packet! Socket: 10.1.1.1 port: 49153 at time = 24.0027
--
24.1027 RSS 1.00007e-09
24.2027 RSS 4.41361e-13
24.5027 RSS -9.99191e-10
24.7027 RSS 1.00007e-09
24.8027 RSS 4.41361e-13
24.9027 RSS 1.00007e-09
25.0015 RSS 1.08254e-09
25.0038 RSS -9.99191e-10
25.0038 PRSS 2.22313e-09
--
Received one packet! Socket: 10.1.1.1 port: 49153 at time = 25.0038
--
25.1038 RSS 4.41361e-13
25.6038 RSS -9.99191e-10
25.7038 RSS 1.00007e-09
26.0015 RSS 1.08254e-09
26.0038 RSS 4.41361e-13
26.0038 PRSS 2.08218e-09
--
Received one packet! Socket: 10.1.1.1 port: 49153 at time = 26.0038
--
26.1038 RSS 1.00007e-09
26.2038 RSS 4.41361e-13
26.3038 RSS 1.00007e-09
26.5038 RSS 4.41361e-13
26.6038 RSS 1.00007e-09
26.7038 RSS -9.99191e-10
26.8038 RSS 4.41361e-13
26.9038 RSS 1.00007e-09
27.0038 RSS 4.41361e-13
27.0039 RSS 1.08254e-09
27.0062 RSS 4.41361e-13
27.0062 PRSS 2.17068e-09
--
Received one packet! Socket: 10.1.1.1 port: 49153 at time = 27.0062
--
27.2062 RSS -9.99191e-10
27.3062 RSS 4.41361e-13
27.5062 RSS 1.00007e-09
27.8062 RSS -9.99191e-10
27.9062 RSS 1.00007e-09
28.0037 RSS 1.08254e-09
28.006 RSS 4.41361e-13
28.006 PRSS 2.08218e-09
--
Received one packet! Socket: 10.1.1.1 port: 49153 at time = 28.006
--
28.106 RSS 1.00007e-09
28.206 RSS 4.41361e-13
28.406 RSS 1.00007e-09
28.506 RSS 4.41361e-13
28.706 RSS 1.00007e-09
29.0043 RSS 1.08254e-09
29.0066 RSS 1.00007e-09
29.0066 PRSS 2.28776e-09
--
Received one packet! Socket: 10.1.1.1 port: 49153 at time = 29.0066
--
29.2066 RSS -9.99191e-10
29.4066 RSS 1.00007e-09
29.7066 RSS -9.99191e-10
29.8066 RSS 1.00007e-09
30.0005 RSS 1.08254e-09
30.0028 RSS 4.41361e-13
30.0028 PRSS 1.08254e-09
--
Received one packet! Socket: 10.1.1.1 port: 49153 at time = 30.0028
--
30.1028 RSS 1.00007e-09
30.3028 RSS -9.99191e-10
30.4028 RSS 4.41361e-13
30.6028 RSS -9.99191e-10
30.7028 RSS 1.00007e-09
31.0003 RSS 1.08254e-09
31.0026 RSS 1.00007e-09
31.0026 PRSS 2.22355e-09
--
Received one packet! Socket: 10.1.1.1 port: 49153 at time = 31.0026
--
31.1026 RSS -9.99191e-10
31.2026 RSS 1.00007e-09
31.6026 RSS 4.41361e-13
31.7026 RSS 1.00007e-09
31.8026 RSS -9.99191e-10
31.9026 RSS 1.00007e-09
32.0026 RSS 4.41361e-13
32.0047 RSS 1.08254e-09
32.007 RSS -9.99191e-10
32.007 PRSS 1.61486e-09
--
Received one packet! Socket: 10.1.1.1 port: 49153 at time = 32.007
--
32.107 RSS 1.00007e-09
32.207 RSS 4.41361e-13
32.307 RSS 1.00007e-09
32.807 RSS 4.41361e-13
32.907 RSS 1.00007e-09
33.0013 RSS 1.08254e-09
33.0036 RSS -9.99191e-10
33.0036 PRSS 1.85243e-09
--
Received one packet! Socket: 10.1.1.1 port: 49153 at time = 33.0036
--
33.1036 RSS 1.00007e-09
33.2036 RSS -9.99191e-10
33.4036 RSS 4.41361e-13
33.6036 RSS 1.00007e-09
33.7036 RSS -9.99191e-10
33.8036 RSS 1.00007e-09
33.9036 RSS 4.41361e-13
34.0016 RSS 1.08254e-09
34.0039 RSS 1.00007e-09
34.0039 PRSS 2.73153e-09
--
Received one packet! Socket: 10.1.1.1 port: 49153 at time = 34.0039
--
34.2039 RSS 4.41361e-13
34.3039 RSS 1.00007e-09
34.4039 RSS -9.99191e-10
34.5039 RSS 1.00007e-09
35.0022 RSS 1.08254e-09
35.0045 RSS 1.00007e-09
35.0045 PRSS 2.03358e-09
--
Received one packet! Socket: 10.1.1.1 port: 49153 at time = 35.0045
--
35.1045 RSS 4.41361e-13
35.2045 RSS -9.99191e-10
35.4045 RSS 1.00007e-09
35.5045 RSS -9.99191e-10
35.6045 RSS 4.41361e-13
35.7045 RSS 1.00007e-09
36.0029 RSS 1.08254e-09
36.0052 RSS 4.41361e-13
36.0052 PRSS 1.38879e-09
--
Received one packet! Socket: 10.1.1.1 port: 49153 at time = 36.0052
--
36.1052 RSS 1.00007e-09
36.2052 RSS -9.99191e-10
36.3052 RSS 4.41361e-13
36.5052 RSS 1.00007e-09
36.6052 RSS -9.99191e-10
36.7052 RSS 1.00007e-09
36.9052 RSS -9.99191e-10
37.0049 RSS 1.08254e-09
37.0072 RSS 1.00007e-09
37.0072 PRSS 1.4998e-09
--
Received one packet! Socket: 10.1.1.1 port: 49153 at time = 37.0072
--
37.3072 RSS -9.99191e-10
37.5072 RSS 4.41361e-13
37.9072 RSS 1.00007e-09
38.0034 RSS 1.08254e-09
38.0057 RSS -9.99191e-10
38.0057 PRSS 2.50662e-09
--
Received one packet! Socket: 10.1.1.1 port: 49153 at time = 38.0057
--
38.1057 RSS 1.00007e-09
38.2057 RSS -9.99191e-10
38.3057 RSS 4.41361e-13
38.5057 RSS -9.99191e-10
38.6057 RSS 4.41361e-13
38.7057 RSS 1.00007e-09
38.8057 RSS 4.41361e-13
38.9057 RSS 1.00007e-09
39.0035 RSS 1.08254e-09
39.0058 RSS 4.41361e-13
39.0058 PRSS 3.08181e-09
--
Received one packet! Socket: 10.1.1.1 port: 49153 at time = 39.0058
--
39.1058 RSS 1.00007e-09
39.2058 RSS 4.41361e-13
39.3058 RSS -9.99191e-10
39.4058 RSS 4.41361e-13
39.5058 RSS 1.00007e-09
39.7058 RSS -9.99191e-10
39.8058 RSS 4.41361e-13
40.0016 RSS 1.08254e-09
40.0039 RSS 1.00007e-09
40.0039 PRSS 2.03585e-09
--
Received one packet! Socket: 10.1.1.1 port: 49153 at time = 40.0039
--
40.1039 RSS -9.99191e-10
40.2039 RSS 1.00007e-09
40.3039 RSS 4.41361e-13
40.4039 RSS 1.00007e-09
40.5039 RSS -9.99191e-10
40.6039 RSS 1.00007e-09
40.8039 RSS 4.41361e-13
40.9039 RSS 1.00007e-09
41.0007 RSS 1.08254e-09
41.003 RSS 4.41361e-13
41.003 PRSS 2.08218e-09
--
Received one packet! Socket: 10.1.1.1 port: 49153 at time = 41.003
--
41.103 RSS 1.00007e-09
41.403 RSS 4.41361e-13
41.603 RSS 1.00007e-09
41.903 RSS -9.99191e-10
42.003 RSS 1.00007e-09
42.0043 RSS 1.08254e-09
42.0066 RSS 1.00007e-09
42.0066 PRSS 3.08116e-09
--
Received one packet! Socket: 10.1.1.1 port: 49153 at time = 42.0066
--
42.1066 RSS 4.41361e-13
42.3066 RSS 1.00007e-09
42.7066 RSS 4.41361e-13
42.9066 RSS 1.00007e-09
43.0037 RSS 1.08254e-09
43.006 RSS 4.41361e-13
43.006 PRSS 2.08218e-09
--
Received one packet! Socket: 10.1.1.1 port: 49153 at time = 43.006
--
43.206 RSS 1.00007e-09
43.306 RSS 4.41361e-13
43.406 RSS 1.00007e-09
43.506 RSS 4.41361e-13
43.706 RSS 1.00007e-09
43.806 RSS 4.41361e-13
44.0013 RSS 1.08254e-09
44.0036 RSS 4.41361e-13
--
Received one packet! Socket: 10.1.1.1 port: 49153 at time = 44.0036
--
44.1036 RSS 1.00007e-09
44.2036 RSS 4.41361e-13
44.3036 RSS 1.00007e-09
44.6036 RSS 4.41361e-13
44.7036 RSS 1.00007e-09
44.8036 RSS -9.99191e-10
45.0008 RSS 1.08254e-09
45.0031 RSS 1.00007e-09
45.0031 PRSS 1.35286e-09
--
Received one packet! Socket: 10.1.1.1 port: 49153 at time = 45.0031
--
45.1031 RSS 4.41361e-13
45.2031 RSS 1.00007e-09
45.3031 RSS 4.41361e-13
45.6031 RSS -9.99191e-10
45.7031 RSS 4.41361e-13
46.0027 RSS 1.08254e-09
46.005 RSS 4.41361e-13
46.005 PRSS 2.08218e-09
--
Received one packet! Socket: 10.1.1.1 port: 49153 at time = 46.005
--
46.205 RSS 1.00007e-09
46.705 RSS 4.41361e-13
46.805 RSS 1.00007e-09
47.004 RSS 1.08254e-09
47.0063 RSS 1.00007e-09
47.0063 PRSS 2.92108e-09
--
Received one packet! Socket: 10.1.1.1 port: 49153 at time = 47.0063
--
47.2063 RSS 4.41361e-13
47.3063 RSS 1.00007e-09
47.7063 RSS 4.41361e-13
47.8063 RSS 1.00007e-09
47.9063 RSS 4.41361e-13
48.0018 RSS 1.08254e-09
48.0041 RSS 4.41361e-13
48.0041 PRSS 3.08181e-09
--
Received one packet! Socket: 10.1.1.1 port: 49153 at time = 48.0041
--
48.1041 RSS 1.00007e-09
48.4041 RSS 4.41361e-13
48.6041 RSS 1.00007e-09
48.9041 RSS -9.99191e-10
49.0024 RSS 1.08254e-09
49.0047 RSS 4.41361e-13
--
Received one packet! Socket: 10.1.1.1 port: 49153 at time = 49.0047
--
49.1047 RSS 1.00007e-09
49.3047 RSS 4.41361e-13
49.4047 RSS -9.99191e-10
49.5047 RSS 4.41361e-13
49.6047 RSS 1.00007e-09
49.7047 RSS -9.99191e-10
49.8047 RSS 1.00007e-09
49.9047 RSS 4.41361e-13
50 RSS 1.08254e-09
50.0023 RSS 4.41361e-13
50.0023 PRSS 2.78312e-09
--
Received one packet! Socket: 10.1.1.1 port: 49153 at time = 50.0023
--
50.2023 RSS 1.00007e-09
50.3023 RSS -9.99191e-10
50.4023 RSS 1.00007e-09
50.5023 RSS 4.41361e-13
50.6023 RSS -9.99191e-10
50.7023 RSS 1.00007e-09
51.0024 RSS 1.08254e-09
51.0047 RSS -9.99191e-10
51.0047 PRSS 2.40558e-09
--
Received one packet! Socket: 10.1.1.1 port: 49153 at time = 51.0047
--
51.1047 RSS 4.41361e-13
51.3047 RSS -9.99191e-10
51.4047 RSS 1.00007e-09
51.5047 RSS 4.41361e-13
51.6047 RSS 1.00007e-09
51.9047 RSS 4.41361e-13
52.0013 RSS 1.08254e-09
52.0036 RSS 1.00007e-09
52.0036 PRSS 1.92026e-09
--
Received one packet! Socket: 10.1.1.1 port: 49153 at time = 52.0036
--
52.2036 RSS 4.41361e-13
52.6036 RSS -9.99191e-10
52.7036 RSS 1.00007e-09
53.0037 RSS 1.08254e-09
53.006 RSS 4.41361e-13
53.006 PRSS 2.08218e-09
--
Received one packet! Socket: 10.1.1.1 port: 49153 at time = 53.006
--
53.106 RSS 1.00007e-09
53.506 RSS 4.41361e-13
53.606 RSS 1.00007e-09
53.906 RSS 4.41361e-13
54.0044 RSS 1.08254e-09
54.0067 RSS 4.41361e-13
--
Received one packet! Socket: 10.1.1.1 port: 49153 at time = 54.0067
--
54.1067 RSS -9.99191e-10
54.2067 RSS 4.41361e-13
54.3067 RSS 1.00007e-09
54.5067 RSS 4.41361e-13
54.6067 RSS -9.99191e-10
54.7067 RSS 4.41361e-13
55.003 RSS 1.08254e-09
55.0053 RSS 4.41361e-13
--
Received one packet! Socket: 10.1.1.1 port: 49153 at time = 55.0053
--
55.1053 RSS 1.00007e-09
55.2053 RSS 4.41361e-13
55.5053 RSS 1.00007e-09
55.6053 RSS 4.41361e-13
55.9053 RSS -9.99191e-10
56.0026 RSS 1.08254e-09
56.0049 RSS 1.00007e-09
56.0049 PRSS 1.50416e-09
--
Received one packet! Socket: 10.1.1.1 port: 49153 at time = 56.0049
--
56.3049 RSS -9.99191e-10
56.4049 RSS 4.41361e-13
56.5049 RSS 1.00007e-09
56.8049 RSS 4.41361e-13
56.9049 RSS 1.00007e-09
57.0038 RSS 1.08254e-09
57.0061 RSS 4.41361e-13
57.0061 PRSS 1.08254e-09
--
Received one packet! Socket: 10.1.1.1 port: 49153 at time = 57.0061
--
57.1061 RSS 1.00007e-09
57.7061 RSS -9.99191e-10
57.8061 RSS 1.00007e-09
58.0045 RSS 1.08254e-09
58.0068 RSS 4.41361e-13
58.0068 PRSS 2.08218e-09
--
Received one packet! Socket: 10.1.1.1 port: 49153 at time = 58.0068
--
58.1068 RSS -9.99191e-10
58.2068 RSS 4.41361e-13
58.4068 RSS 1.00007e-09
58.5068 RSS 4.41361e-13
58.7068 RSS 1.00007e-09
58.9068 RSS -9.99191e-10
59.0006 RSS 1.08254e-09
59.0029 RSS 1.00007e-09
59.0029 PRSS 2.24382e-09
--
Received one packet! Socket: 10.1.1.1 port: 49153 at time = 59.0029
--
59.1029 RSS 4.41361e-13
59.4029 RSS 1.00007e-09
59.5029 RSS -9.99191e-10
59.6029 RSS 1.00007e-09
59.7029 RSS 4.41361e-13
59.8029 RSS 1.00007e-09
Actual PDR = 1
Actual RSS = 1.08254e-09
Actual Average Packet RSS = 3.08181e-09
