0 RSS 4.41361e-13
0.00121738 RSS 1.08254e-09
0.00352138 RSS 4.41361e-13
0.00352138 PRSS 6.36109e-09
0.102164 RSS 1.08254e-09
0.104468 RSS 4.41361e-13
0.202825 RSS 1.08254e-09
0.205129 RSS -5.27811e-09
0.205129 PRSS 4.63426e-09
0.30248 RSS 1.08254e-09
0.304784 RSS 4.41361e-13
0.304784 PRSS 7.71945e-09
0.403958 RSS 1.08254e-09
0.406262 RSS 4.41361e-13
0.406262 PRSS 6.36109e-09
0.500655 RSS 1.08254e-09
0.502959 RSS 4.41361e-13
0.502959 PRSS 9.71585e-09
0.600699 RSS 1.08254e-09
0.603003 RSS -5.27811e-09
0.603003 PRSS 7.14027e-09
0.703003 RSS 5.27899e-09
0.704718 RSS 1.08254e-09
0.707022 RSS -1.05567e-08
0.707022 PRSS 5.86807e-09
0.804654 RSS 1.08254e-09
0.806958 RSS 5.27899e-09
0.806958 PRSS 1.16396e-08
0.902031 RSS 1.08254e-09
0.904335 RSS 4.41361e-13
0.904335 PRSS 6.36109e-09
1.00126 RSS 1.08254e-09
1.00357 RSS -5.27811e-09
1.10286 RSS 1.08254e-09
1.10516 RSS 5.27899e-09
1.10516 PRSS 1.69076e-09
--
Received one packet! Socket: 10.1.1.1 port: 49153 at time = 1.10516
--
1.20389 RSS 1.08254e-09
1.20619 RSS 4.41361e-13
1.20619 PRSS 6.29334e-09
1.30394 RSS 1.08254e-09
1.30625 RSS 4.41361e-13
1.30625 PRSS 1.08254e-09
--
Received one packet! Socket: 10.1.1.1 port: 49153 at time = 1.30625
--
1.40331 RSS 1.08254e-09
1.40562 RSS 4.41361e-13
1.40562 PRSS 8.68985e-09
1.50011 RSS 1.08254e-09
1.50242 RSS 4.41361e-13
1.50242 PRSS 6.36109e-09
1.60242 RSS 5.27899e-09
1.60288 RSS 1.08254e-09
1.60518 RSS -5.27811e-09
1.60518 PRSS 8.71327e-09
1.70267 RSS 1.08254e-09
1.70498 RSS 4.41361e-13
1.70498 PRSS 6.36109e-09
1.80467 RSS 1.08254e-09
1.80697 RSS -5.27811e-09
1.80697 PRSS 7.64663e-09
1.90238 RSS 1.08254e-09
1.90469 RSS 4.41361e-13
1.90469 PRSS 1.72464e-09
2.00251 RSS 1.08254e-09
2.00482 RSS 5.27899e-09
2.00482 PRSS 5.08079e-09
2.10255 RSS 1.08254e-09
2.10486 RSS 5.27899e-09
2.10486 PRSS 1.09215e-08
2.20072 RSS 1.08254e-09
2.20302 RSS -5.27811e-09
2.20302 PRSS 8.85224e-09
2.30302 RSS -5.27811e-09
2.30453 RSS 1.08254e-09
2.30684 RSS 4.41361e-13
2.30684 PRSS 6.36109e-09
2.40261 RSS 1.08254e-09
2.40491 RSS -5.27811e-09
2.40491 PRSS 6.40338e-09
2.50096 RSS 1.08254e-09
2.50326 RSS 4.41361e-13
2.50326 PRSS 6.36109e-09
2.60309 RSS 1.08254e-09
2.60539 RSS 4.41361e-13
2.60539 PRSS 1.16396e-08
2.70459 RSS 1.08254e-09
2.70689 RSS 4.41361e-13
2.70689 PRSS 6.36109e-09
2.80235 RSS 1.08254e-09
2.80465 RSS -5.27811e-09
2.80465 PRSS 7.73361e-09
2.90327 RSS 1.08254e-09
2.90557 RSS -5.27811e-09
2.90557 PRSS 5.06545e-09
3.00104 RSS 1.08254e-09
3.00334 RSS 4.41361e-13
3.00334 PRSS 1.51878e-09
3.10334 RSS 4.41361e-13
3.10405 RSS 1.08254e-09
3.10636 RSS 4.41361e-13
3.10636 PRSS 4.75225e-09
3.20052 RSS 1.08254e-09
3.20282 RSS -5.27811e-09
3.20282 PRSS 7.39764e-09
3.30061 RSS 1.08254e-09
3.30292 RSS -5.27811e-09
3.30292 PRSS 8.38748e-09
3.40197 RSS 1.08254e-09
3.40428 RSS -5.27811e-09
3.40428 PRSS 1.16285e-08
3.50296 RSS 1.08254e-09
3.50527 RSS -5.27811e-09
3.50527 PRSS 6.36109e-09
3.60331 RSS 1.08254e-09
3.60562 RSS 4.41361e-13
3.70236 RSS 1.08254e-09
3.70467 RSS -5.27811e-09
3.70467 PRSS 3.92455e-09
3.80431 RSS 1.08254e-09
3.80662 RSS 4.41361e-13
3.80662 PRSS 6.36109e-09
3.9011 RSS 1.08254e-09
3.9034 RSS 5.27899e-09
3.9034 PRSS 1.03174e-08
4.00062 RSS 1.08254e-09
4.00292 RSS 5.27899e-09
4.00292 PRSS 4.21573e-09
4.10292 RSS 5.27899e-09
4.10363 RSS 1.08254e-09
4.10593 RSS -5.27811e-09
4.10593 PRSS 7.39845e-09
4.20114 RSS 1.08254e-09
4.20345 RSS 5.27899e-09
4.20345 PRSS 9.56992e-09
4.30345 RSS 4.41361e-13
4.30477 RSS 1.08254e-09
4.30707 RSS 4.41361e-13
4.30707 PRSS 1.08254e-09
--
Received one packet! Socket: 10.1.1.1 port: 49153 at time = 4.30707
--
4.40414 RSS 1.08254e-09
4.40644 RSS -5.27811e-09
4.40644 PRSS 7.21308e-09
4.50033 RSS 1.08254e-09
4.50263 RSS -5.27811e-09
4.50263 PRSS 3.84922e-09
4.60263 RSS -5.27811e-09
4.60469 RSS 1.08254e-09
4.60699 RSS 4.41361e-13
4.60699 PRSS 6.36109e-09
4.70185 RSS 1.08254e-09
4.70415 RSS 4.41361e-13
4.8004 RSS 1.08254e-09
4.80271 RSS 4.41361e-13
4.90105 RSS 1.08254e-09
4.90335 RSS -5.27811e-09
4.90335 PRSS 5.0769e-09
5.00335 RSS 4.41361e-13
5.00393 RSS 1.08254e-09
5.00623 RSS -5.27811e-09
5.00623 PRSS 5.99484e-09
5.1022 RSS 1.08254e-09
5.10451 RSS 4.41361e-13
5.10451 PRSS 6.36109e-09
5.20268 RSS 1.08254e-09
5.20498 RSS 5.27899e-09
5.20498 PRSS 9.61842e-09
5.30234 RSS 1.08254e-09
5.30465 RSS 5.27899e-09
5.30465 PRSS 6.89274e-09
5.40384 RSS 1.08254e-09
5.40614 RSS 5.27899e-09
5.40614 PRSS 8.17922e-09
5.50349 RSS 1.08254e-09
5.50579 RSS 5.27899e-09
5.50579 PRSS 1.07932e-08
5.60275 RSS 1.08254e-09
5.60505 RSS 4.41361e-13
5.60505 PRSS 4.74935e-09
5.70456 RSS 1.08254e-09
5.70687 RSS -1.05567e-08
5.70687 PRSS 5.28151e-09
5.80046 RSS 1.08254e-09
5.80276 RSS 4.41361e-13
5.80276 PRSS 4.9767e-09
5.90276 RSS 4.41361e-13
5.90489 RSS 1.08254e-09
5.90719 RSS 5.27899e-09
5.90719 PRSS 1.61813e-09
6.00457 RSS 1.08254e-09
6.00688 RSS -5.27811e-09
6.00688 PRSS 1.04313e-08
6.1034 RSS 1.08254e-09
6.1057 RSS 4.41361e-13
6.1057 PRSS 6.36109e-09
6.20374 RSS 1.08254e-09
6.20604 RSS -5.27811e-09
6.20604 PRSS 5.71881e-09
6.30411 RSS 1.08254e-09
6.30641 RSS 4.41361e-13
6.30641 PRSS 1.16396e-08
6.40045 RSS 1.08254e-09
6.40275 RSS 4.41361e-13
6.40275 PRSS 6.36109e-09
6.50275 RSS 4.41361e-13
6.50398 RSS 1.08254e-09
6.50628 RSS 5.27899e-09
6.50628 PRSS 4.68772e-09
6.60263 RSS 1.08254e-09
6.60493 RSS 1.05575e-08
6.60493 PRSS 3.79418e-09
6.7024 RSS 1.08254e-09
6.7047 RSS 5.27899e-09
6.7047 PRSS 6.36109e-09
6.80112 RSS 1.08254e-09
6.80342 RSS -5.27811e-09
6.80342 PRSS 2.318e-09
6.90019 RSS 1.08254e-09
6.9025 RSS 5.27899e-09
6.9025 PRSS 7.13493e-09
7.0025 RSS 4.41361e-13
7.00471 RSS 1.08254e-09
7.00701 RSS 4.41361e-13
7.00701 PRSS 6.36109e-09
7.10145 RSS 1.08254e-09
7.10375 RSS 4.41361e-13
7.20078 RSS 1.08254e-09
7.20309 RSS 4.41361e-13
7.30309 RSS 5.27899e-09
7.30375 RSS 1.08254e-09
7.30605 RSS 4.41361e-13
7.40434 RSS 1.08254e-09
7.40664 RSS 5.27899e-09
7.40664 PRSS 1.01691e-08
7.50097 RSS 1.08254e-09
7.50327 RSS -5.27811e-09
7.50327 PRSS 6.04713e-09
7.60327 RSS 5.27899e-09
7.60471 RSS 1.08254e-09
7.60702 RSS -5.27811e-09
7.60702 PRSS 7.37715e-09
7.70307 RSS 1.08254e-09
7.70538 RSS 5.27899e-09
7.70538 PRSS 6.36109e-09
7.80353 RSS 1.08254e-09
7.80583 RSS 4.41361e-13
7.80583 PRSS 9.39948e-09
7.90349 RSS 1.08254e-09
7.90579 RSS 4.41361e-13
7.90579 PRSS 1.08254e-09
--
Received one packet! Socket: 10.1.1.1 port: 49153 at time = 7.90579
--
8.0025 RSS 1.08254e-09
8.0048 RSS 4.41361e-13
--
Received one packet! Socket: 10.1.1.1 port: 49153 at time = 8.0048
--
8.10047 RSS 1.08254e-09
8.10278 RSS 4.41361e-13
8.10278 PRSS 8.39732e-09
8.20058 RSS 1.08254e-09
8.20289 RSS 4.41361e-13
8.20289 PRSS 3.57603e-09
8.30154 RSS 1.08254e-09
8.30384 RSS -5.27811e-09
8.30384 PRSS 4.30462e-09
8.4038 RSS 1.08254e-09
8.40611 RSS 4.41361e-13
8.40611 PRSS 6.90057e-09
8.50352 RSS 1.08254e-09
8.50582 RSS 4.41361e-13
8.50582 PRSS 6.36109e-09
8.60402 RSS 1.08254e-09
8.60632 RSS -5.27811e-09
8.60632 PRSS 1.08254e-09
--
Received one packet! Socket: 10.1.1.1 port: 49153 at time = 8.60632
--
8.70099 RSS 1.08254e-09
8.70329 RSS 4.41361e-13
8.70329 PRSS 6.36109e-09
8.8008 RSS 1.08254e-09
8.80311 RSS -5.27811e-09
8.80311 PRSS 1.11173e-08
8.90055 RSS 1.08254e-09
8.90285 RSS -5.27811e-09
8.90285 PRSS 7.57587e-09
9.00189 RSS 1.08254e-09
9.0042 RSS -1.05567e-08
9.0042 PRSS 3.94848e-09
9.10186 RSS 1.08254e-09
9.10416 RSS 4.41361e-13
9.10416 PRSS 1.08254e-09
--
Received one packet! Socket: 10.1.1.1 port: 49153 at time = 9.10416
--
9.20366 RSS 1.08254e-09
9.20597 RSS 4.41361e-13
9.20597 PRSS 6.36109e-09
9.30213 RSS 1.08254e-09
9.30443 RSS 4.41361e-13
9.30443 PRSS 6.14242e-09
9.40075 RSS 1.08254e-09
9.40306 RSS 5.27899e-09
9.40306 PRSS 3.66868e-09
9.50292 RSS 1.08254e-09
9.50523 RSS 4.41361e-13
9.50523 PRSS 1.16396e-08
9.60468 RSS 1.08254e-09
9.60698 RSS 5.27899e-09
9.60698 PRSS 9.5383e-09
9.70345 RSS 1.08254e-09
9.70575 RSS 4.41361e-13
9.70575 PRSS 5.04214e-09
9.80207 RSS 1.08254e-09
9.80437 RSS -5.27811e-09
9.80437 PRSS 5.57961e-09
9.90437 RSS 5.27899e-09
9.90468 RSS 1.08254e-09
9.90698 RSS 4.41361e-13
9.90698 PRSS 6.36109e-09
10.0049 RSS 1.08254e-09
10.0072 RSS 4.41361e-13
10.1028 RSS 1.08254e-09
10.1051 RSS 4.41361e-13
10.2045 RSS 1.08254e-09
10.2068 RSS -5.27811e-09
10.2068 PRSS 5.35473e-09
10.3028 RSS 1.08254e-09
10.3051 RSS 5.27899e-09
10.3051 PRSS 1.14151e-09
--
Received one packet! Socket: 10.1.1.1 port: 49153 at time = 10.3051
--
10.4002 RSS 1.08254e-09
10.4025 RSS 4.41361e-13
10.4025 PRSS 6.36109e-09
10.5014 RSS 1.08254e-09
10.5037 RSS 4.41361e-13
10.6008 RSS 1.08254e-09
10.6031 RSS 4.41361e-13
10.7014 RSS 1.08254e-09
10.7037 RSS 5.27899e-09
10.7037 PRSS 7.44836e-09
10.8014 RSS 1.08254e-09
10.8037 RSS 4.41361e-13
10.8037 PRSS 1.13254e-08
10.9011 RSS 1.08254e-09
10.9034 RSS 5.27899e-09
10.9034 PRSS 4.20974e-09
11.0029 RSS 1.08254e-09
11.0052 RSS 5.27899e-09
11.0052 PRSS 1.13141e-08
11.1001 RSS 1.08254e-09
11.1024 RSS -5.27811e-09
11.1024 PRSS 2.98614e-09
11.2005 RSS 1.08254e-09
11.2028 RSS 4.41361e-13
11.2028 PRSS 1.16396e-08
11.3028 RSS 4.41361e-13
11.3035 RSS 1.08254e-09
11.3059 RSS 5.27899e-09
11.3059 PRSS 4.48882e-09
11.4018 RSS 1.08254e-09
11.4041 RSS -5.27811e-09
11.4041 PRSS 6.15566e-09
11.5041 RSS 4.41361e-13
11.5047 RSS 1.08254e-09
11.507 RSS -5.27811e-09
11.507 PRSS 2.91793e-09
11.6046 RSS 1.08254e-09
11.6069 RSS -5.27811e-09
11.6069 PRSS 2.43299e-09
--
Received one packet! Socket: 10.1.1.1 port: 49153 at time = 11.6069
--
11.7023 RSS 1.08254e-09
11.7046 RSS 5.27899e-09
11.7046 PRSS 1.02802e-08
11.8028 RSS 1.08254e-09
11.8051 RSS -5.27811e-09
11.8051 PRSS 5.1236e-09
11.9034 RSS 1.08254e-09
11.9058 RSS 5.27899e-09
11.9058 PRSS 6.68139e-09
12.0035 RSS 1.08254e-09
12.0058 RSS -5.27811e-09
12.0058 PRSS 2.74461e-09
12.1037 RSS 1.08254e-09
12.106 RSS 4.41361e-13
12.106 PRSS 7.74821e-09
12.2039 RSS 1.08254e-09
12.2062 RSS 4.41361e-13
12.2062 PRSS 6.36109e-09
12.3037 RSS 1.08254e-09
12.306 RSS 4.41361e-13
12.4045 RSS 1.08254e-09
12.4068 RSS 4.41361e-13
12.4068 PRSS 1.08254e-09
--
Received one packet! Socket: 10.1.1.1 port: 49153 at time = 12.4068
--
12.5041 RSS 1.08254e-09
12.5064 RSS 5.27899e-09
12.5064 PRSS 6.35066e-09
12.604 RSS 1.08254e-09
12.6063 RSS -5.27811e-09
12.6063 PRSS 6.17255e-09
12.7005 RSS 1.08254e-09
12.7028 RSS 5.27899e-09
12.7028 PRSS 3.58743e-09
12.8014 RSS 1.08254e-09
12.8037 RSS 4.41361e-13
12.8037 PRSS 6.36109e-09
12.9023 RSS 1.08254e-09
12.9046 RSS 4.41361e-13
13.0037 RSS 1.08254e-09
13.006 RSS -5.27811e-09
13.006 PRSS 8.31992e-09
13.1003 RSS 1.08254e-09
13.1026 RSS 5.27899e-09
13.1026 PRSS 2.3817e-09
13.2024 RSS 1.08254e-09
13.2047 RSS 4.41361e-13
13.2047 PRSS 6.36109e-09
13.3024 RSS 1.08254e-09
13.3047 RSS 5.27899e-09
13.3047 PRSS 8.28241e-09
13.4038 RSS 1.08254e-09
13.4061 RSS 4.41361e-13
13.4061 PRSS 6.36109e-09
13.5023 RSS 1.08254e-09
13.5046 RSS 4.41361e-13
13.6032 RSS 1.08254e-09
13.6055 RSS 5.27899e-09
13.6055 PRSS 6.89682e-09
13.7014 RSS 1.08254e-09
13.7037 RSS -5.27811e-09
13.7037 PRSS 3.18047e-09
13.8027 RSS 1.08254e-09
13.805 RSS 4.41361e-13
13.805 PRSS 1.16396e-08
13.9013 RSS 1.08254e-09
13.9036 RSS 4.41361e-13
13.9036 PRSS 5.96523e-09
14.0021 RSS 1.08254e-09
14.0044 RSS 5.27899e-09
14.0044 PRSS 6.70725e-09
14.1019 RSS 1.08254e-09
14.1042 RSS 4.41361e-13
14.1042 PRSS 1.08254e-09
--
Received one packet! Socket: 10.1.1.1 port: 49153 at time = 14.1042
--
14.2021 RSS 1.08254e-09
14.2044 RSS 4.41361e-13
14.2044 PRSS 5.2759e-09
14.3044 RSS 5.27899e-09
14.3049 RSS 1.08254e-09
14.3072 RSS 5.27899e-09
14.3072 PRSS 8.29206e-09
14.4034 RSS 1.08254e-09
14.4057 RSS -5.27811e-09
14.4057 PRSS 2.78928e-09
14.5015 RSS 1.08254e-09
14.5038 RSS 4.41361e-13
14.5038 PRSS 6.36109e-09
14.6031 RSS 1.08254e-09
14.6054 RSS 5.27899e-09
14.7007 RSS 1.08254e-09
14.703 RSS 5.27899e-09
14.703 PRSS 2.30269e-09
14.803 RSS 5.27899e-09
14.8036 RSS 1.08254e-09
14.8059 RSS 4.41361e-13
14.8059 PRSS 5.93126e-09
14.9034 RSS 1.08254e-09
14.9057 RSS 4.41361e-13
14.9057 PRSS 6.36109e-09
15.0042 RSS 1.08254e-09
15.0065 RSS 5.27899e-09
15.0065 PRSS 7.27339e-09
15.1036 RSS 1.08254e-09
15.1059 RSS -5.27811e-09
15.1059 PRSS 3.75143e-09
15.2046 RSS 1.08254e-09
15.2069 RSS 5.27899e-09
15.2069 PRSS 3.33537e-09
15.3035 RSS 1.08254e-09
15.3058 RSS 5.27899e-09
15.3058 PRSS 4.97796e-09
15.4037 RSS 1.08254e-09
15.406 RSS 5.27899e-09
15.406 PRSS 6.30413e-09
15.504 RSS 1.08254e-09
15.5063 RSS 4.41361e-13
15.5063 PRSS 1.08254e-09
--
Received one packet! Socket: 10.1.1.1 port: 49153 at time = 15.5063
--
15.6036 RSS 1.08254e-09
15.6059 RSS 5.27899e-09
15.6059 PRSS 1.04577e-08
15.7042 RSS 1.08254e-09
15.7065 RSS 4.41361e-13
15.7065 PRSS 6.36109e-09
15.8001 RSS 1.08254e-09
15.8024 RSS 4.41361e-13
15.9011 RSS 1.08254e-09
15.9034 RSS 4.41361e-13
16.0019 RSS 1.08254e-09
16.0042 RSS -5.27811e-09
16.0042 PRSS 1.31045e-09
16.1002 RSS 1.08254e-09
16.1025 RSS 5.27899e-09
16.1025 PRSS 1.08768e-08
16.2025 RSS -5.27811e-09
16.2033 RSS 1.08254e-09
16.2056 RSS 4.41361e-13
16.2056 PRSS 6.36109e-09
16.3013 RSS 1.08254e-09
16.3036 RSS 4.41361e-13
16.4036 RSS 5.27899e-09
16.4043 RSS 1.08254e-09
16.4066 RSS 5.27899e-09
16.4066 PRSS 4.20208e-09
16.5014 RSS 1.08254e-09
16.5037 RSS 4.41361e-13
16.5037 PRSS 6.36109e-09
16.6034 RSS 1.08254e-09
16.6057 RSS 4.41361e-13
16.6057 PRSS 5.82539e-09
16.7005 RSS 1.08254e-09
16.7028 RSS 4.41361e-13
16.7028 PRSS 6.03319e-09
16.8002 RSS 1.08254e-09
16.8025 RSS 5.27899e-09
16.8025 PRSS 8.11822e-09
16.9025 RSS -5.27811e-09
16.9027 RSS 1.08254e-09
16.905 RSS 5.27899e-09
16.905 PRSS 4.87561e-09
17.0049 RSS 1.08254e-09
17.0072 RSS -5.27811e-09
17.0072 PRSS 2.79428e-09
17.1005 RSS 1.08254e-09
17.1028 RSS 4.41361e-13
17.1028 PRSS 9.15093e-09
17.2028 RSS 4.41361e-13
17.2047 RSS 1.08254e-09
17.207 RSS 4.41361e-13
17.207 PRSS 6.36109e-09
17.3036 RSS 1.08254e-09
17.3059 RSS 4.41361e-13
17.4037 RSS 1.08254e-09
17.406 RSS -5.27811e-09
17.406 PRSS 5.85977e-09
17.5012 RSS 1.08254e-09
17.5035 RSS 5.27899e-09
17.5035 PRSS 6.93373e-09
17.6002 RSS 1.08254e-09
17.6025 RSS 4.41361e-13
17.6025 PRSS 6.36109e-09
17.7025 RSS 5.27899e-09
17.7044 RSS 1.08254e-09
17.7067 RSS -5.27811e-09
17.7067 PRSS 5.33349e-09
17.802 RSS 1.08254e-09
17.8043 RSS 5.27899e-09
17.8043 PRSS 4.23472e-09
17.9023 RSS 1.08254e-09
17.9046 RSS 4.41361e-13
17.9046 PRSS 6.36109e-09
18.0046 RSS 5.27899e-09
18.005 RSS 1.08254e-09
18.0073 RSS -1.05567e-08
18.0073 PRSS 3.9868e-09
18.1043 RSS 1.08254e-09
18.1066 RSS 4.41361e-13
18.1066 PRSS 6.36109e-09
18.2032 RSS 1.08254e-09
18.2055 RSS -5.27811e-09
18.2055 PRSS 2.87843e-09
18.3017 RSS 1.08254e-09
18.304 RSS -5.27811e-09
18.304 PRSS 1.24446e-09
--
Received one packet! Socket: 10.1.1.1 port: 49153 at time = 18.304
--
18.4039 RSS 1.08254e-09
18.4062 RSS 4.41361e-13
18.4062 PRSS 6.36109e-09
18.5005 RSS 1.08254e-09
18.5028 RSS 4.41361e-13
18.5028 PRSS 3.93564e-09
18.6004 RSS 1.08254e-09
18.6027 RSS 4.41361e-13
18.6027 PRSS 6.36109e-09
18.7015 RSS 1.08254e-09
18.7038 RSS 4.41361e-13
18.7038 PRSS 1.89213e-09
18.8028 RSS 1.08254e-09
18.8051 RSS 5.27899e-09
18.8051 PRSS 1.71123e-09
18.9031 RSS 1.08254e-09
18.9054 RSS 4.41361e-13
18.9054 PRSS 6.36109e-09
19.0027 RSS 1.08254e-09
19.005 RSS 4.41361e-13
19.005 PRSS 7.70132e-09
19.1001 RSS 1.08254e-09
19.1024 RSS 4.41361e-13
19.1024 PRSS 6.9437e-09
19.2024 RSS 5.27899e-09
19.2034 RSS 1.08254e-09
19.2057 RSS 5.27899e-09
19.2057 PRSS 8.73448e-09
19.3022 RSS 1.08254e-09
19.3045 RSS 4.41361e-13
19.3045 PRSS 6.36109e-09
19.4041 RSS 1.08254e-09
19.4064 RSS 4.41361e-13
19.5012 RSS 1.08254e-09
19.5035 RSS 4.41361e-13
19.6035 RSS 4.41361e-13
19.6039 RSS 1.08254e-09
19.6062 RSS 4.41361e-13
19.7031 RSS 1.08254e-09
19.7054 RSS -5.27811e-09
19.7054 PRSS 3.70464e-09
19.8047 RSS 1.08254e-09
19.807 RSS 4.41361e-13
19.807 PRSS 9.33074e-09
19.9034 RSS 1.08254e-09
19.9057 RSS -5.27811e-09
19.9057 PRSS 7.70096e-09
20.0023 RSS 1.08254e-09
20.0046 RSS -5.27811e-09
20.0046 PRSS 9.23003e-09
20.1034 RSS 1.08254e-09
20.1058 RSS 4.41361e-13
20.1058 PRSS 1.08794e-08
20.2036 RSS 1.08254e-09
20.2059 RSS 4.41361e-13
20.2059 PRSS 1.08254e-09
--
Received one packet! Socket: 10.1.1.1 port: 49153 at time = 20.2059
--
20.3043 RSS 1.08254e-09
20.3066 RSS 5.27899e-09
20.3066 PRSS 7.90437e-09
20.4025 RSS 1.08254e-09
20.4048 RSS -5.27811e-09
20.4048 PRSS 9.62485e-09
20.5006 RSS 1.08254e-09
20.5029 RSS -5.27811e-09
20.5029 PRSS 1.04752e-08
20.6001 RSS 1.08254e-09
20.6025 RSS 4.41361e-13
20.6025 PRSS 1.10579e-08
20.7017 RSS 1.08254e-09
20.704 RSS 4.41361e-13
20.704 PRSS 1.30165e-09
--
Received one packet! Socket: 10.1.1.1 port: 49153 at time = 20.704
--
20.8016 RSS 1.08254e-09
20.8039 RSS 4.41361e-13
20.8039 PRSS 6.36109e-09
20.9031 RSS 1.08254e-09
20.9054 RSS 4.41361e-13
20.9054 PRSS 7.63238e-09
21.0008 RSS 1.08254e-09
21.0032 RSS 4.41361e-13
21.0032 PRSS 6.36109e-09
21.1032 RSS 5.27899e-09
21.1048 RSS 1.08254e-09
21.1071 RSS 4.41361e-13
21.2022 RSS 1.08254e-09
21.2045 RSS 5.27899e-09
21.2045 PRSS 4.74389e-09
21.3045 RSS 5.27899e-09
21.3046 RSS 1.08254e-09
21.3069 RSS 4.41361e-13
21.3069 PRSS 6.36109e-09
21.402 RSS 1.08254e-09
21.4043 RSS -5.27811e-09
21.4043 PRSS 3.4255e-09
21.5041 RSS 1.08254e-09
21.5064 RSS -5.27811e-09
21.5064 PRSS 4.68619e-09
21.6014 RSS 1.08254e-09
21.6037 RSS 4.41361e-13
21.6037 PRSS 6.36109e-09
21.701 RSS 1.08254e-09
21.7033 RSS 5.27899e-09
21.7033 PRSS 6.17981e-09
21.8009 RSS 1.08254e-09
21.8032 RSS -5.27811e-09
21.8032 PRSS 2.99936e-09
21.9029 RSS 1.08254e-09
21.9052 RSS 4.41361e-13
21.9052 PRSS 6.36109e-09
22.0039 RSS 1.08254e-09
22.0062 RSS -5.27811e-09
22.0062 PRSS 2.3794e-09
22.1039 RSS 1.08254e-09
22.1062 RSS 4.41361e-13
22.1062 PRSS 6.36109e-09
22.2026 RSS 1.08254e-09
22.2049 RSS 4.41361e-13
22.3039 RSS 1.08254e-09
22.3062 RSS 4.41361e-13
22.4048 RSS 1.08254e-09
22.4071 RSS 4.41361e-13
22.4071 PRSS 1.08254e-09
--
Received one packet! Socket: 10.1.1.1 port: 49153 at time = 22.4071
--
22.5027 RSS 1.08254e-09
22.505 RSS -5.27811e-09
22.505 PRSS 6.92282e-09
22.6035 RSS 1.08254e-09
22.6058 RSS 4.41361e-13
22.6058 PRSS 6.36109e-09
22.7025 RSS 1.08254e-09
22.7048 RSS 5.27899e-09
22.7048 PRSS 3.61489e-09
22.8007 RSS 1.08254e-09
22.803 RSS 4.41361e-13
22.803 PRSS 8.05782e-09
22.9001 RSS 1.08254e-09
22.9024 RSS 5.27899e-09
22.9024 PRSS 6.14003e-09
23.0024 RSS -5.27811e-09
23.0045 RSS 1.08254e-09
23.0068 RSS 5.27899e-09
23.0068 PRSS 7.92631e-09
23.1047 RSS 1.08254e-09
23.107 RSS -5.27811e-09
23.107 PRSS 4.28038e-09
23.2002 RSS 1.08254e-09
23.2025 RSS 5.27899e-09
23.2025 PRSS 3.59928e-09
23.3022 RSS 1.08254e-09
23.3045 RSS -5.27811e-09
23.3045 PRSS 4.50549e-09
23.4042 RSS 1.08254e-09
23.4065 RSS 4.41361e-13
23.4065 PRSS 8.33908e-09
23.5014 RSS 1.08254e-09
23.5037 RSS 4.41361e-13
23.5037 PRSS 1.16396e-08
23.6021 RSS 1.08254e-09
23.6044 RSS -5.27811e-09
23.6044 PRSS 4.81398e-09
23.7027 RSS 1.08254e-09
23.7051 RSS -5.27811e-09
23.7051 PRSS 7.69802e-09
23.8009 RSS 1.08254e-09
23.8032 RSS 4.41361e-13
23.8032 PRSS 5.24125e-09
23.9004 RSS 1.08254e-09
23.9027 RSS 5.27899e-09
23.9027 PRSS 1.62812e-09
--
Received one packet! Socket: 10.1.1.1 port: 49153 at time = 23.9027
--
24.0027 RSS 4.41361e-13
24.0033 RSS 1.08254e-09
24.0056 RSS 5.27899e-09
24.0056 PRSS 2.7375e-09
24.103 RSS 1.08254e-09
24.1053 RSS -5.27811e-09
24.1053 PRSS 8.43925e-09
24.2035 RSS 1.08254e-09
24.2058 RSS 5.27899e-09
24.2058 PRSS 6.61593e-09
24.3039 RSS 1.08254e-09
24.3062 RSS 4.41361e-13
24.3062 PRSS 1.16396e-08
24.4027 RSS 1.08254e-09
24.405 RSS 5.27899e-09
24.405 PRSS 8.74388e-09
24.5007 RSS 1.08254e-09
24.503 RSS 5.27899e-09
24.503 PRSS 8.79705e-09
24.6016 RSS 1.08254e-09
24.6039 RSS 4.41361e-13
24.6039 PRSS 3.00106e-09
24.701 RSS 1.08254e-09
24.7033 RSS 4.41361e-13
24.7033 PRSS 6.36109e-09
24.8033 RSS 5.27899e-09
24.8034 RSS 1.08254e-09
24.8057 RSS 4.41361e-13
24.8057 PRSS 3.43651e-09
24.9027 RSS 1.08254e-09
24.905 RSS 5.27899e-09
24.905 PRSS 6.04916e-09
25.0035 RSS 1.08254e-09
25.0058 RSS -5.27811e-09
25.0058 PRSS 5.42663e-09
25.1004 RSS 1.08254e-09
25.1027 RSS 5.27899e-09
25.1027 PRSS 7.9377e-09
25.2001 RSS 1.08254e-09
25.2024 RSS 5.27899e-09
25.2024 PRSS 6.36109e-09
25.3024 RSS 4.41361e-13
25.3026 RSS 1.08254e-09
25.3049 RSS 5.27899e-09
25.3049 PRSS 2.99286e-09
25.4008 RSS 1.08254e-09
25.4031 RSS 4.41361e-13
25.4031 PRSS 1.16396e-08
25.5031 RSS 5.27899e-09
25.5033 RSS 1.08254e-09
25.5056 RSS 5.27899e-09
25.5056 PRSS 6.43465e-09
25.6039 RSS 1.08254e-09
25.6062 RSS 4.41361e-13
25.6062 PRSS 5.38046e-09
25.7041 RSS 1.08254e-09
25.7064 RSS 4.41361e-13
25.7064 PRSS 6.36109e-09
25.8039 RSS 1.08254e-09
25.8062 RSS 4.41361e-13
25.9041 RSS 1.08254e-09
25.9064 RSS -5.27811e-09
25.9064 PRSS 2.972e-09
26.0017 RSS 1.08254e-09
26.004 RSS 4.41361e-13
26.004 PRSS 1.08254e-09
--
Received one packet! Socket: 10.1.1.1 port: 49153 at time = 26.004
--
26.1005 RSS 1.08254e-09
26.1028 RSS 5.27899e-09
26.1028 PRSS 7.26006e-09
26.2028 RSS 5.27899e-09
26.2042 RSS 1.08254e-09
26.2065 RSS 4.41361e-13
26.2065 PRSS 1.08254e-09
--
Received one packet! Socket: 10.1.1.1 port: 49153 at time = 26.2065
--
26.3001 RSS 1.08254e-09
26.3024 RSS 4.41361e-13
26.3024 PRSS 6.36109e-09
26.4 RSS 1.08254e-09
26.4023 RSS 4.41361e-13
26.502 RSS 1.08254e-09
26.5043 RSS 4.41361e-13
26.5043 PRSS 8.28972e-09
26.6021 RSS 1.08254e-09
26.6044 RSS -5.27811e-09
26.6044 PRSS 7.77391e-09
26.7026 RSS 1.08254e-09
26.7049 RSS 5.27899e-09
26.7049 PRSS 6.7656e-09
26.8002 RSS 1.08254e-09
26.8025 RSS 5.27899e-09
26.8025 PRSS 5.31908e-09
26.9025 RSS 4.41361e-13
26.9043 RSS 1.08254e-09
26.9066 RSS 4.41361e-13
26.9066 PRSS 6.36109e-09
27.0017 RSS 1.08254e-09
27.004 RSS -1.05567e-08
27.004 PRSS 6.2839e-09
27.1011 RSS 1.08254e-09
27.1034 RSS 5.27899e-09
27.1034 PRSS 8.05771e-09
27.2024 RSS 1.08254e-09
27.2047 RSS 4.41361e-13
27.2047 PRSS 7.74592e-09
27.3012 RSS 1.08254e-09
27.3035 RSS -5.27811e-09
27.3035 PRSS 7.5335e-09
27.4009 RSS 1.08254e-09
27.4032 RSS 4.41361e-13
27.4032 PRSS 6.36109e-09
27.5007 RSS 1.08254e-09
27.503 RSS 5.27899e-09
27.503 PRSS 6.44168e-09
27.6003 RSS 1.08254e-09
27.6026 RSS 4.41361e-13
27.6026 PRSS 6.36109e-09
27.7026 RSS 5.27899e-09
27.7045 RSS 1.08254e-09
27.7068 RSS 4.41361e-13
27.8028 RSS 1.08254e-09
27.8051 RSS 4.41361e-13
27.903 RSS 1.08254e-09
27.9053 RSS 4.41361e-13
28.0012 RSS 1.08254e-09
28.0035 RSS -5.27811e-09
28.0035 PRSS 5.71426e-09
28.1035 RSS 5.27899e-09
28.1037 RSS 1.08254e-09
28.106 RSS -5.27811e-09
28.106 PRSS 3.49847e-09
28.2011 RSS 1.08254e-09
28.2034 RSS -5.27811e-09
28.2034 PRSS 6.24094e-09
28.3021 RSS 1.08254e-09
28.3044 RSS 5.27899e-09
28.3044 PRSS 5.13285e-09
28.4012 RSS 1.08254e-09
28.4035 RSS 5.27899e-09
28.4035 PRSS 1.00766e-08
28.5017 RSS 1.08254e-09
28.5041 RSS 4.41361e-13
28.5041 PRSS 6.36109e-09
28.601 RSS 1.08254e-09
28.6033 RSS 4.41361e-13
28.7022 RSS 1.08254e-09
28.7046 RSS 4.41361e-13
28.7046 PRSS 1.08254e-09
--
Received one packet! Socket: 10.1.1.1 port: 49153 at time = 28.7046
--
28.8041 RSS 1.08254e-09
28.8064 RSS -5.27811e-09
28.8064 PRSS 4.50417e-09
28.9004 RSS 1.08254e-09
28.9027 RSS 5.27899e-09
28.9027 PRSS 5.24392e-09
29.0027 RSS 5.27899e-09
29.0035 RSS 1.08254e-09
29.0058 RSS 4.41361e-13
29.0058 PRSS 6.36109e-09
29.1033 RSS 1.08254e-09
29.1056 RSS 4.41361e-13
29.1056 PRSS 3.36112e-09
29.2016 RSS 1.08254e-09
29.2039 RSS 4.41361e-13
29.2039 PRSS 2.77834e-09
29.3039 RSS 4.41361e-13
29.3046 RSS 1.08254e-09
29.3069 RSS 4.41361e-13
29.3069 PRSS 6.32077e-09
29.4001 RSS 1.08254e-09
29.4024 RSS 5.27899e-09
29.4024 PRSS 5.52446e-09
29.5024 RSS -5.27811e-09
29.5035 RSS 1.08254e-09
29.5058 RSS 5.27899e-09
29.5058 PRSS 3.52084e-09
29.6025 RSS 1.08254e-09
29.6048 RSS -5.27811e-09
29.6048 PRSS 9.36888e-09
29.703 RSS 1.08254e-09
29.7053 RSS -5.27811e-09
29.7053 PRSS 4.29448e-09
29.8036 RSS 1.08254e-09
29.8059 RSS -5.27811e-09
29.8059 PRSS 9.26032e-09
29.902 RSS 1.08254e-09
29.9043 RSS -5.27811e-09
29.9043 PRSS 6.82821e-09
30.0037 RSS 1.08254e-09
30.006 RSS 5.27899e-09
30.006 PRSS 7.44571e-09
30.1027 RSS 1.08254e-09
30.105 RSS 5.27899e-09
30.105 PRSS 6.36109e-09
30.2016 RSS 1.08254e-09
30.2039 RSS 4.41361e-13
30.2039 PRSS 7.66999e-09
30.3039 RSS 5.27899e-09
30.304 RSS 1.08254e-09
30.3063 RSS 4.41361e-13
30.3063 PRSS 6.36109e-09
30.4021 RSS 1.08254e-09
30.4044 RSS 5.27899e-09
30.4044 PRSS 4.2707e-09
30.5024 RSS 1.08254e-09
30.5047 RSS -5.27811e-09
30.5047 PRSS 6.39479e-09
30.6036 RSS 1.08254e-09
30.6059 RSS 4.41361e-13
30.6059 PRSS 6.36109e-09
30.7002 RSS 1.08254e-09
30.7025 RSS -5.27811e-09
30.7025 PRSS 2.27878e-09
30.8013 RSS 1.08254e-09
30.8036 RSS -5.27811e-09
30.8036 PRSS 8.68151e-09
30.9021 RSS 1.08254e-09
30.9044 RSS 4.41361e-13
30.9044 PRSS 6.36109e-09
31.0044 RSS 5.27899e-09
31.0046 RSS 1.08254e-09
31.0069 RSS 4.41361e-13
31.1006 RSS 1.08254e-09
31.1029 RSS 5.27899e-09
31.1029 PRSS 1.00661e-08
31.2014 RSS 1.08254e-09
31.2037 RSS 4.41361e-13
31.2037 PRSS 8.53303e-09
31.3037 RSS 4.41361e-13
31.3049 RSS 1.08254e-09
31.3072 RSS 4.41361e-13
31.3072 PRSS 4.65628e-09
31.4021 RSS 1.08254e-09
31.4044 RSS 4.41361e-13
31.4044 PRSS 6.36109e-09
31.5035 RSS 1.08254e-09
31.5058 RSS 5.27899e-09
31.5058 PRSS 4.1371e-09
31.6015 RSS 1.08254e-09
31.6038 RSS 4.41361e-13
31.6038 PRSS 6.36109e-09
31.7006 RSS 1.08254e-09
31.7029 RSS -5.27811e-09
31.7029 PRSS 9.25904e-09
31.8027 RSS 1.08254e-09
31.805 RSS 4.41361e-13
31.805 PRSS 6.36109e-09
31.9033 RSS 1.08254e-09
31.9056 RSS -1.05567e-08
31.9056 PRSS 7.51092e-09
32.0001 RSS 1.08254e-09
32.0024 RSS 4.41361e-13
32.0024 PRSS 1.08254e-09
--
Received one packet! Socket: 10.1.1.1 port: 49153 at time = 32.0024
--
32.1024 RSS 5.27899e-09
32.104 RSS 1.08254e-09
32.1063 RSS -5.27811e-09
32.1063 PRSS 6.36109e-09
32.2002 RSS 1.08254e-09
32.2025 RSS 4.41361e-13
32.3025 RSS 5.27899e-09
32.3044 RSS 1.08254e-09
32.3067 RSS 5.27899e-09
32.3067 PRSS 1.05124e-08
32.4045 RSS 1.08254e-09
32.4068 RSS 4.41361e-13
32.4068 PRSS 9.57365e-09
32.5037 RSS 1.08254e-09
32.506 RSS 5.27899e-09
32.506 PRSS 3.23034e-09
32.6037 RSS 1.08254e-09
32.606 RSS 5.27899e-09
32.606 PRSS 2.36128e-09
32.7047 RSS 1.08254e-09
32.707 RSS -5.27811e-09
32.707 PRSS 5.28751e-09
32.8028 RSS 1.08254e-09
32.8051 RSS 5.27899e-09
32.8051 PRSS 9.79813e-09
32.9041 RSS 1.08254e-09
32.9064 RSS 5.27899e-09
32.9064 PRSS 9.05634e-09
33.0005 RSS 1.08254e-09
33.0028 RSS 4.41361e-13
33.0028 PRSS 9.85709e-09
33.1017 RSS 1.08254e-09
33.104 RSS -5.27811e-09
33.104 PRSS 9.20358e-09
33.2017 RSS 1.08254e-09
33.204 RSS 1.05575e-08
33.204 PRSS 8.32466e-09
33.304 RSS 4.41361e-13
33.3046 RSS 1.08254e-09
33.3069 RSS 5.27899e-09
33.3069 PRSS 3.54788e-09
33.4039 RSS 1.08254e-09
33.4062 RSS 5.27899e-09
33.4062 PRSS 6.36109e-09
33.5045 RSS 1.08254e-09
33.5068 RSS -5.27811e-09
33.5068 PRSS 2.35296e-09
33.6038 RSS 1.08254e-09
33.6061 RSS 4.41361e-13
33.6061 PRSS 6.36109e-09
33.704 RSS 1.08254e-09
33.7063 RSS -5.27811e-09
33.7063 PRSS 7.80864e-09
33.8039 RSS 1.08254e-09
33.8062 RSS 4.41361e-13
33.8062 PRSS 6.36109e-09
33.9017 RSS 1.08254e-09
33.904 RSS 4.41361e-13
33.904 PRSS 6.3663e-09
34.0004 RSS 1.08254e-09
34.0027 RSS 5.27899e-09
34.0027 PRSS 2.44819e-09
34.1027 RSS 5.27899e-09
34.1045 RSS 1.08254e-09
34.1068 RSS 4.41361e-13
34.1068 PRSS 6.91164e-09
34.205 RSS 1.08254e-09
34.2073 RSS -5.27811e-09
34.2073 PRSS 1.08254e-09
--
Received one packet! Socket: 10.1.1.1 port: 49153 at time = 34.2073
--
34.3049 RSS 1.08254e-09
34.3072 RSS 5.27899e-09
34.3072 PRSS 2.53224e-09
34.4029 RSS 1.08254e-09
34.4052 RSS -5.27811e-09
34.4052 PRSS 2.90838e-09
34.5022 RSS 1.08254e-09
34.5045 RSS 5.27899e-09
34.5045 PRSS 1.88334e-09
--
Received one packet! Socket: 10.1.1.1 port: 49153 at time = 34.5045
--
34.6003 RSS 1.08254e-09
34.6026 RSS -5.27811e-09
34.6026 PRSS 1.30791e-09
34.7026 RSS 5.27899e-09
34.7027 RSS 1.08254e-09
34.705 RSS 5.27899e-09
34.705 PRSS 7.36992e-09
34.8013 RSS 1.08254e-09
34.8036 RSS 5.27899e-09
34.8036 PRSS 6.06267e-09
34.9036 RSS 5.27899e-09
34.9036 RSS 1.08254e-09
34.9059 RSS 4.41361e-13
34.9059 PRSS 7.5613e-09
35.0027 RSS 1.08254e-09
35.0051 RSS -5.27811e-09
35.0051 PRSS 6.9738e-09
35.1021 RSS 1.08254e-09
35.1044 RSS 5.27899e-09
35.1044 PRSS 5.61282e-09
35.2039 RSS 1.08254e-09
35.2063 RSS 4.41361e-13
35.2063 PRSS 6.36109e-09
35.3023 RSS 1.08254e-09
35.3046 RSS -5.27811e-09
35.3046 PRSS 9.18159e-09
35.4008 RSS 1.08254e-09
35.4031 RSS 4.41361e-13
35.4031 PRSS 1.08254e-09
--
Received one packet! Socket: 10.1.1.1 port: 49153 at time = 35.4031
--
35.5011 RSS 1.08254e-09
35.5034 RSS -5.27811e-09
35.5034 PRSS 5.24289e-09
35.6034 RSS 5.27899e-09
35.6036 RSS 1.08254e-09
35.6059 RSS -5.27811e-09
35.6059 PRSS 5.9141e-09
35.7049 RSS 1.08254e-09
35.7072 RSS 4.41361e-13
35.7072 PRSS 6.36109e-09
35.8001 RSS 1.08254e-09
35.8024 RSS -5.27811e-09
35.8024 PRSS 1.08254e-09
--
Received one packet! Socket: 10.1.1.1 port: 49153 at time = 35.8024
--
35.9024 RSS 5.27899e-09
35.9048 RSS 1.08254e-09
35.9071 RSS -5.27811e-09
35.9071 PRSS 5.5372e-09
36.0025 RSS 1.08254e-09
36.0048 RSS 5.27899e-09
36.0048 PRSS 3.8129e-09
36.1009 RSS 1.08254e-09
36.1032 RSS 4.41361e-13
36.1032 PRSS 1.16396e-08
36.2013 RSS 1.08254e-09
36.2036 RSS -5.27811e-09
36.2036 PRSS 1.04461e-08
36.3036 RSS 5.27899e-09
36.3036 RSS 1.08254e-09
36.3059 RSS 4.41361e-13
36.3059 PRSS 6.36109e-09
36.4009 RSS 1.08254e-09
36.4032 RSS 4.41361e-13
36.4032 PRSS 3.59992e-09
36.5023 RSS 1.08254e-09
36.5046 RSS 5.27899e-09
36.5046 PRSS 2.44562e-09
36.6031 RSS 1.08254e-09
36.6054 RSS 4.41361e-13
36.6054 PRSS 6.36109e-09
36.7039 RSS 1.08254e-09
36.7062 RSS -5.27811e-09
36.7062 PRSS 1.58166e-09
36.8005 RSS 1.08254e-09
36.8028 RSS 5.27899e-09
36.8028 PRSS 6.36109e-09
36.9008 RSS 1.08254e-09
36.9031 RSS -5.27811e-09
36.9031 PRSS 1.119e-08
37.0022 RSS 1.08254e-09
37.0045 RSS 5.27899e-09
37.0045 PRSS 4.86706e-09
37.1004 RSS 1.08254e-09
37.1027 RSS 4.41361e-13
37.1027 PRSS 6.36109e-09
37.2022 RSS 1.08254e-09
37.2045 RSS -5.27811e-09
37.2045 PRSS 1.03377e-08
37.3032 RSS 1.08254e-09
37.3055 RSS 5.27899e-09
37.3055 PRSS 6.05375e-09
37.4034 RSS 1.08254e-09
37.4057 RSS -5.27811e-09
37.4057 PRSS 3.13828e-09
37.5026 RSS 1.08254e-09
37.5049 RSS -5.27811e-09
37.5049 PRSS 2.51554e-09
37.6003 RSS 1.08254e-09
37.6026 RSS -5.27811e-09
37.6026 PRSS 2.89561e-09
37.7001 RSS 1.08254e-09
37.7024 RSS 4.41361e-13
37.7024 PRSS 1.03462e-08
37.8024 RSS 5.27899e-09
37.8038 RSS 1.08254e-09
37.8061 RSS 5.27899e-09
37.8061 PRSS 9.29724e-09
37.9049 RSS 1.08254e-09
37.9072 RSS 5.27899e-09
37.9072 PRSS 2.83915e-09
38.0012 RSS 1.08254e-09
38.0035 RSS 4.41361e-13
38.0035 PRSS 1.16396e-08
38.1016 RSS 1.08254e-09
38.1039 RSS 4.41361e-13
38.1039 PRSS 4.03188e-09
38.2033 RSS 1.08254e-09
38.2056 RSS 4.41361e-13
38.2056 PRSS 3.16781e-09
38.3036 RSS 1.08254e-09
38.3059 RSS -5.27811e-09
38.3059 PRSS 2.58999e-09
38.4019 RSS 1.08254e-09
38.4042 RSS 5.27899e-09
38.4042 PRSS 1.8093e-09
38.5021 RSS 1.08254e-09
38.5044 RSS 4.41361e-13
38.5044 PRSS 6.36109e-09
38.6031 RSS 1.08254e-09
38.6054 RSS 4.41361e-13
38.7048 RSS 1.08254e-09
38.7071 RSS 4.41361e-13
38.803 RSS 1.08254e-09
38.8053 RSS 4.41361e-13
38.9011 RSS 1.08254e-09
38.9034 RSS -5.27811e-09
38.9034 PRSS 8.07519e-09
39.0028 RSS 1.08254e-09
39.0051 RSS 4.41361e-13
39.0051 PRSS 8.11992e-09
39.1037 RSS 1.08254e-09
39.106 RSS 4.41361e-13
39.106 PRSS 6.36109e-09
39.2009 RSS 1.08254e-09
39.2033 RSS 4.41361e-13
39.2033 PRSS 1.08254e-09
--
Received one packet! Socket: 10.1.1.1 port: 49153 at time = 39.2033
--
39.3022 RSS 1.08254e-09
39.3045 RSS 4.41361e-13
39.3045 PRSS 8.01933e-09
39.4041 RSS 1.08254e-09
39.4064 RSS 5.27899e-09
39.4064 PRSS 4.57657e-09
39.5014 RSS 1.08254e-09
39.5037 RSS 4.41361e-13
39.5037 PRSS 6.36109e-09
39.6014 RSS 1.08254e-09
39.6037 RSS -5.27811e-09
39.6037 PRSS 1.15901e-09
--
Received one packet! Socket: 10.1.1.1 port: 49153 at time = 39.6037
--
39.7025 RSS 1.08254e-09
39.7048 RSS 4.41361e-13
39.7048 PRSS 6.68657e-09
39.8034 RSS 1.08254e-09
39.8057 RSS -5.27811e-09
39.8057 PRSS 6.37925e-09
39.9006 RSS 1.08254e-09
39.9029 RSS 5.27899e-09
39.9029 PRSS 9.34213e-09
40.0029 RSS 5.27899e-09
40.0046 RSS 1.08254e-09
40.0069 RSS 4.41361e-13
40.0069 PRSS 6.36109e-09
40.104 RSS 1.08254e-09
40.1063 RSS 5.27899e-09
40.2046 RSS 1.08254e-09
40.2069 RSS 4.41361e-13
40.3001 RSS 1.08254e-09
40.3024 RSS 4.41361e-13
40.4024 RSS 4.41361e-13
40.4036 RSS 1.08254e-09
40.4059 RSS 5.27899e-09
40.4059 PRSS 9.38583e-09
40.5013 RSS 1.08254e-09
40.5036 RSS 4.41361e-13
40.5036 PRSS 6.36109e-09
40.6036 RSS 5.27899e-09
40.6038 RSS 1.08254e-09
40.6061 RSS -5.27811e-09
40.6061 PRSS 8.91998e-09
40.7033 RSS 1.08254e-09
40.7056 RSS 5.27899e-09
40.7056 PRSS 6.36109e-09
40.8038 RSS 1.08254e-09
40.8061 RSS 4.41361e-13
40.902 RSS 1.08254e-09
40.9043 RSS -5.27811e-09
41.0002 RSS 1.08254e-09
41.0025 RSS -5.27811e-09
41.0025 PRSS 6.05266e-09
41.101 RSS 1.08254e-09
41.1033 RSS 4.41361e-13
41.1033 PRSS 7.47355e-09
41.2017 RSS 1.08254e-09
41.204 RSS -5.27811e-09
41.204 PRSS 7.03792e-09
41.3031 RSS 1.08254e-09
41.3054 RSS 5.27899e-09
41.3054 PRSS 1.08526e-08
41.4035 RSS 1.08254e-09
41.4058 RSS 5.27899e-09
41.4058 PRSS 6.36109e-09
41.502 RSS 1.08254e-09
41.5043 RSS 4.41361e-13
41.601 RSS 1.08254e-09
41.6033 RSS 4.41361e-13
41.7029 RSS 1.08254e-09
41.7052 RSS 4.41361e-13
41.7052 PRSS 5.78361e-09
41.802 RSS 1.08254e-09
41.8043 RSS 4.41361e-13
41.8043 PRSS 1.16396e-08
41.9043 RSS 4.41361e-13
41.9045 RSS 1.08254e-09
41.9068 RSS -5.27811e-09
41.9068 PRSS 5.0676e-09
42.0001 RSS 1.08254e-09
42.0024 RSS 4.41361e-13
42.0024 PRSS 1.08254e-09
--
Received one packet! Socket: 10.1.1.1 port: 49153 at time = 42.0024
--
42.1024 RSS 5.27899e-09
42.1045 RSS 1.08254e-09
42.1068 RSS -5.27811e-09
42.1068 PRSS 6.70971e-09
42.2008 RSS 1.08254e-09
42.2031 RSS 4.41361e-13
42.2031 PRSS 6.36109e-09
42.3013 RSS 1.08254e-09
42.3036 RSS 4.41361e-13
42.4036 RSS 4.41361e-13
42.4044 RSS 1.08254e-09
42.4067 RSS 5.27899e-09
42.4067 PRSS 4.23457e-09
42.5014 RSS 1.08254e-09
42.5037 RSS 4.41361e-13
42.5037 PRSS 6.36109e-09
42.602 RSS 1.08254e-09
42.6043 RSS 5.27899e-09
42.6043 PRSS 8.91609e-09
42.7027 RSS 1.08254e-09
42.705 RSS -5.27811e-09
42.705 PRSS 6.36109e-09
42.8029 RSS 1.08254e-09
42.8052 RSS -5.27811e-09
42.8052 PRSS 8.72001e-09
42.901 RSS 1.08254e-09
42.9033 RSS -5.27811e-09
42.9033 PRSS 6.36109e-09
43.002 RSS 1.08254e-09
43.0043 RSS 4.41361e-13
43.0043 PRSS 1.08254e-09
--
Received one packet! Socket: 10.1.1.1 port: 49153 at time = 43.0043
--
43.1037 RSS 1.08254e-09
43.106 RSS 4.41361e-13
43.106 PRSS 7.20674e-09
43.2019 RSS 1.08254e-09
43.2042 RSS 4.41361e-13
43.2042 PRSS 6.36109e-09
43.3042 RSS 5.27899e-09
43.3048 RSS 1.08254e-09
43.3071 RSS 5.27899e-09
43.3071 PRSS 6.9856e-09
43.4029 RSS 1.08254e-09
43.4052 RSS -5.27811e-09
43.4052 PRSS 7.36736e-09
43.503 RSS 1.08254e-09
43.5053 RSS 4.41361e-13
43.5053 PRSS 6.36109e-09
43.6015 RSS 1.08254e-09
43.6038 RSS -1.05567e-08
43.6038 PRSS 5.81307e-09
43.7026 RSS 1.08254e-09
43.7049 RSS 4.41361e-13
43.7049 PRSS 2.94084e-09
43.801 RSS 1.08254e-09
43.8033 RSS 4.41361e-13
43.8033 PRSS 1.16396e-08
43.901 RSS 1.08254e-09
43.9033 RSS 5.27899e-09
43.9033 PRSS 2.79007e-09
44.0033 RSS -5.27811e-09
44.0047 RSS 1.08254e-09
44.007 RSS 5.27899e-09
44.007 PRSS 4.05508e-09
44.1016 RSS 1.08254e-09
44.1039 RSS 4.41361e-13
44.1039 PRSS 2.94928e-09
44.2039 RSS 5.27899e-09
44.2039 RSS 1.08254e-09
44.2062 RSS 4.41361e-13
44.2062 PRSS 6.36109e-09
44.301 RSS 1.08254e-09
44.3033 RSS 4.41361e-13
44.403 RSS 1.08254e-09
44.4053 RSS 5.27899e-09
44.4053 PRSS 8.54935e-09
44.5007 RSS 1.08254e-09
44.503 RSS 5.27899e-09
44.503 PRSS 1.07139e-08
44.6012 RSS 1.08254e-09
44.6035 RSS 4.41361e-13
44.6035 PRSS 8.16323e-09
44.7035 RSS 5.27899e-09
44.705 RSS 1.08254e-09
44.7073 RSS -5.27811e-09
44.7073 PRSS 4.38032e-09
44.8032 RSS 1.08254e-09
44.8055 RSS 5.27899e-09
44.8055 PRSS 3.16434e-09
44.901 RSS 1.08254e-09
44.9033 RSS 5.27899e-09
44.9033 PRSS 9.41131e-09
45.0033 RSS -5.27811e-09
45.0038 RSS 1.08254e-09
45.0061 RSS 5.27899e-09
45.0061 PRSS 6.80767e-09
45.1024 RSS 1.08254e-09
45.1047 RSS 4.41361e-13
45.1047 PRSS 3.83516e-09
45.2002 RSS 1.08254e-09
45.2025 RSS 5.27899e-09
45.2025 PRSS 6.36109e-09
45.3025 RSS -5.27811e-09
45.3047 RSS 1.08254e-09
45.307 RSS 5.27899e-09
45.307 PRSS 8.87134e-09
45.4047 RSS 1.08254e-09
45.407 RSS -5.27811e-09
45.407 PRSS 1.79012e-09
45.5039 RSS 1.08254e-09
45.5062 RSS 4.41361e-13
45.5062 PRSS 6.36109e-09
45.604 RSS 1.08254e-09
45.6063 RSS 4.41361e-13
45.7 RSS 1.08254e-09
45.7023 RSS 4.41361e-13
45.7023 PRSS 2.64713e-09
45.8023 RSS 5.27899e-09
45.8025 RSS 1.08254e-09
45.8048 RSS 4.41361e-13
45.8048 PRSS 6.36109e-09
45.902 RSS 1.08254e-09
45.9043 RSS -5.27811e-09
45.9043 PRSS 8.68456e-09
46.0043 RSS 5.27899e-09
46.0045 RSS 1.08254e-09
46.0068 RSS -5.27811e-09
46.0068 PRSS 6.01934e-09
46.1016 RSS 1.08254e-09
46.1039 RSS 4.41361e-13
46.1039 PRSS 4.6629e-09
46.2039 RSS 4.41361e-13
46.2043 RSS 1.08254e-09
46.2066 RSS 4.41361e-13
46.2066 PRSS 7.98439e-09
46.3017 RSS 1.08254e-09
46.304 RSS 4.41361e-13
46.304 PRSS 6.36109e-09
46.4014 RSS 1.08254e-09
46.4037 RSS 5.27899e-09
46.4037 PRSS 1.12483e-08
46.5031 RSS 1.08254e-09
46.5054 RSS 4.41361e-13
46.5054 PRSS 6.36109e-09
46.6014 RSS 1.08254e-09
46.6037 RSS 4.41361e-13
46.7037 RSS 5.27899e-09
46.7049 RSS 1.08254e-09
46.7072 RSS -5.27811e-09
46.7072 PRSS 6.50499e-09
46.8005 RSS 1.08254e-09
46.8028 RSS 4.41361e-13
46.8028 PRSS 8.84813e-09
46.9017 RSS 1.08254e-09
46.904 RSS -5.27811e-09
46.904 PRSS 1.11808e-08
47.004 RSS 5.27899e-09
47.0045 RSS 1.08254e-09
47.0068 RSS -5.27811e-09
47.0068 PRSS 3.95672e-09
47.1031 RSS 1.08254e-09
47.1054 RSS 4.41361e-13
47.1054 PRSS 6.36109e-09
47.203 RSS 1.08254e-09
47.2053 RSS 5.27899e-09
47.3047 RSS 1.08254e-09
47.307 RSS -5.27811e-09
47.307 PRSS 2.35545e-09
47.4049 RSS 1.08254e-09
47.4072 RSS 5.27899e-09
47.4072 PRSS 1.04345e-08
47.5031 RSS 1.08254e-09
47.5054 RSS 4.41361e-13
47.5054 PRSS 6.44861e-09
47.601 RSS 1.08254e-09
47.6033 RSS 4.41361e-13
47.6033 PRSS 8.98002e-09
47.7015 RSS 1.08254e-09
47.7038 RSS 4.41361e-13
47.7038 PRSS 6.36109e-09
47.8012 RSS 1.08254e-09
47.8035 RSS 4.41361e-13
47.8035 PRSS 7.00483e-09
47.9003 RSS 1.08254e-09
47.9026 RSS 4.41361e-13
47.9026 PRSS 6.36109e-09
48.0026 RSS -5.27811e-09
48.0046 RSS 1.08254e-09
48.0069 RSS 1.05575e-08
48.0069 PRSS 6.27319e-09
48.1008 RSS 1.08254e-09
48.1031 RSS -5.27811e-09
48.1031 PRSS 1.601e-09
--
Received one packet! Socket: 10.1.1.1 port: 49153 at time = 48.1031
--
48.2028 RSS 1.08254e-09
48.2051 RSS 5.27899e-09
48.2051 PRSS 9.66908e-09
48.3028 RSS 1.08254e-09
48.3051 RSS -5.27811e-09
48.3051 PRSS 1.04045e-08
48.4023 RSS 1.08254e-09
48.4046 RSS -5.27811e-09
48.4046 PRSS 9.15347e-09
48.5024 RSS 1.08254e-09
48.5047 RSS -5.27811e-09
48.5047 PRSS 5.04438e-09
48.6006 RSS 1.08254e-09
48.6029 RSS -5.27811e-09
48.6029 PRSS 6.72354e-09
48.7029 RSS 5.27899e-09
48.7039 RSS 1.08254e-09
48.7062 RSS -5.27811e-09
48.7062 PRSS 6.3897e-09
48.8036 RSS 1.08254e-09
48.8059 RSS -5.27811e-09
48.8059 PRSS 7.14573e-09
48.901 RSS 1.08254e-09
48.9033 RSS 5.27899e-09
48.9033 PRSS 4.97557e-09
49.0007 RSS 1.08254e-09
49.003 RSS 4.41361e-13
49.003 PRSS 6.36109e-09
49.103 RSS 5.27899e-09
49.1046 RSS 1.08254e-09
49.1069 RSS 4.41361e-13
49.201 RSS 1.08254e-09
49.2033 RSS 5.27899e-09
49.2033 PRSS 5.16215e-09
49.3033 RSS 5.27899e-09
49.3034 RSS 1.08254e-09
49.3057 RSS 4.41361e-13
49.3057 PRSS 6.36109e-09
49.4025 RSS 1.08254e-09
49.4048 RSS 4.41361e-13
49.4048 PRSS 5.07656e-09
49.5024 RSS 1.08254e-09
49.5047 RSS 5.27899e-09
49.5047 PRSS 1.1104e-08
49.6036 RSS 1.08254e-09
49.6059 RSS 4.41361e-13
49.6059 PRSS 6.36109e-09
49.7024 RSS 1.08254e-09
49.7047 RSS 4.41361e-13
49.8017 RSS 1.08254e-09
49.804 RSS 4.41361e-13
49.804 PRSS 6.63898e-09
49.9006 RSS 1.08254e-09
49.9029 RSS 5.27899e-09
49.9029 PRSS 6.54278e-09
50.0022 RSS 1.08254e-09
50.0045 RSS 4.41361e-13
50.0045 PRSS 6.36109e-09
50.1045 RSS 4.41361e-13
50.1046 RSS 1.08254e-09
50.1069 RSS 5.27899e-09
50.1069 PRSS 3.05969e-09
50.2013 RSS 1.08254e-09
50.2036 RSS 4.41361e-13
50.2036 PRSS 5.26061e-09
50.3036 RSS 4.41361e-13
50.3041 RSS 1.08254e-09
50.3064 RSS 4.41361e-13
50.3064 PRSS 6.36109e-09
50.4045 RSS 1.08254e-09
50.4068 RSS -5.27811e-09
50.4068 PRSS 2.41884e-09
50.5036 RSS 1.08254e-09
50.5059 RSS 5.27899e-09
50.5059 PRSS 1.1452e-08
50.6029 RSS 1.08254e-09
50.6052 RSS 5.27899e-09
50.6052 PRSS 4.36305e-09
50.7007 RSS 1.08254e-09
50.703 RSS -5.27811e-09
50.703 PRSS 5.93514e-09
50.802 RSS 1.08254e-09
50.8043 RSS 4.41361e-13
50.8043 PRSS 6.27985e-09
50.9016 RSS 1.08254e-09
50.9039 RSS 5.27899e-09
50.9039 PRSS 9.45339e-09
51.0015 RSS 1.08254e-09
51.0038 RSS 4.41361e-13
51.0038 PRSS 6.36109e-09
51.1003 RSS 1.08254e-09
51.1026 RSS 4.41361e-13
51.1026 PRSS 7.66583e-09
51.2 RSS 1.08254e-09
51.2024 RSS 4.41361e-13
51.2024 PRSS 6.36109e-09
51.3012 RSS 1.08254e-09
51.3035 RSS 4.41361e-13
51.4015 RSS 1.08254e-09
51.4038 RSS 4.41361e-13
51.4038 PRSS 9.35351e-09
51.5009 RSS 1.08254e-09
51.5032 RSS -5.27811e-09
51.5032 PRSS 1.08254e-09
--
Received one packet! Socket: 10.1.1.1 port: 49153 at time = 51.5032
--
51.6032 RSS 4.41361e-13
51.6044 RSS 1.08254e-09
51.6067 RSS 5.27899e-09
51.6067 PRSS 3.81439e-09
51.7025 RSS 1.08254e-09
51.7048 RSS 4.41361e-13
51.7048 PRSS 4.68099e-09
51.8028 RSS 1.08254e-09
51.8051 RSS 4.41361e-13
51.8051 PRSS 6.36109e-09
51.9011 RSS 1.08254e-09
51.9034 RSS 4.41361e-13
52.0025 RSS 1.08254e-09
52.0048 RSS 4.41361e-13
52.1017 RSS 1.08254e-09
52.104 RSS -5.27811e-09
52.104 PRSS 3.13816e-09
52.204 RSS -5.27811e-09
52.2049 RSS 1.08254e-09
52.2072 RSS 5.27899e-09
52.2072 PRSS 5.73397e-09
52.3032 RSS 1.08254e-09
52.3055 RSS -5.27811e-09
52.3055 PRSS 4.65404e-09
52.4013 RSS 1.08254e-09
52.4036 RSS -5.27811e-09
52.4036 PRSS 9.07539e-09
52.5018 RSS 1.08254e-09
52.5041 RSS -5.27811e-09
52.5041 PRSS 5.14735e-09
52.6024 RSS 1.08254e-09
52.6047 RSS 5.27899e-09
52.6047 PRSS 4.37978e-09
52.703 RSS 1.08254e-09
52.7053 RSS 4.41361e-13
52.7053 PRSS 6.36109e-09
52.8021 RSS 1.08254e-09
52.8044 RSS 4.41361e-13
52.8044 PRSS 3.18359e-09
52.9006 RSS 1.08254e-09
52.9029 RSS 5.27899e-09
52.9029 PRSS 9.15122e-09
53.0029 RSS 4.41361e-13
53.0037 RSS 1.08254e-09
53.006 RSS 5.27899e-09
53.006 PRSS 7.13566e-09
53.1005 RSS 1.08254e-09
53.1028 RSS 4.41361e-13
53.1028 PRSS 8.29998e-09
53.2028 RSS 5.27899e-09
53.2044 RSS 1.08254e-09
53.2067 RSS -5.27811e-09
53.2067 PRSS 1.54194e-09
53.3007 RSS 1.08254e-09
53.303 RSS -5.27811e-09
53.303 PRSS 4.30067e-09
53.403 RSS 5.27899e-09
53.4048 RSS 1.08254e-09
53.4071 RSS 4.41361e-13
53.4071 PRSS 6.36109e-09
53.5042 RSS 1.08254e-09
53.5065 RSS 5.27899e-09
53.5065 PRSS 4.2416e-09
53.6003 RSS 1.08254e-09
53.6026 RSS 5.27899e-09
53.6026 PRSS 7.86727e-09
53.7026 RSS 5.27899e-09
53.7041 RSS 1.08254e-09
53.7064 RSS -5.27811e-09
53.7064 PRSS 9.23177e-09
53.8021 RSS 1.08254e-09
53.8044 RSS -5.27811e-09
53.8044 PRSS 8.8191e-09
53.902 RSS 1.08254e-09
53.9043 RSS 1.05575e-08
53.9043 PRSS 4.76874e-09
54.0043 RSS -5.27811e-09
54.0048 RSS 1.08254e-09
54.0071 RSS 5.27899e-09
54.0071 PRSS 5.92844e-09
54.1028 RSS 1.08254e-09
54.1051 RSS 5.27899e-09
54.1051 PRSS 4.62136e-09
54.2027 RSS 1.08254e-09
54.205 RSS 4.41361e-13
54.205 PRSS 6.36109e-09
54.3006 RSS 1.08254e-09
54.3029 RSS 4.41361e-13
54.3029 PRSS 7.77068e-09
54.4028 RSS 1.08254e-09
54.4051 RSS 5.27899e-09
54.4051 PRSS 1.04961e-08
54.5033 RSS 1.08254e-09
54.5056 RSS 4.41361e-13
54.5056 PRSS 2.11506e-09
54.6026 RSS 1.08254e-09
54.605 RSS 4.41361e-13
54.605 PRSS 8.149e-09
54.7045 RSS 1.08254e-09
54.7068 RSS 4.41361e-13
54.7068 PRSS 1.16396e-08
54.8025 RSS 1.08254e-09
54.8048 RSS 4.41361e-13
54.8048 PRSS 1.08254e-09
--
Received one packet! Socket: 10.1.1.1 port: 49153 at time = 54.8048
--
54.9024 RSS 1.08254e-09
54.9047 RSS 5.27899e-09
54.9047 PRSS 5.4621e-09
55.0001 RSS 1.08254e-09
55.0024 RSS 5.27899e-09
55.0024 PRSS 6.36109e-09
55.1024 RSS 5.27899e-09
55.1029 RSS 1.08254e-09
55.1052 RSS 5.27899e-09
55.1052 PRSS 1.11758e-08
55.2013 RSS 1.08254e-09
55.2036 RSS 4.41361e-13
55.2036 PRSS 6.36109e-09
55.3014 RSS 1.08254e-09
55.3037 RSS 4.41361e-13
55.3037 PRSS 4.48189e-09
55.4001 RSS 1.08254e-09
55.4024 RSS 5.27899e-09
55.4024 PRSS 5.49475e-09
55.5024 RSS 5.27899e-09
55.5034 RSS 1.08254e-09
55.5057 RSS 4.41361e-13
55.5057 PRSS 6.36109e-09
55.6022 RSS 1.08254e-09
55.6045 RSS 4.41361e-13
55.6045 PRSS 1.08254e-09
--
Received one packet! Socket: 10.1.1.1 port: 49153 at time = 55.6045
--
55.7039 RSS 1.08254e-09
55.7062 RSS 5.27899e-09
55.7062 PRSS 5.33825e-09
55.8018 RSS 1.08254e-09
55.8041 RSS -5.27811e-09
55.8041 PRSS 9.91093e-09
55.9041 RSS 4.41361e-13
55.9041 RSS 1.08254e-09
55.9064 RSS 5.27899e-09
55.9064 PRSS 2.21929e-09
--
Received one packet! Socket: 10.1.1.1 port: 49153 at time = 55.9064
--
56.0045 RSS 1.08254e-09
56.0068 RSS -5.27811e-09
56.0068 PRSS 7.70559e-09
56.1026 RSS 1.08254e-09
56.1049 RSS -5.27811e-09
56.1049 PRSS 6.94207e-09
56.2029 RSS 1.08254e-09
56.2052 RSS 4.41361e-13
56.2052 PRSS 6.36109e-09
56.3021 RSS 1.08254e-09
56.3044 RSS 4.41361e-13
56.4027 RSS 1.08254e-09
56.405 RSS -5.27811e-09
56.5018 RSS 1.08254e-09
56.5041 RSS -5.27811e-09
56.5041 PRSS 1.12536e-08
56.6027 RSS 1.08254e-09
56.605 RSS 4.41361e-13
56.605 PRSS 6.36109e-09
56.7045 RSS 1.08254e-09
56.7068 RSS 4.41361e-13
56.7068 PRSS 4.12909e-09
56.803 RSS 1.08254e-09
56.8053 RSS 5.27899e-09
56.8053 PRSS 4.02931e-09
56.9001 RSS 1.08254e-09
56.9024 RSS -5.27811e-09
56.9024 PRSS 5.92458e-09
57.0009 RSS 1.08254e-09
57.0032 RSS 4.41361e-13
57.0032 PRSS 6.99694e-09
57.102 RSS 1.08254e-09
57.1043 RSS 4.41361e-13
57.1043 PRSS 6.53649e-09
57.2039 RSS 1.08254e-09
57.2062 RSS 4.41361e-13
57.2062 PRSS 6.36109e-09
57.3002 RSS 1.08254e-09
57.3025 RSS 4.41361e-13
57.3025 PRSS 1.16396e-08
57.4013 RSS 1.08254e-09
57.4036 RSS 5.27899e-09
57.4036 PRSS 6.08701e-09
57.5004 RSS 1.08254e-09
57.5027 RSS 5.27899e-09
57.5027 PRSS 9.61899e-09
57.6027 RSS 4.41361e-13
57.6033 RSS 1.08254e-09
57.6056 RSS 4.41361e-13
57.6056 PRSS 6.36109e-09
57.7014 RSS 1.08254e-09
57.7037 RSS 5.27899e-09
57.7037 PRSS 3.5651e-09
57.8034 RSS 1.08254e-09
57.8057 RSS -5.27811e-09
57.8057 PRSS 3.71559e-09
57.9047 RSS 1.08254e-09
57.907 RSS -5.27811e-09
57.907 PRSS 7.91877e-09
58.0017 RSS 1.08254e-09
58.004 RSS 4.41361e-13
58.004 PRSS 1.08254e-09
--
Received one packet! Socket: 10.1.1.1 port: 49153 at time = 58.004
--
58.1036 RSS 1.08254e-09
58.1059 RSS 4.41361e-13
58.1059 PRSS 7.90505e-09
58.2033 RSS 1.08254e-09
58.2056 RSS -5.27811e-09
58.2056 PRSS 3.45334e-09
58.3008 RSS 1.08254e-09
58.3031 RSS 4.41361e-13
58.3031 PRSS 6.36109e-09
58.4031 RSS 4.41361e-13
58.4038 RSS 1.08254e-09
58.4061 RSS 5.27899e-09
58.4061 PRSS 4.87429e-09
58.5 RSS 1.08254e-09
58.5023 RSS 4.41361e-13
58.5023 PRSS 1.34705e-09
--
Received one packet! Socket: 10.1.1.1 port: 49153 at time = 58.5023
--
58.6009 RSS 1.08254e-09
58.6032 RSS -5.27811e-09
58.6032 PRSS 6.70937e-09
58.7032 RSS 5.27899e-09
58.7037 RSS 1.08254e-09
58.706 RSS -5.27811e-09
58.706 PRSS 6.36109e-09
58.8018 RSS 1.08254e-09
58.8041 RSS 4.41361e-13
58.8041 PRSS 1.08254e-09
--
Received one packet! Socket: 10.1.1.1 port: 49153 at time = 58.8041
--
58.9015 RSS 1.08254e-09
58.9038 RSS 4.41361e-13
58.9038 PRSS 6.36109e-09
59.0025 RSS 1.08254e-09
59.0048 RSS 5.27899e-09
59.0048 PRSS 4.3003e-09
59.1044 RSS 1.08254e-09
59.1067 RSS 4.41361e-13
59.1067 PRSS 6.36109e-09
59.2032 RSS 1.08254e-09
59.2055 RSS -5.27811e-09
59.2055 PRSS 5.67629e-09
59.3006 RSS 1.08254e-09
59.3029 RSS 4.41361e-13
59.3029 PRSS 6.36109e-09
59.4029 RSS 5.27899e-09
59.4029 RSS 1.08254e-09
59.4052 RSS 4.41361e-13
59.4052 PRSS 6.33652e-09
59.5 RSS 1.08254e-09
59.5023 RSS 4.41361e-13
59.5023 PRSS 6.36109e-09
59.6022 RSS 1.08254e-09
59.6045 RSS 4.41361e-13
59.6045 PRSS 4.19171e-09
59.7024 RSS 1.08254e-09
59.7047 RSS 1.05575e-08
59.7047 PRSS 1.08548e-08
59.8025 RSS 1.08254e-09
59.8048 RSS 4.41361e-13
59.8048 PRSS 1.08254e-09
--
Received one packet! Socket: 10.1.1.1 port: 49153 at time = 59.8048
--
59.9048 RSS 5.27899e-09
59.905 RSS 1.08254e-09
59.9073 RSS 4.41361e-13
59.9073 PRSS 6.36109e-09
Actual PDR = 0.1
Actual RSS = 1.05575e-08
Actual Average Packet RSS = 1.16396e-08
