0 RSS 4.41361e-13
0.00121738 RSS 1.08254e-09
0.00352138 RSS 4.41361e-13
0.00352138 PRSS 2.16195e-09
--
Received one packet! Socket: 10.1.1.1 port: 49153 at time = 0.00352138
--
0.203521 RSS 1.07985e-09
0.403521 RSS -1.07896e-09
0.503521 RSS 4.41361e-13
0.603521 RSS 1.07985e-09
0.803521 RSS -1.07896e-09
0.903521 RSS 4.41361e-13
1.00501 RSS 1.08254e-09
1.00731 RSS 4.41361e-13
--
Received one packet! Socket: 10.1.1.1 port: 49153 at time = 1.00731
--
1.20731 RSS -1.07896e-09
1.30731 RSS 1.07985e-09
1.70731 RSS 4.41361e-13
1.90731 RSS 1.07985e-09
2.00731 RSS 4.41361e-13
2.00911 RSS 1.08254e-09
2.01141 RSS 1.07985e-09
2.01141 PRSS 2.54162e-09
--
Received one packet! Socket: 10.1.1.1 port: 49153 at time = 2.01141
--
2.11141 RSS 1.07985e-09
2.31141 RSS -1.07896e-09
2.41141 RSS 1.07985e-09
2.61141 RSS 4.41361e-13
2.71141 RSS 1.07985e-09
2.81141 RSS 4.41361e-13
2.91141 RSS 1.07985e-09
3.00729 RSS 1.08254e-09
3.0096 RSS 1.07985e-09
3.0096 PRSS 2.3518e-09
--
Received one packet! Socket: 10.1.1.1 port: 49153 at time = 3.0096
--
3.1096 RSS 4.41361e-13
3.2096 RSS 1.07985e-09
3.3096 RSS -1.07896e-09
3.4096 RSS 4.41361e-13
3.5096 RSS 1.07985e-09
4.00796 RSS 1.08254e-09
4.01027 RSS 4.41361e-13
4.01027 PRSS 1.79912e-09
--
Received one packet! Socket: 10.1.1.1 port: 49153 at time = 4.01027
--
4.21027 RSS 1.07985e-09
4.61027 RSS 4.41361e-13
4.71027 RSS 1.07985e-09
4.81027 RSS 4.41361e-13
4.91027 RSS 1.07985e-09
5.0142 RSS 1.08254e-09
5.01651 RSS 4.41361e-13
5.01651 PRSS 2.77644e-09
--
Received one packet! Socket: 10.1.1.1 port: 49153 at time = 5.01651
--
5.11651 RSS 1.07985e-09
5.21651 RSS 4.41361e-13
5.41651 RSS -1.07896e-09
5.51651 RSS 4.41361e-13
5.91651 RSS -1.07896e-09
6.00647 RSS 1.08254e-09
6.00878 RSS 4.41361e-13
6.00878 PRSS 2.16195e-09
--
Received one packet! Socket: 10.1.1.1 port: 49153 at time = 6.00878
--
6.10878 RSS 1.07985e-09
6.20878 RSS 4.41361e-13
6.40878 RSS 1.07985e-09
6.70878 RSS 4.41361e-13
6.80878 RSS 1.07985e-09
6.90878 RSS 4.41361e-13
7.00901 RSS 1.08254e-09
7.01131 RSS -1.07896e-09
7.01131 PRSS 1.47858e-09
--
Received one packet! Socket: 10.1.1.1 port: 49153 at time = 7.01131
--
7.11131 RSS 4.41361e-13
7.21131 RSS 1.07985e-09
7.61131 RSS 4.41361e-13
7.81131 RSS 1.07985e-09
7.91131 RSS 4.41361e-13
8.00811 RSS 1.08254e-09
8.01041 RSS 1.07985e-09
8.01041 PRSS 2.06146e-09
--
Received one packet! Socket: 10.1.1.1 port: 49153 at time = 8.01041
--
8.11041 RSS 1.07985e-09
8.21041 RSS -1.07896e-09
8.31041 RSS 1.07985e-09
8.61041 RSS 4.41361e-13
8.81041 RSS 1.07985e-09
9.00438 RSS 1.08254e-09
9.00668 RSS 4.41361e-13
9.00668 PRSS 1.08254e-09
--
Received one packet! Socket: 10.1.1.1 port: 49153 at time = 9.00668
--
9.30668 RSS 1.07985e-09
9.40668 RSS 4.41361e-13
9.50668 RSS 1.07985e-09
9.70668 RSS 4.41361e-13
10.0018 RSS 1.08254e-09
10.0041 RSS 4.41361e-13
--
Received one packet! Socket: 10.1.1.1 port: 49153 at time = 10.0041
--
10.2041 RSS -1.07896e-09
10.3041 RSS 1.07985e-09
10.4041 RSS 4.41361e-13
10.9041 RSS 1.07985e-09
11.0041 RSS 4.41361e-13
11.0097 RSS 1.08254e-09
11.012 RSS 4.41361e-13
11.012 PRSS 1.95556e-09
--
Received one packet! Socket: 10.1.1.1 port: 49153 at time = 11.012
--
11.112 RSS 1.07985e-09
11.212 RSS 4.41361e-13
11.512 RSS 1.07985e-09
11.612 RSS 4.41361e-13
11.712 RSS 1.07985e-09
11.912 RSS -1.07896e-09
12.0011 RSS 1.08254e-09
12.0034 RSS -1.07896e-09
12.0034 PRSS 2.8019e-09
--
Received one packet! Socket: 10.1.1.1 port: 49153 at time = 12.0034
--
12.1034 RSS 1.07985e-09
12.2034 RSS 4.41361e-13
12.3034 RSS 1.07985e-09
12.4034 RSS 4.41361e-13
12.5034 RSS -1.07896e-09
12.6034 RSS 1.07985e-09
13.0031 RSS 1.08254e-09
13.0054 RSS 4.41361e-13
13.0054 PRSS 2.16195e-09
--
Received one packet! Socket: 10.1.1.1 port: 49153 at time = 13.0054
--
13.1054 RSS -1.07896e-09
13.2054 RSS 1.07985e-09
13.3054 RSS 4.41361e-13
13.4054 RSS 1.07985e-09
13.5054 RSS 4.41361e-13
13.6054 RSS 1.07985e-09
13.7054 RSS 4.41361e-13
13.8054 RSS 1.07985e-09
14.0029 RSS 1.08254e-09
14.0052 RSS 4.41361e-13
--
Received one packet! Socket: 10.1.1.1 port: 49153 at time = 14.0052
--
14.2052 RSS 1.07985e-09
14.9052 RSS 4.41361e-13
15.0038 RSS 1.08254e-09
15.0061 RSS 4.41361e-13
15.0061 PRSS 2.00083e-09
--
Received one packet! Socket: 10.1.1.1 port: 49153 at time = 15.0061
--
15.2061 RSS 1.07985e-09
15.6061 RSS 4.41361e-13
16.0023 RSS 1.08254e-09
16.0046 RSS 4.41361e-13
16.0046 PRSS 2.16195e-09
--
Received one packet! Socket: 10.1.1.1 port: 49153 at time = 16.0046
--
16.4046 RSS 1.07985e-09
16.6046 RSS 4.41361e-13
16.8046 RSS 1.07985e-09
16.9046 RSS 4.41361e-13
17.0025 RSS 1.08254e-09
17.0048 RSS 1.07985e-09
17.0048 PRSS 2.1544e-09
--
Received one packet! Socket: 10.1.1.1 port: 49153 at time = 17.0048
--
17.1048 RSS 1.07985e-09
17.4048 RSS 4.41361e-13
17.7048 RSS 1.07985e-09
18.0048 RSS 4.41361e-13
18.0057 RSS 1.08254e-09
18.008 RSS 4.41361e-13
18.008 PRSS 2.16195e-09
--
Received one packet! Socket: 10.1.1.1 port: 49153 at time = 18.008
--
18.108 RSS 1.07985e-09
18.208 RSS 4.41361e-13
18.308 RSS -1.07896e-09
18.408 RSS 1.07985e-09
18.508 RSS -1.07896e-09
18.608 RSS 4.41361e-13
18.708 RSS 1.07985e-09
18.808 RSS 4.41361e-13
19.007 RSS 1.08254e-09
19.0093 RSS 4.41361e-13
19.0093 PRSS 2.31371e-09
--
Received one packet! Socket: 10.1.1.1 port: 49153 at time = 19.0093
--
19.1093 RSS 4.41361e-13
19.3093 RSS 1.07985e-09
19.9093 RSS -1.07896e-09
20.0034 RSS 1.08254e-09
20.0057 RSS 1.07985e-09
20.0057 PRSS 1.8439e-09
--
Received one packet! Socket: 10.1.1.1 port: 49153 at time = 20.0057
--
20.1057 RSS 1.07985e-09
20.2057 RSS -1.07896e-09
20.3057 RSS 1.07985e-09
20.8057 RSS 4.41361e-13
20.9057 RSS 1.07985e-09
21.0011 RSS 1.08254e-09
21.0034 RSS 1.07985e-09
21.0034 PRSS 2.29495e-09
--
Received one packet! Socket: 10.1.1.1 port: 49153 at time = 21.0034
--
21.1034 RSS 1.07985e-09
21.2034 RSS 4.41361e-13
21.4034 RSS 1.07985e-09
21.5034 RSS 4.41361e-13
21.6034 RSS 1.07985e-09
21.8034 RSS -1.07896e-09
22.0034 RSS 4.41361e-13
22.0096 RSS 1.08254e-09
22.0119 RSS 1.07985e-09
22.0119 PRSS 1.90666e-09
--
Received one packet! Socket: 10.1.1.1 port: 49153 at time = 22.0119
--
22.1119 RSS 4.41361e-13
22.4119 RSS 1.07985e-09
22.6119 RSS -1.07896e-09
22.7119 RSS 1.07985e-09
22.9119 RSS 4.41361e-13
23.0091 RSS 1.08254e-09
23.0114 RSS -1.07896e-09
23.0114 PRSS 2.60629e-09
--
Received one packet! Socket: 10.1.1.1 port: 49153 at time = 23.0114
--
23.2114 RSS 4.41361e-13
23.3114 RSS 1.07985e-09
23.4114 RSS -1.07896e-09
23.5114 RSS 1.07985e-09
23.6114 RSS 4.41361e-13
23.8114 RSS 1.07985e-09
24.0004 RSS 1.08254e-09
24.0027 RSS -1.07896e-09
24.0027 PRSS 3.00479e-09
--
Received one packet! Socket: 10.1.1.1 port: 49153 at time = 24.0027
--
24.1027 RSS 1.07985e-09
24.2027 RSS 4.41361e-13
24.5027 RSS -1.07896e-09
24.7027 RSS 1.07985e-09
24.8027 RSS 4.41361e-13
24.9027 RSS 1.07985e-09
25.0027 RSS 4.41361e-13
25.0088 RSS 1.08254e-09
25.0111 RSS -1.07896e-09
25.0111 PRSS 1.68308e-09
--
Received one packet! Socket: 10.1.1.1 port: 49153 at time = 25.0111
--
25.1111 RSS 4.41361e-13
25.2111 RSS 1.07985e-09
25.5111 RSS 4.41361e-13
25.7111 RSS 1.07985e-09
26.0049 RSS 1.08254e-09
26.0072 RSS 4.41361e-13
26.0072 PRSS 2.16195e-09
--
Received one packet! Socket: 10.1.1.1 port: 49153 at time = 26.0072
--
26.1072 RSS 1.07985e-09
26.2072 RSS -1.07896e-09
26.3072 RSS 1.07985e-09
26.4072 RSS 4.41361e-13
26.5072 RSS -1.07896e-09
26.6072 RSS 1.07985e-09
26.8072 RSS 4.41361e-13
26.9072 RSS 1.07985e-09
27.0047 RSS 1.08254e-09
27.007 RSS 4.41361e-13
27.007 PRSS 2.25752e-09
--
Received one packet! Socket: 10.1.1.1 port: 49153 at time = 27.007
--
27.107 RSS 4.41361e-13
27.207 RSS -1.07896e-09
27.407 RSS 4.41361e-13
27.507 RSS 1.07985e-09
27.807 RSS -1.07896e-09
27.907 RSS 1.07985e-09
28.005 RSS 1.08254e-09
28.0073 RSS 1.07985e-09
28.0073 PRSS 2.35518e-09
--
Received one packet! Socket: 10.1.1.1 port: 49153 at time = 28.0073
--
28.1073 RSS 1.07985e-09
28.2073 RSS 4.41361e-13
28.4073 RSS 1.07985e-09
28.9073 RSS 4.41361e-13
29.0069 RSS 1.08254e-09
29.0092 RSS 4.41361e-13
29.0092 PRSS 2.16195e-09
--
Received one packet! Socket: 10.1.1.1 port: 49153 at time = 29.0092
--
29.2092 RSS -1.07896e-09
29.3092 RSS 1.07985e-09
29.4092 RSS -1.07896e-09
29.5092 RSS 4.41361e-13
29.7092 RSS 1.07985e-09
29.9092 RSS 4.41361e-13
30.0006 RSS 1.08254e-09
30.0029 RSS 4.41361e-13
30.0029 PRSS 1.08254e-09
--
Received one packet! Socket: 10.1.1.1 port: 49153 at time = 30.0029
--
30.1029 RSS 1.07985e-09
30.3029 RSS -1.07896e-09
30.4029 RSS 4.41361e-13
30.6029 RSS -1.07896e-09
30.7029 RSS 1.07985e-09
31.0106 RSS 1.08254e-09
31.0129 RSS -1.07896e-09
31.0129 PRSS 2.05113e-09
--
Received one packet! Socket: 10.1.1.1 port: 49153 at time = 31.0129
--
31.1129 RSS 1.07985e-09
31.2129 RSS 4.41361e-13
31.3129 RSS 1.07985e-09
31.6129 RSS 4.41361e-13
31.7129 RSS 1.07985e-09
31.8129 RSS 4.41361e-13
31.9129 RSS -1.07896e-09
32.0093 RSS 1.08254e-09
32.0116 RSS -1.07896e-09
32.0116 PRSS 1.67063e-09
--
Received one packet! Socket: 10.1.1.1 port: 49153 at time = 32.0116
--
32.1116 RSS 1.07985e-09
32.2116 RSS -1.07896e-09
32.3116 RSS 1.07985e-09
32.5116 RSS 4.41361e-13
32.7116 RSS 1.07985e-09
32.8116 RSS 4.41361e-13
33.0098 RSS 1.08254e-09
33.0122 RSS 1.07985e-09
33.0122 PRSS 2.09119e-09
--
Received one packet! Socket: 10.1.1.1 port: 49153 at time = 33.0122
--
33.1122 RSS 1.07985e-09
33.3122 RSS 4.41361e-13
33.5122 RSS 1.07985e-09
33.7122 RSS 4.41361e-13
33.8122 RSS 1.07985e-09
33.9122 RSS 4.41361e-13
34.0016 RSS 1.08254e-09
34.0039 RSS 1.07985e-09
34.0039 PRSS 2.86312e-09
--
Received one packet! Socket: 10.1.1.1 port: 49153 at time = 34.0039
--
34.1039 RSS 1.07985e-09
34.2039 RSS 4.41361e-13
34.3039 RSS 1.07985e-09
34.4039 RSS -1.07896e-09
34.5039 RSS 1.07985e-09
35.02 RSS 1.08254e-09
35.0223 RSS -1.07896e-09
35.0223 PRSS 1.43589e-09
--
Received one packet! Socket: 10.1.1.1 port: 49153 at time = 35.0223
--
35.2223 RSS 1.07985e-09
35.3223 RSS 4.41361e-13
35.4223 RSS 1.07985e-09
35.5223 RSS 4.41361e-13
35.6223 RSS 1.07985e-09
35.9223 RSS 4.41361e-13
36.0029 RSS 1.08254e-09
36.0052 RSS 4.41361e-13
36.0052 PRSS 1.41322e-09
--
Received one packet! Socket: 10.1.1.1 port: 49153 at time = 36.0052
--
36.1052 RSS 1.07985e-09
36.2052 RSS -1.07896e-09
36.3052 RSS 4.41361e-13
36.5052 RSS 1.07985e-09
36.6052 RSS -1.07896e-09
36.7052 RSS 1.07985e-09
36.9052 RSS -1.07896e-09
37.0049 RSS 1.08254e-09
37.0072 RSS 1.07985e-09
37.0072 PRSS 1.5331e-09
--
Received one packet! Socket: 10.1.1.1 port: 49153 at time = 37.0072
--
37.1072 RSS 1.07985e-09
37.3072 RSS -1.07896e-09
37.5072 RSS 4.41361e-13
37.9072 RSS 1.07985e-09
38.0066 RSS 1.08254e-09
38.0089 RSS 4.41361e-13
38.0089 PRSS 1.67056e-09
--
Received one packet! Socket: 10.1.1.1 port: 49153 at time = 38.0089
--
38.1089 RSS 1.07985e-09
38.3089 RSS -1.07896e-09
38.5089 RSS 1.07985e-09
38.6089 RSS 4.41361e-13
39.0052 RSS 1.08254e-09
39.0075 RSS -1.07896e-09
39.0075 PRSS 3.08752e-09
--
Received one packet! Socket: 10.1.1.1 port: 49153 at time = 39.0075
--
39.1075 RSS 1.07985e-09
39.3075 RSS -1.07896e-09
39.4075 RSS 4.41361e-13
39.5075 RSS 1.07985e-09
39.6075 RSS 4.41361e-13
39.7075 RSS -1.07896e-09
39.8075 RSS 1.07985e-09
39.9075 RSS 4.41361e-13
40.0016 RSS 1.08254e-09
40.0039 RSS 1.07985e-09
40.0039 PRSS 2.11192e-09
--
Received one packet! Socket: 10.1.1.1 port: 49153 at time = 40.0039
--
40.1039 RSS -1.07896e-09
40.2039 RSS 1.07985e-09
40.3039 RSS 4.41361e-13
40.4039 RSS 1.07985e-09
40.5039 RSS -1.07896e-09
40.6039 RSS 1.07985e-09
40.8039 RSS 4.41361e-13
40.9039 RSS 1.07985e-09
41.0057 RSS 1.08254e-09
41.008 RSS 4.41361e-13
41.008 PRSS 2.16195e-09
--
Received one packet! Socket: 10.1.1.1 port: 49153 at time = 41.008
--
41.108 RSS 1.07985e-09
41.408 RSS -1.07896e-09
41.508 RSS 1.07985e-09
41.608 RSS 4.41361e-13
41.708 RSS 1.07985e-09
42.0059 RSS 1.08254e-09
42.0082 RSS -1.07896e-09
42.0082 PRSS 2.49897e-09
--
Received one packet! Socket: 10.1.1.1 port: 49153 at time = 42.0082
--
42.1082 RSS 4.41361e-13
42.2082 RSS 1.07985e-09
42.3082 RSS 4.41361e-13
42.5082 RSS 1.07985e-09
42.8082 RSS 4.41361e-13
43.0082 RSS 1.07985e-09
43.0124 RSS 1.08254e-09
43.0147 RSS 4.41361e-13
43.0147 PRSS 2.16195e-09
--
Received one packet! Socket: 10.1.1.1 port: 49153 at time = 43.0147
--
43.2147 RSS 1.07985e-09
43.4147 RSS 4.41361e-13
43.5147 RSS 1.07985e-09
43.6147 RSS -1.07896e-09
43.7147 RSS 4.41361e-13
43.9147 RSS 1.07985e-09
44.014 RSS 1.08254e-09
44.0163 RSS 4.41361e-13
--
Received one packet! Socket: 10.1.1.1 port: 49153 at time = 44.0163
--
44.2163 RSS 1.07985e-09
44.3163 RSS 4.41361e-13
44.4163 RSS 1.07985e-09
44.5163 RSS 4.41361e-13
44.6163 RSS 1.07985e-09
44.7163 RSS 4.41361e-13
44.8163 RSS 1.07985e-09
44.9163 RSS 4.41361e-13
45.0011 RSS 1.08254e-09
45.0034 RSS 1.07985e-09
45.0034 PRSS 1.55069e-09
--
Received one packet! Socket: 10.1.1.1 port: 49153 at time = 45.0034
--
45.1034 RSS 4.41361e-13
45.2034 RSS 1.07985e-09
45.3034 RSS 4.41361e-13
45.6034 RSS -1.07896e-09
45.7034 RSS 4.41361e-13
46.0023 RSS 1.08254e-09
46.0046 RSS -1.07896e-09
46.0046 PRSS 1.08684e-09
--
Received one packet! Socket: 10.1.1.1 port: 49153 at time = 46.0046
--
46.1046 RSS 4.41361e-13
46.2046 RSS 1.07985e-09
46.7046 RSS 4.41361e-13
46.8046 RSS 1.07985e-09
47.004 RSS 1.08254e-09
47.0063 RSS 1.07985e-09
47.0063 PRSS 3.0678e-09
--
Received one packet! Socket: 10.1.1.1 port: 49153 at time = 47.0063
--
47.1063 RSS 1.07985e-09
47.2063 RSS 4.41361e-13
47.3063 RSS 1.07985e-09
47.7063 RSS 4.41361e-13
47.8063 RSS 1.07985e-09
47.9063 RSS 4.41361e-13
48.0036 RSS 1.08254e-09
48.0059 RSS 4.41361e-13
48.0059 PRSS 2.16947e-09
--
Received one packet! Socket: 10.1.1.1 port: 49153 at time = 48.0059
--
48.1059 RSS 1.07985e-09
48.3059 RSS 4.41361e-13
48.6059 RSS 1.07985e-09
48.8059 RSS 4.41361e-13
48.9059 RSS -1.07896e-09
49.0041 RSS 1.08254e-09
49.0064 RSS 4.41361e-13
49.0064 PRSS 2.16195e-09
--
Received one packet! Socket: 10.1.1.1 port: 49153 at time = 49.0064
--
49.2064 RSS 1.07985e-09
49.5064 RSS -1.07896e-09
49.6064 RSS 1.07985e-09
49.9064 RSS -1.07896e-09
50.0064 RSS 1.07985e-09
50.0117 RSS 1.08254e-09
50.0141 RSS 1.07985e-09
50.0141 PRSS 1.17371e-09
--
Received one packet! Socket: 10.1.1.1 port: 49153 at time = 50.0141
--
50.1141 RSS 1.07985e-09
50.5141 RSS -1.07896e-09
50.6141 RSS 1.07985e-09
50.7141 RSS 4.41361e-13
50.8141 RSS 1.07985e-09
50.9141 RSS 4.41361e-13
51.002 RSS 1.08254e-09
51.0043 RSS -1.07896e-09
51.0043 PRSS 2.70363e-09
--
Received one packet! Socket: 10.1.1.1 port: 49153 at time = 51.0043
--
51.1043 RSS 4.41361e-13
51.3043 RSS -1.07896e-09
51.4043 RSS 1.07985e-09
51.5043 RSS 4.41361e-13
51.6043 RSS 1.07985e-09
51.9043 RSS 4.41361e-13
52.0043 RSS 1.07985e-09
52.0048 RSS 1.08254e-09
52.0071 RSS 4.41361e-13
52.0071 PRSS 2.93509e-09
--
Received one packet! Socket: 10.1.1.1 port: 49153 at time = 52.0071
--
52.1071 RSS 4.41361e-13
52.2071 RSS 1.07985e-09
52.3071 RSS -1.07896e-09
52.5071 RSS 4.41361e-13
52.6071 RSS 1.07985e-09
53.0047 RSS 1.08254e-09
53.007 RSS 4.41361e-13
53.007 PRSS 2.16195e-09
--
Received one packet! Socket: 10.1.1.1 port: 49153 at time = 53.007
--
53.107 RSS 1.07985e-09
53.207 RSS 4.41361e-13
53.307 RSS 1.07985e-09
53.507 RSS 4.41361e-13
53.607 RSS 1.07985e-09
53.907 RSS 4.41361e-13
54.0035 RSS 1.08254e-09
54.0058 RSS 1.07985e-09
54.0058 PRSS 2.09089e-09
--
Received one packet! Socket: 10.1.1.1 port: 49153 at time = 54.0058
--
54.1058 RSS 4.41361e-13
54.2058 RSS 1.07985e-09
54.5058 RSS 4.41361e-13
54.6058 RSS -1.07896e-09
54.7058 RSS 1.07985e-09
54.8058 RSS 4.41361e-13
54.9058 RSS 1.07985e-09
55.0069 RSS 1.08254e-09
55.0092 RSS -1.07896e-09
55.0092 PRSS 2.65026e-09
--
Received one packet! Socket: 10.1.1.1 port: 49153 at time = 55.0092
--
55.1092 RSS 1.07985e-09
55.2092 RSS 4.41361e-13
55.3092 RSS -1.07896e-09
55.4092 RSS 1.07985e-09
55.7092 RSS 4.41361e-13
55.8092 RSS 1.07985e-09
56.0092 RSS 4.41361e-13
56.0161 RSS 1.08254e-09
56.0184 RSS 4.41361e-13
56.0184 PRSS 1.35404e-09
--
Received one packet! Socket: 10.1.1.1 port: 49153 at time = 56.0184
--
56.1184 RSS 1.07985e-09
56.7184 RSS -1.07896e-09
56.8184 RSS 4.41361e-13
56.9184 RSS 1.07985e-09
57.0054 RSS 1.08254e-09
57.0077 RSS 1.07985e-09
57.0077 PRSS 1.74077e-09
--
Received one packet! Socket: 10.1.1.1 port: 49153 at time = 57.0077
--
57.1077 RSS 1.07985e-09
57.4077 RSS 4.41361e-13
57.5077 RSS 1.07985e-09
57.8077 RSS 4.41361e-13
57.9077 RSS 1.07985e-09
58.0077 RSS 4.41361e-13
58.0077 RSS 1.08254e-09
58.01 RSS 4.41361e-13
58.01 PRSS 1.84124e-09
--
Received one packet! Socket: 10.1.1.1 port: 49153 at time = 58.01
--
58.11 RSS 1.07985e-09
58.21 RSS -1.07896e-09
58.41 RSS 4.41361e-13
58.51 RSS 1.07985e-09
58.61 RSS -1.07896e-09
58.71 RSS 4.41361e-13
58.91 RSS 1.07985e-09
59.0072 RSS 1.08254e-09
59.0095 RSS 4.41361e-13
59.0095 PRSS 2.16195e-09
--
Received one packet! Socket: 10.1.1.1 port: 49153 at time = 59.0095
--
59.1095 RSS 1.07985e-09
59.2095 RSS 4.41361e-13
59.3095 RSS 1.07985e-09
59.5095 RSS 4.41361e-13
59.8095 RSS 1.07985e-09
59.9095 RSS -1.07896e-09
Actual PDR = 1
Actual RSS = 1.08254e-09
Actual Average Packet RSS = 3.08752e-09
