0 RSS 4.41361e-13
0.00121738 RSS 1.08254e-09
0.00352138 RSS 4.41361e-13
0.00352138 PRSS 8.54532e-09
0.102164 RSS 1.08254e-09
0.104468 RSS 4.41361e-13
0.202825 RSS 1.08254e-09
0.205129 RSS -7.46233e-09
0.205129 PRSS 6.10394e-09
0.30248 RSS 1.08254e-09
0.304784 RSS 4.41361e-13
0.304784 PRSS 1.04658e-08
0.403958 RSS 1.08254e-09
0.406262 RSS 4.41361e-13
0.406262 PRSS 8.54532e-09
0.500655 RSS 1.08254e-09
0.502959 RSS 4.41361e-13
0.502959 PRSS 1.32882e-08
0.600699 RSS 1.08254e-09
0.603003 RSS -7.46233e-09
0.603003 PRSS 9.64692e-09
0.703003 RSS 7.46322e-09
0.704718 RSS 1.08254e-09
0.707022 RSS -1.49251e-08
0.707022 PRSS 7.84828e-09
0.804654 RSS 1.08254e-09
0.806958 RSS 7.46322e-09
0.806958 PRSS 1.60081e-08
0.902031 RSS 1.08254e-09
0.904335 RSS 4.41361e-13
0.904335 PRSS 8.54532e-09
1.00126 RSS 1.08254e-09
1.00357 RSS -7.46233e-09
1.10286 RSS 1.08254e-09
1.10516 RSS 7.46322e-09
1.10516 PRSS 1.94243e-09
1.20389 RSS 1.08254e-09
1.20619 RSS 4.41361e-13
1.20619 PRSS 8.44953e-09
1.30394 RSS 1.08254e-09
1.30625 RSS 4.41361e-13
1.30625 PRSS 1.08254e-09
--
Received one packet! Socket: 10.1.1.1 port: 49153 at time = 1.30625
--
1.40331 RSS 1.08254e-09
1.40562 RSS 4.41361e-13
1.40562 PRSS 1.18377e-08
1.50011 RSS 1.08254e-09
1.50242 RSS 4.41361e-13
1.50242 PRSS 8.54532e-09
1.60242 RSS 7.46322e-09
1.60288 RSS 1.08254e-09
1.60518 RSS -7.46233e-09
1.60518 PRSS 1.18708e-08
1.70267 RSS 1.08254e-09
1.70498 RSS 4.41361e-13
1.70498 PRSS 8.54532e-09
1.80467 RSS 1.08254e-09
1.80697 RSS -7.46233e-09
1.80697 PRSS 1.03628e-08
1.90238 RSS 1.08254e-09
1.90469 RSS 4.41361e-13
1.90469 PRSS 1.99034e-09
2.00251 RSS 1.08254e-09
2.00482 RSS 7.46322e-09
2.00482 PRSS 6.73524e-09
2.10255 RSS 1.08254e-09
2.10486 RSS 7.46322e-09
2.10486 PRSS 1.49928e-08
2.20072 RSS 1.08254e-09
2.20302 RSS -7.46233e-09
2.20302 PRSS 1.20673e-08
2.30453 RSS 1.08254e-09
2.30684 RSS 4.41361e-13
2.30684 PRSS 8.54532e-09
2.40261 RSS 1.08254e-09
2.40491 RSS -7.46233e-09
2.40491 PRSS 8.60511e-09
2.50096 RSS 1.08254e-09
2.50326 RSS 4.41361e-13
2.50326 PRSS 8.54532e-09
2.60309 RSS 1.08254e-09
2.60539 RSS 4.41361e-13
2.60539 PRSS 1.60081e-08
2.70459 RSS 1.08254e-09
2.70689 RSS 4.41361e-13
2.70689 PRSS 8.54532e-09
2.80235 RSS 1.08254e-09
2.80465 RSS -7.46233e-09
2.80465 PRSS 1.04858e-08
2.90327 RSS 1.08254e-09
2.90557 RSS -7.46233e-09
2.90557 PRSS 6.71354e-09
3.00104 RSS 1.08254e-09
3.00334 RSS 4.41361e-13
3.00334 PRSS 1.69929e-09
3.10405 RSS 1.08254e-09
3.10636 RSS 4.41361e-13
3.10636 PRSS 6.27075e-09
3.20052 RSS 1.08254e-09
3.20282 RSS -7.46233e-09
3.20282 PRSS 1.00108e-08
3.30061 RSS 1.08254e-09
3.30292 RSS -7.46233e-09
3.30292 PRSS 1.14102e-08
3.40197 RSS 1.08254e-09
3.40428 RSS -7.46233e-09
3.40428 PRSS 1.59923e-08
3.50296 RSS 1.08254e-09
3.50527 RSS -7.46233e-09
3.50527 PRSS 8.54532e-09
3.60331 RSS 1.08254e-09
3.60562 RSS 4.41361e-13
3.70236 RSS 1.08254e-09
3.70467 RSS -7.46233e-09
3.70467 PRSS 5.10055e-09
3.80431 RSS 1.08254e-09
3.80662 RSS 4.41361e-13
3.80662 PRSS 8.54532e-09
3.9011 RSS 1.08254e-09
3.9034 RSS 7.46322e-09
3.9034 PRSS 1.41387e-08
4.00062 RSS 1.08254e-09
4.00292 RSS 7.46322e-09
4.00292 PRSS 5.51222e-09
4.10363 RSS 1.08254e-09
4.10593 RSS -7.46233e-09
4.10593 PRSS 1.00119e-08
4.20114 RSS 1.08254e-09
4.20345 RSS 7.46322e-09
4.20345 PRSS 1.30819e-08
4.30345 RSS 4.41361e-13
4.30477 RSS 1.08254e-09
4.30707 RSS 4.41361e-13
4.30707 PRSS 1.08254e-09
--
Received one packet! Socket: 10.1.1.1 port: 49153 at time = 4.30707
--
4.40414 RSS 1.08254e-09
4.40644 RSS -7.46233e-09
4.40644 PRSS 9.74985e-09
4.50033 RSS 1.08254e-09
4.50263 RSS -7.46233e-09
4.50263 PRSS 4.99406e-09
4.60469 RSS 1.08254e-09
4.60699 RSS 4.41361e-13
4.60699 PRSS 8.54532e-09
4.70185 RSS 1.08254e-09
4.70415 RSS 4.41361e-13
4.8004 RSS 1.08254e-09
4.80271 RSS 4.41361e-13
4.90105 RSS 1.08254e-09
4.90335 RSS -7.46233e-09
4.90335 PRSS 6.72974e-09
5.00335 RSS 4.41361e-13
5.00393 RSS 1.08254e-09
5.00623 RSS -7.46233e-09
5.00623 PRSS 8.02752e-09
5.1022 RSS 1.08254e-09
5.10451 RSS 4.41361e-13
5.10451 PRSS 8.54532e-09
5.20268 RSS 1.08254e-09
5.20498 RSS 7.46322e-09
5.20498 PRSS 1.31505e-08
5.30234 RSS 1.08254e-09
5.30465 RSS 7.46322e-09
5.30465 PRSS 9.29695e-09
5.40384 RSS 1.08254e-09
5.40614 RSS 7.46322e-09
5.40614 PRSS 1.11158e-08
5.50349 RSS 1.08254e-09
5.50579 RSS 7.46322e-09
5.50579 PRSS 1.48114e-08
5.60275 RSS 1.08254e-09
5.60505 RSS 4.41361e-13
5.60505 PRSS 6.26664e-09
5.70456 RSS 1.08254e-09
5.70687 RSS -1.49251e-08
5.70687 PRSS 7.01901e-09
5.80046 RSS 1.08254e-09
5.80276 RSS 4.41361e-13
5.80276 PRSS 6.58807e-09
5.90489 RSS 1.08254e-09
5.90719 RSS 7.46322e-09
5.90719 PRSS 1.83975e-09
6.00457 RSS 1.08254e-09
6.00688 RSS -7.46233e-09
6.00688 PRSS 1.42997e-08
6.1034 RSS 1.08254e-09
6.1057 RSS 4.41361e-13
6.1057 PRSS 8.54532e-09
6.20374 RSS 1.08254e-09
6.20604 RSS -7.46233e-09
6.20604 PRSS 7.63727e-09
6.30411 RSS 1.08254e-09
6.30641 RSS 4.41361e-13
6.30641 PRSS 1.60081e-08
6.40045 RSS 1.08254e-09
6.40275 RSS 4.41361e-13
6.40275 PRSS 8.54532e-09
6.50275 RSS 4.41361e-13
6.50398 RSS 1.08254e-09
6.50628 RSS 7.46322e-09
6.50628 PRSS 6.17952e-09
6.60263 RSS 1.08254e-09
6.60493 RSS 1.4926e-08
6.60493 PRSS 4.91623e-09
6.7024 RSS 1.08254e-09
6.7047 RSS 7.46322e-09
6.7047 PRSS 8.54532e-09
6.80112 RSS 1.08254e-09
6.80342 RSS -7.46233e-09
6.80342 PRSS 2.82922e-09
6.90019 RSS 1.08254e-09
6.9025 RSS 7.46322e-09
6.9025 PRSS 9.63937e-09
7.0025 RSS 4.41361e-13
7.00471 RSS 1.08254e-09
7.00701 RSS 4.41361e-13
7.00701 PRSS 8.54532e-09
7.10145 RSS 1.08254e-09
7.10375 RSS 4.41361e-13
7.20078 RSS 1.08254e-09
7.20309 RSS 4.41361e-13
7.30309 RSS 7.46322e-09
7.30375 RSS 1.08254e-09
7.30605 RSS 4.41361e-13
7.40434 RSS 1.08254e-09
7.40664 RSS 7.46322e-09
7.40664 PRSS 1.3929e-08
7.50097 RSS 1.08254e-09
7.50327 RSS -7.46233e-09
7.50327 PRSS 8.10144e-09
7.60327 RSS 7.46322e-09
7.60471 RSS 1.08254e-09
7.60702 RSS -7.46233e-09
7.60702 PRSS 9.98182e-09
7.70307 RSS 1.08254e-09
7.70538 RSS 7.46322e-09
7.70538 PRSS 8.54532e-09
7.80353 RSS 1.08254e-09
7.80583 RSS 4.41361e-13
7.80583 PRSS 1.2841e-08
7.90349 RSS 1.08254e-09
7.90579 RSS 4.41361e-13
7.90579 PRSS 1.08254e-09
--
Received one packet! Socket: 10.1.1.1 port: 49153 at time = 7.90579
--
8.0025 RSS 1.08254e-09
8.0048 RSS 4.41361e-13
--
Received one packet! Socket: 10.1.1.1 port: 49153 at time = 8.0048
--
8.10047 RSS 1.08254e-09
8.10278 RSS 4.41361e-13
8.10278 PRSS 1.14241e-08
8.20058 RSS 1.08254e-09
8.20289 RSS 4.41361e-13
8.20289 PRSS 4.60782e-09
8.30154 RSS 1.08254e-09
8.30384 RSS -7.46233e-09
8.30384 PRSS 5.6379e-09
8.4038 RSS 1.08254e-09
8.40611 RSS 4.41361e-13
8.40611 PRSS 9.30803e-09
8.50352 RSS 1.08254e-09
8.50582 RSS 4.41361e-13
8.50582 PRSS 8.54532e-09
8.60402 RSS 1.08254e-09
8.60632 RSS -7.46233e-09
8.60632 PRSS 1.08254e-09
--
Received one packet! Socket: 10.1.1.1 port: 49153 at time = 8.60632
--
8.70099 RSS 1.08254e-09
8.70329 RSS 4.41361e-13
8.70329 PRSS 8.54532e-09
8.8008 RSS 1.08254e-09
8.80311 RSS -7.46233e-09
8.80311 PRSS 1.52697e-08
8.90055 RSS 1.08254e-09
8.90285 RSS -7.46233e-09
8.90285 PRSS 1.02628e-08
9.00189 RSS 1.08254e-09
9.0042 RSS -1.49251e-08
9.0042 PRSS 5.13439e-09
9.10186 RSS 1.08254e-09
9.10416 RSS 4.41361e-13
9.10416 PRSS 1.08254e-09
--
Received one packet! Socket: 10.1.1.1 port: 49153 at time = 9.10416
--
9.20366 RSS 1.08254e-09
9.20597 RSS 4.41361e-13
9.20597 PRSS 8.54532e-09
9.30213 RSS 1.08254e-09
9.30443 RSS 4.41361e-13
9.30443 PRSS 8.23616e-09
9.40075 RSS 1.08254e-09
9.40306 RSS 7.46322e-09
9.40306 PRSS 4.7388e-09
9.50292 RSS 1.08254e-09
9.50523 RSS 4.41361e-13
9.50523 PRSS 1.60081e-08
9.60468 RSS 1.08254e-09
9.60698 RSS 7.46322e-09
9.60698 PRSS 1.30372e-08
9.70345 RSS 1.08254e-09
9.70575 RSS 4.41361e-13
9.70575 PRSS 6.68059e-09
9.80207 RSS 1.08254e-09
9.80437 RSS -7.46233e-09
9.80437 PRSS 7.44046e-09
9.90437 RSS 7.46322e-09
9.90468 RSS 1.08254e-09
9.90698 RSS 4.41361e-13
9.90698 PRSS 8.54532e-09
10.0049 RSS 1.08254e-09
10.0072 RSS 4.41361e-13
10.1028 RSS 1.08254e-09
10.1051 RSS 4.41361e-13
10.2045 RSS 1.08254e-09
10.2068 RSS -7.46233e-09
10.2068 PRSS 7.12253e-09
10.3028 RSS 1.08254e-09
10.3051 RSS 7.46322e-09
10.3051 PRSS 1.16591e-09
--
Received one packet! Socket: 10.1.1.1 port: 49153 at time = 10.3051
--
10.4002 RSS 1.08254e-09
10.4025 RSS 4.41361e-13
10.4025 PRSS 8.54532e-09
10.5014 RSS 1.08254e-09
10.5037 RSS 4.41361e-13
10.6008 RSS 1.08254e-09
10.6031 RSS 4.41361e-13
10.7014 RSS 1.08254e-09
10.7037 RSS 7.46322e-09
10.7037 PRSS 1.00825e-08
10.8014 RSS 1.08254e-09
10.8037 RSS 4.41361e-13
10.8037 PRSS 1.55639e-08
10.9011 RSS 1.08254e-09
10.9034 RSS 7.46322e-09
10.9034 PRSS 5.50375e-09
11.0029 RSS 1.08254e-09
11.0052 RSS 7.46322e-09
11.0052 PRSS 1.55479e-08
11.1001 RSS 1.08254e-09
11.1024 RSS -7.46233e-09
11.1024 PRSS 3.77384e-09
11.2005 RSS 1.08254e-09
11.2028 RSS 4.41361e-13
11.2028 PRSS 1.60081e-08
11.3028 RSS 4.41361e-13
11.3035 RSS 1.08254e-09
11.3059 RSS 7.46322e-09
11.3059 PRSS 5.89831e-09
11.4018 RSS 1.08254e-09
11.4041 RSS -7.46233e-09
11.4041 PRSS 8.25487e-09
11.5041 RSS 4.41361e-13
11.5047 RSS 1.08254e-09
11.507 RSS -7.46233e-09
11.507 PRSS 3.67741e-09
11.6046 RSS 1.08254e-09
11.6069 RSS -7.46233e-09
11.6069 PRSS 2.9918e-09
11.7023 RSS 1.08254e-09
11.7046 RSS 7.46322e-09
11.7046 PRSS 1.40861e-08
11.8028 RSS 1.08254e-09
11.8051 RSS -7.46233e-09
11.8051 PRSS 6.79576e-09
11.9034 RSS 1.08254e-09
11.9058 RSS 7.46322e-09
11.9058 PRSS 8.99816e-09
12.0035 RSS 1.08254e-09
12.0058 RSS -7.46233e-09
12.0058 PRSS 3.43236e-09
12.1037 RSS 1.08254e-09
12.106 RSS 4.41361e-13
12.106 PRSS 1.05064e-08
12.2039 RSS 1.08254e-09
12.2062 RSS 4.41361e-13
12.2062 PRSS 8.54532e-09
12.3037 RSS 1.08254e-09
12.306 RSS 4.41361e-13
12.4045 RSS 1.08254e-09
12.4068 RSS 4.41361e-13
12.4068 PRSS 1.08254e-09
--
Received one packet! Socket: 10.1.1.1 port: 49153 at time = 12.4068
--
12.5041 RSS 1.08254e-09
12.5064 RSS 7.46322e-09
12.5064 PRSS 8.53058e-09
12.604 RSS 1.08254e-09
12.6063 RSS -7.46233e-09
12.6063 PRSS 8.27877e-09
12.7005 RSS 1.08254e-09
12.7028 RSS 7.46322e-09
12.7028 PRSS 4.62394e-09
12.8014 RSS 1.08254e-09
12.8037 RSS 4.41361e-13
12.8037 PRSS 8.54532e-09
12.9023 RSS 1.08254e-09
12.9046 RSS 4.41361e-13
13.0037 RSS 1.08254e-09
13.006 RSS -7.46233e-09
13.006 PRSS 1.13147e-08
13.1003 RSS 1.08254e-09
13.1026 RSS 7.46322e-09
13.1026 PRSS 2.91928e-09
13.2024 RSS 1.08254e-09
13.2047 RSS 4.41361e-13
13.2047 PRSS 8.54532e-09
13.3024 RSS 1.08254e-09
13.3047 RSS 7.46322e-09
13.3047 PRSS 1.12617e-08
13.4038 RSS 1.08254e-09
13.4061 RSS 4.41361e-13
13.4061 PRSS 8.54532e-09
13.5023 RSS 1.08254e-09
13.5046 RSS 4.41361e-13
13.6032 RSS 1.08254e-09
13.6055 RSS 7.46322e-09
13.6055 PRSS 9.30272e-09
13.7014 RSS 1.08254e-09
13.7037 RSS -7.46233e-09
13.7037 PRSS 4.04858e-09
13.8027 RSS 1.08254e-09
13.805 RSS 4.41361e-13
13.805 PRSS 1.60081e-08
13.9013 RSS 1.08254e-09
13.9036 RSS 4.41361e-13
13.9036 PRSS 7.98565e-09
14.0021 RSS 1.08254e-09
14.0044 RSS 7.46322e-09
14.0044 PRSS 9.03471e-09
14.1019 RSS 1.08254e-09
14.1042 RSS 4.41361e-13
14.1042 PRSS 1.08254e-09
--
Received one packet! Socket: 10.1.1.1 port: 49153 at time = 14.1042
--
14.2021 RSS 1.08254e-09
14.2044 RSS 4.41361e-13
14.2044 PRSS 7.01108e-09
14.3044 RSS 7.46322e-09
14.3049 RSS 1.08254e-09
14.3072 RSS 7.46322e-09
14.3072 PRSS 1.12753e-08
14.4034 RSS 1.08254e-09
14.4057 RSS -7.46233e-09
14.4057 PRSS 3.49551e-09
14.5015 RSS 1.08254e-09
14.5038 RSS 4.41361e-13
14.5038 PRSS 8.54532e-09
14.6031 RSS 1.08254e-09
14.6054 RSS 7.46322e-09
14.7007 RSS 1.08254e-09
14.703 RSS 7.46322e-09
14.703 PRSS 2.80758e-09
14.8036 RSS 1.08254e-09
14.8059 RSS 4.41361e-13
14.8059 PRSS 7.93762e-09
14.9034 RSS 1.08254e-09
14.9057 RSS 4.41361e-13
14.9057 PRSS 8.54532e-09
15.0042 RSS 1.08254e-09
15.0065 RSS 7.46322e-09
15.0065 PRSS 9.83512e-09
15.1036 RSS 1.08254e-09
15.1059 RSS -7.46233e-09
15.1059 PRSS 4.8558e-09
15.2046 RSS 1.08254e-09
15.2069 RSS 7.46322e-09
15.2069 PRSS 4.26758e-09
15.3035 RSS 1.08254e-09
15.3058 RSS 7.46322e-09
15.3058 PRSS 6.58986e-09
15.4037 RSS 1.08254e-09
15.406 RSS 7.46322e-09
15.406 PRSS 8.46479e-09
15.504 RSS 1.08254e-09
15.5063 RSS 4.41361e-13
15.5063 PRSS 1.08254e-09
--
Received one packet! Socket: 10.1.1.1 port: 49153 at time = 15.5063
--
15.6036 RSS 1.08254e-09
15.6059 RSS 7.46322e-09
15.6059 PRSS 1.4337e-08
15.7042 RSS 1.08254e-09
15.7065 RSS 4.41361e-13
15.7065 PRSS 8.54532e-09
15.8001 RSS 1.08254e-09
15.8024 RSS 4.41361e-13
15.9011 RSS 1.08254e-09
15.9034 RSS 4.41361e-13
16.0019 RSS 1.08254e-09
16.0042 RSS -7.46233e-09
16.0042 PRSS 1.40475e-09
16.1002 RSS 1.08254e-09
16.1025 RSS 7.46322e-09
16.1025 PRSS 1.49296e-08
16.2025 RSS -7.46233e-09
16.2033 RSS 1.08254e-09
16.2056 RSS 4.41361e-13
16.2056 PRSS 8.54532e-09
16.3013 RSS 1.08254e-09
16.3036 RSS 4.41361e-13
16.4036 RSS 7.46322e-09
16.4043 RSS 1.08254e-09
16.4066 RSS 7.46322e-09
16.4066 PRSS 5.49293e-09
16.5014 RSS 1.08254e-09
16.5037 RSS 4.41361e-13
16.5037 PRSS 8.54532e-09
16.6034 RSS 1.08254e-09
16.6057 RSS 4.41361e-13
16.6057 PRSS 7.78794e-09
16.7005 RSS 1.08254e-09
16.7028 RSS 4.41361e-13
16.7028 PRSS 8.08174e-09
16.8002 RSS 1.08254e-09
16.8025 RSS 7.46322e-09
16.8025 PRSS 1.10295e-08
16.9025 RSS -7.46233e-09
16.9027 RSS 1.08254e-09
16.905 RSS 7.46322e-09
16.905 PRSS 6.44516e-09
17.0049 RSS 1.08254e-09
17.0072 RSS -7.46233e-09
17.0072 PRSS 3.50258e-09
17.1005 RSS 1.08254e-09
17.1028 RSS 4.41361e-13
17.1028 PRSS 1.24896e-08
17.2047 RSS 1.08254e-09
17.207 RSS 4.41361e-13
17.207 PRSS 8.54532e-09
17.3036 RSS 1.08254e-09
17.3059 RSS 4.41361e-13
17.4037 RSS 1.08254e-09
17.406 RSS -7.46233e-09
17.406 PRSS 7.83655e-09
17.5012 RSS 1.08254e-09
17.5035 RSS 7.46322e-09
17.5035 PRSS 9.35492e-09
17.6002 RSS 1.08254e-09
17.6025 RSS 4.41361e-13
17.6025 PRSS 8.54532e-09
17.7025 RSS 7.46322e-09
17.7044 RSS 1.08254e-09
17.7067 RSS -7.46233e-09
17.7067 PRSS 7.0925e-09
17.802 RSS 1.08254e-09
17.8043 RSS 7.46322e-09
17.8043 PRSS 5.53907e-09
17.9023 RSS 1.08254e-09
17.9046 RSS 4.41361e-13
17.9046 PRSS 8.54532e-09
18.0046 RSS 7.46322e-09
18.005 RSS 1.08254e-09
18.0073 RSS -1.49251e-08
18.0073 PRSS 5.18856e-09
18.1043 RSS 1.08254e-09
18.1066 RSS 4.41361e-13
18.1066 PRSS 8.54532e-09
18.2032 RSS 1.08254e-09
18.2055 RSS -7.46233e-09
18.2055 PRSS 3.62155e-09
18.3017 RSS 1.08254e-09
18.304 RSS -7.46233e-09
18.304 PRSS 1.31146e-09
18.4039 RSS 1.08254e-09
18.4062 RSS 4.41361e-13
18.4062 PRSS 8.54532e-09
18.5005 RSS 1.08254e-09
18.5028 RSS 4.41361e-13
18.5028 PRSS 5.11623e-09
18.6004 RSS 1.08254e-09
18.6027 RSS 4.41361e-13
18.6027 PRSS 8.54532e-09
18.7015 RSS 1.08254e-09
18.7038 RSS 4.41361e-13
18.7038 PRSS 2.22713e-09
18.8028 RSS 1.08254e-09
18.8051 RSS 7.46322e-09
18.8051 PRSS 1.97138e-09
18.9031 RSS 1.08254e-09
18.9054 RSS 4.41361e-13
18.9054 PRSS 8.54532e-09
19.0027 RSS 1.08254e-09
19.005 RSS 4.41361e-13
19.005 PRSS 1.04401e-08
19.1001 RSS 1.08254e-09
19.1024 RSS 4.41361e-13
19.1024 PRSS 9.36901e-09
19.2024 RSS 7.46322e-09
19.2034 RSS 1.08254e-09
19.2057 RSS 7.46322e-09
19.2057 PRSS 1.19008e-08
19.3022 RSS 1.08254e-09
19.3045 RSS 4.41361e-13
19.3045 PRSS 8.54532e-09
19.4041 RSS 1.08254e-09
19.4064 RSS 4.41361e-13
19.5012 RSS 1.08254e-09
19.5035 RSS 4.41361e-13
19.6035 RSS 4.41361e-13
19.6039 RSS 1.08254e-09
19.6062 RSS 4.41361e-13
19.7031 RSS 1.08254e-09
19.7054 RSS -7.46233e-09
19.7054 PRSS 4.78965e-09
19.8047 RSS 1.08254e-09
19.807 RSS 4.41361e-13
19.807 PRSS 1.27438e-08
19.9034 RSS 1.08254e-09
19.9057 RSS -7.46233e-09
19.9057 PRSS 1.04396e-08
20.0023 RSS 1.08254e-09
20.0046 RSS -7.46233e-09
20.0046 PRSS 1.26014e-08
20.1034 RSS 1.08254e-09
20.1058 RSS 4.41361e-13
20.1058 PRSS 1.49333e-08
20.2036 RSS 1.08254e-09
20.2059 RSS 4.41361e-13
20.2059 PRSS 1.08254e-09
--
Received one packet! Socket: 10.1.1.1 port: 49153 at time = 20.2059
--
20.3043 RSS 1.08254e-09
20.3066 RSS 7.46322e-09
20.3066 PRSS 1.07272e-08
20.4025 RSS 1.08254e-09
20.4048 RSS -7.46233e-09
20.4048 PRSS 1.31596e-08
20.5006 RSS 1.08254e-09
20.5029 RSS -7.46233e-09
20.5029 PRSS 1.43618e-08
20.6001 RSS 1.08254e-09
20.6025 RSS 4.41361e-13
20.6025 PRSS 1.51856e-08
20.7017 RSS 1.08254e-09
20.704 RSS 4.41361e-13
20.704 PRSS 1.39231e-09
20.8016 RSS 1.08254e-09
20.8039 RSS 4.41361e-13
20.8039 PRSS 8.54532e-09
20.9031 RSS 1.08254e-09
20.9054 RSS 4.41361e-13
20.9054 PRSS 1.03427e-08
21.0008 RSS 1.08254e-09
21.0032 RSS 4.41361e-13
21.0032 PRSS 8.54532e-09
21.1032 RSS 7.46322e-09
21.1048 RSS 1.08254e-09
21.1071 RSS 4.41361e-13
21.2022 RSS 1.08254e-09
21.2045 RSS 7.46322e-09
21.2045 PRSS 6.25893e-09
21.3046 RSS 1.08254e-09
21.3069 RSS 4.41361e-13
21.3069 PRSS 8.54532e-09
21.402 RSS 1.08254e-09
21.4043 RSS -7.46233e-09
21.4043 PRSS 4.39499e-09
21.5041 RSS 1.08254e-09
21.5064 RSS -7.46233e-09
21.5064 PRSS 6.17735e-09
21.6014 RSS 1.08254e-09
21.6037 RSS 4.41361e-13
21.6037 PRSS 8.54532e-09
21.701 RSS 1.08254e-09
21.7033 RSS 7.46322e-09
21.7033 PRSS 8.28903e-09
21.8009 RSS 1.08254e-09
21.8032 RSS -7.46233e-09
21.8032 PRSS 3.79252e-09
21.9029 RSS 1.08254e-09
21.9052 RSS 4.41361e-13
21.9052 PRSS 8.54532e-09
22.0039 RSS 1.08254e-09
22.0062 RSS -7.46233e-09
22.0062 PRSS 2.91603e-09
22.1039 RSS 1.08254e-09
22.1062 RSS 4.41361e-13
22.1062 PRSS 8.54532e-09
22.2026 RSS 1.08254e-09
22.2049 RSS 4.41361e-13
22.3039 RSS 1.08254e-09
22.3062 RSS 4.41361e-13
22.4048 RSS 1.08254e-09
22.4071 RSS 4.41361e-13
22.4071 PRSS 1.08254e-09
--
Received one packet! Socket: 10.1.1.1 port: 49153 at time = 22.4071
--
22.5027 RSS 1.08254e-09
22.505 RSS -7.46233e-09
22.505 PRSS 9.33948e-09
22.6035 RSS 1.08254e-09
22.6058 RSS 4.41361e-13
22.6058 PRSS 8.54532e-09
22.7025 RSS 1.08254e-09
22.7048 RSS 7.46322e-09
22.7048 PRSS 4.66275e-09
22.8007 RSS 1.08254e-09
22.803 RSS 4.41361e-13
22.803 PRSS 1.09441e-08
22.9001 RSS 1.08254e-09
22.9024 RSS 7.46322e-09
22.9024 PRSS 8.23279e-09
23.0024 RSS -7.46233e-09
23.0045 RSS 1.08254e-09
23.0068 RSS 7.46322e-09
23.0068 PRSS 1.07582e-08
23.1047 RSS 1.08254e-09
23.107 RSS -7.46233e-09
23.107 PRSS 5.60362e-09
23.2002 RSS 1.08254e-09
23.2025 RSS 7.46322e-09
23.2025 PRSS 4.64069e-09
23.3022 RSS 1.08254e-09
23.3045 RSS -7.46233e-09
23.3045 PRSS 5.92188e-09
23.4042 RSS 1.08254e-09
23.4065 RSS 4.41361e-13
23.4065 PRSS 1.13418e-08
23.5014 RSS 1.08254e-09
23.5037 RSS 4.41361e-13
23.5037 PRSS 1.60081e-08
23.6021 RSS 1.08254e-09
23.6044 RSS -7.46233e-09
23.6044 PRSS 6.35802e-09
23.7027 RSS 1.08254e-09
23.7051 RSS -7.46233e-09
23.7051 PRSS 1.04355e-08
23.8009 RSS 1.08254e-09
23.8032 RSS 4.41361e-13
23.8032 PRSS 6.96209e-09
23.9004 RSS 1.08254e-09
23.9027 RSS 7.46322e-09
23.9027 PRSS 1.85388e-09
24.0027 RSS 4.41361e-13
24.0033 RSS 1.08254e-09
24.0056 RSS 7.46322e-09
24.0056 PRSS 3.42231e-09
24.103 RSS 1.08254e-09
24.1053 RSS -7.46233e-09
24.1053 PRSS 1.14834e-08
24.2035 RSS 1.08254e-09
24.2058 RSS 7.46322e-09
24.2058 PRSS 8.9056e-09
24.3039 RSS 1.08254e-09
24.3062 RSS 4.41361e-13
24.3062 PRSS 1.60081e-08
24.4027 RSS 1.08254e-09
24.405 RSS 7.46322e-09
24.405 PRSS 1.19141e-08
24.5007 RSS 1.08254e-09
24.503 RSS 7.46322e-09
24.503 PRSS 1.19893e-08
24.6016 RSS 1.08254e-09
24.6039 RSS 4.41361e-13
24.6039 PRSS 3.79493e-09
24.701 RSS 1.08254e-09
24.7033 RSS 4.41361e-13
24.7033 PRSS 8.54532e-09
24.8033 RSS 7.46322e-09
24.8034 RSS 1.08254e-09
24.8057 RSS 4.41361e-13
24.8057 PRSS 4.41056e-09
24.9027 RSS 1.08254e-09
24.905 RSS 7.46322e-09
24.905 PRSS 8.10432e-09
25.0035 RSS 1.08254e-09
25.0058 RSS -7.46233e-09
25.0058 PRSS 7.22419e-09
25.1004 RSS 1.08254e-09
25.1027 RSS 7.46322e-09
25.1027 PRSS 1.07743e-08
25.2001 RSS 1.08254e-09
25.2024 RSS 7.46322e-09
25.2024 PRSS 8.54532e-09
25.3024 RSS 4.41361e-13
25.3026 RSS 1.08254e-09
25.3049 RSS 7.46322e-09
25.3049 PRSS 3.78334e-09
25.4008 RSS 1.08254e-09
25.4031 RSS 4.41361e-13
25.4031 PRSS 1.60081e-08
25.5031 RSS 7.46322e-09
25.5033 RSS 1.08254e-09
25.5056 RSS 7.46322e-09
25.5056 PRSS 8.64932e-09
25.6039 RSS 1.08254e-09
25.6062 RSS 4.41361e-13
25.6062 PRSS 7.15891e-09
25.7041 RSS 1.08254e-09
25.7064 RSS 4.41361e-13
25.7064 PRSS 8.54532e-09
25.8039 RSS 1.08254e-09
25.8062 RSS 4.41361e-13
25.9041 RSS 1.08254e-09
25.9064 RSS -7.46233e-09
25.9064 PRSS 3.75384e-09
26.0017 RSS 1.08254e-09
26.004 RSS 4.41361e-13
26.004 PRSS 1.08254e-09
--
Received one packet! Socket: 10.1.1.1 port: 49153 at time = 26.004
--
26.1005 RSS 1.08254e-09
26.1028 RSS 7.46322e-09
26.1028 PRSS 9.81628e-09
26.2042 RSS 1.08254e-09
26.2065 RSS 4.41361e-13
26.2065 PRSS 1.08254e-09
--
Received one packet! Socket: 10.1.1.1 port: 49153 at time = 26.2065
--
26.3001 RSS 1.08254e-09
26.3024 RSS 4.41361e-13
26.3024 PRSS 8.54532e-09
26.4 RSS 1.08254e-09
26.4023 RSS 4.41361e-13
26.502 RSS 1.08254e-09
26.5043 RSS 4.41361e-13
26.5043 PRSS 1.1272e-08
26.6021 RSS 1.08254e-09
26.6044 RSS -7.46233e-09
26.6044 PRSS 1.05428e-08
26.7026 RSS 1.08254e-09
26.7049 RSS 7.46322e-09
26.7049 PRSS 9.11721e-09
26.8002 RSS 1.08254e-09
26.8025 RSS 7.46322e-09
26.8025 PRSS 7.07213e-09
26.9025 RSS 4.41361e-13
26.9043 RSS 1.08254e-09
26.9066 RSS 4.41361e-13
26.9066 PRSS 8.54532e-09
27.0017 RSS 1.08254e-09
27.004 RSS -1.49251e-08
27.004 PRSS 8.43618e-09
27.1011 RSS 1.08254e-09
27.1034 RSS 7.46322e-09
27.1034 PRSS 1.0944e-08
27.2024 RSS 1.08254e-09
27.2047 RSS 4.41361e-13
27.2047 PRSS 1.05032e-08
27.3012 RSS 1.08254e-09
27.3035 RSS -7.46233e-09
27.3035 PRSS 1.02029e-08
27.4009 RSS 1.08254e-09
27.4032 RSS 4.41361e-13
27.4032 PRSS 8.54532e-09
27.5007 RSS 1.08254e-09
27.503 RSS 7.46322e-09
27.503 PRSS 8.65925e-09
27.6003 RSS 1.08254e-09
27.6026 RSS 4.41361e-13
27.6026 PRSS 8.54532e-09
27.7026 RSS 7.46322e-09
27.7045 RSS 1.08254e-09
27.7068 RSS 4.41361e-13
27.8028 RSS 1.08254e-09
27.8051 RSS 4.41361e-13
27.903 RSS 1.08254e-09
27.9053 RSS 4.41361e-13
28.0012 RSS 1.08254e-09
28.0035 RSS -7.46233e-09
28.0035 PRSS 7.63083e-09
28.1035 RSS 7.46322e-09
28.1037 RSS 1.08254e-09
28.106 RSS -7.46233e-09
28.106 PRSS 4.49816e-09
28.2011 RSS 1.08254e-09
28.2034 RSS -7.46233e-09
28.2034 PRSS 8.37545e-09
28.3021 RSS 1.08254e-09
28.3044 RSS 7.46322e-09
28.3044 PRSS 6.80884e-09
28.4012 RSS 1.08254e-09
28.4035 RSS 7.46322e-09
28.4035 PRSS 1.37982e-08
28.5017 RSS 1.08254e-09
28.5041 RSS 4.41361e-13
28.5041 PRSS 8.54532e-09
28.601 RSS 1.08254e-09
28.6033 RSS 4.41361e-13
28.7022 RSS 1.08254e-09
28.7046 RSS 4.41361e-13
28.7046 PRSS 1.08254e-09
--
Received one packet! Socket: 10.1.1.1 port: 49153 at time = 28.7046
--
28.8041 RSS 1.08254e-09
28.8064 RSS -7.46233e-09
28.8064 PRSS 5.92001e-09
28.9004 RSS 1.08254e-09
28.9027 RSS 7.46322e-09
28.9027 PRSS 6.96587e-09
29.0035 RSS 1.08254e-09
29.0058 RSS 4.41361e-13
29.0058 PRSS 8.54532e-09
29.1033 RSS 1.08254e-09
29.1056 RSS 4.41361e-13
29.1056 PRSS 4.30398e-09
29.2016 RSS 1.08254e-09
29.2039 RSS 4.41361e-13
29.2039 PRSS 3.48005e-09
29.3046 RSS 1.08254e-09
29.3069 RSS 4.41361e-13
29.3069 PRSS 8.48831e-09
29.4001 RSS 1.08254e-09
29.4024 RSS 7.46322e-09
29.4024 PRSS 7.3625e-09
29.5024 RSS -7.46233e-09
29.5035 RSS 1.08254e-09
29.5058 RSS 7.46322e-09
29.5058 PRSS 4.5298e-09
29.6025 RSS 1.08254e-09
29.6048 RSS -7.46233e-09
29.6048 PRSS 1.27977e-08
29.703 RSS 1.08254e-09
29.7053 RSS -7.46233e-09
29.7053 PRSS 5.62356e-09
29.8036 RSS 1.08254e-09
29.8059 RSS -7.46233e-09
29.8059 PRSS 1.26442e-08
29.902 RSS 1.08254e-09
29.9043 RSS -7.46233e-09
29.9043 PRSS 9.20573e-09
30.0037 RSS 1.08254e-09
30.006 RSS 7.46322e-09
30.006 PRSS 1.00787e-08
30.1027 RSS 1.08254e-09
30.105 RSS 7.46322e-09
30.105 PRSS 8.54532e-09
30.2016 RSS 1.08254e-09
30.2039 RSS 4.41361e-13
30.2039 PRSS 1.03958e-08
30.3039 RSS 7.46322e-09
30.304 RSS 1.08254e-09
30.3063 RSS 4.41361e-13
30.3063 PRSS 8.54532e-09
30.4021 RSS 1.08254e-09
30.4044 RSS 7.46322e-09
30.4044 PRSS 5.58994e-09
30.5024 RSS 1.08254e-09
30.5047 RSS -7.46233e-09
30.5047 PRSS 8.59296e-09
30.6036 RSS 1.08254e-09
30.6059 RSS 4.41361e-13
30.6059 PRSS 8.54532e-09
30.7002 RSS 1.08254e-09
30.7025 RSS -7.46233e-09
30.7025 PRSS 2.77378e-09
30.8013 RSS 1.08254e-09
30.8036 RSS -7.46233e-09
30.8036 PRSS 1.18259e-08
30.9021 RSS 1.08254e-09
30.9044 RSS 4.41361e-13
30.9044 PRSS 8.54532e-09
31.0044 RSS 7.46322e-09
31.0046 RSS 1.08254e-09
31.0069 RSS 4.41361e-13
31.1006 RSS 1.08254e-09
31.1029 RSS 7.46322e-09
31.1029 PRSS 1.37834e-08
31.2014 RSS 1.08254e-09
31.2037 RSS 4.41361e-13
31.2037 PRSS 1.1616e-08
31.3049 RSS 1.08254e-09
31.3072 RSS 4.41361e-13
31.3072 PRSS 6.13507e-09
31.4021 RSS 1.08254e-09
31.4044 RSS 4.41361e-13
31.4044 PRSS 8.54532e-09
31.5035 RSS 1.08254e-09
31.5058 RSS 7.46322e-09
31.5058 PRSS 5.40106e-09
31.6015 RSS 1.08254e-09
31.6038 RSS 4.41361e-13
31.6038 PRSS 8.54532e-09
31.7006 RSS 1.08254e-09
31.7029 RSS -7.46233e-09
31.7029 PRSS 1.26424e-08
31.8027 RSS 1.08254e-09
31.805 RSS 4.41361e-13
31.805 PRSS 8.54532e-09
31.9033 RSS 1.08254e-09
31.9056 RSS -1.49251e-08
31.9056 PRSS 1.01709e-08
32.0001 RSS 1.08254e-09
32.0024 RSS 4.41361e-13
32.0024 PRSS 1.08254e-09
--
Received one packet! Socket: 10.1.1.1 port: 49153 at time = 32.0024
--
32.1024 RSS 7.46322e-09
32.104 RSS 1.08254e-09
32.1063 RSS -7.46233e-09
32.1063 PRSS 8.54532e-09
32.2002 RSS 1.08254e-09
32.2025 RSS 4.41361e-13
32.3025 RSS 7.46322e-09
32.3044 RSS 1.08254e-09
32.3067 RSS 7.46322e-09
32.3067 PRSS 1.44143e-08
32.4045 RSS 1.08254e-09
32.4068 RSS 4.41361e-13
32.4068 PRSS 1.30872e-08
32.5037 RSS 1.08254e-09
32.506 RSS 7.46322e-09
32.506 PRSS 4.11908e-09
32.6037 RSS 1.08254e-09
32.606 RSS 7.46322e-09
32.606 PRSS 2.89041e-09
32.7047 RSS 1.08254e-09
32.707 RSS -7.46233e-09
32.707 PRSS 7.02749e-09
32.8028 RSS 1.08254e-09
32.8051 RSS 7.46322e-09
32.8051 PRSS 1.34046e-08
32.9041 RSS 1.08254e-09
32.9064 RSS 7.46322e-09
32.9064 PRSS 1.23558e-08
33.0005 RSS 1.08254e-09
33.0028 RSS 4.41361e-13
33.0028 PRSS 1.34879e-08
33.1017 RSS 1.08254e-09
33.104 RSS -7.46233e-09
33.104 PRSS 1.2564e-08
33.2017 RSS 1.08254e-09
33.204 RSS 1.4926e-08
33.204 PRSS 1.13214e-08
33.304 RSS 4.41361e-13
33.3046 RSS 1.08254e-09
33.3069 RSS 7.46322e-09
33.3069 PRSS 4.56802e-09
33.4039 RSS 1.08254e-09
33.4062 RSS 7.46322e-09
33.4062 PRSS 8.54532e-09
33.5045 RSS 1.08254e-09
33.5068 RSS -7.46233e-09
33.5068 PRSS 2.87865e-09
33.6038 RSS 1.08254e-09
33.6061 RSS 4.41361e-13
33.6061 PRSS 8.54532e-09
33.704 RSS 1.08254e-09
33.7063 RSS -7.46233e-09
33.7063 PRSS 1.05918e-08
33.8039 RSS 1.08254e-09
33.8062 RSS 4.41361e-13
33.8062 PRSS 8.54532e-09
33.9017 RSS 1.08254e-09
33.904 RSS 4.41361e-13
33.904 PRSS 8.55268e-09
34.0004 RSS 1.08254e-09
34.0027 RSS 7.46322e-09
34.0027 PRSS 3.01328e-09
34.1045 RSS 1.08254e-09
34.1068 RSS 4.41361e-13
34.1068 PRSS 9.32368e-09
34.205 RSS 1.08254e-09
34.2073 RSS -7.46233e-09
34.2073 PRSS 1.08254e-09
--
Received one packet! Socket: 10.1.1.1 port: 49153 at time = 34.2073
--
34.3049 RSS 1.08254e-09
34.3072 RSS 7.46322e-09
34.3072 PRSS 3.13212e-09
34.4029 RSS 1.08254e-09
34.4052 RSS -7.46233e-09
34.4052 PRSS 3.6639e-09
34.5022 RSS 1.08254e-09
34.5045 RSS 7.46322e-09
34.5045 PRSS 2.21471e-09
34.6003 RSS 1.08254e-09
34.6026 RSS -7.46233e-09
34.6026 PRSS 1.40117e-09
34.7026 RSS 7.46322e-09
34.7027 RSS 1.08254e-09
34.705 RSS 7.46322e-09
34.705 PRSS 9.97159e-09
34.8013 RSS 1.08254e-09
34.8036 RSS 7.46322e-09
34.8036 PRSS 8.12341e-09
34.9036 RSS 1.08254e-09
34.9059 RSS 4.41361e-13
34.9059 PRSS 1.02422e-08
35.0027 RSS 1.08254e-09
35.0051 RSS -7.46233e-09
35.0051 PRSS 9.41156e-09
35.1021 RSS 1.08254e-09
35.1044 RSS 7.46322e-09
35.1044 PRSS 7.48742e-09
35.2039 RSS 1.08254e-09
35.2063 RSS 4.41361e-13
35.2063 PRSS 8.54532e-09
35.3023 RSS 1.08254e-09
35.3046 RSS -7.46233e-09
35.3046 PRSS 1.25329e-08
35.4008 RSS 1.08254e-09
35.4031 RSS 4.41361e-13
35.4031 PRSS 1.08254e-09
--
Received one packet! Socket: 10.1.1.1 port: 49153 at time = 35.4031
--
35.5011 RSS 1.08254e-09
35.5034 RSS -7.46233e-09
35.5034 PRSS 6.96442e-09
35.6034 RSS 7.46322e-09
35.6036 RSS 1.08254e-09
35.6059 RSS -7.46233e-09
35.6059 PRSS 7.91337e-09
35.7049 RSS 1.08254e-09
35.7072 RSS 4.41361e-13
35.7072 PRSS 8.54532e-09
35.8001 RSS 1.08254e-09
35.8024 RSS -7.46233e-09
35.8024 PRSS 1.08254e-09
--
Received one packet! Socket: 10.1.1.1 port: 49153 at time = 35.8024
--
35.9024 RSS 7.46322e-09
35.9048 RSS 1.08254e-09
35.9071 RSS -7.46233e-09
35.9071 PRSS 7.38051e-09
36.0025 RSS 1.08254e-09
36.0048 RSS 7.46322e-09
36.0048 PRSS 4.94271e-09
36.1009 RSS 1.08254e-09
36.1032 RSS 4.41361e-13
36.1032 PRSS 1.60081e-08
36.2013 RSS 1.08254e-09
36.2036 RSS -7.46233e-09
36.2036 PRSS 1.43207e-08
36.3036 RSS 7.46322e-09
36.3036 RSS 1.08254e-09
36.3059 RSS 4.41361e-13
36.3059 PRSS 8.54532e-09
36.4009 RSS 1.08254e-09
36.4032 RSS 4.41361e-13
36.4032 PRSS 4.6416e-09
36.5023 RSS 1.08254e-09
36.5046 RSS 7.46322e-09
36.5046 PRSS 3.00965e-09
36.6031 RSS 1.08254e-09
36.6054 RSS 4.41361e-13
36.6054 PRSS 8.54532e-09
36.7039 RSS 1.08254e-09
36.7062 RSS -7.46233e-09
36.7062 PRSS 1.7882e-09
36.8005 RSS 1.08254e-09
36.8028 RSS 7.46322e-09
36.8028 PRSS 8.54532e-09
36.9008 RSS 1.08254e-09
36.9031 RSS -7.46233e-09
36.9031 PRSS 1.53723e-08
37.0022 RSS 1.08254e-09
37.0045 RSS 7.46322e-09
37.0045 PRSS 6.43307e-09
37.1004 RSS 1.08254e-09
37.1027 RSS 4.41361e-13
37.1027 PRSS 8.54532e-09
37.2022 RSS 1.08254e-09
37.2045 RSS -7.46233e-09
37.2045 PRSS 1.41674e-08
37.3032 RSS 1.08254e-09
37.3055 RSS 7.46322e-09
37.3055 PRSS 8.11081e-09
37.4034 RSS 1.08254e-09
37.4057 RSS -7.46233e-09
37.4057 PRSS 3.98893e-09
37.5026 RSS 1.08254e-09
37.5049 RSS -7.46233e-09
37.5049 PRSS 3.1085e-09
37.6003 RSS 1.08254e-09
37.6026 RSS -7.46233e-09
37.6026 PRSS 3.64584e-09
37.7001 RSS 1.08254e-09
37.7024 RSS 4.41361e-13
37.7024 PRSS 1.41795e-08
37.8024 RSS 7.46322e-09
37.8038 RSS 1.08254e-09
37.8061 RSS 7.46322e-09
37.8061 PRSS 1.26964e-08
37.9049 RSS 1.08254e-09
37.9072 RSS 7.46322e-09
37.9072 PRSS 3.56602e-09
38.0012 RSS 1.08254e-09
38.0035 RSS 4.41361e-13
38.0035 PRSS 1.60081e-08
38.1016 RSS 1.08254e-09
38.1039 RSS 4.41361e-13
38.1039 PRSS 5.25229e-09
38.2033 RSS 1.08254e-09
38.2056 RSS 4.41361e-13
38.2056 PRSS 4.03068e-09
38.3036 RSS 1.08254e-09
38.3059 RSS -7.46233e-09
38.3059 PRSS 3.21376e-09
38.4019 RSS 1.08254e-09
38.4042 RSS 7.46322e-09
38.4042 PRSS 2.11002e-09
38.5021 RSS 1.08254e-09
38.5044 RSS 4.41361e-13
38.5044 PRSS 8.54532e-09
38.6031 RSS 1.08254e-09
38.6054 RSS 4.41361e-13
38.7048 RSS 1.08254e-09
38.7071 RSS 4.41361e-13
38.803 RSS 1.08254e-09
38.8053 RSS 4.41361e-13
38.9011 RSS 1.08254e-09
38.9034 RSS -7.46233e-09
38.9034 PRSS 1.09687e-08
39.0028 RSS 1.08254e-09
39.0051 RSS 4.41361e-13
39.0051 PRSS 1.10319e-08
39.1037 RSS 1.08254e-09
39.106 RSS 4.41361e-13
39.106 PRSS 8.54532e-09
39.2009 RSS 1.08254e-09
39.2033 RSS 4.41361e-13
39.2033 PRSS 1.08254e-09
--
Received one packet! Socket: 10.1.1.1 port: 49153 at time = 39.2033
--
39.3022 RSS 1.08254e-09
39.3045 RSS 4.41361e-13
39.3045 PRSS 1.08897e-08
39.4041 RSS 1.08254e-09
39.4064 RSS 7.46322e-09
39.4064 PRSS 6.02238e-09
39.5014 RSS 1.08254e-09
39.5037 RSS 4.41361e-13
39.5037 PRSS 8.54532e-09
39.6014 RSS 1.08254e-09
39.6037 RSS -7.46233e-09
39.6037 PRSS 1.19066e-09
--
Received one packet! Socket: 10.1.1.1 port: 49153 at time = 39.6037
--
39.7025 RSS 1.08254e-09
39.7048 RSS 4.41361e-13
39.7048 PRSS 9.00547e-09
39.8034 RSS 1.08254e-09
39.8057 RSS -7.46233e-09
39.8057 PRSS 8.57099e-09
39.9006 RSS 1.08254e-09
39.9029 RSS 7.46322e-09
39.9029 PRSS 1.27599e-08
40.0046 RSS 1.08254e-09
40.0069 RSS 4.41361e-13
40.0069 PRSS 8.54532e-09
40.104 RSS 1.08254e-09
40.1063 RSS 7.46322e-09
40.2046 RSS 1.08254e-09
40.2069 RSS 4.41361e-13
40.3001 RSS 1.08254e-09
40.3024 RSS 4.41361e-13
40.4024 RSS 4.41361e-13
40.4036 RSS 1.08254e-09
40.4059 RSS 7.46322e-09
40.4059 PRSS 1.28217e-08
40.5013 RSS 1.08254e-09
40.5036 RSS 4.41361e-13
40.5036 PRSS 8.54532e-09
40.6036 RSS 7.46322e-09
40.6038 RSS 1.08254e-09
40.6061 RSS -7.46233e-09
40.6061 PRSS 1.21631e-08
40.7033 RSS 1.08254e-09
40.7056 RSS 7.46322e-09
40.7056 PRSS 8.54532e-09
40.8038 RSS 1.08254e-09
40.8061 RSS 4.41361e-13
40.902 RSS 1.08254e-09
40.9043 RSS -7.46233e-09
41.0002 RSS 1.08254e-09
41.0025 RSS -7.46233e-09
41.0025 PRSS 8.10926e-09
41.101 RSS 1.08254e-09
41.1033 RSS 4.41361e-13
41.1033 PRSS 1.01181e-08
41.2017 RSS 1.08254e-09
41.204 RSS -7.46233e-09
41.204 PRSS 9.50221e-09
41.3031 RSS 1.08254e-09
41.3054 RSS 7.46322e-09
41.3054 PRSS 1.48954e-08
41.4035 RSS 1.08254e-09
41.4058 RSS 7.46322e-09
41.4058 PRSS 8.54532e-09
41.502 RSS 1.08254e-09
41.5043 RSS 4.41361e-13
41.601 RSS 1.08254e-09
41.6033 RSS 4.41361e-13
41.7029 RSS 1.08254e-09
41.7052 RSS 4.41361e-13
41.7052 PRSS 7.72887e-09
41.802 RSS 1.08254e-09
41.8043 RSS 4.41361e-13
41.8043 PRSS 1.60081e-08
41.9043 RSS 4.41361e-13
41.9045 RSS 1.08254e-09
41.9068 RSS -7.46233e-09
41.9068 PRSS 6.71658e-09
42.0001 RSS 1.08254e-09
42.0024 RSS 4.41361e-13
42.0024 PRSS 1.08254e-09
--
Received one packet! Socket: 10.1.1.1 port: 49153 at time = 42.0024
--
42.1024 RSS 7.46322e-09
42.1045 RSS 1.08254e-09
42.1068 RSS -7.46233e-09
42.1068 PRSS 9.0382e-09
42.2008 RSS 1.08254e-09
42.2031 RSS 4.41361e-13
42.2031 PRSS 8.54532e-09
42.3013 RSS 1.08254e-09
42.3036 RSS 4.41361e-13
42.4036 RSS 4.41361e-13
42.4044 RSS 1.08254e-09
42.4067 RSS 7.46322e-09
42.4067 PRSS 5.53886e-09
42.5014 RSS 1.08254e-09
42.5037 RSS 4.41361e-13
42.5037 PRSS 8.54532e-09
42.602 RSS 1.08254e-09
42.6043 RSS 7.46322e-09
42.6043 PRSS 1.21576e-08
42.7027 RSS 1.08254e-09
42.705 RSS -7.46233e-09
42.705 PRSS 8.54532e-09
42.8029 RSS 1.08254e-09
42.8052 RSS -7.46233e-09
42.8052 PRSS 1.18803e-08
42.901 RSS 1.08254e-09
42.9033 RSS -7.46233e-09
42.9033 PRSS 8.54532e-09
43.002 RSS 1.08254e-09
43.0043 RSS 4.41361e-13
43.0043 PRSS 1.08254e-09
--
Received one packet! Socket: 10.1.1.1 port: 49153 at time = 43.0043
--
43.1037 RSS 1.08254e-09
43.106 RSS 4.41361e-13
43.106 PRSS 9.74089e-09
43.2019 RSS 1.08254e-09
43.2042 RSS 4.41361e-13
43.2042 PRSS 8.54532e-09
43.3042 RSS 7.46322e-09
43.3048 RSS 1.08254e-09
43.3071 RSS 7.46322e-09
43.3071 PRSS 9.42825e-09
43.4029 RSS 1.08254e-09
43.4052 RSS -7.46233e-09
43.4052 PRSS 9.96798e-09
43.503 RSS 1.08254e-09
43.5053 RSS 4.41361e-13
43.5053 PRSS 8.54532e-09
43.6015 RSS 1.08254e-09
43.6038 RSS -1.49251e-08
43.6038 PRSS 7.77053e-09
43.7026 RSS 1.08254e-09
43.7049 RSS 4.41361e-13
43.7049 PRSS 3.70979e-09
43.801 RSS 1.08254e-09
43.8033 RSS 4.41361e-13
43.8033 PRSS 1.60081e-08
43.901 RSS 1.08254e-09
43.9033 RSS 7.46322e-09
43.9033 PRSS 3.49663e-09
44.0033 RSS -7.46233e-09
44.0047 RSS 1.08254e-09
44.007 RSS 7.46322e-09
44.007 PRSS 5.28509e-09
44.1016 RSS 1.08254e-09
44.1039 RSS 4.41361e-13
44.1039 PRSS 3.72172e-09
44.2039 RSS 7.46322e-09
44.2039 RSS 1.08254e-09
44.2062 RSS 4.41361e-13
44.2062 PRSS 8.54532e-09
44.301 RSS 1.08254e-09
44.3033 RSS 4.41361e-13
44.403 RSS 1.08254e-09
44.4053 RSS 7.46322e-09
44.4053 PRSS 1.16391e-08
44.5007 RSS 1.08254e-09
44.503 RSS 7.46322e-09
44.503 PRSS 1.46993e-08
44.6012 RSS 1.08254e-09
44.6035 RSS 4.41361e-13
44.6035 PRSS 1.10932e-08
44.7035 RSS 7.46322e-09
44.705 RSS 1.08254e-09
44.7073 RSS -7.46233e-09
44.7073 PRSS 5.74492e-09
44.8032 RSS 1.08254e-09
44.8055 RSS 7.46322e-09
44.8055 PRSS 4.02577e-09
44.901 RSS 1.08254e-09
44.9033 RSS 7.46322e-09
44.9033 PRSS 1.28577e-08
45.0033 RSS -7.46233e-09
45.0038 RSS 1.08254e-09
45.0061 RSS 7.46322e-09
45.0061 PRSS 9.17668e-09
45.1024 RSS 1.08254e-09
45.1047 RSS 4.41361e-13
45.1047 PRSS 4.97418e-09
45.2002 RSS 1.08254e-09
45.2025 RSS 7.46322e-09
45.2025 PRSS 8.54532e-09
45.3025 RSS -7.46233e-09
45.3047 RSS 1.08254e-09
45.307 RSS 7.46322e-09
45.307 PRSS 1.20943e-08
45.4047 RSS 1.08254e-09
45.407 RSS -7.46233e-09
45.407 PRSS 2.08291e-09
45.5039 RSS 1.08254e-09
45.5062 RSS 4.41361e-13
45.5062 PRSS 8.54532e-09
45.604 RSS 1.08254e-09
45.6063 RSS 4.41361e-13
45.7 RSS 1.08254e-09
45.7023 RSS 4.41361e-13
45.7023 PRSS 3.29455e-09
45.8023 RSS 7.46322e-09
45.8025 RSS 1.08254e-09
45.8048 RSS 4.41361e-13
45.8048 PRSS 8.54532e-09
45.902 RSS 1.08254e-09
45.9043 RSS -7.46233e-09
45.9043 PRSS 1.18302e-08
46.0043 RSS 7.46322e-09
46.0045 RSS 1.08254e-09
46.0068 RSS -7.46233e-09
46.0068 PRSS 8.06215e-09
46.1016 RSS 1.08254e-09
46.1039 RSS 4.41361e-13
46.1039 PRSS 6.14443e-09
46.2043 RSS 1.08254e-09
46.2066 RSS 4.41361e-13
46.2066 PRSS 1.08403e-08
46.3017 RSS 1.08254e-09
46.304 RSS 4.41361e-13
46.304 PRSS 8.54532e-09
46.4014 RSS 1.08254e-09
46.4037 RSS 7.46322e-09
46.4037 PRSS 1.54548e-08
46.5031 RSS 1.08254e-09
46.5054 RSS 4.41361e-13
46.5054 PRSS 8.54532e-09
46.6014 RSS 1.08254e-09
46.6037 RSS 4.41361e-13
46.7037 RSS 7.46322e-09
46.7049 RSS 1.08254e-09
46.7072 RSS -7.46233e-09
46.7072 PRSS 8.74877e-09
46.8005 RSS 1.08254e-09
46.8028 RSS 4.41361e-13
46.8028 PRSS 1.20615e-08
46.9017 RSS 1.08254e-09
46.904 RSS -7.46233e-09
46.904 PRSS 1.53595e-08
47.004 RSS 7.46322e-09
47.0045 RSS 1.08254e-09
47.0068 RSS -7.46233e-09
47.0068 PRSS 5.14604e-09
47.1031 RSS 1.08254e-09
47.1054 RSS 4.41361e-13
47.1054 PRSS 8.54532e-09
47.203 RSS 1.08254e-09
47.2053 RSS 7.46322e-09
47.3047 RSS 1.08254e-09
47.307 RSS -7.46233e-09
47.307 PRSS 2.88217e-09
47.4049 RSS 1.08254e-09
47.4072 RSS 7.46322e-09
47.4072 PRSS 1.43043e-08
47.5031 RSS 1.08254e-09
47.5054 RSS 4.41361e-13
47.5054 PRSS 8.66905e-09
47.601 RSS 1.08254e-09
47.6033 RSS 4.41361e-13
47.6033 PRSS 1.22479e-08
47.7015 RSS 1.08254e-09
47.7038 RSS 4.41361e-13
47.7038 PRSS 8.54532e-09
47.8012 RSS 1.08254e-09
47.8035 RSS 4.41361e-13
47.8035 PRSS 9.45543e-09
47.9003 RSS 1.08254e-09
47.9026 RSS 4.41361e-13
47.9026 PRSS 8.54532e-09
48.0026 RSS -7.46233e-09
48.0046 RSS 1.08254e-09
48.0069 RSS 1.4926e-08
48.0069 PRSS 8.42104e-09
48.1008 RSS 1.08254e-09
48.1031 RSS -7.46233e-09
48.1031 PRSS 1.81554e-09
48.2028 RSS 1.08254e-09
48.2051 RSS 7.46322e-09
48.2051 PRSS 1.32221e-08
48.3028 RSS 1.08254e-09
48.3051 RSS -7.46233e-09
48.3051 PRSS 1.42618e-08
48.4023 RSS 1.08254e-09
48.4046 RSS -7.46233e-09
48.4046 PRSS 1.24932e-08
48.5024 RSS 1.08254e-09
48.5047 RSS -7.46233e-09
48.5047 PRSS 6.68376e-09
48.6006 RSS 1.08254e-09
48.6029 RSS -7.46233e-09
48.6029 PRSS 9.05775e-09
48.7029 RSS 7.46322e-09
48.7039 RSS 1.08254e-09
48.7062 RSS -7.46233e-09
48.7062 PRSS 8.58577e-09
48.8036 RSS 1.08254e-09
48.8059 RSS -7.46233e-09
48.8059 PRSS 9.65463e-09
48.901 RSS 1.08254e-09
48.9033 RSS 7.46322e-09
48.9033 PRSS 6.58647e-09
49.0007 RSS 1.08254e-09
49.003 RSS 4.41361e-13
49.003 PRSS 8.54532e-09
49.103 RSS 7.46322e-09
49.1046 RSS 1.08254e-09
49.1069 RSS 4.41361e-13
49.201 RSS 1.08254e-09
49.2033 RSS 7.46322e-09
49.2033 PRSS 6.85026e-09
49.3034 RSS 1.08254e-09
49.3057 RSS 4.41361e-13
49.3057 PRSS 8.54532e-09
49.4025 RSS 1.08254e-09
49.4048 RSS 4.41361e-13
49.4048 PRSS 6.72926e-09
49.5024 RSS 1.08254e-09
49.5047 RSS 7.46322e-09
49.5047 PRSS 1.52508e-08
49.6036 RSS 1.08254e-09
49.6059 RSS 4.41361e-13
49.6059 PRSS 8.54532e-09
49.7024 RSS 1.08254e-09
49.7047 RSS 4.41361e-13
49.8017 RSS 1.08254e-09
49.804 RSS 4.41361e-13
49.804 PRSS 8.9382e-09
49.9006 RSS 1.08254e-09
49.9029 RSS 7.46322e-09
49.9029 PRSS 8.80219e-09
50.0022 RSS 1.08254e-09
50.0045 RSS 4.41361e-13
50.0045 PRSS 8.54532e-09
50.1045 RSS 4.41361e-13
50.1046 RSS 1.08254e-09
50.1069 RSS 7.46322e-09
50.1069 PRSS 3.87783e-09
50.2013 RSS 1.08254e-09
50.2036 RSS 4.41361e-13
50.2036 PRSS 6.98946e-09
50.3041 RSS 1.08254e-09
50.3064 RSS 4.41361e-13
50.3064 PRSS 8.54532e-09
50.4045 RSS 1.08254e-09
50.4068 RSS -7.46233e-09
50.4068 PRSS 2.97179e-09
50.5036 RSS 1.08254e-09
50.5059 RSS 7.46322e-09
50.5059 PRSS 1.57429e-08
50.6029 RSS 1.08254e-09
50.6052 RSS 7.46322e-09
50.6052 PRSS 5.7205e-09
50.7007 RSS 1.08254e-09
50.703 RSS -7.46233e-09
50.703 PRSS 7.94311e-09
50.802 RSS 1.08254e-09
50.8043 RSS 4.41361e-13
50.8043 PRSS 8.43046e-09
50.9016 RSS 1.08254e-09
50.9039 RSS 7.46322e-09
50.9039 PRSS 1.29172e-08
51.0015 RSS 1.08254e-09
51.0038 RSS 4.41361e-13
51.0038 PRSS 8.54532e-09
51.1003 RSS 1.08254e-09
51.1026 RSS 4.41361e-13
51.1026 PRSS 1.039e-08
51.2 RSS 1.08254e-09
51.2024 RSS 4.41361e-13
51.2024 PRSS 8.54532e-09
51.3012 RSS 1.08254e-09
51.3035 RSS 4.41361e-13
51.4015 RSS 1.08254e-09
51.4038 RSS 4.41361e-13
51.4038 PRSS 1.2776e-08
51.5009 RSS 1.08254e-09
51.5032 RSS -7.46233e-09
51.5032 PRSS 1.08254e-09
--
Received one packet! Socket: 10.1.1.1 port: 49153 at time = 51.5032
--
51.6032 RSS 4.41361e-13
51.6044 RSS 1.08254e-09
51.6067 RSS 7.46322e-09
51.6067 PRSS 4.9448e-09
51.7025 RSS 1.08254e-09
51.7048 RSS 4.41361e-13
51.7048 PRSS 6.17001e-09
51.8028 RSS 1.08254e-09
51.8051 RSS 4.41361e-13
51.8051 PRSS 8.54532e-09
51.9011 RSS 1.08254e-09
51.9034 RSS 4.41361e-13
52.0025 RSS 1.08254e-09
52.0048 RSS 4.41361e-13
52.1017 RSS 1.08254e-09
52.104 RSS -7.46233e-09
52.104 PRSS 3.98876e-09
52.2049 RSS 1.08254e-09
52.2072 RSS 7.46322e-09
52.2072 PRSS 7.6587e-09
52.3032 RSS 1.08254e-09
52.3055 RSS -7.46233e-09
52.3055 PRSS 6.1319e-09
52.4013 RSS 1.08254e-09
52.4036 RSS -7.46233e-09
52.4036 PRSS 1.23828e-08
52.5018 RSS 1.08254e-09
52.5041 RSS -7.46233e-09
52.5041 PRSS 6.82934e-09
52.6024 RSS 1.08254e-09
52.6047 RSS 7.46322e-09
52.6047 PRSS 5.74416e-09
52.703 RSS 1.08254e-09
52.7053 RSS 4.41361e-13
52.7053 PRSS 8.54532e-09
52.8021 RSS 1.08254e-09
52.8044 RSS 4.41361e-13
52.8044 PRSS 4.05299e-09
52.9006 RSS 1.08254e-09
52.9029 RSS 7.46322e-09
52.9029 PRSS 1.249e-08
53.0029 RSS 4.41361e-13
53.0037 RSS 1.08254e-09
53.006 RSS 7.46322e-09
53.006 PRSS 9.6404e-09
53.1005 RSS 1.08254e-09
53.1028 RSS 4.41361e-13
53.1028 PRSS 1.12865e-08
53.2028 RSS 7.46322e-09
53.2044 RSS 1.08254e-09
53.2067 RSS -7.46233e-09
53.2067 PRSS 1.73204e-09
53.3007 RSS 1.08254e-09
53.303 RSS -7.46233e-09
53.303 PRSS 5.63231e-09
53.403 RSS 7.46322e-09
53.4048 RSS 1.08254e-09
53.4071 RSS 4.41361e-13
53.4071 PRSS 8.54532e-09
53.5042 RSS 1.08254e-09
53.5065 RSS 7.46322e-09
53.5065 PRSS 5.54879e-09
53.6003 RSS 1.08254e-09
53.6026 RSS 7.46322e-09
53.6026 PRSS 1.06747e-08
53.7041 RSS 1.08254e-09
53.7064 RSS -7.46233e-09
53.7064 PRSS 1.26039e-08
53.8021 RSS 1.08254e-09
53.8044 RSS -7.46233e-09
53.8044 PRSS 1.20204e-08
53.902 RSS 1.08254e-09
53.9043 RSS 1.4926e-08
53.9043 PRSS 6.29407e-09
54.0043 RSS -7.46233e-09
54.0048 RSS 1.08254e-09
54.0071 RSS 7.46322e-09
54.0071 PRSS 7.93364e-09
54.1028 RSS 1.08254e-09
54.1051 RSS 7.46322e-09
54.1051 PRSS 6.08569e-09
54.2027 RSS 1.08254e-09
54.205 RSS 4.41361e-13
54.205 PRSS 8.54532e-09
54.3006 RSS 1.08254e-09
54.3029 RSS 4.41361e-13
54.3029 PRSS 1.05382e-08
54.4028 RSS 1.08254e-09
54.4051 RSS 7.46322e-09
54.4051 PRSS 1.43913e-08
54.5033 RSS 1.08254e-09
54.5056 RSS 4.41361e-13
54.5056 PRSS 2.54231e-09
54.6026 RSS 1.08254e-09
54.605 RSS 4.41361e-13
54.605 PRSS 1.1073e-08
54.7045 RSS 1.08254e-09
54.7068 RSS 4.41361e-13
54.7068 PRSS 1.60081e-08
54.8025 RSS 1.08254e-09
54.8048 RSS 4.41361e-13
54.8048 PRSS 1.08254e-09
--
Received one packet! Socket: 10.1.1.1 port: 49153 at time = 54.8048
--
54.9024 RSS 1.08254e-09
54.9047 RSS 7.46322e-09
54.9047 PRSS 7.27434e-09
55.0001 RSS 1.08254e-09
55.0024 RSS 7.46322e-09
55.0024 PRSS 8.54532e-09
55.1029 RSS 1.08254e-09
55.1052 RSS 7.46322e-09
55.1052 PRSS 1.53523e-08
55.2013 RSS 1.08254e-09
55.2036 RSS 4.41361e-13
55.2036 PRSS 8.54532e-09
55.3014 RSS 1.08254e-09
55.3037 RSS 4.41361e-13
55.3037 PRSS 5.88851e-09
55.4001 RSS 1.08254e-09
55.4024 RSS 7.46322e-09
55.4024 PRSS 7.32049e-09
55.5034 RSS 1.08254e-09
55.5057 RSS 4.41361e-13
55.5057 PRSS 8.54532e-09
55.6022 RSS 1.08254e-09
55.6045 RSS 4.41361e-13
55.6045 PRSS 1.08254e-09
--
Received one packet! Socket: 10.1.1.1 port: 49153 at time = 55.6045
--
55.7039 RSS 1.08254e-09
55.7062 RSS 7.46322e-09
55.7062 PRSS 7.09923e-09
55.8018 RSS 1.08254e-09
55.8041 RSS -7.46233e-09
55.8041 PRSS 1.35641e-08
55.9041 RSS 4.41361e-13
55.9041 RSS 1.08254e-09
55.9064 RSS 7.46322e-09
55.9064 PRSS 2.68967e-09
56.0045 RSS 1.08254e-09
56.0068 RSS -7.46233e-09
56.0068 PRSS 1.04462e-08
56.1026 RSS 1.08254e-09
56.1049 RSS -7.46233e-09
56.1049 PRSS 9.36671e-09
56.2029 RSS 1.08254e-09
56.2052 RSS 4.41361e-13
56.2052 PRSS 8.54532e-09
56.3021 RSS 1.08254e-09
56.3044 RSS 4.41361e-13
56.4027 RSS 1.08254e-09
56.405 RSS -7.46233e-09
56.5018 RSS 1.08254e-09
56.5041 RSS -7.46233e-09
56.5041 PRSS 1.54623e-08
56.6027 RSS 1.08254e-09
56.605 RSS 4.41361e-13
56.605 PRSS 8.54532e-09
56.7045 RSS 1.08254e-09
56.7068 RSS 4.41361e-13
56.7068 PRSS 5.38973e-09
56.803 RSS 1.08254e-09
56.8053 RSS 7.46322e-09
56.8053 PRSS 5.24867e-09
56.9001 RSS 1.08254e-09
56.9024 RSS -7.46233e-09
56.9024 PRSS 7.92819e-09
57.0009 RSS 1.08254e-09
57.0032 RSS 4.41361e-13
57.0032 PRSS 9.44427e-09
57.102 RSS 1.08254e-09
57.1043 RSS 4.41361e-13
57.1043 PRSS 8.79329e-09
57.2039 RSS 1.08254e-09
57.2062 RSS 4.41361e-13
57.2062 PRSS 8.54532e-09
57.3002 RSS 1.08254e-09
57.3025 RSS 4.41361e-13
57.3025 PRSS 1.60081e-08
57.4013 RSS 1.08254e-09
57.4036 RSS 7.46322e-09
57.4036 PRSS 8.15783e-09
57.5004 RSS 1.08254e-09
57.5027 RSS 7.46322e-09
57.5027 PRSS 1.31513e-08
57.6027 RSS 4.41361e-13
57.6033 RSS 1.08254e-09
57.6056 RSS 4.41361e-13
57.6056 PRSS 8.54532e-09
57.7014 RSS 1.08254e-09
57.7037 RSS 7.46322e-09
57.7037 PRSS 4.59236e-09
57.8034 RSS 1.08254e-09
57.8057 RSS -7.46233e-09
57.8057 PRSS 4.80513e-09
57.9047 RSS 1.08254e-09
57.907 RSS -7.46233e-09
57.907 PRSS 1.07476e-08
58.0017 RSS 1.08254e-09
58.004 RSS 4.41361e-13
58.004 PRSS 1.08254e-09
--
Received one packet! Socket: 10.1.1.1 port: 49153 at time = 58.004
--
58.1036 RSS 1.08254e-09
58.1059 RSS 4.41361e-13
58.1059 PRSS 1.07282e-08
58.2033 RSS 1.08254e-09
58.2056 RSS -7.46233e-09
58.2056 PRSS 4.43437e-09
58.3008 RSS 1.08254e-09
58.3031 RSS 4.41361e-13
58.3031 PRSS 8.54532e-09
58.4031 RSS 4.41361e-13
58.4038 RSS 1.08254e-09
58.4061 RSS 7.46322e-09
58.4061 PRSS 6.44329e-09
58.5 RSS 1.08254e-09
58.5023 RSS 4.41361e-13
58.5023 PRSS 1.4565e-09
58.6009 RSS 1.08254e-09
58.6032 RSS -7.46233e-09
58.6032 PRSS 9.03771e-09
58.7032 RSS 7.46322e-09
58.7037 RSS 1.08254e-09
58.706 RSS -7.46233e-09
58.706 PRSS 8.54532e-09
58.8018 RSS 1.08254e-09
58.8041 RSS 4.41361e-13
58.8041 PRSS 1.08254e-09
--
Received one packet! Socket: 10.1.1.1 port: 49153 at time = 58.8041
--
58.9015 RSS 1.08254e-09
58.9038 RSS 4.41361e-13
58.9038 PRSS 8.54532e-09
59.0025 RSS 1.08254e-09
59.0048 RSS 7.46322e-09
59.0048 PRSS 5.63179e-09
59.1044 RSS 1.08254e-09
59.1067 RSS 4.41361e-13
59.1067 PRSS 8.54532e-09
59.2032 RSS 1.08254e-09
59.2055 RSS -7.46233e-09
59.2055 PRSS 7.57715e-09
59.3006 RSS 1.08254e-09
59.3029 RSS 4.41361e-13
59.3029 PRSS 8.54532e-09
59.4029 RSS 7.46322e-09
59.4029 RSS 1.08254e-09
59.4052 RSS 4.41361e-13
59.4052 PRSS 8.51059e-09
59.5 RSS 1.08254e-09
59.5023 RSS 4.41361e-13
59.5023 PRSS 8.54532e-09
59.6022 RSS 1.08254e-09
59.6045 RSS 4.41361e-13
59.6045 PRSS 5.47826e-09
59.7024 RSS 1.08254e-09
59.7047 RSS 1.4926e-08
59.7047 PRSS 1.48984e-08
59.8025 RSS 1.08254e-09
59.8048 RSS 4.41361e-13
59.8048 PRSS 1.08254e-09
--
Received one packet! Socket: 10.1.1.1 port: 49153 at time = 59.8048
--
59.9048 RSS 7.46322e-09
59.905 RSS 1.08254e-09
59.9073 RSS 4.41361e-13
59.9073 PRSS 8.54532e-09
Actual PDR = 0.075
Actual RSS = 1.4926e-08
Actual Average Packet RSS = 1.60081e-08
