0 RSS 4.41361e-13
0.00121738 RSS 1.08254e-09
0.00352138 RSS 4.41361e-13
0.00352138 PRSS 2.16195e-09
--
Received one packet! Socket: 10.1.1.1 port: 49153 at time = 0.00352138
--
0.102164 RSS 1.08254e-09
0.104468 RSS 4.41361e-13
--
Received one packet! Socket: 10.1.1.1 port: 49153 at time = 0.104468
--
0.204468 RSS -1.07896e-09
0.208994 RSS 1.08254e-09
0.211298 RSS 4.41361e-13
--
Received one packet! Socket: 10.1.1.1 port: 49153 at time = 0.211298
--
0.304827 RSS 1.08254e-09
0.307131 RSS -1.07896e-09
0.307131 PRSS 1.80022e-09
--
Received one packet! Socket: 10.1.1.1 port: 49153 at time = 0.307131
--
0.408938 RSS 1.08254e-09
0.411242 RSS 1.07985e-09
0.411242 PRSS 1.82984e-09
--
Received one packet! Socket: 10.1.1.1 port: 49153 at time = 0.411242
--
0.502907 RSS 1.08254e-09
0.505211 RSS 4.41361e-13
0.505211 PRSS 2.16195e-09
--
Received one packet! Socket: 10.1.1.1 port: 49153 at time = 0.505211
--
0.600699 RSS 1.08254e-09
0.603003 RSS -1.07896e-09
0.603003 PRSS 2.32128e-09
--
Received one packet! Socket: 10.1.1.1 port: 49153 at time = 0.603003
--
0.703003 RSS 1.07985e-09
0.706118 RSS 1.08254e-09
0.708422 RSS 1.07985e-09
0.708422 PRSS 2.54279e-09
--
Received one packet! Socket: 10.1.1.1 port: 49153 at time = 0.708422
--
0.808422 RSS 4.41361e-13
0.810116 RSS 1.08254e-09
0.81242 RSS 1.07985e-09
0.81242 PRSS 2.40778e-09
--
Received one packet! Socket: 10.1.1.1 port: 49153 at time = 0.81242
--
0.908822 RSS 1.08254e-09
0.911126 RSS 4.41361e-13
0.911126 PRSS 2.16195e-09
--
Received one packet! Socket: 10.1.1.1 port: 49153 at time = 0.911126
--
1.00126 RSS 1.08254e-09
1.00357 RSS -1.07896e-09
--
Received one packet! Socket: 10.1.1.1 port: 49153 at time = 1.00357
--
1.10305 RSS 1.08254e-09
1.10536 RSS 4.41361e-13
1.10536 PRSS 1.08254e-09
--
Received one packet! Socket: 10.1.1.1 port: 49153 at time = 1.10536
--
1.20536 RSS 1.07985e-09
1.20559 RSS 1.08254e-09
1.20789 RSS 4.41361e-13
1.20789 PRSS 2.16195e-09
--
Received one packet! Socket: 10.1.1.1 port: 49153 at time = 1.20789
--
1.30459 RSS 1.08254e-09
1.3069 RSS 4.41361e-13
1.3069 PRSS 1.08254e-09
--
Received one packet! Socket: 10.1.1.1 port: 49153 at time = 1.3069
--
1.4069 RSS 1.07985e-09
1.41497 RSS 1.08254e-09
1.41727 RSS 4.41361e-13
1.41727 PRSS 2.16195e-09
--
Received one packet! Socket: 10.1.1.1 port: 49153 at time = 1.41727
--
1.50737 RSS 1.08254e-09
1.50968 RSS 4.41361e-13
1.50968 PRSS 1.08254e-09
--
Received one packet! Socket: 10.1.1.1 port: 49153 at time = 1.50968
--
1.60469 RSS 1.08254e-09
1.60699 RSS -1.07896e-09
1.60699 PRSS 2.11757e-09
--
Received one packet! Socket: 10.1.1.1 port: 49153 at time = 1.60699
--
1.70699 RSS 1.07985e-09
1.70727 RSS 1.08254e-09
1.70957 RSS 4.41361e-13
1.70957 PRSS 2.16195e-09
--
Received one packet! Socket: 10.1.1.1 port: 49153 at time = 1.70957
--
1.80646 RSS 1.08254e-09
1.80876 RSS 4.41361e-13
--
Received one packet! Socket: 10.1.1.1 port: 49153 at time = 1.80876
--
1.90436 RSS 1.08254e-09
1.90667 RSS -1.07896e-09
1.90667 PRSS 1.85556e-09
--
Received one packet! Socket: 10.1.1.1 port: 49153 at time = 1.90667
--
2.00667 RSS 1.07985e-09
2.01397 RSS 1.08254e-09
2.01627 RSS 4.41361e-13
2.01627 PRSS 2.16195e-09
--
Received one packet! Socket: 10.1.1.1 port: 49153 at time = 2.01627
--
2.1033 RSS 1.08254e-09
2.1056 RSS 4.41361e-13
2.1056 PRSS 3.24135e-09
--
Received one packet! Socket: 10.1.1.1 port: 49153 at time = 2.1056
--
2.2056 RSS 1.07985e-09
2.20978 RSS 1.08254e-09
2.21208 RSS -1.07896e-09
2.21208 PRSS 2.39008e-09
--
Received one packet! Socket: 10.1.1.1 port: 49153 at time = 2.21208
--
2.30526 RSS 1.08254e-09
2.30756 RSS 4.41361e-13
2.30756 PRSS 2.16195e-09
--
Received one packet! Socket: 10.1.1.1 port: 49153 at time = 2.30756
--
2.40261 RSS 1.08254e-09
2.40491 RSS -1.07896e-09
2.40491 PRSS 2.1706e-09
--
Received one packet! Socket: 10.1.1.1 port: 49153 at time = 2.40491
--
2.50491 RSS 4.41361e-13
2.51748 RSS 1.08254e-09
2.51978 RSS 4.41361e-13
2.51978 PRSS 2.16195e-09
--
Received one packet! Socket: 10.1.1.1 port: 49153 at time = 2.51978
--
2.6069 RSS 1.08254e-09
2.6092 RSS 4.41361e-13
--
Received one packet! Socket: 10.1.1.1 port: 49153 at time = 2.6092
--
2.70552 RSS 1.08254e-09
2.70783 RSS 4.41361e-13
2.70783 PRSS 2.15781e-09
--
Received one packet! Socket: 10.1.1.1 port: 49153 at time = 2.70783
--
2.80901 RSS 1.08254e-09
2.81131 RSS 4.41361e-13
2.81131 PRSS 3.05596e-09
--
Received one packet! Socket: 10.1.1.1 port: 49153 at time = 2.81131
--
2.90845 RSS 1.08254e-09
2.91075 RSS 4.41361e-13
2.91075 PRSS 2.76422e-09
--
Received one packet! Socket: 10.1.1.1 port: 49153 at time = 2.91075
--
3.00104 RSS 1.08254e-09
3.00334 RSS 4.41361e-13
3.00334 PRSS 1.17175e-09
--
Received one packet! Socket: 10.1.1.1 port: 49153 at time = 3.00334
--
3.10542 RSS 1.08254e-09
3.10773 RSS 4.41361e-13
3.10773 PRSS 1.83296e-09
--
Received one packet! Socket: 10.1.1.1 port: 49153 at time = 3.10773
--
3.21421 RSS 1.08254e-09
3.21652 RSS 1.07985e-09
3.21652 PRSS 1.29014e-09
--
Received one packet! Socket: 10.1.1.1 port: 49153 at time = 3.21652
--
3.30189 RSS 1.08254e-09
3.3042 RSS 1.07985e-09
3.3042 PRSS 2.18298e-09
--
Received one packet! Socket: 10.1.1.1 port: 49153 at time = 3.3042
--
3.4042 RSS 1.07985e-09
3.40565 RSS 1.08254e-09
3.40796 RSS 4.41361e-13
3.40796 PRSS 2.16195e-09
--
Received one packet! Socket: 10.1.1.1 port: 49153 at time = 3.40796
--
3.50661 RSS 1.08254e-09
3.50891 RSS 1.07985e-09
--
Received one packet! Socket: 10.1.1.1 port: 49153 at time = 3.50891
--
3.60854 RSS 1.08254e-09
3.61085 RSS 4.41361e-13
3.61085 PRSS 3.15436e-09
--
Received one packet! Socket: 10.1.1.1 port: 49153 at time = 3.61085
--
3.70655 RSS 1.08254e-09
3.70885 RSS -1.07896e-09
3.70885 PRSS 1.85994e-09
--
Received one packet! Socket: 10.1.1.1 port: 49153 at time = 3.70885
--
3.80752 RSS 1.08254e-09
3.80982 RSS 4.41361e-13
3.80982 PRSS 1.08254e-09
--
Received one packet! Socket: 10.1.1.1 port: 49153 at time = 3.80982
--
3.91942 RSS 1.08254e-09
3.92172 RSS 4.41361e-13
3.92172 PRSS 1.6732e-09
--
Received one packet! Socket: 10.1.1.1 port: 49153 at time = 3.92172
--
4.01602 RSS 1.08254e-09
4.01833 RSS 1.07985e-09
4.01833 PRSS 1.26692e-09
--
Received one packet! Socket: 10.1.1.1 port: 49153 at time = 4.01833
--
4.10917 RSS 1.08254e-09
4.11147 RSS -1.07896e-09
4.11147 PRSS 2.80735e-09
--
Received one packet! Socket: 10.1.1.1 port: 49153 at time = 4.11147
--
4.2099 RSS 1.08254e-09
4.2122 RSS 1.07985e-09
4.2122 PRSS 2.51426e-09
--
Received one packet! Socket: 10.1.1.1 port: 49153 at time = 4.2122
--
4.30992 RSS 1.08254e-09
4.31223 RSS 4.41361e-13
4.31223 PRSS 2.56465e-09
--
Received one packet! Socket: 10.1.1.1 port: 49153 at time = 4.31223
--
4.40621 RSS 1.08254e-09
4.40852 RSS -1.07896e-09
4.40852 PRSS 2.10023e-09
--
Received one packet! Socket: 10.1.1.1 port: 49153 at time = 4.40852
--
4.50033 RSS 1.08254e-09
4.50263 RSS -1.07896e-09
4.50263 PRSS 1.6483e-09
--
Received one packet! Socket: 10.1.1.1 port: 49153 at time = 4.50263
--
4.60263 RSS 4.41361e-13
4.6057 RSS 1.08254e-09
4.60801 RSS 1.07985e-09
4.60801 PRSS 1.56443e-09
--
Received one packet! Socket: 10.1.1.1 port: 49153 at time = 4.60801
--
4.70377 RSS 1.08254e-09
4.70607 RSS 4.41361e-13
4.70607 PRSS 2.16195e-09
--
Received one packet! Socket: 10.1.1.1 port: 49153 at time = 4.70607
--
4.80607 RSS -1.07896e-09
4.81277 RSS 1.08254e-09
4.81507 RSS 1.07985e-09
4.81507 PRSS 2.79698e-09
--
Received one packet! Socket: 10.1.1.1 port: 49153 at time = 4.81507
--
4.90229 RSS 1.08254e-09
4.90459 RSS 4.41361e-13
4.90459 PRSS 2.33885e-09
--
Received one packet! Socket: 10.1.1.1 port: 49153 at time = 4.90459
--
5.00393 RSS 1.08254e-09
5.00623 RSS -1.07896e-09
5.00623 PRSS 2.08705e-09
--
Received one packet! Socket: 10.1.1.1 port: 49153 at time = 5.00623
--
5.10623 RSS 1.07985e-09
5.10861 RSS 1.08254e-09
5.11092 RSS 4.41361e-13
5.11092 PRSS 2.75677e-09
--
Received one packet! Socket: 10.1.1.1 port: 49153 at time = 5.11092
--
5.20268 RSS 1.08254e-09
5.20498 RSS 1.07985e-09
5.20498 PRSS 2.82803e-09
--
Received one packet! Socket: 10.1.1.1 port: 49153 at time = 5.20498
--
5.30498 RSS 4.41361e-13
5.3132 RSS 1.08254e-09
5.3155 RSS 4.41361e-13
5.3155 PRSS 2.47711e-09
--
Received one packet! Socket: 10.1.1.1 port: 49153 at time = 5.3155
--
5.40867 RSS 1.08254e-09
5.41098 RSS 1.07985e-09
5.41098 PRSS 1.86209e-09
--
Received one packet! Socket: 10.1.1.1 port: 49153 at time = 5.41098
--
5.50425 RSS 1.08254e-09
5.50656 RSS -1.07896e-09
5.50656 PRSS 3.08749e-09
--
Received one packet! Socket: 10.1.1.1 port: 49153 at time = 5.50656
--
5.60656 RSS 1.07985e-09
5.60881 RSS 1.08254e-09
5.61111 RSS 1.07985e-09
5.61111 PRSS 2.19572e-09
--
Received one packet! Socket: 10.1.1.1 port: 49153 at time = 5.61111
--
5.70298 RSS 1.08254e-09
5.70529 RSS -1.07896e-09
5.70529 PRSS 2.93112e-09
--
Received one packet! Socket: 10.1.1.1 port: 49153 at time = 5.70529
--
5.80249 RSS 1.08254e-09
5.80479 RSS 4.41361e-13
5.80479 PRSS 2.16195e-09
--
Received one packet! Socket: 10.1.1.1 port: 49153 at time = 5.80479
--
5.90479 RSS -1.07896e-09
5.90489 RSS 1.08254e-09
5.90719 RSS 1.07985e-09
5.90719 PRSS 1.19206e-09
--
Received one packet! Socket: 10.1.1.1 port: 49153 at time = 5.90719
--
6.00672 RSS 1.08254e-09
6.00903 RSS 4.41361e-13
6.00903 PRSS 2.0278e-09
--
Received one packet! Socket: 10.1.1.1 port: 49153 at time = 6.00903
--
6.10903 RSS 1.07985e-09
6.1126 RSS 1.08254e-09
6.11491 RSS -1.07896e-09
6.11491 PRSS 2.28381e-09
--
Received one packet! Socket: 10.1.1.1 port: 49153 at time = 6.11491
--
6.20826 RSS 1.08254e-09
6.21057 RSS 1.07985e-09
6.21057 PRSS 2.21487e-09
--
Received one packet! Socket: 10.1.1.1 port: 49153 at time = 6.21057
--
6.30411 RSS 1.08254e-09
6.30641 RSS 4.41361e-13
6.30641 PRSS 3.24135e-09
--
Received one packet! Socket: 10.1.1.1 port: 49153 at time = 6.30641
--
6.40045 RSS 1.08254e-09
6.40275 RSS 4.41361e-13
6.40275 PRSS 2.16195e-09
--
Received one packet! Socket: 10.1.1.1 port: 49153 at time = 6.40275
--
6.5053 RSS 1.08254e-09
6.5076 RSS 1.07985e-09
6.5076 PRSS 2.57737e-09
--
Received one packet! Socket: 10.1.1.1 port: 49153 at time = 6.5076
--
6.60263 RSS 1.08254e-09
6.60493 RSS 2.15925e-09
6.60493 PRSS 1.63704e-09
--
Received one packet! Socket: 10.1.1.1 port: 49153 at time = 6.60493
--
6.7024 RSS 1.08254e-09
6.7047 RSS 1.07985e-09
6.7047 PRSS 2.16195e-09
--
Received one packet! Socket: 10.1.1.1 port: 49153 at time = 6.7047
--
6.8047 RSS -1.07896e-09
6.81103 RSS 1.08254e-09
6.81334 RSS 4.41361e-13
--
Received one packet! Socket: 10.1.1.1 port: 49153 at time = 6.81334
--
6.91031 RSS 1.08254e-09
6.91262 RSS -1.07896e-09
6.91262 PRSS 2.1348e-09
--
Received one packet! Socket: 10.1.1.1 port: 49153 at time = 6.91262
--
7.00522 RSS 1.08254e-09
7.00752 RSS 4.41361e-13
7.00752 PRSS 2.16195e-09
--
Received one packet! Socket: 10.1.1.1 port: 49153 at time = 7.00752
--
7.10145 RSS 1.08254e-09
7.10375 RSS 4.41361e-13
--
Received one packet! Socket: 10.1.1.1 port: 49153 at time = 7.10375
--
7.20795 RSS 1.08254e-09
7.21025 RSS 4.41361e-13
--
Received one packet! Socket: 10.1.1.1 port: 49153 at time = 7.21025
--
7.30689 RSS 1.08254e-09
7.30919 RSS 4.41361e-13
--
Received one packet! Socket: 10.1.1.1 port: 49153 at time = 7.30919
--
7.40577 RSS 1.08254e-09
7.40808 RSS -1.07896e-09
7.40808 PRSS 2.75301e-09
--
Received one packet! Socket: 10.1.1.1 port: 49153 at time = 7.40808
--
7.50808 RSS 1.07985e-09
7.51278 RSS 1.08254e-09
7.51508 RSS 4.41361e-13
7.51508 PRSS 2.16195e-09
--
Received one packet! Socket: 10.1.1.1 port: 49153 at time = 7.51508
--
7.60546 RSS 1.08254e-09
7.60776 RSS 4.41361e-13
--
Received one packet! Socket: 10.1.1.1 port: 49153 at time = 7.60776
--
7.70776 RSS 1.07985e-09
7.70992 RSS 1.08254e-09
7.71223 RSS 4.41361e-13
--
Received one packet! Socket: 10.1.1.1 port: 49153 at time = 7.71223
--
7.81275 RSS 1.08254e-09
7.81506 RSS -1.07896e-09
7.81506 PRSS 1.89364e-09
--
Received one packet! Socket: 10.1.1.1 port: 49153 at time = 7.81506
--
7.90349 RSS 1.08254e-09
7.90579 RSS 4.41361e-13
7.90579 PRSS 1.08254e-09
--
Received one packet! Socket: 10.1.1.1 port: 49153 at time = 7.90579
--
8.00579 RSS 1.07985e-09
8.014 RSS 1.08254e-09
8.0163 RSS 4.41361e-13
8.0163 PRSS 3.05024e-09
--
Received one packet! Socket: 10.1.1.1 port: 49153 at time = 8.0163
--
8.10294 RSS 1.08254e-09
8.10524 RSS 4.41361e-13
8.10524 PRSS 2.16195e-09
--
Received one packet! Socket: 10.1.1.1 port: 49153 at time = 8.10524
--
8.20058 RSS 1.08254e-09
8.20289 RSS 4.41361e-13
8.20289 PRSS 1.59243e-09
--
Received one packet! Socket: 10.1.1.1 port: 49153 at time = 8.20289
--
8.31262 RSS 1.08254e-09
8.31492 RSS 4.41361e-13
8.31492 PRSS 2.16195e-09
--
Received one packet! Socket: 10.1.1.1 port: 49153 at time = 8.31492
--
8.41812 RSS 1.08254e-09
8.42043 RSS 4.41361e-13
8.42043 PRSS 1.08254e-09
--
Received one packet! Socket: 10.1.1.1 port: 49153 at time = 8.42043
--
8.50588 RSS 1.08254e-09
8.50818 RSS -1.07896e-09
8.50818 PRSS 1.66216e-09
--
Received one packet! Socket: 10.1.1.1 port: 49153 at time = 8.50818
--
8.60459 RSS 1.08254e-09
8.6069 RSS 4.41361e-13
8.6069 PRSS 1.08254e-09
--
Received one packet! Socket: 10.1.1.1 port: 49153 at time = 8.6069
--
8.7017 RSS 1.08254e-09
8.70401 RSS 4.41361e-13
8.70401 PRSS 2.16195e-09
--
Received one packet! Socket: 10.1.1.1 port: 49153 at time = 8.70401
--
8.80089 RSS 1.08254e-09
8.8032 RSS -1.07896e-09
8.8032 PRSS 3.09084e-09
--
Received one packet! Socket: 10.1.1.1 port: 49153 at time = 8.8032
--
8.90309 RSS 1.08254e-09
8.90539 RSS 4.41361e-13
8.90539 PRSS 2.16195e-09
--
Received one packet! Socket: 10.1.1.1 port: 49153 at time = 8.90539
--
9.00457 RSS 1.08254e-09
9.00687 RSS 4.41361e-13
9.00687 PRSS 1.08254e-09
--
Received one packet! Socket: 10.1.1.1 port: 49153 at time = 9.00687
--
9.10186 RSS 1.08254e-09
9.10416 RSS 4.41361e-13
--
Received one packet! Socket: 10.1.1.1 port: 49153 at time = 9.10416
--
9.20535 RSS 1.08254e-09
9.20766 RSS 1.07985e-09
9.20766 PRSS 2.18812e-09
--
Received one packet! Socket: 10.1.1.1 port: 49153 at time = 9.20766
--
9.30236 RSS 1.08254e-09
9.30466 RSS 4.41361e-13
9.30466 PRSS 2.11723e-09
--
Received one packet! Socket: 10.1.1.1 port: 49153 at time = 9.30466
--
9.40075 RSS 1.08254e-09
9.40306 RSS 1.07985e-09
9.40306 PRSS 1.61138e-09
--
Received one packet! Socket: 10.1.1.1 port: 49153 at time = 9.40306
--
9.50306 RSS 1.07985e-09
9.50563 RSS 1.08254e-09
9.50794 RSS -2.15837e-09
9.50794 PRSS 2.0056e-09
--
Received one packet! Socket: 10.1.1.1 port: 49153 at time = 9.50794
--
9.60163 RSS 1.08254e-09
9.60393 RSS 4.41361e-13
9.60393 PRSS 1.08254e-09
--
Received one packet! Socket: 10.1.1.1 port: 49153 at time = 9.60393
--
9.70392 RSS 1.08254e-09
9.70623 RSS 4.41361e-13
9.70623 PRSS 1.89224e-09
--
Received one packet! Socket: 10.1.1.1 port: 49153 at time = 9.70623
--
9.80623 RSS 1.07985e-09
9.80998 RSS 1.08254e-09
9.81228 RSS -1.07896e-09
9.81228 PRSS 2.71426e-09
--
Received one packet! Socket: 10.1.1.1 port: 49153 at time = 9.81228
--
9.90468 RSS 1.08254e-09
9.90698 RSS 4.41361e-13
9.90698 PRSS 2.16195e-09
--
Received one packet! Socket: 10.1.1.1 port: 49153 at time = 9.90698
--
10.0052 RSS 1.08254e-09
10.0075 RSS 4.41361e-13
--
Received one packet! Socket: 10.1.1.1 port: 49153 at time = 10.0075
--
10.103 RSS 1.08254e-09
10.1053 RSS -1.07896e-09
10.1053 PRSS 2.11569e-09
--
Received one packet! Socket: 10.1.1.1 port: 49153 at time = 10.1053
--
10.2045 RSS 1.08254e-09
10.2068 RSS -1.07896e-09
10.2068 PRSS 1.95616e-09
--
Received one packet! Socket: 10.1.1.1 port: 49153 at time = 10.2068
--
10.3036 RSS 1.08254e-09
10.3059 RSS 4.41361e-13
10.3059 PRSS 2.16195e-09
--
Received one packet! Socket: 10.1.1.1 port: 49153 at time = 10.3059
--
10.4059 RSS 1.07985e-09
10.4107 RSS 1.08254e-09
10.413 RSS 4.41361e-13
--
Received one packet! Socket: 10.1.1.1 port: 49153 at time = 10.413
--
10.5014 RSS 1.08254e-09
10.5037 RSS 4.41361e-13
--
Received one packet! Socket: 10.1.1.1 port: 49153 at time = 10.5037
--
10.6037 RSS -1.07896e-09
10.6128 RSS 1.08254e-09
10.6151 RSS 4.41361e-13
--
Received one packet! Socket: 10.1.1.1 port: 49153 at time = 10.6151
--
10.7094 RSS 1.08254e-09
10.7117 RSS 4.41361e-13
--
Received one packet! Socket: 10.1.1.1 port: 49153 at time = 10.7117
--
10.8027 RSS 1.08254e-09
10.805 RSS -1.07896e-09
10.805 PRSS 2.53537e-09
--
Received one packet! Socket: 10.1.1.1 port: 49153 at time = 10.805
--
10.905 RSS 1.07985e-09
10.9115 RSS 1.08254e-09
10.9138 RSS 1.07985e-09
10.9138 PRSS 1.91511e-09
--
Received one packet! Socket: 10.1.1.1 port: 49153 at time = 10.9138
--
11.0138 RSS 4.41361e-13
11.0166 RSS 1.08254e-09
11.0189 RSS -1.07896e-09
11.0189 PRSS 1.47542e-09
--
Received one packet! Socket: 10.1.1.1 port: 49153 at time = 11.0189
--
11.1086 RSS 1.08254e-09
11.1109 RSS 4.41361e-13
11.1109 PRSS 2.61084e-09
--
Received one packet! Socket: 10.1.1.1 port: 49153 at time = 11.1109
--
11.2019 RSS 1.08254e-09
11.2043 RSS -1.07896e-09
11.2043 PRSS 3.13469e-09
--
Received one packet! Socket: 10.1.1.1 port: 49153 at time = 11.2043
--
11.3043 RSS 1.07985e-09
11.3071 RSS 1.08254e-09
11.3094 RSS -1.07896e-09
11.3094 PRSS 1.85012e-09
--
Received one packet! Socket: 10.1.1.1 port: 49153 at time = 11.3094
--
11.4059 RSS 1.08254e-09
11.4082 RSS 4.41361e-13
11.4082 PRSS 2.16195e-09
--
Received one packet! Socket: 10.1.1.1 port: 49153 at time = 11.4082
--
11.5032 RSS 1.08254e-09
11.5055 RSS 4.41361e-13
--
Received one packet! Socket: 10.1.1.1 port: 49153 at time = 11.5055
--
11.6055 RSS -1.07896e-09
11.6088 RSS 1.08254e-09
11.6111 RSS 1.07985e-09
11.6111 PRSS 2.57661e-09
--
Received one packet! Socket: 10.1.1.1 port: 49153 at time = 11.6111
--
11.7083 RSS 1.08254e-09
11.7106 RSS -1.07896e-09
11.7106 PRSS 1.88387e-09
--
Received one packet! Socket: 10.1.1.1 port: 49153 at time = 11.7106
--
11.8106 RSS 1.07985e-09
11.8152 RSS 1.08254e-09
11.8175 RSS -1.07896e-09
11.8175 PRSS 2.2703e-09
--
Received one packet! Socket: 10.1.1.1 port: 49153 at time = 11.8175
--
11.9051 RSS 1.08254e-09
11.9074 RSS 1.07985e-09
11.9074 PRSS 3.03181e-09
--
Received one packet! Socket: 10.1.1.1 port: 49153 at time = 11.9074
--
12.005 RSS 1.08254e-09
12.0073 RSS 4.41361e-13
12.0073 PRSS 1.08254e-09
--
Received one packet! Socket: 10.1.1.1 port: 49153 at time = 12.0073
--
12.1073 RSS 1.07985e-09
12.1251 RSS 1.08254e-09
12.1274 RSS 4.41361e-13
12.1274 PRSS 2.16195e-09
--
Received one packet! Socket: 10.1.1.1 port: 49153 at time = 12.1274
--
12.2048 RSS 1.08254e-09
12.2071 RSS -1.07896e-09
12.2071 PRSS 1.87245e-09
--
Received one packet! Socket: 10.1.1.1 port: 49153 at time = 12.2071
--
12.3051 RSS 1.08254e-09
12.3074 RSS 1.07985e-09
12.3074 PRSS 2.76379e-09
--
Received one packet! Socket: 10.1.1.1 port: 49153 at time = 12.3074
--
12.4056 RSS 1.08254e-09
12.4079 RSS 1.07985e-09
12.4079 PRSS 1.19291e-09
--
Received one packet! Socket: 10.1.1.1 port: 49153 at time = 12.4079
--
12.5049 RSS 1.08254e-09
12.5072 RSS 4.41361e-13
12.5072 PRSS 2.16195e-09
--
Received one packet! Socket: 10.1.1.1 port: 49153 at time = 12.5072
--
12.6043 RSS 1.08254e-09
12.6066 RSS 4.41361e-13
--
Received one packet! Socket: 10.1.1.1 port: 49153 at time = 12.6066
--
12.7005 RSS 1.08254e-09
12.7028 RSS 1.07985e-09
12.7028 PRSS 1.61214e-09
--
Received one packet! Socket: 10.1.1.1 port: 49153 at time = 12.7028
--
12.8028 RSS 4.41361e-13
12.8035 RSS 1.08254e-09
12.8058 RSS -1.07896e-09
12.8058 PRSS 1.1758e-09
--
Received one packet! Socket: 10.1.1.1 port: 49153 at time = 12.8058
--
12.9058 RSS 1.07985e-09
12.9146 RSS 1.08254e-09
12.9169 RSS -1.07896e-09
12.9169 PRSS 2.81587e-09
--
Received one packet! Socket: 10.1.1.1 port: 49153 at time = 12.9169
--
13.0024 RSS 1.08254e-09
13.0047 RSS 4.41361e-13
13.0047 PRSS 3.03914e-09
--
Received one packet! Socket: 10.1.1.1 port: 49153 at time = 13.0047
--
13.1047 RSS 1.07985e-09
13.1131 RSS 1.08254e-09
13.1154 RSS -1.07896e-09
13.1154 PRSS 2.16195e-09
--
Received one packet! Socket: 10.1.1.1 port: 49153 at time = 13.1154
--
13.203 RSS 1.08254e-09
13.2053 RSS -1.07896e-09
13.2053 PRSS 1.91579e-09
--
Received one packet! Socket: 10.1.1.1 port: 49153 at time = 13.2053
--
13.3053 RSS 1.07985e-09
13.3101 RSS 1.08254e-09
13.3124 RSS 4.41361e-13
13.3124 PRSS 2.16195e-09
--
Received one packet! Socket: 10.1.1.1 port: 49153 at time = 13.3124
--
13.4057 RSS 1.08254e-09
13.408 RSS 4.41361e-13
13.408 PRSS 1.43161e-09
--
Received one packet! Socket: 10.1.1.1 port: 49153 at time = 13.408
--
13.5186 RSS 1.08254e-09
13.5209 RSS -1.07896e-09
13.5209 PRSS 2.13333e-09
--
Received one packet! Socket: 10.1.1.1 port: 49153 at time = 13.5209
--
13.6034 RSS 1.08254e-09
13.6057 RSS 1.07985e-09
13.6057 PRSS 2.36205e-09
--
Received one packet! Socket: 10.1.1.1 port: 49153 at time = 13.6057
--
13.7057 RSS -1.07896e-09
13.7118 RSS 1.08254e-09
13.7141 RSS -1.07896e-09
13.7141 PRSS 2.16195e-09
--
Received one packet! Socket: 10.1.1.1 port: 49153 at time = 13.7141
--
13.8031 RSS 1.08254e-09
13.8054 RSS -1.07896e-09
13.8054 PRSS 3.06392e-09
--
Received one packet! Socket: 10.1.1.1 port: 49153 at time = 13.8054
--
13.9014 RSS 1.08254e-09
13.9037 RSS 4.41361e-13
13.9037 PRSS 2.081e-09
--
Received one packet! Socket: 10.1.1.1 port: 49153 at time = 13.9037
--
14.0037 RSS 1.07985e-09
14.0063 RSS 1.08254e-09
14.0086 RSS -2.15837e-09
14.0086 PRSS 2.42043e-09
--
Received one packet! Socket: 10.1.1.1 port: 49153 at time = 14.0086
--
14.1054 RSS 1.08254e-09
14.1077 RSS 4.41361e-13
14.1077 PRSS 2.16195e-09
--
Received one packet! Socket: 10.1.1.1 port: 49153 at time = 14.1077
--
14.2077 RSS 1.07985e-09
14.2096 RSS 1.08254e-09
14.2119 RSS 4.41361e-13
--
Received one packet! Socket: 10.1.1.1 port: 49153 at time = 14.2119
--
14.3054 RSS 1.08254e-09
14.3077 RSS 1.07985e-09
14.3077 PRSS 2.77933e-09
--
Received one packet! Socket: 10.1.1.1 port: 49153 at time = 14.3077
--
14.4034 RSS 1.08254e-09
14.4057 RSS -1.07896e-09
14.4057 PRSS 1.43155e-09
--
Received one packet! Socket: 10.1.1.1 port: 49153 at time = 14.4057
--
14.5057 RSS 1.07985e-09
14.5128 RSS 1.08254e-09
14.5151 RSS 4.41361e-13
14.5151 PRSS 3.24135e-09
--
Received one packet! Socket: 10.1.1.1 port: 49153 at time = 14.5151
--
14.6038 RSS 1.08254e-09
14.6061 RSS 4.41361e-13
14.6061 PRSS 2.16195e-09
--
Received one packet! Socket: 10.1.1.1 port: 49153 at time = 14.6061
--
14.7061 RSS 1.07985e-09
14.7116 RSS 1.08254e-09
14.7139 RSS 4.41361e-13
--
Received one packet! Socket: 10.1.1.1 port: 49153 at time = 14.7139
--
14.8043 RSS 1.08254e-09
14.8066 RSS 4.41361e-13
14.8066 PRSS 2.18851e-09
--
Received one packet! Socket: 10.1.1.1 port: 49153 at time = 14.8066
--
14.9066 RSS 1.07985e-09
14.913 RSS 1.08254e-09
14.9153 RSS -1.07896e-09
14.9153 PRSS 1.30547e-09
--
Received one packet! Socket: 10.1.1.1 port: 49153 at time = 14.9153
--
15.0057 RSS 1.08254e-09
15.0081 RSS 4.41361e-13
15.0081 PRSS 3.02874e-09
15.1036 RSS 1.08254e-09
15.1059 RSS -1.07896e-09
15.1059 PRSS 1.6283e-09
--
Received one packet! Socket: 10.1.1.1 port: 49153 at time = 15.1059
--
15.2049 RSS 1.08254e-09
15.2072 RSS 1.07985e-09
15.2072 PRSS 1.58948e-09
--
Received one packet! Socket: 10.1.1.1 port: 49153 at time = 15.2072
--
15.3029 RSS 1.08254e-09
15.3053 RSS 4.41361e-13
15.3053 PRSS 2.16195e-09
--
Received one packet! Socket: 10.1.1.1 port: 49153 at time = 15.3053
--
15.4053 RSS 1.07985e-09
15.4078 RSS 1.08254e-09
15.4101 RSS 4.41361e-13
15.4101 PRSS 2.55809e-09
--
Received one packet! Socket: 10.1.1.1 port: 49153 at time = 15.4101
--
15.5041 RSS 1.08254e-09
15.5064 RSS 4.41361e-13
15.5064 PRSS 1.08254e-09
--
Received one packet! Socket: 10.1.1.1 port: 49153 at time = 15.5064
--
15.6036 RSS 1.08254e-09
15.6059 RSS 1.07985e-09
15.6059 PRSS 2.99965e-09
--
Received one packet! Socket: 10.1.1.1 port: 49153 at time = 15.6059
--
15.7059 RSS 1.07985e-09
15.7061 RSS 1.08254e-09
15.7084 RSS -1.07896e-09
15.7084 PRSS 1.34383e-09
--
Received one packet! Socket: 10.1.1.1 port: 49153 at time = 15.7084
--
15.8084 RSS 1.07985e-09
15.8118 RSS 1.08254e-09
15.8141 RSS 4.41361e-13
15.8141 PRSS 2.18854e-09
--
Received one packet! Socket: 10.1.1.1 port: 49153 at time = 15.8141
--
15.9022 RSS 1.08254e-09
15.9045 RSS -1.07896e-09
15.9045 PRSS 1.79896e-09
--
Received one packet! Socket: 10.1.1.1 port: 49153 at time = 15.9045
--
16.0055 RSS 1.08254e-09
16.0078 RSS 2.15925e-09
16.0078 PRSS 2.14205e-09
--
Received one packet! Socket: 10.1.1.1 port: 49153 at time = 16.0078
--
16.1078 RSS 1.07985e-09
16.1098 RSS 1.08254e-09
16.1121 RSS -2.15837e-09
16.1121 PRSS 1.6455e-09
--
Received one packet! Socket: 10.1.1.1 port: 49153 at time = 16.1121
--
16.2069 RSS 1.08254e-09
16.2093 RSS -1.07896e-09
16.2093 PRSS 2.54243e-09
--
Received one packet! Socket: 10.1.1.1 port: 49153 at time = 16.2093
--
16.3093 RSS 1.07985e-09
16.3136 RSS 1.08254e-09
16.3159 RSS 1.07985e-09
16.3159 PRSS 2.50804e-09
--
Received one packet! Socket: 10.1.1.1 port: 49153 at time = 16.3159
--
16.4047 RSS 1.08254e-09
16.407 RSS 1.07985e-09
16.407 PRSS 1.96469e-09
--
Received one packet! Socket: 10.1.1.1 port: 49153 at time = 16.407
--
16.507 RSS 4.41361e-13
16.509 RSS 1.08254e-09
16.5113 RSS 1.07985e-09
16.5113 PRSS 1.81294e-09
--
Received one packet! Socket: 10.1.1.1 port: 49153 at time = 16.5113
--
16.6049 RSS 1.08254e-09
16.6072 RSS 4.41361e-13
16.6072 PRSS 2.0524e-09
--
Received one packet! Socket: 10.1.1.1 port: 49153 at time = 16.6072
--
16.703 RSS 1.08254e-09
16.7053 RSS 1.07985e-09
16.7053 PRSS 2.99705e-09
--
Received one packet! Socket: 10.1.1.1 port: 49153 at time = 16.7053
--
16.8053 RSS 1.07985e-09
16.8078 RSS 1.08254e-09
16.8101 RSS -1.07896e-09
16.8101 PRSS 2.24759e-09
--
Received one packet! Socket: 10.1.1.1 port: 49153 at time = 16.8101
--
16.9045 RSS 1.08254e-09
16.9068 RSS 1.07985e-09
16.9068 PRSS 2.53291e-09
--
Received one packet! Socket: 10.1.1.1 port: 49153 at time = 16.9068
--
17.0049 RSS 1.08254e-09
17.0072 RSS -1.07896e-09
17.0072 PRSS 1.43257e-09
--
Received one packet! Socket: 10.1.1.1 port: 49153 at time = 17.0072
--
17.1072 RSS 1.07985e-09
17.1126 RSS 1.08254e-09
17.115 RSS 4.41361e-13
17.115 PRSS 1.85101e-09
--
Received one packet! Socket: 10.1.1.1 port: 49153 at time = 17.115
--
17.2061 RSS 1.08254e-09
17.2084 RSS 4.41361e-13
17.2084 PRSS 2.16195e-09
--
Received one packet! Socket: 10.1.1.1 port: 49153 at time = 17.2084
--
17.3062 RSS 1.08254e-09
17.3085 RSS 4.41361e-13
17.3085 PRSS 3.24135e-09
--
Received one packet! Socket: 10.1.1.1 port: 49153 at time = 17.3085
--
17.4087 RSS 1.08254e-09
17.411 RSS -1.07896e-09
17.411 PRSS 1.08254e-09
--
Received one packet! Socket: 10.1.1.1 port: 49153 at time = 17.411
--
17.511 RSS 4.41361e-13
17.5134 RSS 1.08254e-09
17.5158 RSS 4.41361e-13
17.5158 PRSS 1.90448e-09
--
Received one packet! Socket: 10.1.1.1 port: 49153 at time = 17.5158
--
17.6072 RSS 1.08254e-09
17.6095 RSS 4.41361e-13
17.6095 PRSS 2.23697e-09
--
Received one packet! Socket: 10.1.1.1 port: 49153 at time = 17.6095
--
17.708 RSS 1.08254e-09
17.7103 RSS 4.41361e-13
17.7103 PRSS 2.16195e-09
--
Received one packet! Socket: 10.1.1.1 port: 49153 at time = 17.7103
--
17.802 RSS 1.08254e-09
17.8043 RSS 1.07985e-09
17.8043 PRSS 1.72713e-09
--
Received one packet! Socket: 10.1.1.1 port: 49153 at time = 17.8043
--
17.9043 RSS 1.07985e-09
17.907 RSS 1.08254e-09
17.9093 RSS 4.41361e-13
17.9093 PRSS 2.16195e-09
--
Received one packet! Socket: 10.1.1.1 port: 49153 at time = 17.9093
--
18.0049 RSS 1.08254e-09
18.0072 RSS -2.15837e-09
18.0072 PRSS 1.97951e-09
--
Received one packet! Socket: 10.1.1.1 port: 49153 at time = 18.0072
--
18.1043 RSS 1.08254e-09
18.1066 RSS 4.41361e-13
18.1066 PRSS 2.16195e-09
--
Received one packet! Socket: 10.1.1.1 port: 49153 at time = 18.1066
--
18.2066 RSS 1.07985e-09
18.2095 RSS 1.08254e-09
18.2118 RSS -1.07896e-09
18.2118 PRSS 1.96364e-09
--
Received one packet! Socket: 10.1.1.1 port: 49153 at time = 18.2118
--
18.3118 RSS 4.41361e-13
18.3154 RSS 1.08254e-09
18.3177 RSS 4.41361e-13
18.3177 PRSS 2.16195e-09
--
Received one packet! Socket: 10.1.1.1 port: 49153 at time = 18.3177
--
18.4143 RSS 1.08254e-09
18.4166 RSS 1.07985e-09
18.4166 PRSS 2.39254e-09
--
Received one packet! Socket: 10.1.1.1 port: 49153 at time = 18.4166
--
18.5039 RSS 1.08254e-09
18.5062 RSS 4.41361e-13
18.5062 PRSS 2.16195e-09
--
Received one packet! Socket: 10.1.1.1 port: 49153 at time = 18.5062
--
18.6004 RSS 1.08254e-09
18.6027 RSS 4.41361e-13
--
Received one packet! Socket: 10.1.1.1 port: 49153 at time = 18.6027
--
18.7052 RSS 1.08254e-09
18.7075 RSS -1.07896e-09
18.7075 PRSS 1.8911e-09
--
Received one packet! Socket: 10.1.1.1 port: 49153 at time = 18.7075
--
18.8034 RSS 1.08254e-09
18.8058 RSS 1.07985e-09
18.8058 PRSS 1.45935e-09
--
Received one packet! Socket: 10.1.1.1 port: 49153 at time = 18.8058
--
18.9049 RSS 1.08254e-09
18.9072 RSS -1.07896e-09
18.9072 PRSS 2.07858e-09
--
Received one packet! Socket: 10.1.1.1 port: 49153 at time = 18.9072
--
19.0065 RSS 1.08254e-09
19.0088 RSS 1.07985e-09
19.0088 PRSS 2.13237e-09
--
Received one packet! Socket: 10.1.1.1 port: 49153 at time = 19.0088
--
19.1088 RSS 4.41361e-13
19.1114 RSS 1.08254e-09
19.1137 RSS -1.07896e-09
19.1137 PRSS 1.63952e-09
--
Received one packet! Socket: 10.1.1.1 port: 49153 at time = 19.1137
--
19.2137 RSS 1.07985e-09
19.2197 RSS 1.08254e-09
19.222 RSS 4.41361e-13
19.222 PRSS 2.16195e-09
--
Received one packet! Socket: 10.1.1.1 port: 49153 at time = 19.222
--
19.3091 RSS 1.08254e-09
19.3114 RSS 4.41361e-13
--
Received one packet! Socket: 10.1.1.1 port: 49153 at time = 19.3114
--
19.4051 RSS 1.08254e-09
19.4074 RSS 1.07985e-09
19.4074 PRSS 1.56424e-09
--
Received one packet! Socket: 10.1.1.1 port: 49153 at time = 19.4074
--
19.5017 RSS 1.08254e-09
19.504 RSS 4.41361e-13
19.504 PRSS 2.16195e-09
--
Received one packet! Socket: 10.1.1.1 port: 49153 at time = 19.504
--
19.6055 RSS 1.08254e-09
19.6078 RSS -1.07896e-09
19.6078 PRSS 1.37919e-09
--
Received one packet! Socket: 10.1.1.1 port: 49153 at time = 19.6078
--
19.7035 RSS 1.08254e-09
19.7058 RSS -1.07896e-09
19.7058 PRSS 1.39202e-09
--
Received one packet! Socket: 10.1.1.1 port: 49153 at time = 19.7058
--
19.8058 RSS 1.07985e-09
19.8109 RSS 1.08254e-09
19.8132 RSS 4.41361e-13
19.8132 PRSS 2.16195e-09
--
Received one packet! Socket: 10.1.1.1 port: 49153 at time = 19.8132
--
19.906 RSS 1.08254e-09
19.9083 RSS 1.07985e-09
19.9083 PRSS 2.66988e-09
--
Received one packet! Socket: 10.1.1.1 port: 49153 at time = 19.9083
--
20.003 RSS 1.08254e-09
20.0053 RSS -2.15837e-09
20.0053 PRSS 2.13743e-09
--
Received one packet! Socket: 10.1.1.1 port: 49153 at time = 20.0053
--
20.1034 RSS 1.08254e-09
20.1058 RSS 4.41361e-13
20.1058 PRSS 3.08589e-09
--
Received one packet! Socket: 10.1.1.1 port: 49153 at time = 20.1058
--
20.2058 RSS 4.41361e-13
20.2058 RSS 1.08254e-09
20.2081 RSS -1.07896e-09
20.2081 PRSS 1.8447e-09
--
Received one packet! Socket: 10.1.1.1 port: 49153 at time = 20.2081
--
20.3043 RSS 1.08254e-09
20.3066 RSS 1.07985e-09
20.3066 PRSS 2.47753e-09
--
Received one packet! Socket: 10.1.1.1 port: 49153 at time = 20.3066
--
20.4066 RSS 1.07985e-09
20.4084 RSS 1.08254e-09
20.4107 RSS -1.07896e-09
20.4107 PRSS 1.79558e-09
--
Received one packet! Socket: 10.1.1.1 port: 49153 at time = 20.4107
--
20.5006 RSS 1.08254e-09
20.5029 RSS -1.07896e-09
20.5029 PRSS 3.00323e-09
--
Received one packet! Socket: 10.1.1.1 port: 49153 at time = 20.5029
--
20.6029 RSS 4.41361e-13
20.6106 RSS 1.08254e-09
20.6129 RSS -2.15837e-09
20.6129 PRSS 2.46571e-09
--
Received one packet! Socket: 10.1.1.1 port: 49153 at time = 20.6129
--
20.7129 RSS 1.07985e-09
20.7178 RSS 1.08254e-09
20.7201 RSS 4.41361e-13
20.7201 PRSS 2.65979e-09
--
Received one packet! Socket: 10.1.1.1 port: 49153 at time = 20.7201
--
20.8157 RSS 1.08254e-09
20.818 RSS 4.41361e-13
20.818 PRSS 2.80907e-09
--
Received one packet! Socket: 10.1.1.1 port: 49153 at time = 20.818
--
20.9031 RSS 1.08254e-09
20.9054 RSS 4.41361e-13
20.9054 PRSS 2.42191e-09
--
Received one packet! Socket: 10.1.1.1 port: 49153 at time = 20.9054
--
21.0041 RSS 1.08254e-09
21.0064 RSS 1.07985e-09
21.0064 PRSS 1.94695e-09
--
Received one packet! Socket: 10.1.1.1 port: 49153 at time = 21.0064
--
21.1064 RSS 4.41361e-13
21.1073 RSS 1.08254e-09
21.1096 RSS 1.07985e-09
21.1096 PRSS 1.48994e-09
--
Received one packet! Socket: 10.1.1.1 port: 49153 at time = 21.1096
--
21.2085 RSS 1.08254e-09
21.2108 RSS -1.07896e-09
21.2108 PRSS 2.01752e-09
--
Received one packet! Socket: 10.1.1.1 port: 49153 at time = 21.2108
--
21.3052 RSS 1.08254e-09
21.3075 RSS 4.41361e-13
21.3075 PRSS 2.16195e-09
--
Received one packet! Socket: 10.1.1.1 port: 49153 at time = 21.3075
--
21.4072 RSS 1.08254e-09
21.4095 RSS -1.07896e-09
21.4095 PRSS 1.94451e-09
--
Received one packet! Socket: 10.1.1.1 port: 49153 at time = 21.4095
--
21.5061 RSS 1.08254e-09
21.5084 RSS -1.07896e-09
21.5084 PRSS 1.85406e-09
--
Received one packet! Socket: 10.1.1.1 port: 49153 at time = 21.5084
--
21.6075 RSS 1.08254e-09
21.6098 RSS -1.07896e-09
21.6098 PRSS 1.93e-09
--
Received one packet! Socket: 10.1.1.1 port: 49153 at time = 21.6098
--
21.7027 RSS 1.08254e-09
21.705 RSS 4.41361e-13
21.705 PRSS 2.16195e-09
--
Received one packet! Socket: 10.1.1.1 port: 49153 at time = 21.705
--
21.805 RSS -1.07896e-09
21.8103 RSS 1.08254e-09
21.8126 RSS -1.07896e-09
21.8126 PRSS 2.59935e-09
--
Received one packet! Socket: 10.1.1.1 port: 49153 at time = 21.8126
--
21.9085 RSS 1.08254e-09
21.9108 RSS 4.41361e-13
21.9108 PRSS 2.16195e-09
--
Received one packet! Socket: 10.1.1.1 port: 49153 at time = 21.9108
--
22.0039 RSS 1.08254e-09
22.0062 RSS -1.07896e-09
22.0062 PRSS 1.34774e-09
--
Received one packet! Socket: 10.1.1.1 port: 49153 at time = 22.0062
--
22.1062 RSS 1.07985e-09
22.1077 RSS 1.08254e-09
22.11 RSS -1.07896e-09
22.11 PRSS 1.4558e-09
--
Received one packet! Socket: 10.1.1.1 port: 49153 at time = 22.11
--
22.21 RSS 4.41361e-13
22.2143 RSS 1.08254e-09
22.2166 RSS -1.07896e-09
22.2166 PRSS 2.74573e-09
--
Received one packet! Socket: 10.1.1.1 port: 49153 at time = 22.2166
--
22.3053 RSS 1.08254e-09
22.3076 RSS 1.07985e-09
22.3076 PRSS 2.6493e-09
--
Received one packet! Socket: 10.1.1.1 port: 49153 at time = 22.3076
--
22.4076 RSS 1.07985e-09
22.4095 RSS 1.08254e-09
22.4118 RSS -1.07896e-09
22.4118 PRSS 1.08254e-09
--
Received one packet! Socket: 10.1.1.1 port: 49153 at time = 22.4118
--
22.5118 RSS 4.41361e-13
22.5131 RSS 1.08254e-09
22.5154 RSS 1.07985e-09
22.5154 PRSS 1.45123e-09
--
Received one packet! Socket: 10.1.1.1 port: 49153 at time = 22.5154
--
22.604 RSS 1.08254e-09
22.6063 RSS 4.41361e-13
22.6063 PRSS 2.16195e-09
--
Received one packet! Socket: 10.1.1.1 port: 49153 at time = 22.6063
--
22.7038 RSS 1.08254e-09
22.7061 RSS 1.07985e-09
--
Received one packet! Socket: 10.1.1.1 port: 49153 at time = 22.7061
--
22.8061 RSS 4.41361e-13
22.8146 RSS 1.08254e-09
22.8169 RSS 4.41361e-13
22.8169 PRSS 1.08254e-09
--
Received one packet! Socket: 10.1.1.1 port: 49153 at time = 22.8169
--
22.9166 RSS 1.08254e-09
22.9189 RSS -1.07896e-09
22.9189 PRSS 2.40054e-09
--
Received one packet! Socket: 10.1.1.1 port: 49153 at time = 22.9189
--
23.0087 RSS 1.08254e-09
23.011 RSS -1.07896e-09
23.011 PRSS 2.29859e-09
--
Received one packet! Socket: 10.1.1.1 port: 49153 at time = 23.011
--
23.1057 RSS 1.08254e-09
23.108 RSS 4.41361e-13
23.108 PRSS 1.36993e-09
--
Received one packet! Socket: 10.1.1.1 port: 49153 at time = 23.108
--
23.2002 RSS 1.08254e-09
23.2025 RSS 1.07985e-09
23.2025 PRSS 1.59719e-09
--
Received one packet! Socket: 10.1.1.1 port: 49153 at time = 23.2025
--
23.3025 RSS 1.07985e-09
23.3176 RSS 1.08254e-09
23.3199 RSS 4.41361e-13
23.3199 PRSS 2.16195e-09
--
Received one packet! Socket: 10.1.1.1 port: 49153 at time = 23.3199
--
23.4047 RSS 1.08254e-09
23.407 RSS 1.07985e-09
23.407 PRSS 2.81549e-09
--
Received one packet! Socket: 10.1.1.1 port: 49153 at time = 23.407
--
23.5014 RSS 1.08254e-09
23.5037 RSS 4.41361e-13
23.5037 PRSS 3.24135e-09
--
Received one packet! Socket: 10.1.1.1 port: 49153 at time = 23.5037
--
23.6037 RSS 1.07985e-09
23.6189 RSS 1.08254e-09
23.6212 RSS 1.07985e-09
23.6212 PRSS 2.881e-09
--
Received one packet! Socket: 10.1.1.1 port: 49153 at time = 23.6212
--
23.7136 RSS 1.08254e-09
23.7159 RSS 1.07985e-09
23.7159 PRSS 2.14461e-09
--
Received one packet! Socket: 10.1.1.1 port: 49153 at time = 23.7159
--
23.8082 RSS 1.08254e-09
23.8105 RSS -1.07896e-09
23.8105 PRSS 2.33036e-09
--
Received one packet! Socket: 10.1.1.1 port: 49153 at time = 23.8105
--
23.9007 RSS 1.08254e-09
23.903 RSS 1.07985e-09
23.903 PRSS 1.37854e-09
--
Received one packet! Socket: 10.1.1.1 port: 49153 at time = 23.903
--
24.003 RSS -1.07896e-09
24.007 RSS 1.08254e-09
24.0093 RSS 4.41361e-13
24.0093 PRSS 2.16195e-09
--
Received one packet! Socket: 10.1.1.1 port: 49153 at time = 24.0093
--
24.1067 RSS 1.08254e-09
24.109 RSS 4.41361e-13
--
Received one packet! Socket: 10.1.1.1 port: 49153 at time = 24.109
--
24.2072 RSS 1.08254e-09
24.2095 RSS 1.07985e-09
24.2095 PRSS 1.7201e-09
--
Received one packet! Socket: 10.1.1.1 port: 49153 at time = 24.2095
--
24.3075 RSS 1.08254e-09
24.3098 RSS 4.41361e-13
24.3098 PRSS 2.69307e-09
--
Received one packet! Socket: 10.1.1.1 port: 49153 at time = 24.3098
--
24.4027 RSS 1.08254e-09
24.405 RSS 1.07985e-09
24.405 PRSS 2.6492e-09
--
Received one packet! Socket: 10.1.1.1 port: 49153 at time = 24.405
--
24.5048 RSS 1.08254e-09
24.5071 RSS -2.15837e-09
24.5071 PRSS 2.36033e-09
--
Received one packet! Socket: 10.1.1.1 port: 49153 at time = 24.5071
--
24.6048 RSS 1.08254e-09
24.6071 RSS 1.07985e-09
24.6071 PRSS 2.40466e-09
--
Received one packet! Socket: 10.1.1.1 port: 49153 at time = 24.6071
--
24.7019 RSS 1.08254e-09
24.7042 RSS 4.41361e-13
24.7042 PRSS 2.16195e-09
--
Received one packet! Socket: 10.1.1.1 port: 49153 at time = 24.7042
--
24.8037 RSS 1.08254e-09
24.806 RSS -1.07896e-09
24.806 PRSS 2.32167e-09
--
Received one packet! Socket: 10.1.1.1 port: 49153 at time = 24.806
--
24.9053 RSS 1.08254e-09
24.9076 RSS -1.07896e-09
24.9076 PRSS 1.78501e-09
--
Received one packet! Socket: 10.1.1.1 port: 49153 at time = 24.9076
--
25.0079 RSS 1.08254e-09
25.0102 RSS 1.07985e-09
25.0102 PRSS 1.50749e-09
--
Received one packet! Socket: 10.1.1.1 port: 49153 at time = 25.0102
--
25.103 RSS 1.08254e-09
25.1053 RSS 1.07985e-09
25.1053 PRSS 2.48947e-09
--
Received one packet! Socket: 10.1.1.1 port: 49153 at time = 25.1053
--
25.2004 RSS 1.08254e-09
25.2027 RSS 4.41361e-13
25.2027 PRSS 2.16195e-09
--
Received one packet! Socket: 10.1.1.1 port: 49153 at time = 25.2027
--
25.3057 RSS 1.08254e-09
25.308 RSS 1.07985e-09
25.308 PRSS 2.95888e-09
--
Received one packet! Socket: 10.1.1.1 port: 49153 at time = 25.308
--
25.408 RSS 1.07985e-09
25.414 RSS 1.08254e-09
25.4163 RSS -1.07896e-09
25.4163 PRSS 1.78816e-09
--
Received one packet! Socket: 10.1.1.1 port: 49153 at time = 25.4163
--
25.5033 RSS 1.08254e-09
25.5056 RSS 1.07985e-09
25.5056 PRSS 2.17699e-09
--
Received one packet! Socket: 10.1.1.1 port: 49153 at time = 25.5056
--
25.6056 RSS 1.07985e-09
25.609 RSS 1.08254e-09
25.6113 RSS -1.07896e-09
25.6113 PRSS 2.66072e-09
--
Received one packet! Socket: 10.1.1.1 port: 49153 at time = 25.6113
--
25.7046 RSS 1.08254e-09
25.7069 RSS 4.41361e-13
25.7069 PRSS 1.90116e-09
--
Received one packet! Socket: 10.1.1.1 port: 49153 at time = 25.7069
--
25.8053 RSS 1.08254e-09
25.8076 RSS 4.41361e-13
25.8076 PRSS 2.25752e-09
--
Received one packet! Socket: 10.1.1.1 port: 49153 at time = 25.8076
--
25.9068 RSS 1.08254e-09
25.9091 RSS 4.41361e-13
25.9091 PRSS 2.16195e-09
--
Received one packet! Socket: 10.1.1.1 port: 49153 at time = 25.9091
--
26.0128 RSS 1.08254e-09
26.0151 RSS 1.07985e-09
26.0151 PRSS 2.55771e-09
--
Received one packet! Socket: 10.1.1.1 port: 49153 at time = 26.0151
--
26.1087 RSS 1.08254e-09
26.111 RSS 1.07985e-09
26.111 PRSS 2.19335e-09
--
Received one packet! Socket: 10.1.1.1 port: 49153 at time = 26.111
--
26.2042 RSS 1.08254e-09
26.2065 RSS 4.41361e-13
26.2065 PRSS 1.08254e-09
--
Received one packet! Socket: 10.1.1.1 port: 49153 at time = 26.2065
--
26.3001 RSS 1.08254e-09
26.3024 RSS 4.41361e-13
26.3024 PRSS 2.16195e-09
--
Received one packet! Socket: 10.1.1.1 port: 49153 at time = 26.3024
--
26.4097 RSS 1.08254e-09
26.412 RSS 4.41361e-13
26.412 PRSS 2.37377e-09
--
Received one packet! Socket: 10.1.1.1 port: 49153 at time = 26.412
--
26.5023 RSS 1.08254e-09
26.5046 RSS 4.41361e-13
26.5046 PRSS 2.55633e-09
--
Received one packet! Socket: 10.1.1.1 port: 49153 at time = 26.5046
--
26.6046 RSS 4.41361e-13
26.6143 RSS 1.08254e-09
26.6166 RSS 1.07985e-09
26.6166 PRSS 2.23302e-09
--
Received one packet! Socket: 10.1.1.1 port: 49153 at time = 26.6166
--
26.7081 RSS 1.08254e-09
26.7104 RSS -1.07896e-09
26.7104 PRSS 1.08254e-09
--
Received one packet! Socket: 10.1.1.1 port: 49153 at time = 26.7104
--
26.8074 RSS 1.08254e-09
26.8097 RSS 4.41361e-13
26.8097 PRSS 2.51774e-09
--
Received one packet! Socket: 10.1.1.1 port: 49153 at time = 26.8097
--
26.9073 RSS 1.08254e-09
26.9096 RSS 4.41361e-13
26.9096 PRSS 1.36364e-09
--
Received one packet! Socket: 10.1.1.1 port: 49153 at time = 26.9096
--
27.0018 RSS 1.08254e-09
27.0041 RSS -2.15837e-09
27.0041 PRSS 2.12903e-09
--
Received one packet! Socket: 10.1.1.1 port: 49153 at time = 27.0041
--
27.1041 RSS 1.07985e-09
27.1045 RSS 1.08254e-09
27.1068 RSS 4.41361e-13
27.1068 PRSS 1.62601e-09
--
Received one packet! Socket: 10.1.1.1 port: 49153 at time = 27.1068
--
27.2068 RSS 1.07985e-09
27.2101 RSS 1.08254e-09
27.2124 RSS 4.41361e-13
27.2124 PRSS 2.16195e-09
--
Received one packet! Socket: 10.1.1.1 port: 49153 at time = 27.2124
--
27.3022 RSS 1.08254e-09
27.3045 RSS 4.41361e-13
--
Received one packet! Socket: 10.1.1.1 port: 49153 at time = 27.3045
--
27.4045 RSS 1.07985e-09
27.4057 RSS 1.08254e-09
27.408 RSS 4.41361e-13
--
Received one packet! Socket: 10.1.1.1 port: 49153 at time = 27.408
--
27.5112 RSS 1.08254e-09
27.5135 RSS 4.41361e-13
27.5135 PRSS 2.62429e-09
--
Received one packet! Socket: 10.1.1.1 port: 49153 at time = 27.5135
--
27.607 RSS 1.08254e-09
27.6093 RSS -1.07896e-09
27.6093 PRSS 1.59244e-09
--
Received one packet! Socket: 10.1.1.1 port: 49153 at time = 27.6093
--
27.7045 RSS 1.08254e-09
27.7068 RSS 4.41361e-13
27.7068 PRSS 2.16195e-09
--
Received one packet! Socket: 10.1.1.1 port: 49153 at time = 27.7068
--
27.8028 RSS 1.08254e-09
27.8051 RSS 4.41361e-13
--
Received one packet! Socket: 10.1.1.1 port: 49153 at time = 27.8051
--
27.9051 RSS 1.07985e-09
27.9073 RSS 1.08254e-09
27.9096 RSS -1.07896e-09
27.9096 PRSS 1.8792e-09
--
Received one packet! Socket: 10.1.1.1 port: 49153 at time = 27.9096
--
28.0032 RSS 1.08254e-09
28.0055 RSS -1.07896e-09
28.0055 PRSS 2.16195e-09
--
Received one packet! Socket: 10.1.1.1 port: 49153 at time = 28.0055
--
28.1073 RSS 1.08254e-09
28.1096 RSS 1.07985e-09
28.1096 PRSS 2.13285e-09
--
Received one packet! Socket: 10.1.1.1 port: 49153 at time = 28.1096
--
28.2096 RSS 1.07985e-09
28.2184 RSS 1.08254e-09
28.2207 RSS 4.41361e-13
28.2207 PRSS 2.16195e-09
--
Received one packet! Socket: 10.1.1.1 port: 49153 at time = 28.2207
--
28.3023 RSS 1.08254e-09
28.3046 RSS 4.41361e-13
28.3046 PRSS 1.08254e-09
--
Received one packet! Socket: 10.1.1.1 port: 49153 at time = 28.3046
--
28.4039 RSS 1.08254e-09
28.4062 RSS 4.41361e-13
28.4062 PRSS 2.16195e-09
--
Received one packet! Socket: 10.1.1.1 port: 49153 at time = 28.4062
--
28.5062 RSS 1.07985e-09
28.5159 RSS 1.08254e-09
28.5182 RSS 4.41361e-13
28.5182 PRSS 3.24135e-09
--
Received one packet! Socket: 10.1.1.1 port: 49153 at time = 28.5182
--
28.6132 RSS 1.08254e-09
28.6155 RSS 1.07985e-09
28.6155 PRSS 2.19386e-09
--
Received one packet! Socket: 10.1.1.1 port: 49153 at time = 28.6155
--
28.7044 RSS 1.08254e-09
28.7067 RSS 1.07985e-09
28.7067 PRSS 2.16195e-09
--
Received one packet! Socket: 10.1.1.1 port: 49153 at time = 28.7067
--
28.8049 RSS 1.08254e-09
28.8072 RSS -1.07896e-09
28.8072 PRSS 1.45933e-09
--
Received one packet! Socket: 10.1.1.1 port: 49153 at time = 28.8072
--
28.9072 RSS 1.07985e-09
28.9124 RSS 1.08254e-09
28.9147 RSS 2.15925e-09
28.9147 PRSS 1.86481e-09
--
Received one packet! Socket: 10.1.1.1 port: 49153 at time = 28.9147
--
29.0095 RSS 1.08254e-09
29.0118 RSS 4.41361e-13
29.0118 PRSS 2.16195e-09
--
Received one packet! Socket: 10.1.1.1 port: 49153 at time = 29.0118
--
29.1073 RSS 1.08254e-09
29.1096 RSS 4.41361e-13
--
Received one packet! Socket: 10.1.1.1 port: 49153 at time = 29.1096
--
29.2042 RSS 1.08254e-09
29.2065 RSS 4.41361e-13
--
Received one packet! Socket: 10.1.1.1 port: 49153 at time = 29.2065
--
29.3104 RSS 1.08254e-09
29.3128 RSS 4.41361e-13
--
Received one packet! Socket: 10.1.1.1 port: 49153 at time = 29.3128
--
29.4104 RSS 1.08254e-09
29.4127 RSS 1.07985e-09
29.4127 PRSS 1.98537e-09
--
Received one packet! Socket: 10.1.1.1 port: 49153 at time = 29.4127
--
29.5087 RSS 1.08254e-09
29.511 RSS -1.07896e-09
29.511 PRSS 2.98617e-09
--
Received one packet! Socket: 10.1.1.1 port: 49153 at time = 29.511
--
29.6065 RSS 1.08254e-09
29.6088 RSS -1.07896e-09
29.6088 PRSS 2.68565e-09
--
Received one packet! Socket: 10.1.1.1 port: 49153 at time = 29.6088
--
29.7044 RSS 1.08254e-09
29.7068 RSS -1.07896e-09
29.7068 PRSS 1.08254e-09
--
Received one packet! Socket: 10.1.1.1 port: 49153 at time = 29.7068
--
29.8041 RSS 1.08254e-09
29.8064 RSS -1.07896e-09
29.8064 PRSS 2.49927e-09
--
Received one packet! Socket: 10.1.1.1 port: 49153 at time = 29.8064
--
29.9064 RSS 1.07985e-09
29.9082 RSS 1.08254e-09
29.9105 RSS 4.41361e-13
29.9105 PRSS 3.24135e-09
--
Received one packet! Socket: 10.1.1.1 port: 49153 at time = 29.9105
--
30.0051 RSS 1.08254e-09
30.0074 RSS 4.41361e-13
30.0074 PRSS 2.77258e-09
--
Received one packet! Socket: 10.1.1.1 port: 49153 at time = 30.0074
--
30.1037 RSS 1.08254e-09
30.106 RSS 1.07985e-09
30.106 PRSS 3.24135e-09
--
Received one packet! Socket: 10.1.1.1 port: 49153 at time = 30.106
--
30.206 RSS 1.07985e-09
30.2107 RSS 1.08254e-09
30.213 RSS 4.41361e-13
30.213 PRSS 2.16195e-09
--
Received one packet! Socket: 10.1.1.1 port: 49153 at time = 30.213
--
30.3056 RSS 1.08254e-09
30.3079 RSS 4.41361e-13
--
Received one packet! Socket: 10.1.1.1 port: 49153 at time = 30.3079
--
30.4032 RSS 1.08254e-09
30.4055 RSS 4.41361e-13
--
Received one packet! Socket: 10.1.1.1 port: 49153 at time = 30.4055
--
30.5024 RSS 1.08254e-09
30.5047 RSS -1.07896e-09
30.5047 PRSS 2.16884e-09
--
Received one packet! Socket: 10.1.1.1 port: 49153 at time = 30.5047
--
30.6041 RSS 1.08254e-09
30.6064 RSS 4.41361e-13
30.6064 PRSS 2.16195e-09
--
Received one packet! Socket: 10.1.1.1 port: 49153 at time = 30.6064
--
30.7064 RSS 1.07985e-09
30.7146 RSS 1.08254e-09
30.7169 RSS 4.41361e-13
--
Received one packet! Socket: 10.1.1.1 port: 49153 at time = 30.7169
--
30.8018 RSS 1.08254e-09
30.8041 RSS -1.07896e-09
30.8041 PRSS 2.3992e-09
--
Received one packet! Socket: 10.1.1.1 port: 49153 at time = 30.8041
--
30.9041 RSS 1.07985e-09
30.9082 RSS 1.08254e-09
30.9105 RSS 4.41361e-13
30.9105 PRSS 2.47731e-09
--
Received one packet! Socket: 10.1.1.1 port: 49153 at time = 30.9105
--
31.0066 RSS 1.08254e-09
31.0089 RSS -1.07896e-09
31.0089 PRSS 2.04108e-09
--
Received one packet! Socket: 10.1.1.1 port: 49153 at time = 31.0089
--
31.1089 RSS 4.41361e-13
31.1107 RSS 1.08254e-09
31.113 RSS -1.07896e-09
31.113 PRSS 1.56697e-09
--
Received one packet! Socket: 10.1.1.1 port: 49153 at time = 31.113
--
31.2048 RSS 1.08254e-09
31.2071 RSS 4.41361e-13
31.2071 PRSS 2.16195e-09
--
Received one packet! Socket: 10.1.1.1 port: 49153 at time = 31.2071
--
31.308 RSS 1.08254e-09
31.3103 RSS 4.41361e-13
31.3103 PRSS 2.75431e-09
--
Received one packet! Socket: 10.1.1.1 port: 49153 at time = 31.3103
--
31.4103 RSS -1.07896e-09
31.4108 RSS 1.08254e-09
31.4131 RSS 4.41361e-13
31.4131 PRSS 2.16195e-09
--
Received one packet! Socket: 10.1.1.1 port: 49153 at time = 31.4131
--
31.5044 RSS 1.08254e-09
31.5067 RSS 1.07985e-09
31.5067 PRSS 2.15698e-09
--
Received one packet! Socket: 10.1.1.1 port: 49153 at time = 31.5067
--
31.6053 RSS 1.08254e-09
31.6076 RSS 1.07985e-09
31.6076 PRSS 1.1132e-09
--
Received one packet! Socket: 10.1.1.1 port: 49153 at time = 31.6076
--
31.7076 RSS 1.07985e-09
31.7129 RSS 1.08254e-09
31.7153 RSS 1.07985e-09
31.7153 PRSS 2.31074e-09
--
Received one packet! Socket: 10.1.1.1 port: 49153 at time = 31.7153
--
31.8027 RSS 1.08254e-09
31.805 RSS 4.41361e-13
31.805 PRSS 2.16195e-09
--
Received one packet! Socket: 10.1.1.1 port: 49153 at time = 31.805
--
31.931 RSS 1.08254e-09
31.9333 RSS 4.41361e-13
31.9333 PRSS 2.26786e-09
--
Received one packet! Socket: 10.1.1.1 port: 49153 at time = 31.9333
--
32.0017 RSS 1.08254e-09
32.004 RSS 1.07985e-09
32.004 PRSS 1.60051e-09
--
Received one packet! Socket: 10.1.1.1 port: 49153 at time = 32.004
--
32.104 RSS 1.07985e-09
32.1169 RSS 1.08254e-09
32.1192 RSS 4.41361e-13
32.1192 PRSS 2.19824e-09
--
Received one packet! Socket: 10.1.1.1 port: 49153 at time = 32.1192
--
32.2002 RSS 1.08254e-09
32.2025 RSS 4.41361e-13
32.2025 PRSS 2.16195e-09
--
Received one packet! Socket: 10.1.1.1 port: 49153 at time = 32.2025
--
32.3025 RSS 1.07985e-09
32.3087 RSS 1.08254e-09
32.311 RSS 2.15925e-09
32.311 PRSS 2.16319e-09
--
Received one packet! Socket: 10.1.1.1 port: 49153 at time = 32.311
--
32.4045 RSS 1.08254e-09
32.4068 RSS 4.41361e-13
32.4068 PRSS 2.81888e-09
--
Received one packet! Socket: 10.1.1.1 port: 49153 at time = 32.4068
--
32.5068 RSS 1.07985e-09
32.5088 RSS 1.08254e-09
32.5111 RSS 1.07985e-09
32.5111 PRSS 1.74594e-09
--
Received one packet! Socket: 10.1.1.1 port: 49153 at time = 32.5111
--
32.6111 RSS 1.07985e-09
32.6159 RSS 1.08254e-09
32.6182 RSS 1.07985e-09
32.6182 PRSS 2.39103e-09
--
Received one packet! Socket: 10.1.1.1 port: 49153 at time = 32.6182
--
32.7114 RSS 1.08254e-09
32.7137 RSS 4.41361e-13
32.7137 PRSS 2.80019e-09
--
Received one packet! Socket: 10.1.1.1 port: 49153 at time = 32.7137
--
32.8028 RSS 1.08254e-09
32.8051 RSS 1.07985e-09
32.8051 PRSS 2.86478e-09
--
Received one packet! Socket: 10.1.1.1 port: 49153 at time = 32.8051
--
32.9051 RSS 1.07985e-09
32.9065 RSS 1.08254e-09
32.9088 RSS -1.07896e-09
32.9088 PRSS 2.17804e-09
--
Received one packet! Socket: 10.1.1.1 port: 49153 at time = 32.9088
--
33.0088 RSS 4.41361e-13
33.0098 RSS 1.08254e-09
33.0121 RSS 4.41361e-13
33.0121 PRSS 1.86579e-09
--
Received one packet! Socket: 10.1.1.1 port: 49153 at time = 33.0121
--
33.1121 RSS 1.07985e-09
33.1157 RSS 1.08254e-09
33.118 RSS 4.41361e-13
33.118 PRSS 2.06388e-09
--
Received one packet! Socket: 10.1.1.1 port: 49153 at time = 33.118
--
33.2017 RSS 1.08254e-09
33.204 RSS 2.15925e-09
33.204 PRSS 2.56348e-09
--
Received one packet! Socket: 10.1.1.1 port: 49153 at time = 33.204
--
33.304 RSS 1.07985e-09
33.3057 RSS 1.08254e-09
33.308 RSS 1.07985e-09
33.308 PRSS 2.71209e-09
--
Received one packet! Socket: 10.1.1.1 port: 49153 at time = 33.308
--
33.4068 RSS 1.08254e-09
33.4091 RSS 1.07985e-09
33.4091 PRSS 2.59715e-09
--
Received one packet! Socket: 10.1.1.1 port: 49153 at time = 33.4091
--
33.5058 RSS 1.08254e-09
33.5081 RSS 4.41361e-13
33.5081 PRSS 1.08254e-09
--
Received one packet! Socket: 10.1.1.1 port: 49153 at time = 33.5081
--
33.6077 RSS 1.08254e-09
33.61 RSS -1.07896e-09
33.61 PRSS 1.87882e-09
--
Received one packet! Socket: 10.1.1.1 port: 49153 at time = 33.61
--
33.704 RSS 1.08254e-09
33.7063 RSS -1.07896e-09
33.7063 PRSS 2.44432e-09
--
Received one packet! Socket: 10.1.1.1 port: 49153 at time = 33.7063
--
33.8062 RSS 1.08254e-09
33.8085 RSS -1.07896e-09
33.8085 PRSS 1.43665e-09
--
Received one packet! Socket: 10.1.1.1 port: 49153 at time = 33.8085
--
33.9017 RSS 1.08254e-09
33.904 RSS 4.41361e-13
33.904 PRSS 2.16301e-09
--
Received one packet! Socket: 10.1.1.1 port: 49153 at time = 33.904
--
34.004 RSS 1.07985e-09
34.0127 RSS 1.08254e-09
34.015 RSS 4.41361e-13
34.015 PRSS 2.16195e-09
--
Received one packet! Socket: 10.1.1.1 port: 49153 at time = 34.015
--
34.1045 RSS 1.08254e-09
34.1068 RSS 4.41361e-13
34.1068 PRSS 2.27453e-09
--
Received one packet! Socket: 10.1.1.1 port: 49153 at time = 34.1068
--
34.2061 RSS 1.08254e-09
34.2084 RSS 1.07985e-09
34.2084 PRSS 1.26273e-09
--
Received one packet! Socket: 10.1.1.1 port: 49153 at time = 34.2084
--
34.3084 RSS -1.07896e-09
34.3091 RSS 1.08254e-09
34.3114 RSS 1.07985e-09
34.3114 PRSS 3.24135e-09
--
Received one packet! Socket: 10.1.1.1 port: 49153 at time = 34.3114
--
34.4029 RSS 1.08254e-09
34.4052 RSS -1.07896e-09
34.4052 PRSS 1.45591e-09
--
Received one packet! Socket: 10.1.1.1 port: 49153 at time = 34.4052
--
34.5028 RSS 1.08254e-09
34.5051 RSS 4.41361e-13
34.5051 PRSS 2.16195e-09
--
Received one packet! Socket: 10.1.1.1 port: 49153 at time = 34.5051
--
34.6051 RSS 1.07985e-09
34.6065 RSS 1.08254e-09
34.6088 RSS -1.07896e-09
34.6088 PRSS 2.03133e-09
--
Received one packet! Socket: 10.1.1.1 port: 49153 at time = 34.6088
--
34.7027 RSS 1.08254e-09
34.705 RSS 1.07985e-09
34.705 PRSS 2.36824e-09
--
Received one packet! Socket: 10.1.1.1 port: 49153 at time = 34.705
--
34.805 RSS 1.07985e-09
34.8068 RSS 1.08254e-09
34.8091 RSS 4.41361e-13
34.8091 PRSS 2.89108e-09
--
Received one packet! Socket: 10.1.1.1 port: 49153 at time = 34.8091
--
34.9091 RSS -1.07896e-09
34.914 RSS 1.08254e-09
34.9163 RSS 4.41361e-13
34.9163 PRSS 1.9261e-09
--
Received one packet! Socket: 10.1.1.1 port: 49153 at time = 34.9163
--
35.0102 RSS 1.08254e-09
35.0125 RSS 1.07985e-09
35.0125 PRSS 2.20961e-09
--
Received one packet! Socket: 10.1.1.1 port: 49153 at time = 35.0125
--
35.1125 RSS 1.07985e-09
35.1205 RSS 1.08254e-09
35.1228 RSS 4.41361e-13
35.1228 PRSS 2.90681e-09
--
Received one packet! Socket: 10.1.1.1 port: 49153 at time = 35.1228
--
35.2039 RSS 1.08254e-09
35.2063 RSS 4.41361e-13
35.2063 PRSS 2.16195e-09
--
Received one packet! Socket: 10.1.1.1 port: 49153 at time = 35.2063
--
35.3068 RSS 1.08254e-09
35.3091 RSS 4.41361e-13
35.3091 PRSS 1.08254e-09
--
Received one packet! Socket: 10.1.1.1 port: 49153 at time = 35.3091
--
35.4008 RSS 1.08254e-09
35.4031 RSS 4.41361e-13
--
Received one packet! Socket: 10.1.1.1 port: 49153 at time = 35.4031
--
35.5031 RSS -1.07896e-09
35.5122 RSS 1.08254e-09
35.5145 RSS -1.07896e-09
35.5145 PRSS 2.17644e-09
--
Received one packet! Socket: 10.1.1.1 port: 49153 at time = 35.5145
--
35.6073 RSS 1.08254e-09
35.6096 RSS 4.41361e-13
35.6096 PRSS 1.73868e-09
--
Received one packet! Socket: 10.1.1.1 port: 49153 at time = 35.6096
--
35.7045 RSS 1.08254e-09
35.7068 RSS 4.41361e-13
35.7068 PRSS 2.16195e-09
--
Received one packet! Socket: 10.1.1.1 port: 49153 at time = 35.7068
--
35.8001 RSS 1.08254e-09
35.8024 RSS -1.07896e-09
35.8024 PRSS 1.08254e-09
--
Received one packet! Socket: 10.1.1.1 port: 49153 at time = 35.8024
--
35.9024 RSS 1.07985e-09
35.906 RSS 1.08254e-09
35.9083 RSS 4.41361e-13
35.9083 PRSS 2.49795e-09
--
Received one packet! Socket: 10.1.1.1 port: 49153 at time = 35.9083
--
36.0083 RSS 1.07985e-09
36.01 RSS 1.08254e-09
36.0123 RSS 4.41361e-13
36.0123 PRSS 2.16195e-09
--
Received one packet! Socket: 10.1.1.1 port: 49153 at time = 36.0123
--
36.1123 RSS 1.07985e-09
36.1161 RSS 1.08254e-09
36.1184 RSS 1.07985e-09
36.1184 PRSS 2.79118e-09
--
Received one packet! Socket: 10.1.1.1 port: 49153 at time = 36.1184
--
36.2082 RSS 1.08254e-09
36.2105 RSS 4.41361e-13
36.2105 PRSS 2.16195e-09
--
Received one packet! Socket: 10.1.1.1 port: 49153 at time = 36.2105
--
36.3055 RSS 1.08254e-09
36.3078 RSS -1.07896e-09
36.3078 PRSS 2.33975e-09
--
Received one packet! Socket: 10.1.1.1 port: 49153 at time = 36.3078
--
36.4078 RSS 1.07985e-09
36.4097 RSS 1.08254e-09
36.412 RSS 4.41361e-13
36.412 PRSS 2.16195e-09
--
Received one packet! Socket: 10.1.1.1 port: 49153 at time = 36.412
--
36.5083 RSS 1.08254e-09
36.5106 RSS -1.07896e-09
36.5106 PRSS 2.56222e-09
--
Received one packet! Socket: 10.1.1.1 port: 49153 at time = 36.5106
--
36.6072 RSS 1.08254e-09
36.6095 RSS -1.07896e-09
36.6095 PRSS 2.16195e-09
--
Received one packet! Socket: 10.1.1.1 port: 49153 at time = 36.6095
--
36.7074 RSS 1.08254e-09
36.7097 RSS 4.41361e-13
--
Received one packet! Socket: 10.1.1.1 port: 49153 at time = 36.7097
--
36.8115 RSS 1.08254e-09
36.8138 RSS 1.07985e-09
36.8138 PRSS 2.86273e-09
--
Received one packet! Socket: 10.1.1.1 port: 49153 at time = 36.8138
--
36.9069 RSS 1.08254e-09
36.9092 RSS 1.07985e-09
36.9092 PRSS 1.35883e-09
--
Received one packet! Socket: 10.1.1.1 port: 49153 at time = 36.9092
--
37.0079 RSS 1.08254e-09
37.0103 RSS 4.41361e-13
37.0103 PRSS 2.16568e-09
--
Received one packet! Socket: 10.1.1.1 port: 49153 at time = 37.0103
--
37.1012 RSS 1.08254e-09
37.1035 RSS 4.41361e-13
37.1035 PRSS 2.16195e-09
--
Received one packet! Socket: 10.1.1.1 port: 49153 at time = 37.1035
--
37.2035 RSS 1.07985e-09
37.2061 RSS 1.08254e-09
37.2084 RSS 4.41361e-13
--
Received one packet! Socket: 10.1.1.1 port: 49153 at time = 37.2084
--
37.3046 RSS 1.08254e-09
37.3069 RSS 4.41361e-13
--
Received one packet! Socket: 10.1.1.1 port: 49153 at time = 37.3069
--
37.4067 RSS 1.08254e-09
37.409 RSS 4.41361e-13
--
Received one packet! Socket: 10.1.1.1 port: 49153 at time = 37.409
--
37.5059 RSS 1.08254e-09
37.5082 RSS 1.07985e-09
37.5082 PRSS 2.62252e-09
--
Received one packet! Socket: 10.1.1.1 port: 49153 at time = 37.5082
--
37.6016 RSS 1.08254e-09
37.6039 RSS 1.07985e-09
37.6039 PRSS 2.14544e-09
--
Received one packet! Socket: 10.1.1.1 port: 49153 at time = 37.6039
--
37.7039 RSS 4.41361e-13
37.7132 RSS 1.08254e-09
37.7155 RSS -1.07896e-09
37.7155 PRSS 2.31378e-09
--
Received one packet! Socket: 10.1.1.1 port: 49153 at time = 37.7155
--
37.8068 RSS 1.08254e-09
37.8091 RSS 2.15925e-09
37.8091 PRSS 2.3558e-09
--
Received one packet! Socket: 10.1.1.1 port: 49153 at time = 37.8091
--
37.9049 RSS 1.08254e-09
37.9072 RSS 1.07985e-09
37.9072 PRSS 1.44175e-09
--
Received one packet! Socket: 10.1.1.1 port: 49153 at time = 37.9072
--
38.0072 RSS 1.07985e-09
38.0133 RSS 1.08254e-09
38.0156 RSS 1.07985e-09
38.0156 PRSS 1.98212e-09
--
Received one packet! Socket: 10.1.1.1 port: 49153 at time = 38.0156
--
38.1156 RSS 1.07985e-09
38.1212 RSS 1.08254e-09
38.1235 RSS 1.07985e-09
38.1235 PRSS 1.78573e-09
--
Received one packet! Socket: 10.1.1.1 port: 49153 at time = 38.1235
--
38.2033 RSS 1.08254e-09
38.2056 RSS 4.41361e-13
38.2056 PRSS 1.50896e-09
--
Received one packet! Socket: 10.1.1.1 port: 49153 at time = 38.2056
--
38.3053 RSS 1.08254e-09
38.3076 RSS -1.07896e-09
38.3076 PRSS 1.81369e-09
--
Received one packet! Socket: 10.1.1.1 port: 49153 at time = 38.3076
--
38.4046 RSS 1.08254e-09
38.4069 RSS 4.41361e-13
38.4069 PRSS 2.16195e-09
--
Received one packet! Socket: 10.1.1.1 port: 49153 at time = 38.4069
--
38.5069 RSS -1.07896e-09
38.515 RSS 1.08254e-09
38.5173 RSS 1.07985e-09
38.5173 PRSS 2.55604e-09
--
Received one packet! Socket: 10.1.1.1 port: 49153 at time = 38.5173
--
38.6052 RSS 1.08254e-09
38.6076 RSS -1.07896e-09
38.6076 PRSS 2.77645e-09
--
Received one packet! Socket: 10.1.1.1 port: 49153 at time = 38.6076
--
38.704 RSS 1.08254e-09
38.7063 RSS 4.41361e-13
38.7063 PRSS 2.16195e-09
--
Received one packet! Socket: 10.1.1.1 port: 49153 at time = 38.7063
--
38.8052 RSS 1.08254e-09
38.8075 RSS -1.07896e-09
38.8075 PRSS 1.86293e-09
--
Received one packet! Socket: 10.1.1.1 port: 49153 at time = 38.8075
--
38.9075 RSS 4.41361e-13
38.909 RSS 1.08254e-09
38.9113 RSS -1.07896e-09
38.9113 PRSS 1.08254e-09
--
Received one packet! Socket: 10.1.1.1 port: 49153 at time = 38.9113
--
39.0042 RSS 1.08254e-09
39.0065 RSS 4.41361e-13
39.0065 PRSS 2.20683e-09
--
Received one packet! Socket: 10.1.1.1 port: 49153 at time = 39.0065
--
39.1027 RSS 1.08254e-09
39.105 RSS 1.07985e-09
39.105 PRSS 1.93327e-09
--
Received one packet! Socket: 10.1.1.1 port: 49153 at time = 39.105
--
39.2012 RSS 1.08254e-09
39.2035 RSS 4.41361e-13
39.2035 PRSS 1.08254e-09
--
Received one packet! Socket: 10.1.1.1 port: 49153 at time = 39.2035
--
39.3084 RSS 1.08254e-09
39.3107 RSS 4.41361e-13
39.3107 PRSS 2.16195e-09
--
Received one packet! Socket: 10.1.1.1 port: 49153 at time = 39.3107
--
39.406 RSS 1.08254e-09
39.4083 RSS -1.07896e-09
39.4083 PRSS 1.885e-09
--
Received one packet! Socket: 10.1.1.1 port: 49153 at time = 39.4083
--
39.503 RSS 1.08254e-09
39.5053 RSS -1.07896e-09
39.5053 PRSS 3.05749e-09
--
Received one packet! Socket: 10.1.1.1 port: 49153 at time = 39.5053
--
39.6025 RSS 1.08254e-09
39.6048 RSS 1.07985e-09
39.6048 PRSS 1.4813e-09
--
Received one packet! Socket: 10.1.1.1 port: 49153 at time = 39.6048
--
39.7048 RSS 1.07985e-09
39.7099 RSS 1.08254e-09
39.7122 RSS 1.07985e-09
39.7122 PRSS 1.76979e-09
--
Received one packet! Socket: 10.1.1.1 port: 49153 at time = 39.7122
--
39.8034 RSS 1.08254e-09
39.8057 RSS -1.07896e-09
39.8057 PRSS 2.16566e-09
--
Received one packet! Socket: 10.1.1.1 port: 49153 at time = 39.8057
--
39.9057 RSS 4.41361e-13
39.9098 RSS 1.08254e-09
39.9121 RSS -1.07896e-09
39.9121 PRSS 2.12412e-09
--
Received one packet! Socket: 10.1.1.1 port: 49153 at time = 39.9121
--
40.0074 RSS 1.08254e-09
40.0097 RSS 4.41361e-13
40.0097 PRSS 2.06622e-09
--
Received one packet! Socket: 10.1.1.1 port: 49153 at time = 40.0097
--
40.1044 RSS 1.08254e-09
40.1067 RSS 4.41361e-13
40.1067 PRSS 2.16195e-09
--
Received one packet! Socket: 10.1.1.1 port: 49153 at time = 40.1067
--
40.2063 RSS 1.08254e-09
40.2086 RSS -1.07896e-09
40.2086 PRSS 1.33187e-09
--
Received one packet! Socket: 10.1.1.1 port: 49153 at time = 40.2086
--
40.3074 RSS 1.08254e-09
40.3097 RSS 4.41361e-13
40.3097 PRSS 2.65733e-09
--
Received one packet! Socket: 10.1.1.1 port: 49153 at time = 40.3097
--
40.4059 RSS 1.08254e-09
40.4082 RSS -1.07896e-09
40.4082 PRSS 1.91853e-09
--
Received one packet! Socket: 10.1.1.1 port: 49153 at time = 40.4082
--
40.5013 RSS 1.08254e-09
40.5036 RSS 4.41361e-13
40.5036 PRSS 2.16195e-09
--
Received one packet! Socket: 10.1.1.1 port: 49153 at time = 40.5036
--
40.6044 RSS 1.08254e-09
40.6067 RSS 4.41361e-13
40.6067 PRSS 2.30547e-09
--
Received one packet! Socket: 10.1.1.1 port: 49153 at time = 40.6067
--
40.7036 RSS 1.08254e-09
40.7059 RSS -1.07896e-09
40.7059 PRSS 1.90191e-09
--
Received one packet! Socket: 10.1.1.1 port: 49153 at time = 40.7059
--
40.8038 RSS 1.08254e-09
40.8061 RSS 4.41361e-13
40.8061 PRSS 2.16195e-09
--
Received one packet! Socket: 10.1.1.1 port: 49153 at time = 40.8061
--
40.9061 RSS 1.07985e-09
40.9113 RSS 1.08254e-09
40.9136 RSS 1.07985e-09
40.9136 PRSS 2.08738e-09
--
Received one packet! Socket: 10.1.1.1 port: 49153 at time = 40.9136
--
41.0078 RSS 1.08254e-09
41.0101 RSS 1.07985e-09
41.0101 PRSS 2.9098e-09
--
Received one packet! Socket: 10.1.1.1 port: 49153 at time = 41.0101
--
41.1017 RSS 1.08254e-09
41.104 RSS 4.41361e-13
41.104 PRSS 2.16195e-09
--
Received one packet! Socket: 10.1.1.1 port: 49153 at time = 41.104
--
41.2179 RSS 1.08254e-09
41.2202 RSS 4.41361e-13
41.2202 PRSS 2.73567e-09
--
Received one packet! Socket: 10.1.1.1 port: 49153 at time = 41.2202
--
41.3047 RSS 1.08254e-09
41.307 RSS 4.41361e-13
41.307 PRSS 1.65667e-09
--
Received one packet! Socket: 10.1.1.1 port: 49153 at time = 41.307
--
41.407 RSS -1.07896e-09
41.4088 RSS 1.08254e-09
41.4111 RSS 4.41361e-13
41.4111 PRSS 2.16195e-09
--
Received one packet! Socket: 10.1.1.1 port: 49153 at time = 41.4111
--
41.5026 RSS 1.08254e-09
41.5049 RSS 4.41361e-13
--
Received one packet! Socket: 10.1.1.1 port: 49153 at time = 41.5049
--
41.601 RSS 1.08254e-09
41.6033 RSS 4.41361e-13
--
Received one packet! Socket: 10.1.1.1 port: 49153 at time = 41.6033
--
41.7033 RSS 1.07985e-09
41.705 RSS 1.08254e-09
41.7074 RSS 1.07985e-09
41.7074 PRSS 2.14864e-09
--
Received one packet! Socket: 10.1.1.1 port: 49153 at time = 41.7074
--
41.8063 RSS 1.08254e-09
41.8086 RSS 4.41361e-13
41.8086 PRSS 1.69644e-09
--
Received one packet! Socket: 10.1.1.1 port: 49153 at time = 41.8086
--
41.9078 RSS 1.08254e-09
41.9101 RSS 4.41361e-13
41.9101 PRSS 2.16195e-09
--
Received one packet! Socket: 10.1.1.1 port: 49153 at time = 41.9101
--
42.0014 RSS 1.08254e-09
42.0037 RSS 1.07985e-09
42.0037 PRSS 1.52563e-09
--
Received one packet! Socket: 10.1.1.1 port: 49153 at time = 42.0037
--
42.1037 RSS 1.07985e-09
42.1045 RSS 1.08254e-09
42.1068 RSS -1.07896e-09
42.1068 PRSS 2.23324e-09
--
Received one packet! Socket: 10.1.1.1 port: 49153 at time = 42.1068
--
42.2068 RSS 1.08254e-09
42.2091 RSS -1.07896e-09
42.2091 PRSS 1.84022e-09
--
Received one packet! Socket: 10.1.1.1 port: 49153 at time = 42.2091
--
42.3067 RSS 1.08254e-09
42.309 RSS 1.07985e-09
42.309 PRSS 2.04983e-09
--
Received one packet! Socket: 10.1.1.1 port: 49153 at time = 42.309
--
42.4044 RSS 1.08254e-09
42.4067 RSS 1.07985e-09
42.4067 PRSS 1.7271e-09
--
Received one packet! Socket: 10.1.1.1 port: 49153 at time = 42.4067
--
42.5067 RSS 4.41361e-13
42.5127 RSS 1.08254e-09
42.515 RSS 1.07985e-09
42.515 PRSS 2.2392e-09
--
Received one packet! Socket: 10.1.1.1 port: 49153 at time = 42.515
--
42.602 RSS 1.08254e-09
42.6043 RSS 1.07985e-09
42.6043 PRSS 2.68442e-09
--
Received one packet! Socket: 10.1.1.1 port: 49153 at time = 42.6043
--
42.7043 RSS 4.41361e-13
42.7044 RSS 1.08254e-09
42.7067 RSS 1.07985e-09
42.7067 PRSS 2.94869e-09
--
Received one packet! Socket: 10.1.1.1 port: 49153 at time = 42.7067
--
42.8048 RSS 1.08254e-09
42.8071 RSS 4.41361e-13
42.8071 PRSS 2.16195e-09
--
Received one packet! Socket: 10.1.1.1 port: 49153 at time = 42.8071
--
42.903 RSS 1.08254e-09
42.9053 RSS 4.41361e-13
42.9053 PRSS 2.80508e-09
--
Received one packet! Socket: 10.1.1.1 port: 49153 at time = 42.9053
--
43.0022 RSS 1.08254e-09
43.0045 RSS 1.07985e-09
43.0045 PRSS 1.55069e-09
--
Received one packet! Socket: 10.1.1.1 port: 49153 at time = 43.0045
--
43.1045 RSS 4.41361e-13
43.1077 RSS 1.08254e-09
43.11 RSS -1.07896e-09
43.11 PRSS 2.16443e-09
--
Received one packet! Socket: 10.1.1.1 port: 49153 at time = 43.11
--
43.2054 RSS 1.08254e-09
43.2077 RSS 4.41361e-13
43.2077 PRSS 2.16195e-09
--
Received one packet! Socket: 10.1.1.1 port: 49153 at time = 43.2077
--
43.3057 RSS 1.08254e-09
43.308 RSS 2.15925e-09
43.308 PRSS 2.55002e-09
--
Received one packet! Socket: 10.1.1.1 port: 49153 at time = 43.308
--
43.4054 RSS 1.08254e-09
43.4077 RSS 4.41361e-13
43.4077 PRSS 2.13587e-09
--
Received one packet! Socket: 10.1.1.1 port: 49153 at time = 43.4077
--
43.503 RSS 1.08254e-09
43.5053 RSS 4.41361e-13
43.5053 PRSS 2.16195e-09
--
Received one packet! Socket: 10.1.1.1 port: 49153 at time = 43.5053
--
43.6015 RSS 1.08254e-09
43.6038 RSS -2.15837e-09
43.6038 PRSS 2.04988e-09
--
Received one packet! Socket: 10.1.1.1 port: 49153 at time = 43.6038
--
43.7038 RSS 4.41361e-13
43.7043 RSS 1.08254e-09
43.7066 RSS 4.41361e-13
43.7066 PRSS 2.16195e-09
--
Received one packet! Socket: 10.1.1.1 port: 49153 at time = 43.7066
--
43.8066 RSS -1.07896e-09
43.812 RSS 1.08254e-09
43.8143 RSS 4.41361e-13
43.8143 PRSS 1.64927e-09
--
Received one packet! Socket: 10.1.1.1 port: 49153 at time = 43.8143
--
43.901 RSS 1.08254e-09
43.9033 RSS 1.07985e-09
43.9033 PRSS 1.4355e-09
--
Received one packet! Socket: 10.1.1.1 port: 49153 at time = 43.9033
--
44.0033 RSS -1.07896e-09
44.0047 RSS 1.08254e-09
44.007 RSS 1.07985e-09
44.007 PRSS 1.69039e-09
--
Received one packet! Socket: 10.1.1.1 port: 49153 at time = 44.007
--
44.107 RSS 1.07985e-09
44.1111 RSS 1.08254e-09
44.1134 RSS 1.07985e-09
44.1134 PRSS 2.63588e-09
--
Received one packet! Socket: 10.1.1.1 port: 49153 at time = 44.1134
--
44.2122 RSS 1.08254e-09
44.2145 RSS 4.41361e-13
44.2145 PRSS 2.16195e-09
--
Received one packet! Socket: 10.1.1.1 port: 49153 at time = 44.2145
--
44.3043 RSS 1.08254e-09
44.3066 RSS 4.41361e-13
44.3066 PRSS 2.23419e-09
--
Received one packet! Socket: 10.1.1.1 port: 49153 at time = 44.3066
--
44.4066 RSS 4.41361e-13
44.4067 RSS 1.08254e-09
44.409 RSS 4.41361e-13
44.409 PRSS 2.16195e-09
--
Received one packet! Socket: 10.1.1.1 port: 49153 at time = 44.409
--
44.51 RSS 1.08254e-09
44.5123 RSS 4.41361e-13
44.5123 PRSS 2.33526e-09
--
Received one packet! Socket: 10.1.1.1 port: 49153 at time = 44.5123
--
44.6037 RSS 1.08254e-09
44.606 RSS 4.41361e-13
44.606 PRSS 2.16195e-09
--
Received one packet! Socket: 10.1.1.1 port: 49153 at time = 44.606
--
44.706 RSS 1.07985e-09
44.7071 RSS 1.08254e-09
44.7094 RSS 2.15925e-09
44.7094 PRSS 2.39997e-09
--
Received one packet! Socket: 10.1.1.1 port: 49153 at time = 44.7094
--
44.8094 RSS 4.41361e-13
44.8132 RSS 1.08254e-09
44.8155 RSS -1.07896e-09
44.8155 PRSS 3.00389e-09
--
Received one packet! Socket: 10.1.1.1 port: 49153 at time = 44.8155
--
44.9155 RSS 1.07985e-09
44.9159 RSS 1.08254e-09
44.9182 RSS 1.07985e-09
44.9182 PRSS 2.58642e-09
--
Received one packet! Socket: 10.1.1.1 port: 49153 at time = 44.9182
--
45.0038 RSS 1.08254e-09
45.0061 RSS 1.07985e-09
45.0061 PRSS 2.25327e-09
--
Received one packet! Socket: 10.1.1.1 port: 49153 at time = 45.0061
--
45.1061 RSS -1.07896e-09
45.1154 RSS 1.08254e-09
45.1177 RSS 1.07985e-09
45.1177 PRSS 1.93262e-09
--
Received one packet! Socket: 10.1.1.1 port: 49153 at time = 45.1177
--
45.2119 RSS 1.08254e-09
45.2142 RSS 4.41361e-13
45.2142 PRSS 2.16195e-09
--
Received one packet! Socket: 10.1.1.1 port: 49153 at time = 45.2142
--
45.3042 RSS 1.08254e-09
45.3065 RSS 1.07985e-09
45.3065 PRSS 2.44075e-09
--
Received one packet! Socket: 10.1.1.1 port: 49153 at time = 45.3065
--
45.4065 RSS 1.07985e-09
45.4066 RSS 1.08254e-09
45.4089 RSS 4.41361e-13
45.4089 PRSS 2.16195e-09
--
Received one packet! Socket: 10.1.1.1 port: 49153 at time = 45.4089
--
45.5039 RSS 1.08254e-09
45.5062 RSS 4.41361e-13
--
Received one packet! Socket: 10.1.1.1 port: 49153 at time = 45.5062
--
45.6045 RSS 1.08254e-09
45.6068 RSS 4.41361e-13
--
Received one packet! Socket: 10.1.1.1 port: 49153 at time = 45.6068
--
45.7068 RSS 1.07985e-09
45.7128 RSS 1.08254e-09
45.7151 RSS 4.41361e-13
45.7151 PRSS 3.24135e-09
--
Received one packet! Socket: 10.1.1.1 port: 49153 at time = 45.7151
--
45.8036 RSS 1.08254e-09
45.8059 RSS 4.41361e-13
45.8059 PRSS 2.16195e-09
--
Received one packet! Socket: 10.1.1.1 port: 49153 at time = 45.8059
--
45.9054 RSS 1.08254e-09
45.9077 RSS 4.41361e-13
--
Received one packet! Socket: 10.1.1.1 port: 49153 at time = 45.9077
--
46.0052 RSS 1.08254e-09
46.0075 RSS 1.07985e-09
46.0075 PRSS 2.14439e-09
--
Received one packet! Socket: 10.1.1.1 port: 49153 at time = 46.0075
--
46.1022 RSS 1.08254e-09
46.1045 RSS 4.41361e-13
46.1045 PRSS 1.81469e-09
--
Received one packet! Socket: 10.1.1.1 port: 49153 at time = 46.1045
--
46.2125 RSS 1.08254e-09
46.2148 RSS 1.07985e-09
46.2148 PRSS 2.15419e-09
--
Received one packet! Socket: 10.1.1.1 port: 49153 at time = 46.2148
--
46.3102 RSS 1.08254e-09
46.3125 RSS -1.07896e-09
46.3125 PRSS 3.18354e-09
--
Received one packet! Socket: 10.1.1.1 port: 49153 at time = 46.3125
--
46.4022 RSS 1.08254e-09
46.4045 RSS 1.07985e-09
46.4045 PRSS 2.68242e-09
--
Received one packet! Socket: 10.1.1.1 port: 49153 at time = 46.4045
--
46.5045 RSS 1.07985e-09
46.5122 RSS 1.08254e-09
46.5145 RSS -1.07896e-09
46.5145 PRSS 3.10393e-09
--
Received one packet! Socket: 10.1.1.1 port: 49153 at time = 46.5145
--
46.6131 RSS 1.08254e-09
46.6154 RSS 1.07985e-09
46.6154 PRSS 2.40446e-09
--
Received one packet! Socket: 10.1.1.1 port: 49153 at time = 46.6154
--
46.7065 RSS 1.08254e-09
46.7088 RSS 4.41361e-13
46.7088 PRSS 2.16195e-09
--
Received one packet! Socket: 10.1.1.1 port: 49153 at time = 46.7088
--
46.8084 RSS 1.08254e-09
46.8107 RSS 4.41361e-13
--
Received one packet! Socket: 10.1.1.1 port: 49153 at time = 46.8107
--
46.9017 RSS 1.08254e-09
46.904 RSS -1.07896e-09
46.904 PRSS 3.14753e-09
--
Received one packet! Socket: 10.1.1.1 port: 49153 at time = 46.904
--
47.004 RSS 1.07985e-09
47.007 RSS 1.08254e-09
47.0093 RSS 1.07985e-09
47.0093 PRSS 1.833e-09
--
Received one packet! Socket: 10.1.1.1 port: 49153 at time = 47.0093
--
47.1027 RSS 1.08254e-09
47.105 RSS 4.41361e-13
47.105 PRSS 2.16195e-09
--
Received one packet! Socket: 10.1.1.1 port: 49153 at time = 47.105
--
47.205 RSS 1.07985e-09
47.2101 RSS 1.08254e-09
47.2124 RSS 1.07985e-09
47.2124 PRSS 2.754e-09
--
Received one packet! Socket: 10.1.1.1 port: 49153 at time = 47.2124
--
47.3047 RSS 1.08254e-09
47.307 RSS -1.07896e-09
47.307 PRSS 1.34284e-09
--
Received one packet! Socket: 10.1.1.1 port: 49153 at time = 47.307
--
47.4049 RSS 1.08254e-09
47.4072 RSS 1.07985e-09
47.4072 PRSS 2.99491e-09
--
Received one packet! Socket: 10.1.1.1 port: 49153 at time = 47.4072
--
47.5044 RSS 1.08254e-09
47.5067 RSS -1.07896e-09
47.5067 PRSS 2.31241e-09
--
Received one packet! Socket: 10.1.1.1 port: 49153 at time = 47.5067
--
47.6067 RSS 1.07985e-09
47.6083 RSS 1.08254e-09
47.6106 RSS 4.41361e-13
47.6106 PRSS 2.16195e-09
--
Received one packet! Socket: 10.1.1.1 port: 49153 at time = 47.6106
--
47.7023 RSS 1.08254e-09
47.7046 RSS 1.07985e-09
47.7046 PRSS 2.3755e-09
--
Received one packet! Socket: 10.1.1.1 port: 49153 at time = 47.7046
--
47.8012 RSS 1.08254e-09
47.8035 RSS 4.41361e-13
47.8035 PRSS 2.29358e-09
--
Received one packet! Socket: 10.1.1.1 port: 49153 at time = 47.8035
--
47.9003 RSS 1.08254e-09
47.9026 RSS 4.41361e-13
47.9026 PRSS 2.16195e-09
--
Received one packet! Socket: 10.1.1.1 port: 49153 at time = 47.9026
--
48.0026 RSS -1.07896e-09
48.0047 RSS 1.08254e-09
48.007 RSS 1.07985e-09
48.007 PRSS 2.2487e-09
--
Received one packet! Socket: 10.1.1.1 port: 49153 at time = 48.007
--
48.1008 RSS 1.08254e-09
48.1031 RSS -1.07896e-09
48.1031 PRSS 1.18856e-09
--
Received one packet! Socket: 10.1.1.1 port: 49153 at time = 48.1031
--
48.2031 RSS 1.07985e-09
48.2065 RSS 1.08254e-09
48.2088 RSS 4.41361e-13
48.2088 PRSS 2.16195e-09
--
Received one packet! Socket: 10.1.1.1 port: 49153 at time = 48.2088
--
48.3028 RSS 1.08254e-09
48.3051 RSS -1.07896e-09
48.3051 PRSS 2.98877e-09
--
Received one packet! Socket: 10.1.1.1 port: 49153 at time = 48.3051
--
48.4029 RSS 1.08254e-09
48.4052 RSS -1.07896e-09
48.4052 PRSS 2.46475e-09
--
Received one packet! Socket: 10.1.1.1 port: 49153 at time = 48.4052
--
48.5024 RSS 1.08254e-09
48.5047 RSS -1.07896e-09
48.5047 PRSS 1.89269e-09
--
Received one packet! Socket: 10.1.1.1 port: 49153 at time = 48.5047
--
48.6047 RSS 1.07985e-09
48.6097 RSS 1.08254e-09
48.612 RSS 4.41361e-13
48.612 PRSS 2.16195e-09
--
Received one packet! Socket: 10.1.1.1 port: 49153 at time = 48.612
--
48.7057 RSS 1.08254e-09
48.708 RSS 4.41361e-13
--
Received one packet! Socket: 10.1.1.1 port: 49153 at time = 48.708
--
48.8046 RSS 1.08254e-09
48.8069 RSS 4.41361e-13
--
Received one packet! Socket: 10.1.1.1 port: 49153 at time = 48.8069
--
48.903 RSS 1.08254e-09
48.9053 RSS 4.41361e-13
--
Received one packet! Socket: 10.1.1.1 port: 49153 at time = 48.9053
--
49.0007 RSS 1.08254e-09
49.003 RSS 4.41361e-13
--
Received one packet! Socket: 10.1.1.1 port: 49153 at time = 49.003
--
49.1079 RSS 1.08254e-09
49.1102 RSS 4.41361e-13
49.1102 PRSS 3.24135e-09
--
Received one packet! Socket: 10.1.1.1 port: 49153 at time = 49.1102
--
49.2065 RSS 1.08254e-09
49.2088 RSS -1.07896e-09
49.2088 PRSS 2.22849e-09
--
Received one packet! Socket: 10.1.1.1 port: 49153 at time = 49.2088
--
49.3087 RSS 1.08254e-09
49.3111 RSS 1.07985e-09
49.3111 PRSS 3.24134e-09
--
Received one packet! Socket: 10.1.1.1 port: 49153 at time = 49.3111
--
49.4025 RSS 1.08254e-09
49.4048 RSS 4.41361e-13
49.4048 PRSS 1.89928e-09
--
Received one packet! Socket: 10.1.1.1 port: 49153 at time = 49.4048
--
49.5048 RSS 1.07985e-09
49.5122 RSS 1.08254e-09
49.5145 RSS 4.41361e-13
49.5145 PRSS 1.97564e-09
--
Received one packet! Socket: 10.1.1.1 port: 49153 at time = 49.5145
--
49.6079 RSS 1.08254e-09
49.6102 RSS -1.07896e-09
49.6102 PRSS 2.0745e-09
--
Received one packet! Socket: 10.1.1.1 port: 49153 at time = 49.6102
--
49.7075 RSS 1.08254e-09
49.7098 RSS 4.41361e-13
49.7098 PRSS 2.16195e-09
--
Received one packet! Socket: 10.1.1.1 port: 49153 at time = 49.7098
--
49.8017 RSS 1.08254e-09
49.804 RSS 4.41361e-13
49.804 PRSS 2.21877e-09
--
Received one packet! Socket: 10.1.1.1 port: 49153 at time = 49.804
--
49.904 RSS 1.07985e-09
49.9071 RSS 1.08254e-09
49.9094 RSS 4.41361e-13
49.9094 PRSS 2.81966e-09
--
Received one packet! Socket: 10.1.1.1 port: 49153 at time = 49.9094
--
50.0083 RSS 1.08254e-09
50.0106 RSS -1.07896e-09
50.0106 PRSS 1.62214e-09
--
Received one packet! Socket: 10.1.1.1 port: 49153 at time = 50.0106
--
50.1068 RSS 1.08254e-09
50.1091 RSS 1.07985e-09
50.1091 PRSS 1.75527e-09
--
Received one packet! Socket: 10.1.1.1 port: 49153 at time = 50.1091
--
50.2043 RSS 1.08254e-09
50.2066 RSS 4.41361e-13
50.2066 PRSS 2.16195e-09
--
Received one packet! Socket: 10.1.1.1 port: 49153 at time = 50.2066
--
50.3066 RSS -1.07896e-09
50.3068 RSS 1.08254e-09
50.3091 RSS 4.41361e-13
--
Received one packet! Socket: 10.1.1.1 port: 49153 at time = 50.3091
--
50.405 RSS 1.08254e-09
50.4073 RSS -1.07896e-09
50.4073 PRSS 1.1143e-09
--
Received one packet! Socket: 10.1.1.1 port: 49153 at time = 50.4073
--
50.5036 RSS 1.08254e-09
50.5059 RSS 1.07985e-09
50.5059 PRSS 3.20299e-09
--
Received one packet! Socket: 10.1.1.1 port: 49153 at time = 50.5059
--
50.6029 RSS 1.08254e-09
50.6052 RSS 1.07985e-09
50.6052 PRSS 1.75337e-09
--
Received one packet! Socket: 10.1.1.1 port: 49153 at time = 50.6052
--
50.7052 RSS 1.07985e-09
50.7116 RSS 1.08254e-09
50.714 RSS 1.07985e-09
50.714 PRSS 1.46227e-09
--
Received one packet! Socket: 10.1.1.1 port: 49153 at time = 50.714
--
50.8027 RSS 1.08254e-09
50.805 RSS 4.41361e-13
50.805 PRSS 2.14534e-09
--
Received one packet! Socket: 10.1.1.1 port: 49153 at time = 50.805
--
50.905 RSS 1.07985e-09
50.9071 RSS 1.08254e-09
50.9094 RSS -1.07896e-09
50.9094 PRSS 1.53747e-09
--
Received one packet! Socket: 10.1.1.1 port: 49153 at time = 50.9094
--
51.0117 RSS 1.08254e-09
51.014 RSS 1.07985e-09
51.014 PRSS 2.31099e-09
--
Received one packet! Socket: 10.1.1.1 port: 49153 at time = 51.014
--
51.1009 RSS 1.08254e-09
51.1032 RSS 4.41361e-13
51.1032 PRSS 2.42875e-09
--
Received one packet! Socket: 10.1.1.1 port: 49153 at time = 51.1032
--
51.202 RSS 1.08254e-09
51.2043 RSS 4.41361e-13
51.2043 PRSS 2.16195e-09
--
Received one packet! Socket: 10.1.1.1 port: 49153 at time = 51.2043
--
51.307 RSS 1.08254e-09
51.3094 RSS 4.41361e-13
--
Received one packet! Socket: 10.1.1.1 port: 49153 at time = 51.3094
--
51.4089 RSS 1.08254e-09
51.4112 RSS -1.07896e-09
51.4112 PRSS 2.40607e-09
--
Received one packet! Socket: 10.1.1.1 port: 49153 at time = 51.4112
--
51.5112 RSS 4.41361e-13
51.5124 RSS 1.08254e-09
51.5147 RSS -1.07896e-09
51.5147 PRSS 1.66505e-09
--
Received one packet! Socket: 10.1.1.1 port: 49153 at time = 51.5147
--
51.6048 RSS 1.08254e-09
51.6071 RSS 1.07985e-09
51.6071 PRSS 2.09089e-09
--
Received one packet! Socket: 10.1.1.1 port: 49153 at time = 51.6071
--
51.7071 RSS 4.41361e-13
51.7101 RSS 1.08254e-09
51.7124 RSS 1.07985e-09
51.7124 PRSS 2.17563e-09
--
Received one packet! Socket: 10.1.1.1 port: 49153 at time = 51.7124
--
51.8048 RSS 1.08254e-09
51.8072 RSS -1.07896e-09
51.8072 PRSS 1.50195e-09
--
Received one packet! Socket: 10.1.1.1 port: 49153 at time = 51.8072
--
51.9072 RSS 1.07985e-09
51.9111 RSS 1.08254e-09
51.9135 RSS 4.41361e-13
51.9135 PRSS 2.16195e-09
--
Received one packet! Socket: 10.1.1.1 port: 49153 at time = 51.9135
--
52.0048 RSS 1.08254e-09
52.0071 RSS 4.41361e-13
--
Received one packet! Socket: 10.1.1.1 port: 49153 at time = 52.0071
--
52.1071 RSS 1.07985e-09
52.1123 RSS 1.08254e-09
52.1146 RSS 1.07985e-09
52.1146 PRSS 2.30389e-09
--
Received one packet! Socket: 10.1.1.1 port: 49153 at time = 52.1146
--
52.2034 RSS 1.08254e-09
52.2057 RSS 1.07985e-09
52.2057 PRSS 1.75322e-09
--
Received one packet! Socket: 10.1.1.1 port: 49153 at time = 52.2057
--
52.3057 RSS 4.41361e-13
52.3093 RSS 1.08254e-09
52.3116 RSS -1.07896e-09
52.3116 PRSS 1.88767e-09
--
Received one packet! Socket: 10.1.1.1 port: 49153 at time = 52.3116
--
52.4104 RSS 1.08254e-09
52.4127 RSS 1.07985e-09
52.4127 PRSS 1.75886e-09
--
Received one packet! Socket: 10.1.1.1 port: 49153 at time = 52.4127
--
52.5126 RSS 1.08254e-09
52.5149 RSS -1.07896e-09
52.5149 PRSS 3.2073e-09
--
Received one packet! Socket: 10.1.1.1 port: 49153 at time = 52.5149
--
52.6149 RSS 4.41361e-13
52.6195 RSS 1.08254e-09
52.6218 RSS 4.41361e-13
52.6218 PRSS 2.16195e-09
--
Received one packet! Socket: 10.1.1.1 port: 49153 at time = 52.6218
--
52.7044 RSS 1.08254e-09
52.7067 RSS 4.41361e-13
52.7067 PRSS 2.45993e-09
--
Received one packet! Socket: 10.1.1.1 port: 49153 at time = 52.7067
--
52.8061 RSS 1.08254e-09
52.8084 RSS 2.15925e-09
52.8084 PRSS 2.35644e-09
--
Received one packet! Socket: 10.1.1.1 port: 49153 at time = 52.8084
--
52.9014 RSS 1.08254e-09
52.9037 RSS 4.41361e-13
52.9037 PRSS 2.86049e-09
--
Received one packet! Socket: 10.1.1.1 port: 49153 at time = 52.9037
--
53.0037 RSS 1.07985e-09
53.0063 RSS 1.08254e-09
53.0086 RSS 1.07985e-09
53.0086 PRSS 2.63769e-09
--
Received one packet! Socket: 10.1.1.1 port: 49153 at time = 53.0086
--
53.1086 RSS 1.07985e-09
53.1103 RSS 1.08254e-09
53.1126 RSS 4.41361e-13
53.1126 PRSS 3.24135e-09
--
Received one packet! Socket: 10.1.1.1 port: 49153 at time = 53.1126
--
53.2096 RSS 1.08254e-09
53.2119 RSS 1.07985e-09
53.2119 PRSS 1.49404e-09
--
Received one packet! Socket: 10.1.1.1 port: 49153 at time = 53.2119
--
53.3007 RSS 1.08254e-09
53.303 RSS -1.07896e-09
53.303 PRSS 1.74062e-09
--
Received one packet! Socket: 10.1.1.1 port: 49153 at time = 53.303
--
53.403 RSS 1.07985e-09
53.4058 RSS 1.08254e-09
53.4081 RSS -1.07896e-09
53.4081 PRSS 1.6547e-09
--
Received one packet! Socket: 10.1.1.1 port: 49153 at time = 53.4081
--
53.5042 RSS 1.08254e-09
53.5065 RSS 1.07985e-09
53.5065 PRSS 1.72853e-09
--
Received one packet! Socket: 10.1.1.1 port: 49153 at time = 53.5065
--
53.6065 RSS 4.41361e-13
53.6102 RSS 1.08254e-09
53.6125 RSS 4.41361e-13
53.6125 PRSS 2.16195e-09
--
Received one packet! Socket: 10.1.1.1 port: 49153 at time = 53.6125
--
53.7058 RSS 1.08254e-09
53.7081 RSS 1.07985e-09
53.7081 PRSS 2.86867e-09
--
Received one packet! Socket: 10.1.1.1 port: 49153 at time = 53.7081
--
53.8046 RSS 1.08254e-09
53.8069 RSS -1.07896e-09
53.8069 PRSS 1.10183e-09
--
Received one packet! Socket: 10.1.1.1 port: 49153 at time = 53.8069
--
53.9069 RSS 1.07985e-09
53.9085 RSS 1.08254e-09
53.9108 RSS 4.41361e-13
53.9108 PRSS 2.49796e-09
--
Received one packet! Socket: 10.1.1.1 port: 49153 at time = 53.9108
--
54.0068 RSS 1.08254e-09
54.0091 RSS 4.41361e-13
54.0091 PRSS 2.16195e-09
--
Received one packet! Socket: 10.1.1.1 port: 49153 at time = 54.0091
--
54.1058 RSS 1.08254e-09
54.1081 RSS 1.07985e-09
54.1081 PRSS 2.73978e-09
--
Received one packet! Socket: 10.1.1.1 port: 49153 at time = 54.1081
--
54.2027 RSS 1.08254e-09
54.205 RSS 4.41361e-13
54.205 PRSS 2.16195e-09
--
Received one packet! Socket: 10.1.1.1 port: 49153 at time = 54.205
--
54.305 RSS 1.07985e-09
54.3104 RSS 1.08254e-09
54.3128 RSS 4.41361e-13
--
Received one packet! Socket: 10.1.1.1 port: 49153 at time = 54.3128
--
54.4028 RSS 1.08254e-09
54.4051 RSS 1.07985e-09
54.4051 PRSS 3.0075e-09
--
Received one packet! Socket: 10.1.1.1 port: 49153 at time = 54.4051
--
54.5039 RSS 1.08254e-09
54.5062 RSS 4.41361e-13
54.5062 PRSS 2.16195e-09
--
Received one packet! Socket: 10.1.1.1 port: 49153 at time = 54.5062
--
54.6068 RSS 1.08254e-09
54.6091 RSS 4.41361e-13
54.6091 PRSS 1.74272e-09
--
Received one packet! Socket: 10.1.1.1 port: 49153 at time = 54.6091
--
54.7047 RSS 1.08254e-09
54.707 RSS 4.41361e-13
54.707 PRSS 3.24135e-09
--
Received one packet! Socket: 10.1.1.1 port: 49153 at time = 54.707
--
54.8059 RSS 1.08254e-09
54.8082 RSS -1.07896e-09
54.8082 PRSS 1.54769e-09
--
Received one packet! Socket: 10.1.1.1 port: 49153 at time = 54.8082
--
54.9033 RSS 1.08254e-09
54.9056 RSS 4.41361e-13
54.9056 PRSS 2.16195e-09
--
Received one packet! Socket: 10.1.1.1 port: 49153 at time = 54.9056
--
55.001 RSS 1.08254e-09
55.0033 RSS 4.41361e-13
--
Received one packet! Socket: 10.1.1.1 port: 49153 at time = 55.0033
--
55.1033 RSS 1.07985e-09
55.1197 RSS 1.08254e-09
55.122 RSS 1.07985e-09
55.122 PRSS 2.55332e-09
--
Received one packet! Socket: 10.1.1.1 port: 49153 at time = 55.122
--
55.2013 RSS 1.08254e-09
55.2036 RSS 4.41361e-13
55.2036 PRSS 2.16195e-09
--
Received one packet! Socket: 10.1.1.1 port: 49153 at time = 55.2036
--
55.3036 RSS 1.07985e-09
55.3101 RSS 1.08254e-09
55.3124 RSS 1.07985e-09
55.3124 PRSS 2.92295e-09
--
Received one packet! Socket: 10.1.1.1 port: 49153 at time = 55.3124
--
55.4028 RSS 1.08254e-09
55.4051 RSS 4.41361e-13
55.4051 PRSS 2.16195e-09
--
Received one packet! Socket: 10.1.1.1 port: 49153 at time = 55.4051
--
55.5034 RSS 1.08254e-09
55.5057 RSS 4.41361e-13
--
Received one packet! Socket: 10.1.1.1 port: 49153 at time = 55.5057
--
55.6057 RSS 1.07985e-09
55.6128 RSS 1.08254e-09
55.6151 RSS 4.41361e-13
--
Received one packet! Socket: 10.1.1.1 port: 49153 at time = 55.6151
--
55.7109 RSS 1.08254e-09
55.7132 RSS 4.41361e-13
--
Received one packet! Socket: 10.1.1.1 port: 49153 at time = 55.7132
--
55.8018 RSS 1.08254e-09
55.8041 RSS -1.07896e-09
55.8041 PRSS 2.88785e-09
--
Received one packet! Socket: 10.1.1.1 port: 49153 at time = 55.8041
--
55.9041 RSS 4.41361e-13
55.9041 RSS 1.08254e-09
55.9064 RSS 1.07985e-09
55.9064 PRSS 1.315e-09
--
Received one packet! Socket: 10.1.1.1 port: 49153 at time = 55.9064
--
56.0057 RSS 1.08254e-09
56.008 RSS -1.07896e-09
56.008 PRSS 1.96695e-09
--
Received one packet! Socket: 10.1.1.1 port: 49153 at time = 56.008
--
56.1061 RSS 1.08254e-09
56.1084 RSS 4.41361e-13
56.1084 PRSS 1.89384e-09
--
Received one packet! Socket: 10.1.1.1 port: 49153 at time = 56.1084
--
56.2038 RSS 1.08254e-09
56.2061 RSS -1.07896e-09
56.2061 PRSS 1.79511e-09
--
Received one packet! Socket: 10.1.1.1 port: 49153 at time = 56.2061
--
56.305 RSS 1.08254e-09
56.3073 RSS 4.41361e-13
56.3073 PRSS 1.76912e-09
--
Received one packet! Socket: 10.1.1.1 port: 49153 at time = 56.3073
--
56.4073 RSS 1.07985e-09
56.4127 RSS 1.08254e-09
56.415 RSS 4.41361e-13
56.415 PRSS 1.64261e-09
--
Received one packet! Socket: 10.1.1.1 port: 49153 at time = 56.415
--
56.5143 RSS 1.08254e-09
56.5166 RSS -1.07896e-09
56.5166 PRSS 1.874e-09
--
Received one packet! Socket: 10.1.1.1 port: 49153 at time = 56.5166
--
56.6027 RSS 1.08254e-09
56.605 RSS 4.41361e-13
56.605 PRSS 2.16195e-09
--
Received one packet! Socket: 10.1.1.1 port: 49153 at time = 56.605
--
56.7081 RSS 1.08254e-09
56.7104 RSS -1.07896e-09
56.7104 PRSS 2.09094e-09
--
Received one packet! Socket: 10.1.1.1 port: 49153 at time = 56.7104
--
56.8042 RSS 1.08254e-09
56.8065 RSS -1.07896e-09
56.8065 PRSS 1.83331e-09
--
Received one packet! Socket: 10.1.1.1 port: 49153 at time = 56.8065
--
56.9001 RSS 1.08254e-09
56.9024 RSS -1.07896e-09
56.9024 PRSS 2.07269e-09
--
Received one packet! Socket: 10.1.1.1 port: 49153 at time = 56.9024
--
57.0024 RSS 4.41361e-13
57.0137 RSS 1.08254e-09
57.016 RSS 4.41361e-13
57.016 PRSS 2.16195e-09
--
Received one packet! Socket: 10.1.1.1 port: 49153 at time = 57.016
--
57.116 RSS 1.07985e-09
57.1161 RSS 1.08254e-09
57.1185 RSS 4.41361e-13
--
Received one packet! Socket: 10.1.1.1 port: 49153 at time = 57.1185
--
57.2044 RSS 1.08254e-09
57.2067 RSS 4.41361e-13
--
Received one packet! Socket: 10.1.1.1 port: 49153 at time = 57.2067
--
57.3067 RSS -1.07896e-09
57.3068 RSS 1.08254e-09
57.3091 RSS 1.07985e-09
57.3091 PRSS 1.90879e-09
--
Received one packet! Socket: 10.1.1.1 port: 49153 at time = 57.3091
--
57.4091 RSS 4.41361e-13
57.4094 RSS 1.08254e-09
57.4117 RSS 4.41361e-13
57.4117 PRSS 2.45109e-09
--
Received one packet! Socket: 10.1.1.1 port: 49153 at time = 57.4117
--
57.508 RSS 1.08254e-09
57.5103 RSS -1.07896e-09
57.5103 PRSS 3.08597e-09
--
Received one packet! Socket: 10.1.1.1 port: 49153 at time = 57.5103
--
57.6046 RSS 1.08254e-09
57.6069 RSS 4.41361e-13
57.6069 PRSS 2.16195e-09
--
Received one packet! Socket: 10.1.1.1 port: 49153 at time = 57.6069
--
57.7069 RSS 1.07985e-09
57.7143 RSS 1.08254e-09
57.7166 RSS 4.41361e-13
--
Received one packet! Socket: 10.1.1.1 port: 49153 at time = 57.7166
--
57.8051 RSS 1.08254e-09
57.8074 RSS 4.41361e-13
--
Received one packet! Socket: 10.1.1.1 port: 49153 at time = 57.8074
--
57.9074 RSS 1.07985e-09
57.9079 RSS 1.08254e-09
57.9102 RSS -1.07896e-09
57.9102 PRSS 3.0567e-09
--
Received one packet! Socket: 10.1.1.1 port: 49153 at time = 57.9102
--
58.0098 RSS 1.08254e-09
58.0121 RSS 4.41361e-13
58.0121 PRSS 1.89292e-09
--
Received one packet! Socket: 10.1.1.1 port: 49153 at time = 58.0121
--
58.1045 RSS 1.08254e-09
58.1068 RSS 4.41361e-13
58.1068 PRSS 2.47767e-09
--
Received one packet! Socket: 10.1.1.1 port: 49153 at time = 58.1068
--
58.2033 RSS 1.08254e-09
58.2056 RSS -1.07896e-09
58.2056 PRSS 1.56735e-09
--
Received one packet! Socket: 10.1.1.1 port: 49153 at time = 58.2056
--
58.3056 RSS 1.07985e-09
58.3112 RSS 1.08254e-09
58.3135 RSS 4.41361e-13
58.3135 PRSS 2.16195e-09
--
Received one packet! Socket: 10.1.1.1 port: 49153 at time = 58.3135
--
58.4105 RSS 1.08254e-09
58.4129 RSS 1.07985e-09
58.4129 PRSS 3.06807e-09
--
Received one packet! Socket: 10.1.1.1 port: 49153 at time = 58.4129
--
58.511 RSS 1.08254e-09
58.5133 RSS 1.07985e-09
58.5133 PRSS 1.32734e-09
--
Received one packet! Socket: 10.1.1.1 port: 49153 at time = 58.5133
--
58.6009 RSS 1.08254e-09
58.6032 RSS -1.07896e-09
58.6032 PRSS 2.23317e-09
--
Received one packet! Socket: 10.1.1.1 port: 49153 at time = 58.6032
--
58.7032 RSS 4.41361e-13
58.7106 RSS 1.08254e-09
58.7129 RSS 4.41361e-13
58.7129 PRSS 2.15047e-09
--
Received one packet! Socket: 10.1.1.1 port: 49153 at time = 58.7129
--
58.8046 RSS 1.08254e-09
58.807 RSS 1.07985e-09
58.807 PRSS 2.72851e-09
--
Received one packet! Socket: 10.1.1.1 port: 49153 at time = 58.807
--
58.9015 RSS 1.08254e-09
58.9038 RSS 4.41361e-13
58.9038 PRSS 2.16195e-09
--
Received one packet! Socket: 10.1.1.1 port: 49153 at time = 58.9038
--
59.0038 RSS -1.07896e-09
59.0158 RSS 1.08254e-09
59.0181 RSS 4.41361e-13
--
Received one packet! Socket: 10.1.1.1 port: 49153 at time = 59.0181
--
59.1181 RSS 1.07985e-09
59.1189 RSS 1.08254e-09
59.1212 RSS -1.07896e-09
59.1212 PRSS 3.09546e-09
--
Received one packet! Socket: 10.1.1.1 port: 49153 at time = 59.1212
--
59.2032 RSS 1.08254e-09
59.2055 RSS -1.07896e-09
59.2055 PRSS 2.02191e-09
--
Received one packet! Socket: 10.1.1.1 port: 49153 at time = 59.2055
--
59.3055 RSS 4.41361e-13
59.3078 RSS 1.08254e-09
59.3101 RSS -1.07896e-09
59.3101 PRSS 1.24265e-09
--
Received one packet! Socket: 10.1.1.1 port: 49153 at time = 59.3101
--
59.4101 RSS 1.07985e-09
59.4148 RSS 1.08254e-09
59.4171 RSS -1.07896e-09
59.4171 PRSS 2.16195e-09
--
Received one packet! Socket: 10.1.1.1 port: 49153 at time = 59.4171
--
59.5096 RSS 1.08254e-09
59.5119 RSS 4.41361e-13
--
Received one packet! Socket: 10.1.1.1 port: 49153 at time = 59.5119
--
59.6127 RSS 1.08254e-09
59.615 RSS -1.07896e-09
59.615 PRSS 2.54402e-09
--
Received one packet! Socket: 10.1.1.1 port: 49153 at time = 59.615
--
59.7028 RSS 1.08254e-09
59.7051 RSS 1.07985e-09
59.7051 PRSS 3.24135e-09
--
Received one packet! Socket: 10.1.1.1 port: 49153 at time = 59.7051
--
59.8051 RSS 1.07985e-09
59.806 RSS 1.08254e-09
59.8083 RSS 4.41361e-13
59.8083 PRSS 2.16195e-09
--
Received one packet! Socket: 10.1.1.1 port: 49153 at time = 59.8083
--
59.9057 RSS 1.08254e-09
59.908 RSS 4.41361e-13
59.908 PRSS 1.08254e-09
--
Received one packet! Socket: 10.1.1.1 port: 49153 at time = 59.908
--
Actual PDR = 1
Actual RSS = 2.15925e-09
Actual Average Packet RSS = 3.24135e-09
