0 RSS 4.41361e-13
0.00121738 RSS 1.08254e-09
0.00352138 RSS 4.41361e-13
0.00352138 PRSS 0.0050357
0.102164 RSS 1.08254e-09
0.104468 RSS 4.41361e-13
0.202825 RSS 1.08254e-09
0.205129 RSS -0.0050357
0.205129 PRSS 0.00338832
0.30248 RSS 1.08254e-09
0.304784 RSS 4.41361e-13
0.304784 PRSS 0.00633157
0.403958 RSS 1.08254e-09
0.406262 RSS 4.41361e-13
0.406262 PRSS 0.0050357
0.500655 RSS 1.08254e-09
0.502959 RSS 4.41361e-13
0.502959 PRSS 0.00823612
0.600699 RSS 1.08254e-09
0.603003 RSS -0.0050357
0.603003 PRSS 0.00577904
0.703003 RSS 0.0050357
0.704718 RSS 1.08254e-09
0.707022 RSS -0.0100714
0.707022 PRSS 0.00456536
0.804654 RSS 1.08254e-09
0.806958 RSS 0.0050357
0.806958 PRSS 0.0100714
0.902031 RSS 1.08254e-09
0.904335 RSS 4.41361e-13
0.904335 PRSS 0.0050357
1.00126 RSS 1.08254e-09
1.00357 RSS -0.0050357
1.10286 RSS 1.08254e-09
1.10516 RSS 0.0050357
1.10516 PRSS 0.000580233
1.20389 RSS 1.08254e-09
1.20619 RSS 4.41361e-13
1.20619 PRSS 0.00497107
1.30394 RSS 1.08254e-09
1.30625 RSS 4.41361e-13
1.30625 PRSS 1.08254e-09
--
Received one packet! Socket: 10.1.1.1 port: 49153 at time = 1.30625
--
1.40331 RSS 1.08254e-09
1.40562 RSS 4.41361e-13
1.40562 PRSS 0.00725732
1.50011 RSS 1.08254e-09
1.50242 RSS 4.41361e-13
1.50242 PRSS 0.0050357
1.60242 RSS 0.0050357
1.60288 RSS 1.08254e-09
1.60518 RSS -0.0050357
1.60518 PRSS 0.00727967
1.70267 RSS 1.08254e-09
1.70498 RSS 4.41361e-13
1.70498 PRSS 0.0050357
1.80467 RSS 1.08254e-09
1.80697 RSS -0.0050357
1.80697 PRSS 0.0062621
1.90238 RSS 1.08254e-09
1.90469 RSS 4.41361e-13
1.90469 PRSS 0.000612559
2.00251 RSS 1.08254e-09
2.00482 RSS 0.0050357
2.00482 PRSS 0.00381431
2.10255 RSS 1.08254e-09
2.10486 RSS 0.0050357
2.10486 PRSS 0.00938629
2.20072 RSS 1.08254e-09
2.20302 RSS -0.0050357
2.20302 PRSS 0.00741224
2.30453 RSS 1.08254e-09
2.30684 RSS 4.41361e-13
2.30684 PRSS 0.0050357
2.40261 RSS 1.08254e-09
2.40491 RSS -0.0050357
2.40491 PRSS 0.00507605
2.50096 RSS 1.08254e-09
2.50326 RSS 4.41361e-13
2.50326 PRSS 0.0050357
2.60309 RSS 1.08254e-09
2.60539 RSS 4.41361e-13
2.60539 PRSS 0.0100714
2.70459 RSS 1.08254e-09
2.70689 RSS 4.41361e-13
2.70689 PRSS 0.0050357
2.80235 RSS 1.08254e-09
2.80465 RSS -0.0050357
2.80465 PRSS 0.00634508
2.90327 RSS 1.08254e-09
2.90557 RSS -0.0050357
2.90557 PRSS 0.00379966
3.00104 RSS 1.08254e-09
3.00334 RSS 4.41361e-13
3.00334 PRSS 0.000416165
3.10334 RSS 4.41361e-13
3.10405 RSS 1.08254e-09
3.10636 RSS 4.41361e-13
3.10636 PRSS 0.00350088
3.20052 RSS 1.08254e-09
3.20282 RSS -0.0050357
3.20282 PRSS 0.00602457
3.30061 RSS 1.08254e-09
3.30292 RSS -0.0050357
3.30292 PRSS 0.00696886
3.40197 RSS 1.08254e-09
3.40428 RSS -0.0050357
3.40428 PRSS 0.0100608
3.50296 RSS 1.08254e-09
3.50527 RSS -0.0050357
3.50527 PRSS 0.0050357
3.60331 RSS 1.08254e-09
3.60562 RSS 4.41361e-13
3.70236 RSS 1.08254e-09
3.70467 RSS -0.0050357
3.70467 PRSS 0.00271125
3.80431 RSS 1.08254e-09
3.80662 RSS 4.41361e-13
3.80662 PRSS 0.0050357
3.9011 RSS 1.08254e-09
3.9034 RSS 0.0050357
3.9034 PRSS 0.00880996
4.00062 RSS 1.08254e-09
4.00292 RSS 0.0050357
4.00292 PRSS 0.00298904
4.10363 RSS 1.08254e-09
4.10593 RSS -0.0050357
4.10593 PRSS 0.00602533
4.20114 RSS 1.08254e-09
4.20345 RSS 0.0050357
4.20345 PRSS 0.0080969
4.30345 RSS 4.41361e-13
4.30477 RSS 1.08254e-09
4.30707 RSS 4.41361e-13
4.30707 PRSS 1.08254e-09
--
Received one packet! Socket: 10.1.1.1 port: 49153 at time = 4.30707
--
4.40414 RSS 1.08254e-09
4.40644 RSS -0.0050357
4.40644 PRSS 0.00584849
4.50033 RSS 1.08254e-09
4.50263 RSS -0.0050357
4.50263 PRSS 0.0026394
4.60469 RSS 1.08254e-09
4.60699 RSS 4.41361e-13
4.60699 PRSS 0.0050357
4.70185 RSS 1.08254e-09
4.70415 RSS 4.41361e-13
4.8004 RSS 1.08254e-09
4.80271 RSS 4.41361e-13
4.90105 RSS 1.08254e-09
4.90335 RSS -0.0050357
4.90335 PRSS 0.00381059
5.00335 RSS 4.41361e-13
5.00393 RSS 1.08254e-09
5.00623 RSS -0.0050357
5.00623 PRSS 0.0046863
5.1022 RSS 1.08254e-09
5.10451 RSS 4.41361e-13
5.10451 PRSS 0.0050357
5.20268 RSS 1.08254e-09
5.20498 RSS 0.0050357
5.20498 PRSS 0.00814317
5.30234 RSS 1.08254e-09
5.30465 RSS 0.0050357
5.30465 PRSS 0.00554289
5.40384 RSS 1.08254e-09
5.40614 RSS 0.0050357
5.40614 PRSS 0.00677019
5.50349 RSS 1.08254e-09
5.50579 RSS 0.0050357
5.50579 PRSS 0.00926393
5.60275 RSS 1.08254e-09
5.60505 RSS 4.41361e-13
5.60505 PRSS 0.00349811
5.70456 RSS 1.08254e-09
5.70687 RSS -0.0100714
5.70687 PRSS 0.00400579
5.80046 RSS 1.08254e-09
5.80276 RSS 4.41361e-13
5.80276 PRSS 0.003715
5.90276 RSS 4.41361e-13
5.90489 RSS 1.08254e-09
5.90719 RSS 0.0050357
5.90719 PRSS 0.000510945
6.00457 RSS 1.08254e-09
6.00688 RSS -0.0050357
6.00688 PRSS 0.00891866
6.1034 RSS 1.08254e-09
6.1057 RSS 4.41361e-13
6.1057 PRSS 0.0050357
6.20374 RSS 1.08254e-09
6.20604 RSS -0.0050357
6.20604 PRSS 0.00442297
6.30411 RSS 1.08254e-09
6.30641 RSS 4.41361e-13
6.30641 PRSS 0.0100714
6.40045 RSS 1.08254e-09
6.40275 RSS 4.41361e-13
6.40275 PRSS 0.0050357
6.50275 RSS 4.41361e-13
6.50398 RSS 1.08254e-09
6.50628 RSS 0.0050357
6.50628 PRSS 0.00343932
6.60263 RSS 1.08254e-09
6.60493 RSS 0.0100714
6.60493 PRSS 0.00258688
6.7024 RSS 1.08254e-09
6.7047 RSS 0.0050357
6.7047 PRSS 0.0050357
6.80112 RSS 1.08254e-09
6.80342 RSS -0.0050357
6.80342 PRSS 0.00117862
6.90019 RSS 1.08254e-09
6.9025 RSS 0.0050357
6.9025 PRSS 0.00577394
7.0025 RSS 4.41361e-13
7.00471 RSS 1.08254e-09
7.00701 RSS 4.41361e-13
7.00701 PRSS 0.0050357
7.10145 RSS 1.08254e-09
7.10375 RSS 4.41361e-13
7.20078 RSS 1.08254e-09
7.20309 RSS 4.41361e-13
7.30309 RSS 0.0050357
7.30375 RSS 1.08254e-09
7.30605 RSS 4.41361e-13
7.40434 RSS 1.08254e-09
7.40664 RSS 0.0050357
7.40664 PRSS 0.0086685
7.50097 RSS 1.08254e-09
7.50327 RSS -0.0050357
7.50327 PRSS 0.00473619
7.60327 RSS 0.0050357
7.60471 RSS 1.08254e-09
7.60702 RSS -0.0050357
7.60702 PRSS 0.00600502
7.70307 RSS 1.08254e-09
7.70538 RSS 0.0050357
7.70538 PRSS 0.0050357
7.80353 RSS 1.08254e-09
7.80583 RSS 4.41361e-13
7.80583 PRSS 0.00793431
7.90349 RSS 1.08254e-09
7.90579 RSS 4.41361e-13
7.90579 PRSS 1.08254e-09
--
Received one packet! Socket: 10.1.1.1 port: 49153 at time = 7.90579
--
8.0025 RSS 1.08254e-09
8.0048 RSS 4.41361e-13
--
Received one packet! Socket: 10.1.1.1 port: 49153 at time = 8.0048
--
8.10047 RSS 1.08254e-09
8.10278 RSS 4.41361e-13
8.10278 PRSS 0.00697825
8.20058 RSS 1.08254e-09
8.20289 RSS 4.41361e-13
8.20289 PRSS 0.00237877
8.30154 RSS 1.08254e-09
8.30384 RSS -0.0050357
8.30384 PRSS 0.00307384
8.4038 RSS 1.08254e-09
8.40611 RSS 4.41361e-13
8.40611 PRSS 0.00555036
8.50352 RSS 1.08254e-09
8.50582 RSS 4.41361e-13
8.50582 PRSS 0.0050357
8.60402 RSS 1.08254e-09
8.60632 RSS -0.0050357
8.60632 PRSS 1.08254e-09
--
Received one packet! Socket: 10.1.1.1 port: 49153 at time = 8.60632
--
8.70099 RSS 1.08254e-09
8.70329 RSS 4.41361e-13
8.70329 PRSS 0.0050357
8.8008 RSS 1.08254e-09
8.80311 RSS -0.0050357
8.80311 PRSS 0.00957314
8.90055 RSS 1.08254e-09
8.90285 RSS -0.0050357
8.90285 PRSS 0.0061946
9.00189 RSS 1.08254e-09
9.0042 RSS -0.0100714
9.0042 PRSS 0.00273409
9.10186 RSS 1.08254e-09
9.10416 RSS 4.41361e-13
9.10416 PRSS 1.08254e-09
--
Received one packet! Socket: 10.1.1.1 port: 49153 at time = 9.10416
--
9.20366 RSS 1.08254e-09
9.20597 RSS 4.41361e-13
9.20597 PRSS 0.0050357
9.30213 RSS 1.08254e-09
9.30443 RSS 4.41361e-13
9.30443 PRSS 0.00482709
9.40075 RSS 1.08254e-09
9.40306 RSS 0.0050357
9.40306 PRSS 0.00246716
9.50292 RSS 1.08254e-09
9.50523 RSS 4.41361e-13
9.50523 PRSS 0.0100714
9.60468 RSS 1.08254e-09
9.60698 RSS 0.0050357
9.60698 PRSS 0.00806674
9.70345 RSS 1.08254e-09
9.70575 RSS 4.41361e-13
9.70575 PRSS 0.00377743
9.80207 RSS 1.08254e-09
9.80437 RSS -0.0050357
9.80437 PRSS 0.00429017
9.90437 RSS 0.0050357
9.90468 RSS 1.08254e-09
9.90698 RSS 4.41361e-13
9.90698 PRSS 0.0050357
10.0049 RSS 1.08254e-09
10.0072 RSS 4.41361e-13
10.1028 RSS 1.08254e-09
10.1051 RSS 4.41361e-13
10.2045 RSS 1.08254e-09
10.2068 RSS -0.0050357
10.2068 PRSS 0.00407564
10.3028 RSS 1.08254e-09
10.3051 RSS 0.0050357
10.3051 PRSS 5.62541e-05
10.4002 RSS 1.08254e-09
10.4025 RSS 4.41361e-13
10.4025 PRSS 0.0050357
10.5014 RSS 1.08254e-09
10.5037 RSS 4.41361e-13
10.6008 RSS 1.08254e-09
10.6031 RSS 4.41361e-13
10.7014 RSS 1.08254e-09
10.7037 RSS 0.0050357
10.7037 PRSS 0.00607295
10.8014 RSS 1.08254e-09
10.8037 RSS 4.41361e-13
10.8037 PRSS 0.00977166
10.9011 RSS 1.08254e-09
10.9034 RSS 0.0050357
10.9034 PRSS 0.00298333
11.0029 RSS 1.08254e-09
11.0052 RSS 0.0050357
11.0052 PRSS 0.00976087
11.1001 RSS 1.08254e-09
11.1024 RSS -0.0050357
11.1024 PRSS 0.00181602
11.2005 RSS 1.08254e-09
11.2028 RSS 4.41361e-13
11.2028 PRSS 0.0100714
11.3028 RSS 4.41361e-13
11.3035 RSS 1.08254e-09
11.3059 RSS 0.0050357
11.3059 PRSS 0.00324957
11.4018 RSS 1.08254e-09
11.4041 RSS -0.0050357
11.4041 PRSS 0.00483972
11.5041 RSS 4.41361e-13
11.5047 RSS 1.08254e-09
11.507 RSS -0.0050357
11.507 PRSS 0.00175095
11.6046 RSS 1.08254e-09
11.6069 RSS -0.0050357
11.6069 PRSS 0.00128832
11.7023 RSS 1.08254e-09
11.7046 RSS 0.0050357
11.7046 PRSS 0.00877451
11.8028 RSS 1.08254e-09
11.8051 RSS -0.0050357
11.8051 PRSS 0.00385514
11.9034 RSS 1.08254e-09
11.9058 RSS 0.0050357
11.9058 PRSS 0.00534127
12.0035 RSS 1.08254e-09
12.0058 RSS -0.0050357
12.0058 PRSS 0.0015856
12.1037 RSS 1.08254e-09
12.106 RSS 4.41361e-13
12.106 PRSS 0.00635901
12.2039 RSS 1.08254e-09
12.2062 RSS 4.41361e-13
12.2062 PRSS 0.0050357
12.3037 RSS 1.08254e-09
12.306 RSS 4.41361e-13
12.4045 RSS 1.08254e-09
12.4068 RSS 4.41361e-13
12.4068 PRSS 1.08254e-09
--
Received one packet! Socket: 10.1.1.1 port: 49153 at time = 12.4068
--
12.5041 RSS 1.08254e-09
12.5064 RSS 0.0050357
12.5064 PRSS 0.00502575
12.604 RSS 1.08254e-09
12.6063 RSS -0.0050357
12.6063 PRSS 0.00485584
12.7005 RSS 1.08254e-09
12.7028 RSS 0.0050357
12.7028 PRSS 0.00238965
12.8014 RSS 1.08254e-09
12.8037 RSS 4.41361e-13
12.8037 PRSS 0.0050357
12.9023 RSS 1.08254e-09
12.9046 RSS 4.41361e-13
13.0037 RSS 1.08254e-09
13.006 RSS -0.0050357
13.006 PRSS 0.00690441
13.1003 RSS 1.08254e-09
13.1026 RSS 0.0050357
13.1026 PRSS 0.00123939
13.2024 RSS 1.08254e-09
13.2047 RSS 4.41361e-13
13.2047 PRSS 0.0050357
13.3024 RSS 1.08254e-09
13.3047 RSS 0.0050357
13.3047 PRSS 0.00686863
13.4038 RSS 1.08254e-09
13.4061 RSS 4.41361e-13
13.4061 PRSS 0.0050357
13.5023 RSS 1.08254e-09
13.5046 RSS 4.41361e-13
13.6032 RSS 1.08254e-09
13.6055 RSS 0.0050357
13.6055 PRSS 0.00554678
13.7014 RSS 1.08254e-09
13.7037 RSS -0.0050357
13.7037 PRSS 0.00200141
13.8027 RSS 1.08254e-09
13.805 RSS 4.41361e-13
13.805 PRSS 0.0100714
13.9013 RSS 1.08254e-09
13.9036 RSS 4.41361e-13
13.9036 PRSS 0.00465805
14.0021 RSS 1.08254e-09
14.0044 RSS 0.0050357
14.0044 PRSS 0.00536594
14.1019 RSS 1.08254e-09
14.1042 RSS 4.41361e-13
14.1042 PRSS 1.08254e-09
--
Received one packet! Socket: 10.1.1.1 port: 49153 at time = 14.1042
--
14.2021 RSS 1.08254e-09
14.2044 RSS 4.41361e-13
14.2044 PRSS 0.00400043
14.3044 RSS 0.0050357
14.3049 RSS 1.08254e-09
14.3072 RSS 0.0050357
14.3072 PRSS 0.00687783
14.4034 RSS 1.08254e-09
14.4057 RSS -0.0050357
14.4057 PRSS 0.00162821
14.5015 RSS 1.08254e-09
14.5038 RSS 4.41361e-13
14.5038 PRSS 0.0050357
14.6031 RSS 1.08254e-09
14.6054 RSS 0.0050357
14.7007 RSS 1.08254e-09
14.703 RSS 0.0050357
14.703 PRSS 0.00116402
14.8036 RSS 1.08254e-09
14.8059 RSS 4.41361e-13
14.8059 PRSS 0.00462565
14.9034 RSS 1.08254e-09
14.9057 RSS 4.41361e-13
14.9057 PRSS 0.0050357
15.0042 RSS 1.08254e-09
15.0065 RSS 0.0050357
15.0065 PRSS 0.00590603
15.1036 RSS 1.08254e-09
15.1059 RSS -0.0050357
15.1059 PRSS 0.00254611
15.2046 RSS 1.08254e-09
15.2069 RSS 0.0050357
15.2069 PRSS 0.00214918
15.3035 RSS 1.08254e-09
15.3058 RSS 0.0050357
15.3058 PRSS 0.0037162
15.4037 RSS 1.08254e-09
15.406 RSS 0.0050357
15.406 PRSS 0.00498136
15.504 RSS 1.08254e-09
15.5063 RSS 4.41361e-13
15.5063 PRSS 1.08254e-09
--
Received one packet! Socket: 10.1.1.1 port: 49153 at time = 15.5063
--
15.6036 RSS 1.08254e-09
15.6059 RSS 0.0050357
15.6059 PRSS 0.00894379
15.7042 RSS 1.08254e-09
15.7065 RSS 4.41361e-13
15.7065 PRSS 0.0050357
15.8001 RSS 1.08254e-09
15.8024 RSS 4.41361e-13
15.9011 RSS 1.08254e-09
15.9034 RSS 4.41361e-13
16.0019 RSS 1.08254e-09
16.0042 RSS -0.0050357
16.0042 PRSS 0.00021742
16.1002 RSS 1.08254e-09
16.1025 RSS 0.0050357
16.1025 PRSS 0.00934368
16.2025 RSS -0.0050357
16.2033 RSS 1.08254e-09
16.2056 RSS 4.41361e-13
16.2056 PRSS 0.0050357
16.3013 RSS 1.08254e-09
16.3036 RSS 4.41361e-13
16.4036 RSS 0.0050357
16.4043 RSS 1.08254e-09
16.4066 RSS 0.0050357
16.4066 PRSS 0.00297602
16.5014 RSS 1.08254e-09
16.5037 RSS 4.41361e-13
16.5037 PRSS 0.0050357
16.6034 RSS 1.08254e-09
16.6057 RSS 4.41361e-13
16.6057 PRSS 0.00452464
16.7005 RSS 1.08254e-09
16.7028 RSS 4.41361e-13
16.7028 PRSS 0.00472289
16.8002 RSS 1.08254e-09
16.8025 RSS 0.0050357
16.8025 PRSS 0.00671199
16.9025 RSS -0.0050357
16.9027 RSS 1.08254e-09
16.905 RSS 0.0050357
16.905 PRSS 0.00361856
17.0049 RSS 1.08254e-09
17.0072 RSS -0.0050357
17.0072 PRSS 0.00163298
17.1005 RSS 1.08254e-09
17.1028 RSS 4.41361e-13
17.1028 PRSS 0.00769719
17.2028 RSS 4.41361e-13
17.2047 RSS 1.08254e-09
17.207 RSS 4.41361e-13
17.207 PRSS 0.0050357
17.3036 RSS 1.08254e-09
17.3059 RSS 4.41361e-13
17.4037 RSS 1.08254e-09
17.406 RSS -0.0050357
17.406 PRSS 0.00455744
17.5012 RSS 1.08254e-09
17.5035 RSS 0.0050357
17.5035 PRSS 0.005582
17.6002 RSS 1.08254e-09
17.6025 RSS 4.41361e-13
17.6025 PRSS 0.0050357
17.7025 RSS 0.0050357
17.7044 RSS 1.08254e-09
17.7067 RSS -0.0050357
17.7067 PRSS 0.00405538
17.802 RSS 1.08254e-09
17.8043 RSS 0.0050357
17.8043 PRSS 0.00300716
17.9023 RSS 1.08254e-09
17.9046 RSS 4.41361e-13
17.9046 PRSS 0.0050357
18.0046 RSS 0.0050357
18.005 RSS 1.08254e-09
18.0073 RSS -0.0100714
18.0073 PRSS 0.00277064
18.1043 RSS 1.08254e-09
18.1066 RSS 4.41361e-13
18.1066 PRSS 0.0050357
18.2032 RSS 1.08254e-09
18.2055 RSS -0.0050357
18.2055 PRSS 0.00171326
18.3017 RSS 1.08254e-09
18.304 RSS -0.0050357
18.304 PRSS 0.000154471
18.4039 RSS 1.08254e-09
18.4062 RSS 4.41361e-13
18.4062 PRSS 0.0050357
18.5005 RSS 1.08254e-09
18.5028 RSS 4.41361e-13
18.5028 PRSS 0.00272184
18.6004 RSS 1.08254e-09
18.6027 RSS 4.41361e-13
18.6027 PRSS 0.0050357
18.7015 RSS 1.08254e-09
18.7038 RSS 4.41361e-13
18.7038 PRSS 0.000772343
18.8028 RSS 1.08254e-09
18.8051 RSS 0.0050357
18.8051 PRSS 0.000599765
18.9031 RSS 1.08254e-09
18.9054 RSS 4.41361e-13
18.9054 PRSS 0.0050357
19.0027 RSS 1.08254e-09
19.005 RSS 4.41361e-13
19.005 PRSS 0.00631427
19.1001 RSS 1.08254e-09
19.1024 RSS 4.41361e-13
19.1024 PRSS 0.00559151
19.2024 RSS 0.0050357
19.2034 RSS 1.08254e-09
19.2057 RSS 0.0050357
19.2057 PRSS 0.0072999
19.3022 RSS 1.08254e-09
19.3045 RSS 4.41361e-13
19.3045 PRSS 0.0050357
19.4041 RSS 1.08254e-09
19.4064 RSS 4.41361e-13
19.5012 RSS 1.08254e-09
19.5035 RSS 4.41361e-13
19.6035 RSS 4.41361e-13
19.6039 RSS 1.08254e-09
19.6062 RSS 4.41361e-13
19.7031 RSS 1.08254e-09
19.7054 RSS -0.0050357
19.7054 PRSS 0.00250146
19.8047 RSS 1.08254e-09
19.807 RSS 4.41361e-13
19.807 PRSS 0.00786873
19.9034 RSS 1.08254e-09
19.9057 RSS -0.0050357
19.9057 PRSS 0.00631392
20.0023 RSS 1.08254e-09
20.0046 RSS -0.0050357
20.0046 PRSS 0.00777266
20.1034 RSS 1.08254e-09
20.1058 RSS 4.41361e-13
20.1058 PRSS 0.00934616
20.2036 RSS 1.08254e-09
20.2059 RSS 4.41361e-13
20.2059 PRSS 1.08254e-09
--
Received one packet! Socket: 10.1.1.1 port: 49153 at time = 20.2059
--
20.3043 RSS 1.08254e-09
20.3066 RSS 0.0050357
20.3066 PRSS 0.00650798
20.4025 RSS 1.08254e-09
20.4048 RSS -0.0050357
20.4048 PRSS 0.00814931
20.5006 RSS 1.08254e-09
20.5029 RSS -0.0050357
20.5029 PRSS 0.00896051
20.6001 RSS 1.08254e-09
20.6025 RSS 4.41361e-13
20.6025 PRSS 0.00951642
20.7017 RSS 1.08254e-09
20.704 RSS 4.41361e-13
20.704 PRSS 0.000209027
20.8016 RSS 1.08254e-09
20.8039 RSS 4.41361e-13
20.8039 PRSS 0.0050357
20.9031 RSS 1.08254e-09
20.9054 RSS 4.41361e-13
20.9054 PRSS 0.0062485
21.0008 RSS 1.08254e-09
21.0032 RSS 4.41361e-13
21.0032 PRSS 0.0050357
21.1032 RSS 0.0050357
21.1048 RSS 1.08254e-09
21.1071 RSS 4.41361e-13
21.2022 RSS 1.08254e-09
21.2045 RSS 0.0050357
21.2045 PRSS 0.0034929
21.3046 RSS 1.08254e-09
21.3069 RSS 4.41361e-13
21.3069 PRSS 0.0050357
21.402 RSS 1.08254e-09
21.4043 RSS -0.0050357
21.4043 PRSS 0.00223516
21.5041 RSS 1.08254e-09
21.5064 RSS -0.0050357
21.5064 PRSS 0.00343785
21.6014 RSS 1.08254e-09
21.6037 RSS 4.41361e-13
21.6037 PRSS 0.0050357
21.701 RSS 1.08254e-09
21.7033 RSS 0.0050357
21.7033 PRSS 0.00486276
21.8009 RSS 1.08254e-09
21.8032 RSS -0.0050357
21.8032 PRSS 0.00182863
21.9029 RSS 1.08254e-09
21.9052 RSS 4.41361e-13
21.9052 PRSS 0.0050357
22.0039 RSS 1.08254e-09
22.0062 RSS -0.0050357
22.0062 PRSS 0.00123719
22.1039 RSS 1.08254e-09
22.1062 RSS 4.41361e-13
22.1062 PRSS 0.0050357
22.2026 RSS 1.08254e-09
22.2049 RSS 4.41361e-13
22.3039 RSS 1.08254e-09
22.3062 RSS 4.41361e-13
22.4048 RSS 1.08254e-09
22.4071 RSS 4.41361e-13
22.4071 PRSS 1.08254e-09
--
Received one packet! Socket: 10.1.1.1 port: 49153 at time = 22.4071
--
22.5027 RSS 1.08254e-09
22.505 RSS -0.0050357
22.505 PRSS 0.00557159
22.6035 RSS 1.08254e-09
22.6058 RSS 4.41361e-13
22.6058 PRSS 0.0050357
22.7025 RSS 1.08254e-09
22.7048 RSS 0.0050357
22.7048 PRSS 0.00241584
22.8007 RSS 1.08254e-09
22.803 RSS 4.41361e-13
22.803 PRSS 0.00665437
22.9001 RSS 1.08254e-09
22.9024 RSS 0.0050357
22.9024 PRSS 0.00482481
23.0024 RSS -0.0050357
23.0045 RSS 1.08254e-09
23.0068 RSS 0.0050357
23.0068 PRSS 0.00652891
23.1047 RSS 1.08254e-09
23.107 RSS -0.0050357
23.107 PRSS 0.00305072
23.2002 RSS 1.08254e-09
23.2025 RSS 0.0050357
23.2025 PRSS 0.00240096
23.3022 RSS 1.08254e-09
23.3045 RSS -0.0050357
23.3045 PRSS 0.00326547
23.4042 RSS 1.08254e-09
23.4065 RSS 4.41361e-13
23.4065 PRSS 0.00692269
23.5014 RSS 1.08254e-09
23.5037 RSS 4.41361e-13
23.5037 PRSS 0.0100714
23.6021 RSS 1.08254e-09
23.6044 RSS -0.0050357
23.6044 PRSS 0.00355977
23.7027 RSS 1.08254e-09
23.7051 RSS -0.0050357
23.7051 PRSS 0.00631112
23.8009 RSS 1.08254e-09
23.8032 RSS 4.41361e-13
23.8032 PRSS 0.00396738
23.9004 RSS 1.08254e-09
23.9027 RSS 0.0050357
23.9027 PRSS 0.00052048
24.0027 RSS 4.41361e-13
24.0033 RSS 1.08254e-09
24.0056 RSS 0.0050357
24.0056 PRSS 0.00157882
24.103 RSS 1.08254e-09
24.1053 RSS -0.0050357
24.1053 PRSS 0.00701826
24.2035 RSS 1.08254e-09
24.2058 RSS 0.0050357
24.2058 PRSS 0.00527882
24.3039 RSS 1.08254e-09
24.3062 RSS 4.41361e-13
24.3062 PRSS 0.0100714
24.4027 RSS 1.08254e-09
24.405 RSS 0.0050357
24.405 PRSS 0.00730887
24.5007 RSS 1.08254e-09
24.503 RSS 0.0050357
24.503 PRSS 0.00735959
24.6016 RSS 1.08254e-09
24.6039 RSS 4.41361e-13
24.6039 PRSS 0.00183026
24.701 RSS 1.08254e-09
24.7033 RSS 4.41361e-13
24.7033 PRSS 0.0050357
24.8033 RSS 0.0050357
24.8034 RSS 1.08254e-09
24.8057 RSS 4.41361e-13
24.8057 PRSS 0.00224567
24.9027 RSS 1.08254e-09
24.905 RSS 0.0050357
24.905 PRSS 0.00473813
25.0035 RSS 1.08254e-09
25.0058 RSS -0.0050357
25.0058 PRSS 0.00414424
25.1004 RSS 1.08254e-09
25.1027 RSS 0.0050357
25.1027 PRSS 0.00653978
25.2001 RSS 1.08254e-09
25.2024 RSS 0.0050357
25.2024 PRSS 0.0050357
25.3024 RSS 4.41361e-13
25.3026 RSS 1.08254e-09
25.3049 RSS 0.0050357
25.3049 PRSS 0.00182243
25.4008 RSS 1.08254e-09
25.4031 RSS 4.41361e-13
25.4031 PRSS 0.0100714
25.5031 RSS 0.0050357
25.5033 RSS 1.08254e-09
25.5056 RSS 0.0050357
25.5056 PRSS 0.00510588
25.6039 RSS 1.08254e-09
25.6062 RSS 4.41361e-13
25.6062 PRSS 0.00410019
25.7041 RSS 1.08254e-09
25.7064 RSS 4.41361e-13
25.7064 PRSS 0.0050357
25.8039 RSS 1.08254e-09
25.8062 RSS 4.41361e-13
25.9041 RSS 1.08254e-09
25.9064 RSS -0.0050357
25.9064 PRSS 0.00180253
26.0017 RSS 1.08254e-09
26.004 RSS 4.41361e-13
26.004 PRSS 1.08254e-09
--
Received one packet! Socket: 10.1.1.1 port: 49153 at time = 26.004
--
26.1005 RSS 1.08254e-09
26.1028 RSS 0.0050357
26.1028 PRSS 0.00589332
26.2042 RSS 1.08254e-09
26.2065 RSS 4.41361e-13
26.2065 PRSS 1.08254e-09
--
Received one packet! Socket: 10.1.1.1 port: 49153 at time = 26.2065
--
26.3001 RSS 1.08254e-09
26.3024 RSS 4.41361e-13
26.3024 PRSS 0.0050357
26.4 RSS 1.08254e-09
26.4023 RSS 4.41361e-13
26.502 RSS 1.08254e-09
26.5043 RSS 4.41361e-13
26.5043 PRSS 0.00687561
26.6021 RSS 1.08254e-09
26.6044 RSS -0.0050357
26.6044 PRSS 0.00638352
26.7026 RSS 1.08254e-09
26.7049 RSS 0.0050357
26.7049 PRSS 0.0054216
26.8002 RSS 1.08254e-09
26.8025 RSS 0.0050357
26.8025 PRSS 0.00404163
26.9025 RSS 4.41361e-13
26.9043 RSS 1.08254e-09
26.9066 RSS 4.41361e-13
26.9066 PRSS 0.0050357
27.0017 RSS 1.08254e-09
27.004 RSS -0.0100714
27.004 PRSS 0.00496206
27.1011 RSS 1.08254e-09
27.1034 RSS 0.0050357
27.1034 PRSS 0.00665426
27.2024 RSS 1.08254e-09
27.2047 RSS 4.41361e-13
27.2047 PRSS 0.00635682
27.3012 RSS 1.08254e-09
27.3035 RSS -0.0050357
27.3035 PRSS 0.00615417
27.4009 RSS 1.08254e-09
27.4032 RSS 4.41361e-13
27.4032 PRSS 0.0050357
27.5007 RSS 1.08254e-09
27.503 RSS 0.0050357
27.503 PRSS 0.00511258
27.6003 RSS 1.08254e-09
27.6026 RSS 4.41361e-13
27.6026 PRSS 0.0050357
27.7026 RSS 0.0050357
27.7045 RSS 1.08254e-09
27.7068 RSS 4.41361e-13
27.8028 RSS 1.08254e-09
27.8051 RSS 4.41361e-13
27.903 RSS 1.08254e-09
27.9053 RSS 4.41361e-13
28.0012 RSS 1.08254e-09
28.0035 RSS -0.0050357
28.0035 PRSS 0.00441863
28.1035 RSS 0.0050357
28.1037 RSS 1.08254e-09
28.106 RSS -0.0050357
28.106 PRSS 0.00230478
28.2011 RSS 1.08254e-09
28.2034 RSS -0.0050357
28.2034 PRSS 0.00492108
28.3021 RSS 1.08254e-09
28.3044 RSS 0.0050357
28.3044 PRSS 0.00386397
28.4012 RSS 1.08254e-09
28.4035 RSS 0.0050357
28.4035 PRSS 0.00858023
28.5017 RSS 1.08254e-09
28.5041 RSS 4.41361e-13
28.5041 PRSS 0.0050357
28.601 RSS 1.08254e-09
28.6033 RSS 4.41361e-13
28.7022 RSS 1.08254e-09
28.7046 RSS 4.41361e-13
28.7046 PRSS 1.08254e-09
--
Received one packet! Socket: 10.1.1.1 port: 49153 at time = 28.7046
--
28.8041 RSS 1.08254e-09
28.8064 RSS -0.0050357
28.8064 PRSS 0.00326421
28.9004 RSS 1.08254e-09
28.9027 RSS 0.0050357
28.9027 PRSS 0.00396993
29.0035 RSS 1.08254e-09
29.0058 RSS 4.41361e-13
29.0058 PRSS 0.0050357
29.1033 RSS 1.08254e-09
29.1056 RSS 4.41361e-13
29.1056 PRSS 0.00217375
29.2016 RSS 1.08254e-09
29.2039 RSS 4.41361e-13
29.2039 PRSS 0.00161778
29.3039 RSS 4.41361e-13
29.3046 RSS 1.08254e-09
29.3069 RSS 4.41361e-13
29.3069 PRSS 0.00499723
29.4001 RSS 1.08254e-09
29.4024 RSS 0.0050357
29.4024 PRSS 0.00423756
29.5024 RSS -0.0050357
29.5035 RSS 1.08254e-09
29.5058 RSS 0.0050357
29.5058 PRSS 0.00232612
29.6025 RSS 1.08254e-09
29.6048 RSS -0.0050357
29.6048 PRSS 0.00790512
29.703 RSS 1.08254e-09
29.7053 RSS -0.0050357
29.7053 PRSS 0.00306417
29.8036 RSS 1.08254e-09
29.8059 RSS -0.0050357
29.8059 PRSS 0.00780155
29.902 RSS 1.08254e-09
29.9043 RSS -0.0050357
29.9043 PRSS 0.00548133
30.0037 RSS 1.08254e-09
30.006 RSS 0.0050357
30.006 PRSS 0.00607042
30.1027 RSS 1.08254e-09
30.105 RSS 0.0050357
30.105 PRSS 0.0050357
30.2016 RSS 1.08254e-09
30.2039 RSS 4.41361e-13
30.2039 PRSS 0.00628439
30.3039 RSS 0.0050357
30.304 RSS 1.08254e-09
30.3063 RSS 4.41361e-13
30.3063 PRSS 0.0050357
30.4021 RSS 1.08254e-09
30.4044 RSS 0.0050357
30.4044 PRSS 0.00304148
30.5024 RSS 1.08254e-09
30.5047 RSS -0.0050357
30.5047 PRSS 0.00506785
30.6036 RSS 1.08254e-09
30.6059 RSS 4.41361e-13
30.6059 PRSS 0.0050357
30.7002 RSS 1.08254e-09
30.7025 RSS -0.0050357
30.7025 PRSS 0.00114121
30.8013 RSS 1.08254e-09
30.8036 RSS -0.0050357
30.8036 PRSS 0.00724937
30.9021 RSS 1.08254e-09
30.9044 RSS 4.41361e-13
30.9044 PRSS 0.0050357
31.0044 RSS 0.0050357
31.0046 RSS 1.08254e-09
31.0069 RSS 4.41361e-13
31.1006 RSS 1.08254e-09
31.1029 RSS 0.0050357
31.1029 PRSS 0.00857021
31.2014 RSS 1.08254e-09
31.2037 RSS 4.41361e-13
31.2037 PRSS 0.00710772
31.3037 RSS 4.41361e-13
31.3049 RSS 1.08254e-09
31.3072 RSS 4.41361e-13
31.3072 PRSS 0.00340933
31.4021 RSS 1.08254e-09
31.4044 RSS 4.41361e-13
31.4044 PRSS 0.0050357
31.5035 RSS 1.08254e-09
31.5058 RSS 0.0050357
31.5058 PRSS 0.00291403
31.6015 RSS 1.08254e-09
31.6038 RSS 4.41361e-13
31.6038 PRSS 0.0050357
31.7006 RSS 1.08254e-09
31.7029 RSS -0.0050357
31.7029 PRSS 0.00780032
31.8027 RSS 1.08254e-09
31.805 RSS 4.41361e-13
31.805 PRSS 0.0050357
31.9033 RSS 1.08254e-09
31.9056 RSS -0.0100714
31.9056 PRSS 0.00613263
32.0001 RSS 1.08254e-09
32.0024 RSS 4.41361e-13
32.0024 PRSS 1.08254e-09
--
Received one packet! Socket: 10.1.1.1 port: 49153 at time = 32.0024
--
32.1024 RSS 0.0050357
32.104 RSS 1.08254e-09
32.1063 RSS -0.0050357
32.1063 PRSS 0.0050357
32.2002 RSS 1.08254e-09
32.2025 RSS 4.41361e-13
32.3025 RSS 0.0050357
32.3044 RSS 1.08254e-09
32.3067 RSS 0.0050357
32.3067 PRSS 0.00899598
32.4045 RSS 1.08254e-09
32.4068 RSS 4.41361e-13
32.4068 PRSS 0.00810046
32.5037 RSS 1.08254e-09
32.506 RSS 0.0050357
32.506 PRSS 0.00204899
32.6037 RSS 1.08254e-09
32.606 RSS 0.0050357
32.606 PRSS 0.00121991
32.7047 RSS 1.08254e-09
32.707 RSS -0.0050357
32.707 PRSS 0.00401151
32.8028 RSS 1.08254e-09
32.8051 RSS 0.0050357
32.8051 PRSS 0.00831462
32.9041 RSS 1.08254e-09
32.9064 RSS 0.0050357
32.9064 PRSS 0.00760695
33.0005 RSS 1.08254e-09
33.0028 RSS 4.41361e-13
33.0028 PRSS 0.00837086
33.1017 RSS 1.08254e-09
33.104 RSS -0.0050357
33.104 PRSS 0.00774742
33.2017 RSS 1.08254e-09
33.204 RSS 0.0100714
33.204 PRSS 0.00690893
33.304 RSS 4.41361e-13
33.3046 RSS 1.08254e-09
33.3069 RSS 0.0050357
33.3069 PRSS 0.00235192
33.4039 RSS 1.08254e-09
33.4062 RSS 0.0050357
33.4062 PRSS 0.0050357
33.5045 RSS 1.08254e-09
33.5068 RSS -0.0050357
33.5068 PRSS 0.00121197
33.6038 RSS 1.08254e-09
33.6061 RSS 4.41361e-13
33.6061 PRSS 0.0050357
33.704 RSS 1.08254e-09
33.7063 RSS -0.0050357
33.7063 PRSS 0.00641665
33.8039 RSS 1.08254e-09
33.8062 RSS 4.41361e-13
33.8062 PRSS 0.0050357
33.9017 RSS 1.08254e-09
33.904 RSS 4.41361e-13
33.904 PRSS 0.00504067
34.0004 RSS 1.08254e-09
34.0027 RSS 0.0050357
34.0027 PRSS 0.00130282
34.1045 RSS 1.08254e-09
34.1068 RSS 4.41361e-13
34.1068 PRSS 0.00556092
34.205 RSS 1.08254e-09
34.2073 RSS -0.0050357
34.2073 PRSS 1.08254e-09
--
Received one packet! Socket: 10.1.1.1 port: 49153 at time = 34.2073
--
34.3049 RSS 1.08254e-09
34.3072 RSS 0.0050357
34.3072 PRSS 0.00138301
34.4029 RSS 1.08254e-09
34.4052 RSS -0.0050357
34.4052 PRSS 0.00174184
34.5022 RSS 1.08254e-09
34.5045 RSS 0.0050357
34.5045 PRSS 0.000763959
34.6003 RSS 1.08254e-09
34.6026 RSS -0.0050357
34.6026 PRSS 0.000215002
34.7026 RSS 0.0050357
34.7027 RSS 1.08254e-09
34.705 RSS 0.0050357
34.705 PRSS 0.00599812
34.8013 RSS 1.08254e-09
34.8036 RSS 0.0050357
34.8036 PRSS 0.00475101
34.9036 RSS 1.08254e-09
34.9059 RSS 4.41361e-13
34.9059 PRSS 0.00618069
35.0027 RSS 1.08254e-09
35.0051 RSS -0.0050357
35.0051 PRSS 0.00562022
35.1021 RSS 1.08254e-09
35.1044 RSS 0.0050357
35.1044 PRSS 0.00432186
35.2039 RSS 1.08254e-09
35.2063 RSS 4.41361e-13
35.2063 PRSS 0.0050357
35.3023 RSS 1.08254e-09
35.3046 RSS -0.0050357
35.3046 PRSS 0.00772644
35.4008 RSS 1.08254e-09
35.4031 RSS 4.41361e-13
35.4031 PRSS 1.08254e-09
--
Received one packet! Socket: 10.1.1.1 port: 49153 at time = 35.4031
--
35.5011 RSS 1.08254e-09
35.5034 RSS -0.0050357
35.5034 PRSS 0.00396895
35.6034 RSS 0.0050357
35.6036 RSS 1.08254e-09
35.6059 RSS -0.0050357
35.6059 PRSS 0.00460928
35.7049 RSS 1.08254e-09
35.7072 RSS 4.41361e-13
35.7072 PRSS 0.0050357
35.8001 RSS 1.08254e-09
35.8024 RSS -0.0050357
35.8024 PRSS 1.08254e-09
--
Received one packet! Socket: 10.1.1.1 port: 49153 at time = 35.8024
--
35.9024 RSS 0.0050357
35.9048 RSS 1.08254e-09
35.9071 RSS -0.0050357
35.9071 PRSS 0.00424972
36.0025 RSS 1.08254e-09
36.0048 RSS 0.0050357
36.0048 PRSS 0.00260475
36.1009 RSS 1.08254e-09
36.1032 RSS 4.41361e-13
36.1032 PRSS 0.0100714
36.2013 RSS 1.08254e-09
36.2036 RSS -0.0050357
36.2036 PRSS 0.00893281
36.3036 RSS 0.0050357
36.3036 RSS 1.08254e-09
36.3059 RSS 4.41361e-13
36.3059 PRSS 0.0050357
36.4009 RSS 1.08254e-09
36.4032 RSS 4.41361e-13
36.4032 PRSS 0.00240156
36.5023 RSS 1.08254e-09
36.5046 RSS 0.0050357
36.5046 PRSS 0.00130037
36.6031 RSS 1.08254e-09
36.6054 RSS 4.41361e-13
36.6054 PRSS 0.0050357
36.7039 RSS 1.08254e-09
36.7062 RSS -0.0050357
36.7062 PRSS 0.000476159
36.8005 RSS 1.08254e-09
36.8028 RSS 0.0050357
36.8028 PRSS 0.0050357
36.9008 RSS 1.08254e-09
36.9031 RSS -0.0050357
36.9031 PRSS 0.00964241
37.0022 RSS 1.08254e-09
37.0045 RSS 0.0050357
37.0045 PRSS 0.00361041
37.1004 RSS 1.08254e-09
37.1027 RSS 4.41361e-13
37.1027 PRSS 0.0050357
37.2022 RSS 1.08254e-09
37.2045 RSS -0.0050357
37.2045 PRSS 0.00882938
37.3032 RSS 1.08254e-09
37.3055 RSS 0.0050357
37.3055 PRSS 0.0047425
37.4034 RSS 1.08254e-09
37.4057 RSS -0.0050357
37.4057 PRSS 0.00196116
37.5026 RSS 1.08254e-09
37.5049 RSS -0.0050357
37.5049 PRSS 0.00136707
37.6003 RSS 1.08254e-09
37.6026 RSS -0.0050357
37.6026 PRSS 0.00172966
37.7001 RSS 1.08254e-09
37.7024 RSS 4.41361e-13
37.7024 PRSS 0.0088375
37.8024 RSS 0.0050357
37.8038 RSS 1.08254e-09
37.8061 RSS 0.0050357
37.8061 PRSS 0.00783677
37.9049 RSS 1.08254e-09
37.9072 RSS 0.0050357
37.9072 PRSS 0.00167579
38.0012 RSS 1.08254e-09
38.0035 RSS 4.41361e-13
38.0035 PRSS 0.0100714
38.1016 RSS 1.08254e-09
38.1039 RSS 4.41361e-13
38.1039 PRSS 0.00281365
38.2033 RSS 1.08254e-09
38.2056 RSS 4.41361e-13
38.2056 PRSS 0.00198933
38.3036 RSS 1.08254e-09
38.3059 RSS -0.0050357
38.3059 PRSS 0.0014381
38.4019 RSS 1.08254e-09
38.4042 RSS 0.0050357
38.4042 PRSS 0.000693319
38.5021 RSS 1.08254e-09
38.5044 RSS 4.41361e-13
38.5044 PRSS 0.0050357
38.6031 RSS 1.08254e-09
38.6054 RSS 4.41361e-13
38.7048 RSS 1.08254e-09
38.7071 RSS 4.41361e-13
38.803 RSS 1.08254e-09
38.8053 RSS 4.41361e-13
38.9011 RSS 1.08254e-09
38.9034 RSS -0.0050357
38.9034 PRSS 0.00667094
39.0028 RSS 1.08254e-09
39.0051 RSS 4.41361e-13
39.0051 PRSS 0.00671361
39.1037 RSS 1.08254e-09
39.106 RSS 4.41361e-13
39.106 PRSS 0.0050357
39.2009 RSS 1.08254e-09
39.2033 RSS 4.41361e-13
39.2033 PRSS 1.08254e-09
--
Received one packet! Socket: 10.1.1.1 port: 49153 at time = 39.2033
--
39.3022 RSS 1.08254e-09
39.3045 RSS 4.41361e-13
39.3045 PRSS 0.00661765
39.4041 RSS 1.08254e-09
39.4064 RSS 0.0050357
39.4064 PRSS 0.00333328
39.5014 RSS 1.08254e-09
39.5037 RSS 4.41361e-13
39.5037 PRSS 0.0050357
39.6014 RSS 1.08254e-09
39.6037 RSS -0.0050357
39.6037 PRSS 7.29535e-05
39.7025 RSS 1.08254e-09
39.7048 RSS 4.41361e-13
39.7048 PRSS 0.00534621
39.8034 RSS 1.08254e-09
39.8057 RSS -0.0050357
39.8057 PRSS 0.00505303
39.9006 RSS 1.08254e-09
39.9029 RSS 0.0050357
39.9029 PRSS 0.00787959
40.0046 RSS 1.08254e-09
40.0069 RSS 4.41361e-13
40.0069 PRSS 0.0050357
40.104 RSS 1.08254e-09
40.1063 RSS 0.0050357
40.2046 RSS 1.08254e-09
40.2069 RSS 4.41361e-13
40.3001 RSS 1.08254e-09
40.3024 RSS 4.41361e-13
40.4024 RSS 4.41361e-13
40.4036 RSS 1.08254e-09
40.4059 RSS 0.0050357
40.4059 PRSS 0.00792128
40.5013 RSS 1.08254e-09
40.5036 RSS 4.41361e-13
40.5036 PRSS 0.0050357
40.6036 RSS 0.0050357
40.6038 RSS 1.08254e-09
40.6061 RSS -0.0050357
40.6061 PRSS 0.00747686
40.7033 RSS 1.08254e-09
40.7056 RSS 0.0050357
40.7056 PRSS 0.0050357
40.8038 RSS 1.08254e-09
40.8061 RSS 4.41361e-13
40.902 RSS 1.08254e-09
40.9043 RSS -0.0050357
41.0002 RSS 1.08254e-09
41.0025 RSS -0.0050357
41.0025 PRSS 0.00474146
41.101 RSS 1.08254e-09
41.1033 RSS 4.41361e-13
41.1033 PRSS 0.00609698
41.2017 RSS 1.08254e-09
41.204 RSS -0.0050357
41.204 PRSS 0.00568139
41.3031 RSS 1.08254e-09
41.3054 RSS 0.0050357
41.3054 PRSS 0.0093206
41.4035 RSS 1.08254e-09
41.4058 RSS 0.0050357
41.4058 PRSS 0.0050357
41.502 RSS 1.08254e-09
41.5043 RSS 4.41361e-13
41.601 RSS 1.08254e-09
41.6033 RSS 4.41361e-13
41.7029 RSS 1.08254e-09
41.7052 RSS 4.41361e-13
41.7052 PRSS 0.00448479
41.802 RSS 1.08254e-09
41.8043 RSS 4.41361e-13
41.8043 PRSS 0.0100714
41.9043 RSS 4.41361e-13
41.9045 RSS 1.08254e-09
41.9068 RSS -0.0050357
41.9068 PRSS 0.00380172
42.0001 RSS 1.08254e-09
42.0024 RSS 4.41361e-13
42.0024 PRSS 1.08254e-09
--
Received one packet! Socket: 10.1.1.1 port: 49153 at time = 42.0024
--
42.1024 RSS 0.0050357
42.1045 RSS 1.08254e-09
42.1068 RSS -0.0050357
42.1068 PRSS 0.00536829
42.2008 RSS 1.08254e-09
42.2031 RSS 4.41361e-13
42.2031 PRSS 0.0050357
42.3013 RSS 1.08254e-09
42.3036 RSS 4.41361e-13
42.4036 RSS 4.41361e-13
42.4044 RSS 1.08254e-09
42.4067 RSS 0.0050357
42.4067 PRSS 0.00300702
42.5014 RSS 1.08254e-09
42.5037 RSS 4.41361e-13
42.5037 PRSS 0.0050357
42.602 RSS 1.08254e-09
42.6043 RSS 0.0050357
42.6043 PRSS 0.00747316
42.7027 RSS 1.08254e-09
42.705 RSS -0.0050357
42.705 PRSS 0.0050357
42.8029 RSS 1.08254e-09
42.8052 RSS -0.0050357
42.8052 PRSS 0.00728609
42.901 RSS 1.08254e-09
42.9033 RSS -0.0050357
42.9033 PRSS 0.0050357
43.002 RSS 1.08254e-09
43.0043 RSS 4.41361e-13
43.0043 PRSS 1.08254e-09
--
Received one packet! Socket: 10.1.1.1 port: 49153 at time = 43.0043
--
43.1037 RSS 1.08254e-09
43.106 RSS 4.41361e-13
43.106 PRSS 0.00584245
43.2019 RSS 1.08254e-09
43.2042 RSS 4.41361e-13
43.2042 PRSS 0.0050357
43.3042 RSS 0.0050357
43.3048 RSS 1.08254e-09
43.3071 RSS 0.0050357
43.3071 PRSS 0.00563148
43.4029 RSS 1.08254e-09
43.4052 RSS -0.0050357
43.4052 PRSS 0.00599568
43.503 RSS 1.08254e-09
43.5053 RSS 4.41361e-13
43.5053 PRSS 0.0050357
43.6015 RSS 1.08254e-09
43.6038 RSS -0.0100714
43.6038 PRSS 0.0045129
43.7026 RSS 1.08254e-09
43.7049 RSS 4.41361e-13
43.7049 PRSS 0.00177281
43.801 RSS 1.08254e-09
43.8033 RSS 4.41361e-13
43.8033 PRSS 0.0100714
43.901 RSS 1.08254e-09
43.9033 RSS 0.0050357
43.9033 PRSS 0.00162897
44.0033 RSS -0.0050357
44.0047 RSS 1.08254e-09
44.007 RSS 0.0050357
44.007 PRSS 0.00283578
44.1016 RSS 1.08254e-09
44.1039 RSS 4.41361e-13
44.1039 PRSS 0.00178086
44.2039 RSS 0.0050357
44.2039 RSS 1.08254e-09
44.2062 RSS 4.41361e-13
44.2062 PRSS 0.0050357
44.301 RSS 1.08254e-09
44.3033 RSS 4.41361e-13
44.403 RSS 1.08254e-09
44.4053 RSS 0.0050357
44.4053 PRSS 0.00712329
44.5007 RSS 1.08254e-09
44.503 RSS 0.0050357
44.503 PRSS 0.00918823
44.6012 RSS 1.08254e-09
44.6035 RSS 4.41361e-13
44.6035 PRSS 0.00675494
44.7035 RSS 0.0050357
44.705 RSS 1.08254e-09
44.7073 RSS -0.0050357
44.7073 PRSS 0.00314606
44.8032 RSS 1.08254e-09
44.8055 RSS 0.0050357
44.8055 PRSS 0.00198602
44.901 RSS 1.08254e-09
44.9033 RSS 0.0050357
44.9033 PRSS 0.00794559
45.0033 RSS -0.0050357
45.0038 RSS 1.08254e-09
45.0061 RSS 0.0050357
45.0061 PRSS 0.00546173
45.1024 RSS 1.08254e-09
45.1047 RSS 4.41361e-13
45.1047 PRSS 0.00262598
45.2002 RSS 1.08254e-09
45.2025 RSS 0.0050357
45.2025 PRSS 0.0050357
45.3025 RSS -0.0050357
45.3047 RSS 1.08254e-09
45.307 RSS 0.0050357
45.307 PRSS 0.00743046
45.4047 RSS 1.08254e-09
45.407 RSS -0.0050357
45.407 PRSS 0.000675023
45.5039 RSS 1.08254e-09
45.5062 RSS 4.41361e-13
45.5062 PRSS 0.0050357
45.604 RSS 1.08254e-09
45.6063 RSS 4.41361e-13
45.7 RSS 1.08254e-09
45.7023 RSS 4.41361e-13
45.7023 PRSS 0.00149261
45.8023 RSS 0.0050357
45.8025 RSS 1.08254e-09
45.8048 RSS 4.41361e-13
45.8048 PRSS 0.0050357
45.902 RSS 1.08254e-09
45.9043 RSS -0.0050357
45.9043 PRSS 0.00725227
46.0043 RSS 0.0050357
46.0045 RSS 1.08254e-09
46.0068 RSS -0.0050357
46.0068 PRSS 0.00470967
46.1016 RSS 1.08254e-09
46.1039 RSS 4.41361e-13
46.1039 PRSS 0.00341564
46.2039 RSS 4.41361e-13
46.2043 RSS 1.08254e-09
46.2066 RSS 4.41361e-13
46.2066 PRSS 0.00658432
46.3017 RSS 1.08254e-09
46.304 RSS 4.41361e-13
46.304 PRSS 0.0050357
46.4014 RSS 1.08254e-09
46.4037 RSS 0.0050357
46.4037 PRSS 0.00969805
46.5031 RSS 1.08254e-09
46.5054 RSS 4.41361e-13
46.5054 PRSS 0.0050357
46.6014 RSS 1.08254e-09
46.6037 RSS 4.41361e-13
46.7037 RSS 0.0050357
46.7049 RSS 1.08254e-09
46.7072 RSS -0.0050357
46.7072 PRSS 0.00517298
46.8005 RSS 1.08254e-09
46.8028 RSS 4.41361e-13
46.8028 PRSS 0.00740832
46.9017 RSS 1.08254e-09
46.904 RSS -0.0050357
46.904 PRSS 0.00963372
47.004 RSS 0.0050357
47.0045 RSS 1.08254e-09
47.0068 RSS -0.0050357
47.0068 PRSS 0.00274195
47.1031 RSS 1.08254e-09
47.1054 RSS 4.41361e-13
47.1054 PRSS 0.0050357
47.203 RSS 1.08254e-09
47.2053 RSS 0.0050357
47.3047 RSS 1.08254e-09
47.307 RSS -0.0050357
47.307 PRSS 0.00121435
47.4049 RSS 1.08254e-09
47.4072 RSS 0.0050357
47.4072 PRSS 0.0089217
47.5031 RSS 1.08254e-09
47.5054 RSS 4.41361e-13
47.5054 PRSS 0.00511919
47.601 RSS 1.08254e-09
47.6033 RSS 4.41361e-13
47.6033 PRSS 0.00753415
47.7015 RSS 1.08254e-09
47.7038 RSS 4.41361e-13
47.7038 PRSS 0.0050357
47.8012 RSS 1.08254e-09
47.8035 RSS 4.41361e-13
47.8035 PRSS 0.00564983
47.9003 RSS 1.08254e-09
47.9026 RSS 4.41361e-13
47.9026 PRSS 0.0050357
48.0026 RSS -0.0050357
48.0046 RSS 1.08254e-09
48.0069 RSS 0.0100714
48.0069 PRSS 0.00495184
48.1008 RSS 1.08254e-09
48.1031 RSS -0.0050357
48.1031 PRSS 0.00049461
48.2028 RSS 1.08254e-09
48.2051 RSS 0.0050357
48.2051 PRSS 0.00819151
48.3028 RSS 1.08254e-09
48.3051 RSS -0.0050357
48.3051 PRSS 0.00889305
48.4023 RSS 1.08254e-09
48.4046 RSS -0.0050357
48.4046 PRSS 0.00769962
48.5024 RSS 1.08254e-09
48.5047 RSS -0.0050357
48.5047 PRSS 0.00377957
48.6006 RSS 1.08254e-09
48.6029 RSS -0.0050357
48.6029 PRSS 0.00538148
48.7029 RSS 0.0050357
48.7039 RSS 1.08254e-09
48.7062 RSS -0.0050357
48.7062 PRSS 0.005063
48.8036 RSS 1.08254e-09
48.8059 RSS -0.0050357
48.8059 PRSS 0.00578424
48.901 RSS 1.08254e-09
48.9033 RSS 0.0050357
48.9033 PRSS 0.00371392
49.0007 RSS 1.08254e-09
49.003 RSS 4.41361e-13
49.003 PRSS 0.0050357
49.103 RSS 0.0050357
49.1046 RSS 1.08254e-09
49.1069 RSS 4.41361e-13
49.201 RSS 1.08254e-09
49.2033 RSS 0.0050357
49.2033 PRSS 0.00389192
49.3034 RSS 1.08254e-09
49.3057 RSS 4.41361e-13
49.3057 PRSS 0.0050357
49.4025 RSS 1.08254e-09
49.4048 RSS 4.41361e-13
49.4048 PRSS 0.00381027
49.5024 RSS 1.08254e-09
49.5047 RSS 0.0050357
49.5047 PRSS 0.00956041
49.6036 RSS 1.08254e-09
49.6059 RSS 4.41361e-13
49.6059 PRSS 0.0050357
49.7024 RSS 1.08254e-09
49.7047 RSS 4.41361e-13
49.8017 RSS 1.08254e-09
49.804 RSS 4.41361e-13
49.804 PRSS 0.00530081
49.9006 RSS 1.08254e-09
49.9029 RSS 0.0050357
49.9029 PRSS 0.00520904
50.0022 RSS 1.08254e-09
50.0045 RSS 4.41361e-13
50.0045 PRSS 0.0050357
50.1045 RSS 4.41361e-13
50.1046 RSS 1.08254e-09
50.1069 RSS 0.0050357
50.1069 PRSS 0.00188619
50.2013 RSS 1.08254e-09
50.2036 RSS 4.41361e-13
50.2036 PRSS 0.00398585
50.3036 RSS 4.41361e-13
50.3041 RSS 1.08254e-09
50.3064 RSS 4.41361e-13
50.3064 PRSS 0.0050357
50.4045 RSS 1.08254e-09
50.4068 RSS -0.0050357
50.4068 PRSS 0.00127482
50.5036 RSS 1.08254e-09
50.5059 RSS 0.0050357
50.5059 PRSS 0.00989244
50.6029 RSS 1.08254e-09
50.6052 RSS 0.0050357
50.6052 PRSS 0.00312958
50.7007 RSS 1.08254e-09
50.703 RSS -0.0050357
50.703 PRSS 0.00462935
50.802 RSS 1.08254e-09
50.8043 RSS 4.41361e-13
50.8043 PRSS 0.0049582
50.9016 RSS 1.08254e-09
50.9039 RSS 0.0050357
50.9039 PRSS 0.00798574
51.0015 RSS 1.08254e-09
51.0038 RSS 4.41361e-13
51.0038 PRSS 0.0050357
51.1003 RSS 1.08254e-09
51.1026 RSS 4.41361e-13
51.1026 PRSS 0.00628042
51.2 RSS 1.08254e-09
51.2024 RSS 4.41361e-13
51.2024 PRSS 0.0050357
51.3012 RSS 1.08254e-09
51.3035 RSS 4.41361e-13
51.4015 RSS 1.08254e-09
51.4038 RSS 4.41361e-13
51.4038 PRSS 0.00789045
51.5009 RSS 1.08254e-09
51.5032 RSS -0.0050357
51.5032 PRSS 1.08254e-09
--
Received one packet! Socket: 10.1.1.1 port: 49153 at time = 51.5032
--
51.6032 RSS 4.41361e-13
51.6044 RSS 1.08254e-09
51.6067 RSS 0.0050357
51.6067 PRSS 0.00260616
51.7025 RSS 1.08254e-09
51.7048 RSS 4.41361e-13
51.7048 PRSS 0.0034329
51.8028 RSS 1.08254e-09
51.8051 RSS 4.41361e-13
51.8051 PRSS 0.0050357
51.9011 RSS 1.08254e-09
51.9034 RSS 4.41361e-13
52.0025 RSS 1.08254e-09
52.0048 RSS 4.41361e-13
52.1017 RSS 1.08254e-09
52.104 RSS -0.0050357
52.104 PRSS 0.00196105
52.2049 RSS 1.08254e-09
52.2072 RSS 0.0050357
52.2072 PRSS 0.00443743
52.3032 RSS 1.08254e-09
52.3055 RSS -0.0050357
52.3055 PRSS 0.00340718
52.4013 RSS 1.08254e-09
52.4036 RSS -0.0050357
52.4036 PRSS 0.00762512
52.5018 RSS 1.08254e-09
52.5041 RSS -0.0050357
52.5041 PRSS 0.0038778
52.6024 RSS 1.08254e-09
52.6047 RSS 0.0050357
52.6047 PRSS 0.00314555
52.703 RSS 1.08254e-09
52.7053 RSS 4.41361e-13
52.7053 PRSS 0.0050357
52.8021 RSS 1.08254e-09
52.8044 RSS 4.41361e-13
52.8044 PRSS 0.00200439
52.9006 RSS 1.08254e-09
52.9029 RSS 0.0050357
52.9029 PRSS 0.00769747
53.0029 RSS 4.41361e-13
53.0037 RSS 1.08254e-09
53.006 RSS 0.0050357
53.006 PRSS 0.00577464
53.1005 RSS 1.08254e-09
53.1028 RSS 4.41361e-13
53.1028 PRSS 0.00688539
53.2028 RSS 0.0050357
53.2044 RSS 1.08254e-09
53.2067 RSS -0.0050357
53.2067 PRSS 0.000438266
53.3007 RSS 1.08254e-09
53.303 RSS -0.0050357
53.303 PRSS 0.00307008
53.403 RSS 0.0050357
53.4048 RSS 1.08254e-09
53.4071 RSS 4.41361e-13
53.4071 PRSS 0.0050357
53.5042 RSS 1.08254e-09
53.5065 RSS 0.0050357
53.5065 PRSS 0.00301372
53.6003 RSS 1.08254e-09
53.6026 RSS 0.0050357
53.6026 PRSS 0.00647259
53.7041 RSS 1.08254e-09
53.7064 RSS -0.0050357
53.7064 PRSS 0.00777431
53.8021 RSS 1.08254e-09
53.8044 RSS -0.0050357
53.8044 PRSS 0.00738063
53.902 RSS 1.08254e-09
53.9043 RSS 0.0100714
53.9043 PRSS 0.00351661
54.0043 RSS -0.0050357
54.0048 RSS 1.08254e-09
54.0071 RSS 0.0050357
54.0071 PRSS 0.00462296
54.1028 RSS 1.08254e-09
54.1051 RSS 0.0050357
54.1051 PRSS 0.00337601
54.2027 RSS 1.08254e-09
54.205 RSS 4.41361e-13
54.205 PRSS 0.0050357
54.3006 RSS 1.08254e-09
54.3029 RSS 4.41361e-13
54.3029 PRSS 0.00638044
54.4028 RSS 1.08254e-09
54.4051 RSS 0.0050357
54.4051 PRSS 0.00898045
54.5033 RSS 1.08254e-09
54.5056 RSS 4.41361e-13
54.5056 PRSS 0.000985015
54.6026 RSS 1.08254e-09
54.605 RSS 4.41361e-13
54.605 PRSS 0.00674135
54.7045 RSS 1.08254e-09
54.7068 RSS 4.41361e-13
54.7068 PRSS 0.0100714
54.8025 RSS 1.08254e-09
54.8048 RSS 4.41361e-13
54.8048 PRSS 1.08254e-09
--
Received one packet! Socket: 10.1.1.1 port: 49153 at time = 54.8048
--
54.9024 RSS 1.08254e-09
54.9047 RSS 0.0050357
54.9047 PRSS 0.00417807
55.0001 RSS 1.08254e-09
55.0024 RSS 0.0050357
55.0024 PRSS 0.0050357
55.1029 RSS 1.08254e-09
55.1052 RSS 0.0050357
55.1052 PRSS 0.00962889
55.2013 RSS 1.08254e-09
55.2036 RSS 4.41361e-13
55.2036 PRSS 0.0050357
55.3014 RSS 1.08254e-09
55.3037 RSS 4.41361e-13
55.3037 PRSS 0.00324295
55.4001 RSS 1.08254e-09
55.4024 RSS 0.0050357
55.4024 PRSS 0.00420922
55.5034 RSS 1.08254e-09
55.5057 RSS 4.41361e-13
55.5057 PRSS 0.0050357
55.6022 RSS 1.08254e-09
55.6045 RSS 4.41361e-13
55.6045 PRSS 1.08254e-09
--
Received one packet! Socket: 10.1.1.1 port: 49153 at time = 55.6045
--
55.7039 RSS 1.08254e-09
55.7062 RSS 0.0050357
55.7062 PRSS 0.00405991
55.8018 RSS 1.08254e-09
55.8041 RSS -0.0050357
55.8041 PRSS 0.00842222
55.9041 RSS 4.41361e-13
55.9041 RSS 1.08254e-09
55.9064 RSS 0.0050357
55.9064 PRSS 0.00108445
56.0045 RSS 1.08254e-09
56.0068 RSS -0.0050357
56.0068 PRSS 0.00631834
56.1026 RSS 1.08254e-09
56.1049 RSS -0.0050357
56.1049 PRSS 0.00558996
56.2029 RSS 1.08254e-09
56.2052 RSS 4.41361e-13
56.2052 PRSS 0.0050357
56.3021 RSS 1.08254e-09
56.3044 RSS 4.41361e-13
56.4027 RSS 1.08254e-09
56.405 RSS -0.0050357
56.5018 RSS 1.08254e-09
56.5041 RSS -0.0050357
56.5041 PRSS 0.00970313
56.6027 RSS 1.08254e-09
56.605 RSS 4.41361e-13
56.605 PRSS 0.0050357
56.7045 RSS 1.08254e-09
56.7068 RSS 4.41361e-13
56.7068 PRSS 0.00290638
56.803 RSS 1.08254e-09
56.8053 RSS 0.0050357
56.8053 PRSS 0.0028112
56.9001 RSS 1.08254e-09
56.9024 RSS -0.0050357
56.9024 PRSS 0.00461928
57.0009 RSS 1.08254e-09
57.0032 RSS 4.41361e-13
57.0032 PRSS 0.0056423
57.102 RSS 1.08254e-09
57.1043 RSS 4.41361e-13
57.1043 PRSS 0.00520303
57.2039 RSS 1.08254e-09
57.2062 RSS 4.41361e-13
57.2062 PRSS 0.0050357
57.3002 RSS 1.08254e-09
57.3025 RSS 4.41361e-13
57.3025 PRSS 0.0100714
57.4013 RSS 1.08254e-09
57.4036 RSS 0.0050357
57.4036 PRSS 0.00477423
57.5004 RSS 1.08254e-09
57.5027 RSS 0.0050357
57.5027 PRSS 0.00814372
57.6027 RSS 4.41361e-13
57.6033 RSS 1.08254e-09
57.6056 RSS 4.41361e-13
57.6056 PRSS 0.0050357
57.7014 RSS 1.08254e-09
57.7037 RSS 0.0050357
57.7037 PRSS 0.00236834
57.8034 RSS 1.08254e-09
57.8057 RSS -0.0050357
57.8057 PRSS 0.00251191
57.9047 RSS 1.08254e-09
57.907 RSS -0.0050357
57.907 PRSS 0.00652172
58.0017 RSS 1.08254e-09
58.004 RSS 4.41361e-13
58.004 PRSS 1.08254e-09
--
Received one packet! Socket: 10.1.1.1 port: 49153 at time = 58.004
--
58.1036 RSS 1.08254e-09
58.1059 RSS 4.41361e-13
58.1059 PRSS 0.00650863
58.2033 RSS 1.08254e-09
58.2056 RSS -0.0050357
58.2056 PRSS 0.00226173
58.3008 RSS 1.08254e-09
58.3031 RSS 4.41361e-13
58.3031 PRSS 0.0050357
58.4031 RSS 4.41361e-13
58.4038 RSS 1.08254e-09
58.4061 RSS 0.0050357
58.4061 PRSS 0.00361731
58.5 RSS 1.08254e-09
58.5023 RSS 4.41361e-13
58.5023 PRSS 0.000252339
58.6009 RSS 1.08254e-09
58.6032 RSS -0.0050357
58.6032 PRSS 0.00536796
58.7032 RSS 0.0050357
58.7037 RSS 1.08254e-09
58.706 RSS -0.0050357
58.706 PRSS 0.0050357
58.8018 RSS 1.08254e-09
58.8041 RSS 4.41361e-13
58.8041 PRSS 1.08254e-09
--
Received one packet! Socket: 10.1.1.1 port: 49153 at time = 58.8041
--
58.9015 RSS 1.08254e-09
58.9038 RSS 4.41361e-13
58.9038 PRSS 0.0050357
59.0025 RSS 1.08254e-09
59.0048 RSS 0.0050357
59.0048 PRSS 0.00306973
59.1044 RSS 1.08254e-09
59.1067 RSS 4.41361e-13
59.1067 PRSS 0.0050357
59.2032 RSS 1.08254e-09
59.2055 RSS -0.0050357
59.2055 PRSS 0.00438241
59.3006 RSS 1.08254e-09
59.3029 RSS 4.41361e-13
59.3029 PRSS 0.0050357
59.4029 RSS 0.0050357
59.4029 RSS 1.08254e-09
59.4052 RSS 4.41361e-13
59.4052 PRSS 0.00501227
59.5 RSS 1.08254e-09
59.5023 RSS 4.41361e-13
59.5023 PRSS 0.0050357
59.6022 RSS 1.08254e-09
59.6045 RSS 4.41361e-13
59.6045 PRSS 0.00296612
59.7024 RSS 1.08254e-09
59.7047 RSS 0.0100714
59.7047 PRSS 0.00932263
59.8025 RSS 1.08254e-09
59.8048 RSS 4.41361e-13
59.8048 PRSS 1.08254e-09
--
Received one packet! Socket: 10.1.1.1 port: 49153 at time = 59.8048
--
59.9048 RSS 0.0050357
59.905 RSS 1.08254e-09
59.9073 RSS 4.41361e-13
59.9073 PRSS 0.0050357
Actual PDR = 0.075
Actual RSS = 0.0100714
Actual Average Packet RSS = 0.0100714
