0 RSS 4.41361e-13
0.00121738 RSS 1.08254e-09
0.00352138 RSS 4.41361e-13
0.00352138 PRSS 4.41209e-09
--
Received one packet! Socket: 10.1.1.1 port: 49153 at time = 0.00352138
--
0.102164 RSS 1.08254e-09
0.104468 RSS 4.41361e-13
0.202825 RSS 1.08254e-09
0.205129 RSS -3.3291e-09
0.205129 PRSS 3.32286e-09
--
Received one packet! Socket: 10.1.1.1 port: 49153 at time = 0.205129
--
0.30248 RSS 1.08254e-09
0.304784 RSS 4.41361e-13
0.304784 PRSS 5.2689e-09
0.403958 RSS 1.08254e-09
0.406262 RSS 4.41361e-13
0.406262 PRSS 4.41209e-09
0.500655 RSS 1.08254e-09
0.502959 RSS 4.41361e-13
0.502959 PRSS 6.52816e-09
0.600699 RSS 1.08254e-09
0.603003 RSS -3.3291e-09
0.603003 PRSS 4.90357e-09
0.703003 RSS 3.32999e-09
0.704718 RSS 1.08254e-09
0.707022 RSS -6.65865e-09
0.707022 PRSS 4.1011e-09
0.804654 RSS 1.08254e-09
0.806958 RSS 3.32999e-09
0.806958 PRSS 7.74163e-09
0.902031 RSS 1.08254e-09
0.904335 RSS 4.41361e-13
0.904335 PRSS 4.41209e-09
--
Received one packet! Socket: 10.1.1.1 port: 49153 at time = 0.904335
--
1.00126 RSS 1.08254e-09
1.00357 RSS -3.3291e-09
--
Received one packet! Socket: 10.1.1.1 port: 49153 at time = 1.00357
--
1.10286 RSS 1.08254e-09
1.10516 RSS 3.32999e-09
1.10516 PRSS 1.46619e-09
--
Received one packet! Socket: 10.1.1.1 port: 49153 at time = 1.10516
--
1.20389 RSS 1.08254e-09
1.20619 RSS 4.41361e-13
1.20619 PRSS 4.36935e-09
1.30394 RSS 1.08254e-09
1.30625 RSS 4.41361e-13
1.30625 PRSS 1.08254e-09
--
Received one packet! Socket: 10.1.1.1 port: 49153 at time = 1.30625
--
1.40331 RSS 1.08254e-09
1.40562 RSS 4.41361e-13
1.40562 PRSS 5.881e-09
1.50011 RSS 1.08254e-09
1.50242 RSS 4.41361e-13
1.50242 PRSS 4.41209e-09
--
Received one packet! Socket: 10.1.1.1 port: 49153 at time = 1.50242
--
1.60242 RSS 3.32999e-09
1.60288 RSS 1.08254e-09
1.60518 RSS -3.3291e-09
1.60518 PRSS 5.89577e-09
1.70267 RSS 1.08254e-09
1.70498 RSS 4.41361e-13
1.70498 PRSS 4.41209e-09
1.80467 RSS 1.08254e-09
1.80697 RSS -3.3291e-09
1.80697 PRSS 5.22297e-09
1.90238 RSS 1.08254e-09
1.90469 RSS 4.41361e-13
1.90469 PRSS 1.48756e-09
2.00251 RSS 1.08254e-09
2.00482 RSS 3.32999e-09
2.00482 PRSS 3.60452e-09
--
Received one packet! Socket: 10.1.1.1 port: 49153 at time = 2.00482
--
2.10255 RSS 1.08254e-09
2.10486 RSS 3.32999e-09
2.10486 PRSS 7.28865e-09
2.20072 RSS 1.08254e-09
2.20302 RSS -3.3291e-09
2.20302 PRSS 5.98343e-09
2.30453 RSS 1.08254e-09
2.30684 RSS 4.41361e-13
2.30684 PRSS 4.41209e-09
2.40261 RSS 1.08254e-09
2.40491 RSS -3.3291e-09
2.40491 PRSS 4.43877e-09
2.50096 RSS 1.08254e-09
2.50326 RSS 4.41361e-13
2.50326 PRSS 4.41209e-09
--
Received one packet! Socket: 10.1.1.1 port: 49153 at time = 2.50326
--
2.60309 RSS 1.08254e-09
2.60539 RSS 4.41361e-13
2.60539 PRSS 7.74163e-09
2.70459 RSS 1.08254e-09
2.70689 RSS 4.41361e-13
2.70689 PRSS 4.41209e-09
--
Received one packet! Socket: 10.1.1.1 port: 49153 at time = 2.70689
--
2.80235 RSS 1.08254e-09
2.80465 RSS -3.3291e-09
2.80465 PRSS 5.27783e-09
2.90327 RSS 1.08254e-09
2.90557 RSS -3.3291e-09
2.90557 PRSS 3.59484e-09
--
Received one packet! Socket: 10.1.1.1 port: 49153 at time = 2.90557
--
3.00104 RSS 1.08254e-09
3.00334 RSS 4.41361e-13
3.00334 PRSS 1.35771e-09
3.10405 RSS 1.08254e-09
3.10636 RSS 4.41361e-13
3.10636 PRSS 3.39728e-09
3.20052 RSS 1.08254e-09
3.20282 RSS -3.3291e-09
3.20282 PRSS 5.06591e-09
3.30061 RSS 1.08254e-09
3.30292 RSS -3.3291e-09
3.30292 PRSS 5.69027e-09
3.40197 RSS 1.08254e-09
3.40428 RSS -3.3291e-09
3.40428 PRSS 7.73461e-09
3.50296 RSS 1.08254e-09
3.50527 RSS -3.3291e-09
3.50527 PRSS 4.41209e-09
3.60331 RSS 1.08254e-09
3.60562 RSS 4.41361e-13
--
Received one packet! Socket: 10.1.1.1 port: 49153 at time = 3.60562
--
3.70236 RSS 1.08254e-09
3.70467 RSS -3.3291e-09
3.70467 PRSS 2.87519e-09
3.80431 RSS 1.08254e-09
3.80662 RSS 4.41361e-13
3.80662 PRSS 4.41209e-09
3.9011 RSS 1.08254e-09
3.9034 RSS 3.32999e-09
3.9034 PRSS 6.90759e-09
4.00062 RSS 1.08254e-09
4.00292 RSS 3.32999e-09
4.00292 PRSS 3.05886e-09
4.10363 RSS 1.08254e-09
4.10593 RSS -3.3291e-09
4.10593 PRSS 5.06642e-09
4.20114 RSS 1.08254e-09
4.20345 RSS 3.32999e-09
4.20345 PRSS 6.43612e-09
4.30345 RSS 4.41361e-13
4.30477 RSS 1.08254e-09
4.30707 RSS 4.41361e-13
4.30707 PRSS 1.08254e-09
--
Received one packet! Socket: 10.1.1.1 port: 49153 at time = 4.30707
--
4.40414 RSS 1.08254e-09
4.40644 RSS -3.3291e-09
4.40644 PRSS 4.94949e-09
4.50033 RSS 1.08254e-09
4.50263 RSS -3.3291e-09
4.50263 PRSS 2.82768e-09
--
Received one packet! Socket: 10.1.1.1 port: 49153 at time = 4.50263
--
4.60469 RSS 1.08254e-09
4.60699 RSS 4.41361e-13
4.60699 PRSS 4.41209e-09
--
Received one packet! Socket: 10.1.1.1 port: 49153 at time = 4.60699
--
4.70185 RSS 1.08254e-09
4.70415 RSS 4.41361e-13
--
Received one packet! Socket: 10.1.1.1 port: 49153 at time = 4.70415
--
4.8004 RSS 1.08254e-09
4.80271 RSS 4.41361e-13
--
Received one packet! Socket: 10.1.1.1 port: 49153 at time = 4.80271
--
4.90105 RSS 1.08254e-09
4.90335 RSS -3.3291e-09
4.90335 PRSS 3.60206e-09
--
Received one packet! Socket: 10.1.1.1 port: 49153 at time = 4.90335
--
5.00335 RSS 4.41361e-13
5.00393 RSS 1.08254e-09
5.00623 RSS -3.3291e-09
5.00623 PRSS 4.18107e-09
--
Received one packet! Socket: 10.1.1.1 port: 49153 at time = 5.00623
--
5.1022 RSS 1.08254e-09
5.10451 RSS 4.41361e-13
5.10451 PRSS 4.41209e-09
5.20268 RSS 1.08254e-09
5.20498 RSS 3.32999e-09
5.20498 PRSS 6.46671e-09
5.30234 RSS 1.08254e-09
5.30465 RSS 3.32999e-09
5.30465 PRSS 4.74743e-09
5.40384 RSS 1.08254e-09
5.40614 RSS 3.32999e-09
5.40614 PRSS 5.55891e-09
5.50349 RSS 1.08254e-09
5.50579 RSS 3.32999e-09
5.50579 PRSS 7.20775e-09
5.60275 RSS 1.08254e-09
5.60505 RSS 4.41361e-13
5.60505 PRSS 3.39545e-09
5.70456 RSS 1.08254e-09
5.70687 RSS -6.65865e-09
5.70687 PRSS 3.73112e-09
5.80046 RSS 1.08254e-09
5.80276 RSS 4.41361e-13
5.80276 PRSS 3.53886e-09
--
Received one packet! Socket: 10.1.1.1 port: 49153 at time = 5.80276
--
5.90489 RSS 1.08254e-09
5.90719 RSS 3.32999e-09
5.90719 PRSS 1.42037e-09
--
Received one packet! Socket: 10.1.1.1 port: 49153 at time = 5.90719
--
6.00457 RSS 1.08254e-09
6.00688 RSS -3.3291e-09
6.00688 PRSS 6.97945e-09
6.1034 RSS 1.08254e-09
6.1057 RSS 4.41361e-13
6.1057 PRSS 4.41209e-09
--
Received one packet! Socket: 10.1.1.1 port: 49153 at time = 6.1057
--
6.20374 RSS 1.08254e-09
6.20604 RSS -3.3291e-09
6.20604 PRSS 4.00696e-09
6.30411 RSS 1.08254e-09
6.30641 RSS 4.41361e-13
6.30641 PRSS 7.74163e-09
6.40045 RSS 1.08254e-09
6.40275 RSS 4.41361e-13
6.40275 PRSS 4.41209e-09
--
Received one packet! Socket: 10.1.1.1 port: 49153 at time = 6.40275
--
6.50398 RSS 1.08254e-09
6.50628 RSS 3.32999e-09
6.50628 PRSS 3.35658e-09
6.60263 RSS 1.08254e-09
6.60493 RSS 6.65953e-09
6.60493 PRSS 2.79296e-09
6.7024 RSS 1.08254e-09
6.7047 RSS 3.32999e-09
6.7047 PRSS 4.41209e-09
--
Received one packet! Socket: 10.1.1.1 port: 49153 at time = 6.7047
--
6.80112 RSS 1.08254e-09
6.80342 RSS -3.3291e-09
6.80342 PRSS 1.86183e-09
--
Received one packet! Socket: 10.1.1.1 port: 49153 at time = 6.80342
--
6.90019 RSS 1.08254e-09
6.9025 RSS 3.32999e-09
6.9025 PRSS 4.9002e-09
7.0025 RSS 4.41361e-13
7.00471 RSS 1.08254e-09
7.00701 RSS 4.41361e-13
7.00701 PRSS 4.41209e-09
7.10145 RSS 1.08254e-09
7.10375 RSS 4.41361e-13
7.20078 RSS 1.08254e-09
7.20309 RSS 4.41361e-13
--
Received one packet! Socket: 10.1.1.1 port: 49153 at time = 7.20309
--
7.30309 RSS 3.32999e-09
7.30375 RSS 1.08254e-09
7.30605 RSS 4.41361e-13
7.40434 RSS 1.08254e-09
7.40664 RSS 3.32999e-09
7.40664 PRSS 6.81405e-09
7.50097 RSS 1.08254e-09
7.50327 RSS -3.3291e-09
7.50327 PRSS 4.21405e-09
7.60327 RSS 3.32999e-09
7.60471 RSS 1.08254e-09
7.60702 RSS -3.3291e-09
7.60702 PRSS 5.05299e-09
7.70307 RSS 1.08254e-09
7.70538 RSS 3.32999e-09
7.70538 PRSS 4.41209e-09
7.80353 RSS 1.08254e-09
7.80583 RSS 4.41361e-13
7.80583 PRSS 6.32861e-09
7.90349 RSS 1.08254e-09
7.90579 RSS 4.41361e-13
7.90579 PRSS 1.08254e-09
--
Received one packet! Socket: 10.1.1.1 port: 49153 at time = 7.90579
--
8.0025 RSS 1.08254e-09
8.0048 RSS 4.41361e-13
--
Received one packet! Socket: 10.1.1.1 port: 49153 at time = 8.0048
--
8.10047 RSS 1.08254e-09
8.10278 RSS 4.41361e-13
8.10278 PRSS 5.69648e-09
8.20058 RSS 1.08254e-09
8.20289 RSS 4.41361e-13
8.20289 PRSS 2.65536e-09
--
Received one packet! Socket: 10.1.1.1 port: 49153 at time = 8.20289
--
8.30154 RSS 1.08254e-09
8.30384 RSS -3.3291e-09
8.30384 PRSS 3.11493e-09
--
Received one packet! Socket: 10.1.1.1 port: 49153 at time = 8.30384
--
8.4038 RSS 1.08254e-09
8.40611 RSS 4.41361e-13
8.40611 PRSS 4.75237e-09
8.50352 RSS 1.08254e-09
8.50582 RSS 4.41361e-13
8.50582 PRSS 4.41209e-09
8.60402 RSS 1.08254e-09
8.60632 RSS -3.3291e-09
8.60632 PRSS 1.08254e-09
--
Received one packet! Socket: 10.1.1.1 port: 49153 at time = 8.60632
--
8.70099 RSS 1.08254e-09
8.70329 RSS 4.41361e-13
8.70329 PRSS 4.41209e-09
8.8008 RSS 1.08254e-09
8.80311 RSS -3.3291e-09
8.80311 PRSS 7.41219e-09
8.90055 RSS 1.08254e-09
8.90285 RSS -3.3291e-09
8.90285 PRSS 5.17834e-09
9.00189 RSS 1.08254e-09
9.0042 RSS -6.65865e-09
9.0042 PRSS 2.89029e-09
9.10186 RSS 1.08254e-09
9.10416 RSS 4.41361e-13
9.10416 PRSS 1.08254e-09
--
Received one packet! Socket: 10.1.1.1 port: 49153 at time = 9.10416
--
9.20366 RSS 1.08254e-09
9.20597 RSS 4.41361e-13
9.20597 PRSS 4.41209e-09
9.30213 RSS 1.08254e-09
9.30443 RSS 4.41361e-13
9.30443 PRSS 4.27416e-09
9.40075 RSS 1.08254e-09
9.40306 RSS 3.32999e-09
9.40306 PRSS 2.7138e-09
9.50292 RSS 1.08254e-09
9.50523 RSS 4.41361e-13
9.50523 PRSS 7.74163e-09
9.60468 RSS 1.08254e-09
9.60698 RSS 3.32999e-09
9.60698 PRSS 6.41617e-09
9.70345 RSS 1.08254e-09
9.70575 RSS 4.41361e-13
9.70575 PRSS 3.58013e-09
9.80207 RSS 1.08254e-09
9.80437 RSS -3.3291e-09
9.80437 PRSS 3.91915e-09
--
Received one packet! Socket: 10.1.1.1 port: 49153 at time = 9.80437
--
9.90437 RSS 3.32999e-09
9.90468 RSS 1.08254e-09
9.90698 RSS 4.41361e-13
9.90698 PRSS 4.41209e-09
--
Received one packet! Socket: 10.1.1.1 port: 49153 at time = 9.90698
--
10.0049 RSS 1.08254e-09
10.0072 RSS 4.41361e-13
10.1028 RSS 1.08254e-09
10.1051 RSS 4.41361e-13
--
Received one packet! Socket: 10.1.1.1 port: 49153 at time = 10.1051
--
10.2045 RSS 1.08254e-09
10.2068 RSS -3.3291e-09
10.2068 PRSS 3.77731e-09
--
Received one packet! Socket: 10.1.1.1 port: 49153 at time = 10.2068
--
10.3028 RSS 1.08254e-09
10.3051 RSS 3.32999e-09
10.3051 PRSS 1.11974e-09
--
Received one packet! Socket: 10.1.1.1 port: 49153 at time = 10.3051
--
10.4002 RSS 1.08254e-09
10.4025 RSS 4.41361e-13
10.4025 PRSS 4.41209e-09
--
Received one packet! Socket: 10.1.1.1 port: 49153 at time = 10.4025
--
10.5014 RSS 1.08254e-09
10.5037 RSS 4.41361e-13
--
Received one packet! Socket: 10.1.1.1 port: 49153 at time = 10.5037
--
10.6008 RSS 1.08254e-09
10.6031 RSS 4.41361e-13
10.7014 RSS 1.08254e-09
10.7037 RSS 3.32999e-09
10.7037 PRSS 5.09791e-09
10.8014 RSS 1.08254e-09
10.8037 RSS 4.41361e-13
10.8037 PRSS 7.54345e-09
10.9011 RSS 1.08254e-09
10.9034 RSS 3.32999e-09
10.9034 PRSS 3.05508e-09
--
Received one packet! Socket: 10.1.1.1 port: 49153 at time = 10.9034
--
11.0029 RSS 1.08254e-09
11.0052 RSS 3.32999e-09
11.0052 PRSS 7.53631e-09
11.1001 RSS 1.08254e-09
11.1024 RSS -3.3291e-09
11.1024 PRSS 2.28328e-09
11.2005 RSS 1.08254e-09
11.2028 RSS 4.41361e-13
11.2028 PRSS 7.74163e-09
11.3035 RSS 1.08254e-09
11.3059 RSS 3.32999e-09
11.3059 PRSS 3.23112e-09
11.4018 RSS 1.08254e-09
11.4041 RSS -3.3291e-09
11.4041 PRSS 4.28251e-09
--
Received one packet! Socket: 10.1.1.1 port: 49153 at time = 11.4041
--
11.5041 RSS 4.41361e-13
11.5047 RSS 1.08254e-09
11.507 RSS -3.3291e-09
11.507 PRSS 2.24025e-09
--
Received one packet! Socket: 10.1.1.1 port: 49153 at time = 11.507
--
11.6046 RSS 1.08254e-09
11.6069 RSS -3.3291e-09
11.6069 PRSS 1.93436e-09
--
Received one packet! Socket: 10.1.1.1 port: 49153 at time = 11.6069
--
11.7023 RSS 1.08254e-09
11.7046 RSS 3.32999e-09
11.7046 PRSS 6.88414e-09
11.8028 RSS 1.08254e-09
11.8051 RSS -3.3291e-09
11.8051 PRSS 3.63152e-09
--
Received one packet! Socket: 10.1.1.1 port: 49153 at time = 11.8051
--
11.9034 RSS 1.08254e-09
11.9058 RSS 3.32999e-09
11.9058 PRSS 4.61412e-09
12.0035 RSS 1.08254e-09
12.0058 RSS -3.3291e-09
12.0058 PRSS 2.13093e-09
12.1037 RSS 1.08254e-09
12.106 RSS 4.41361e-13
12.106 PRSS 5.28704e-09
12.2039 RSS 1.08254e-09
12.2062 RSS 4.41361e-13
12.2062 PRSS 4.41209e-09
--
Received one packet! Socket: 10.1.1.1 port: 49153 at time = 12.2062
--
12.3037 RSS 1.08254e-09
12.306 RSS 4.41361e-13
12.4045 RSS 1.08254e-09
12.4068 RSS 4.41361e-13
12.4068 PRSS 1.08254e-09
--
Received one packet! Socket: 10.1.1.1 port: 49153 at time = 12.4068
--
12.5041 RSS 1.08254e-09
12.5064 RSS 3.32999e-09
12.5064 PRSS 4.40551e-09
--
Received one packet! Socket: 10.1.1.1 port: 49153 at time = 12.5064
--
12.604 RSS 1.08254e-09
12.6063 RSS -3.3291e-09
12.6063 PRSS 4.29317e-09
12.7005 RSS 1.08254e-09
12.7028 RSS 3.32999e-09
12.7028 PRSS 2.66255e-09
--
Received one packet! Socket: 10.1.1.1 port: 49153 at time = 12.7028
--
12.8014 RSS 1.08254e-09
12.8037 RSS 4.41361e-13
12.8037 PRSS 4.41209e-09
12.9023 RSS 1.08254e-09
12.9046 RSS 4.41361e-13
13.0037 RSS 1.08254e-09
13.006 RSS -3.3291e-09
13.006 PRSS 5.64766e-09
13.1003 RSS 1.08254e-09
13.1026 RSS 3.32999e-09
13.1026 PRSS 1.90201e-09
--
Received one packet! Socket: 10.1.1.1 port: 49153 at time = 13.1026
--
13.2024 RSS 1.08254e-09
13.2047 RSS 4.41361e-13
13.2047 PRSS 4.41209e-09
--
Received one packet! Socket: 10.1.1.1 port: 49153 at time = 13.2047
--
13.3024 RSS 1.08254e-09
13.3047 RSS 3.32999e-09
13.3047 PRSS 5.624e-09
13.4038 RSS 1.08254e-09
13.4061 RSS 4.41361e-13
13.4061 PRSS 4.41209e-09
13.5023 RSS 1.08254e-09
13.5046 RSS 4.41361e-13
13.6032 RSS 1.08254e-09
13.6055 RSS 3.32999e-09
13.6055 PRSS 4.75001e-09
13.7014 RSS 1.08254e-09
13.7037 RSS -3.3291e-09
13.7037 PRSS 2.40585e-09
--
Received one packet! Socket: 10.1.1.1 port: 49153 at time = 13.7037
--
13.8027 RSS 1.08254e-09
13.805 RSS 4.41361e-13
13.805 PRSS 7.74163e-09
13.9013 RSS 1.08254e-09
13.9036 RSS 4.41361e-13
13.9036 PRSS 4.16239e-09
14.0021 RSS 1.08254e-09
14.0044 RSS 3.32999e-09
14.0044 PRSS 4.63043e-09
14.1019 RSS 1.08254e-09
14.1042 RSS 4.41361e-13
14.1042 PRSS 1.08254e-09
--
Received one packet! Socket: 10.1.1.1 port: 49153 at time = 14.1042
--
14.2021 RSS 1.08254e-09
14.2044 RSS 4.41361e-13
14.2044 PRSS 3.72758e-09
--
Received one packet! Socket: 10.1.1.1 port: 49153 at time = 14.2044
--
14.3044 RSS 3.32999e-09
14.3049 RSS 1.08254e-09
14.3072 RSS 3.32999e-09
14.3072 PRSS 5.63008e-09
14.4034 RSS 1.08254e-09
14.4057 RSS -3.3291e-09
14.4057 PRSS 2.1591e-09
--
Received one packet! Socket: 10.1.1.1 port: 49153 at time = 14.4057
--
14.5015 RSS 1.08254e-09
14.5038 RSS 4.41361e-13
14.5038 PRSS 4.41209e-09
14.6031 RSS 1.08254e-09
14.6054 RSS 3.32999e-09
14.7007 RSS 1.08254e-09
14.703 RSS 3.32999e-09
14.703 PRSS 1.85218e-09
--
Received one packet! Socket: 10.1.1.1 port: 49153 at time = 14.703
--
14.8036 RSS 1.08254e-09
14.8059 RSS 4.41361e-13
14.8059 PRSS 4.14096e-09
14.9034 RSS 1.08254e-09
14.9057 RSS 4.41361e-13
14.9057 PRSS 4.41209e-09
--
Received one packet! Socket: 10.1.1.1 port: 49153 at time = 14.9057
--
15.0042 RSS 1.08254e-09
15.0065 RSS 3.32999e-09
15.0065 PRSS 4.98754e-09
15.1036 RSS 1.08254e-09
15.1059 RSS -3.3291e-09
15.1059 PRSS 2.766e-09
15.2046 RSS 1.08254e-09
15.2069 RSS 3.32999e-09
15.2069 PRSS 2.50356e-09
15.3035 RSS 1.08254e-09
15.3058 RSS 3.32999e-09
15.3058 PRSS 3.53965e-09
--
Received one packet! Socket: 10.1.1.1 port: 49153 at time = 15.3058
--
15.4037 RSS 1.08254e-09
15.406 RSS 3.32999e-09
15.406 PRSS 4.37616e-09
15.504 RSS 1.08254e-09
15.5063 RSS 4.41361e-13
15.5063 PRSS 1.08254e-09
--
Received one packet! Socket: 10.1.1.1 port: 49153 at time = 15.5063
--
15.6036 RSS 1.08254e-09
15.6059 RSS 3.32999e-09
15.6059 PRSS 6.99607e-09
15.7042 RSS 1.08254e-09
15.7065 RSS 4.41361e-13
15.7065 PRSS 4.41209e-09
--
Received one packet! Socket: 10.1.1.1 port: 49153 at time = 15.7065
--
15.8001 RSS 1.08254e-09
15.8024 RSS 4.41361e-13
15.9011 RSS 1.08254e-09
15.9034 RSS 4.41361e-13
16.0019 RSS 1.08254e-09
16.0042 RSS -3.3291e-09
16.0042 PRSS 1.2263e-09
--
Received one packet! Socket: 10.1.1.1 port: 49153 at time = 16.0042
--
16.1002 RSS 1.08254e-09
16.1025 RSS 3.32999e-09
16.1025 PRSS 7.26047e-09
16.2025 RSS -3.3291e-09
16.2033 RSS 1.08254e-09
16.2056 RSS 4.41361e-13
16.2056 PRSS 4.41209e-09
16.3013 RSS 1.08254e-09
16.3036 RSS 4.41361e-13
16.4036 RSS 3.32999e-09
16.4043 RSS 1.08254e-09
16.4066 RSS 3.32999e-09
16.4066 PRSS 3.05025e-09
16.5014 RSS 1.08254e-09
16.5037 RSS 4.41361e-13
16.5037 PRSS 4.41209e-09
16.6034 RSS 1.08254e-09
16.6057 RSS 4.41361e-13
16.6057 PRSS 4.07418e-09
16.7005 RSS 1.08254e-09
16.7028 RSS 4.41361e-13
16.7028 PRSS 4.20526e-09
--
Received one packet! Socket: 10.1.1.1 port: 49153 at time = 16.7028
--
16.8002 RSS 1.08254e-09
16.8025 RSS 3.32999e-09
16.8025 PRSS 5.52043e-09
16.9025 RSS -3.3291e-09
16.9027 RSS 1.08254e-09
16.905 RSS 3.32999e-09
16.905 PRSS 3.47509e-09
--
Received one packet! Socket: 10.1.1.1 port: 49153 at time = 16.905
--
17.0049 RSS 1.08254e-09
17.0072 RSS -3.3291e-09
17.0072 PRSS 2.16225e-09
--
Received one packet! Socket: 10.1.1.1 port: 49153 at time = 17.0072
--
17.1005 RSS 1.08254e-09
17.1028 RSS 4.41361e-13
17.1028 PRSS 6.17183e-09
17.2047 RSS 1.08254e-09
17.207 RSS 4.41361e-13
17.207 PRSS 4.41209e-09
17.3036 RSS 1.08254e-09
17.3059 RSS 4.41361e-13
17.4037 RSS 1.08254e-09
17.406 RSS -3.3291e-09
17.406 PRSS 4.09587e-09
--
Received one packet! Socket: 10.1.1.1 port: 49153 at time = 17.406
--
17.5012 RSS 1.08254e-09
17.5035 RSS 3.32999e-09
17.5035 PRSS 4.77329e-09
17.6002 RSS 1.08254e-09
17.6025 RSS 4.41361e-13
17.6025 PRSS 4.41209e-09
17.7025 RSS 3.32999e-09
17.7044 RSS 1.08254e-09
17.7067 RSS -3.3291e-09
17.7067 PRSS 3.76391e-09
17.802 RSS 1.08254e-09
17.8043 RSS 3.32999e-09
17.8043 PRSS 3.07084e-09
--
Received one packet! Socket: 10.1.1.1 port: 49153 at time = 17.8043
--
17.9023 RSS 1.08254e-09
17.9046 RSS 4.41361e-13
17.9046 PRSS 4.41209e-09
18.0046 RSS 3.32999e-09
18.005 RSS 1.08254e-09
18.0073 RSS -6.65865e-09
18.0073 PRSS 2.91446e-09
18.1043 RSS 1.08254e-09
18.1066 RSS 4.41361e-13
18.1066 PRSS 4.41209e-09
--
Received one packet! Socket: 10.1.1.1 port: 49153 at time = 18.1066
--
18.2032 RSS 1.08254e-09
18.2055 RSS -3.3291e-09
18.2055 PRSS 2.21533e-09
18.3017 RSS 1.08254e-09
18.304 RSS -3.3291e-09
18.304 PRSS 1.18468e-09
--
Received one packet! Socket: 10.1.1.1 port: 49153 at time = 18.304
--
18.4039 RSS 1.08254e-09
18.4062 RSS 4.41361e-13
18.4062 PRSS 4.41209e-09
--
Received one packet! Socket: 10.1.1.1 port: 49153 at time = 18.4062
--
18.5005 RSS 1.08254e-09
18.5028 RSS 4.41361e-13
18.5028 PRSS 2.88219e-09
--
Received one packet! Socket: 10.1.1.1 port: 49153 at time = 18.5028
--
18.6004 RSS 1.08254e-09
18.6027 RSS 4.41361e-13
18.6027 PRSS 4.41209e-09
18.7015 RSS 1.08254e-09
18.7038 RSS 4.41361e-13
18.7038 PRSS 1.59321e-09
--
Received one packet! Socket: 10.1.1.1 port: 49153 at time = 18.7038
--
18.8028 RSS 1.08254e-09
18.8051 RSS 3.32999e-09
18.8051 PRSS 1.4791e-09
--
Received one packet! Socket: 10.1.1.1 port: 49153 at time = 18.8051
--
18.9031 RSS 1.08254e-09
18.9054 RSS 4.41361e-13
18.9054 PRSS 4.41209e-09
--
Received one packet! Socket: 10.1.1.1 port: 49153 at time = 18.9054
--
19.0027 RSS 1.08254e-09
19.005 RSS 4.41361e-13
19.005 PRSS 5.25746e-09
19.1001 RSS 1.08254e-09
19.1024 RSS 4.41361e-13
19.1024 PRSS 4.77958e-09
19.2024 RSS 3.32999e-09
19.2034 RSS 1.08254e-09
19.2057 RSS 3.32999e-09
19.2057 PRSS 5.90915e-09
19.3022 RSS 1.08254e-09
19.3045 RSS 4.41361e-13
19.3045 PRSS 4.41209e-09
--
Received one packet! Socket: 10.1.1.1 port: 49153 at time = 19.3045
--
19.4041 RSS 1.08254e-09
19.4064 RSS 4.41361e-13
19.5012 RSS 1.08254e-09
19.5035 RSS 4.41361e-13
19.6039 RSS 1.08254e-09
19.6062 RSS 4.41361e-13
--
Received one packet! Socket: 10.1.1.1 port: 49153 at time = 19.6062
--
19.7031 RSS 1.08254e-09
19.7054 RSS -3.3291e-09
19.7054 PRSS 2.73648e-09
--
Received one packet! Socket: 10.1.1.1 port: 49153 at time = 19.7054
--
19.8047 RSS 1.08254e-09
19.807 RSS 4.41361e-13
19.807 PRSS 6.28525e-09
19.9034 RSS 1.08254e-09
19.9057 RSS -3.3291e-09
19.9057 PRSS 5.25723e-09
20.0023 RSS 1.08254e-09
20.0046 RSS -3.3291e-09
20.0046 PRSS 6.22173e-09
20.1034 RSS 1.08254e-09
20.1058 RSS 4.41361e-13
20.1058 PRSS 7.26211e-09
20.2036 RSS 1.08254e-09
20.2059 RSS 4.41361e-13
20.2059 PRSS 1.08254e-09
--
Received one packet! Socket: 10.1.1.1 port: 49153 at time = 20.2059
--
20.3043 RSS 1.08254e-09
20.3066 RSS 3.32999e-09
20.3066 PRSS 5.38554e-09
20.4025 RSS 1.08254e-09
20.4048 RSS -3.3291e-09
20.4048 PRSS 6.47077e-09
20.5006 RSS 1.08254e-09
20.5029 RSS -3.3291e-09
20.5029 PRSS 7.00712e-09
20.6001 RSS 1.08254e-09
20.6025 RSS 4.41361e-13
20.6025 PRSS 7.37468e-09
20.7017 RSS 1.08254e-09
20.704 RSS 4.41361e-13
20.704 PRSS 1.22075e-09
--
Received one packet! Socket: 10.1.1.1 port: 49153 at time = 20.704
--
20.8016 RSS 1.08254e-09
20.8039 RSS 4.41361e-13
20.8039 PRSS 4.41209e-09
--
Received one packet! Socket: 10.1.1.1 port: 49153 at time = 20.8039
--
20.9031 RSS 1.08254e-09
20.9054 RSS 4.41361e-13
20.9054 PRSS 5.21398e-09
21.0008 RSS 1.08254e-09
21.0032 RSS 4.41361e-13
21.0032 PRSS 4.41209e-09
21.1032 RSS 3.32999e-09
21.1048 RSS 1.08254e-09
21.1071 RSS 4.41361e-13
21.2022 RSS 1.08254e-09
21.2045 RSS 3.32999e-09
21.2045 PRSS 3.39201e-09
21.3046 RSS 1.08254e-09
21.3069 RSS 4.41361e-13
21.3069 PRSS 4.41209e-09
21.402 RSS 1.08254e-09
21.4043 RSS -3.3291e-09
21.4043 PRSS 2.56041e-09
--
Received one packet! Socket: 10.1.1.1 port: 49153 at time = 21.4043
--
21.5041 RSS 1.08254e-09
21.5064 RSS -3.3291e-09
21.5064 PRSS 3.35561e-09
21.6014 RSS 1.08254e-09
21.6037 RSS 4.41361e-13
21.6037 PRSS 4.41209e-09
21.701 RSS 1.08254e-09
21.7033 RSS 3.32999e-09
21.7033 PRSS 4.29774e-09
21.8009 RSS 1.08254e-09
21.8032 RSS -3.3291e-09
21.8032 PRSS 2.29161e-09
--
Received one packet! Socket: 10.1.1.1 port: 49153 at time = 21.8032
--
21.9029 RSS 1.08254e-09
21.9052 RSS 4.41361e-13
21.9052 PRSS 4.41209e-09
--
Received one packet! Socket: 10.1.1.1 port: 49153 at time = 21.9052
--
22.0039 RSS 1.08254e-09
22.0062 RSS -3.3291e-09
22.0062 PRSS 1.90056e-09
22.1039 RSS 1.08254e-09
22.1062 RSS 4.41361e-13
22.1062 PRSS 4.41209e-09
--
Received one packet! Socket: 10.1.1.1 port: 49153 at time = 22.1062
--
22.2026 RSS 1.08254e-09
22.2049 RSS 4.41361e-13
22.3039 RSS 1.08254e-09
22.3062 RSS 4.41361e-13
--
Received one packet! Socket: 10.1.1.1 port: 49153 at time = 22.3062
--
22.4048 RSS 1.08254e-09
22.4071 RSS 4.41361e-13
22.4071 PRSS 1.08254e-09
--
Received one packet! Socket: 10.1.1.1 port: 49153 at time = 22.4071
--
22.5027 RSS 1.08254e-09
22.505 RSS -3.3291e-09
22.505 PRSS 4.76641e-09
22.6035 RSS 1.08254e-09
22.6058 RSS 4.41361e-13
22.6058 PRSS 4.41209e-09
22.7025 RSS 1.08254e-09
22.7048 RSS 3.32999e-09
22.7048 PRSS 2.67987e-09
22.8007 RSS 1.08254e-09
22.803 RSS 4.41361e-13
22.803 PRSS 5.48233e-09
22.9001 RSS 1.08254e-09
22.9024 RSS 3.32999e-09
22.9024 PRSS 4.27265e-09
23.0024 RSS -3.3291e-09
23.0045 RSS 1.08254e-09
23.0068 RSS 3.32999e-09
23.0068 PRSS 5.39938e-09
23.1047 RSS 1.08254e-09
23.107 RSS -3.3291e-09
23.107 PRSS 3.09964e-09
--
Received one packet! Socket: 10.1.1.1 port: 49153 at time = 23.107
--
23.2002 RSS 1.08254e-09
23.2025 RSS 3.32999e-09
23.2025 PRSS 2.67003e-09
--
Received one packet! Socket: 10.1.1.1 port: 49153 at time = 23.2025
--
23.3022 RSS 1.08254e-09
23.3045 RSS -3.3291e-09
23.3045 PRSS 3.24163e-09
--
Received one packet! Socket: 10.1.1.1 port: 49153 at time = 23.3045
--
23.4042 RSS 1.08254e-09
23.4065 RSS 4.41361e-13
23.4065 PRSS 5.65974e-09
23.5014 RSS 1.08254e-09
23.5037 RSS 4.41361e-13
23.5037 PRSS 7.74163e-09
23.6021 RSS 1.08254e-09
23.6044 RSS -3.3291e-09
23.6044 PRSS 3.43622e-09
--
Received one packet! Socket: 10.1.1.1 port: 49153 at time = 23.6044
--
23.7027 RSS 1.08254e-09
23.7051 RSS -3.3291e-09
23.7051 PRSS 5.25538e-09
23.8009 RSS 1.08254e-09
23.8032 RSS 4.41361e-13
23.8032 PRSS 3.70573e-09
--
Received one packet! Socket: 10.1.1.1 port: 49153 at time = 23.8032
--
23.9004 RSS 1.08254e-09
23.9027 RSS 3.32999e-09
23.9027 PRSS 1.42668e-09
--
Received one packet! Socket: 10.1.1.1 port: 49153 at time = 23.9027
--
24.0027 RSS 4.41361e-13
24.0033 RSS 1.08254e-09
24.0056 RSS 3.32999e-09
24.0056 PRSS 2.12644e-09
--
Received one packet! Socket: 10.1.1.1 port: 49153 at time = 24.0056
--
24.103 RSS 1.08254e-09
24.1053 RSS -3.3291e-09
24.1053 PRSS 5.72293e-09
24.2035 RSS 1.08254e-09
24.2058 RSS 3.32999e-09
24.2058 PRSS 4.57283e-09
24.3039 RSS 1.08254e-09
24.3062 RSS 4.41361e-13
24.3062 PRSS 7.74163e-09
24.4027 RSS 1.08254e-09
24.405 RSS 3.32999e-09
24.405 PRSS 5.91508e-09
24.5007 RSS 1.08254e-09
24.503 RSS 3.32999e-09
24.503 PRSS 5.94862e-09
24.6016 RSS 1.08254e-09
24.6039 RSS 4.41361e-13
24.6039 PRSS 2.29269e-09
24.701 RSS 1.08254e-09
24.7033 RSS 4.41361e-13
24.7033 PRSS 4.41209e-09
--
Received one packet! Socket: 10.1.1.1 port: 49153 at time = 24.7033
--
24.8033 RSS 3.32999e-09
24.8034 RSS 1.08254e-09
24.8057 RSS 4.41361e-13
24.8057 PRSS 2.56735e-09
--
Received one packet! Socket: 10.1.1.1 port: 49153 at time = 24.8057
--
24.9027 RSS 1.08254e-09
24.905 RSS 3.32999e-09
24.905 PRSS 4.21533e-09
--
Received one packet! Socket: 10.1.1.1 port: 49153 at time = 24.905
--
25.0035 RSS 1.08254e-09
25.0058 RSS -3.3291e-09
25.0058 PRSS 3.82266e-09
25.1004 RSS 1.08254e-09
25.1027 RSS 3.32999e-09
25.1027 PRSS 5.40657e-09
25.2001 RSS 1.08254e-09
25.2024 RSS 3.32999e-09
25.2024 PRSS 4.41209e-09
25.3024 RSS 4.41361e-13
25.3026 RSS 1.08254e-09
25.3049 RSS 3.32999e-09
25.3049 PRSS 2.28751e-09
--
Received one packet! Socket: 10.1.1.1 port: 49153 at time = 25.3049
--
25.4008 RSS 1.08254e-09
25.4031 RSS 4.41361e-13
25.4031 PRSS 7.74163e-09
25.5031 RSS 3.32999e-09
25.5033 RSS 1.08254e-09
25.5056 RSS 3.32999e-09
25.5056 PRSS 4.45849e-09
--
Received one packet! Socket: 10.1.1.1 port: 49153 at time = 25.5056
--
25.6039 RSS 1.08254e-09
25.6062 RSS 4.41361e-13
25.6062 PRSS 3.79354e-09
25.7041 RSS 1.08254e-09
25.7064 RSS 4.41361e-13
25.7064 PRSS 4.41209e-09
25.8039 RSS 1.08254e-09
25.8062 RSS 4.41361e-13
25.9041 RSS 1.08254e-09
25.9064 RSS -3.3291e-09
25.9064 PRSS 2.27435e-09
26.0017 RSS 1.08254e-09
26.004 RSS 4.41361e-13
26.004 PRSS 1.08254e-09
--
Received one packet! Socket: 10.1.1.1 port: 49153 at time = 26.004
--
26.1005 RSS 1.08254e-09
26.1028 RSS 3.32999e-09
26.1028 PRSS 4.97913e-09
26.2042 RSS 1.08254e-09
26.2065 RSS 4.41361e-13
26.2065 PRSS 1.08254e-09
--
Received one packet! Socket: 10.1.1.1 port: 49153 at time = 26.2065
--
26.3001 RSS 1.08254e-09
26.3024 RSS 4.41361e-13
26.3024 PRSS 4.41209e-09
26.4 RSS 1.08254e-09
26.4023 RSS 4.41361e-13
--
Received one packet! Socket: 10.1.1.1 port: 49153 at time = 26.4023
--
26.502 RSS 1.08254e-09
26.5043 RSS 4.41361e-13
26.5043 PRSS 5.62861e-09
26.6021 RSS 1.08254e-09
26.6044 RSS -3.3291e-09
26.6044 PRSS 5.30325e-09
26.7026 RSS 1.08254e-09
26.7049 RSS 3.32999e-09
26.7049 PRSS 4.66724e-09
26.8002 RSS 1.08254e-09
26.8025 RSS 3.32999e-09
26.8025 PRSS 3.75482e-09
--
Received one packet! Socket: 10.1.1.1 port: 49153 at time = 26.8025
--
26.9025 RSS 4.41361e-13
26.9043 RSS 1.08254e-09
26.9066 RSS 4.41361e-13
26.9066 PRSS 4.41209e-09
--
Received one packet! Socket: 10.1.1.1 port: 49153 at time = 26.9066
--
27.0017 RSS 1.08254e-09
27.004 RSS -6.65865e-09
27.004 PRSS 4.3634e-09
27.1011 RSS 1.08254e-09
27.1034 RSS 3.32999e-09
27.1034 PRSS 5.48226e-09
27.2024 RSS 1.08254e-09
27.2047 RSS 4.41361e-13
27.2047 PRSS 5.2856e-09
27.3012 RSS 1.08254e-09
27.3035 RSS -3.3291e-09
27.3035 PRSS 5.15161e-09
27.4009 RSS 1.08254e-09
27.4032 RSS 4.41361e-13
27.4032 PRSS 4.41209e-09
--
Received one packet! Socket: 10.1.1.1 port: 49153 at time = 27.4032
--
27.5007 RSS 1.08254e-09
27.503 RSS 3.32999e-09
27.503 PRSS 4.46292e-09
--
Received one packet! Socket: 10.1.1.1 port: 49153 at time = 27.503
--
27.6003 RSS 1.08254e-09
27.6026 RSS 4.41361e-13
27.6026 PRSS 4.41209e-09
--
Received one packet! Socket: 10.1.1.1 port: 49153 at time = 27.6026
--
27.7026 RSS 3.32999e-09
27.7045 RSS 1.08254e-09
27.7068 RSS 4.41361e-13
27.8028 RSS 1.08254e-09
27.8051 RSS 4.41361e-13
27.903 RSS 1.08254e-09
27.9053 RSS 4.41361e-13
--
Received one packet! Socket: 10.1.1.1 port: 49153 at time = 27.9053
--
28.0012 RSS 1.08254e-09
28.0035 RSS -3.3291e-09
28.0035 PRSS 4.00409e-09
--
Received one packet! Socket: 10.1.1.1 port: 49153 at time = 28.0035
--
28.1035 RSS 3.32999e-09
28.1037 RSS 1.08254e-09
28.106 RSS -3.3291e-09
28.106 PRSS 2.60643e-09
--
Received one packet! Socket: 10.1.1.1 port: 49153 at time = 28.106
--
28.2011 RSS 1.08254e-09
28.2034 RSS -3.3291e-09
28.2034 PRSS 4.3363e-09
28.3021 RSS 1.08254e-09
28.3044 RSS 3.32999e-09
28.3044 PRSS 3.63735e-09
--
Received one packet! Socket: 10.1.1.1 port: 49153 at time = 28.3044
--
28.4012 RSS 1.08254e-09
28.4035 RSS 3.32999e-09
28.4035 PRSS 6.75569e-09
28.5017 RSS 1.08254e-09
28.5041 RSS 4.41361e-13
28.5041 PRSS 4.41209e-09
28.601 RSS 1.08254e-09
28.6033 RSS 4.41361e-13
28.7022 RSS 1.08254e-09
28.7046 RSS 4.41361e-13
28.7046 PRSS 1.08254e-09
--
Received one packet! Socket: 10.1.1.1 port: 49153 at time = 28.7046
--
28.8041 RSS 1.08254e-09
28.8064 RSS -3.3291e-09
28.8064 PRSS 3.2408e-09
--
Received one packet! Socket: 10.1.1.1 port: 49153 at time = 28.8064
--
28.9004 RSS 1.08254e-09
28.9027 RSS 3.32999e-09
28.9027 PRSS 3.70741e-09
29.0035 RSS 1.08254e-09
29.0058 RSS 4.41361e-13
29.0058 PRSS 4.41209e-09
29.1033 RSS 1.08254e-09
29.1056 RSS 4.41361e-13
29.1056 PRSS 2.5198e-09
--
Received one packet! Socket: 10.1.1.1 port: 49153 at time = 29.1056
--
29.2016 RSS 1.08254e-09
29.2039 RSS 4.41361e-13
29.2039 PRSS 2.1522e-09
--
Received one packet! Socket: 10.1.1.1 port: 49153 at time = 29.2039
--
29.3046 RSS 1.08254e-09
29.3069 RSS 4.41361e-13
29.3069 PRSS 4.38665e-09
--
Received one packet! Socket: 10.1.1.1 port: 49153 at time = 29.3069
--
29.4001 RSS 1.08254e-09
29.4024 RSS 3.32999e-09
29.4024 PRSS 3.88437e-09
--
Received one packet! Socket: 10.1.1.1 port: 49153 at time = 29.4024
--
29.5024 RSS -3.3291e-09
29.5035 RSS 1.08254e-09
29.5058 RSS 3.32999e-09
29.5058 PRSS 2.62055e-09
--
Received one packet! Socket: 10.1.1.1 port: 49153 at time = 29.5058
--
29.6025 RSS 1.08254e-09
29.6048 RSS -3.3291e-09
29.6048 PRSS 6.30931e-09
29.703 RSS 1.08254e-09
29.7053 RSS -3.3291e-09
29.7053 PRSS 3.10854e-09
--
Received one packet! Socket: 10.1.1.1 port: 49153 at time = 29.7053
--
29.8036 RSS 1.08254e-09
29.8059 RSS -3.3291e-09
29.8059 PRSS 6.24083e-09
29.902 RSS 1.08254e-09
29.9043 RSS -3.3291e-09
29.9043 PRSS 4.70674e-09
--
Received one packet! Socket: 10.1.1.1 port: 49153 at time = 29.9043
--
30.0037 RSS 1.08254e-09
30.006 RSS 3.32999e-09
30.006 PRSS 5.09623e-09
30.1027 RSS 1.08254e-09
30.105 RSS 3.32999e-09
30.105 PRSS 4.41209e-09
--
Received one packet! Socket: 10.1.1.1 port: 49153 at time = 30.105
--
30.2016 RSS 1.08254e-09
30.2039 RSS 4.41361e-13
30.2039 PRSS 5.2377e-09
30.3039 RSS 3.32999e-09
30.304 RSS 1.08254e-09
30.3063 RSS 4.41361e-13
30.3063 PRSS 4.41209e-09
--
Received one packet! Socket: 10.1.1.1 port: 49153 at time = 30.3063
--
30.4021 RSS 1.08254e-09
30.4044 RSS 3.32999e-09
30.4044 PRSS 3.09354e-09
30.5024 RSS 1.08254e-09
30.5047 RSS -3.3291e-09
30.5047 PRSS 4.43334e-09
30.6036 RSS 1.08254e-09
30.6059 RSS 4.41361e-13
30.6059 PRSS 4.41209e-09
30.7002 RSS 1.08254e-09
30.7025 RSS -3.3291e-09
30.7025 PRSS 1.8371e-09
--
Received one packet! Socket: 10.1.1.1 port: 49153 at time = 30.7025
--
30.8013 RSS 1.08254e-09
30.8036 RSS -3.3291e-09
30.8036 PRSS 5.87574e-09
30.9021 RSS 1.08254e-09
30.9044 RSS 4.41361e-13
30.9044 PRSS 4.41209e-09
31.0044 RSS 3.32999e-09
31.0046 RSS 1.08254e-09
31.0069 RSS 4.41361e-13
--
Received one packet! Socket: 10.1.1.1 port: 49153 at time = 31.0069
--
31.1006 RSS 1.08254e-09
31.1029 RSS 3.32999e-09
31.1029 PRSS 6.74906e-09
31.2014 RSS 1.08254e-09
31.2037 RSS 4.41361e-13
31.2037 PRSS 5.78208e-09
31.3049 RSS 1.08254e-09
31.3072 RSS 4.41361e-13
31.3072 PRSS 3.33675e-09
31.4021 RSS 1.08254e-09
31.4044 RSS 4.41361e-13
31.4044 PRSS 4.41209e-09
31.5035 RSS 1.08254e-09
31.5058 RSS 3.32999e-09
31.5058 PRSS 3.00927e-09
--
Received one packet! Socket: 10.1.1.1 port: 49153 at time = 31.5058
--
31.6015 RSS 1.08254e-09
31.6038 RSS 4.41361e-13
31.6038 PRSS 4.41209e-09
31.7006 RSS 1.08254e-09
31.7029 RSS -3.3291e-09
31.7029 PRSS 6.24002e-09
31.8027 RSS 1.08254e-09
31.805 RSS 4.41361e-13
31.805 PRSS 4.41209e-09
--
Received one packet! Socket: 10.1.1.1 port: 49153 at time = 31.805
--
31.9033 RSS 1.08254e-09
31.9056 RSS -6.65865e-09
31.9056 PRSS 5.13736e-09
32.0001 RSS 1.08254e-09
32.0024 RSS 4.41361e-13
32.0024 PRSS 1.08254e-09
--
Received one packet! Socket: 10.1.1.1 port: 49153 at time = 32.0024
--
32.1024 RSS 3.32999e-09
32.104 RSS 1.08254e-09
32.1063 RSS -3.3291e-09
32.1063 PRSS 4.41209e-09
32.2002 RSS 1.08254e-09
32.2025 RSS 4.41361e-13
32.3025 RSS 3.32999e-09
32.3044 RSS 1.08254e-09
32.3067 RSS 3.32999e-09
32.3067 PRSS 7.03058e-09
32.4045 RSS 1.08254e-09
32.4068 RSS 4.41361e-13
32.4068 PRSS 6.43847e-09
32.5037 RSS 1.08254e-09
32.506 RSS 3.32999e-09
32.506 PRSS 2.43731e-09
32.6037 RSS 1.08254e-09
32.606 RSS 3.32999e-09
32.606 PRSS 1.88913e-09
--
Received one packet! Socket: 10.1.1.1 port: 49153 at time = 32.606
--
32.7047 RSS 1.08254e-09
32.707 RSS -3.3291e-09
32.707 PRSS 3.7349e-09
--
Received one packet! Socket: 10.1.1.1 port: 49153 at time = 32.707
--
32.8028 RSS 1.08254e-09
32.8051 RSS 3.32999e-09
32.8051 PRSS 6.58007e-09
32.9041 RSS 1.08254e-09
32.9064 RSS 3.32999e-09
32.9064 PRSS 6.11217e-09
33.0005 RSS 1.08254e-09
33.0028 RSS 4.41361e-13
33.0028 PRSS 6.61726e-09
33.1017 RSS 1.08254e-09
33.104 RSS -3.3291e-09
33.104 PRSS 6.20504e-09
33.2017 RSS 1.08254e-09
33.204 RSS 6.65953e-09
33.204 PRSS 5.65065e-09
33.304 RSS 4.41361e-13
33.3046 RSS 1.08254e-09
33.3069 RSS 3.32999e-09
33.3069 PRSS 2.6376e-09
--
Received one packet! Socket: 10.1.1.1 port: 49153 at time = 33.3069
--
33.4039 RSS 1.08254e-09
33.4062 RSS 3.32999e-09
33.4062 PRSS 4.41209e-09
33.5045 RSS 1.08254e-09
33.5068 RSS -3.3291e-09
33.5068 PRSS 1.88389e-09
--
Received one packet! Socket: 10.1.1.1 port: 49153 at time = 33.5068
--
33.6038 RSS 1.08254e-09
33.6061 RSS 4.41361e-13
33.6061 PRSS 4.41209e-09
--
Received one packet! Socket: 10.1.1.1 port: 49153 at time = 33.6061
--
33.704 RSS 1.08254e-09
33.7063 RSS -3.3291e-09
33.7063 PRSS 5.32516e-09
33.8039 RSS 1.08254e-09
33.8062 RSS 4.41361e-13
33.8062 PRSS 4.41209e-09
--
Received one packet! Socket: 10.1.1.1 port: 49153 at time = 33.8062
--
33.9017 RSS 1.08254e-09
33.904 RSS 4.41361e-13
33.904 PRSS 4.41537e-09
34.0004 RSS 1.08254e-09
34.0027 RSS 3.32999e-09
34.0027 PRSS 1.94395e-09
--
Received one packet! Socket: 10.1.1.1 port: 49153 at time = 34.0027
--
34.1045 RSS 1.08254e-09
34.1068 RSS 4.41361e-13
34.1068 PRSS 4.75936e-09
34.205 RSS 1.08254e-09
34.2073 RSS -3.3291e-09
34.2073 PRSS 1.08254e-09
--
Received one packet! Socket: 10.1.1.1 port: 49153 at time = 34.2073
--
34.3049 RSS 1.08254e-09
34.3072 RSS 3.32999e-09
34.3072 PRSS 1.99697e-09
--
Received one packet! Socket: 10.1.1.1 port: 49153 at time = 34.3072
--
34.4029 RSS 1.08254e-09
34.4052 RSS -3.3291e-09
34.4052 PRSS 2.23422e-09
--
Received one packet! Socket: 10.1.1.1 port: 49153 at time = 34.4052
--
34.5022 RSS 1.08254e-09
34.5045 RSS 3.32999e-09
34.5045 PRSS 1.58766e-09
--
Received one packet! Socket: 10.1.1.1 port: 49153 at time = 34.5045
--
34.6003 RSS 1.08254e-09
34.6026 RSS -3.3291e-09
34.6026 PRSS 1.2247e-09
--
Received one packet! Socket: 10.1.1.1 port: 49153 at time = 34.6026
--
34.7026 RSS 3.32999e-09
34.7027 RSS 1.08254e-09
34.705 RSS 3.32999e-09
34.705 PRSS 5.04843e-09
34.8013 RSS 1.08254e-09
34.8036 RSS 3.32999e-09
34.8036 PRSS 4.22385e-09
34.9036 RSS 1.08254e-09
34.9059 RSS 4.41361e-13
34.9059 PRSS 5.16914e-09
35.0027 RSS 1.08254e-09
35.0051 RSS -3.3291e-09
35.0051 PRSS 4.79857e-09
35.1021 RSS 1.08254e-09
35.1044 RSS 3.32999e-09
35.1044 PRSS 3.9401e-09
--
Received one packet! Socket: 10.1.1.1 port: 49153 at time = 35.1044
--
35.2039 RSS 1.08254e-09
35.2063 RSS 4.41361e-13
35.2063 PRSS 4.41209e-09
--
Received one packet! Socket: 10.1.1.1 port: 49153 at time = 35.2063
--
35.3023 RSS 1.08254e-09
35.3046 RSS -3.3291e-09
35.3046 PRSS 6.19117e-09
35.4008 RSS 1.08254e-09
35.4031 RSS 4.41361e-13
35.4031 PRSS 1.08254e-09
--
Received one packet! Socket: 10.1.1.1 port: 49153 at time = 35.4031
--
35.5011 RSS 1.08254e-09
35.5034 RSS -3.3291e-09
35.5034 PRSS 3.70676e-09
35.6034 RSS 3.32999e-09
35.6036 RSS 1.08254e-09
35.6059 RSS -3.3291e-09
35.6059 PRSS 4.13014e-09
--
Received one packet! Socket: 10.1.1.1 port: 49153 at time = 35.6059
--
35.7049 RSS 1.08254e-09
35.7072 RSS 4.41361e-13
35.7072 PRSS 4.41209e-09
--
Received one packet! Socket: 10.1.1.1 port: 49153 at time = 35.7072
--
35.8001 RSS 1.08254e-09
35.8024 RSS -3.3291e-09
35.8024 PRSS 1.08254e-09
--
Received one packet! Socket: 10.1.1.1 port: 49153 at time = 35.8024
--
35.9024 RSS 3.32999e-09
35.9048 RSS 1.08254e-09
35.9071 RSS -3.3291e-09
35.9071 PRSS 3.8924e-09
--
Received one packet! Socket: 10.1.1.1 port: 49153 at time = 35.9071
--
36.0025 RSS 1.08254e-09
36.0048 RSS 3.32999e-09
36.0048 PRSS 2.80477e-09
36.1009 RSS 1.08254e-09
36.1032 RSS 4.41361e-13
36.1032 PRSS 7.74163e-09
36.2013 RSS 1.08254e-09
36.2036 RSS -3.3291e-09
36.2036 PRSS 6.98881e-09
36.3036 RSS 3.32999e-09
36.3036 RSS 1.08254e-09
36.3059 RSS 4.41361e-13
36.3059 PRSS 4.41209e-09
36.4009 RSS 1.08254e-09
36.4032 RSS 4.41361e-13
36.4032 PRSS 2.67043e-09
36.5023 RSS 1.08254e-09
36.5046 RSS 3.32999e-09
36.5046 PRSS 1.94233e-09
--
Received one packet! Socket: 10.1.1.1 port: 49153 at time = 36.5046
--
36.6031 RSS 1.08254e-09
36.6054 RSS 4.41361e-13
36.6054 PRSS 4.41209e-09
--
Received one packet! Socket: 10.1.1.1 port: 49153 at time = 36.6054
--
36.7039 RSS 1.08254e-09
36.7062 RSS -3.3291e-09
36.7062 PRSS 1.39737e-09
36.8005 RSS 1.08254e-09
36.8028 RSS 3.32999e-09
36.8028 PRSS 4.41209e-09
--
Received one packet! Socket: 10.1.1.1 port: 49153 at time = 36.8028
--
36.9008 RSS 1.08254e-09
36.9031 RSS -3.3291e-09
36.9031 PRSS 7.45799e-09
37.0022 RSS 1.08254e-09
37.0045 RSS 3.32999e-09
37.0045 PRSS 3.4697e-09
--
Received one packet! Socket: 10.1.1.1 port: 49153 at time = 37.0045
--
37.1004 RSS 1.08254e-09
37.1027 RSS 4.41361e-13
37.1027 PRSS 4.41209e-09
37.2022 RSS 1.08254e-09
37.2045 RSS -3.3291e-09
37.2045 PRSS 6.92042e-09
37.3032 RSS 1.08254e-09
37.3055 RSS 3.32999e-09
37.3055 PRSS 4.21823e-09
37.4034 RSS 1.08254e-09
37.4057 RSS -3.3291e-09
37.4057 PRSS 2.37924e-09
--
Received one packet! Socket: 10.1.1.1 port: 49153 at time = 37.4057
--
37.5026 RSS 1.08254e-09
37.5049 RSS -3.3291e-09
37.5049 PRSS 1.98643e-09
37.6003 RSS 1.08254e-09
37.6026 RSS -3.3291e-09
37.6026 PRSS 2.22617e-09
37.7001 RSS 1.08254e-09
37.7024 RSS 4.41361e-13
37.7024 PRSS 6.92579e-09
37.8024 RSS 3.32999e-09
37.8038 RSS 1.08254e-09
37.8061 RSS 3.32999e-09
37.8061 PRSS 6.26412e-09
37.9049 RSS 1.08254e-09
37.9072 RSS 3.32999e-09
37.9072 PRSS 2.19055e-09
38.0012 RSS 1.08254e-09
38.0035 RSS 4.41361e-13
38.0035 PRSS 7.74163e-09
38.1016 RSS 1.08254e-09
38.1039 RSS 4.41361e-13
38.1039 PRSS 2.94289e-09
--
Received one packet! Socket: 10.1.1.1 port: 49153 at time = 38.1039
--
38.2033 RSS 1.08254e-09
38.2056 RSS 4.41361e-13
38.2056 PRSS 2.39787e-09
--
Received one packet! Socket: 10.1.1.1 port: 49153 at time = 38.2056
--
38.3036 RSS 1.08254e-09
38.3059 RSS -3.3291e-09
38.3059 PRSS 2.0334e-09
--
Received one packet! Socket: 10.1.1.1 port: 49153 at time = 38.3059
--
38.4019 RSS 1.08254e-09
38.4042 RSS 3.32999e-09
38.4042 PRSS 1.54096e-09
--
Received one packet! Socket: 10.1.1.1 port: 49153 at time = 38.4042
--
38.5021 RSS 1.08254e-09
38.5044 RSS 4.41361e-13
38.5044 PRSS 4.41209e-09
38.6031 RSS 1.08254e-09
38.6054 RSS 4.41361e-13
38.7048 RSS 1.08254e-09
38.7071 RSS 4.41361e-13
38.803 RSS 1.08254e-09
38.8053 RSS 4.41361e-13
--
Received one packet! Socket: 10.1.1.1 port: 49153 at time = 38.8053
--
38.9011 RSS 1.08254e-09
38.9034 RSS -3.3291e-09
38.9034 PRSS 5.49329e-09
39.0028 RSS 1.08254e-09
39.0051 RSS 4.41361e-13
39.0051 PRSS 5.5215e-09
39.1037 RSS 1.08254e-09
39.106 RSS 4.41361e-13
39.106 PRSS 4.41209e-09
--
Received one packet! Socket: 10.1.1.1 port: 49153 at time = 39.106
--
39.2009 RSS 1.08254e-09
39.2033 RSS 4.41361e-13
39.2033 PRSS 1.08254e-09
--
Received one packet! Socket: 10.1.1.1 port: 49153 at time = 39.2033
--
39.3022 RSS 1.08254e-09
39.3045 RSS 4.41361e-13
39.3045 PRSS 5.45805e-09
39.4041 RSS 1.08254e-09
39.4064 RSS 3.32999e-09
39.4064 PRSS 3.28647e-09
--
Received one packet! Socket: 10.1.1.1 port: 49153 at time = 39.4064
--
39.5014 RSS 1.08254e-09
39.5037 RSS 4.41361e-13
39.5037 PRSS 4.41209e-09
39.6014 RSS 1.08254e-09
39.6037 RSS -3.3291e-09
39.6037 PRSS 1.13078e-09
--
Received one packet! Socket: 10.1.1.1 port: 49153 at time = 39.6037
--
39.7025 RSS 1.08254e-09
39.7048 RSS 4.41361e-13
39.7048 PRSS 4.61739e-09
39.8034 RSS 1.08254e-09
39.8057 RSS -3.3291e-09
39.8057 PRSS 4.42354e-09
39.9006 RSS 1.08254e-09
39.9029 RSS 3.32999e-09
39.9029 PRSS 6.29244e-09
40.0046 RSS 1.08254e-09
40.0069 RSS 4.41361e-13
40.0069 PRSS 4.41209e-09
--
Received one packet! Socket: 10.1.1.1 port: 49153 at time = 40.0069
--
40.104 RSS 1.08254e-09
40.1063 RSS 3.32999e-09
--
Received one packet! Socket: 10.1.1.1 port: 49153 at time = 40.1063
--
40.2046 RSS 1.08254e-09
40.2069 RSS 4.41361e-13
40.3001 RSS 1.08254e-09
40.3024 RSS 4.41361e-13
40.4036 RSS 1.08254e-09
40.4059 RSS 3.32999e-09
40.4059 PRSS 6.32e-09
40.5013 RSS 1.08254e-09
40.5036 RSS 4.41361e-13
40.5036 PRSS 4.41209e-09
40.6036 RSS 3.32999e-09
40.6038 RSS 1.08254e-09
40.6061 RSS -3.3291e-09
40.6061 PRSS 6.02615e-09
40.7033 RSS 1.08254e-09
40.7056 RSS 3.32999e-09
40.7056 PRSS 4.41209e-09
--
Received one packet! Socket: 10.1.1.1 port: 49153 at time = 40.7056
--
40.8038 RSS 1.08254e-09
40.8061 RSS 4.41361e-13
40.902 RSS 1.08254e-09
40.9043 RSS -3.3291e-09
41.0002 RSS 1.08254e-09
41.0025 RSS -3.3291e-09
41.0025 PRSS 4.21754e-09
41.101 RSS 1.08254e-09
41.1033 RSS 4.41361e-13
41.1033 PRSS 5.11379e-09
41.2017 RSS 1.08254e-09
41.204 RSS -3.3291e-09
41.204 PRSS 4.83901e-09
41.3031 RSS 1.08254e-09
41.3054 RSS 3.32999e-09
41.3054 PRSS 7.24521e-09
41.4035 RSS 1.08254e-09
41.4058 RSS 3.32999e-09
41.4058 PRSS 4.41209e-09
41.502 RSS 1.08254e-09
41.5043 RSS 4.41361e-13
41.601 RSS 1.08254e-09
41.6033 RSS 4.41361e-13
--
Received one packet! Socket: 10.1.1.1 port: 49153 at time = 41.6033
--
41.7029 RSS 1.08254e-09
41.7052 RSS 4.41361e-13
41.7052 PRSS 4.04783e-09
--
Received one packet! Socket: 10.1.1.1 port: 49153 at time = 41.7052
--
41.802 RSS 1.08254e-09
41.8043 RSS 4.41361e-13
41.8043 PRSS 7.74163e-09
41.9045 RSS 1.08254e-09
41.9068 RSS -3.3291e-09
41.9068 PRSS 3.59619e-09
42.0001 RSS 1.08254e-09
42.0024 RSS 4.41361e-13
42.0024 PRSS 1.08254e-09
--
Received one packet! Socket: 10.1.1.1 port: 49153 at time = 42.0024
--
42.1024 RSS 3.32999e-09
42.1045 RSS 1.08254e-09
42.1068 RSS -3.3291e-09
42.1068 PRSS 4.63199e-09
42.2008 RSS 1.08254e-09
42.2031 RSS 4.41361e-13
42.2031 PRSS 4.41209e-09
42.3013 RSS 1.08254e-09
42.3036 RSS 4.41361e-13
42.4044 RSS 1.08254e-09
42.4067 RSS 3.32999e-09
42.4067 PRSS 3.07075e-09
--
Received one packet! Socket: 10.1.1.1 port: 49153 at time = 42.4067
--
42.5014 RSS 1.08254e-09
42.5037 RSS 4.41361e-13
42.5037 PRSS 4.41209e-09
--
Received one packet! Socket: 10.1.1.1 port: 49153 at time = 42.5037
--
42.602 RSS 1.08254e-09
42.6043 RSS 3.32999e-09
42.6043 PRSS 6.0237e-09
42.7027 RSS 1.08254e-09
42.705 RSS -3.3291e-09
42.705 PRSS 4.41209e-09
42.8029 RSS 1.08254e-09
42.8052 RSS -3.3291e-09
42.8052 PRSS 5.90002e-09
42.901 RSS 1.08254e-09
42.9033 RSS -3.3291e-09
42.9033 PRSS 4.41209e-09
43.002 RSS 1.08254e-09
43.0043 RSS 4.41361e-13
43.0043 PRSS 1.08254e-09
--
Received one packet! Socket: 10.1.1.1 port: 49153 at time = 43.0043
--
43.1037 RSS 1.08254e-09
43.106 RSS 4.41361e-13
43.106 PRSS 4.9455e-09
43.2019 RSS 1.08254e-09
43.2042 RSS 4.41361e-13
43.2042 PRSS 4.41209e-09
--
Received one packet! Socket: 10.1.1.1 port: 49153 at time = 43.2042
--
43.3042 RSS 3.32999e-09
43.3048 RSS 1.08254e-09
43.3071 RSS 3.32999e-09
43.3071 PRSS 4.80601e-09
43.4029 RSS 1.08254e-09
43.4052 RSS -3.3291e-09
43.4052 PRSS 5.04681e-09
43.503 RSS 1.08254e-09
43.5053 RSS 4.41361e-13
43.5053 PRSS 4.41209e-09
43.6015 RSS 1.08254e-09
43.6038 RSS -6.65865e-09
43.6038 PRSS 4.06642e-09
43.7026 RSS 1.08254e-09
43.7049 RSS 4.41361e-13
43.7049 PRSS 2.2547e-09
--
Received one packet! Socket: 10.1.1.1 port: 49153 at time = 43.7049
--
43.801 RSS 1.08254e-09
43.8033 RSS 4.41361e-13
43.8033 PRSS 7.74163e-09
43.901 RSS 1.08254e-09
43.9033 RSS 3.32999e-09
43.9033 PRSS 2.1596e-09
--
Received one packet! Socket: 10.1.1.1 port: 49153 at time = 43.9033
--
44.0033 RSS -3.3291e-09
44.0047 RSS 1.08254e-09
44.007 RSS 3.32999e-09
44.007 PRSS 2.95753e-09
44.1016 RSS 1.08254e-09
44.1039 RSS 4.41361e-13
44.1039 PRSS 2.26002e-09
--
Received one packet! Socket: 10.1.1.1 port: 49153 at time = 44.1039
--
44.2039 RSS 3.32999e-09
44.2039 RSS 1.08254e-09
44.2062 RSS 4.41361e-13
44.2062 PRSS 4.41209e-09
44.301 RSS 1.08254e-09
44.3033 RSS 4.41361e-13
44.403 RSS 1.08254e-09
44.4053 RSS 3.32999e-09
44.4053 PRSS 5.79238e-09
44.5007 RSS 1.08254e-09
44.503 RSS 3.32999e-09
44.503 PRSS 7.15769e-09
44.6012 RSS 1.08254e-09
44.6035 RSS 4.41361e-13
44.6035 PRSS 5.54883e-09
44.7035 RSS 3.32999e-09
44.705 RSS 1.08254e-09
44.7073 RSS -3.3291e-09
44.7073 PRSS 3.16268e-09
44.8032 RSS 1.08254e-09
44.8055 RSS 3.32999e-09
44.8055 PRSS 2.39568e-09
--
Received one packet! Socket: 10.1.1.1 port: 49153 at time = 44.8055
--
44.901 RSS 1.08254e-09
44.9033 RSS 3.32999e-09
44.9033 PRSS 6.33607e-09
45.0033 RSS -3.3291e-09
45.0038 RSS 1.08254e-09
45.0061 RSS 3.32999e-09
45.0061 PRSS 4.69377e-09
45.1024 RSS 1.08254e-09
45.1047 RSS 4.41361e-13
45.1047 PRSS 2.81881e-09
--
Received one packet! Socket: 10.1.1.1 port: 49153 at time = 45.1047
--
45.2002 RSS 1.08254e-09
45.2025 RSS 3.32999e-09
45.2025 PRSS 4.41209e-09
--
Received one packet! Socket: 10.1.1.1 port: 49153 at time = 45.2025
--
45.3025 RSS -3.3291e-09
45.3047 RSS 1.08254e-09
45.307 RSS 3.32999e-09
45.307 PRSS 5.99548e-09
45.4047 RSS 1.08254e-09
45.407 RSS -3.3291e-09
45.407 PRSS 1.52886e-09
--
Received one packet! Socket: 10.1.1.1 port: 49153 at time = 45.407
--
45.5039 RSS 1.08254e-09
45.5062 RSS 4.41361e-13
45.5062 PRSS 4.41209e-09
--
Received one packet! Socket: 10.1.1.1 port: 49153 at time = 45.5062
--
45.604 RSS 1.08254e-09
45.6063 RSS 4.41361e-13
--
Received one packet! Socket: 10.1.1.1 port: 49153 at time = 45.6063
--
45.7 RSS 1.08254e-09
45.7023 RSS 4.41361e-13
45.7023 PRSS 2.06944e-09
--
Received one packet! Socket: 10.1.1.1 port: 49153 at time = 45.7023
--
45.8023 RSS 3.32999e-09
45.8025 RSS 1.08254e-09
45.8048 RSS 4.41361e-13
45.8048 PRSS 4.41209e-09
45.902 RSS 1.08254e-09
45.9043 RSS -3.3291e-09
45.9043 PRSS 5.87766e-09
46.0043 RSS 3.32999e-09
46.0045 RSS 1.08254e-09
46.0068 RSS -3.3291e-09
46.0068 PRSS 4.19652e-09
46.1016 RSS 1.08254e-09
46.1039 RSS 4.41361e-13
46.1039 PRSS 3.34093e-09
--
Received one packet! Socket: 10.1.1.1 port: 49153 at time = 46.1039
--
46.2043 RSS 1.08254e-09
46.2066 RSS 4.41361e-13
46.2066 PRSS 5.43601e-09
46.3017 RSS 1.08254e-09
46.304 RSS 4.41361e-13
46.304 PRSS 4.41209e-09
46.4014 RSS 1.08254e-09
46.4037 RSS 3.32999e-09
46.4037 PRSS 7.49478e-09
46.5031 RSS 1.08254e-09
46.5054 RSS 4.41361e-13
46.5054 PRSS 4.41209e-09
46.6014 RSS 1.08254e-09
46.6037 RSS 4.41361e-13
--
Received one packet! Socket: 10.1.1.1 port: 49153 at time = 46.6037
--
46.7037 RSS 3.32999e-09
46.7049 RSS 1.08254e-09
46.7072 RSS -3.3291e-09
46.7072 PRSS 4.50286e-09
46.8005 RSS 1.08254e-09
46.8028 RSS 4.41361e-13
46.8028 PRSS 5.98084e-09
46.9017 RSS 1.08254e-09
46.904 RSS -3.3291e-09
46.904 PRSS 7.45224e-09
47.004 RSS 3.32999e-09
47.0045 RSS 1.08254e-09
47.0068 RSS -3.3291e-09
47.0068 PRSS 2.89549e-09
--
Received one packet! Socket: 10.1.1.1 port: 49153 at time = 47.0068
--
47.1031 RSS 1.08254e-09
47.1054 RSS 4.41361e-13
47.1054 PRSS 4.41209e-09
--
Received one packet! Socket: 10.1.1.1 port: 49153 at time = 47.1054
--
47.203 RSS 1.08254e-09
47.2053 RSS 3.32999e-09
47.3047 RSS 1.08254e-09
47.307 RSS -3.3291e-09
47.307 PRSS 1.88546e-09
--
Received one packet! Socket: 10.1.1.1 port: 49153 at time = 47.307
--
47.4049 RSS 1.08254e-09
47.4072 RSS 3.32999e-09
47.4072 PRSS 6.98147e-09
47.5031 RSS 1.08254e-09
47.5054 RSS 4.41361e-13
47.5054 PRSS 4.46729e-09
--
Received one packet! Socket: 10.1.1.1 port: 49153 at time = 47.5054
--
47.601 RSS 1.08254e-09
47.6033 RSS 4.41361e-13
47.6033 PRSS 6.06403e-09
47.7015 RSS 1.08254e-09
47.7038 RSS 4.41361e-13
47.7038 PRSS 4.41209e-09
47.8012 RSS 1.08254e-09
47.8035 RSS 4.41361e-13
47.8035 PRSS 4.81814e-09
47.9003 RSS 1.08254e-09
47.9026 RSS 4.41361e-13
47.9026 PRSS 4.41209e-09
--
Received one packet! Socket: 10.1.1.1 port: 49153 at time = 47.9026
--
48.0026 RSS -3.3291e-09
48.0046 RSS 1.08254e-09
48.0069 RSS 6.65953e-09
48.0069 PRSS 4.35664e-09
48.1008 RSS 1.08254e-09
48.1031 RSS -3.3291e-09
48.1031 PRSS 1.40957e-09
--
Received one packet! Socket: 10.1.1.1 port: 49153 at time = 48.1031
--
48.2028 RSS 1.08254e-09
48.2051 RSS 3.32999e-09
48.2051 PRSS 6.49867e-09
48.3028 RSS 1.08254e-09
48.3051 RSS -3.3291e-09
48.3051 PRSS 6.96252e-09
48.4023 RSS 1.08254e-09
48.4046 RSS -3.3291e-09
48.4046 PRSS 6.17344e-09
48.5024 RSS 1.08254e-09
48.5047 RSS -3.3291e-09
48.5047 PRSS 3.58155e-09
--
Received one packet! Socket: 10.1.1.1 port: 49153 at time = 48.5047
--
48.6006 RSS 1.08254e-09
48.6029 RSS -3.3291e-09
48.6029 PRSS 4.64071e-09
48.7029 RSS 3.32999e-09
48.7039 RSS 1.08254e-09
48.7062 RSS -3.3291e-09
48.7062 PRSS 4.43014e-09
48.8036 RSS 1.08254e-09
48.8059 RSS -3.3291e-09
48.8059 PRSS 4.90701e-09
48.901 RSS 1.08254e-09
48.9033 RSS 3.32999e-09
48.9033 PRSS 3.53814e-09
49.0007 RSS 1.08254e-09
49.003 RSS 4.41361e-13
49.003 PRSS 4.41209e-09
--
Received one packet! Socket: 10.1.1.1 port: 49153 at time = 49.003
--
49.103 RSS 3.32999e-09
49.1046 RSS 1.08254e-09
49.1069 RSS 4.41361e-13
49.201 RSS 1.08254e-09
49.2033 RSS 3.32999e-09
49.2033 PRSS 3.65583e-09
--
Received one packet! Socket: 10.1.1.1 port: 49153 at time = 49.2033
--
49.3034 RSS 1.08254e-09
49.3057 RSS 4.41361e-13
49.3057 PRSS 4.41209e-09
49.4025 RSS 1.08254e-09
49.4048 RSS 4.41361e-13
49.4048 PRSS 3.60185e-09
--
Received one packet! Socket: 10.1.1.1 port: 49153 at time = 49.4048
--
49.5024 RSS 1.08254e-09
49.5047 RSS 3.32999e-09
49.5047 PRSS 7.40377e-09
49.6036 RSS 1.08254e-09
49.6059 RSS 4.41361e-13
49.6059 PRSS 4.41209e-09
49.7024 RSS 1.08254e-09
49.7047 RSS 4.41361e-13
--
Received one packet! Socket: 10.1.1.1 port: 49153 at time = 49.7047
--
49.8017 RSS 1.08254e-09
49.804 RSS 4.41361e-13
49.804 PRSS 4.58737e-09
49.9006 RSS 1.08254e-09
49.9029 RSS 3.32999e-09
49.9029 PRSS 4.52669e-09
50.0022 RSS 1.08254e-09
50.0045 RSS 4.41361e-13
50.0045 PRSS 4.41209e-09
--
Received one packet! Socket: 10.1.1.1 port: 49153 at time = 50.0045
--
50.1046 RSS 1.08254e-09
50.1069 RSS 3.32999e-09
50.1069 PRSS 2.32967e-09
50.2013 RSS 1.08254e-09
50.2036 RSS 4.41361e-13
50.2036 PRSS 3.71794e-09
50.3041 RSS 1.08254e-09
50.3064 RSS 4.41361e-13
50.3064 PRSS 4.41209e-09
--
Received one packet! Socket: 10.1.1.1 port: 49153 at time = 50.3064
--
50.4045 RSS 1.08254e-09
50.4068 RSS -3.3291e-09
50.4068 PRSS 1.92544e-09
--
Received one packet! Socket: 10.1.1.1 port: 49153 at time = 50.4068
--
50.5036 RSS 1.08254e-09
50.5059 RSS 3.32999e-09
50.5059 PRSS 7.62331e-09
50.6029 RSS 1.08254e-09
50.6052 RSS 3.32999e-09
50.6052 PRSS 3.15178e-09
--
Received one packet! Socket: 10.1.1.1 port: 49153 at time = 50.6052
--
50.7007 RSS 1.08254e-09
50.703 RSS -3.3291e-09
50.703 PRSS 4.14341e-09
50.802 RSS 1.08254e-09
50.8043 RSS 4.41361e-13
50.8043 PRSS 4.36085e-09
50.9016 RSS 1.08254e-09
50.9039 RSS 3.32999e-09
50.9039 PRSS 6.36262e-09
51.0015 RSS 1.08254e-09
51.0038 RSS 4.41361e-13
51.0038 PRSS 4.41209e-09
51.1003 RSS 1.08254e-09
51.1026 RSS 4.41361e-13
51.1026 PRSS 5.23508e-09
51.2 RSS 1.08254e-09
51.2024 RSS 4.41361e-13
51.2024 PRSS 4.41209e-09
--
Received one packet! Socket: 10.1.1.1 port: 49153 at time = 51.2024
--
51.3012 RSS 1.08254e-09
51.3035 RSS 4.41361e-13
51.4015 RSS 1.08254e-09
51.4038 RSS 4.41361e-13
51.4038 PRSS 6.29962e-09
51.5009 RSS 1.08254e-09
51.5032 RSS -3.3291e-09
51.5032 PRSS 1.08254e-09
--
Received one packet! Socket: 10.1.1.1 port: 49153 at time = 51.5032
--
51.6032 RSS 4.41361e-13
51.6044 RSS 1.08254e-09
51.6067 RSS 3.32999e-09
51.6067 PRSS 2.80571e-09
--
Received one packet! Socket: 10.1.1.1 port: 49153 at time = 51.6067
--
51.7025 RSS 1.08254e-09
51.7048 RSS 4.41361e-13
51.7048 PRSS 3.35233e-09
51.8028 RSS 1.08254e-09
51.8051 RSS 4.41361e-13
51.8051 PRSS 4.41209e-09
51.9011 RSS 1.08254e-09
51.9034 RSS 4.41361e-13
--
Received one packet! Socket: 10.1.1.1 port: 49153 at time = 51.9034
--
52.0025 RSS 1.08254e-09
52.0048 RSS 4.41361e-13
52.1017 RSS 1.08254e-09
52.104 RSS -3.3291e-09
52.104 PRSS 2.37916e-09
52.2049 RSS 1.08254e-09
52.2072 RSS 3.32999e-09
52.2072 PRSS 4.01652e-09
--
Received one packet! Socket: 10.1.1.1 port: 49153 at time = 52.2072
--
52.3032 RSS 1.08254e-09
52.3055 RSS -3.3291e-09
52.3055 PRSS 3.33533e-09
--
Received one packet! Socket: 10.1.1.1 port: 49153 at time = 52.3055
--
52.4013 RSS 1.08254e-09
52.4036 RSS -3.3291e-09
52.4036 PRSS 6.12418e-09
52.5018 RSS 1.08254e-09
52.5041 RSS -3.3291e-09
52.5041 PRSS 3.6465e-09
--
Received one packet! Socket: 10.1.1.1 port: 49153 at time = 52.5041
--
52.6024 RSS 1.08254e-09
52.6047 RSS 3.32999e-09
52.6047 PRSS 3.16234e-09
--
Received one packet! Socket: 10.1.1.1 port: 49153 at time = 52.6047
--
52.703 RSS 1.08254e-09
52.7053 RSS 4.41361e-13
52.7053 PRSS 4.41209e-09
52.8021 RSS 1.08254e-09
52.8044 RSS 4.41361e-13
52.8044 PRSS 2.40782e-09
--
Received one packet! Socket: 10.1.1.1 port: 49153 at time = 52.8044
--
52.9006 RSS 1.08254e-09
52.9029 RSS 3.32999e-09
52.9029 PRSS 6.17202e-09
53.0029 RSS 4.41361e-13
53.0037 RSS 1.08254e-09
53.006 RSS 3.32999e-09
53.006 PRSS 4.90067e-09
53.1005 RSS 1.08254e-09
53.1028 RSS 4.41361e-13
53.1028 PRSS 5.63508e-09
53.2028 RSS 3.32999e-09
53.2044 RSS 1.08254e-09
53.2067 RSS -3.3291e-09
53.2067 PRSS 1.37232e-09
53.3007 RSS 1.08254e-09
53.303 RSS -3.3291e-09
53.303 PRSS 3.11244e-09
53.403 RSS 3.32999e-09
53.4048 RSS 1.08254e-09
53.4071 RSS 4.41361e-13
53.4071 PRSS 4.41209e-09
53.5042 RSS 1.08254e-09
53.5065 RSS 3.32999e-09
53.5065 PRSS 3.07518e-09
--
Received one packet! Socket: 10.1.1.1 port: 49153 at time = 53.5065
--
53.6003 RSS 1.08254e-09
53.6026 RSS 3.32999e-09
53.6026 PRSS 5.36214e-09
53.7041 RSS 1.08254e-09
53.7064 RSS -3.3291e-09
53.7064 PRSS 6.22283e-09
53.8021 RSS 1.08254e-09
53.8044 RSS -3.3291e-09
53.8044 PRSS 5.96252e-09
53.902 RSS 1.08254e-09
53.9043 RSS 6.65953e-09
53.9043 PRSS 3.40768e-09
54.0043 RSS -3.3291e-09
54.0048 RSS 1.08254e-09
54.0071 RSS 3.32999e-09
54.0071 PRSS 4.13919e-09
54.1028 RSS 1.08254e-09
54.1051 RSS 3.32999e-09
54.1051 PRSS 3.31472e-09
54.2027 RSS 1.08254e-09
54.205 RSS 4.41361e-13
54.205 PRSS 4.41209e-09
54.3006 RSS 1.08254e-09
54.3029 RSS 4.41361e-13
54.3029 PRSS 5.30121e-09
54.4028 RSS 1.08254e-09
54.4051 RSS 3.32999e-09
54.4051 PRSS 7.02031e-09
54.5033 RSS 1.08254e-09
54.5056 RSS 4.41361e-13
54.5056 PRSS 1.73382e-09
--
Received one packet! Socket: 10.1.1.1 port: 49153 at time = 54.5056
--
54.6026 RSS 1.08254e-09
54.605 RSS 4.41361e-13
54.605 PRSS 5.53984e-09
54.7045 RSS 1.08254e-09
54.7068 RSS 4.41361e-13
54.7068 PRSS 7.74163e-09
54.8025 RSS 1.08254e-09
54.8048 RSS 4.41361e-13
54.8048 PRSS 1.08254e-09
--
Received one packet! Socket: 10.1.1.1 port: 49153 at time = 54.8048
--
54.9024 RSS 1.08254e-09
54.9047 RSS 3.32999e-09
54.9047 PRSS 3.84504e-09
55.0001 RSS 1.08254e-09
55.0024 RSS 3.32999e-09
55.0024 PRSS 4.41209e-09
--
Received one packet! Socket: 10.1.1.1 port: 49153 at time = 55.0024
--
55.1029 RSS 1.08254e-09
55.1052 RSS 3.32999e-09
55.1052 PRSS 7.44905e-09
55.2013 RSS 1.08254e-09
55.2036 RSS 4.41361e-13
55.2036 PRSS 4.41209e-09
--
Received one packet! Socket: 10.1.1.1 port: 49153 at time = 55.2036
--
55.3014 RSS 1.08254e-09
55.3037 RSS 4.41361e-13
55.3037 PRSS 3.22674e-09
55.4001 RSS 1.08254e-09
55.4024 RSS 3.32999e-09
55.4024 PRSS 3.86563e-09
--
Received one packet! Socket: 10.1.1.1 port: 49153 at time = 55.4024
--
55.5034 RSS 1.08254e-09
55.5057 RSS 4.41361e-13
55.5057 PRSS 4.41209e-09
55.6022 RSS 1.08254e-09
55.6045 RSS 4.41361e-13
55.6045 PRSS 1.08254e-09
--
Received one packet! Socket: 10.1.1.1 port: 49153 at time = 55.6045
--
55.7039 RSS 1.08254e-09
55.7062 RSS 3.32999e-09
55.7062 PRSS 3.76691e-09
55.8018 RSS 1.08254e-09
55.8041 RSS -3.3291e-09
55.8041 PRSS 6.65122e-09
55.9041 RSS 4.41361e-13
55.9041 RSS 1.08254e-09
55.9064 RSS 3.32999e-09
55.9064 PRSS 1.79957e-09
--
Received one packet! Socket: 10.1.1.1 port: 49153 at time = 55.9064
--
56.0045 RSS 1.08254e-09
56.0068 RSS -3.3291e-09
56.0068 PRSS 5.26016e-09
56.1026 RSS 1.08254e-09
56.1049 RSS -3.3291e-09
56.1049 PRSS 4.77856e-09
56.2029 RSS 1.08254e-09
56.2052 RSS 4.41361e-13
56.2052 PRSS 4.41209e-09
--
Received one packet! Socket: 10.1.1.1 port: 49153 at time = 56.2052
--
56.3021 RSS 1.08254e-09
56.3044 RSS 4.41361e-13
--
Received one packet! Socket: 10.1.1.1 port: 49153 at time = 56.3044
--
56.4027 RSS 1.08254e-09
56.405 RSS -3.3291e-09
--
Received one packet! Socket: 10.1.1.1 port: 49153 at time = 56.405
--
56.5018 RSS 1.08254e-09
56.5041 RSS -3.3291e-09
56.5041 PRSS 7.49814e-09
56.6027 RSS 1.08254e-09
56.605 RSS 4.41361e-13
56.605 PRSS 4.41209e-09
--
Received one packet! Socket: 10.1.1.1 port: 49153 at time = 56.605
--
56.7045 RSS 1.08254e-09
56.7068 RSS 4.41361e-13
56.7068 PRSS 3.00421e-09
--
Received one packet! Socket: 10.1.1.1 port: 49153 at time = 56.7068
--
56.803 RSS 1.08254e-09
56.8053 RSS 3.32999e-09
56.8053 PRSS 2.94128e-09
56.9001 RSS 1.08254e-09
56.9024 RSS -3.3291e-09
56.9024 PRSS 4.13675e-09
--
Received one packet! Socket: 10.1.1.1 port: 49153 at time = 56.9024
--
57.0009 RSS 1.08254e-09
57.0032 RSS 4.41361e-13
57.0032 PRSS 4.81316e-09
--
Received one packet! Socket: 10.1.1.1 port: 49153 at time = 57.0032
--
57.102 RSS 1.08254e-09
57.1043 RSS 4.41361e-13
57.1043 PRSS 4.52272e-09
--
Received one packet! Socket: 10.1.1.1 port: 49153 at time = 57.1043
--
57.2039 RSS 1.08254e-09
57.2062 RSS 4.41361e-13
57.2062 PRSS 4.41209e-09
57.3002 RSS 1.08254e-09
57.3025 RSS 4.41361e-13
57.3025 PRSS 7.74163e-09
57.4013 RSS 1.08254e-09
57.4036 RSS 3.32999e-09
57.4036 PRSS 4.23921e-09
57.5004 RSS 1.08254e-09
57.5027 RSS 3.32999e-09
57.5027 PRSS 6.46707e-09
57.6027 RSS 4.41361e-13
57.6033 RSS 1.08254e-09
57.6056 RSS 4.41361e-13
57.6056 PRSS 4.41209e-09
57.7014 RSS 1.08254e-09
57.7037 RSS 3.32999e-09
57.7037 PRSS 2.64846e-09
--
Received one packet! Socket: 10.1.1.1 port: 49153 at time = 57.7037
--
57.8034 RSS 1.08254e-09
57.8057 RSS -3.3291e-09
57.8057 PRSS 2.74339e-09
--
Received one packet! Socket: 10.1.1.1 port: 49153 at time = 57.8057
--
57.9047 RSS 1.08254e-09
57.907 RSS -3.3291e-09
57.907 PRSS 5.39462e-09
58.0017 RSS 1.08254e-09
58.004 RSS 4.41361e-13
58.004 PRSS 1.08254e-09
--
Received one packet! Socket: 10.1.1.1 port: 49153 at time = 58.004
--
58.1036 RSS 1.08254e-09
58.1059 RSS 4.41361e-13
58.1059 PRSS 5.38597e-09
58.2033 RSS 1.08254e-09
58.2056 RSS -3.3291e-09
58.2056 PRSS 2.57797e-09
--
Received one packet! Socket: 10.1.1.1 port: 49153 at time = 58.2056
--
58.3008 RSS 1.08254e-09
58.3031 RSS 4.41361e-13
58.3031 PRSS 4.41209e-09
--
Received one packet! Socket: 10.1.1.1 port: 49153 at time = 58.3031
--
58.4038 RSS 1.08254e-09
58.4061 RSS 3.32999e-09
58.4061 PRSS 3.47426e-09
--
Received one packet! Socket: 10.1.1.1 port: 49153 at time = 58.4061
--
58.5 RSS 1.08254e-09
58.5023 RSS 4.41361e-13
58.5023 PRSS 1.24939e-09
--
Received one packet! Socket: 10.1.1.1 port: 49153 at time = 58.5023
--
58.6009 RSS 1.08254e-09
58.6032 RSS -3.3291e-09
58.6032 PRSS 4.63177e-09
58.7032 RSS 3.32999e-09
58.7037 RSS 1.08254e-09
58.706 RSS -3.3291e-09
58.706 PRSS 4.41209e-09
--
Received one packet! Socket: 10.1.1.1 port: 49153 at time = 58.706
--
58.8018 RSS 1.08254e-09
58.8041 RSS 4.41361e-13
58.8041 PRSS 1.08254e-09
--
Received one packet! Socket: 10.1.1.1 port: 49153 at time = 58.8041
--
58.9015 RSS 1.08254e-09
58.9038 RSS 4.41361e-13
58.9038 PRSS 4.41209e-09
--
Received one packet! Socket: 10.1.1.1 port: 49153 at time = 58.9038
--
59.0025 RSS 1.08254e-09
59.0048 RSS 3.32999e-09
59.0048 PRSS 3.11221e-09
--
Received one packet! Socket: 10.1.1.1 port: 49153 at time = 59.0048
--
59.1044 RSS 1.08254e-09
59.1067 RSS 4.41361e-13
59.1067 PRSS 4.41209e-09
--
Received one packet! Socket: 10.1.1.1 port: 49153 at time = 59.1067
--
59.2032 RSS 1.08254e-09
59.2055 RSS -3.3291e-09
59.2055 PRSS 3.98014e-09
--
Received one packet! Socket: 10.1.1.1 port: 49153 at time = 59.2055
--
59.3006 RSS 1.08254e-09
59.3029 RSS 4.41361e-13
59.3029 PRSS 4.41209e-09
--
Received one packet! Socket: 10.1.1.1 port: 49153 at time = 59.3029
--
59.4029 RSS 3.32999e-09
59.4029 RSS 1.08254e-09
59.4052 RSS 4.41361e-13
59.4052 PRSS 4.39659e-09
--
Received one packet! Socket: 10.1.1.1 port: 49153 at time = 59.4052
--
59.5 RSS 1.08254e-09
59.5023 RSS 4.41361e-13
59.5023 PRSS 4.41209e-09
--
Received one packet! Socket: 10.1.1.1 port: 49153 at time = 59.5023
--
59.6022 RSS 1.08254e-09
59.6045 RSS 4.41361e-13
59.6045 PRSS 3.04371e-09
--
Received one packet! Socket: 10.1.1.1 port: 49153 at time = 59.6045
--
59.7024 RSS 1.08254e-09
59.7047 RSS 6.65953e-09
59.7047 PRSS 7.24656e-09
59.8025 RSS 1.08254e-09
59.8048 RSS 4.41361e-13
59.8048 PRSS 1.08254e-09
--
Received one packet! Socket: 10.1.1.1 port: 49153 at time = 59.8048
--
59.9048 RSS 3.32999e-09
59.905 RSS 1.08254e-09
59.9073 RSS 4.41361e-13
59.9073 PRSS 4.41209e-09
--
Received one packet! Socket: 10.1.1.1 port: 49153 at time = 59.9073
--
Actual PDR = 0.675
Actual RSS = 6.65953e-09
Actual Average Packet RSS = 7.74163e-09
