0 RSS 4.41361e-13
0.00121738 RSS 1.08254e-09
0.00352138 RSS 4.41361e-13
0.00352138 PRSS 3.31368e-09
--
Received one packet! Socket: 10.1.1.1 port: 49153 at time = 0.00352138
--
0.102164 RSS 1.08254e-09
0.104468 RSS 4.41361e-13
--
Received one packet! Socket: 10.1.1.1 port: 49153 at time = 0.104468
--
0.202825 RSS 1.08254e-09
0.205129 RSS -2.2307e-09
0.205129 PRSS 2.58379e-09
--
Received one packet! Socket: 10.1.1.1 port: 49153 at time = 0.205129
--
0.30248 RSS 1.08254e-09
0.304784 RSS 4.41361e-13
0.304784 PRSS 3.88784e-09
0.403958 RSS 1.08254e-09
0.406262 RSS 4.41361e-13
0.406262 PRSS 3.31368e-09
--
Received one packet! Socket: 10.1.1.1 port: 49153 at time = 0.406262
--
0.500655 RSS 1.08254e-09
0.502959 RSS 4.41361e-13
0.502959 PRSS 4.73167e-09
0.600699 RSS 1.08254e-09
0.603003 RSS -2.2307e-09
0.603003 PRSS 3.64303e-09
--
Received one packet! Socket: 10.1.1.1 port: 49153 at time = 0.603003
--
0.703003 RSS 2.23158e-09
0.704718 RSS 1.08254e-09
0.707022 RSS -4.46184e-09
0.707022 PRSS 3.10529e-09
0.804654 RSS 1.08254e-09
0.806958 RSS 2.23158e-09
0.806958 PRSS 5.54482e-09
0.902031 RSS 1.08254e-09
0.904335 RSS 4.41361e-13
0.904335 PRSS 3.31368e-09
--
Received one packet! Socket: 10.1.1.1 port: 49153 at time = 0.904335
--
1.00126 RSS 1.08254e-09
1.00357 RSS -2.2307e-09
--
Received one packet! Socket: 10.1.1.1 port: 49153 at time = 1.00357
--
1.10286 RSS 1.08254e-09
1.10516 RSS 2.23158e-09
1.10516 PRSS 1.33962e-09
--
Received one packet! Socket: 10.1.1.1 port: 49153 at time = 1.10516
--
1.20389 RSS 1.08254e-09
1.20619 RSS 4.41361e-13
1.20619 PRSS 3.28504e-09
--
Received one packet! Socket: 10.1.1.1 port: 49153 at time = 1.20619
--
1.30394 RSS 1.08254e-09
1.30625 RSS 4.41361e-13
1.30625 PRSS 1.08254e-09
--
Received one packet! Socket: 10.1.1.1 port: 49153 at time = 1.30625
--
1.40331 RSS 1.08254e-09
1.40562 RSS 4.41361e-13
1.40562 PRSS 4.298e-09
1.50011 RSS 1.08254e-09
1.50242 RSS 4.41361e-13
1.50242 PRSS 3.31368e-09
--
Received one packet! Socket: 10.1.1.1 port: 49153 at time = 1.50242
--
1.60242 RSS 2.23158e-09
1.60288 RSS 1.08254e-09
1.60518 RSS -2.2307e-09
1.60518 PRSS 4.3079e-09
1.70267 RSS 1.08254e-09
1.70498 RSS 4.41361e-13
1.70498 PRSS 3.31368e-09
--
Received one packet! Socket: 10.1.1.1 port: 49153 at time = 1.70498
--
1.80467 RSS 1.08254e-09
1.80697 RSS -2.2307e-09
1.80697 PRSS 3.85705e-09
1.90238 RSS 1.08254e-09
1.90469 RSS 4.41361e-13
1.90469 PRSS 1.35395e-09
--
Received one packet! Socket: 10.1.1.1 port: 49153 at time = 1.90469
--
2.00251 RSS 1.08254e-09
2.00482 RSS 2.23158e-09
2.00482 PRSS 2.77252e-09
--
Received one packet! Socket: 10.1.1.1 port: 49153 at time = 2.00482
--
2.10255 RSS 1.08254e-09
2.10486 RSS 2.23158e-09
2.10486 PRSS 5.24127e-09
2.20072 RSS 1.08254e-09
2.20302 RSS -2.2307e-09
2.20302 PRSS 4.36664e-09
2.30453 RSS 1.08254e-09
2.30684 RSS 4.41361e-13
2.30684 PRSS 3.31368e-09
--
Received one packet! Socket: 10.1.1.1 port: 49153 at time = 2.30684
--
2.40261 RSS 1.08254e-09
2.40491 RSS -2.2307e-09
2.40491 PRSS 3.33156e-09
--
Received one packet! Socket: 10.1.1.1 port: 49153 at time = 2.40491
--
2.50096 RSS 1.08254e-09
2.50326 RSS 4.41361e-13
2.50326 PRSS 3.31368e-09
--
Received one packet! Socket: 10.1.1.1 port: 49153 at time = 2.50326
--
2.60309 RSS 1.08254e-09
2.60539 RSS 4.41361e-13
2.60539 PRSS 5.54482e-09
2.70459 RSS 1.08254e-09
2.70689 RSS 4.41361e-13
2.70689 PRSS 3.31368e-09
--
Received one packet! Socket: 10.1.1.1 port: 49153 at time = 2.70689
--
2.80235 RSS 1.08254e-09
2.80465 RSS -2.2307e-09
2.80465 PRSS 3.89382e-09
2.90327 RSS 1.08254e-09
2.90557 RSS -2.2307e-09
2.90557 PRSS 2.76604e-09
--
Received one packet! Socket: 10.1.1.1 port: 49153 at time = 2.90557
--
3.00104 RSS 1.08254e-09
3.00334 RSS 4.41361e-13
3.00334 PRSS 1.26693e-09
--
Received one packet! Socket: 10.1.1.1 port: 49153 at time = 3.00334
--
3.10405 RSS 1.08254e-09
3.10636 RSS 4.41361e-13
3.10636 PRSS 2.63366e-09
--
Received one packet! Socket: 10.1.1.1 port: 49153 at time = 3.10636
--
3.20052 RSS 1.08254e-09
3.20282 RSS -2.2307e-09
3.20282 PRSS 3.75181e-09
3.30061 RSS 1.08254e-09
3.30292 RSS -2.2307e-09
3.30292 PRSS 4.1702e-09
3.40197 RSS 1.08254e-09
3.40428 RSS -2.2307e-09
3.40428 PRSS 5.54011e-09
3.50296 RSS 1.08254e-09
3.50527 RSS -2.2307e-09
3.50527 PRSS 3.31368e-09
--
Received one packet! Socket: 10.1.1.1 port: 49153 at time = 3.50527
--
3.60331 RSS 1.08254e-09
3.60562 RSS 4.41361e-13
--
Received one packet! Socket: 10.1.1.1 port: 49153 at time = 3.60562
--
3.70236 RSS 1.08254e-09
3.70467 RSS -2.2307e-09
3.70467 PRSS 2.2838e-09
--
Received one packet! Socket: 10.1.1.1 port: 49153 at time = 3.70467
--
3.80431 RSS 1.08254e-09
3.80662 RSS 4.41361e-13
3.80662 PRSS 3.31368e-09
--
Received one packet! Socket: 10.1.1.1 port: 49153 at time = 3.80662
--
3.9011 RSS 1.08254e-09
3.9034 RSS 2.23158e-09
3.9034 PRSS 4.98592e-09
--
Received one packet! Socket: 10.1.1.1 port: 49153 at time = 3.9034
--
4.00062 RSS 1.08254e-09
4.00292 RSS 2.23158e-09
4.00292 PRSS 2.40688e-09
--
Received one packet! Socket: 10.1.1.1 port: 49153 at time = 4.00292
--
4.10363 RSS 1.08254e-09
4.10593 RSS -2.2307e-09
4.10593 PRSS 3.75215e-09
4.20114 RSS 1.08254e-09
4.20345 RSS 2.23158e-09
4.20345 PRSS 4.66999e-09
4.30345 RSS 4.41361e-13
4.30477 RSS 1.08254e-09
4.30707 RSS 4.41361e-13
4.30707 PRSS 1.08254e-09
--
Received one packet! Socket: 10.1.1.1 port: 49153 at time = 4.30707
--
4.40414 RSS 1.08254e-09
4.40644 RSS -2.2307e-09
4.40644 PRSS 3.6738e-09
4.50033 RSS 1.08254e-09
4.50263 RSS -2.2307e-09
4.50263 PRSS 2.25197e-09
--
Received one packet! Socket: 10.1.1.1 port: 49153 at time = 4.50263
--
4.60469 RSS 1.08254e-09
4.60699 RSS 4.41361e-13
4.60699 PRSS 3.31368e-09
--
Received one packet! Socket: 10.1.1.1 port: 49153 at time = 4.60699
--
4.70185 RSS 1.08254e-09
4.70415 RSS 4.41361e-13
--
Received one packet! Socket: 10.1.1.1 port: 49153 at time = 4.70415
--
4.8004 RSS 1.08254e-09
4.80271 RSS 4.41361e-13
--
Received one packet! Socket: 10.1.1.1 port: 49153 at time = 4.80271
--
4.90105 RSS 1.08254e-09
4.90335 RSS -2.2307e-09
4.90335 PRSS 2.77088e-09
--
Received one packet! Socket: 10.1.1.1 port: 49153 at time = 4.90335
--
5.00335 RSS 4.41361e-13
5.00393 RSS 1.08254e-09
5.00623 RSS -2.2307e-09
5.00623 PRSS 3.15888e-09
--
Received one packet! Socket: 10.1.1.1 port: 49153 at time = 5.00623
--
5.1022 RSS 1.08254e-09
5.10451 RSS 4.41361e-13
5.10451 PRSS 3.31368e-09
--
Received one packet! Socket: 10.1.1.1 port: 49153 at time = 5.10451
--
5.20268 RSS 1.08254e-09
5.20498 RSS 2.23158e-09
5.20498 PRSS 4.69049e-09
5.30234 RSS 1.08254e-09
5.30465 RSS 2.23158e-09
5.30465 PRSS 3.5384e-09
5.40384 RSS 1.08254e-09
5.40614 RSS 2.23158e-09
5.40614 PRSS 4.08217e-09
5.50349 RSS 1.08254e-09
5.50579 RSS 2.23158e-09
5.50579 PRSS 5.18706e-09
5.60275 RSS 1.08254e-09
5.60505 RSS 4.41361e-13
5.60505 PRSS 2.63243e-09
--
Received one packet! Socket: 10.1.1.1 port: 49153 at time = 5.60505
--
5.70456 RSS 1.08254e-09
5.70687 RSS -4.46184e-09
5.70687 PRSS 2.85736e-09
--
Received one packet! Socket: 10.1.1.1 port: 49153 at time = 5.70687
--
5.80046 RSS 1.08254e-09
5.80276 RSS 4.41361e-13
5.80276 PRSS 2.72853e-09
--
Received one packet! Socket: 10.1.1.1 port: 49153 at time = 5.80276
--
5.90489 RSS 1.08254e-09
5.90719 RSS 2.23158e-09
5.90719 PRSS 1.30892e-09
--
Received one packet! Socket: 10.1.1.1 port: 49153 at time = 5.90719
--
6.00457 RSS 1.08254e-09
6.00688 RSS -2.2307e-09
6.00688 PRSS 5.03408e-09
6.1034 RSS 1.08254e-09
6.1057 RSS 4.41361e-13
6.1057 PRSS 3.31368e-09
--
Received one packet! Socket: 10.1.1.1 port: 49153 at time = 6.1057
--
6.20374 RSS 1.08254e-09
6.20604 RSS -2.2307e-09
6.20604 PRSS 3.0422e-09
--
Received one packet! Socket: 10.1.1.1 port: 49153 at time = 6.20604
--
6.30411 RSS 1.08254e-09
6.30641 RSS 4.41361e-13
6.30641 PRSS 5.54482e-09
6.40045 RSS 1.08254e-09
6.40275 RSS 4.41361e-13
6.40275 PRSS 3.31368e-09
--
Received one packet! Socket: 10.1.1.1 port: 49153 at time = 6.40275
--
6.50398 RSS 1.08254e-09
6.50628 RSS 2.23158e-09
6.50628 PRSS 2.60638e-09
--
Received one packet! Socket: 10.1.1.1 port: 49153 at time = 6.50628
--
6.60263 RSS 1.08254e-09
6.60493 RSS 4.46272e-09
6.60493 PRSS 2.2287e-09
--
Received one packet! Socket: 10.1.1.1 port: 49153 at time = 6.60493
--
6.7024 RSS 1.08254e-09
6.7047 RSS 2.23158e-09
6.7047 PRSS 3.31368e-09
--
Received one packet! Socket: 10.1.1.1 port: 49153 at time = 6.7047
--
6.80112 RSS 1.08254e-09
6.80342 RSS -2.2307e-09
6.80342 PRSS 1.60475e-09
--
Received one packet! Socket: 10.1.1.1 port: 49153 at time = 6.80342
--
6.90019 RSS 1.08254e-09
6.9025 RSS 2.23158e-09
6.9025 PRSS 3.64077e-09
--
Received one packet! Socket: 10.1.1.1 port: 49153 at time = 6.9025
--
7.0025 RSS 4.41361e-13
7.00471 RSS 1.08254e-09
7.00701 RSS 4.41361e-13
7.00701 PRSS 3.31368e-09
--
Received one packet! Socket: 10.1.1.1 port: 49153 at time = 7.00701
--
7.10145 RSS 1.08254e-09
7.10375 RSS 4.41361e-13
--
Received one packet! Socket: 10.1.1.1 port: 49153 at time = 7.10375
--
7.20078 RSS 1.08254e-09
7.20309 RSS 4.41361e-13
--
Received one packet! Socket: 10.1.1.1 port: 49153 at time = 7.20309
--
7.30309 RSS 2.23158e-09
7.30375 RSS 1.08254e-09
7.30605 RSS 4.41361e-13
--
Received one packet! Socket: 10.1.1.1 port: 49153 at time = 7.30605
--
7.40434 RSS 1.08254e-09
7.40664 RSS 2.23158e-09
7.40664 PRSS 4.92325e-09
7.50097 RSS 1.08254e-09
7.50327 RSS -2.2307e-09
7.50327 PRSS 3.18098e-09
--
Received one packet! Socket: 10.1.1.1 port: 49153 at time = 7.50327
--
7.60327 RSS 2.23158e-09
7.60471 RSS 1.08254e-09
7.60702 RSS -2.2307e-09
7.60702 PRSS 3.74315e-09
7.70307 RSS 1.08254e-09
7.70538 RSS 2.23158e-09
7.70538 PRSS 3.31368e-09
--
Received one packet! Socket: 10.1.1.1 port: 49153 at time = 7.70538
--
7.80353 RSS 1.08254e-09
7.80583 RSS 4.41361e-13
7.80583 PRSS 4.59795e-09
7.90349 RSS 1.08254e-09
7.90579 RSS 4.41361e-13
7.90579 PRSS 1.08254e-09
--
Received one packet! Socket: 10.1.1.1 port: 49153 at time = 7.90579
--
8.0025 RSS 1.08254e-09
8.0048 RSS 4.41361e-13
--
Received one packet! Socket: 10.1.1.1 port: 49153 at time = 8.0048
--
8.10047 RSS 1.08254e-09
8.10278 RSS 4.41361e-13
8.10278 PRSS 4.17436e-09
8.20058 RSS 1.08254e-09
8.20289 RSS 4.41361e-13
8.20289 PRSS 2.13649e-09
--
Received one packet! Socket: 10.1.1.1 port: 49153 at time = 8.20289
--
8.30154 RSS 1.08254e-09
8.30384 RSS -2.2307e-09
8.30384 PRSS 2.44445e-09
--
Received one packet! Socket: 10.1.1.1 port: 49153 at time = 8.30384
--
8.4038 RSS 1.08254e-09
8.40611 RSS 4.41361e-13
8.40611 PRSS 3.54171e-09
--
Received one packet! Socket: 10.1.1.1 port: 49153 at time = 8.40611
--
8.50352 RSS 1.08254e-09
8.50582 RSS 4.41361e-13
8.50582 PRSS 3.31368e-09
--
Received one packet! Socket: 10.1.1.1 port: 49153 at time = 8.50582
--
8.60402 RSS 1.08254e-09
8.60632 RSS -2.2307e-09
8.60632 PRSS 1.08254e-09
--
Received one packet! Socket: 10.1.1.1 port: 49153 at time = 8.60632
--
8.70099 RSS 1.08254e-09
8.70329 RSS 4.41361e-13
8.70329 PRSS 3.31368e-09
--
Received one packet! Socket: 10.1.1.1 port: 49153 at time = 8.70329
--
8.8008 RSS 1.08254e-09
8.80311 RSS -2.2307e-09
8.80311 PRSS 5.32406e-09
8.90055 RSS 1.08254e-09
8.90285 RSS -2.2307e-09
8.90285 PRSS 3.82715e-09
9.00189 RSS 1.08254e-09
9.0042 RSS -4.46184e-09
9.0042 PRSS 2.29392e-09
--
Received one packet! Socket: 10.1.1.1 port: 49153 at time = 9.0042
--
9.10186 RSS 1.08254e-09
9.10416 RSS 4.41361e-13
9.10416 PRSS 1.08254e-09
--
Received one packet! Socket: 10.1.1.1 port: 49153 at time = 9.10416
--
9.20366 RSS 1.08254e-09
9.20597 RSS 4.41361e-13
9.20597 PRSS 3.31368e-09
--
Received one packet! Socket: 10.1.1.1 port: 49153 at time = 9.20597
--
9.30213 RSS 1.08254e-09
9.30443 RSS 4.41361e-13
9.30443 PRSS 3.22125e-09
--
Received one packet! Socket: 10.1.1.1 port: 49153 at time = 9.30443
--
9.40075 RSS 1.08254e-09
9.40306 RSS 2.23158e-09
9.40306 PRSS 2.17565e-09
--
Received one packet! Socket: 10.1.1.1 port: 49153 at time = 9.40306
--
9.50292 RSS 1.08254e-09
9.50523 RSS 4.41361e-13
9.50523 PRSS 5.54482e-09
9.60468 RSS 1.08254e-09
9.60698 RSS 2.23158e-09
9.60698 PRSS 4.65663e-09
9.70345 RSS 1.08254e-09
9.70575 RSS 4.41361e-13
9.70575 PRSS 2.75619e-09
--
Received one packet! Socket: 10.1.1.1 port: 49153 at time = 9.70575
--
9.80207 RSS 1.08254e-09
9.80437 RSS -2.2307e-09
9.80437 PRSS 2.98337e-09
--
Received one packet! Socket: 10.1.1.1 port: 49153 at time = 9.80437
--
9.90437 RSS 2.23158e-09
9.90468 RSS 1.08254e-09
9.90698 RSS 4.41361e-13
9.90698 PRSS 3.31368e-09
--
Received one packet! Socket: 10.1.1.1 port: 49153 at time = 9.90698
--
10.0049 RSS 1.08254e-09
10.0072 RSS 4.41361e-13
--
Received one packet! Socket: 10.1.1.1 port: 49153 at time = 10.0072
--
10.1028 RSS 1.08254e-09
10.1051 RSS 4.41361e-13
--
Received one packet! Socket: 10.1.1.1 port: 49153 at time = 10.1051
--
10.2045 RSS 1.08254e-09
10.2068 RSS -2.2307e-09
10.2068 PRSS 2.88831e-09
--
Received one packet! Socket: 10.1.1.1 port: 49153 at time = 10.2068
--
10.3028 RSS 1.08254e-09
10.3051 RSS 2.23158e-09
10.3051 PRSS 1.10747e-09
--
Received one packet! Socket: 10.1.1.1 port: 49153 at time = 10.3051
--
10.4002 RSS 1.08254e-09
10.4025 RSS 4.41361e-13
10.4025 PRSS 3.31368e-09
--
Received one packet! Socket: 10.1.1.1 port: 49153 at time = 10.4025
--
10.5014 RSS 1.08254e-09
10.5037 RSS 4.41361e-13
--
Received one packet! Socket: 10.1.1.1 port: 49153 at time = 10.5037
--
10.6008 RSS 1.08254e-09
10.6031 RSS 4.41361e-13
--
Received one packet! Socket: 10.1.1.1 port: 49153 at time = 10.6031
--
10.7014 RSS 1.08254e-09
10.7037 RSS 2.23158e-09
10.7037 PRSS 3.77325e-09
--
Received one packet! Socket: 10.1.1.1 port: 49153 at time = 10.7037
--
10.8014 RSS 1.08254e-09
10.8037 RSS 4.41361e-13
10.8037 PRSS 5.41202e-09
10.9011 RSS 1.08254e-09
10.9034 RSS 2.23158e-09
10.9034 PRSS 2.40435e-09
--
Received one packet! Socket: 10.1.1.1 port: 49153 at time = 10.9034
--
11.0029 RSS 1.08254e-09
11.0052 RSS 2.23158e-09
11.0052 PRSS 5.40723e-09
11.1001 RSS 1.08254e-09
11.1024 RSS -2.2307e-09
11.1024 PRSS 1.88716e-09
--
Received one packet! Socket: 10.1.1.1 port: 49153 at time = 11.1024
--
11.2005 RSS 1.08254e-09
11.2028 RSS 4.41361e-13
11.2028 PRSS 5.54482e-09
11.3035 RSS 1.08254e-09
11.3059 RSS 2.23158e-09
11.3059 PRSS 2.52231e-09
--
Received one packet! Socket: 10.1.1.1 port: 49153 at time = 11.3059
--
11.4018 RSS 1.08254e-09
11.4041 RSS -2.2307e-09
11.4041 PRSS 3.22685e-09
--
Received one packet! Socket: 10.1.1.1 port: 49153 at time = 11.4041
--
11.5041 RSS 4.41361e-13
11.5047 RSS 1.08254e-09
11.507 RSS -2.2307e-09
11.507 PRSS 1.85833e-09
--
Received one packet! Socket: 10.1.1.1 port: 49153 at time = 11.507
--
11.6046 RSS 1.08254e-09
11.6069 RSS -2.2307e-09
11.6069 PRSS 1.65335e-09
--
Received one packet! Socket: 10.1.1.1 port: 49153 at time = 11.6069
--
11.7023 RSS 1.08254e-09
11.7046 RSS 2.23158e-09
11.7046 PRSS 4.97021e-09
11.8028 RSS 1.08254e-09
11.8051 RSS -2.2307e-09
11.8051 PRSS 2.79062e-09
--
Received one packet! Socket: 10.1.1.1 port: 49153 at time = 11.8051
--
11.9034 RSS 1.08254e-09
11.9058 RSS 2.23158e-09
11.9058 PRSS 3.44907e-09
--
Received one packet! Socket: 10.1.1.1 port: 49153 at time = 11.9058
--
12.0035 RSS 1.08254e-09
12.0058 RSS -2.2307e-09
12.0058 PRSS 1.78507e-09
--
Received one packet! Socket: 10.1.1.1 port: 49153 at time = 12.0058
--
12.1037 RSS 1.08254e-09
12.106 RSS 4.41361e-13
12.106 PRSS 3.89999e-09
12.2039 RSS 1.08254e-09
12.2062 RSS 4.41361e-13
12.2062 PRSS 3.31368e-09
--
Received one packet! Socket: 10.1.1.1 port: 49153 at time = 12.2062
--
12.3037 RSS 1.08254e-09
12.306 RSS 4.41361e-13
--
Received one packet! Socket: 10.1.1.1 port: 49153 at time = 12.306
--
12.4045 RSS 1.08254e-09
12.4068 RSS 4.41361e-13
12.4068 PRSS 1.08254e-09
--
Received one packet! Socket: 10.1.1.1 port: 49153 at time = 12.4068
--
12.5041 RSS 1.08254e-09
12.5064 RSS 2.23158e-09
12.5064 PRSS 3.30927e-09
--
Received one packet! Socket: 10.1.1.1 port: 49153 at time = 12.5064
--
12.604 RSS 1.08254e-09
12.6063 RSS -2.2307e-09
12.6063 PRSS 3.23399e-09
--
Received one packet! Socket: 10.1.1.1 port: 49153 at time = 12.6063
--
12.7005 RSS 1.08254e-09
12.7028 RSS 2.23158e-09
12.7028 PRSS 2.14131e-09
--
Received one packet! Socket: 10.1.1.1 port: 49153 at time = 12.7028
--
12.8014 RSS 1.08254e-09
12.8037 RSS 4.41361e-13
12.8037 PRSS 3.31368e-09
--
Received one packet! Socket: 10.1.1.1 port: 49153 at time = 12.8037
--
12.9023 RSS 1.08254e-09
12.9046 RSS 4.41361e-13
--
Received one packet! Socket: 10.1.1.1 port: 49153 at time = 12.9046
--
13.0037 RSS 1.08254e-09
13.006 RSS -2.2307e-09
13.006 PRSS 4.14164e-09
13.1003 RSS 1.08254e-09
13.1026 RSS 2.23158e-09
13.1026 PRSS 1.63167e-09
--
Received one packet! Socket: 10.1.1.1 port: 49153 at time = 13.1026
--
13.2024 RSS 1.08254e-09
13.2047 RSS 4.41361e-13
13.2047 PRSS 3.31368e-09
--
Received one packet! Socket: 10.1.1.1 port: 49153 at time = 13.2047
--
13.3024 RSS 1.08254e-09
13.3047 RSS 2.23158e-09
13.3047 PRSS 4.12579e-09
--
Received one packet! Socket: 10.1.1.1 port: 49153 at time = 13.3047
--
13.4038 RSS 1.08254e-09
13.4061 RSS 4.41361e-13
13.4061 PRSS 3.31368e-09
--
Received one packet! Socket: 10.1.1.1 port: 49153 at time = 13.4061
--
13.5023 RSS 1.08254e-09
13.5046 RSS 4.41361e-13
--
Received one packet! Socket: 10.1.1.1 port: 49153 at time = 13.5046
--
13.6032 RSS 1.08254e-09
13.6055 RSS 2.23158e-09
13.6055 PRSS 3.54012e-09
--
Received one packet! Socket: 10.1.1.1 port: 49153 at time = 13.6055
--
13.7014 RSS 1.08254e-09
13.7037 RSS -2.2307e-09
13.7037 PRSS 1.9693e-09
--
Received one packet! Socket: 10.1.1.1 port: 49153 at time = 13.7037
--
13.8027 RSS 1.08254e-09
13.805 RSS 4.41361e-13
13.805 PRSS 5.54482e-09
13.9013 RSS 1.08254e-09
13.9036 RSS 4.41361e-13
13.9036 PRSS 3.14636e-09
--
Received one packet! Socket: 10.1.1.1 port: 49153 at time = 13.9036
--
14.0021 RSS 1.08254e-09
14.0044 RSS 2.23158e-09
14.0044 PRSS 3.46e-09
14.1019 RSS 1.08254e-09
14.1042 RSS 4.41361e-13
14.1042 PRSS 1.08254e-09
--
Received one packet! Socket: 10.1.1.1 port: 49153 at time = 14.1042
--
14.2021 RSS 1.08254e-09
14.2044 RSS 4.41361e-13
14.2044 PRSS 2.85499e-09
--
Received one packet! Socket: 10.1.1.1 port: 49153 at time = 14.2044
--
14.3044 RSS 2.23158e-09
14.3049 RSS 1.08254e-09
14.3072 RSS 2.23158e-09
14.3072 PRSS 4.12986e-09
14.4034 RSS 1.08254e-09
14.4057 RSS -2.2307e-09
14.4057 PRSS 1.80395e-09
--
Received one packet! Socket: 10.1.1.1 port: 49153 at time = 14.4057
--
14.5015 RSS 1.08254e-09
14.5038 RSS 4.41361e-13
14.5038 PRSS 3.31368e-09
--
Received one packet! Socket: 10.1.1.1 port: 49153 at time = 14.5038
--
14.6031 RSS 1.08254e-09
14.6054 RSS 2.23158e-09
--
Received one packet! Socket: 10.1.1.1 port: 49153 at time = 14.6054
--
14.7007 RSS 1.08254e-09
14.703 RSS 2.23158e-09
14.703 PRSS 1.59828e-09
--
Received one packet! Socket: 10.1.1.1 port: 49153 at time = 14.703
--
14.8036 RSS 1.08254e-09
14.8059 RSS 4.41361e-13
14.8059 PRSS 3.132e-09
--
Received one packet! Socket: 10.1.1.1 port: 49153 at time = 14.8059
--
14.9034 RSS 1.08254e-09
14.9057 RSS 4.41361e-13
14.9057 PRSS 3.31368e-09
--
Received one packet! Socket: 10.1.1.1 port: 49153 at time = 14.9057
--
15.0042 RSS 1.08254e-09
15.0065 RSS 2.23158e-09
15.0065 PRSS 3.69929e-09
15.1036 RSS 1.08254e-09
15.1059 RSS -2.2307e-09
15.1059 PRSS 2.21063e-09
15.2046 RSS 1.08254e-09
15.2069 RSS 2.23158e-09
15.2069 PRSS 2.03477e-09
15.3035 RSS 1.08254e-09
15.3058 RSS 2.23158e-09
15.3058 PRSS 2.72906e-09
--
Received one packet! Socket: 10.1.1.1 port: 49153 at time = 15.3058
--
15.4037 RSS 1.08254e-09
15.406 RSS 2.23158e-09
15.406 PRSS 3.28961e-09
--
Received one packet! Socket: 10.1.1.1 port: 49153 at time = 15.406
--
15.504 RSS 1.08254e-09
15.5063 RSS 4.41361e-13
15.5063 PRSS 1.08254e-09
--
Received one packet! Socket: 10.1.1.1 port: 49153 at time = 15.5063
--
15.6036 RSS 1.08254e-09
15.6059 RSS 2.23158e-09
15.6059 PRSS 5.04522e-09
15.7042 RSS 1.08254e-09
15.7065 RSS 4.41361e-13
15.7065 PRSS 3.31368e-09
--
Received one packet! Socket: 10.1.1.1 port: 49153 at time = 15.7065
--
15.8001 RSS 1.08254e-09
15.8024 RSS 4.41361e-13
--
Received one packet! Socket: 10.1.1.1 port: 49153 at time = 15.8024
--
15.9011 RSS 1.08254e-09
15.9034 RSS 4.41361e-13
--
Received one packet! Socket: 10.1.1.1 port: 49153 at time = 15.9034
--
16.0019 RSS 1.08254e-09
16.0042 RSS -2.2307e-09
16.0042 PRSS 1.17887e-09
--
Received one packet! Socket: 10.1.1.1 port: 49153 at time = 16.0042
--
16.1002 RSS 1.08254e-09
16.1025 RSS 2.23158e-09
16.1025 PRSS 5.22239e-09
16.2025 RSS -2.2307e-09
16.2033 RSS 1.08254e-09
16.2056 RSS 4.41361e-13
16.2056 PRSS 3.31368e-09
--
Received one packet! Socket: 10.1.1.1 port: 49153 at time = 16.2056
--
16.3013 RSS 1.08254e-09
16.3036 RSS 4.41361e-13
--
Received one packet! Socket: 10.1.1.1 port: 49153 at time = 16.3036
--
16.4036 RSS 2.23158e-09
16.4043 RSS 1.08254e-09
16.4066 RSS 2.23158e-09
16.4066 PRSS 2.40111e-09
--
Received one packet! Socket: 10.1.1.1 port: 49153 at time = 16.4066
--
16.5014 RSS 1.08254e-09
16.5037 RSS 4.41361e-13
16.5037 PRSS 3.31368e-09
--
Received one packet! Socket: 10.1.1.1 port: 49153 at time = 16.5037
--
16.6034 RSS 1.08254e-09
16.6057 RSS 4.41361e-13
16.6057 PRSS 3.08725e-09
--
Received one packet! Socket: 10.1.1.1 port: 49153 at time = 16.6057
--
16.7005 RSS 1.08254e-09
16.7028 RSS 4.41361e-13
16.7028 PRSS 3.17509e-09
--
Received one packet! Socket: 10.1.1.1 port: 49153 at time = 16.7028
--
16.8002 RSS 1.08254e-09
16.8025 RSS 2.23158e-09
16.8025 PRSS 4.05639e-09
16.9025 RSS -2.2307e-09
16.9027 RSS 1.08254e-09
16.905 RSS 2.23158e-09
16.905 PRSS 2.6858e-09
--
Received one packet! Socket: 10.1.1.1 port: 49153 at time = 16.905
--
17.0049 RSS 1.08254e-09
17.0072 RSS -2.2307e-09
17.0072 PRSS 1.80606e-09
--
Received one packet! Socket: 10.1.1.1 port: 49153 at time = 17.0072
--
17.1005 RSS 1.08254e-09
17.1028 RSS 4.41361e-13
17.1028 PRSS 4.49289e-09
17.2047 RSS 1.08254e-09
17.207 RSS 4.41361e-13
17.207 PRSS 3.31368e-09
--
Received one packet! Socket: 10.1.1.1 port: 49153 at time = 17.207
--
17.3036 RSS 1.08254e-09
17.3059 RSS 4.41361e-13
--
Received one packet! Socket: 10.1.1.1 port: 49153 at time = 17.3059
--
17.4037 RSS 1.08254e-09
17.406 RSS -2.2307e-09
17.406 PRSS 3.10178e-09
--
Received one packet! Socket: 10.1.1.1 port: 49153 at time = 17.406
--
17.5012 RSS 1.08254e-09
17.5035 RSS 2.23158e-09
17.5035 PRSS 3.55573e-09
17.6002 RSS 1.08254e-09
17.6025 RSS 4.41361e-13
17.6025 PRSS 3.31368e-09
--
Received one packet! Socket: 10.1.1.1 port: 49153 at time = 17.6025
--
17.7025 RSS 2.23158e-09
17.7044 RSS 1.08254e-09
17.7067 RSS -2.2307e-09
17.7067 PRSS 2.87933e-09
--
Received one packet! Socket: 10.1.1.1 port: 49153 at time = 17.7067
--
17.802 RSS 1.08254e-09
17.8043 RSS 2.23158e-09
17.8043 PRSS 2.41491e-09
--
Received one packet! Socket: 10.1.1.1 port: 49153 at time = 17.8043
--
17.9023 RSS 1.08254e-09
17.9046 RSS 4.41361e-13
17.9046 PRSS 3.31368e-09
--
Received one packet! Socket: 10.1.1.1 port: 49153 at time = 17.9046
--
18.0046 RSS 2.23158e-09
18.005 RSS 1.08254e-09
18.0073 RSS -4.46184e-09
18.0073 PRSS 2.31012e-09
18.1043 RSS 1.08254e-09
18.1066 RSS 4.41361e-13
18.1066 PRSS 3.31368e-09
--
Received one packet! Socket: 10.1.1.1 port: 49153 at time = 18.1066
--
18.2032 RSS 1.08254e-09
18.2055 RSS -2.2307e-09
18.2055 PRSS 1.84163e-09
--
Received one packet! Socket: 10.1.1.1 port: 49153 at time = 18.2055
--
18.3017 RSS 1.08254e-09
18.304 RSS -2.2307e-09
18.304 PRSS 1.15098e-09
--
Received one packet! Socket: 10.1.1.1 port: 49153 at time = 18.304
--
18.4039 RSS 1.08254e-09
18.4062 RSS 4.41361e-13
18.4062 PRSS 3.31368e-09
--
Received one packet! Socket: 10.1.1.1 port: 49153 at time = 18.4062
--
18.5005 RSS 1.08254e-09
18.5028 RSS 4.41361e-13
18.5028 PRSS 2.28849e-09
--
Received one packet! Socket: 10.1.1.1 port: 49153 at time = 18.5028
--
18.6004 RSS 1.08254e-09
18.6027 RSS 4.41361e-13
18.6027 PRSS 3.31368e-09
--
Received one packet! Socket: 10.1.1.1 port: 49153 at time = 18.6027
--
18.7015 RSS 1.08254e-09
18.7038 RSS 4.41361e-13
18.7038 PRSS 1.42474e-09
--
Received one packet! Socket: 10.1.1.1 port: 49153 at time = 18.7038
--
18.8028 RSS 1.08254e-09
18.8051 RSS 2.23158e-09
18.8051 PRSS 1.34828e-09
--
Received one packet! Socket: 10.1.1.1 port: 49153 at time = 18.8051
--
18.9031 RSS 1.08254e-09
18.9054 RSS 4.41361e-13
18.9054 PRSS 3.31368e-09
--
Received one packet! Socket: 10.1.1.1 port: 49153 at time = 18.9054
--
19.0027 RSS 1.08254e-09
19.005 RSS 4.41361e-13
19.005 PRSS 3.88017e-09
19.1001 RSS 1.08254e-09
19.1024 RSS 4.41361e-13
19.1024 PRSS 3.55994e-09
19.2024 RSS 2.23158e-09
19.2034 RSS 1.08254e-09
19.2057 RSS 2.23158e-09
19.2057 PRSS 4.31687e-09
19.3022 RSS 1.08254e-09
19.3045 RSS 4.41361e-13
19.3045 PRSS 3.31368e-09
--
Received one packet! Socket: 10.1.1.1 port: 49153 at time = 19.3045
--
19.4041 RSS 1.08254e-09
19.4064 RSS 4.41361e-13
--
Received one packet! Socket: 10.1.1.1 port: 49153 at time = 19.4064
--
19.5012 RSS 1.08254e-09
19.5035 RSS 4.41361e-13
--
Received one packet! Socket: 10.1.1.1 port: 49153 at time = 19.5035
--
19.6039 RSS 1.08254e-09
19.6062 RSS 4.41361e-13
--
Received one packet! Socket: 10.1.1.1 port: 49153 at time = 19.6062
--
19.7031 RSS 1.08254e-09
19.7054 RSS -2.2307e-09
19.7054 PRSS 2.19085e-09
--
Received one packet! Socket: 10.1.1.1 port: 49153 at time = 19.7054
--
19.8047 RSS 1.08254e-09
19.807 RSS 4.41361e-13
19.807 PRSS 4.56889e-09
19.9034 RSS 1.08254e-09
19.9057 RSS -2.2307e-09
19.9057 PRSS 3.88002e-09
--
Received one packet! Socket: 10.1.1.1 port: 49153 at time = 19.9057
--
20.0023 RSS 1.08254e-09
20.0046 RSS -2.2307e-09
20.0046 PRSS 4.52633e-09
20.1034 RSS 1.08254e-09
20.1058 RSS 4.41361e-13
20.1058 PRSS 5.22349e-09
20.2036 RSS 1.08254e-09
20.2059 RSS 4.41361e-13
20.2059 PRSS 1.08254e-09
--
Received one packet! Socket: 10.1.1.1 port: 49153 at time = 20.2059
--
20.3043 RSS 1.08254e-09
20.3066 RSS 2.23158e-09
20.3066 PRSS 3.966e-09
20.4025 RSS 1.08254e-09
20.4048 RSS -2.2307e-09
20.4048 PRSS 4.69321e-09
20.5006 RSS 1.08254e-09
20.5029 RSS -2.2307e-09
20.5029 PRSS 5.05262e-09
--
Received one packet! Socket: 10.1.1.1 port: 49153 at time = 20.5029
--
20.6001 RSS 1.08254e-09
20.6025 RSS 4.41361e-13
20.6025 PRSS 5.29893e-09
20.7017 RSS 1.08254e-09
20.704 RSS 4.41361e-13
20.704 PRSS 1.17516e-09
--
Received one packet! Socket: 10.1.1.1 port: 49153 at time = 20.704
--
20.8016 RSS 1.08254e-09
20.8039 RSS 4.41361e-13
20.8039 PRSS 3.31368e-09
--
Received one packet! Socket: 10.1.1.1 port: 49153 at time = 20.8039
--
20.9031 RSS 1.08254e-09
20.9054 RSS 4.41361e-13
20.9054 PRSS 3.85103e-09
21.0008 RSS 1.08254e-09
21.0032 RSS 4.41361e-13
21.0032 PRSS 3.31368e-09
--
Received one packet! Socket: 10.1.1.1 port: 49153 at time = 21.0032
--
21.1032 RSS 2.23158e-09
21.1048 RSS 1.08254e-09
21.1071 RSS 4.41361e-13
--
Received one packet! Socket: 10.1.1.1 port: 49153 at time = 21.1071
--
21.2022 RSS 1.08254e-09
21.2045 RSS 2.23158e-09
21.2045 PRSS 2.63012e-09
--
Received one packet! Socket: 10.1.1.1 port: 49153 at time = 21.2045
--
21.3046 RSS 1.08254e-09
21.3069 RSS 4.41361e-13
21.3069 PRSS 3.31368e-09
--
Received one packet! Socket: 10.1.1.1 port: 49153 at time = 21.3069
--
21.402 RSS 1.08254e-09
21.4043 RSS -2.2307e-09
21.4043 PRSS 2.07286e-09
--
Received one packet! Socket: 10.1.1.1 port: 49153 at time = 21.4043
--
21.5041 RSS 1.08254e-09
21.5064 RSS -2.2307e-09
21.5064 PRSS 2.60573e-09
--
Received one packet! Socket: 10.1.1.1 port: 49153 at time = 21.5064
--
21.6014 RSS 1.08254e-09
21.6037 RSS 4.41361e-13
21.6037 PRSS 3.31368e-09
--
Received one packet! Socket: 10.1.1.1 port: 49153 at time = 21.6037
--
21.701 RSS 1.08254e-09
21.7033 RSS 2.23158e-09
21.7033 PRSS 3.23706e-09
--
Received one packet! Socket: 10.1.1.1 port: 49153 at time = 21.7033
--
21.8009 RSS 1.08254e-09
21.8032 RSS -2.2307e-09
21.8032 PRSS 1.89274e-09
--
Received one packet! Socket: 10.1.1.1 port: 49153 at time = 21.8032
--
21.9029 RSS 1.08254e-09
21.9052 RSS 4.41361e-13
21.9052 PRSS 3.31368e-09
--
Received one packet! Socket: 10.1.1.1 port: 49153 at time = 21.9052
--
22.0039 RSS 1.08254e-09
22.0062 RSS -2.2307e-09
22.0062 PRSS 1.6307e-09
--
Received one packet! Socket: 10.1.1.1 port: 49153 at time = 22.0062
--
22.1039 RSS 1.08254e-09
22.1062 RSS 4.41361e-13
22.1062 PRSS 3.31368e-09
--
Received one packet! Socket: 10.1.1.1 port: 49153 at time = 22.1062
--
22.2026 RSS 1.08254e-09
22.2049 RSS 4.41361e-13
--
Received one packet! Socket: 10.1.1.1 port: 49153 at time = 22.2049
--
22.3039 RSS 1.08254e-09
22.3062 RSS 4.41361e-13
--
Received one packet! Socket: 10.1.1.1 port: 49153 at time = 22.3062
--
22.4048 RSS 1.08254e-09
22.4071 RSS 4.41361e-13
22.4071 PRSS 1.08254e-09
--
Received one packet! Socket: 10.1.1.1 port: 49153 at time = 22.4071
--
22.5027 RSS 1.08254e-09
22.505 RSS -2.2307e-09
22.505 PRSS 3.55111e-09
--
Received one packet! Socket: 10.1.1.1 port: 49153 at time = 22.505
--
22.6035 RSS 1.08254e-09
22.6058 RSS 4.41361e-13
22.6058 PRSS 3.31368e-09
--
Received one packet! Socket: 10.1.1.1 port: 49153 at time = 22.6058
--
22.7025 RSS 1.08254e-09
22.7048 RSS 2.23158e-09
22.7048 PRSS 2.15291e-09
--
Received one packet! Socket: 10.1.1.1 port: 49153 at time = 22.7048
--
22.8007 RSS 1.08254e-09
22.803 RSS 4.41361e-13
22.803 PRSS 4.03086e-09
22.9001 RSS 1.08254e-09
22.9024 RSS 2.23158e-09
22.9024 PRSS 3.22025e-09
--
Received one packet! Socket: 10.1.1.1 port: 49153 at time = 22.9024
--
23.0024 RSS -2.2307e-09
23.0045 RSS 1.08254e-09
23.0068 RSS 2.23158e-09
23.0068 PRSS 3.97527e-09
23.1047 RSS 1.08254e-09
23.107 RSS -2.2307e-09
23.107 PRSS 2.43421e-09
--
Received one packet! Socket: 10.1.1.1 port: 49153 at time = 23.107
--
23.2002 RSS 1.08254e-09
23.2025 RSS 2.23158e-09
23.2025 PRSS 2.14632e-09
--
Received one packet! Socket: 10.1.1.1 port: 49153 at time = 23.2025
--
23.3022 RSS 1.08254e-09
23.3045 RSS -2.2307e-09
23.3045 PRSS 2.52936e-09
--
Received one packet! Socket: 10.1.1.1 port: 49153 at time = 23.3045
--
23.4042 RSS 1.08254e-09
23.4065 RSS 4.41361e-13
23.4065 PRSS 4.14974e-09
23.5014 RSS 1.08254e-09
23.5037 RSS 4.41361e-13
23.5037 PRSS 5.54482e-09
23.6021 RSS 1.08254e-09
23.6044 RSS -2.2307e-09
23.6044 PRSS 2.65975e-09
--
Received one packet! Socket: 10.1.1.1 port: 49153 at time = 23.6044
--
23.7027 RSS 1.08254e-09
23.7051 RSS -2.2307e-09
23.7051 PRSS 3.87878e-09
23.8009 RSS 1.08254e-09
23.8032 RSS 4.41361e-13
23.8032 PRSS 2.84035e-09
--
Received one packet! Socket: 10.1.1.1 port: 49153 at time = 23.8032
--
23.9004 RSS 1.08254e-09
23.9027 RSS 2.23158e-09
23.9027 PRSS 1.31315e-09
--
Received one packet! Socket: 10.1.1.1 port: 49153 at time = 23.9027
--
24.0027 RSS 4.41361e-13
24.0033 RSS 1.08254e-09
24.0056 RSS 2.23158e-09
24.0056 PRSS 1.78206e-09
--
Received one packet! Socket: 10.1.1.1 port: 49153 at time = 24.0056
--
24.103 RSS 1.08254e-09
24.1053 RSS -2.2307e-09
24.1053 PRSS 4.19208e-09
24.2035 RSS 1.08254e-09
24.2058 RSS 2.23158e-09
24.2058 PRSS 3.4214e-09
--
Received one packet! Socket: 10.1.1.1 port: 49153 at time = 24.2058
--
24.3039 RSS 1.08254e-09
24.3062 RSS 4.41361e-13
24.3062 PRSS 5.54482e-09
24.4027 RSS 1.08254e-09
24.405 RSS 2.23158e-09
24.405 PRSS 4.32084e-09
24.5007 RSS 1.08254e-09
24.503 RSS 2.23158e-09
24.503 PRSS 4.34331e-09
24.6016 RSS 1.08254e-09
24.6039 RSS 4.41361e-13
24.6039 PRSS 1.89346e-09
--
Received one packet! Socket: 10.1.1.1 port: 49153 at time = 24.6039
--
24.701 RSS 1.08254e-09
24.7033 RSS 4.41361e-13
24.7033 PRSS 3.31368e-09
--
Received one packet! Socket: 10.1.1.1 port: 49153 at time = 24.7033
--
24.8033 RSS 2.23158e-09
24.8034 RSS 1.08254e-09
24.8057 RSS 4.41361e-13
24.8057 PRSS 2.07752e-09
--
Received one packet! Socket: 10.1.1.1 port: 49153 at time = 24.8057
--
24.9027 RSS 1.08254e-09
24.905 RSS 2.23158e-09
24.905 PRSS 3.18184e-09
--
Received one packet! Socket: 10.1.1.1 port: 49153 at time = 24.905
--
25.0035 RSS 1.08254e-09
25.0058 RSS -2.2307e-09
25.0058 PRSS 2.91871e-09
--
Received one packet! Socket: 10.1.1.1 port: 49153 at time = 25.0058
--
25.1004 RSS 1.08254e-09
25.1027 RSS 2.23158e-09
25.1027 PRSS 3.98008e-09
--
Received one packet! Socket: 10.1.1.1 port: 49153 at time = 25.1027
--
25.2001 RSS 1.08254e-09
25.2024 RSS 2.23158e-09
25.2024 PRSS 3.31368e-09
--
Received one packet! Socket: 10.1.1.1 port: 49153 at time = 25.2024
--
25.3024 RSS 4.41361e-13
25.3026 RSS 1.08254e-09
25.3049 RSS 2.23158e-09
25.3049 PRSS 1.89e-09
--
Received one packet! Socket: 10.1.1.1 port: 49153 at time = 25.3049
--
25.4008 RSS 1.08254e-09
25.4031 RSS 4.41361e-13
25.4031 PRSS 5.54482e-09
25.5031 RSS 2.23158e-09
25.5033 RSS 1.08254e-09
25.5056 RSS 2.23158e-09
25.5056 PRSS 3.34478e-09
--
Received one packet! Socket: 10.1.1.1 port: 49153 at time = 25.5056
--
25.6039 RSS 1.08254e-09
25.6062 RSS 4.41361e-13
25.6062 PRSS 2.89919e-09
--
Received one packet! Socket: 10.1.1.1 port: 49153 at time = 25.6062
--
25.7041 RSS 1.08254e-09
25.7064 RSS 4.41361e-13
25.7064 PRSS 3.31368e-09
--
Received one packet! Socket: 10.1.1.1 port: 49153 at time = 25.7064
--
25.8039 RSS 1.08254e-09
25.8062 RSS 4.41361e-13
--
Received one packet! Socket: 10.1.1.1 port: 49153 at time = 25.8062
--
25.9041 RSS 1.08254e-09
25.9064 RSS -2.2307e-09
25.9064 PRSS 1.88118e-09
--
Received one packet! Socket: 10.1.1.1 port: 49153 at time = 25.9064
--
26.0017 RSS 1.08254e-09
26.004 RSS 4.41361e-13
26.004 PRSS 1.08254e-09
--
Received one packet! Socket: 10.1.1.1 port: 49153 at time = 26.004
--
26.1005 RSS 1.08254e-09
26.1028 RSS 2.23158e-09
26.1028 PRSS 3.69366e-09
26.2042 RSS 1.08254e-09
26.2065 RSS 4.41361e-13
26.2065 PRSS 1.08254e-09
--
Received one packet! Socket: 10.1.1.1 port: 49153 at time = 26.2065
--
26.3001 RSS 1.08254e-09
26.3024 RSS 4.41361e-13
26.3024 PRSS 3.31368e-09
--
Received one packet! Socket: 10.1.1.1 port: 49153 at time = 26.3024
--
26.4 RSS 1.08254e-09
26.4023 RSS 4.41361e-13
--
Received one packet! Socket: 10.1.1.1 port: 49153 at time = 26.4023
--
26.502 RSS 1.08254e-09
26.5043 RSS 4.41361e-13
26.5043 PRSS 4.12888e-09
26.6021 RSS 1.08254e-09
26.6044 RSS -2.2307e-09
26.6044 PRSS 3.91085e-09
26.7026 RSS 1.08254e-09
26.7049 RSS 2.23158e-09
26.7049 PRSS 3.48466e-09
--
Received one packet! Socket: 10.1.1.1 port: 49153 at time = 26.7049
--
26.8002 RSS 1.08254e-09
26.8025 RSS 2.23158e-09
26.8025 PRSS 2.87324e-09
--
Received one packet! Socket: 10.1.1.1 port: 49153 at time = 26.8025
--
26.9025 RSS 4.41361e-13
26.9043 RSS 1.08254e-09
26.9066 RSS 4.41361e-13
26.9066 PRSS 3.31368e-09
--
Received one packet! Socket: 10.1.1.1 port: 49153 at time = 26.9066
--
27.0017 RSS 1.08254e-09
27.004 RSS -4.46184e-09
27.004 PRSS 3.28105e-09
27.1011 RSS 1.08254e-09
27.1034 RSS 2.23158e-09
27.1034 PRSS 4.03081e-09
27.2024 RSS 1.08254e-09
27.2047 RSS 4.41361e-13
27.2047 PRSS 3.89902e-09
27.3012 RSS 1.08254e-09
27.3035 RSS -2.2307e-09
27.3035 PRSS 3.80924e-09
27.4009 RSS 1.08254e-09
27.4032 RSS 4.41361e-13
27.4032 PRSS 3.31368e-09
--
Received one packet! Socket: 10.1.1.1 port: 49153 at time = 27.4032
--
27.5007 RSS 1.08254e-09
27.503 RSS 2.23158e-09
27.503 PRSS 3.34775e-09
--
Received one packet! Socket: 10.1.1.1 port: 49153 at time = 27.503
--
27.6003 RSS 1.08254e-09
27.6026 RSS 4.41361e-13
27.6026 PRSS 3.31368e-09
--
Received one packet! Socket: 10.1.1.1 port: 49153 at time = 27.6026
--
27.7026 RSS 2.23158e-09
27.7045 RSS 1.08254e-09
27.7068 RSS 4.41361e-13
--
Received one packet! Socket: 10.1.1.1 port: 49153 at time = 27.7068
--
27.8028 RSS 1.08254e-09
27.8051 RSS 4.41361e-13
--
Received one packet! Socket: 10.1.1.1 port: 49153 at time = 27.8051
--
27.903 RSS 1.08254e-09
27.9053 RSS 4.41361e-13
--
Received one packet! Socket: 10.1.1.1 port: 49153 at time = 27.9053
--
28.0012 RSS 1.08254e-09
28.0035 RSS -2.2307e-09
28.0035 PRSS 3.04028e-09
--
Received one packet! Socket: 10.1.1.1 port: 49153 at time = 28.0035
--
28.1035 RSS 2.23158e-09
28.1037 RSS 1.08254e-09
28.106 RSS -2.2307e-09
28.106 PRSS 2.10371e-09
--
Received one packet! Socket: 10.1.1.1 port: 49153 at time = 28.106
--
28.2011 RSS 1.08254e-09
28.2034 RSS -2.2307e-09
28.2034 PRSS 3.2629e-09
--
Received one packet! Socket: 10.1.1.1 port: 49153 at time = 28.2034
--
28.3021 RSS 1.08254e-09
28.3044 RSS 2.23158e-09
28.3044 PRSS 2.79453e-09
--
Received one packet! Socket: 10.1.1.1 port: 49153 at time = 28.3044
--
28.4012 RSS 1.08254e-09
28.4035 RSS 2.23158e-09
28.4035 PRSS 4.88414e-09
28.5017 RSS 1.08254e-09
28.5041 RSS 4.41361e-13
28.5041 PRSS 3.31368e-09
--
Received one packet! Socket: 10.1.1.1 port: 49153 at time = 28.5041
--
28.601 RSS 1.08254e-09
28.6033 RSS 4.41361e-13
--
Received one packet! Socket: 10.1.1.1 port: 49153 at time = 28.6033
--
28.7022 RSS 1.08254e-09
28.7046 RSS 4.41361e-13
28.7046 PRSS 1.08254e-09
--
Received one packet! Socket: 10.1.1.1 port: 49153 at time = 28.7046
--
28.8041 RSS 1.08254e-09
28.8064 RSS -2.2307e-09
28.8064 PRSS 2.5288e-09
--
Received one packet! Socket: 10.1.1.1 port: 49153 at time = 28.8064
--
28.9004 RSS 1.08254e-09
28.9027 RSS 2.23158e-09
28.9027 PRSS 2.84148e-09
--
Received one packet! Socket: 10.1.1.1 port: 49153 at time = 28.9027
--
29.0035 RSS 1.08254e-09
29.0058 RSS 4.41361e-13
29.0058 PRSS 3.31368e-09
--
Received one packet! Socket: 10.1.1.1 port: 49153 at time = 29.0058
--
29.1033 RSS 1.08254e-09
29.1056 RSS 4.41361e-13
29.1056 PRSS 2.04565e-09
--
Received one packet! Socket: 10.1.1.1 port: 49153 at time = 29.1056
--
29.2016 RSS 1.08254e-09
29.2039 RSS 4.41361e-13
29.2039 PRSS 1.79932e-09
--
Received one packet! Socket: 10.1.1.1 port: 49153 at time = 29.2039
--
29.3046 RSS 1.08254e-09
29.3069 RSS 4.41361e-13
29.3069 PRSS 3.29664e-09
--
Received one packet! Socket: 10.1.1.1 port: 49153 at time = 29.3069
--
29.4001 RSS 1.08254e-09
29.4024 RSS 2.23158e-09
29.4024 PRSS 2.96006e-09
--
Received one packet! Socket: 10.1.1.1 port: 49153 at time = 29.4024
--
29.5024 RSS -2.2307e-09
29.5035 RSS 1.08254e-09
29.5058 RSS 2.23158e-09
29.5058 PRSS 2.11317e-09
--
Received one packet! Socket: 10.1.1.1 port: 49153 at time = 29.5058
--
29.6025 RSS 1.08254e-09
29.6048 RSS -2.2307e-09
29.6048 PRSS 4.58502e-09
29.703 RSS 1.08254e-09
29.7053 RSS -2.2307e-09
29.7053 PRSS 2.44017e-09
--
Received one packet! Socket: 10.1.1.1 port: 49153 at time = 29.7053
--
29.8036 RSS 1.08254e-09
29.8059 RSS -2.2307e-09
29.8059 PRSS 4.53913e-09
29.902 RSS 1.08254e-09
29.9043 RSS -2.2307e-09
29.9043 PRSS 3.51113e-09
--
Received one packet! Socket: 10.1.1.1 port: 49153 at time = 29.9043
--
30.0037 RSS 1.08254e-09
30.006 RSS 2.23158e-09
30.006 PRSS 3.77213e-09
30.1027 RSS 1.08254e-09
30.105 RSS 2.23158e-09
30.105 PRSS 3.31368e-09
--
Received one packet! Socket: 10.1.1.1 port: 49153 at time = 30.105
--
30.2016 RSS 1.08254e-09
30.2039 RSS 4.41361e-13
30.2039 PRSS 3.86693e-09
30.3039 RSS 2.23158e-09
30.304 RSS 1.08254e-09
30.3063 RSS 4.41361e-13
30.3063 PRSS 3.31368e-09
--
Received one packet! Socket: 10.1.1.1 port: 49153 at time = 30.3063
--
30.4021 RSS 1.08254e-09
30.4044 RSS 2.23158e-09
30.4044 PRSS 2.43012e-09
--
Received one packet! Socket: 10.1.1.1 port: 49153 at time = 30.4044
--
30.5024 RSS 1.08254e-09
30.5047 RSS -2.2307e-09
30.5047 PRSS 3.32792e-09
--
Received one packet! Socket: 10.1.1.1 port: 49153 at time = 30.5047
--
30.6036 RSS 1.08254e-09
30.6059 RSS 4.41361e-13
30.6059 PRSS 3.31368e-09
--
Received one packet! Socket: 10.1.1.1 port: 49153 at time = 30.6059
--
30.7002 RSS 1.08254e-09
30.7025 RSS -2.2307e-09
30.7025 PRSS 1.58817e-09
--
Received one packet! Socket: 10.1.1.1 port: 49153 at time = 30.7025
--
30.8013 RSS 1.08254e-09
30.8036 RSS -2.2307e-09
30.8036 PRSS 4.29448e-09
--
Received one packet! Socket: 10.1.1.1 port: 49153 at time = 30.8036
--
30.9021 RSS 1.08254e-09
30.9044 RSS 4.41361e-13
30.9044 PRSS 3.31368e-09
--
Received one packet! Socket: 10.1.1.1 port: 49153 at time = 30.9044
--
31.0044 RSS 2.23158e-09
31.0046 RSS 1.08254e-09
31.0069 RSS 4.41361e-13
--
Received one packet! Socket: 10.1.1.1 port: 49153 at time = 31.0069
--
31.1006 RSS 1.08254e-09
31.1029 RSS 2.23158e-09
31.1029 PRSS 4.8797e-09
31.2014 RSS 1.08254e-09
31.2037 RSS 4.41361e-13
31.2037 PRSS 4.23172e-09
--
Received one packet! Socket: 10.1.1.1 port: 49153 at time = 31.2037
--
31.3049 RSS 1.08254e-09
31.3072 RSS 4.41361e-13
31.3072 PRSS 2.59309e-09
--
Received one packet! Socket: 10.1.1.1 port: 49153 at time = 31.3072
--
31.4021 RSS 1.08254e-09
31.4044 RSS 4.41361e-13
31.4044 PRSS 3.31368e-09
--
Received one packet! Socket: 10.1.1.1 port: 49153 at time = 31.4044
--
31.5035 RSS 1.08254e-09
31.5058 RSS 2.23158e-09
31.5058 PRSS 2.37365e-09
--
Received one packet! Socket: 10.1.1.1 port: 49153 at time = 31.5058
--
31.6015 RSS 1.08254e-09
31.6038 RSS 4.41361e-13
31.6038 PRSS 3.31368e-09
--
Received one packet! Socket: 10.1.1.1 port: 49153 at time = 31.6038
--
31.7006 RSS 1.08254e-09
31.7029 RSS -2.2307e-09
31.7029 PRSS 4.53859e-09
31.8027 RSS 1.08254e-09
31.805 RSS 4.41361e-13
31.805 PRSS 3.31368e-09
--
Received one packet! Socket: 10.1.1.1 port: 49153 at time = 31.805
--
31.9033 RSS 1.08254e-09
31.9056 RSS -4.46184e-09
31.9056 PRSS 3.79969e-09
32.0001 RSS 1.08254e-09
32.0024 RSS 4.41361e-13
32.0024 PRSS 1.08254e-09
--
Received one packet! Socket: 10.1.1.1 port: 49153 at time = 32.0024
--
32.1024 RSS 2.23158e-09
32.104 RSS 1.08254e-09
32.1063 RSS -2.2307e-09
32.1063 PRSS 3.31368e-09
--
Received one packet! Socket: 10.1.1.1 port: 49153 at time = 32.1063
--
32.2002 RSS 1.08254e-09
32.2025 RSS 4.41361e-13
--
Received one packet! Socket: 10.1.1.1 port: 49153 at time = 32.2025
--
32.3025 RSS 2.23158e-09
32.3044 RSS 1.08254e-09
32.3067 RSS 2.23158e-09
32.3067 PRSS 5.06834e-09
32.4045 RSS 1.08254e-09
32.4068 RSS 4.41361e-13
32.4068 PRSS 4.67157e-09
32.5037 RSS 1.08254e-09
32.506 RSS 2.23158e-09
32.506 PRSS 1.99038e-09
--
Received one packet! Socket: 10.1.1.1 port: 49153 at time = 32.506
--
32.6037 RSS 1.08254e-09
32.606 RSS 2.23158e-09
32.606 PRSS 1.62304e-09
--
Received one packet! Socket: 10.1.1.1 port: 49153 at time = 32.606
--
32.7047 RSS 1.08254e-09
32.707 RSS -2.2307e-09
32.707 PRSS 2.8599e-09
--
Received one packet! Socket: 10.1.1.1 port: 49153 at time = 32.707
--
32.8028 RSS 1.08254e-09
32.8051 RSS 2.23158e-09
32.8051 PRSS 4.76645e-09
32.9041 RSS 1.08254e-09
32.9064 RSS 2.23158e-09
32.9064 PRSS 4.45291e-09
33.0005 RSS 1.08254e-09
33.0028 RSS 4.41361e-13
33.0028 PRSS 4.79137e-09
33.1017 RSS 1.08254e-09
33.104 RSS -2.2307e-09
33.104 PRSS 4.51515e-09
33.2017 RSS 1.08254e-09
33.204 RSS 4.46272e-09
33.204 PRSS 4.14364e-09
--
Received one packet! Socket: 10.1.1.1 port: 49153 at time = 33.204
--
33.304 RSS 4.41361e-13
33.3046 RSS 1.08254e-09
33.3069 RSS 2.23158e-09
33.3069 PRSS 2.12459e-09
--
Received one packet! Socket: 10.1.1.1 port: 49153 at time = 33.3069
--
33.4039 RSS 1.08254e-09
33.4062 RSS 2.23158e-09
33.4062 PRSS 3.31368e-09
--
Received one packet! Socket: 10.1.1.1 port: 49153 at time = 33.4062
--
33.5045 RSS 1.08254e-09
33.5068 RSS -2.2307e-09
33.5068 PRSS 1.61953e-09
--
Received one packet! Socket: 10.1.1.1 port: 49153 at time = 33.5068
--
33.6038 RSS 1.08254e-09
33.6061 RSS 4.41361e-13
33.6061 PRSS 3.31368e-09
--
Received one packet! Socket: 10.1.1.1 port: 49153 at time = 33.6061
--
33.704 RSS 1.08254e-09
33.7063 RSS -2.2307e-09
33.7063 PRSS 3.92553e-09
--
Received one packet! Socket: 10.1.1.1 port: 49153 at time = 33.7063
--
33.8039 RSS 1.08254e-09
33.8062 RSS 4.41361e-13
33.8062 PRSS 3.31368e-09
--
Received one packet! Socket: 10.1.1.1 port: 49153 at time = 33.8062
--
33.9017 RSS 1.08254e-09
33.904 RSS 4.41361e-13
33.904 PRSS 3.31588e-09
--
Received one packet! Socket: 10.1.1.1 port: 49153 at time = 33.904
--
34.0004 RSS 1.08254e-09
34.0027 RSS 2.23158e-09
34.0027 PRSS 1.65978e-09
--
Received one packet! Socket: 10.1.1.1 port: 49153 at time = 34.0027
--
34.1045 RSS 1.08254e-09
34.1068 RSS 4.41361e-13
34.1068 PRSS 3.54639e-09
--
Received one packet! Socket: 10.1.1.1 port: 49153 at time = 34.1068
--
34.205 RSS 1.08254e-09
34.2073 RSS -2.2307e-09
34.2073 PRSS 1.08254e-09
--
Received one packet! Socket: 10.1.1.1 port: 49153 at time = 34.2073
--
34.3049 RSS 1.08254e-09
34.3072 RSS 2.23158e-09
34.3072 PRSS 1.6953e-09
--
Received one packet! Socket: 10.1.1.1 port: 49153 at time = 34.3072
--
34.4029 RSS 1.08254e-09
34.4052 RSS -2.2307e-09
34.4052 PRSS 1.85429e-09
--
Received one packet! Socket: 10.1.1.1 port: 49153 at time = 34.4052
--
34.5022 RSS 1.08254e-09
34.5045 RSS 2.23158e-09
34.5045 PRSS 1.42103e-09
--
Received one packet! Socket: 10.1.1.1 port: 49153 at time = 34.5045
--
34.6003 RSS 1.08254e-09
34.6026 RSS -2.2307e-09
34.6026 PRSS 1.1778e-09
--
Received one packet! Socket: 10.1.1.1 port: 49153 at time = 34.6026
--
34.7026 RSS 2.23158e-09
34.7027 RSS 1.08254e-09
34.705 RSS 2.23158e-09
34.705 PRSS 3.74009e-09
34.8013 RSS 1.08254e-09
34.8036 RSS 2.23158e-09
34.8036 PRSS 3.18755e-09
--
Received one packet! Socket: 10.1.1.1 port: 49153 at time = 34.8036
--
34.9036 RSS 1.08254e-09
34.9059 RSS 4.41361e-13
34.9059 PRSS 3.82099e-09
35.0027 RSS 1.08254e-09
35.0051 RSS -2.2307e-09
35.0051 PRSS 3.57266e-09
35.1021 RSS 1.08254e-09
35.1044 RSS 2.23158e-09
35.1044 PRSS 2.9974e-09
--
Received one packet! Socket: 10.1.1.1 port: 49153 at time = 35.1044
--
35.2039 RSS 1.08254e-09
35.2063 RSS 4.41361e-13
35.2063 PRSS 3.31368e-09
--
Received one packet! Socket: 10.1.1.1 port: 49153 at time = 35.2063
--
35.3023 RSS 1.08254e-09
35.3046 RSS -2.2307e-09
35.3046 PRSS 4.50585e-09
35.4008 RSS 1.08254e-09
35.4031 RSS 4.41361e-13
35.4031 PRSS 1.08254e-09
--
Received one packet! Socket: 10.1.1.1 port: 49153 at time = 35.4031
--
35.5011 RSS 1.08254e-09
35.5034 RSS -2.2307e-09
35.5034 PRSS 2.84104e-09
--
Received one packet! Socket: 10.1.1.1 port: 49153 at time = 35.5034
--
35.6034 RSS 2.23158e-09
35.6036 RSS 1.08254e-09
35.6059 RSS -2.2307e-09
35.6059 PRSS 3.12475e-09
--
Received one packet! Socket: 10.1.1.1 port: 49153 at time = 35.6059
--
35.7049 RSS 1.08254e-09
35.7072 RSS 4.41361e-13
35.7072 PRSS 3.31368e-09
--
Received one packet! Socket: 10.1.1.1 port: 49153 at time = 35.7072
--
35.8001 RSS 1.08254e-09
35.8024 RSS -2.2307e-09
35.8024 PRSS 1.08254e-09
--
Received one packet! Socket: 10.1.1.1 port: 49153 at time = 35.8024
--
35.9024 RSS 2.23158e-09
35.9048 RSS 1.08254e-09
35.9071 RSS -2.2307e-09
35.9071 PRSS 2.96544e-09
--
Received one packet! Socket: 10.1.1.1 port: 49153 at time = 35.9071
--
36.0025 RSS 1.08254e-09
36.0048 RSS 2.23158e-09
36.0048 PRSS 2.23661e-09
--
Received one packet! Socket: 10.1.1.1 port: 49153 at time = 36.0048
--
36.1009 RSS 1.08254e-09
36.1032 RSS 4.41361e-13
36.1032 PRSS 5.54482e-09
36.2013 RSS 1.08254e-09
36.2036 RSS -2.2307e-09
36.2036 PRSS 5.04035e-09
36.3036 RSS 2.23158e-09
36.3036 RSS 1.08254e-09
36.3059 RSS 4.41361e-13
36.3059 PRSS 3.31368e-09
--
Received one packet! Socket: 10.1.1.1 port: 49153 at time = 36.3059
--
36.4009 RSS 1.08254e-09
36.4032 RSS 4.41361e-13
36.4032 PRSS 2.14659e-09
--
Received one packet! Socket: 10.1.1.1 port: 49153 at time = 36.4032
--
36.5023 RSS 1.08254e-09
36.5046 RSS 2.23158e-09
36.5046 PRSS 1.65869e-09
--
Received one packet! Socket: 10.1.1.1 port: 49153 at time = 36.5046
--
36.6031 RSS 1.08254e-09
36.6054 RSS 4.41361e-13
36.6054 PRSS 3.31368e-09
--
Received one packet! Socket: 10.1.1.1 port: 49153 at time = 36.6054
--
36.7039 RSS 1.08254e-09
36.7062 RSS -2.2307e-09
36.7062 PRSS 1.29351e-09
--
Received one packet! Socket: 10.1.1.1 port: 49153 at time = 36.7062
--
36.8005 RSS 1.08254e-09
36.8028 RSS 2.23158e-09
36.8028 PRSS 3.31368e-09
--
Received one packet! Socket: 10.1.1.1 port: 49153 at time = 36.8028
--
36.9008 RSS 1.08254e-09
36.9031 RSS -2.2307e-09
36.9031 PRSS 5.35475e-09
37.0022 RSS 1.08254e-09
37.0045 RSS 2.23158e-09
37.0045 PRSS 2.68219e-09
--
Received one packet! Socket: 10.1.1.1 port: 49153 at time = 37.0045
--
37.1004 RSS 1.08254e-09
37.1027 RSS 4.41361e-13
37.1027 PRSS 3.31368e-09
--
Received one packet! Socket: 10.1.1.1 port: 49153 at time = 37.1027
--
37.2022 RSS 1.08254e-09
37.2045 RSS -2.2307e-09
37.2045 PRSS 4.99453e-09
37.3032 RSS 1.08254e-09
37.3055 RSS 2.23158e-09
37.3055 PRSS 3.18378e-09
--
Received one packet! Socket: 10.1.1.1 port: 49153 at time = 37.3055
--
37.4034 RSS 1.08254e-09
37.4057 RSS -2.2307e-09
37.4057 PRSS 1.95146e-09
--
Received one packet! Socket: 10.1.1.1 port: 49153 at time = 37.4057
--
37.5026 RSS 1.08254e-09
37.5049 RSS -2.2307e-09
37.5049 PRSS 1.68824e-09
--
Received one packet! Socket: 10.1.1.1 port: 49153 at time = 37.5049
--
37.6003 RSS 1.08254e-09
37.6026 RSS -2.2307e-09
37.6026 PRSS 1.84889e-09
--
Received one packet! Socket: 10.1.1.1 port: 49153 at time = 37.6026
--
37.7001 RSS 1.08254e-09
37.7024 RSS 4.41361e-13
37.7024 PRSS 4.99812e-09
37.8024 RSS 2.23158e-09
37.8038 RSS 1.08254e-09
37.8061 RSS 2.23158e-09
37.8061 PRSS 4.55473e-09
37.9049 RSS 1.08254e-09
37.9072 RSS 2.23158e-09
37.9072 PRSS 1.82503e-09
--
Received one packet! Socket: 10.1.1.1 port: 49153 at time = 37.9072
--
38.0012 RSS 1.08254e-09
38.0035 RSS 4.41361e-13
38.0035 PRSS 5.54482e-09
38.1016 RSS 1.08254e-09
38.1039 RSS 4.41361e-13
38.1039 PRSS 2.32917e-09
--
Received one packet! Socket: 10.1.1.1 port: 49153 at time = 38.1039
--
38.2033 RSS 1.08254e-09
38.2056 RSS 4.41361e-13
38.2056 PRSS 1.96394e-09
--
Received one packet! Socket: 10.1.1.1 port: 49153 at time = 38.2056
--
38.3036 RSS 1.08254e-09
38.3059 RSS -2.2307e-09
38.3059 PRSS 1.71971e-09
--
Received one packet! Socket: 10.1.1.1 port: 49153 at time = 38.3059
--
38.4019 RSS 1.08254e-09
38.4042 RSS 2.23158e-09
38.4042 PRSS 1.38973e-09
--
Received one packet! Socket: 10.1.1.1 port: 49153 at time = 38.4042
--
38.5021 RSS 1.08254e-09
38.5044 RSS 4.41361e-13
38.5044 PRSS 3.31368e-09
--
Received one packet! Socket: 10.1.1.1 port: 49153 at time = 38.5044
--
38.6031 RSS 1.08254e-09
38.6054 RSS 4.41361e-13
--
Received one packet! Socket: 10.1.1.1 port: 49153 at time = 38.6054
--
38.7048 RSS 1.08254e-09
38.7071 RSS 4.41361e-13
--
Received one packet! Socket: 10.1.1.1 port: 49153 at time = 38.7071
--
38.803 RSS 1.08254e-09
38.8053 RSS 4.41361e-13
--
Received one packet! Socket: 10.1.1.1 port: 49153 at time = 38.8053
--
38.9011 RSS 1.08254e-09
38.9034 RSS -2.2307e-09
38.9034 PRSS 4.0382e-09
39.0028 RSS 1.08254e-09
39.0051 RSS 4.41361e-13
39.0051 PRSS 4.05711e-09
--
Received one packet! Socket: 10.1.1.1 port: 49153 at time = 39.0051
--
39.1037 RSS 1.08254e-09
39.106 RSS 4.41361e-13
39.106 PRSS 3.31368e-09
--
Received one packet! Socket: 10.1.1.1 port: 49153 at time = 39.106
--
39.2009 RSS 1.08254e-09
39.2033 RSS 4.41361e-13
39.2033 PRSS 1.08254e-09
--
Received one packet! Socket: 10.1.1.1 port: 49153 at time = 39.2033
--
39.3022 RSS 1.08254e-09
39.3045 RSS 4.41361e-13
39.3045 PRSS 4.01459e-09
39.4041 RSS 1.08254e-09
39.4064 RSS 2.23158e-09
39.4064 PRSS 2.5594e-09
--
Received one packet! Socket: 10.1.1.1 port: 49153 at time = 39.4064
--
39.5014 RSS 1.08254e-09
39.5037 RSS 4.41361e-13
39.5037 PRSS 3.31368e-09
--
Received one packet! Socket: 10.1.1.1 port: 49153 at time = 39.5037
--
39.6014 RSS 1.08254e-09
39.6037 RSS -2.2307e-09
39.6037 PRSS 1.11487e-09
--
Received one packet! Socket: 10.1.1.1 port: 49153 at time = 39.6037
--
39.7025 RSS 1.08254e-09
39.7048 RSS 4.41361e-13
39.7048 PRSS 3.45125e-09
--
Received one packet! Socket: 10.1.1.1 port: 49153 at time = 39.7048
--
39.8034 RSS 1.08254e-09
39.8057 RSS -2.2307e-09
39.8057 PRSS 3.32136e-09
--
Received one packet! Socket: 10.1.1.1 port: 49153 at time = 39.8057
--
39.9006 RSS 1.08254e-09
39.9029 RSS 2.23158e-09
39.9029 PRSS 4.57371e-09
40.0046 RSS 1.08254e-09
40.0069 RSS 4.41361e-13
40.0069 PRSS 3.31368e-09
--
Received one packet! Socket: 10.1.1.1 port: 49153 at time = 40.0069
--
40.104 RSS 1.08254e-09
40.1063 RSS 2.23158e-09
--
Received one packet! Socket: 10.1.1.1 port: 49153 at time = 40.1063
--
40.2046 RSS 1.08254e-09
40.2069 RSS 4.41361e-13
--
Received one packet! Socket: 10.1.1.1 port: 49153 at time = 40.2069
--
40.3001 RSS 1.08254e-09
40.3024 RSS 4.41361e-13
--
Received one packet! Socket: 10.1.1.1 port: 49153 at time = 40.3024
--
40.4036 RSS 1.08254e-09
40.4059 RSS 2.23158e-09
40.4059 PRSS 4.59218e-09
40.5013 RSS 1.08254e-09
40.5036 RSS 4.41361e-13
40.5036 PRSS 3.31368e-09
--
Received one packet! Socket: 10.1.1.1 port: 49153 at time = 40.5036
--
40.6036 RSS 2.23158e-09
40.6038 RSS 1.08254e-09
40.6061 RSS -2.2307e-09
40.6061 PRSS 4.39527e-09
40.7033 RSS 1.08254e-09
40.7056 RSS 2.23158e-09
40.7056 PRSS 3.31368e-09
--
Received one packet! Socket: 10.1.1.1 port: 49153 at time = 40.7056
--
40.8038 RSS 1.08254e-09
40.8061 RSS 4.41361e-13
--
Received one packet! Socket: 10.1.1.1 port: 49153 at time = 40.8061
--
40.902 RSS 1.08254e-09
40.9043 RSS -2.2307e-09
--
Received one packet! Socket: 10.1.1.1 port: 49153 at time = 40.9043
--
41.0002 RSS 1.08254e-09
41.0025 RSS -2.2307e-09
41.0025 PRSS 3.18331e-09
--
Received one packet! Socket: 10.1.1.1 port: 49153 at time = 41.0025
--
41.101 RSS 1.08254e-09
41.1033 RSS 4.41361e-13
41.1033 PRSS 3.7839e-09
41.2017 RSS 1.08254e-09
41.204 RSS -2.2307e-09
41.204 PRSS 3.59976e-09
--
Received one packet! Socket: 10.1.1.1 port: 49153 at time = 41.204
--
41.3031 RSS 1.08254e-09
41.3054 RSS 2.23158e-09
41.3054 PRSS 5.21217e-09
41.4035 RSS 1.08254e-09
41.4058 RSS 2.23158e-09
41.4058 PRSS 3.31368e-09
--
Received one packet! Socket: 10.1.1.1 port: 49153 at time = 41.4058
--
41.502 RSS 1.08254e-09
41.5043 RSS 4.41361e-13
--
Received one packet! Socket: 10.1.1.1 port: 49153 at time = 41.5043
--
41.601 RSS 1.08254e-09
41.6033 RSS 4.41361e-13
--
Received one packet! Socket: 10.1.1.1 port: 49153 at time = 41.6033
--
41.7029 RSS 1.08254e-09
41.7052 RSS 4.41361e-13
41.7052 PRSS 3.06959e-09
--
Received one packet! Socket: 10.1.1.1 port: 49153 at time = 41.7052
--
41.802 RSS 1.08254e-09
41.8043 RSS 4.41361e-13
41.8043 PRSS 5.54482e-09
41.9045 RSS 1.08254e-09
41.9068 RSS -2.2307e-09
41.9068 PRSS 2.76695e-09
--
Received one packet! Socket: 10.1.1.1 port: 49153 at time = 41.9068
--
42.0001 RSS 1.08254e-09
42.0024 RSS 4.41361e-13
42.0024 PRSS 1.08254e-09
--
Received one packet! Socket: 10.1.1.1 port: 49153 at time = 42.0024
--
42.1024 RSS 2.23158e-09
42.1045 RSS 1.08254e-09
42.1068 RSS -2.2307e-09
42.1068 PRSS 3.46104e-09
--
Received one packet! Socket: 10.1.1.1 port: 49153 at time = 42.1068
--
42.2008 RSS 1.08254e-09
42.2031 RSS 4.41361e-13
42.2031 PRSS 3.31368e-09
--
Received one packet! Socket: 10.1.1.1 port: 49153 at time = 42.2031
--
42.3013 RSS 1.08254e-09
42.3036 RSS 4.41361e-13
--
Received one packet! Socket: 10.1.1.1 port: 49153 at time = 42.3036
--
42.4044 RSS 1.08254e-09
42.4067 RSS 2.23158e-09
42.4067 PRSS 2.41484e-09
--
Received one packet! Socket: 10.1.1.1 port: 49153 at time = 42.4067
--
42.5014 RSS 1.08254e-09
42.5037 RSS 4.41361e-13
42.5037 PRSS 3.31368e-09
--
Received one packet! Socket: 10.1.1.1 port: 49153 at time = 42.5037
--
42.602 RSS 1.08254e-09
42.6043 RSS 2.23158e-09
42.6043 PRSS 4.39363e-09
42.7027 RSS 1.08254e-09
42.705 RSS -2.2307e-09
42.705 PRSS 3.31368e-09
--
Received one packet! Socket: 10.1.1.1 port: 49153 at time = 42.705
--
42.8029 RSS 1.08254e-09
42.8052 RSS -2.2307e-09
42.8052 PRSS 4.31075e-09
42.901 RSS 1.08254e-09
42.9033 RSS -2.2307e-09
42.9033 PRSS 3.31368e-09
--
Received one packet! Socket: 10.1.1.1 port: 49153 at time = 42.9033
--
43.002 RSS 1.08254e-09
43.0043 RSS 4.41361e-13
43.0043 PRSS 1.08254e-09
--
Received one packet! Socket: 10.1.1.1 port: 49153 at time = 43.0043
--
43.1037 RSS 1.08254e-09
43.106 RSS 4.41361e-13
43.106 PRSS 3.67112e-09
--
Received one packet! Socket: 10.1.1.1 port: 49153 at time = 43.106
--
43.2019 RSS 1.08254e-09
43.2042 RSS 4.41361e-13
43.2042 PRSS 3.31368e-09
--
Received one packet! Socket: 10.1.1.1 port: 49153 at time = 43.2042
--
43.3042 RSS 2.23158e-09
43.3048 RSS 1.08254e-09
43.3071 RSS 2.23158e-09
43.3071 PRSS 3.57765e-09
43.4029 RSS 1.08254e-09
43.4052 RSS -2.2307e-09
43.4052 PRSS 3.73901e-09
43.503 RSS 1.08254e-09
43.5053 RSS 4.41361e-13
43.5053 PRSS 3.31368e-09
43.6015 RSS 1.08254e-09
43.6038 RSS -4.46184e-09
43.6038 PRSS 3.08205e-09
43.7026 RSS 1.08254e-09
43.7049 RSS 4.41361e-13
43.7049 PRSS 1.86801e-09
--
Received one packet! Socket: 10.1.1.1 port: 49153 at time = 43.7049
--
43.801 RSS 1.08254e-09
43.8033 RSS 4.41361e-13
43.8033 PRSS 5.54482e-09
43.901 RSS 1.08254e-09
43.9033 RSS 2.23158e-09
43.9033 PRSS 1.80428e-09
--
Received one packet! Socket: 10.1.1.1 port: 49153 at time = 43.9033
--
44.0033 RSS -2.2307e-09
44.0047 RSS 1.08254e-09
44.007 RSS 2.23158e-09
44.007 PRSS 2.33898e-09
--
Received one packet! Socket: 10.1.1.1 port: 49153 at time = 44.007
--
44.1016 RSS 1.08254e-09
44.1039 RSS 4.41361e-13
44.1039 PRSS 1.87158e-09
--
Received one packet! Socket: 10.1.1.1 port: 49153 at time = 44.1039
--
44.2039 RSS 2.23158e-09
44.2039 RSS 1.08254e-09
44.2062 RSS 4.41361e-13
44.2062 PRSS 3.31368e-09
--
Received one packet! Socket: 10.1.1.1 port: 49153 at time = 44.2062
--
44.301 RSS 1.08254e-09
44.3033 RSS 4.41361e-13
--
Received one packet! Socket: 10.1.1.1 port: 49153 at time = 44.3033
--
44.403 RSS 1.08254e-09
44.4053 RSS 2.23158e-09
44.4053 PRSS 4.23862e-09
44.5007 RSS 1.08254e-09
44.503 RSS 2.23158e-09
44.503 PRSS 5.15352e-09
44.6012 RSS 1.08254e-09
44.6035 RSS 4.41361e-13
44.6035 PRSS 4.07541e-09
44.7035 RSS 2.23158e-09
44.705 RSS 1.08254e-09
44.7073 RSS -2.2307e-09
44.7073 PRSS 2.47645e-09
--
Received one packet! Socket: 10.1.1.1 port: 49153 at time = 44.7073
--
44.8032 RSS 1.08254e-09
44.8055 RSS 2.23158e-09
44.8055 PRSS 1.96248e-09
--
Received one packet! Socket: 10.1.1.1 port: 49153 at time = 44.8055
--
44.901 RSS 1.08254e-09
44.9033 RSS 2.23158e-09
44.9033 PRSS 4.60295e-09
45.0033 RSS -2.2307e-09
45.0038 RSS 1.08254e-09
45.0061 RSS 2.23158e-09
45.0061 PRSS 3.50244e-09
--
Received one packet! Socket: 10.1.1.1 port: 49153 at time = 45.0061
--
45.1024 RSS 1.08254e-09
45.1047 RSS 4.41361e-13
45.1047 PRSS 2.24602e-09
--
Received one packet! Socket: 10.1.1.1 port: 49153 at time = 45.1047
--
45.2002 RSS 1.08254e-09
45.2025 RSS 2.23158e-09
45.2025 PRSS 3.31368e-09
--
Received one packet! Socket: 10.1.1.1 port: 49153 at time = 45.2025
--
45.3025 RSS -2.2307e-09
45.3047 RSS 1.08254e-09
45.307 RSS 2.23158e-09
45.307 PRSS 4.37471e-09
45.4047 RSS 1.08254e-09
45.407 RSS -2.2307e-09
45.407 PRSS 1.38162e-09
--
Received one packet! Socket: 10.1.1.1 port: 49153 at time = 45.407
--
45.5039 RSS 1.08254e-09
45.5062 RSS 4.41361e-13
45.5062 PRSS 3.31368e-09
--
Received one packet! Socket: 10.1.1.1 port: 49153 at time = 45.5062
--
45.604 RSS 1.08254e-09
45.6063 RSS 4.41361e-13
--
Received one packet! Socket: 10.1.1.1 port: 49153 at time = 45.6063
--
45.7 RSS 1.08254e-09
45.7023 RSS 4.41361e-13
45.7023 PRSS 1.74386e-09
--
Received one packet! Socket: 10.1.1.1 port: 49153 at time = 45.7023
--
45.8023 RSS 2.23158e-09
45.8025 RSS 1.08254e-09
45.8048 RSS 4.41361e-13
45.8048 PRSS 3.31368e-09
45.902 RSS 1.08254e-09
45.9043 RSS -2.2307e-09
45.9043 PRSS 4.29577e-09
46.0043 RSS 2.23158e-09
46.0045 RSS 1.08254e-09
46.0068 RSS -2.2307e-09
46.0068 PRSS 3.16923e-09
--
Received one packet! Socket: 10.1.1.1 port: 49153 at time = 46.0068
--
46.1016 RSS 1.08254e-09
46.1039 RSS 4.41361e-13
46.1039 PRSS 2.59589e-09
--
Received one packet! Socket: 10.1.1.1 port: 49153 at time = 46.1039
--
46.2043 RSS 1.08254e-09
46.2066 RSS 4.41361e-13
46.2066 PRSS 3.99982e-09
46.3017 RSS 1.08254e-09
46.304 RSS 4.41361e-13
46.304 PRSS 3.31368e-09
--
Received one packet! Socket: 10.1.1.1 port: 49153 at time = 46.304
--
46.4014 RSS 1.08254e-09
46.4037 RSS 2.23158e-09
46.4037 PRSS 5.3794e-09
46.5031 RSS 1.08254e-09
46.5054 RSS 4.41361e-13
46.5054 PRSS 3.31368e-09
--
Received one packet! Socket: 10.1.1.1 port: 49153 at time = 46.5054
--
46.6014 RSS 1.08254e-09
46.6037 RSS 4.41361e-13
--
Received one packet! Socket: 10.1.1.1 port: 49153 at time = 46.6037
--
46.7037 RSS 2.23158e-09
46.7049 RSS 1.08254e-09
46.7072 RSS -2.2307e-09
46.7072 PRSS 3.37451e-09
--
Received one packet! Socket: 10.1.1.1 port: 49153 at time = 46.7072
--
46.8005 RSS 1.08254e-09
46.8028 RSS 4.41361e-13
46.8028 PRSS 4.3649e-09
46.9017 RSS 1.08254e-09
46.904 RSS -2.2307e-09
46.904 PRSS 5.3509e-09
47.004 RSS 2.23158e-09
47.0045 RSS 1.08254e-09
47.0068 RSS -2.2307e-09
47.0068 PRSS 2.2974e-09
--
Received one packet! Socket: 10.1.1.1 port: 49153 at time = 47.0068
--
47.1031 RSS 1.08254e-09
47.1054 RSS 4.41361e-13
47.1054 PRSS 3.31368e-09
--
Received one packet! Socket: 10.1.1.1 port: 49153 at time = 47.1054
--
47.203 RSS 1.08254e-09
47.2053 RSS 2.23158e-09
--
Received one packet! Socket: 10.1.1.1 port: 49153 at time = 47.2053
--
47.3047 RSS 1.08254e-09
47.307 RSS -2.2307e-09
47.307 PRSS 1.62058e-09
--
Received one packet! Socket: 10.1.1.1 port: 49153 at time = 47.307
--
47.4049 RSS 1.08254e-09
47.4072 RSS 2.23158e-09
47.4072 PRSS 5.03543e-09
47.5031 RSS 1.08254e-09
47.5054 RSS 4.41361e-13
47.5054 PRSS 3.35067e-09
--
Received one packet! Socket: 10.1.1.1 port: 49153 at time = 47.5054
--
47.601 RSS 1.08254e-09
47.6033 RSS 4.41361e-13
47.6033 PRSS 4.42065e-09
47.7015 RSS 1.08254e-09
47.7038 RSS 4.41361e-13
47.7038 PRSS 3.31368e-09
--
Received one packet! Socket: 10.1.1.1 port: 49153 at time = 47.7038
--
47.8012 RSS 1.08254e-09
47.8035 RSS 4.41361e-13
47.8035 PRSS 3.58578e-09
47.9003 RSS 1.08254e-09
47.9026 RSS 4.41361e-13
47.9026 PRSS 3.31368e-09
--
Received one packet! Socket: 10.1.1.1 port: 49153 at time = 47.9026
--
48.0026 RSS -2.2307e-09
48.0046 RSS 1.08254e-09
48.0069 RSS 4.46272e-09
48.0069 PRSS 3.27653e-09
--
Received one packet! Socket: 10.1.1.1 port: 49153 at time = 48.0069
--
48.1008 RSS 1.08254e-09
48.1031 RSS -2.2307e-09
48.1031 PRSS 1.30169e-09
--
Received one packet! Socket: 10.1.1.1 port: 49153 at time = 48.1031
--
48.2028 RSS 1.08254e-09
48.2051 RSS 2.23158e-09
48.2051 PRSS 4.71191e-09
48.3028 RSS 1.08254e-09
48.3051 RSS -2.2307e-09
48.3051 PRSS 5.02273e-09
48.4023 RSS 1.08254e-09
48.4046 RSS -2.2307e-09
48.4046 PRSS 4.49397e-09
48.5024 RSS 1.08254e-09
48.5047 RSS -2.2307e-09
48.5047 PRSS 2.75713e-09
--
Received one packet! Socket: 10.1.1.1 port: 49153 at time = 48.5047
--
48.6006 RSS 1.08254e-09
48.6029 RSS -2.2307e-09
48.6029 PRSS 3.46688e-09
--
Received one packet! Socket: 10.1.1.1 port: 49153 at time = 48.6029
--
48.7029 RSS 2.23158e-09
48.7039 RSS 1.08254e-09
48.7062 RSS -2.2307e-09
48.7062 PRSS 3.32578e-09
--
Received one packet! Socket: 10.1.1.1 port: 49153 at time = 48.7062
--
48.8036 RSS 1.08254e-09
48.8059 RSS -2.2307e-09
48.8059 PRSS 3.64533e-09
48.901 RSS 1.08254e-09
48.9033 RSS 2.23158e-09
48.9033 PRSS 2.72805e-09
--
Received one packet! Socket: 10.1.1.1 port: 49153 at time = 48.9033
--
49.0007 RSS 1.08254e-09
49.003 RSS 4.41361e-13
49.003 PRSS 3.31368e-09
--
Received one packet! Socket: 10.1.1.1 port: 49153 at time = 49.003
--
49.103 RSS 2.23158e-09
49.1046 RSS 1.08254e-09
49.1069 RSS 4.41361e-13
--
Received one packet! Socket: 10.1.1.1 port: 49153 at time = 49.1069
--
49.201 RSS 1.08254e-09
49.2033 RSS 2.23158e-09
49.2033 PRSS 2.80691e-09
--
Received one packet! Socket: 10.1.1.1 port: 49153 at time = 49.2033
--
49.3034 RSS 1.08254e-09
49.3057 RSS 4.41361e-13
49.3057 PRSS 3.31368e-09
--
Received one packet! Socket: 10.1.1.1 port: 49153 at time = 49.3057
--
49.4025 RSS 1.08254e-09
49.4048 RSS 4.41361e-13
49.4048 PRSS 2.77074e-09
--
Received one packet! Socket: 10.1.1.1 port: 49153 at time = 49.4048
--
49.5024 RSS 1.08254e-09
49.5047 RSS 2.23158e-09
49.5047 PRSS 5.31842e-09
49.6036 RSS 1.08254e-09
49.6059 RSS 4.41361e-13
49.6059 PRSS 3.31368e-09
--
Received one packet! Socket: 10.1.1.1 port: 49153 at time = 49.6059
--
49.7024 RSS 1.08254e-09
49.7047 RSS 4.41361e-13
--
Received one packet! Socket: 10.1.1.1 port: 49153 at time = 49.7047
--
49.8017 RSS 1.08254e-09
49.804 RSS 4.41361e-13
49.804 PRSS 3.43114e-09
49.9006 RSS 1.08254e-09
49.9029 RSS 2.23158e-09
49.9029 PRSS 3.39048e-09
--
Received one packet! Socket: 10.1.1.1 port: 49153 at time = 49.9029
--
50.0022 RSS 1.08254e-09
50.0045 RSS 4.41361e-13
50.0045 PRSS 3.31368e-09
--
Received one packet! Socket: 10.1.1.1 port: 49153 at time = 50.0045
--
50.1046 RSS 1.08254e-09
50.1069 RSS 2.23158e-09
50.1069 PRSS 1.91825e-09
--
Received one packet! Socket: 10.1.1.1 port: 49153 at time = 50.1069
--
50.2013 RSS 1.08254e-09
50.2036 RSS 4.41361e-13
50.2036 PRSS 2.84853e-09
--
Received one packet! Socket: 10.1.1.1 port: 49153 at time = 50.2036
--
50.3041 RSS 1.08254e-09
50.3064 RSS 4.41361e-13
50.3064 PRSS 3.31368e-09
--
Received one packet! Socket: 10.1.1.1 port: 49153 at time = 50.3064
--
50.4045 RSS 1.08254e-09
50.4068 RSS -2.2307e-09
50.4068 PRSS 1.64737e-09
--
Received one packet! Socket: 10.1.1.1 port: 49153 at time = 50.4068
--
50.5036 RSS 1.08254e-09
50.5059 RSS 2.23158e-09
50.5059 PRSS 5.46553e-09
50.6029 RSS 1.08254e-09
50.6052 RSS 2.23158e-09
50.6052 PRSS 2.46915e-09
--
Received one packet! Socket: 10.1.1.1 port: 49153 at time = 50.6052
--
50.7007 RSS 1.08254e-09
50.703 RSS -2.2307e-09
50.703 PRSS 3.13364e-09
--
Received one packet! Socket: 10.1.1.1 port: 49153 at time = 50.703
--
50.802 RSS 1.08254e-09
50.8043 RSS 4.41361e-13
50.8043 PRSS 3.27934e-09
--
Received one packet! Socket: 10.1.1.1 port: 49153 at time = 50.8043
--
50.9016 RSS 1.08254e-09
50.9039 RSS 2.23158e-09
50.9039 PRSS 4.62074e-09
51.0015 RSS 1.08254e-09
51.0038 RSS 4.41361e-13
51.0038 PRSS 3.31368e-09
--
Received one packet! Socket: 10.1.1.1 port: 49153 at time = 51.0038
--
51.1003 RSS 1.08254e-09
51.1026 RSS 4.41361e-13
51.1026 PRSS 3.86517e-09
51.2 RSS 1.08254e-09
51.2024 RSS 4.41361e-13
51.2024 PRSS 3.31368e-09
--
Received one packet! Socket: 10.1.1.1 port: 49153 at time = 51.2024
--
51.3012 RSS 1.08254e-09
51.3035 RSS 4.41361e-13
--
Received one packet! Socket: 10.1.1.1 port: 49153 at time = 51.3035
--
51.4015 RSS 1.08254e-09
51.4038 RSS 4.41361e-13
51.4038 PRSS 4.57852e-09
51.5009 RSS 1.08254e-09
51.5032 RSS -2.2307e-09
51.5032 PRSS 1.08254e-09
--
Received one packet! Socket: 10.1.1.1 port: 49153 at time = 51.5032
--
51.6032 RSS 4.41361e-13
51.6044 RSS 1.08254e-09
51.6067 RSS 2.23158e-09
51.6067 PRSS 2.23724e-09
--
Received one packet! Socket: 10.1.1.1 port: 49153 at time = 51.6067
--
51.7025 RSS 1.08254e-09
51.7048 RSS 4.41361e-13
51.7048 PRSS 2.60354e-09
--
Received one packet! Socket: 10.1.1.1 port: 49153 at time = 51.7048
--
51.8028 RSS 1.08254e-09
51.8051 RSS 4.41361e-13
51.8051 PRSS 3.31368e-09
--
Received one packet! Socket: 10.1.1.1 port: 49153 at time = 51.8051
--
51.9011 RSS 1.08254e-09
51.9034 RSS 4.41361e-13
--
Received one packet! Socket: 10.1.1.1 port: 49153 at time = 51.9034
--
52.0025 RSS 1.08254e-09
52.0048 RSS 4.41361e-13
--
Received one packet! Socket: 10.1.1.1 port: 49153 at time = 52.0048
--
52.1017 RSS 1.08254e-09
52.104 RSS -2.2307e-09
52.104 PRSS 1.95141e-09
--
Received one packet! Socket: 10.1.1.1 port: 49153 at time = 52.104
--
52.2049 RSS 1.08254e-09
52.2072 RSS 2.23158e-09
52.2072 PRSS 3.04861e-09
--
Received one packet! Socket: 10.1.1.1 port: 49153 at time = 52.2072
--
52.3032 RSS 1.08254e-09
52.3055 RSS -2.2307e-09
52.3055 PRSS 2.59214e-09
--
Received one packet! Socket: 10.1.1.1 port: 49153 at time = 52.3055
--
52.4013 RSS 1.08254e-09
52.4036 RSS -2.2307e-09
52.4036 PRSS 4.46096e-09
52.5018 RSS 1.08254e-09
52.5041 RSS -2.2307e-09
52.5041 PRSS 2.80066e-09
--
Received one packet! Socket: 10.1.1.1 port: 49153 at time = 52.5041
--
52.6024 RSS 1.08254e-09
52.6047 RSS 2.23158e-09
52.6047 PRSS 2.47622e-09
--
Received one packet! Socket: 10.1.1.1 port: 49153 at time = 52.6047
--
52.703 RSS 1.08254e-09
52.7053 RSS 4.41361e-13
52.7053 PRSS 3.31368e-09
--
Received one packet! Socket: 10.1.1.1 port: 49153 at time = 52.7053
--
52.8021 RSS 1.08254e-09
52.8044 RSS 4.41361e-13
52.8044 PRSS 1.97061e-09
--
Received one packet! Socket: 10.1.1.1 port: 49153 at time = 52.8044
--
52.9006 RSS 1.08254e-09
52.9029 RSS 2.23158e-09
52.9029 PRSS 4.49301e-09
53.0029 RSS 4.41361e-13
53.0037 RSS 1.08254e-09
53.006 RSS 2.23158e-09
53.006 PRSS 3.64108e-09
--
Received one packet! Socket: 10.1.1.1 port: 49153 at time = 53.006
--
53.1005 RSS 1.08254e-09
53.1028 RSS 4.41361e-13
53.1028 PRSS 4.13321e-09
53.2028 RSS 2.23158e-09
53.2044 RSS 1.08254e-09
53.2067 RSS -2.2307e-09
53.2067 PRSS 1.27672e-09
--
Received one packet! Socket: 10.1.1.1 port: 49153 at time = 53.2067
--
53.3007 RSS 1.08254e-09
53.303 RSS -2.2307e-09
53.303 PRSS 2.44278e-09
--
Received one packet! Socket: 10.1.1.1 port: 49153 at time = 53.303
--
53.403 RSS 2.23158e-09
53.4048 RSS 1.08254e-09
53.4071 RSS 4.41361e-13
53.4071 PRSS 3.31368e-09
--
Received one packet! Socket: 10.1.1.1 port: 49153 at time = 53.4071
--
53.5042 RSS 1.08254e-09
53.5065 RSS 2.23158e-09
53.5065 PRSS 2.41781e-09
--
Received one packet! Socket: 10.1.1.1 port: 49153 at time = 53.5065
--
53.6003 RSS 1.08254e-09
53.6026 RSS 2.23158e-09
53.6026 PRSS 3.95031e-09
--
Received one packet! Socket: 10.1.1.1 port: 49153 at time = 53.6026
--
53.7041 RSS 1.08254e-09
53.7064 RSS -2.2307e-09
53.7064 PRSS 4.52706e-09
53.8021 RSS 1.08254e-09
53.8044 RSS -2.2307e-09
53.8044 PRSS 4.35263e-09
53.902 RSS 1.08254e-09
53.9043 RSS 4.46272e-09
53.9043 PRSS 2.64063e-09
--
Received one packet! Socket: 10.1.1.1 port: 49153 at time = 53.9043
--
54.0043 RSS -2.2307e-09
54.0048 RSS 1.08254e-09
54.0071 RSS 2.23158e-09
54.0071 PRSS 3.13081e-09
--
Received one packet! Socket: 10.1.1.1 port: 49153 at time = 54.0071
--
54.1028 RSS 1.08254e-09
54.1051 RSS 2.23158e-09
54.1051 PRSS 2.57833e-09
--
Received one packet! Socket: 10.1.1.1 port: 49153 at time = 54.1051
--
54.2027 RSS 1.08254e-09
54.205 RSS 4.41361e-13
54.205 PRSS 3.31368e-09
--
Received one packet! Socket: 10.1.1.1 port: 49153 at time = 54.205
--
54.3006 RSS 1.08254e-09
54.3029 RSS 4.41361e-13
54.3029 PRSS 3.90949e-09
54.4028 RSS 1.08254e-09
54.4051 RSS 2.23158e-09
54.4051 PRSS 5.06146e-09
54.5033 RSS 1.08254e-09
54.5056 RSS 4.41361e-13
54.5056 PRSS 1.51897e-09
--
Received one packet! Socket: 10.1.1.1 port: 49153 at time = 54.5056
--
54.6026 RSS 1.08254e-09
54.605 RSS 4.41361e-13
54.605 PRSS 4.06939e-09
54.7045 RSS 1.08254e-09
54.7068 RSS 4.41361e-13
54.7068 PRSS 5.54482e-09
54.8025 RSS 1.08254e-09
54.8048 RSS 4.41361e-13
54.8048 PRSS 1.08254e-09
--
Received one packet! Socket: 10.1.1.1 port: 49153 at time = 54.8048
--
54.9024 RSS 1.08254e-09
54.9047 RSS 2.23158e-09
54.9047 PRSS 2.9337e-09
--
Received one packet! Socket: 10.1.1.1 port: 49153 at time = 54.9047
--
55.0001 RSS 1.08254e-09
55.0024 RSS 2.23158e-09
55.0024 PRSS 3.31368e-09
--
Received one packet! Socket: 10.1.1.1 port: 49153 at time = 55.0024
--
55.1029 RSS 1.08254e-09
55.1052 RSS 2.23158e-09
55.1052 PRSS 5.34876e-09
55.2013 RSS 1.08254e-09
55.2036 RSS 4.41361e-13
55.2036 PRSS 3.31368e-09
--
Received one packet! Socket: 10.1.1.1 port: 49153 at time = 55.2036
--
55.3014 RSS 1.08254e-09
55.3037 RSS 4.41361e-13
55.3037 PRSS 2.51938e-09
--
Received one packet! Socket: 10.1.1.1 port: 49153 at time = 55.3037
--
55.4001 RSS 1.08254e-09
55.4024 RSS 2.23158e-09
55.4024 PRSS 2.9475e-09
--
Received one packet! Socket: 10.1.1.1 port: 49153 at time = 55.4024
--
55.5034 RSS 1.08254e-09
55.5057 RSS 4.41361e-13
55.5057 PRSS 3.31368e-09
--
Received one packet! Socket: 10.1.1.1 port: 49153 at time = 55.5057
--
55.6022 RSS 1.08254e-09
55.6045 RSS 4.41361e-13
55.6045 PRSS 1.08254e-09
--
Received one packet! Socket: 10.1.1.1 port: 49153 at time = 55.6045
--
55.7039 RSS 1.08254e-09
55.7062 RSS 2.23158e-09
55.7062 PRSS 2.88135e-09
--
Received one packet! Socket: 10.1.1.1 port: 49153 at time = 55.7062
--
55.8018 RSS 1.08254e-09
55.8041 RSS -2.2307e-09
55.8041 PRSS 4.81413e-09
55.9041 RSS 4.41361e-13
55.9041 RSS 1.08254e-09
55.9064 RSS 2.23158e-09
55.9064 PRSS 1.56302e-09
--
Received one packet! Socket: 10.1.1.1 port: 49153 at time = 55.9064
--
56.0045 RSS 1.08254e-09
56.0068 RSS -2.2307e-09
56.0068 PRSS 3.88197e-09
56.1026 RSS 1.08254e-09
56.1049 RSS -2.2307e-09
56.1049 PRSS 3.55925e-09
56.2029 RSS 1.08254e-09
56.2052 RSS 4.41361e-13
56.2052 PRSS 3.31368e-09
--
Received one packet! Socket: 10.1.1.1 port: 49153 at time = 56.2052
--
56.3021 RSS 1.08254e-09
56.3044 RSS 4.41361e-13
--
Received one packet! Socket: 10.1.1.1 port: 49153 at time = 56.3044
--
56.4027 RSS 1.08254e-09
56.405 RSS -2.2307e-09
--
Received one packet! Socket: 10.1.1.1 port: 49153 at time = 56.405
--
56.5018 RSS 1.08254e-09
56.5041 RSS -2.2307e-09
56.5041 PRSS 5.38165e-09
56.6027 RSS 1.08254e-09
56.605 RSS 4.41361e-13
56.605 PRSS 3.31368e-09
--
Received one packet! Socket: 10.1.1.1 port: 49153 at time = 56.605
--
56.7045 RSS 1.08254e-09
56.7068 RSS 4.41361e-13
56.7068 PRSS 2.37026e-09
--
Received one packet! Socket: 10.1.1.1 port: 49153 at time = 56.7068
--
56.803 RSS 1.08254e-09
56.8053 RSS 2.23158e-09
56.8053 PRSS 2.32809e-09
--
Received one packet! Socket: 10.1.1.1 port: 49153 at time = 56.8053
--
56.9001 RSS 1.08254e-09
56.9024 RSS -2.2307e-09
56.9024 PRSS 3.12918e-09
--
Received one packet! Socket: 10.1.1.1 port: 49153 at time = 56.9024
--
57.0009 RSS 1.08254e-09
57.0032 RSS 4.41361e-13
57.0032 PRSS 3.58244e-09
--
Received one packet! Socket: 10.1.1.1 port: 49153 at time = 57.0032
--
57.102 RSS 1.08254e-09
57.1043 RSS 4.41361e-13
57.1043 PRSS 3.38782e-09
--
Received one packet! Socket: 10.1.1.1 port: 49153 at time = 57.1043
--
57.2039 RSS 1.08254e-09
57.2062 RSS 4.41361e-13
57.2062 PRSS 3.31368e-09
--
Received one packet! Socket: 10.1.1.1 port: 49153 at time = 57.2062
--
57.3002 RSS 1.08254e-09
57.3025 RSS 4.41361e-13
57.3025 PRSS 5.54482e-09
57.4013 RSS 1.08254e-09
57.4036 RSS 2.23158e-09
57.4036 PRSS 3.19783e-09
--
Received one packet! Socket: 10.1.1.1 port: 49153 at time = 57.4036
--
57.5004 RSS 1.08254e-09
57.5027 RSS 2.23158e-09
57.5027 PRSS 4.69073e-09
57.6027 RSS 4.41361e-13
57.6033 RSS 1.08254e-09
57.6056 RSS 4.41361e-13
57.6056 PRSS 3.31368e-09
--
Received one packet! Socket: 10.1.1.1 port: 49153 at time = 57.6056
--
57.7014 RSS 1.08254e-09
57.7037 RSS 2.23158e-09
57.7037 PRSS 2.13187e-09
--
Received one packet! Socket: 10.1.1.1 port: 49153 at time = 57.7037
--
57.8034 RSS 1.08254e-09
57.8057 RSS -2.2307e-09
57.8057 PRSS 2.19548e-09
--
Received one packet! Socket: 10.1.1.1 port: 49153 at time = 57.8057
--
57.9047 RSS 1.08254e-09
57.907 RSS -2.2307e-09
57.907 PRSS 3.97208e-09
58.0017 RSS 1.08254e-09
58.004 RSS 4.41361e-13
58.004 PRSS 1.08254e-09
--
Received one packet! Socket: 10.1.1.1 port: 49153 at time = 58.004
--
58.1036 RSS 1.08254e-09
58.1059 RSS 4.41361e-13
58.1059 PRSS 3.96629e-09
58.2033 RSS 1.08254e-09
58.2056 RSS -2.2307e-09
58.2056 PRSS 2.08463e-09
--
Received one packet! Socket: 10.1.1.1 port: 49153 at time = 58.2056
--
58.3008 RSS 1.08254e-09
58.3031 RSS 4.41361e-13
58.3031 PRSS 3.31368e-09
--
Received one packet! Socket: 10.1.1.1 port: 49153 at time = 58.3031
--
58.4038 RSS 1.08254e-09
58.4061 RSS 2.23158e-09
58.4061 PRSS 2.68524e-09
--
Received one packet! Socket: 10.1.1.1 port: 49153 at time = 58.4061
--
58.5 RSS 1.08254e-09
58.5023 RSS 4.41361e-13
58.5023 PRSS 1.19435e-09
--
Received one packet! Socket: 10.1.1.1 port: 49153 at time = 58.5023
--
58.6009 RSS 1.08254e-09
58.6032 RSS -2.2307e-09
58.6032 PRSS 3.46089e-09
58.7032 RSS 2.23158e-09
58.7037 RSS 1.08254e-09
58.706 RSS -2.2307e-09
58.706 PRSS 3.31368e-09
--
Received one packet! Socket: 10.1.1.1 port: 49153 at time = 58.706
--
58.8018 RSS 1.08254e-09
58.8041 RSS 4.41361e-13
58.8041 PRSS 1.08254e-09
--
Received one packet! Socket: 10.1.1.1 port: 49153 at time = 58.8041
--
58.9015 RSS 1.08254e-09
58.9038 RSS 4.41361e-13
58.9038 PRSS 3.31368e-09
--
Received one packet! Socket: 10.1.1.1 port: 49153 at time = 58.9038
--
59.0025 RSS 1.08254e-09
59.0048 RSS 2.23158e-09
59.0048 PRSS 2.44263e-09
--
Received one packet! Socket: 10.1.1.1 port: 49153 at time = 59.0048
--
59.1044 RSS 1.08254e-09
59.1067 RSS 4.41361e-13
59.1067 PRSS 3.31368e-09
--
Received one packet! Socket: 10.1.1.1 port: 49153 at time = 59.1067
--
59.2032 RSS 1.08254e-09
59.2055 RSS -2.2307e-09
59.2055 PRSS 3.02423e-09
--
Received one packet! Socket: 10.1.1.1 port: 49153 at time = 59.2055
--
59.3006 RSS 1.08254e-09
59.3029 RSS 4.41361e-13
59.3029 PRSS 3.31368e-09
--
Received one packet! Socket: 10.1.1.1 port: 49153 at time = 59.3029
--
59.4029 RSS 2.23158e-09
59.4029 RSS 1.08254e-09
59.4052 RSS 4.41361e-13
59.4052 PRSS 3.3033e-09
--
Received one packet! Socket: 10.1.1.1 port: 49153 at time = 59.4052
--
59.5 RSS 1.08254e-09
59.5023 RSS 4.41361e-13
59.5023 PRSS 3.31368e-09
--
Received one packet! Socket: 10.1.1.1 port: 49153 at time = 59.5023
--
59.6022 RSS 1.08254e-09
59.6045 RSS 4.41361e-13
59.6045 PRSS 2.39673e-09
--
Received one packet! Socket: 10.1.1.1 port: 49153 at time = 59.6045
--
59.7024 RSS 1.08254e-09
59.7047 RSS 4.46272e-09
59.7047 PRSS 5.21307e-09
59.8025 RSS 1.08254e-09
59.8048 RSS 4.41361e-13
59.8048 PRSS 1.08254e-09
--
Received one packet! Socket: 10.1.1.1 port: 49153 at time = 59.8048
--
59.9048 RSS 2.23158e-09
59.905 RSS 1.08254e-09
59.9073 RSS 4.41361e-13
59.9073 PRSS 3.31368e-09
--
Received one packet! Socket: 10.1.1.1 port: 49153 at time = 59.9073
--
Actual PDR = 0.775
Actual RSS = 4.46272e-09
Actual Average Packet RSS = 5.54482e-09
