0 RSS 4.41361e-13
0.428048 RSS 6.53497e-13
0.430352 RSS 4.41361e-13
0.430352 PRSS 6.53497e-13
--
Received one packet! Socket: 10.1.1.1 port: 49153 at time = 0.430352
--
1.12948 RSS 6.53497e-13
1.13178 RSS 4.41361e-13
--
Received one packet! Socket: 10.1.1.1 port: 49153 at time = 1.13178
--
2.82624 RSS 6.53497e-13
2.82854 RSS 4.41361e-13
--
Received one packet! Socket: 10.1.1.1 port: 49153 at time = 2.82854
--
3.35839 RSS 6.53497e-13
3.36069 RSS 4.41361e-13
--
Received one packet! Socket: 10.1.1.1 port: 49153 at time = 3.36069
--
4.07957 RSS 6.53497e-13
4.08188 RSS 4.41361e-13
--
Received one packet! Socket: 10.1.1.1 port: 49153 at time = 4.08188
--
5.35822 RSS 6.53497e-13
5.36052 RSS 4.41361e-13
--
Received one packet! Socket: 10.1.1.1 port: 49153 at time = 5.36052
--
6.56981 RSS 6.53497e-13
6.57212 RSS 4.41361e-13
--
Received one packet! Socket: 10.1.1.1 port: 49153 at time = 6.57212
--
7.89381 RSS 6.53497e-13
7.89611 RSS 4.41361e-13
--
Received one packet! Socket: 10.1.1.1 port: 49153 at time = 7.89611
--
8.82557 RSS 6.53497e-13
8.82787 RSS 4.41361e-13
--
Received one packet! Socket: 10.1.1.1 port: 49153 at time = 8.82787
--
9.91963 RSS 6.53497e-13
9.92194 RSS 4.41361e-13
--
Received one packet! Socket: 10.1.1.1 port: 49153 at time = 9.92194
--
10.5624 RSS 6.53497e-13
10.5647 RSS 4.41361e-13
--
Received one packet! Socket: 10.1.1.1 port: 49153 at time = 10.5647
--
11.2307 RSS 6.53497e-13
11.233 RSS 4.41361e-13
--
Received one packet! Socket: 10.1.1.1 port: 49153 at time = 11.233
--
12.055 RSS 6.53497e-13
12.0573 RSS 4.41361e-13
--
Received one packet! Socket: 10.1.1.1 port: 49153 at time = 12.0573
--
13.7754 RSS 6.53497e-13
13.7777 RSS 4.41361e-13
--
Received one packet! Socket: 10.1.1.1 port: 49153 at time = 13.7777
--
14.0482 RSS 6.53497e-13
14.0506 RSS 4.41361e-13
--
Received one packet! Socket: 10.1.1.1 port: 49153 at time = 14.0506
--
15.9039 RSS 6.53497e-13
15.9062 RSS 4.41361e-13
--
Received one packet! Socket: 10.1.1.1 port: 49153 at time = 15.9062
--
16.5 RSS 6.53497e-13
16.5023 RSS 4.41361e-13
--
Received one packet! Socket: 10.1.1.1 port: 49153 at time = 16.5023
--
17.6057 RSS 6.53497e-13
17.608 RSS 4.41361e-13
--
Received one packet! Socket: 10.1.1.1 port: 49153 at time = 17.608
--
18.541 RSS 6.53497e-13
18.5433 RSS 4.41361e-13
--
Received one packet! Socket: 10.1.1.1 port: 49153 at time = 18.5433
--
19.368 RSS 6.53497e-13
19.3703 RSS 4.41361e-13
20.6855 RSS 6.53497e-13
20.6878 RSS 4.41361e-13
--
Received one packet! Socket: 10.1.1.1 port: 49153 at time = 20.6878
--
21.7062 RSS 6.53497e-13
21.7085 RSS 4.41361e-13
--
Received one packet! Socket: 10.1.1.1 port: 49153 at time = 21.7085
--
22.6599 RSS 6.53497e-13
22.6622 RSS 4.41361e-13
--
Received one packet! Socket: 10.1.1.1 port: 49153 at time = 22.6622
--
23.1538 RSS 6.53497e-13
23.1561 RSS 4.41361e-13
--
Received one packet! Socket: 10.1.1.1 port: 49153 at time = 23.1561
--
24.4258 RSS 6.53497e-13
24.4281 RSS 4.41361e-13
--
Received one packet! Socket: 10.1.1.1 port: 49153 at time = 24.4281
--
25.2737 RSS 6.53497e-13
25.276 RSS 4.41361e-13
--
Received one packet! Socket: 10.1.1.1 port: 49153 at time = 25.276
--
26.3114 RSS 6.53497e-13
26.3137 RSS 4.41361e-13
--
Received one packet! Socket: 10.1.1.1 port: 49153 at time = 26.3137
--
27.588 RSS 6.53497e-13
27.5903 RSS 4.41361e-13
--
Received one packet! Socket: 10.1.1.1 port: 49153 at time = 27.5903
--
28.1955 RSS 6.53497e-13
28.1978 RSS 4.41361e-13
--
Received one packet! Socket: 10.1.1.1 port: 49153 at time = 28.1978
--
29.231 RSS 6.53497e-13
29.2333 RSS 4.41361e-13
--
Received one packet! Socket: 10.1.1.1 port: 49153 at time = 29.2333
--
30.9481 RSS 6.53497e-13
30.9504 RSS 4.41361e-13
--
Received one packet! Socket: 10.1.1.1 port: 49153 at time = 30.9504
--
31.3943 RSS 6.53497e-13
31.3966 RSS 4.41361e-13
--
Received one packet! Socket: 10.1.1.1 port: 49153 at time = 31.3966
--
32.528 RSS 6.53497e-13
32.5303 RSS 4.41361e-13
--
Received one packet! Socket: 10.1.1.1 port: 49153 at time = 32.5303
--
33.1415 RSS 6.53497e-13
33.1438 RSS 4.41361e-13
--
Received one packet! Socket: 10.1.1.1 port: 49153 at time = 33.1438
--
34.2497 RSS 6.53497e-13
34.252 RSS 4.41361e-13
--
Received one packet! Socket: 10.1.1.1 port: 49153 at time = 34.252
--
35.693 RSS 6.53497e-13
35.6953 RSS 4.41361e-13
--
Received one packet! Socket: 10.1.1.1 port: 49153 at time = 35.6953
--
36.6227 RSS 6.53497e-13
36.625 RSS 4.41361e-13
--
Received one packet! Socket: 10.1.1.1 port: 49153 at time = 36.625
--
37.5111 RSS 6.53497e-13
37.5134 RSS 4.41361e-13
--
Received one packet! Socket: 10.1.1.1 port: 49153 at time = 37.5134
--
38.4329 RSS 6.53497e-13
38.4352 RSS 4.41361e-13
--
Received one packet! Socket: 10.1.1.1 port: 49153 at time = 38.4352
--
39.6077 RSS 6.53497e-13
39.61 RSS 4.41361e-13
--
Received one packet! Socket: 10.1.1.1 port: 49153 at time = 39.61
--
40.1613 RSS 6.53497e-13
40.1636 RSS 4.41361e-13
--
Received one packet! Socket: 10.1.1.1 port: 49153 at time = 40.1636
--
41.0946 RSS 6.53497e-13
41.0969 RSS 4.41361e-13
--
Received one packet! Socket: 10.1.1.1 port: 49153 at time = 41.0969
--
42.206 RSS 6.53497e-13
42.2083 RSS 4.41361e-13
--
Received one packet! Socket: 10.1.1.1 port: 49153 at time = 42.2083
--
43.1379 RSS 6.53497e-13
43.1402 RSS 4.41361e-13
--
Received one packet! Socket: 10.1.1.1 port: 49153 at time = 43.1402
--
44.4052 RSS 6.53497e-13
44.4075 RSS 4.41361e-13
--
Received one packet! Socket: 10.1.1.1 port: 49153 at time = 44.4075
--
45.0001 RSS 6.53497e-13
45.0024 RSS 4.41361e-13
--
Received one packet! Socket: 10.1.1.1 port: 49153 at time = 45.0024
--
46.7751 RSS 6.53497e-13
46.7774 RSS 4.41361e-13
--
Received one packet! Socket: 10.1.1.1 port: 49153 at time = 46.7774
--
47.9361 RSS 6.53497e-13
47.9384 RSS 4.41361e-13
--
Received one packet! Socket: 10.1.1.1 port: 49153 at time = 47.9384
--
48.3822 RSS 6.53497e-13
48.3845 RSS 4.41361e-13
--
Received one packet! Socket: 10.1.1.1 port: 49153 at time = 48.3845
--
49.4053 RSS 6.53497e-13
49.4076 RSS 4.41361e-13
--
Received one packet! Socket: 10.1.1.1 port: 49153 at time = 49.4076
--
50.1288 RSS 6.53497e-13
50.1311 RSS 4.41361e-13
--
Received one packet! Socket: 10.1.1.1 port: 49153 at time = 50.1311
--
51.99 RSS 6.53497e-13
51.9923 RSS 4.41361e-13
--
Received one packet! Socket: 10.1.1.1 port: 49153 at time = 51.9923
--
52.057 RSS 6.53497e-13
52.0593 RSS 4.41361e-13
--
Received one packet! Socket: 10.1.1.1 port: 49153 at time = 52.0593
--
53.2946 RSS 6.53497e-13
53.297 RSS 4.41361e-13
--
Received one packet! Socket: 10.1.1.1 port: 49153 at time = 53.297
--
54.9758 RSS 6.53497e-13
54.9781 RSS 4.41361e-13
--
Received one packet! Socket: 10.1.1.1 port: 49153 at time = 54.9781
--
55.8082 RSS 6.53497e-13
55.8105 RSS 4.41361e-13
--
Received one packet! Socket: 10.1.1.1 port: 49153 at time = 55.8105
--
56.2201 RSS 6.53497e-13
56.2224 RSS 4.41361e-13
--
Received one packet! Socket: 10.1.1.1 port: 49153 at time = 56.2224
--
57.2837 RSS 6.53497e-13
57.286 RSS 4.41361e-13
--
Received one packet! Socket: 10.1.1.1 port: 49153 at time = 57.286
--
58.7161 RSS 6.53497e-13
58.7184 RSS 4.41361e-13
--
Received one packet! Socket: 10.1.1.1 port: 49153 at time = 58.7184
--
59.7425 RSS 6.53497e-13
59.7448 RSS 4.41361e-13
--
Received one packet! Socket: 10.1.1.1 port: 49153 at time = 59.7448
--
Actual PDR = 0.983333
Actual RSS = 6.53497e-13
Actual Average Packet RSS = 6.53497e-13
