0 RSS 4.41361e-13
0.428048 RSS 3.13987e-12
0.430352 RSS 4.41361e-13
0.430352 PRSS 3.13987e-12
--
Received one packet! Socket: 10.1.1.1 port: 49153 at time = 0.430352
--
1.23035 RSS 4.41361e-13
1.32624 RSS 3.13987e-12
1.32854 RSS 4.41361e-13
--
Received one packet! Socket: 10.1.1.1 port: 49153 at time = 1.32854
--
1.56981 RSS 3.13987e-12
1.57212 RSS 4.41361e-13
--
Received one packet! Socket: 10.1.1.1 port: 49153 at time = 1.57212
--
2.055 RSS 3.13987e-12
2.0573 RSS 4.41361e-13
--
Received one packet! Socket: 10.1.1.1 port: 49153 at time = 2.0573
--
2.1573 RSS 4.41361e-13
2.32557 RSS 3.13987e-12
2.32787 RSS 4.41361e-13
--
Received one packet! Socket: 10.1.1.1 port: 49153 at time = 2.32787
--
2.99998 RSS 3.13987e-12
3.00229 RSS 4.41361e-13
--
Received one packet! Socket: 10.1.1.1 port: 49153 at time = 3.00229
--
3.20229 RSS 4.41361e-13
3.68549 RSS 3.13987e-12
3.6878 RSS 4.41361e-13
--
Received one packet! Socket: 10.1.1.1 port: 49153 at time = 3.6878
--
3.9878 RSS 4.41361e-13
4.15991 RSS 3.13987e-12
4.16221 RSS 4.41361e-13
--
Received one packet! Socket: 10.1.1.1 port: 49153 at time = 4.16221
--
4.1955 RSS 3.13987e-12
4.19781 RSS 4.41361e-13
--
Received one packet! Socket: 10.1.1.1 port: 49153 at time = 4.19781
--
4.49781 RSS 4.41361e-13
5.02797 RSS 3.13987e-12
5.03028 RSS 4.41361e-13
--
Received one packet! Socket: 10.1.1.1 port: 49153 at time = 5.03028
--
5.43028 RSS 4.41361e-13
5.62272 RSS 3.13987e-12
5.62503 RSS 4.41361e-13
--
Received one packet! Socket: 10.1.1.1 port: 49153 at time = 5.62503
--
5.93287 RSS 3.13987e-12
5.93517 RSS 4.41361e-13
--
Received one packet! Socket: 10.1.1.1 port: 49153 at time = 5.93517
--
6.09459 RSS 3.13987e-12
6.0969 RSS 4.41361e-13
--
Received one packet! Socket: 10.1.1.1 port: 49153 at time = 6.0969
--
6.2969 RSS 4.41361e-13
6.90516 RSS 3.13987e-12
6.90747 RSS 4.41361e-13
--
Received one packet! Socket: 10.1.1.1 port: 49153 at time = 6.90747
--
7.12876 RSS 3.13987e-12
7.13106 RSS 4.41361e-13
--
Received one packet! Socket: 10.1.1.1 port: 49153 at time = 7.13106
--
7.43106 RSS 4.41361e-13
7.55702 RSS 3.13987e-12
7.55932 RSS 4.41361e-13
--
Received one packet! Socket: 10.1.1.1 port: 49153 at time = 7.55932
--
8.35932 RSS 4.41361e-13
8.71614 RSS 3.13987e-12
8.71844 RSS 4.41361e-13
--
Received one packet! Socket: 10.1.1.1 port: 49153 at time = 8.71844
--
8.76854 RSS 3.13987e-12
8.77085 RSS 4.41361e-13
--
Received one packet! Socket: 10.1.1.1 port: 49153 at time = 8.77085
--
9.57085 RSS 4.41361e-13
9.8017 RSS 3.13987e-12
9.804 RSS 4.41361e-13
--
Received one packet! Socket: 10.1.1.1 port: 49153 at time = 9.804
--
9.86451 RSS 3.13987e-12
9.86682 RSS 4.41361e-13
--
Received one packet! Socket: 10.1.1.1 port: 49153 at time = 9.86682
--
10.0668 RSS 4.41361e-13
10.4438 RSS 3.13987e-12
10.4461 RSS 4.41361e-13
--
Received one packet! Socket: 10.1.1.1 port: 49153 at time = 10.4461
--
10.7461 RSS 4.41361e-13
11.2735 RSS 3.13987e-12
11.2758 RSS 4.41361e-13
--
Received one packet! Socket: 10.1.1.1 port: 49153 at time = 11.2758
--
11.3475 RSS 3.13987e-12
11.3498 RSS 4.41361e-13
--
Received one packet! Socket: 10.1.1.1 port: 49153 at time = 11.3498
--
11.6498 RSS 4.41361e-13
11.7461 RSS 3.13987e-12
11.7484 RSS 4.41361e-13
--
Received one packet! Socket: 10.1.1.1 port: 49153 at time = 11.7484
--
12.2905 RSS 3.13987e-12
12.2928 RSS 4.41361e-13
--
Received one packet! Socket: 10.1.1.1 port: 49153 at time = 12.2928
--
12.3928 RSS 4.41361e-13
13.3232 RSS 3.13987e-12
13.3255 RSS 4.41361e-13
--
Received one packet! Socket: 10.1.1.1 port: 49153 at time = 13.3255
--
13.5461 RSS 3.13987e-12
13.5484 RSS 4.41361e-13
--
Received one packet! Socket: 10.1.1.1 port: 49153 at time = 13.5484
--
13.7484 RSS 4.41361e-13
14.1662 RSS 3.13987e-12
14.1685 RSS 4.41361e-13
--
Received one packet! Socket: 10.1.1.1 port: 49153 at time = 14.1685
--
14.2685 RSS 4.41361e-13
14.6581 RSS 3.13987e-12
14.6604 RSS 4.41361e-13
--
Received one packet! Socket: 10.1.1.1 port: 49153 at time = 14.6604
--
14.8685 RSS 3.13987e-12
14.8708 RSS 4.41361e-13
--
Received one packet! Socket: 10.1.1.1 port: 49153 at time = 14.8708
--
15.3708 RSS 4.41361e-13
15.7351 RSS 3.13987e-12
15.7374 RSS 4.41361e-13
--
Received one packet! Socket: 10.1.1.1 port: 49153 at time = 15.7374
--
15.8547 RSS 3.13987e-12
15.857 RSS 4.41361e-13
--
Received one packet! Socket: 10.1.1.1 port: 49153 at time = 15.857
--
16.457 RSS 4.41361e-13
16.4633 RSS 3.13987e-12
16.4656 RSS 4.41361e-13
--
Received one packet! Socket: 10.1.1.1 port: 49153 at time = 16.4656
--
16.9656 RSS 4.41361e-13
17.1087 RSS 3.13987e-12
17.111 RSS 4.41361e-13
--
Received one packet! Socket: 10.1.1.1 port: 49153 at time = 17.111
--
17.293 RSS 3.13987e-12
17.2953 RSS 4.41361e-13
--
Received one packet! Socket: 10.1.1.1 port: 49153 at time = 17.2953
--
17.8953 RSS 4.41361e-13
18.0267 RSS 3.13987e-12
18.029 RSS 4.41361e-13
--
Received one packet! Socket: 10.1.1.1 port: 49153 at time = 18.029
--
18.429 RSS 4.41361e-13
18.5734 RSS 3.13987e-12
18.5757 RSS 4.41361e-13
--
Received one packet! Socket: 10.1.1.1 port: 49153 at time = 18.5757
--
19.1757 RSS 4.41361e-13
19.1899 RSS 3.13987e-12
19.1922 RSS 4.41361e-13
--
Received one packet! Socket: 10.1.1.1 port: 49153 at time = 19.1922
--
19.5287 RSS 3.13987e-12
19.531 RSS 4.41361e-13
--
Received one packet! Socket: 10.1.1.1 port: 49153 at time = 19.531
--
19.931 RSS 4.41361e-13
20.228 RSS 3.13987e-12
20.2303 RSS 4.41361e-13
--
Received one packet! Socket: 10.1.1.1 port: 49153 at time = 20.2303
--
20.8303 RSS 4.41361e-13
20.8639 RSS 3.13987e-12
20.8662 RSS 4.41361e-13
--
Received one packet! Socket: 10.1.1.1 port: 49153 at time = 20.8662
--
20.9662 RSS 4.41361e-13
21.2916 RSS 3.13987e-12
21.294 RSS 4.41361e-13
--
Received one packet! Socket: 10.1.1.1 port: 49153 at time = 21.294
--
21.6469 RSS 3.13987e-12
21.6492 RSS 4.41361e-13
--
Received one packet! Socket: 10.1.1.1 port: 49153 at time = 21.6492
--
21.9492 RSS 4.41361e-13
22.0375 RSS 3.13987e-12
22.0398 RSS 4.41361e-13
--
Received one packet! Socket: 10.1.1.1 port: 49153 at time = 22.0398
--
22.5398 RSS 4.41361e-13
22.6134 RSS 3.13987e-12
22.6157 RSS 4.41361e-13
--
Received one packet! Socket: 10.1.1.1 port: 49153 at time = 22.6157
--
22.7343 RSS 3.13987e-12
22.7366 RSS 4.41361e-13
--
Received one packet! Socket: 10.1.1.1 port: 49153 at time = 22.7366
--
23.1366 RSS 4.41361e-13
23.5095 RSS 3.13987e-12
23.5118 RSS 4.41361e-13
--
Received one packet! Socket: 10.1.1.1 port: 49153 at time = 23.5118
--
23.6118 RSS 4.41361e-13
23.6879 RSS 3.13987e-12
23.6902 RSS 4.41361e-13
--
Received one packet! Socket: 10.1.1.1 port: 49153 at time = 23.6902
--
24.3503 RSS 3.13987e-12
24.3526 RSS 4.41361e-13
--
Received one packet! Socket: 10.1.1.1 port: 49153 at time = 24.3526
--
24.7526 RSS 4.4135e-13
25.028 RSS 3.13987e-12
25.0303 RSS 4.41361e-13
--
Received one packet! Socket: 10.1.1.1 port: 49153 at time = 25.0303
--
25.4303 RSS 4.41361e-13
25.5675 RSS 3.13987e-12
25.5698 RSS 4.41361e-13
--
Received one packet! Socket: 10.1.1.1 port: 49153 at time = 25.5698
--
26.0698 RSS 4.41361e-13
26.1311 RSS 3.13987e-12
26.1334 RSS 4.41361e-13
--
Received one packet! Socket: 10.1.1.1 port: 49153 at time = 26.1334
--
26.3334 RSS 4.41361e-13
26.3499 RSS 3.13987e-12
26.3522 RSS 4.41361e-13
--
Received one packet! Socket: 10.1.1.1 port: 49153 at time = 26.3522
--
26.7522 RSS 4.41361e-13
26.8446 RSS 3.13987e-12
26.8469 RSS 4.41361e-13
--
Received one packet! Socket: 10.1.1.1 port: 49153 at time = 26.8469
--
26.9469 RSS 4.41372e-13
27.0469 RSS 4.41361e-13
27.6001 RSS 3.13987e-12
27.6024 RSS 4.41361e-13
--
Received one packet! Socket: 10.1.1.1 port: 49153 at time = 27.6024
--
27.9024 RSS 4.41361e-13
27.9879 RSS 3.13987e-12
27.9902 RSS 4.41361e-13
--
Received one packet! Socket: 10.1.1.1 port: 49153 at time = 27.9902
--
28.1902 RSS 4.41361e-13
28.6616 RSS 3.13987e-12
28.6639 RSS 4.41361e-13
--
Received one packet! Socket: 10.1.1.1 port: 49153 at time = 28.6639
--
28.7407 RSS 3.13987e-12
28.743 RSS 4.41361e-13
--
Received one packet! Socket: 10.1.1.1 port: 49153 at time = 28.743
--
29.6284 RSS 3.13987e-12
29.6307 RSS 4.41361e-13
--
Received one packet! Socket: 10.1.1.1 port: 49153 at time = 29.6307
--
29.7307 RSS 4.41361e-13
30.3725 RSS 3.13987e-12
30.3748 RSS 4.41361e-13
--
Received one packet! Socket: 10.1.1.1 port: 49153 at time = 30.3748
--
30.4621 RSS 3.13987e-12
30.4644 RSS 4.41361e-13
--
Received one packet! Socket: 10.1.1.1 port: 49153 at time = 30.4644
--
30.6599 RSS 3.13987e-12
30.6623 RSS 4.41361e-13
--
Received one packet! Socket: 10.1.1.1 port: 49153 at time = 30.6623
--
30.8623 RSS 4.41361e-13
31.1398 RSS 3.13987e-12
31.1421 RSS 4.41361e-13
--
Received one packet! Socket: 10.1.1.1 port: 49153 at time = 31.1421
--
31.4421 RSS 4.41361e-13
31.5645 RSS 3.13987e-12
31.5668 RSS 4.41361e-13
--
Received one packet! Socket: 10.1.1.1 port: 49153 at time = 31.5668
--
31.8668 RSS 4.41361e-13
32.3469 RSS 3.13987e-12
32.3492 RSS 4.41361e-13
--
Received one packet! Socket: 10.1.1.1 port: 49153 at time = 32.3492
--
32.5492 RSS 4.41361e-13
32.6179 RSS 3.13987e-12
32.6202 RSS 4.41361e-13
--
Received one packet! Socket: 10.1.1.1 port: 49153 at time = 32.6202
--
33.3987 RSS 3.13987e-12
33.401 RSS 4.41361e-13
--
Received one packet! Socket: 10.1.1.1 port: 49153 at time = 33.401
--
33.901 RSS 4.41361e-13
34.104 RSS 3.13987e-12
34.1063 RSS 4.41361e-13
--
Received one packet! Socket: 10.1.1.1 port: 49153 at time = 34.1063
--
34.2017 RSS 3.13987e-12
34.204 RSS 4.41361e-13
--
Received one packet! Socket: 10.1.1.1 port: 49153 at time = 34.204
--
34.504 RSS 4.41361e-13
34.5416 RSS 3.13987e-12
34.5439 RSS 4.41361e-13
--
Received one packet! Socket: 10.1.1.1 port: 49153 at time = 34.5439
--
35.6439 RSS 4.41361e-13
35.8292 RSS 3.13987e-12
35.8315 RSS 4.41361e-13
--
Received one packet! Socket: 10.1.1.1 port: 49153 at time = 35.8315
--
35.9315 RSS 4.41361e-13
35.9695 RSS 3.13987e-12
35.9718 RSS 4.41361e-13
--
Received one packet! Socket: 10.1.1.1 port: 49153 at time = 35.9718
--
36.0718 RSS 4.41361e-13
36.9435 RSS 3.13987e-12
36.9458 RSS 4.41361e-13
--
Received one packet! Socket: 10.1.1.1 port: 49153 at time = 36.9458
--
37.0458 RSS 4.41361e-13
37.362 RSS 3.13987e-12
37.3643 RSS 4.41361e-13
--
Received one packet! Socket: 10.1.1.1 port: 49153 at time = 37.3643
--
37.6643 RSS 3.13987e-12
37.6666 RSS 4.41361e-13
--
Received one packet! Socket: 10.1.1.1 port: 49153 at time = 37.6666
--
37.7666 RSS 4.41361e-13
38.0605 RSS 3.13987e-12
38.0628 RSS 4.41361e-13
--
Received one packet! Socket: 10.1.1.1 port: 49153 at time = 38.0628
--
38.668 RSS 3.13987e-12
38.6703 RSS 4.41361e-13
--
Received one packet! Socket: 10.1.1.1 port: 49153 at time = 38.6703
--
38.8664 RSS 3.13987e-12
38.8687 RSS 4.41361e-13
--
Received one packet! Socket: 10.1.1.1 port: 49153 at time = 38.8687
--
39.2789 RSS 3.13987e-12
39.2812 RSS 4.41361e-13
--
Received one packet! Socket: 10.1.1.1 port: 49153 at time = 39.2812
--
39.4812 RSS 4.41361e-13
39.6519 RSS 3.13987e-12
39.6542 RSS 4.41361e-13
--
Received one packet! Socket: 10.1.1.1 port: 49153 at time = 39.6542
--
40.1542 RSS 4.41361e-13
40.7354 RSS 3.13987e-12
40.7377 RSS 4.41361e-13
--
Received one packet! Socket: 10.1.1.1 port: 49153 at time = 40.7377
--
40.9377 RSS 4.41361e-13
41.357 RSS 3.13987e-12
41.3593 RSS 4.41361e-13
--
Received one packet! Socket: 10.1.1.1 port: 49153 at time = 41.3593
--
41.5593 RSS 4.41361e-13
41.9309 RSS 3.13987e-12
41.9332 RSS 4.41361e-13
--
Received one packet! Socket: 10.1.1.1 port: 49153 at time = 41.9332
--
42.2748 RSS 3.13987e-12
42.2771 RSS 4.41361e-13
--
Received one packet! Socket: 10.1.1.1 port: 49153 at time = 42.2771
--
42.3771 RSS 4.41361e-13
42.4023 RSS 3.13987e-12
42.4046 RSS 4.41361e-13
--
Received one packet! Socket: 10.1.1.1 port: 49153 at time = 42.4046
--
42.5076 RSS 3.13987e-12
42.5099 RSS 4.41361e-13
--
Received one packet! Socket: 10.1.1.1 port: 49153 at time = 42.5099
--
43.4566 RSS 3.13987e-12
43.4589 RSS 4.41361e-13
--
Received one packet! Socket: 10.1.1.1 port: 49153 at time = 43.4589
--
43.5589 RSS 4.41361e-13
43.8123 RSS 3.13987e-12
43.8147 RSS 4.41361e-13
--
Received one packet! Socket: 10.1.1.1 port: 49153 at time = 43.8147
--
43.9147 RSS 4.41361e-13
44.6522 RSS 3.13987e-12
44.6545 RSS 4.41361e-13
--
Received one packet! Socket: 10.1.1.1 port: 49153 at time = 44.6545
--
44.7545 RSS 4.41361e-13
45.1143 RSS 3.13987e-12
45.1166 RSS 4.41361e-13
--
Received one packet! Socket: 10.1.1.1 port: 49153 at time = 45.1166
--
45.487 RSS 3.13987e-12
45.4893 RSS 4.41361e-13
--
Received one packet! Socket: 10.1.1.1 port: 49153 at time = 45.4893
--
45.6057 RSS 3.13987e-12
45.608 RSS 4.41361e-13
--
Received one packet! Socket: 10.1.1.1 port: 49153 at time = 45.608
--
45.708 RSS 4.41361e-13
46.4061 RSS 3.13987e-12
46.4084 RSS 4.41361e-13
--
Received one packet! Socket: 10.1.1.1 port: 49153 at time = 46.4084
--
47.2509 RSS 3.13987e-12
47.2533 RSS 4.41361e-13
--
Received one packet! Socket: 10.1.1.1 port: 49153 at time = 47.2533
--
47.3533 RSS 4.41372e-13
47.4533 RSS 4.41361e-13
47.9108 RSS 3.13987e-12
47.9131 RSS 4.41361e-13
--
Received one packet! Socket: 10.1.1.1 port: 49153 at time = 47.9131
--
48.0227 RSS 3.13987e-12
48.025 RSS 4.41361e-13
--
Received one packet! Socket: 10.1.1.1 port: 49153 at time = 48.025
--
48.225 RSS 4.41361e-13
48.8972 RSS 3.13987e-12
48.8995 RSS 4.41361e-13
--
Received one packet! Socket: 10.1.1.1 port: 49153 at time = 48.8995
--
48.9995 RSS 4.41361e-13
49.3599 RSS 3.13987e-12
49.3622 RSS 4.41361e-13
--
Received one packet! Socket: 10.1.1.1 port: 49153 at time = 49.3622
--
49.5622 RSS 4.41361e-13
49.636 RSS 3.13987e-12
49.6383 RSS 4.41361e-13
--
Received one packet! Socket: 10.1.1.1 port: 49153 at time = 49.6383
--
49.7234 RSS 3.13987e-12
49.7257 RSS 4.41361e-13
--
Received one packet! Socket: 10.1.1.1 port: 49153 at time = 49.7257
--
50.011 RSS 3.13987e-12
50.0133 RSS 4.41361e-13
--
Received one packet! Socket: 10.1.1.1 port: 49153 at time = 50.0133
--
50.6133 RSS 4.41361e-13
51.0205 RSS 3.13987e-12
51.0228 RSS 4.41361e-13
--
Received one packet! Socket: 10.1.1.1 port: 49153 at time = 51.0228
--
51.5228 RSS 4.41361e-13
51.9078 RSS 3.13987e-12
51.9102 RSS 4.41361e-13
--
Received one packet! Socket: 10.1.1.1 port: 49153 at time = 51.9102
--
52.0522 RSS 3.13987e-12
52.0545 RSS 4.41361e-13
--
Received one packet! Socket: 10.1.1.1 port: 49153 at time = 52.0545
--
52.1461 RSS 3.13987e-12
52.1484 RSS 4.41361e-13
--
Received one packet! Socket: 10.1.1.1 port: 49153 at time = 52.1484
--
52.5484 RSS 4.41361e-13
53.4013 RSS 3.13987e-12
53.4036 RSS 4.41361e-13
--
Received one packet! Socket: 10.1.1.1 port: 49153 at time = 53.4036
--
53.7459 RSS 3.13987e-12
53.7482 RSS 4.41361e-13
--
Received one packet! Socket: 10.1.1.1 port: 49153 at time = 53.7482
--
54.2941 RSS 3.13987e-12
54.2964 RSS 4.41361e-13
--
Received one packet! Socket: 10.1.1.1 port: 49153 at time = 54.2964
--
54.4964 RSS 4.41361e-13
54.7722 RSS 3.13987e-12
54.7745 RSS 4.41361e-13
--
Received one packet! Socket: 10.1.1.1 port: 49153 at time = 54.7745
--
54.8745 RSS 4.41361e-13
54.8991 RSS 3.13987e-12
54.9014 RSS 4.41361e-13
--
Received one packet! Socket: 10.1.1.1 port: 49153 at time = 54.9014
--
55.1014 RSS 4.41361e-13
55.514 RSS 3.13987e-12
55.5163 RSS 4.41361e-13
--
Received one packet! Socket: 10.1.1.1 port: 49153 at time = 55.5163
--
56.0135 RSS 3.13987e-12
56.0158 RSS 4.41361e-13
--
Received one packet! Socket: 10.1.1.1 port: 49153 at time = 56.0158
--
56.0954 RSS 3.13987e-12
56.0977 RSS 4.41361e-13
--
Received one packet! Socket: 10.1.1.1 port: 49153 at time = 56.0977
--
56.3977 RSS 4.41361e-13
56.6745 RSS 3.13987e-12
56.6768 RSS 4.41361e-13
--
Received one packet! Socket: 10.1.1.1 port: 49153 at time = 56.6768
--
57.0768 RSS 4.41361e-13
57.553 RSS 3.13987e-12
57.5553 RSS 4.41361e-13
--
Received one packet! Socket: 10.1.1.1 port: 49153 at time = 57.5553
--
57.5729 RSS 3.13987e-12
57.5752 RSS 4.41361e-13
--
Received one packet! Socket: 10.1.1.1 port: 49153 at time = 57.5752
--
57.8752 RSS 4.41361e-13
58.7511 RSS 3.13987e-12
58.7534 RSS 4.41361e-13
--
Received one packet! Socket: 10.1.1.1 port: 49153 at time = 58.7534
--
59.0534 RSS 4.41361e-13
59.1798 RSS 3.13987e-12
59.1821 RSS 4.41361e-13
--
Received one packet! Socket: 10.1.1.1 port: 49153 at time = 59.1821
--
59.3369 RSS 3.13987e-12
59.3392 RSS 4.41361e-13
--
Received one packet! Socket: 10.1.1.1 port: 49153 at time = 59.3392
--
59.4392 RSS 4.41372e-13
59.5392 RSS 4.41361e-13
Actual PDR = 1
Actual RSS = 3.13987e-12
Actual Average Packet RSS = 3.13987e-12
