0 RSS 4.41361e-13
0.428048 RSS 5.64313e-13
0.430352 RSS 4.41361e-13
0.430352 PRSS 5.64313e-13
--
Received one packet! Socket: 10.1.1.1 port: 49153 at time = 0.430352
--
0.629477 RSS 5.64313e-13
0.631781 RSS 4.41361e-13
1.57957 RSS 5.64313e-13
1.58188 RSS 4.41361e-13
1.82624 RSS 5.64313e-13
1.82854 RSS 4.41361e-13
2.56981 RSS 5.64313e-13
2.57212 RSS 4.41361e-13
3.39381 RSS 5.64313e-13
3.39611 RSS 4.41361e-13
3.82557 RSS 5.64313e-13
3.82787 RSS 4.41361e-13
4.41963 RSS 5.64313e-13
4.42194 RSS 4.41361e-13
4.56237 RSS 5.64313e-13
4.56468 RSS 4.41361e-13
4.73072 RSS 5.64313e-13
4.73303 RSS 4.41361e-13
5.055 RSS 5.64313e-13
5.0573 RSS 4.41361e-13
--
Received one packet! Socket: 10.1.1.1 port: 49153 at time = 5.0573
--
6.04825 RSS 5.64313e-13
6.05055 RSS 4.41361e-13
6.27543 RSS 5.64313e-13
6.27774 RSS 4.41361e-13
7.4039 RSS 5.64313e-13
7.4062 RSS 4.41361e-13
7.49998 RSS 5.64313e-13
7.50229 RSS 4.41361e-13
8.10567 RSS 5.64313e-13
8.10798 RSS 4.41361e-13
8.54099 RSS 5.64313e-13
8.54329 RSS 4.41361e-13
8.868 RSS 5.64313e-13
8.87031 RSS 4.41361e-13
9.68549 RSS 5.64313e-13
9.6878 RSS 4.41361e-13
10.346 RSS 5.64313e-13
10.3483 RSS 4.41361e-13
10.6157 RSS 5.64313e-13
10.618 RSS 4.41361e-13
10.7062 RSS 5.64313e-13
10.7085 RSS 4.41361e-13
11.6538 RSS 5.64313e-13
11.6561 RSS 4.41361e-13
11.6599 RSS 5.64313e-13
11.6622 RSS 4.41361e-13
12.4258 RSS 5.64313e-13
12.4281 RSS 4.41361e-13
12.7737 RSS 5.64313e-13
12.776 RSS 4.41361e-13
13.3114 RSS 5.64313e-13
13.3137 RSS 4.41361e-13
14.088 RSS 5.64313e-13
14.0903 RSS 4.41361e-13
--
Received one packet! Socket: 10.1.1.1 port: 49153 at time = 14.0903
--
14.1955 RSS 5.64313e-13
14.1978 RSS 4.41361e-13
14.731 RSS 5.64313e-13
14.7333 RSS 4.41361e-13
--
Received one packet! Socket: 10.1.1.1 port: 49153 at time = 14.7333
--
15.8943 RSS 5.64313e-13
15.8966 RSS 4.41361e-13
15.9481 RSS 5.64313e-13
15.9504 RSS 4.41361e-13
16.528 RSS 5.64313e-13
16.5303 RSS 4.41361e-13
16.6415 RSS 5.64313e-13
16.6438 RSS 4.41361e-13
17.2497 RSS 5.64313e-13
17.252 RSS 4.41361e-13
18.193 RSS 5.64313e-13
18.1953 RSS 4.41361e-13
18.6227 RSS 5.64313e-13
18.625 RSS 4.41361e-13
19.0111 RSS 5.64313e-13
19.0134 RSS 4.41361e-13
19.4329 RSS 5.64313e-13
19.4352 RSS 4.41361e-13
20.1077 RSS 5.64313e-13
20.11 RSS 4.41361e-13
--
Received one packet! Socket: 10.1.1.1 port: 49153 at time = 20.11
--
20.1613 RSS 5.64313e-13
20.1636 RSS 4.41361e-13
20.5946 RSS 5.64313e-13
20.5969 RSS 4.41361e-13
21.206 RSS 5.64313e-13
21.2083 RSS 4.41361e-13
21.9052 RSS 5.64313e-13
21.9075 RSS 4.41361e-13
--
Received one packet! Socket: 10.1.1.1 port: 49153 at time = 21.9075
--
22.7751 RSS 5.64313e-13
22.7774 RSS 4.41361e-13
23.3822 RSS 5.64313e-13
23.3845 RSS 4.41361e-13
23.4361 RSS 5.64313e-13
23.4384 RSS 4.41361e-13
23.9053 RSS 5.64313e-13
23.9076 RSS 4.41361e-13
--
Received one packet! Socket: 10.1.1.1 port: 49153 at time = 23.9076
--
24.1288 RSS 5.64313e-13
24.1311 RSS 4.41361e-13
25.057 RSS 5.64313e-13
25.0593 RSS 4.41361e-13
25.49 RSS 5.64313e-13
25.4923 RSS 4.41361e-13
25.7946 RSS 5.64313e-13
25.797 RSS 4.41361e-13
26.9758 RSS 5.64313e-13
26.9781 RSS 4.41361e-13
27.2201 RSS 5.64313e-13
27.2224 RSS 4.41361e-13
27.3082 RSS 5.64313e-13
27.3105 RSS 4.41361e-13
27.7837 RSS 5.64313e-13
27.786 RSS 4.41361e-13
28.7161 RSS 5.64313e-13
28.7184 RSS 4.41361e-13
29.2425 RSS 5.64313e-13
29.2448 RSS 4.41361e-13
29.2685 RSS 5.64313e-13
29.2708 RSS 4.41361e-13
30.2125 RSS 5.64313e-13
30.2148 RSS 4.41361e-13
30.4935 RSS 5.64313e-13
30.4958 RSS 4.41361e-13
31.2965 RSS 5.64313e-13
31.2988 RSS 4.41361e-13
31.8645 RSS 5.64313e-13
31.8668 RSS 4.41361e-13
31.9052 RSS 5.64313e-13
31.9075 RSS 4.41361e-13
32.3588 RSS 5.64313e-13
32.3611 RSS 4.41361e-13
33.2964 RSS 5.64313e-13
33.2987 RSS 4.41361e-13
33.7322 RSS 5.64313e-13
33.7345 RSS 4.41361e-13
33.993 RSS 5.64313e-13
33.9953 RSS 4.41361e-13
34.3017 RSS 5.64313e-13
34.304 RSS 4.41361e-13
34.8421 RSS 5.64313e-13
34.8444 RSS 4.41361e-13
--
Received one packet! Socket: 10.1.1.1 port: 49153 at time = 34.8444
--
35.2137 RSS 5.64313e-13
35.216 RSS 4.41361e-13
36.3319 RSS 5.64313e-13
36.3342 RSS 4.41361e-13
36.4438 RSS 5.64313e-13
36.4461 RSS 4.41361e-13
36.8869 RSS 5.64313e-13
36.8892 RSS 4.41361e-13
37.565 RSS 5.64313e-13
37.5673 RSS 4.41361e-13
--
Received one packet! Socket: 10.1.1.1 port: 49153 at time = 37.5673
--
38.3153 RSS 5.64313e-13
38.3176 RSS 4.41361e-13
38.8475 RSS 5.64313e-13
38.8498 RSS 4.41361e-13
39.0498 RSS 5.64313e-13
39.0521 RSS 4.41361e-13
39.2735 RSS 5.64313e-13
39.2758 RSS 4.41361e-13
40.4679 RSS 5.64313e-13
40.4702 RSS 4.41361e-13
40.7461 RSS 5.64313e-13
40.7484 RSS 4.41361e-13
40.7631 RSS 5.64313e-13
40.7655 RSS 4.41361e-13
41.6515 RSS 5.64313e-13
41.6538 RSS 4.41361e-13
41.7905 RSS 5.64313e-13
41.7928 RSS 4.41361e-13
42.3755 RSS 5.64313e-13
42.3778 RSS 4.41361e-13
42.7715 RSS 5.64313e-13
42.7738 RSS 4.41361e-13
43.8232 RSS 5.64313e-13
43.8255 RSS 4.41361e-13
43.8531 RSS 5.64313e-13
43.8554 RSS 4.41361e-13
44.1703 RSS 5.64313e-13
44.1726 RSS 4.41361e-13
44.9046 RSS 5.64313e-13
44.9069 RSS 4.41361e-13
45.9968 RSS 5.64313e-13
45.9991 RSS 4.41361e-13
46.2392 RSS 5.64313e-13
46.2415 RSS 4.41361e-13
46.5461 RSS 5.64313e-13
46.5484 RSS 4.41361e-13
46.9122 RSS 5.64313e-13
46.9145 RSS 4.41361e-13
47.22 RSS 5.64313e-13
47.2223 RSS 4.41361e-13
48.4679 RSS 5.64313e-13
48.4702 RSS 4.41361e-13
--
Received one packet! Socket: 10.1.1.1 port: 49153 at time = 48.4702
--
48.6662 RSS 5.64313e-13
48.6685 RSS 4.41361e-13
49.0363 RSS 5.64313e-13
49.0386 RSS 4.41361e-13
49.6581 RSS 5.64313e-13
49.6604 RSS 4.41361e-13
50.4923 RSS 5.64313e-13
50.4946 RSS 4.41361e-13
50.7223 RSS 5.64313e-13
50.7247 RSS 4.41361e-13
50.7509 RSS 5.64313e-13
50.7532 RSS 4.41361e-13
51.3685 RSS 5.64313e-13
51.3708 RSS 4.41361e-13
52.2834 RSS 5.64313e-13
52.2857 RSS 4.41361e-13
52.3141 RSS 5.64313e-13
52.3164 RSS 4.41361e-13
--
Received one packet! Socket: 10.1.1.1 port: 49153 at time = 52.3164
--
53.0149 RSS 5.64313e-13
53.0172 RSS 4.41361e-13
--
Received one packet! Socket: 10.1.1.1 port: 49153 at time = 53.0172
--
53.599 RSS 5.64313e-13
53.6013 RSS 4.41361e-13
53.7351 RSS 5.64313e-13
53.7374 RSS 4.41361e-13
54.3736 RSS 5.64313e-13
54.3759 RSS 4.41361e-13
54.9647 RSS 5.64313e-13
54.967 RSS 4.41361e-13
55.496 RSS 5.64313e-13
55.4983 RSS 4.41361e-13
55.5159 RSS 5.64313e-13
55.5182 RSS 4.41361e-13
56.3547 RSS 5.64313e-13
56.357 RSS 4.41361e-13
56.8535 RSS 5.64313e-13
56.8558 RSS 4.41361e-13
57.6076 RSS 5.64313e-13
57.6099 RSS 4.41361e-13
--
Received one packet! Socket: 10.1.1.1 port: 49153 at time = 57.6099
--
58.0604 RSS 5.64313e-13
58.0627 RSS 4.41361e-13
58.4633 RSS 5.64313e-13
58.4656 RSS 4.41361e-13
--
Received one packet! Socket: 10.1.1.1 port: 49153 at time = 58.4656
--
59.3937 RSS 5.64313e-13
59.396 RSS 4.41361e-13
59.6087 RSS 5.64313e-13
59.611 RSS 4.41361e-13
59.6616 RSS 5.64313e-13
59.6639 RSS 4.41361e-13
Actual PDR = 0.12
Actual RSS = 5.64313e-13
Actual Average Packet RSS = 5.64313e-13
